[2025-04-21T16:38:21.219-0400] {processor.py:161} INFO - Started process (PID=83492) to work on /Users/gaurav/Documents/Breast-Cancer-ML-Pipeline/venv/lib/python3.9/site-packages/airflow/example_dags/plugins/event_listener.py
[2025-04-21T16:38:21.220-0400] {processor.py:830} INFO - Processing file /Users/gaurav/Documents/Breast-Cancer-ML-Pipeline/venv/lib/python3.9/site-packages/airflow/example_dags/plugins/event_listener.py for tasks to queue
[2025-04-21T16:38:21.221-0400] {logging_mixin.py:188} INFO - [2025-04-21T16:38:21.221-0400] {dagbag.py:538} INFO - Filling up the DagBag from /Users/gaurav/Documents/Breast-Cancer-ML-Pipeline/venv/lib/python3.9/site-packages/airflow/example_dags/plugins/event_listener.py
[2025-04-21T16:38:21.222-0400] {processor.py:842} WARNING - No viable dags retrieved from /Users/gaurav/Documents/Breast-Cancer-ML-Pipeline/venv/lib/python3.9/site-packages/airflow/example_dags/plugins/event_listener.py
[2025-04-21T16:38:21.281-0400] {processor.py:183} INFO - Processing /Users/gaurav/Documents/Breast-Cancer-ML-Pipeline/venv/lib/python3.9/site-packages/airflow/example_dags/plugins/event_listener.py took 0.062 seconds
[2025-04-21T16:40:18.373-0400] {processor.py:161} INFO - Started process (PID=83612) to work on /Users/gaurav/Documents/Breast-Cancer-ML-Pipeline/venv/lib/python3.9/site-packages/airflow/example_dags/plugins/event_listener.py
[2025-04-21T16:40:18.375-0400] {processor.py:830} INFO - Processing file /Users/gaurav/Documents/Breast-Cancer-ML-Pipeline/venv/lib/python3.9/site-packages/airflow/example_dags/plugins/event_listener.py for tasks to queue
[2025-04-21T16:40:18.375-0400] {logging_mixin.py:188} INFO - [2025-04-21T16:40:18.375-0400] {dagbag.py:538} INFO - Filling up the DagBag from /Users/gaurav/Documents/Breast-Cancer-ML-Pipeline/venv/lib/python3.9/site-packages/airflow/example_dags/plugins/event_listener.py
[2025-04-21T16:40:18.376-0400] {processor.py:842} WARNING - No viable dags retrieved from /Users/gaurav/Documents/Breast-Cancer-ML-Pipeline/venv/lib/python3.9/site-packages/airflow/example_dags/plugins/event_listener.py
[2025-04-21T16:40:18.437-0400] {processor.py:183} INFO - Processing /Users/gaurav/Documents/Breast-Cancer-ML-Pipeline/venv/lib/python3.9/site-packages/airflow/example_dags/plugins/event_listener.py took 0.064 seconds
[2025-04-21T16:41:36.488-0400] {processor.py:161} INFO - Started process (PID=83677) to work on /Users/gaurav/Documents/Breast-Cancer-ML-Pipeline/venv/lib/python3.9/site-packages/airflow/example_dags/plugins/event_listener.py
[2025-04-21T16:41:36.490-0400] {processor.py:830} INFO - Processing file /Users/gaurav/Documents/Breast-Cancer-ML-Pipeline/venv/lib/python3.9/site-packages/airflow/example_dags/plugins/event_listener.py for tasks to queue
[2025-04-21T16:41:36.490-0400] {logging_mixin.py:188} INFO - [2025-04-21T16:41:36.490-0400] {dagbag.py:538} INFO - Filling up the DagBag from /Users/gaurav/Documents/Breast-Cancer-ML-Pipeline/venv/lib/python3.9/site-packages/airflow/example_dags/plugins/event_listener.py
[2025-04-21T16:41:36.491-0400] {processor.py:842} WARNING - No viable dags retrieved from /Users/gaurav/Documents/Breast-Cancer-ML-Pipeline/venv/lib/python3.9/site-packages/airflow/example_dags/plugins/event_listener.py
[2025-04-21T16:41:36.550-0400] {processor.py:183} INFO - Processing /Users/gaurav/Documents/Breast-Cancer-ML-Pipeline/venv/lib/python3.9/site-packages/airflow/example_dags/plugins/event_listener.py took 0.063 seconds
[2025-04-21T16:42:57.326-0400] {processor.py:161} INFO - Started process (PID=83740) to work on /Users/gaurav/Documents/Breast-Cancer-ML-Pipeline/venv/lib/python3.9/site-packages/airflow/example_dags/plugins/event_listener.py
[2025-04-21T16:42:57.328-0400] {processor.py:830} INFO - Processing file /Users/gaurav/Documents/Breast-Cancer-ML-Pipeline/venv/lib/python3.9/site-packages/airflow/example_dags/plugins/event_listener.py for tasks to queue
[2025-04-21T16:42:57.329-0400] {logging_mixin.py:188} INFO - [2025-04-21T16:42:57.329-0400] {dagbag.py:538} INFO - Filling up the DagBag from /Users/gaurav/Documents/Breast-Cancer-ML-Pipeline/venv/lib/python3.9/site-packages/airflow/example_dags/plugins/event_listener.py
[2025-04-21T16:42:57.330-0400] {processor.py:842} WARNING - No viable dags retrieved from /Users/gaurav/Documents/Breast-Cancer-ML-Pipeline/venv/lib/python3.9/site-packages/airflow/example_dags/plugins/event_listener.py
[2025-04-21T16:42:57.386-0400] {processor.py:183} INFO - Processing /Users/gaurav/Documents/Breast-Cancer-ML-Pipeline/venv/lib/python3.9/site-packages/airflow/example_dags/plugins/event_listener.py took 0.061 seconds
[2025-04-21T16:44:22.632-0400] {processor.py:161} INFO - Started process (PID=83817) to work on /Users/gaurav/Documents/Breast-Cancer-ML-Pipeline/venv/lib/python3.9/site-packages/airflow/example_dags/plugins/event_listener.py
[2025-04-21T16:44:22.634-0400] {processor.py:830} INFO - Processing file /Users/gaurav/Documents/Breast-Cancer-ML-Pipeline/venv/lib/python3.9/site-packages/airflow/example_dags/plugins/event_listener.py for tasks to queue
[2025-04-21T16:44:22.634-0400] {logging_mixin.py:188} INFO - [2025-04-21T16:44:22.634-0400] {dagbag.py:538} INFO - Filling up the DagBag from /Users/gaurav/Documents/Breast-Cancer-ML-Pipeline/venv/lib/python3.9/site-packages/airflow/example_dags/plugins/event_listener.py
[2025-04-21T16:44:22.635-0400] {processor.py:842} WARNING - No viable dags retrieved from /Users/gaurav/Documents/Breast-Cancer-ML-Pipeline/venv/lib/python3.9/site-packages/airflow/example_dags/plugins/event_listener.py
[2025-04-21T16:44:22.691-0400] {processor.py:183} INFO - Processing /Users/gaurav/Documents/Breast-Cancer-ML-Pipeline/venv/lib/python3.9/site-packages/airflow/example_dags/plugins/event_listener.py took 0.060 seconds
[2025-04-21T16:46:31.151-0400] {processor.py:161} INFO - Started process (PID=83985) to work on /Users/gaurav/Documents/Breast-Cancer-ML-Pipeline/venv/lib/python3.9/site-packages/airflow/example_dags/plugins/event_listener.py
[2025-04-21T16:46:31.153-0400] {processor.py:830} INFO - Processing file /Users/gaurav/Documents/Breast-Cancer-ML-Pipeline/venv/lib/python3.9/site-packages/airflow/example_dags/plugins/event_listener.py for tasks to queue
[2025-04-21T16:46:31.154-0400] {logging_mixin.py:188} INFO - [2025-04-21T16:46:31.153-0400] {dagbag.py:538} INFO - Filling up the DagBag from /Users/gaurav/Documents/Breast-Cancer-ML-Pipeline/venv/lib/python3.9/site-packages/airflow/example_dags/plugins/event_listener.py
[2025-04-21T16:46:31.154-0400] {processor.py:842} WARNING - No viable dags retrieved from /Users/gaurav/Documents/Breast-Cancer-ML-Pipeline/venv/lib/python3.9/site-packages/airflow/example_dags/plugins/event_listener.py
[2025-04-21T16:46:31.212-0400] {processor.py:183} INFO - Processing /Users/gaurav/Documents/Breast-Cancer-ML-Pipeline/venv/lib/python3.9/site-packages/airflow/example_dags/plugins/event_listener.py took 0.061 seconds
[2025-04-21T16:47:34.542-0400] {processor.py:161} INFO - Started process (PID=84051) to work on /Users/gaurav/Documents/Breast-Cancer-ML-Pipeline/venv/lib/python3.9/site-packages/airflow/example_dags/plugins/event_listener.py
[2025-04-21T16:47:34.544-0400] {processor.py:830} INFO - Processing file /Users/gaurav/Documents/Breast-Cancer-ML-Pipeline/venv/lib/python3.9/site-packages/airflow/example_dags/plugins/event_listener.py for tasks to queue
[2025-04-21T16:47:34.545-0400] {logging_mixin.py:188} INFO - [2025-04-21T16:47:34.545-0400] {dagbag.py:538} INFO - Filling up the DagBag from /Users/gaurav/Documents/Breast-Cancer-ML-Pipeline/venv/lib/python3.9/site-packages/airflow/example_dags/plugins/event_listener.py
[2025-04-21T16:47:34.546-0400] {processor.py:842} WARNING - No viable dags retrieved from /Users/gaurav/Documents/Breast-Cancer-ML-Pipeline/venv/lib/python3.9/site-packages/airflow/example_dags/plugins/event_listener.py
[2025-04-21T16:47:34.602-0400] {processor.py:183} INFO - Processing /Users/gaurav/Documents/Breast-Cancer-ML-Pipeline/venv/lib/python3.9/site-packages/airflow/example_dags/plugins/event_listener.py took 0.060 seconds
[2025-04-21T16:48:46.301-0400] {processor.py:161} INFO - Started process (PID=84132) to work on /Users/gaurav/Documents/Breast-Cancer-ML-Pipeline/venv/lib/python3.9/site-packages/airflow/example_dags/plugins/event_listener.py
[2025-04-21T16:48:46.302-0400] {processor.py:830} INFO - Processing file /Users/gaurav/Documents/Breast-Cancer-ML-Pipeline/venv/lib/python3.9/site-packages/airflow/example_dags/plugins/event_listener.py for tasks to queue
[2025-04-21T16:48:46.303-0400] {logging_mixin.py:188} INFO - [2025-04-21T16:48:46.303-0400] {dagbag.py:538} INFO - Filling up the DagBag from /Users/gaurav/Documents/Breast-Cancer-ML-Pipeline/venv/lib/python3.9/site-packages/airflow/example_dags/plugins/event_listener.py
[2025-04-21T16:48:46.304-0400] {processor.py:842} WARNING - No viable dags retrieved from /Users/gaurav/Documents/Breast-Cancer-ML-Pipeline/venv/lib/python3.9/site-packages/airflow/example_dags/plugins/event_listener.py
[2025-04-21T16:48:46.359-0400] {processor.py:183} INFO - Processing /Users/gaurav/Documents/Breast-Cancer-ML-Pipeline/venv/lib/python3.9/site-packages/airflow/example_dags/plugins/event_listener.py took 0.059 seconds
[2025-04-21T16:49:57.848-0400] {processor.py:161} INFO - Started process (PID=84217) to work on /Users/gaurav/Documents/Breast-Cancer-ML-Pipeline/venv/lib/python3.9/site-packages/airflow/example_dags/plugins/event_listener.py
[2025-04-21T16:49:57.850-0400] {processor.py:830} INFO - Processing file /Users/gaurav/Documents/Breast-Cancer-ML-Pipeline/venv/lib/python3.9/site-packages/airflow/example_dags/plugins/event_listener.py for tasks to queue
[2025-04-21T16:49:57.850-0400] {logging_mixin.py:188} INFO - [2025-04-21T16:49:57.850-0400] {dagbag.py:538} INFO - Filling up the DagBag from /Users/gaurav/Documents/Breast-Cancer-ML-Pipeline/venv/lib/python3.9/site-packages/airflow/example_dags/plugins/event_listener.py
[2025-04-21T16:49:57.851-0400] {processor.py:842} WARNING - No viable dags retrieved from /Users/gaurav/Documents/Breast-Cancer-ML-Pipeline/venv/lib/python3.9/site-packages/airflow/example_dags/plugins/event_listener.py
[2025-04-21T16:49:57.909-0400] {processor.py:183} INFO - Processing /Users/gaurav/Documents/Breast-Cancer-ML-Pipeline/venv/lib/python3.9/site-packages/airflow/example_dags/plugins/event_listener.py took 0.062 seconds
[2025-04-21T16:50:36.015-0400] {processor.py:161} INFO - Started process (PID=84261) to work on /Users/gaurav/Documents/Breast-Cancer-ML-Pipeline/venv/lib/python3.9/site-packages/airflow/example_dags/plugins/event_listener.py
[2025-04-21T16:50:36.016-0400] {processor.py:830} INFO - Processing file /Users/gaurav/Documents/Breast-Cancer-ML-Pipeline/venv/lib/python3.9/site-packages/airflow/example_dags/plugins/event_listener.py for tasks to queue
[2025-04-21T16:50:36.017-0400] {logging_mixin.py:188} INFO - [2025-04-21T16:50:36.017-0400] {dagbag.py:538} INFO - Filling up the DagBag from /Users/gaurav/Documents/Breast-Cancer-ML-Pipeline/venv/lib/python3.9/site-packages/airflow/example_dags/plugins/event_listener.py
[2025-04-21T16:50:36.018-0400] {processor.py:842} WARNING - No viable dags retrieved from /Users/gaurav/Documents/Breast-Cancer-ML-Pipeline/venv/lib/python3.9/site-packages/airflow/example_dags/plugins/event_listener.py
[2025-04-21T16:50:36.075-0400] {processor.py:183} INFO - Processing /Users/gaurav/Documents/Breast-Cancer-ML-Pipeline/venv/lib/python3.9/site-packages/airflow/example_dags/plugins/event_listener.py took 0.061 seconds
[2025-04-21T16:51:15.582-0400] {processor.py:161} INFO - Started process (PID=84301) to work on /Users/gaurav/Documents/Breast-Cancer-ML-Pipeline/venv/lib/python3.9/site-packages/airflow/example_dags/plugins/event_listener.py
[2025-04-21T16:51:15.583-0400] {processor.py:830} INFO - Processing file /Users/gaurav/Documents/Breast-Cancer-ML-Pipeline/venv/lib/python3.9/site-packages/airflow/example_dags/plugins/event_listener.py for tasks to queue
[2025-04-21T16:51:15.584-0400] {logging_mixin.py:188} INFO - [2025-04-21T16:51:15.584-0400] {dagbag.py:538} INFO - Filling up the DagBag from /Users/gaurav/Documents/Breast-Cancer-ML-Pipeline/venv/lib/python3.9/site-packages/airflow/example_dags/plugins/event_listener.py
[2025-04-21T16:51:15.585-0400] {processor.py:842} WARNING - No viable dags retrieved from /Users/gaurav/Documents/Breast-Cancer-ML-Pipeline/venv/lib/python3.9/site-packages/airflow/example_dags/plugins/event_listener.py
[2025-04-21T16:51:15.660-0400] {processor.py:183} INFO - Processing /Users/gaurav/Documents/Breast-Cancer-ML-Pipeline/venv/lib/python3.9/site-packages/airflow/example_dags/plugins/event_listener.py took 0.078 seconds
[2025-04-21T16:51:56.776-0400] {processor.py:161} INFO - Started process (PID=84348) to work on /Users/gaurav/Documents/Breast-Cancer-ML-Pipeline/venv/lib/python3.9/site-packages/airflow/example_dags/plugins/event_listener.py
[2025-04-21T16:51:56.777-0400] {processor.py:830} INFO - Processing file /Users/gaurav/Documents/Breast-Cancer-ML-Pipeline/venv/lib/python3.9/site-packages/airflow/example_dags/plugins/event_listener.py for tasks to queue
[2025-04-21T16:51:56.778-0400] {logging_mixin.py:188} INFO - [2025-04-21T16:51:56.778-0400] {dagbag.py:538} INFO - Filling up the DagBag from /Users/gaurav/Documents/Breast-Cancer-ML-Pipeline/venv/lib/python3.9/site-packages/airflow/example_dags/plugins/event_listener.py
[2025-04-21T16:51:56.779-0400] {processor.py:842} WARNING - No viable dags retrieved from /Users/gaurav/Documents/Breast-Cancer-ML-Pipeline/venv/lib/python3.9/site-packages/airflow/example_dags/plugins/event_listener.py
[2025-04-21T16:51:56.835-0400] {processor.py:183} INFO - Processing /Users/gaurav/Documents/Breast-Cancer-ML-Pipeline/venv/lib/python3.9/site-packages/airflow/example_dags/plugins/event_listener.py took 0.060 seconds
[2025-04-21T16:52:38.961-0400] {processor.py:161} INFO - Started process (PID=84394) to work on /Users/gaurav/Documents/Breast-Cancer-ML-Pipeline/venv/lib/python3.9/site-packages/airflow/example_dags/plugins/event_listener.py
[2025-04-21T16:52:38.963-0400] {processor.py:830} INFO - Processing file /Users/gaurav/Documents/Breast-Cancer-ML-Pipeline/venv/lib/python3.9/site-packages/airflow/example_dags/plugins/event_listener.py for tasks to queue
[2025-04-21T16:52:38.964-0400] {logging_mixin.py:188} INFO - [2025-04-21T16:52:38.964-0400] {dagbag.py:538} INFO - Filling up the DagBag from /Users/gaurav/Documents/Breast-Cancer-ML-Pipeline/venv/lib/python3.9/site-packages/airflow/example_dags/plugins/event_listener.py
[2025-04-21T16:52:38.965-0400] {processor.py:842} WARNING - No viable dags retrieved from /Users/gaurav/Documents/Breast-Cancer-ML-Pipeline/venv/lib/python3.9/site-packages/airflow/example_dags/plugins/event_listener.py
[2025-04-21T16:52:39.024-0400] {processor.py:183} INFO - Processing /Users/gaurav/Documents/Breast-Cancer-ML-Pipeline/venv/lib/python3.9/site-packages/airflow/example_dags/plugins/event_listener.py took 0.063 seconds
[2025-04-21T16:53:20.074-0400] {processor.py:161} INFO - Started process (PID=84450) to work on /Users/gaurav/Documents/Breast-Cancer-ML-Pipeline/venv/lib/python3.9/site-packages/airflow/example_dags/plugins/event_listener.py
[2025-04-21T16:53:20.076-0400] {processor.py:830} INFO - Processing file /Users/gaurav/Documents/Breast-Cancer-ML-Pipeline/venv/lib/python3.9/site-packages/airflow/example_dags/plugins/event_listener.py for tasks to queue
[2025-04-21T16:53:20.077-0400] {logging_mixin.py:188} INFO - [2025-04-21T16:53:20.077-0400] {dagbag.py:538} INFO - Filling up the DagBag from /Users/gaurav/Documents/Breast-Cancer-ML-Pipeline/venv/lib/python3.9/site-packages/airflow/example_dags/plugins/event_listener.py
[2025-04-21T16:53:20.077-0400] {processor.py:842} WARNING - No viable dags retrieved from /Users/gaurav/Documents/Breast-Cancer-ML-Pipeline/venv/lib/python3.9/site-packages/airflow/example_dags/plugins/event_listener.py
[2025-04-21T16:53:20.134-0400] {processor.py:183} INFO - Processing /Users/gaurav/Documents/Breast-Cancer-ML-Pipeline/venv/lib/python3.9/site-packages/airflow/example_dags/plugins/event_listener.py took 0.060 seconds
[2025-04-21T16:53:59.952-0400] {processor.py:161} INFO - Started process (PID=84502) to work on /Users/gaurav/Documents/Breast-Cancer-ML-Pipeline/venv/lib/python3.9/site-packages/airflow/example_dags/plugins/event_listener.py
[2025-04-21T16:53:59.953-0400] {processor.py:830} INFO - Processing file /Users/gaurav/Documents/Breast-Cancer-ML-Pipeline/venv/lib/python3.9/site-packages/airflow/example_dags/plugins/event_listener.py for tasks to queue
[2025-04-21T16:53:59.953-0400] {logging_mixin.py:188} INFO - [2025-04-21T16:53:59.953-0400] {dagbag.py:538} INFO - Filling up the DagBag from /Users/gaurav/Documents/Breast-Cancer-ML-Pipeline/venv/lib/python3.9/site-packages/airflow/example_dags/plugins/event_listener.py
[2025-04-21T16:53:59.954-0400] {processor.py:842} WARNING - No viable dags retrieved from /Users/gaurav/Documents/Breast-Cancer-ML-Pipeline/venv/lib/python3.9/site-packages/airflow/example_dags/plugins/event_listener.py
[2025-04-21T16:54:00.012-0400] {processor.py:183} INFO - Processing /Users/gaurav/Documents/Breast-Cancer-ML-Pipeline/venv/lib/python3.9/site-packages/airflow/example_dags/plugins/event_listener.py took 0.061 seconds
[2025-04-21T16:54:38.411-0400] {processor.py:161} INFO - Started process (PID=84555) to work on /Users/gaurav/Documents/Breast-Cancer-ML-Pipeline/venv/lib/python3.9/site-packages/airflow/example_dags/plugins/event_listener.py
[2025-04-21T16:54:38.413-0400] {processor.py:830} INFO - Processing file /Users/gaurav/Documents/Breast-Cancer-ML-Pipeline/venv/lib/python3.9/site-packages/airflow/example_dags/plugins/event_listener.py for tasks to queue
[2025-04-21T16:54:38.413-0400] {logging_mixin.py:188} INFO - [2025-04-21T16:54:38.413-0400] {dagbag.py:538} INFO - Filling up the DagBag from /Users/gaurav/Documents/Breast-Cancer-ML-Pipeline/venv/lib/python3.9/site-packages/airflow/example_dags/plugins/event_listener.py
[2025-04-21T16:54:38.414-0400] {processor.py:842} WARNING - No viable dags retrieved from /Users/gaurav/Documents/Breast-Cancer-ML-Pipeline/venv/lib/python3.9/site-packages/airflow/example_dags/plugins/event_listener.py
[2025-04-21T16:54:38.472-0400] {processor.py:183} INFO - Processing /Users/gaurav/Documents/Breast-Cancer-ML-Pipeline/venv/lib/python3.9/site-packages/airflow/example_dags/plugins/event_listener.py took 0.061 seconds
[2025-04-21T16:55:27.184-0400] {processor.py:161} INFO - Started process (PID=84599) to work on /Users/gaurav/Documents/Breast-Cancer-ML-Pipeline/venv/lib/python3.9/site-packages/airflow/example_dags/plugins/event_listener.py
[2025-04-21T16:55:27.186-0400] {processor.py:830} INFO - Processing file /Users/gaurav/Documents/Breast-Cancer-ML-Pipeline/venv/lib/python3.9/site-packages/airflow/example_dags/plugins/event_listener.py for tasks to queue
[2025-04-21T16:55:27.186-0400] {logging_mixin.py:188} INFO - [2025-04-21T16:55:27.186-0400] {dagbag.py:538} INFO - Filling up the DagBag from /Users/gaurav/Documents/Breast-Cancer-ML-Pipeline/venv/lib/python3.9/site-packages/airflow/example_dags/plugins/event_listener.py
[2025-04-21T16:55:27.187-0400] {processor.py:842} WARNING - No viable dags retrieved from /Users/gaurav/Documents/Breast-Cancer-ML-Pipeline/venv/lib/python3.9/site-packages/airflow/example_dags/plugins/event_listener.py
[2025-04-21T16:55:27.249-0400] {processor.py:183} INFO - Processing /Users/gaurav/Documents/Breast-Cancer-ML-Pipeline/venv/lib/python3.9/site-packages/airflow/example_dags/plugins/event_listener.py took 0.066 seconds
[2025-04-21T16:57:13.153-0400] {processor.py:161} INFO - Started process (PID=84757) to work on /Users/gaurav/Documents/Breast-Cancer-ML-Pipeline/venv/lib/python3.9/site-packages/airflow/example_dags/plugins/event_listener.py
[2025-04-21T16:57:13.154-0400] {processor.py:830} INFO - Processing file /Users/gaurav/Documents/Breast-Cancer-ML-Pipeline/venv/lib/python3.9/site-packages/airflow/example_dags/plugins/event_listener.py for tasks to queue
[2025-04-21T16:57:13.155-0400] {logging_mixin.py:188} INFO - [2025-04-21T16:57:13.155-0400] {dagbag.py:538} INFO - Filling up the DagBag from /Users/gaurav/Documents/Breast-Cancer-ML-Pipeline/venv/lib/python3.9/site-packages/airflow/example_dags/plugins/event_listener.py
[2025-04-21T16:57:13.156-0400] {processor.py:842} WARNING - No viable dags retrieved from /Users/gaurav/Documents/Breast-Cancer-ML-Pipeline/venv/lib/python3.9/site-packages/airflow/example_dags/plugins/event_listener.py
[2025-04-21T16:57:13.212-0400] {processor.py:183} INFO - Processing /Users/gaurav/Documents/Breast-Cancer-ML-Pipeline/venv/lib/python3.9/site-packages/airflow/example_dags/plugins/event_listener.py took 0.060 seconds
[2025-04-21T16:57:55.527-0400] {processor.py:161} INFO - Started process (PID=84804) to work on /Users/gaurav/Documents/Breast-Cancer-ML-Pipeline/venv/lib/python3.9/site-packages/airflow/example_dags/plugins/event_listener.py
[2025-04-21T16:57:55.528-0400] {processor.py:830} INFO - Processing file /Users/gaurav/Documents/Breast-Cancer-ML-Pipeline/venv/lib/python3.9/site-packages/airflow/example_dags/plugins/event_listener.py for tasks to queue
[2025-04-21T16:57:55.529-0400] {logging_mixin.py:188} INFO - [2025-04-21T16:57:55.529-0400] {dagbag.py:538} INFO - Filling up the DagBag from /Users/gaurav/Documents/Breast-Cancer-ML-Pipeline/venv/lib/python3.9/site-packages/airflow/example_dags/plugins/event_listener.py
[2025-04-21T16:57:55.530-0400] {processor.py:842} WARNING - No viable dags retrieved from /Users/gaurav/Documents/Breast-Cancer-ML-Pipeline/venv/lib/python3.9/site-packages/airflow/example_dags/plugins/event_listener.py
[2025-04-21T16:57:55.586-0400] {processor.py:183} INFO - Processing /Users/gaurav/Documents/Breast-Cancer-ML-Pipeline/venv/lib/python3.9/site-packages/airflow/example_dags/plugins/event_listener.py took 0.060 seconds
[2025-04-21T16:58:36.271-0400] {processor.py:161} INFO - Started process (PID=84856) to work on /Users/gaurav/Documents/Breast-Cancer-ML-Pipeline/venv/lib/python3.9/site-packages/airflow/example_dags/plugins/event_listener.py
[2025-04-21T16:58:36.273-0400] {processor.py:830} INFO - Processing file /Users/gaurav/Documents/Breast-Cancer-ML-Pipeline/venv/lib/python3.9/site-packages/airflow/example_dags/plugins/event_listener.py for tasks to queue
[2025-04-21T16:58:36.273-0400] {logging_mixin.py:188} INFO - [2025-04-21T16:58:36.273-0400] {dagbag.py:538} INFO - Filling up the DagBag from /Users/gaurav/Documents/Breast-Cancer-ML-Pipeline/venv/lib/python3.9/site-packages/airflow/example_dags/plugins/event_listener.py
[2025-04-21T16:58:36.274-0400] {processor.py:842} WARNING - No viable dags retrieved from /Users/gaurav/Documents/Breast-Cancer-ML-Pipeline/venv/lib/python3.9/site-packages/airflow/example_dags/plugins/event_listener.py
[2025-04-21T16:58:36.330-0400] {processor.py:183} INFO - Processing /Users/gaurav/Documents/Breast-Cancer-ML-Pipeline/venv/lib/python3.9/site-packages/airflow/example_dags/plugins/event_listener.py took 0.060 seconds
[2025-04-21T16:59:16.652-0400] {processor.py:161} INFO - Started process (PID=84898) to work on /Users/gaurav/Documents/Breast-Cancer-ML-Pipeline/venv/lib/python3.9/site-packages/airflow/example_dags/plugins/event_listener.py
[2025-04-21T16:59:16.654-0400] {processor.py:830} INFO - Processing file /Users/gaurav/Documents/Breast-Cancer-ML-Pipeline/venv/lib/python3.9/site-packages/airflow/example_dags/plugins/event_listener.py for tasks to queue
[2025-04-21T16:59:16.654-0400] {logging_mixin.py:188} INFO - [2025-04-21T16:59:16.654-0400] {dagbag.py:538} INFO - Filling up the DagBag from /Users/gaurav/Documents/Breast-Cancer-ML-Pipeline/venv/lib/python3.9/site-packages/airflow/example_dags/plugins/event_listener.py
[2025-04-21T16:59:16.655-0400] {processor.py:842} WARNING - No viable dags retrieved from /Users/gaurav/Documents/Breast-Cancer-ML-Pipeline/venv/lib/python3.9/site-packages/airflow/example_dags/plugins/event_listener.py
[2025-04-21T16:59:16.711-0400] {processor.py:183} INFO - Processing /Users/gaurav/Documents/Breast-Cancer-ML-Pipeline/venv/lib/python3.9/site-packages/airflow/example_dags/plugins/event_listener.py took 0.060 seconds
[2025-04-21T16:59:55.875-0400] {processor.py:161} INFO - Started process (PID=84941) to work on /Users/gaurav/Documents/Breast-Cancer-ML-Pipeline/venv/lib/python3.9/site-packages/airflow/example_dags/plugins/event_listener.py
[2025-04-21T16:59:55.877-0400] {processor.py:830} INFO - Processing file /Users/gaurav/Documents/Breast-Cancer-ML-Pipeline/venv/lib/python3.9/site-packages/airflow/example_dags/plugins/event_listener.py for tasks to queue
[2025-04-21T16:59:55.878-0400] {logging_mixin.py:188} INFO - [2025-04-21T16:59:55.878-0400] {dagbag.py:538} INFO - Filling up the DagBag from /Users/gaurav/Documents/Breast-Cancer-ML-Pipeline/venv/lib/python3.9/site-packages/airflow/example_dags/plugins/event_listener.py
[2025-04-21T16:59:55.879-0400] {processor.py:842} WARNING - No viable dags retrieved from /Users/gaurav/Documents/Breast-Cancer-ML-Pipeline/venv/lib/python3.9/site-packages/airflow/example_dags/plugins/event_listener.py
[2025-04-21T16:59:55.936-0400] {processor.py:183} INFO - Processing /Users/gaurav/Documents/Breast-Cancer-ML-Pipeline/venv/lib/python3.9/site-packages/airflow/example_dags/plugins/event_listener.py took 0.061 seconds
[2025-04-21T17:01:06.410-0400] {processor.py:161} INFO - Started process (PID=85030) to work on /Users/gaurav/Documents/Breast-Cancer-ML-Pipeline/venv/lib/python3.9/site-packages/airflow/example_dags/plugins/event_listener.py
[2025-04-21T17:01:06.412-0400] {processor.py:830} INFO - Processing file /Users/gaurav/Documents/Breast-Cancer-ML-Pipeline/venv/lib/python3.9/site-packages/airflow/example_dags/plugins/event_listener.py for tasks to queue
[2025-04-21T17:01:06.413-0400] {logging_mixin.py:188} INFO - [2025-04-21T17:01:06.413-0400] {dagbag.py:538} INFO - Filling up the DagBag from /Users/gaurav/Documents/Breast-Cancer-ML-Pipeline/venv/lib/python3.9/site-packages/airflow/example_dags/plugins/event_listener.py
[2025-04-21T17:01:06.414-0400] {processor.py:842} WARNING - No viable dags retrieved from /Users/gaurav/Documents/Breast-Cancer-ML-Pipeline/venv/lib/python3.9/site-packages/airflow/example_dags/plugins/event_listener.py
[2025-04-21T17:01:06.479-0400] {processor.py:183} INFO - Processing /Users/gaurav/Documents/Breast-Cancer-ML-Pipeline/venv/lib/python3.9/site-packages/airflow/example_dags/plugins/event_listener.py took 0.070 seconds
[2025-04-21T17:01:48.615-0400] {processor.py:161} INFO - Started process (PID=85087) to work on /Users/gaurav/Documents/Breast-Cancer-ML-Pipeline/venv/lib/python3.9/site-packages/airflow/example_dags/plugins/event_listener.py
[2025-04-21T17:01:48.617-0400] {processor.py:830} INFO - Processing file /Users/gaurav/Documents/Breast-Cancer-ML-Pipeline/venv/lib/python3.9/site-packages/airflow/example_dags/plugins/event_listener.py for tasks to queue
[2025-04-21T17:01:48.618-0400] {logging_mixin.py:188} INFO - [2025-04-21T17:01:48.618-0400] {dagbag.py:538} INFO - Filling up the DagBag from /Users/gaurav/Documents/Breast-Cancer-ML-Pipeline/venv/lib/python3.9/site-packages/airflow/example_dags/plugins/event_listener.py
[2025-04-21T17:01:48.619-0400] {processor.py:842} WARNING - No viable dags retrieved from /Users/gaurav/Documents/Breast-Cancer-ML-Pipeline/venv/lib/python3.9/site-packages/airflow/example_dags/plugins/event_listener.py
[2025-04-21T17:01:48.676-0400] {processor.py:183} INFO - Processing /Users/gaurav/Documents/Breast-Cancer-ML-Pipeline/venv/lib/python3.9/site-packages/airflow/example_dags/plugins/event_listener.py took 0.062 seconds
[2025-04-21T17:02:32.800-0400] {processor.py:161} INFO - Started process (PID=85134) to work on /Users/gaurav/Documents/Breast-Cancer-ML-Pipeline/venv/lib/python3.9/site-packages/airflow/example_dags/plugins/event_listener.py
[2025-04-21T17:02:32.802-0400] {processor.py:830} INFO - Processing file /Users/gaurav/Documents/Breast-Cancer-ML-Pipeline/venv/lib/python3.9/site-packages/airflow/example_dags/plugins/event_listener.py for tasks to queue
[2025-04-21T17:02:32.802-0400] {logging_mixin.py:188} INFO - [2025-04-21T17:02:32.802-0400] {dagbag.py:538} INFO - Filling up the DagBag from /Users/gaurav/Documents/Breast-Cancer-ML-Pipeline/venv/lib/python3.9/site-packages/airflow/example_dags/plugins/event_listener.py
[2025-04-21T17:02:32.803-0400] {processor.py:842} WARNING - No viable dags retrieved from /Users/gaurav/Documents/Breast-Cancer-ML-Pipeline/venv/lib/python3.9/site-packages/airflow/example_dags/plugins/event_listener.py
[2025-04-21T17:02:32.863-0400] {processor.py:183} INFO - Processing /Users/gaurav/Documents/Breast-Cancer-ML-Pipeline/venv/lib/python3.9/site-packages/airflow/example_dags/plugins/event_listener.py took 0.064 seconds
[2025-04-21T17:03:11.709-0400] {processor.py:161} INFO - Started process (PID=85181) to work on /Users/gaurav/Documents/Breast-Cancer-ML-Pipeline/venv/lib/python3.9/site-packages/airflow/example_dags/plugins/event_listener.py
[2025-04-21T17:03:11.711-0400] {processor.py:830} INFO - Processing file /Users/gaurav/Documents/Breast-Cancer-ML-Pipeline/venv/lib/python3.9/site-packages/airflow/example_dags/plugins/event_listener.py for tasks to queue
[2025-04-21T17:03:11.712-0400] {logging_mixin.py:188} INFO - [2025-04-21T17:03:11.712-0400] {dagbag.py:538} INFO - Filling up the DagBag from /Users/gaurav/Documents/Breast-Cancer-ML-Pipeline/venv/lib/python3.9/site-packages/airflow/example_dags/plugins/event_listener.py
[2025-04-21T17:03:11.713-0400] {processor.py:842} WARNING - No viable dags retrieved from /Users/gaurav/Documents/Breast-Cancer-ML-Pipeline/venv/lib/python3.9/site-packages/airflow/example_dags/plugins/event_listener.py
[2025-04-21T17:03:11.770-0400] {processor.py:183} INFO - Processing /Users/gaurav/Documents/Breast-Cancer-ML-Pipeline/venv/lib/python3.9/site-packages/airflow/example_dags/plugins/event_listener.py took 0.062 seconds
[2025-04-21T17:03:50.706-0400] {processor.py:161} INFO - Started process (PID=85242) to work on /Users/gaurav/Documents/Breast-Cancer-ML-Pipeline/venv/lib/python3.9/site-packages/airflow/example_dags/plugins/event_listener.py
[2025-04-21T17:03:50.707-0400] {processor.py:830} INFO - Processing file /Users/gaurav/Documents/Breast-Cancer-ML-Pipeline/venv/lib/python3.9/site-packages/airflow/example_dags/plugins/event_listener.py for tasks to queue
[2025-04-21T17:03:50.708-0400] {logging_mixin.py:188} INFO - [2025-04-21T17:03:50.708-0400] {dagbag.py:538} INFO - Filling up the DagBag from /Users/gaurav/Documents/Breast-Cancer-ML-Pipeline/venv/lib/python3.9/site-packages/airflow/example_dags/plugins/event_listener.py
[2025-04-21T17:03:50.709-0400] {processor.py:842} WARNING - No viable dags retrieved from /Users/gaurav/Documents/Breast-Cancer-ML-Pipeline/venv/lib/python3.9/site-packages/airflow/example_dags/plugins/event_listener.py
[2025-04-21T17:03:50.763-0400] {processor.py:183} INFO - Processing /Users/gaurav/Documents/Breast-Cancer-ML-Pipeline/venv/lib/python3.9/site-packages/airflow/example_dags/plugins/event_listener.py took 0.058 seconds
[2025-04-21T17:05:01.542-0400] {processor.py:161} INFO - Started process (PID=85321) to work on /Users/gaurav/Documents/Breast-Cancer-ML-Pipeline/venv/lib/python3.9/site-packages/airflow/example_dags/plugins/event_listener.py
[2025-04-21T17:05:01.544-0400] {processor.py:830} INFO - Processing file /Users/gaurav/Documents/Breast-Cancer-ML-Pipeline/venv/lib/python3.9/site-packages/airflow/example_dags/plugins/event_listener.py for tasks to queue
[2025-04-21T17:05:01.544-0400] {logging_mixin.py:188} INFO - [2025-04-21T17:05:01.544-0400] {dagbag.py:538} INFO - Filling up the DagBag from /Users/gaurav/Documents/Breast-Cancer-ML-Pipeline/venv/lib/python3.9/site-packages/airflow/example_dags/plugins/event_listener.py
[2025-04-21T17:05:01.546-0400] {processor.py:842} WARNING - No viable dags retrieved from /Users/gaurav/Documents/Breast-Cancer-ML-Pipeline/venv/lib/python3.9/site-packages/airflow/example_dags/plugins/event_listener.py
[2025-04-21T17:05:01.603-0400] {processor.py:183} INFO - Processing /Users/gaurav/Documents/Breast-Cancer-ML-Pipeline/venv/lib/python3.9/site-packages/airflow/example_dags/plugins/event_listener.py took 0.061 seconds
[2025-04-21T17:06:12.224-0400] {processor.py:161} INFO - Started process (PID=85411) to work on /Users/gaurav/Documents/Breast-Cancer-ML-Pipeline/venv/lib/python3.9/site-packages/airflow/example_dags/plugins/event_listener.py
[2025-04-21T17:06:12.226-0400] {processor.py:830} INFO - Processing file /Users/gaurav/Documents/Breast-Cancer-ML-Pipeline/venv/lib/python3.9/site-packages/airflow/example_dags/plugins/event_listener.py for tasks to queue
[2025-04-21T17:06:12.226-0400] {logging_mixin.py:188} INFO - [2025-04-21T17:06:12.226-0400] {dagbag.py:538} INFO - Filling up the DagBag from /Users/gaurav/Documents/Breast-Cancer-ML-Pipeline/venv/lib/python3.9/site-packages/airflow/example_dags/plugins/event_listener.py
[2025-04-21T17:06:12.227-0400] {processor.py:842} WARNING - No viable dags retrieved from /Users/gaurav/Documents/Breast-Cancer-ML-Pipeline/venv/lib/python3.9/site-packages/airflow/example_dags/plugins/event_listener.py
[2025-04-21T17:06:12.284-0400] {processor.py:183} INFO - Processing /Users/gaurav/Documents/Breast-Cancer-ML-Pipeline/venv/lib/python3.9/site-packages/airflow/example_dags/plugins/event_listener.py took 0.060 seconds
[2025-04-21T17:07:23.839-0400] {processor.py:161} INFO - Started process (PID=85490) to work on /Users/gaurav/Documents/Breast-Cancer-ML-Pipeline/venv/lib/python3.9/site-packages/airflow/example_dags/plugins/event_listener.py
[2025-04-21T17:07:23.841-0400] {processor.py:830} INFO - Processing file /Users/gaurav/Documents/Breast-Cancer-ML-Pipeline/venv/lib/python3.9/site-packages/airflow/example_dags/plugins/event_listener.py for tasks to queue
[2025-04-21T17:07:23.841-0400] {logging_mixin.py:188} INFO - [2025-04-21T17:07:23.841-0400] {dagbag.py:538} INFO - Filling up the DagBag from /Users/gaurav/Documents/Breast-Cancer-ML-Pipeline/venv/lib/python3.9/site-packages/airflow/example_dags/plugins/event_listener.py
[2025-04-21T17:07:23.843-0400] {processor.py:842} WARNING - No viable dags retrieved from /Users/gaurav/Documents/Breast-Cancer-ML-Pipeline/venv/lib/python3.9/site-packages/airflow/example_dags/plugins/event_listener.py
[2025-04-21T17:07:23.899-0400] {processor.py:183} INFO - Processing /Users/gaurav/Documents/Breast-Cancer-ML-Pipeline/venv/lib/python3.9/site-packages/airflow/example_dags/plugins/event_listener.py took 0.060 seconds
[2025-04-21T17:08:01.105-0400] {processor.py:161} INFO - Started process (PID=85529) to work on /Users/gaurav/Documents/Breast-Cancer-ML-Pipeline/venv/lib/python3.9/site-packages/airflow/example_dags/plugins/event_listener.py
[2025-04-21T17:08:01.108-0400] {processor.py:830} INFO - Processing file /Users/gaurav/Documents/Breast-Cancer-ML-Pipeline/venv/lib/python3.9/site-packages/airflow/example_dags/plugins/event_listener.py for tasks to queue
[2025-04-21T17:08:01.109-0400] {logging_mixin.py:188} INFO - [2025-04-21T17:08:01.109-0400] {dagbag.py:538} INFO - Filling up the DagBag from /Users/gaurav/Documents/Breast-Cancer-ML-Pipeline/venv/lib/python3.9/site-packages/airflow/example_dags/plugins/event_listener.py
[2025-04-21T17:08:01.110-0400] {processor.py:842} WARNING - No viable dags retrieved from /Users/gaurav/Documents/Breast-Cancer-ML-Pipeline/venv/lib/python3.9/site-packages/airflow/example_dags/plugins/event_listener.py
[2025-04-21T17:08:01.166-0400] {processor.py:183} INFO - Processing /Users/gaurav/Documents/Breast-Cancer-ML-Pipeline/venv/lib/python3.9/site-packages/airflow/example_dags/plugins/event_listener.py took 0.062 seconds
[2025-04-21T17:08:38.680-0400] {processor.py:161} INFO - Started process (PID=85571) to work on /Users/gaurav/Documents/Breast-Cancer-ML-Pipeline/venv/lib/python3.9/site-packages/airflow/example_dags/plugins/event_listener.py
[2025-04-21T17:08:38.682-0400] {processor.py:830} INFO - Processing file /Users/gaurav/Documents/Breast-Cancer-ML-Pipeline/venv/lib/python3.9/site-packages/airflow/example_dags/plugins/event_listener.py for tasks to queue
[2025-04-21T17:08:38.682-0400] {logging_mixin.py:188} INFO - [2025-04-21T17:08:38.682-0400] {dagbag.py:538} INFO - Filling up the DagBag from /Users/gaurav/Documents/Breast-Cancer-ML-Pipeline/venv/lib/python3.9/site-packages/airflow/example_dags/plugins/event_listener.py
[2025-04-21T17:08:38.683-0400] {processor.py:842} WARNING - No viable dags retrieved from /Users/gaurav/Documents/Breast-Cancer-ML-Pipeline/venv/lib/python3.9/site-packages/airflow/example_dags/plugins/event_listener.py
[2025-04-21T17:08:38.739-0400] {processor.py:183} INFO - Processing /Users/gaurav/Documents/Breast-Cancer-ML-Pipeline/venv/lib/python3.9/site-packages/airflow/example_dags/plugins/event_listener.py took 0.061 seconds
[2025-04-21T17:09:50.496-0400] {processor.py:161} INFO - Started process (PID=85648) to work on /Users/gaurav/Documents/Breast-Cancer-ML-Pipeline/venv/lib/python3.9/site-packages/airflow/example_dags/plugins/event_listener.py
[2025-04-21T17:09:50.498-0400] {processor.py:830} INFO - Processing file /Users/gaurav/Documents/Breast-Cancer-ML-Pipeline/venv/lib/python3.9/site-packages/airflow/example_dags/plugins/event_listener.py for tasks to queue
[2025-04-21T17:09:50.499-0400] {logging_mixin.py:188} INFO - [2025-04-21T17:09:50.499-0400] {dagbag.py:538} INFO - Filling up the DagBag from /Users/gaurav/Documents/Breast-Cancer-ML-Pipeline/venv/lib/python3.9/site-packages/airflow/example_dags/plugins/event_listener.py
[2025-04-21T17:09:50.500-0400] {processor.py:842} WARNING - No viable dags retrieved from /Users/gaurav/Documents/Breast-Cancer-ML-Pipeline/venv/lib/python3.9/site-packages/airflow/example_dags/plugins/event_listener.py
[2025-04-21T17:09:50.554-0400] {processor.py:183} INFO - Processing /Users/gaurav/Documents/Breast-Cancer-ML-Pipeline/venv/lib/python3.9/site-packages/airflow/example_dags/plugins/event_listener.py took 0.059 seconds
[2025-04-21T17:10:28.160-0400] {processor.py:161} INFO - Started process (PID=85689) to work on /Users/gaurav/Documents/Breast-Cancer-ML-Pipeline/venv/lib/python3.9/site-packages/airflow/example_dags/plugins/event_listener.py
[2025-04-21T17:10:28.163-0400] {processor.py:830} INFO - Processing file /Users/gaurav/Documents/Breast-Cancer-ML-Pipeline/venv/lib/python3.9/site-packages/airflow/example_dags/plugins/event_listener.py for tasks to queue
[2025-04-21T17:10:28.164-0400] {logging_mixin.py:188} INFO - [2025-04-21T17:10:28.164-0400] {dagbag.py:538} INFO - Filling up the DagBag from /Users/gaurav/Documents/Breast-Cancer-ML-Pipeline/venv/lib/python3.9/site-packages/airflow/example_dags/plugins/event_listener.py
[2025-04-21T17:10:28.165-0400] {processor.py:842} WARNING - No viable dags retrieved from /Users/gaurav/Documents/Breast-Cancer-ML-Pipeline/venv/lib/python3.9/site-packages/airflow/example_dags/plugins/event_listener.py
[2025-04-21T17:10:28.222-0400] {processor.py:183} INFO - Processing /Users/gaurav/Documents/Breast-Cancer-ML-Pipeline/venv/lib/python3.9/site-packages/airflow/example_dags/plugins/event_listener.py took 0.062 seconds
[2025-04-21T17:11:05.630-0400] {processor.py:161} INFO - Started process (PID=85733) to work on /Users/gaurav/Documents/Breast-Cancer-ML-Pipeline/venv/lib/python3.9/site-packages/airflow/example_dags/plugins/event_listener.py
[2025-04-21T17:11:05.632-0400] {processor.py:830} INFO - Processing file /Users/gaurav/Documents/Breast-Cancer-ML-Pipeline/venv/lib/python3.9/site-packages/airflow/example_dags/plugins/event_listener.py for tasks to queue
[2025-04-21T17:11:05.633-0400] {logging_mixin.py:188} INFO - [2025-04-21T17:11:05.633-0400] {dagbag.py:538} INFO - Filling up the DagBag from /Users/gaurav/Documents/Breast-Cancer-ML-Pipeline/venv/lib/python3.9/site-packages/airflow/example_dags/plugins/event_listener.py
[2025-04-21T17:11:05.634-0400] {processor.py:842} WARNING - No viable dags retrieved from /Users/gaurav/Documents/Breast-Cancer-ML-Pipeline/venv/lib/python3.9/site-packages/airflow/example_dags/plugins/event_listener.py
[2025-04-21T17:11:05.690-0400] {processor.py:183} INFO - Processing /Users/gaurav/Documents/Breast-Cancer-ML-Pipeline/venv/lib/python3.9/site-packages/airflow/example_dags/plugins/event_listener.py took 0.060 seconds
[2025-04-21T17:12:18.950-0400] {processor.py:161} INFO - Started process (PID=85823) to work on /Users/gaurav/Documents/Breast-Cancer-ML-Pipeline/venv/lib/python3.9/site-packages/airflow/example_dags/plugins/event_listener.py
[2025-04-21T17:12:18.952-0400] {processor.py:830} INFO - Processing file /Users/gaurav/Documents/Breast-Cancer-ML-Pipeline/venv/lib/python3.9/site-packages/airflow/example_dags/plugins/event_listener.py for tasks to queue
[2025-04-21T17:12:18.952-0400] {logging_mixin.py:188} INFO - [2025-04-21T17:12:18.952-0400] {dagbag.py:538} INFO - Filling up the DagBag from /Users/gaurav/Documents/Breast-Cancer-ML-Pipeline/venv/lib/python3.9/site-packages/airflow/example_dags/plugins/event_listener.py
[2025-04-21T17:12:18.953-0400] {processor.py:842} WARNING - No viable dags retrieved from /Users/gaurav/Documents/Breast-Cancer-ML-Pipeline/venv/lib/python3.9/site-packages/airflow/example_dags/plugins/event_listener.py
[2025-04-21T17:12:19.009-0400] {processor.py:183} INFO - Processing /Users/gaurav/Documents/Breast-Cancer-ML-Pipeline/venv/lib/python3.9/site-packages/airflow/example_dags/plugins/event_listener.py took 0.061 seconds
[2025-04-21T17:13:32.739-0400] {processor.py:161} INFO - Started process (PID=85904) to work on /Users/gaurav/Documents/Breast-Cancer-ML-Pipeline/venv/lib/python3.9/site-packages/airflow/example_dags/plugins/event_listener.py
[2025-04-21T17:13:32.740-0400] {processor.py:830} INFO - Processing file /Users/gaurav/Documents/Breast-Cancer-ML-Pipeline/venv/lib/python3.9/site-packages/airflow/example_dags/plugins/event_listener.py for tasks to queue
[2025-04-21T17:13:32.740-0400] {logging_mixin.py:188} INFO - [2025-04-21T17:13:32.740-0400] {dagbag.py:538} INFO - Filling up the DagBag from /Users/gaurav/Documents/Breast-Cancer-ML-Pipeline/venv/lib/python3.9/site-packages/airflow/example_dags/plugins/event_listener.py
[2025-04-21T17:13:32.741-0400] {processor.py:842} WARNING - No viable dags retrieved from /Users/gaurav/Documents/Breast-Cancer-ML-Pipeline/venv/lib/python3.9/site-packages/airflow/example_dags/plugins/event_listener.py
[2025-04-21T17:13:32.798-0400] {processor.py:183} INFO - Processing /Users/gaurav/Documents/Breast-Cancer-ML-Pipeline/venv/lib/python3.9/site-packages/airflow/example_dags/plugins/event_listener.py took 0.060 seconds
[2025-04-21T17:14:10.139-0400] {processor.py:161} INFO - Started process (PID=85960) to work on /Users/gaurav/Documents/Breast-Cancer-ML-Pipeline/venv/lib/python3.9/site-packages/airflow/example_dags/plugins/event_listener.py
[2025-04-21T17:14:10.140-0400] {processor.py:830} INFO - Processing file /Users/gaurav/Documents/Breast-Cancer-ML-Pipeline/venv/lib/python3.9/site-packages/airflow/example_dags/plugins/event_listener.py for tasks to queue
[2025-04-21T17:14:10.141-0400] {logging_mixin.py:188} INFO - [2025-04-21T17:14:10.141-0400] {dagbag.py:538} INFO - Filling up the DagBag from /Users/gaurav/Documents/Breast-Cancer-ML-Pipeline/venv/lib/python3.9/site-packages/airflow/example_dags/plugins/event_listener.py
[2025-04-21T17:14:10.142-0400] {processor.py:842} WARNING - No viable dags retrieved from /Users/gaurav/Documents/Breast-Cancer-ML-Pipeline/venv/lib/python3.9/site-packages/airflow/example_dags/plugins/event_listener.py
[2025-04-21T17:14:10.197-0400] {processor.py:183} INFO - Processing /Users/gaurav/Documents/Breast-Cancer-ML-Pipeline/venv/lib/python3.9/site-packages/airflow/example_dags/plugins/event_listener.py took 0.060 seconds
[2025-04-21T17:15:21.915-0400] {processor.py:161} INFO - Started process (PID=86040) to work on /Users/gaurav/Documents/Breast-Cancer-ML-Pipeline/venv/lib/python3.9/site-packages/airflow/example_dags/plugins/event_listener.py
[2025-04-21T17:15:21.917-0400] {processor.py:830} INFO - Processing file /Users/gaurav/Documents/Breast-Cancer-ML-Pipeline/venv/lib/python3.9/site-packages/airflow/example_dags/plugins/event_listener.py for tasks to queue
[2025-04-21T17:15:21.917-0400] {logging_mixin.py:188} INFO - [2025-04-21T17:15:21.917-0400] {dagbag.py:538} INFO - Filling up the DagBag from /Users/gaurav/Documents/Breast-Cancer-ML-Pipeline/venv/lib/python3.9/site-packages/airflow/example_dags/plugins/event_listener.py
[2025-04-21T17:15:21.918-0400] {processor.py:842} WARNING - No viable dags retrieved from /Users/gaurav/Documents/Breast-Cancer-ML-Pipeline/venv/lib/python3.9/site-packages/airflow/example_dags/plugins/event_listener.py
[2025-04-21T17:15:21.975-0400] {processor.py:183} INFO - Processing /Users/gaurav/Documents/Breast-Cancer-ML-Pipeline/venv/lib/python3.9/site-packages/airflow/example_dags/plugins/event_listener.py took 0.060 seconds
[2025-04-21T17:15:59.399-0400] {processor.py:161} INFO - Started process (PID=86089) to work on /Users/gaurav/Documents/Breast-Cancer-ML-Pipeline/venv/lib/python3.9/site-packages/airflow/example_dags/plugins/event_listener.py
[2025-04-21T17:15:59.401-0400] {processor.py:830} INFO - Processing file /Users/gaurav/Documents/Breast-Cancer-ML-Pipeline/venv/lib/python3.9/site-packages/airflow/example_dags/plugins/event_listener.py for tasks to queue
[2025-04-21T17:15:59.402-0400] {logging_mixin.py:188} INFO - [2025-04-21T17:15:59.402-0400] {dagbag.py:538} INFO - Filling up the DagBag from /Users/gaurav/Documents/Breast-Cancer-ML-Pipeline/venv/lib/python3.9/site-packages/airflow/example_dags/plugins/event_listener.py
[2025-04-21T17:15:59.403-0400] {processor.py:842} WARNING - No viable dags retrieved from /Users/gaurav/Documents/Breast-Cancer-ML-Pipeline/venv/lib/python3.9/site-packages/airflow/example_dags/plugins/event_listener.py
[2025-04-21T17:15:59.463-0400] {processor.py:183} INFO - Processing /Users/gaurav/Documents/Breast-Cancer-ML-Pipeline/venv/lib/python3.9/site-packages/airflow/example_dags/plugins/event_listener.py took 0.065 seconds
[2025-04-21T17:17:13.259-0400] {processor.py:161} INFO - Started process (PID=86186) to work on /Users/gaurav/Documents/Breast-Cancer-ML-Pipeline/venv/lib/python3.9/site-packages/airflow/example_dags/plugins/event_listener.py
[2025-04-21T17:17:13.261-0400] {processor.py:830} INFO - Processing file /Users/gaurav/Documents/Breast-Cancer-ML-Pipeline/venv/lib/python3.9/site-packages/airflow/example_dags/plugins/event_listener.py for tasks to queue
[2025-04-21T17:17:13.261-0400] {logging_mixin.py:188} INFO - [2025-04-21T17:17:13.261-0400] {dagbag.py:538} INFO - Filling up the DagBag from /Users/gaurav/Documents/Breast-Cancer-ML-Pipeline/venv/lib/python3.9/site-packages/airflow/example_dags/plugins/event_listener.py
[2025-04-21T17:17:13.262-0400] {processor.py:842} WARNING - No viable dags retrieved from /Users/gaurav/Documents/Breast-Cancer-ML-Pipeline/venv/lib/python3.9/site-packages/airflow/example_dags/plugins/event_listener.py
[2025-04-21T17:17:13.317-0400] {processor.py:183} INFO - Processing /Users/gaurav/Documents/Breast-Cancer-ML-Pipeline/venv/lib/python3.9/site-packages/airflow/example_dags/plugins/event_listener.py took 0.059 seconds
[2025-04-21T17:18:27.979-0400] {processor.py:161} INFO - Started process (PID=86275) to work on /Users/gaurav/Documents/Breast-Cancer-ML-Pipeline/venv/lib/python3.9/site-packages/airflow/example_dags/plugins/event_listener.py
[2025-04-21T17:18:27.980-0400] {processor.py:830} INFO - Processing file /Users/gaurav/Documents/Breast-Cancer-ML-Pipeline/venv/lib/python3.9/site-packages/airflow/example_dags/plugins/event_listener.py for tasks to queue
[2025-04-21T17:18:27.981-0400] {logging_mixin.py:188} INFO - [2025-04-21T17:18:27.981-0400] {dagbag.py:538} INFO - Filling up the DagBag from /Users/gaurav/Documents/Breast-Cancer-ML-Pipeline/venv/lib/python3.9/site-packages/airflow/example_dags/plugins/event_listener.py
[2025-04-21T17:18:27.982-0400] {processor.py:842} WARNING - No viable dags retrieved from /Users/gaurav/Documents/Breast-Cancer-ML-Pipeline/venv/lib/python3.9/site-packages/airflow/example_dags/plugins/event_listener.py
[2025-04-21T17:18:28.069-0400] {processor.py:183} INFO - Processing /Users/gaurav/Documents/Breast-Cancer-ML-Pipeline/venv/lib/python3.9/site-packages/airflow/example_dags/plugins/event_listener.py took 0.092 seconds
[2025-04-21T17:19:06.248-0400] {processor.py:161} INFO - Started process (PID=86328) to work on /Users/gaurav/Documents/Breast-Cancer-ML-Pipeline/venv/lib/python3.9/site-packages/airflow/example_dags/plugins/event_listener.py
[2025-04-21T17:19:06.250-0400] {processor.py:830} INFO - Processing file /Users/gaurav/Documents/Breast-Cancer-ML-Pipeline/venv/lib/python3.9/site-packages/airflow/example_dags/plugins/event_listener.py for tasks to queue
[2025-04-21T17:19:06.250-0400] {logging_mixin.py:188} INFO - [2025-04-21T17:19:06.250-0400] {dagbag.py:538} INFO - Filling up the DagBag from /Users/gaurav/Documents/Breast-Cancer-ML-Pipeline/venv/lib/python3.9/site-packages/airflow/example_dags/plugins/event_listener.py
[2025-04-21T17:19:06.251-0400] {processor.py:842} WARNING - No viable dags retrieved from /Users/gaurav/Documents/Breast-Cancer-ML-Pipeline/venv/lib/python3.9/site-packages/airflow/example_dags/plugins/event_listener.py
[2025-04-21T17:19:06.311-0400] {processor.py:183} INFO - Processing /Users/gaurav/Documents/Breast-Cancer-ML-Pipeline/venv/lib/python3.9/site-packages/airflow/example_dags/plugins/event_listener.py took 0.064 seconds
[2025-04-21T17:19:43.841-0400] {processor.py:161} INFO - Started process (PID=86381) to work on /Users/gaurav/Documents/Breast-Cancer-ML-Pipeline/venv/lib/python3.9/site-packages/airflow/example_dags/plugins/event_listener.py
[2025-04-21T17:19:43.843-0400] {processor.py:830} INFO - Processing file /Users/gaurav/Documents/Breast-Cancer-ML-Pipeline/venv/lib/python3.9/site-packages/airflow/example_dags/plugins/event_listener.py for tasks to queue
[2025-04-21T17:19:43.844-0400] {logging_mixin.py:188} INFO - [2025-04-21T17:19:43.843-0400] {dagbag.py:538} INFO - Filling up the DagBag from /Users/gaurav/Documents/Breast-Cancer-ML-Pipeline/venv/lib/python3.9/site-packages/airflow/example_dags/plugins/event_listener.py
[2025-04-21T17:19:43.844-0400] {processor.py:842} WARNING - No viable dags retrieved from /Users/gaurav/Documents/Breast-Cancer-ML-Pipeline/venv/lib/python3.9/site-packages/airflow/example_dags/plugins/event_listener.py
[2025-04-21T17:19:43.901-0400] {processor.py:183} INFO - Processing /Users/gaurav/Documents/Breast-Cancer-ML-Pipeline/venv/lib/python3.9/site-packages/airflow/example_dags/plugins/event_listener.py took 0.060 seconds
[2025-04-21T17:20:21.941-0400] {processor.py:161} INFO - Started process (PID=86425) to work on /Users/gaurav/Documents/Breast-Cancer-ML-Pipeline/venv/lib/python3.9/site-packages/airflow/example_dags/plugins/event_listener.py
[2025-04-21T17:20:21.943-0400] {processor.py:830} INFO - Processing file /Users/gaurav/Documents/Breast-Cancer-ML-Pipeline/venv/lib/python3.9/site-packages/airflow/example_dags/plugins/event_listener.py for tasks to queue
[2025-04-21T17:20:21.944-0400] {logging_mixin.py:188} INFO - [2025-04-21T17:20:21.944-0400] {dagbag.py:538} INFO - Filling up the DagBag from /Users/gaurav/Documents/Breast-Cancer-ML-Pipeline/venv/lib/python3.9/site-packages/airflow/example_dags/plugins/event_listener.py
[2025-04-21T17:20:21.945-0400] {processor.py:842} WARNING - No viable dags retrieved from /Users/gaurav/Documents/Breast-Cancer-ML-Pipeline/venv/lib/python3.9/site-packages/airflow/example_dags/plugins/event_listener.py
[2025-04-21T17:20:22.004-0400] {processor.py:183} INFO - Processing /Users/gaurav/Documents/Breast-Cancer-ML-Pipeline/venv/lib/python3.9/site-packages/airflow/example_dags/plugins/event_listener.py took 0.064 seconds
[2025-04-21T17:21:15.819-0400] {processor.py:161} INFO - Started process (PID=86478) to work on /Users/gaurav/Documents/Breast-Cancer-ML-Pipeline/venv/lib/python3.9/site-packages/airflow/example_dags/plugins/event_listener.py
[2025-04-21T17:21:15.821-0400] {processor.py:830} INFO - Processing file /Users/gaurav/Documents/Breast-Cancer-ML-Pipeline/venv/lib/python3.9/site-packages/airflow/example_dags/plugins/event_listener.py for tasks to queue
[2025-04-21T17:21:15.822-0400] {logging_mixin.py:188} INFO - [2025-04-21T17:21:15.822-0400] {dagbag.py:538} INFO - Filling up the DagBag from /Users/gaurav/Documents/Breast-Cancer-ML-Pipeline/venv/lib/python3.9/site-packages/airflow/example_dags/plugins/event_listener.py
[2025-04-21T17:21:15.823-0400] {processor.py:842} WARNING - No viable dags retrieved from /Users/gaurav/Documents/Breast-Cancer-ML-Pipeline/venv/lib/python3.9/site-packages/airflow/example_dags/plugins/event_listener.py
[2025-04-21T17:21:15.883-0400] {processor.py:183} INFO - Processing /Users/gaurav/Documents/Breast-Cancer-ML-Pipeline/venv/lib/python3.9/site-packages/airflow/example_dags/plugins/event_listener.py took 0.064 seconds
[2025-04-21T17:22:55.869-0400] {processor.py:161} INFO - Started process (PID=86574) to work on /Users/gaurav/Documents/Breast-Cancer-ML-Pipeline/venv/lib/python3.9/site-packages/airflow/example_dags/plugins/event_listener.py
[2025-04-21T17:22:55.871-0400] {processor.py:830} INFO - Processing file /Users/gaurav/Documents/Breast-Cancer-ML-Pipeline/venv/lib/python3.9/site-packages/airflow/example_dags/plugins/event_listener.py for tasks to queue
[2025-04-21T17:22:55.872-0400] {logging_mixin.py:188} INFO - [2025-04-21T17:22:55.872-0400] {dagbag.py:538} INFO - Filling up the DagBag from /Users/gaurav/Documents/Breast-Cancer-ML-Pipeline/venv/lib/python3.9/site-packages/airflow/example_dags/plugins/event_listener.py
[2025-04-21T17:22:55.873-0400] {processor.py:842} WARNING - No viable dags retrieved from /Users/gaurav/Documents/Breast-Cancer-ML-Pipeline/venv/lib/python3.9/site-packages/airflow/example_dags/plugins/event_listener.py
[2025-04-21T17:22:55.932-0400] {processor.py:183} INFO - Processing /Users/gaurav/Documents/Breast-Cancer-ML-Pipeline/venv/lib/python3.9/site-packages/airflow/example_dags/plugins/event_listener.py took 0.064 seconds
[2025-04-21T17:23:40.698-0400] {processor.py:161} INFO - Started process (PID=86623) to work on /Users/gaurav/Documents/Breast-Cancer-ML-Pipeline/venv/lib/python3.9/site-packages/airflow/example_dags/plugins/event_listener.py
[2025-04-21T17:23:40.700-0400] {processor.py:830} INFO - Processing file /Users/gaurav/Documents/Breast-Cancer-ML-Pipeline/venv/lib/python3.9/site-packages/airflow/example_dags/plugins/event_listener.py for tasks to queue
[2025-04-21T17:23:40.701-0400] {logging_mixin.py:188} INFO - [2025-04-21T17:23:40.700-0400] {dagbag.py:538} INFO - Filling up the DagBag from /Users/gaurav/Documents/Breast-Cancer-ML-Pipeline/venv/lib/python3.9/site-packages/airflow/example_dags/plugins/event_listener.py
[2025-04-21T17:23:40.702-0400] {processor.py:842} WARNING - No viable dags retrieved from /Users/gaurav/Documents/Breast-Cancer-ML-Pipeline/venv/lib/python3.9/site-packages/airflow/example_dags/plugins/event_listener.py
[2025-04-21T17:23:40.776-0400] {processor.py:183} INFO - Processing /Users/gaurav/Documents/Breast-Cancer-ML-Pipeline/venv/lib/python3.9/site-packages/airflow/example_dags/plugins/event_listener.py took 0.079 seconds
[2025-04-21T17:24:19.746-0400] {processor.py:161} INFO - Started process (PID=86674) to work on /Users/gaurav/Documents/Breast-Cancer-ML-Pipeline/venv/lib/python3.9/site-packages/airflow/example_dags/plugins/event_listener.py
[2025-04-21T17:24:19.747-0400] {processor.py:830} INFO - Processing file /Users/gaurav/Documents/Breast-Cancer-ML-Pipeline/venv/lib/python3.9/site-packages/airflow/example_dags/plugins/event_listener.py for tasks to queue
[2025-04-21T17:24:19.747-0400] {logging_mixin.py:188} INFO - [2025-04-21T17:24:19.747-0400] {dagbag.py:538} INFO - Filling up the DagBag from /Users/gaurav/Documents/Breast-Cancer-ML-Pipeline/venv/lib/python3.9/site-packages/airflow/example_dags/plugins/event_listener.py
[2025-04-21T17:24:19.748-0400] {processor.py:842} WARNING - No viable dags retrieved from /Users/gaurav/Documents/Breast-Cancer-ML-Pipeline/venv/lib/python3.9/site-packages/airflow/example_dags/plugins/event_listener.py
[2025-04-21T17:24:19.808-0400] {processor.py:183} INFO - Processing /Users/gaurav/Documents/Breast-Cancer-ML-Pipeline/venv/lib/python3.9/site-packages/airflow/example_dags/plugins/event_listener.py took 0.063 seconds
[2025-04-21T17:24:58.560-0400] {processor.py:161} INFO - Started process (PID=86717) to work on /Users/gaurav/Documents/Breast-Cancer-ML-Pipeline/venv/lib/python3.9/site-packages/airflow/example_dags/plugins/event_listener.py
[2025-04-21T17:24:58.562-0400] {processor.py:830} INFO - Processing file /Users/gaurav/Documents/Breast-Cancer-ML-Pipeline/venv/lib/python3.9/site-packages/airflow/example_dags/plugins/event_listener.py for tasks to queue
[2025-04-21T17:24:58.562-0400] {logging_mixin.py:188} INFO - [2025-04-21T17:24:58.562-0400] {dagbag.py:538} INFO - Filling up the DagBag from /Users/gaurav/Documents/Breast-Cancer-ML-Pipeline/venv/lib/python3.9/site-packages/airflow/example_dags/plugins/event_listener.py
[2025-04-21T17:24:58.563-0400] {processor.py:842} WARNING - No viable dags retrieved from /Users/gaurav/Documents/Breast-Cancer-ML-Pipeline/venv/lib/python3.9/site-packages/airflow/example_dags/plugins/event_listener.py
[2025-04-21T17:24:58.631-0400] {processor.py:183} INFO - Processing /Users/gaurav/Documents/Breast-Cancer-ML-Pipeline/venv/lib/python3.9/site-packages/airflow/example_dags/plugins/event_listener.py took 0.072 seconds
[2025-04-21T17:25:36.578-0400] {processor.py:161} INFO - Started process (PID=86766) to work on /Users/gaurav/Documents/Breast-Cancer-ML-Pipeline/venv/lib/python3.9/site-packages/airflow/example_dags/plugins/event_listener.py
[2025-04-21T17:25:36.580-0400] {processor.py:830} INFO - Processing file /Users/gaurav/Documents/Breast-Cancer-ML-Pipeline/venv/lib/python3.9/site-packages/airflow/example_dags/plugins/event_listener.py for tasks to queue
[2025-04-21T17:25:36.580-0400] {logging_mixin.py:188} INFO - [2025-04-21T17:25:36.580-0400] {dagbag.py:538} INFO - Filling up the DagBag from /Users/gaurav/Documents/Breast-Cancer-ML-Pipeline/venv/lib/python3.9/site-packages/airflow/example_dags/plugins/event_listener.py
[2025-04-21T17:25:36.581-0400] {processor.py:842} WARNING - No viable dags retrieved from /Users/gaurav/Documents/Breast-Cancer-ML-Pipeline/venv/lib/python3.9/site-packages/airflow/example_dags/plugins/event_listener.py
[2025-04-21T17:25:36.639-0400] {processor.py:183} INFO - Processing /Users/gaurav/Documents/Breast-Cancer-ML-Pipeline/venv/lib/python3.9/site-packages/airflow/example_dags/plugins/event_listener.py took 0.062 seconds
[2025-04-21T17:26:15.168-0400] {processor.py:161} INFO - Started process (PID=86832) to work on /Users/gaurav/Documents/Breast-Cancer-ML-Pipeline/venv/lib/python3.9/site-packages/airflow/example_dags/plugins/event_listener.py
[2025-04-21T17:26:15.169-0400] {processor.py:830} INFO - Processing file /Users/gaurav/Documents/Breast-Cancer-ML-Pipeline/venv/lib/python3.9/site-packages/airflow/example_dags/plugins/event_listener.py for tasks to queue
[2025-04-21T17:26:15.170-0400] {logging_mixin.py:188} INFO - [2025-04-21T17:26:15.170-0400] {dagbag.py:538} INFO - Filling up the DagBag from /Users/gaurav/Documents/Breast-Cancer-ML-Pipeline/venv/lib/python3.9/site-packages/airflow/example_dags/plugins/event_listener.py
[2025-04-21T17:26:15.171-0400] {processor.py:842} WARNING - No viable dags retrieved from /Users/gaurav/Documents/Breast-Cancer-ML-Pipeline/venv/lib/python3.9/site-packages/airflow/example_dags/plugins/event_listener.py
[2025-04-21T17:26:15.228-0400] {processor.py:183} INFO - Processing /Users/gaurav/Documents/Breast-Cancer-ML-Pipeline/venv/lib/python3.9/site-packages/airflow/example_dags/plugins/event_listener.py took 0.061 seconds
[2025-04-21T17:27:30.519-0400] {processor.py:161} INFO - Started process (PID=86941) to work on /Users/gaurav/Documents/Breast-Cancer-ML-Pipeline/venv/lib/python3.9/site-packages/airflow/example_dags/plugins/event_listener.py
[2025-04-21T17:27:30.521-0400] {processor.py:830} INFO - Processing file /Users/gaurav/Documents/Breast-Cancer-ML-Pipeline/venv/lib/python3.9/site-packages/airflow/example_dags/plugins/event_listener.py for tasks to queue
[2025-04-21T17:27:30.521-0400] {logging_mixin.py:188} INFO - [2025-04-21T17:27:30.521-0400] {dagbag.py:538} INFO - Filling up the DagBag from /Users/gaurav/Documents/Breast-Cancer-ML-Pipeline/venv/lib/python3.9/site-packages/airflow/example_dags/plugins/event_listener.py
[2025-04-21T17:27:30.522-0400] {processor.py:842} WARNING - No viable dags retrieved from /Users/gaurav/Documents/Breast-Cancer-ML-Pipeline/venv/lib/python3.9/site-packages/airflow/example_dags/plugins/event_listener.py
[2025-04-21T17:27:30.582-0400] {processor.py:183} INFO - Processing /Users/gaurav/Documents/Breast-Cancer-ML-Pipeline/venv/lib/python3.9/site-packages/airflow/example_dags/plugins/event_listener.py took 0.064 seconds
[2025-04-21T17:29:05.090-0400] {processor.py:161} INFO - Started process (PID=87090) to work on /Users/gaurav/Documents/Breast-Cancer-ML-Pipeline/venv/lib/python3.9/site-packages/airflow/example_dags/plugins/event_listener.py
[2025-04-21T17:29:05.092-0400] {processor.py:830} INFO - Processing file /Users/gaurav/Documents/Breast-Cancer-ML-Pipeline/venv/lib/python3.9/site-packages/airflow/example_dags/plugins/event_listener.py for tasks to queue
[2025-04-21T17:29:05.093-0400] {logging_mixin.py:188} INFO - [2025-04-21T17:29:05.093-0400] {dagbag.py:538} INFO - Filling up the DagBag from /Users/gaurav/Documents/Breast-Cancer-ML-Pipeline/venv/lib/python3.9/site-packages/airflow/example_dags/plugins/event_listener.py
[2025-04-21T17:29:05.094-0400] {processor.py:842} WARNING - No viable dags retrieved from /Users/gaurav/Documents/Breast-Cancer-ML-Pipeline/venv/lib/python3.9/site-packages/airflow/example_dags/plugins/event_listener.py
[2025-04-21T17:29:05.153-0400] {processor.py:183} INFO - Processing /Users/gaurav/Documents/Breast-Cancer-ML-Pipeline/venv/lib/python3.9/site-packages/airflow/example_dags/plugins/event_listener.py took 0.063 seconds
[2025-04-21T17:29:56.156-0400] {processor.py:161} INFO - Started process (PID=87145) to work on /Users/gaurav/Documents/Breast-Cancer-ML-Pipeline/venv/lib/python3.9/site-packages/airflow/example_dags/plugins/event_listener.py
[2025-04-21T17:29:56.158-0400] {processor.py:830} INFO - Processing file /Users/gaurav/Documents/Breast-Cancer-ML-Pipeline/venv/lib/python3.9/site-packages/airflow/example_dags/plugins/event_listener.py for tasks to queue
[2025-04-21T17:29:56.158-0400] {logging_mixin.py:188} INFO - [2025-04-21T17:29:56.158-0400] {dagbag.py:538} INFO - Filling up the DagBag from /Users/gaurav/Documents/Breast-Cancer-ML-Pipeline/venv/lib/python3.9/site-packages/airflow/example_dags/plugins/event_listener.py
[2025-04-21T17:29:56.159-0400] {processor.py:842} WARNING - No viable dags retrieved from /Users/gaurav/Documents/Breast-Cancer-ML-Pipeline/venv/lib/python3.9/site-packages/airflow/example_dags/plugins/event_listener.py
[2025-04-21T17:29:56.216-0400] {processor.py:183} INFO - Processing /Users/gaurav/Documents/Breast-Cancer-ML-Pipeline/venv/lib/python3.9/site-packages/airflow/example_dags/plugins/event_listener.py took 0.060 seconds
[2025-04-21T17:30:34.344-0400] {processor.py:161} INFO - Started process (PID=87190) to work on /Users/gaurav/Documents/Breast-Cancer-ML-Pipeline/venv/lib/python3.9/site-packages/airflow/example_dags/plugins/event_listener.py
[2025-04-21T17:30:34.346-0400] {processor.py:830} INFO - Processing file /Users/gaurav/Documents/Breast-Cancer-ML-Pipeline/venv/lib/python3.9/site-packages/airflow/example_dags/plugins/event_listener.py for tasks to queue
[2025-04-21T17:30:34.346-0400] {logging_mixin.py:188} INFO - [2025-04-21T17:30:34.346-0400] {dagbag.py:538} INFO - Filling up the DagBag from /Users/gaurav/Documents/Breast-Cancer-ML-Pipeline/venv/lib/python3.9/site-packages/airflow/example_dags/plugins/event_listener.py
[2025-04-21T17:30:34.347-0400] {processor.py:842} WARNING - No viable dags retrieved from /Users/gaurav/Documents/Breast-Cancer-ML-Pipeline/venv/lib/python3.9/site-packages/airflow/example_dags/plugins/event_listener.py
[2025-04-21T17:30:34.405-0400] {processor.py:183} INFO - Processing /Users/gaurav/Documents/Breast-Cancer-ML-Pipeline/venv/lib/python3.9/site-packages/airflow/example_dags/plugins/event_listener.py took 0.062 seconds
[2025-04-21T17:31:12.954-0400] {processor.py:161} INFO - Started process (PID=87231) to work on /Users/gaurav/Documents/Breast-Cancer-ML-Pipeline/venv/lib/python3.9/site-packages/airflow/example_dags/plugins/event_listener.py
[2025-04-21T17:31:12.956-0400] {processor.py:830} INFO - Processing file /Users/gaurav/Documents/Breast-Cancer-ML-Pipeline/venv/lib/python3.9/site-packages/airflow/example_dags/plugins/event_listener.py for tasks to queue
[2025-04-21T17:31:12.956-0400] {logging_mixin.py:188} INFO - [2025-04-21T17:31:12.956-0400] {dagbag.py:538} INFO - Filling up the DagBag from /Users/gaurav/Documents/Breast-Cancer-ML-Pipeline/venv/lib/python3.9/site-packages/airflow/example_dags/plugins/event_listener.py
[2025-04-21T17:31:12.957-0400] {processor.py:842} WARNING - No viable dags retrieved from /Users/gaurav/Documents/Breast-Cancer-ML-Pipeline/venv/lib/python3.9/site-packages/airflow/example_dags/plugins/event_listener.py
[2025-04-21T17:31:13.013-0400] {processor.py:183} INFO - Processing /Users/gaurav/Documents/Breast-Cancer-ML-Pipeline/venv/lib/python3.9/site-packages/airflow/example_dags/plugins/event_listener.py took 0.060 seconds
[2025-04-21T17:35:30.171-0400] {processor.py:161} INFO - Started process (PID=87447) to work on /Users/gaurav/Documents/Breast-Cancer-ML-Pipeline/venv/lib/python3.9/site-packages/airflow/example_dags/plugins/event_listener.py
[2025-04-21T17:35:30.173-0400] {processor.py:830} INFO - Processing file /Users/gaurav/Documents/Breast-Cancer-ML-Pipeline/venv/lib/python3.9/site-packages/airflow/example_dags/plugins/event_listener.py for tasks to queue
[2025-04-21T17:35:30.174-0400] {logging_mixin.py:188} INFO - [2025-04-21T17:35:30.174-0400] {dagbag.py:538} INFO - Filling up the DagBag from /Users/gaurav/Documents/Breast-Cancer-ML-Pipeline/venv/lib/python3.9/site-packages/airflow/example_dags/plugins/event_listener.py
[2025-04-21T17:35:30.175-0400] {processor.py:842} WARNING - No viable dags retrieved from /Users/gaurav/Documents/Breast-Cancer-ML-Pipeline/venv/lib/python3.9/site-packages/airflow/example_dags/plugins/event_listener.py
[2025-04-21T17:35:30.231-0400] {processor.py:183} INFO - Processing /Users/gaurav/Documents/Breast-Cancer-ML-Pipeline/venv/lib/python3.9/site-packages/airflow/example_dags/plugins/event_listener.py took 0.060 seconds
[2025-04-21T17:38:15.700-0400] {processor.py:161} INFO - Started process (PID=87840) to work on /Users/gaurav/Documents/Breast-Cancer-ML-Pipeline/venv/lib/python3.9/site-packages/airflow/example_dags/plugins/event_listener.py
[2025-04-21T17:38:15.702-0400] {processor.py:830} INFO - Processing file /Users/gaurav/Documents/Breast-Cancer-ML-Pipeline/venv/lib/python3.9/site-packages/airflow/example_dags/plugins/event_listener.py for tasks to queue
[2025-04-21T17:38:15.702-0400] {logging_mixin.py:188} INFO - [2025-04-21T17:38:15.702-0400] {dagbag.py:538} INFO - Filling up the DagBag from /Users/gaurav/Documents/Breast-Cancer-ML-Pipeline/venv/lib/python3.9/site-packages/airflow/example_dags/plugins/event_listener.py
[2025-04-21T17:38:15.703-0400] {processor.py:842} WARNING - No viable dags retrieved from /Users/gaurav/Documents/Breast-Cancer-ML-Pipeline/venv/lib/python3.9/site-packages/airflow/example_dags/plugins/event_listener.py
[2025-04-21T17:38:15.758-0400] {processor.py:183} INFO - Processing /Users/gaurav/Documents/Breast-Cancer-ML-Pipeline/venv/lib/python3.9/site-packages/airflow/example_dags/plugins/event_listener.py took 0.059 seconds
[2025-04-21T17:39:31.000-0400] {processor.py:161} INFO - Started process (PID=87910) to work on /Users/gaurav/Documents/Breast-Cancer-ML-Pipeline/venv/lib/python3.9/site-packages/airflow/example_dags/plugins/event_listener.py
[2025-04-21T17:39:31.001-0400] {processor.py:830} INFO - Processing file /Users/gaurav/Documents/Breast-Cancer-ML-Pipeline/venv/lib/python3.9/site-packages/airflow/example_dags/plugins/event_listener.py for tasks to queue
[2025-04-21T17:39:31.001-0400] {logging_mixin.py:188} INFO - [2025-04-21T17:39:31.001-0400] {dagbag.py:538} INFO - Filling up the DagBag from /Users/gaurav/Documents/Breast-Cancer-ML-Pipeline/venv/lib/python3.9/site-packages/airflow/example_dags/plugins/event_listener.py
[2025-04-21T17:39:31.002-0400] {processor.py:842} WARNING - No viable dags retrieved from /Users/gaurav/Documents/Breast-Cancer-ML-Pipeline/venv/lib/python3.9/site-packages/airflow/example_dags/plugins/event_listener.py
[2025-04-21T17:39:31.058-0400] {processor.py:183} INFO - Processing /Users/gaurav/Documents/Breast-Cancer-ML-Pipeline/venv/lib/python3.9/site-packages/airflow/example_dags/plugins/event_listener.py took 0.059 seconds
[2025-04-21T17:40:48.497-0400] {processor.py:161} INFO - Started process (PID=88043) to work on /Users/gaurav/Documents/Breast-Cancer-ML-Pipeline/venv/lib/python3.9/site-packages/airflow/example_dags/plugins/event_listener.py
[2025-04-21T17:40:48.498-0400] {processor.py:830} INFO - Processing file /Users/gaurav/Documents/Breast-Cancer-ML-Pipeline/venv/lib/python3.9/site-packages/airflow/example_dags/plugins/event_listener.py for tasks to queue
[2025-04-21T17:40:48.499-0400] {logging_mixin.py:188} INFO - [2025-04-21T17:40:48.499-0400] {dagbag.py:538} INFO - Filling up the DagBag from /Users/gaurav/Documents/Breast-Cancer-ML-Pipeline/venv/lib/python3.9/site-packages/airflow/example_dags/plugins/event_listener.py
[2025-04-21T17:40:48.500-0400] {processor.py:842} WARNING - No viable dags retrieved from /Users/gaurav/Documents/Breast-Cancer-ML-Pipeline/venv/lib/python3.9/site-packages/airflow/example_dags/plugins/event_listener.py
[2025-04-21T17:40:48.556-0400] {processor.py:183} INFO - Processing /Users/gaurav/Documents/Breast-Cancer-ML-Pipeline/venv/lib/python3.9/site-packages/airflow/example_dags/plugins/event_listener.py took 0.059 seconds
[2025-04-21T17:41:53.651-0400] {processor.py:161} INFO - Started process (PID=88128) to work on /Users/gaurav/Documents/Breast-Cancer-ML-Pipeline/venv/lib/python3.9/site-packages/airflow/example_dags/plugins/event_listener.py
[2025-04-21T17:41:53.653-0400] {processor.py:830} INFO - Processing file /Users/gaurav/Documents/Breast-Cancer-ML-Pipeline/venv/lib/python3.9/site-packages/airflow/example_dags/plugins/event_listener.py for tasks to queue
[2025-04-21T17:41:53.654-0400] {logging_mixin.py:188} INFO - [2025-04-21T17:41:53.654-0400] {dagbag.py:538} INFO - Filling up the DagBag from /Users/gaurav/Documents/Breast-Cancer-ML-Pipeline/venv/lib/python3.9/site-packages/airflow/example_dags/plugins/event_listener.py
[2025-04-21T17:41:53.655-0400] {processor.py:842} WARNING - No viable dags retrieved from /Users/gaurav/Documents/Breast-Cancer-ML-Pipeline/venv/lib/python3.9/site-packages/airflow/example_dags/plugins/event_listener.py
[2025-04-21T17:41:53.711-0400] {processor.py:183} INFO - Processing /Users/gaurav/Documents/Breast-Cancer-ML-Pipeline/venv/lib/python3.9/site-packages/airflow/example_dags/plugins/event_listener.py took 0.060 seconds
[2025-04-21T17:42:32.743-0400] {processor.py:161} INFO - Started process (PID=88174) to work on /Users/gaurav/Documents/Breast-Cancer-ML-Pipeline/venv/lib/python3.9/site-packages/airflow/example_dags/plugins/event_listener.py
[2025-04-21T17:42:32.744-0400] {processor.py:830} INFO - Processing file /Users/gaurav/Documents/Breast-Cancer-ML-Pipeline/venv/lib/python3.9/site-packages/airflow/example_dags/plugins/event_listener.py for tasks to queue
[2025-04-21T17:42:32.745-0400] {logging_mixin.py:188} INFO - [2025-04-21T17:42:32.745-0400] {dagbag.py:538} INFO - Filling up the DagBag from /Users/gaurav/Documents/Breast-Cancer-ML-Pipeline/venv/lib/python3.9/site-packages/airflow/example_dags/plugins/event_listener.py
[2025-04-21T17:42:32.746-0400] {processor.py:842} WARNING - No viable dags retrieved from /Users/gaurav/Documents/Breast-Cancer-ML-Pipeline/venv/lib/python3.9/site-packages/airflow/example_dags/plugins/event_listener.py
[2025-04-21T17:42:32.801-0400] {processor.py:183} INFO - Processing /Users/gaurav/Documents/Breast-Cancer-ML-Pipeline/venv/lib/python3.9/site-packages/airflow/example_dags/plugins/event_listener.py took 0.058 seconds
[2025-04-21T17:43:44.621-0400] {processor.py:161} INFO - Started process (PID=88254) to work on /Users/gaurav/Documents/Breast-Cancer-ML-Pipeline/venv/lib/python3.9/site-packages/airflow/example_dags/plugins/event_listener.py
[2025-04-21T17:43:44.623-0400] {processor.py:830} INFO - Processing file /Users/gaurav/Documents/Breast-Cancer-ML-Pipeline/venv/lib/python3.9/site-packages/airflow/example_dags/plugins/event_listener.py for tasks to queue
[2025-04-21T17:43:44.624-0400] {logging_mixin.py:188} INFO - [2025-04-21T17:43:44.624-0400] {dagbag.py:538} INFO - Filling up the DagBag from /Users/gaurav/Documents/Breast-Cancer-ML-Pipeline/venv/lib/python3.9/site-packages/airflow/example_dags/plugins/event_listener.py
[2025-04-21T17:43:44.625-0400] {processor.py:842} WARNING - No viable dags retrieved from /Users/gaurav/Documents/Breast-Cancer-ML-Pipeline/venv/lib/python3.9/site-packages/airflow/example_dags/plugins/event_listener.py
[2025-04-21T17:43:44.680-0400] {processor.py:183} INFO - Processing /Users/gaurav/Documents/Breast-Cancer-ML-Pipeline/venv/lib/python3.9/site-packages/airflow/example_dags/plugins/event_listener.py took 0.059 seconds
[2025-04-21T17:44:55.658-0400] {processor.py:161} INFO - Started process (PID=88358) to work on /Users/gaurav/Documents/Breast-Cancer-ML-Pipeline/venv/lib/python3.9/site-packages/airflow/example_dags/plugins/event_listener.py
[2025-04-21T17:44:55.660-0400] {processor.py:830} INFO - Processing file /Users/gaurav/Documents/Breast-Cancer-ML-Pipeline/venv/lib/python3.9/site-packages/airflow/example_dags/plugins/event_listener.py for tasks to queue
[2025-04-21T17:44:55.661-0400] {logging_mixin.py:188} INFO - [2025-04-21T17:44:55.660-0400] {dagbag.py:538} INFO - Filling up the DagBag from /Users/gaurav/Documents/Breast-Cancer-ML-Pipeline/venv/lib/python3.9/site-packages/airflow/example_dags/plugins/event_listener.py
[2025-04-21T17:44:55.661-0400] {processor.py:842} WARNING - No viable dags retrieved from /Users/gaurav/Documents/Breast-Cancer-ML-Pipeline/venv/lib/python3.9/site-packages/airflow/example_dags/plugins/event_listener.py
[2025-04-21T17:44:55.707-0400] {processor.py:183} INFO - Processing /Users/gaurav/Documents/Breast-Cancer-ML-Pipeline/venv/lib/python3.9/site-packages/airflow/example_dags/plugins/event_listener.py took 0.049 seconds
[2025-04-21T17:45:48.130-0400] {processor.py:161} INFO - Started process (PID=88424) to work on /Users/gaurav/Documents/Breast-Cancer-ML-Pipeline/venv/lib/python3.9/site-packages/airflow/example_dags/plugins/event_listener.py
[2025-04-21T17:45:48.131-0400] {processor.py:830} INFO - Processing file /Users/gaurav/Documents/Breast-Cancer-ML-Pipeline/venv/lib/python3.9/site-packages/airflow/example_dags/plugins/event_listener.py for tasks to queue
[2025-04-21T17:45:48.132-0400] {logging_mixin.py:188} INFO - [2025-04-21T17:45:48.132-0400] {dagbag.py:538} INFO - Filling up the DagBag from /Users/gaurav/Documents/Breast-Cancer-ML-Pipeline/venv/lib/python3.9/site-packages/airflow/example_dags/plugins/event_listener.py
[2025-04-21T17:45:48.132-0400] {processor.py:842} WARNING - No viable dags retrieved from /Users/gaurav/Documents/Breast-Cancer-ML-Pipeline/venv/lib/python3.9/site-packages/airflow/example_dags/plugins/event_listener.py
[2025-04-21T17:45:48.177-0400] {processor.py:183} INFO - Processing /Users/gaurav/Documents/Breast-Cancer-ML-Pipeline/venv/lib/python3.9/site-packages/airflow/example_dags/plugins/event_listener.py took 0.048 seconds
[2025-04-21T17:46:42.521-0400] {processor.py:161} INFO - Started process (PID=88557) to work on /Users/gaurav/Documents/Breast-Cancer-ML-Pipeline/venv/lib/python3.9/site-packages/airflow/example_dags/plugins/event_listener.py
[2025-04-21T17:46:42.522-0400] {processor.py:830} INFO - Processing file /Users/gaurav/Documents/Breast-Cancer-ML-Pipeline/venv/lib/python3.9/site-packages/airflow/example_dags/plugins/event_listener.py for tasks to queue
[2025-04-21T17:46:42.522-0400] {logging_mixin.py:188} INFO - [2025-04-21T17:46:42.522-0400] {dagbag.py:538} INFO - Filling up the DagBag from /Users/gaurav/Documents/Breast-Cancer-ML-Pipeline/venv/lib/python3.9/site-packages/airflow/example_dags/plugins/event_listener.py
[2025-04-21T17:46:42.523-0400] {processor.py:842} WARNING - No viable dags retrieved from /Users/gaurav/Documents/Breast-Cancer-ML-Pipeline/venv/lib/python3.9/site-packages/airflow/example_dags/plugins/event_listener.py
[2025-04-21T17:46:42.567-0400] {processor.py:183} INFO - Processing /Users/gaurav/Documents/Breast-Cancer-ML-Pipeline/venv/lib/python3.9/site-packages/airflow/example_dags/plugins/event_listener.py took 0.047 seconds
[2025-04-21T17:47:36.657-0400] {processor.py:161} INFO - Started process (PID=88623) to work on /Users/gaurav/Documents/Breast-Cancer-ML-Pipeline/venv/lib/python3.9/site-packages/airflow/example_dags/plugins/event_listener.py
[2025-04-21T17:47:36.658-0400] {processor.py:830} INFO - Processing file /Users/gaurav/Documents/Breast-Cancer-ML-Pipeline/venv/lib/python3.9/site-packages/airflow/example_dags/plugins/event_listener.py for tasks to queue
[2025-04-21T17:47:36.659-0400] {logging_mixin.py:188} INFO - [2025-04-21T17:47:36.659-0400] {dagbag.py:538} INFO - Filling up the DagBag from /Users/gaurav/Documents/Breast-Cancer-ML-Pipeline/venv/lib/python3.9/site-packages/airflow/example_dags/plugins/event_listener.py
[2025-04-21T17:47:36.659-0400] {processor.py:842} WARNING - No viable dags retrieved from /Users/gaurav/Documents/Breast-Cancer-ML-Pipeline/venv/lib/python3.9/site-packages/airflow/example_dags/plugins/event_listener.py
[2025-04-21T17:47:36.702-0400] {processor.py:183} INFO - Processing /Users/gaurav/Documents/Breast-Cancer-ML-Pipeline/venv/lib/python3.9/site-packages/airflow/example_dags/plugins/event_listener.py took 0.045 seconds
[2025-04-21T17:48:22.136-0400] {processor.py:161} INFO - Started process (PID=88679) to work on /Users/gaurav/Documents/Breast-Cancer-ML-Pipeline/venv/lib/python3.9/site-packages/airflow/example_dags/plugins/event_listener.py
[2025-04-21T17:48:22.138-0400] {processor.py:830} INFO - Processing file /Users/gaurav/Documents/Breast-Cancer-ML-Pipeline/venv/lib/python3.9/site-packages/airflow/example_dags/plugins/event_listener.py for tasks to queue
[2025-04-21T17:48:22.138-0400] {logging_mixin.py:188} INFO - [2025-04-21T17:48:22.138-0400] {dagbag.py:538} INFO - Filling up the DagBag from /Users/gaurav/Documents/Breast-Cancer-ML-Pipeline/venv/lib/python3.9/site-packages/airflow/example_dags/plugins/event_listener.py
[2025-04-21T17:48:22.139-0400] {processor.py:842} WARNING - No viable dags retrieved from /Users/gaurav/Documents/Breast-Cancer-ML-Pipeline/venv/lib/python3.9/site-packages/airflow/example_dags/plugins/event_listener.py
[2025-04-21T17:48:22.182-0400] {processor.py:183} INFO - Processing /Users/gaurav/Documents/Breast-Cancer-ML-Pipeline/venv/lib/python3.9/site-packages/airflow/example_dags/plugins/event_listener.py took 0.047 seconds
[2025-04-21T17:49:05.798-0400] {processor.py:161} INFO - Started process (PID=88749) to work on /Users/gaurav/Documents/Breast-Cancer-ML-Pipeline/venv/lib/python3.9/site-packages/airflow/example_dags/plugins/event_listener.py
[2025-04-21T17:49:05.800-0400] {processor.py:830} INFO - Processing file /Users/gaurav/Documents/Breast-Cancer-ML-Pipeline/venv/lib/python3.9/site-packages/airflow/example_dags/plugins/event_listener.py for tasks to queue
[2025-04-21T17:49:05.800-0400] {logging_mixin.py:188} INFO - [2025-04-21T17:49:05.800-0400] {dagbag.py:538} INFO - Filling up the DagBag from /Users/gaurav/Documents/Breast-Cancer-ML-Pipeline/venv/lib/python3.9/site-packages/airflow/example_dags/plugins/event_listener.py
[2025-04-21T17:49:05.801-0400] {processor.py:842} WARNING - No viable dags retrieved from /Users/gaurav/Documents/Breast-Cancer-ML-Pipeline/venv/lib/python3.9/site-packages/airflow/example_dags/plugins/event_listener.py
[2025-04-21T17:49:05.846-0400] {processor.py:183} INFO - Processing /Users/gaurav/Documents/Breast-Cancer-ML-Pipeline/venv/lib/python3.9/site-packages/airflow/example_dags/plugins/event_listener.py took 0.048 seconds
[2025-04-21T17:49:48.871-0400] {processor.py:161} INFO - Started process (PID=88806) to work on /Users/gaurav/Documents/Breast-Cancer-ML-Pipeline/venv/lib/python3.9/site-packages/airflow/example_dags/plugins/event_listener.py
[2025-04-21T17:49:48.872-0400] {processor.py:830} INFO - Processing file /Users/gaurav/Documents/Breast-Cancer-ML-Pipeline/venv/lib/python3.9/site-packages/airflow/example_dags/plugins/event_listener.py for tasks to queue
[2025-04-21T17:49:48.872-0400] {logging_mixin.py:188} INFO - [2025-04-21T17:49:48.872-0400] {dagbag.py:538} INFO - Filling up the DagBag from /Users/gaurav/Documents/Breast-Cancer-ML-Pipeline/venv/lib/python3.9/site-packages/airflow/example_dags/plugins/event_listener.py
[2025-04-21T17:49:48.873-0400] {processor.py:842} WARNING - No viable dags retrieved from /Users/gaurav/Documents/Breast-Cancer-ML-Pipeline/venv/lib/python3.9/site-packages/airflow/example_dags/plugins/event_listener.py
[2025-04-21T17:49:48.919-0400] {processor.py:183} INFO - Processing /Users/gaurav/Documents/Breast-Cancer-ML-Pipeline/venv/lib/python3.9/site-packages/airflow/example_dags/plugins/event_listener.py took 0.049 seconds
[2025-04-21T17:50:38.320-0400] {processor.py:161} INFO - Started process (PID=88877) to work on /Users/gaurav/Documents/Breast-Cancer-ML-Pipeline/venv/lib/python3.9/site-packages/airflow/example_dags/plugins/event_listener.py
[2025-04-21T17:50:38.321-0400] {processor.py:830} INFO - Processing file /Users/gaurav/Documents/Breast-Cancer-ML-Pipeline/venv/lib/python3.9/site-packages/airflow/example_dags/plugins/event_listener.py for tasks to queue
[2025-04-21T17:50:38.321-0400] {logging_mixin.py:188} INFO - [2025-04-21T17:50:38.321-0400] {dagbag.py:538} INFO - Filling up the DagBag from /Users/gaurav/Documents/Breast-Cancer-ML-Pipeline/venv/lib/python3.9/site-packages/airflow/example_dags/plugins/event_listener.py
[2025-04-21T17:50:38.322-0400] {processor.py:842} WARNING - No viable dags retrieved from /Users/gaurav/Documents/Breast-Cancer-ML-Pipeline/venv/lib/python3.9/site-packages/airflow/example_dags/plugins/event_listener.py
[2025-04-21T17:50:38.371-0400] {processor.py:183} INFO - Processing /Users/gaurav/Documents/Breast-Cancer-ML-Pipeline/venv/lib/python3.9/site-packages/airflow/example_dags/plugins/event_listener.py took 0.052 seconds
[2025-04-21T17:51:30.605-0400] {processor.py:161} INFO - Started process (PID=88952) to work on /Users/gaurav/Documents/Breast-Cancer-ML-Pipeline/venv/lib/python3.9/site-packages/airflow/example_dags/plugins/event_listener.py
[2025-04-21T17:51:30.607-0400] {processor.py:830} INFO - Processing file /Users/gaurav/Documents/Breast-Cancer-ML-Pipeline/venv/lib/python3.9/site-packages/airflow/example_dags/plugins/event_listener.py for tasks to queue
[2025-04-21T17:51:30.608-0400] {logging_mixin.py:188} INFO - [2025-04-21T17:51:30.607-0400] {dagbag.py:538} INFO - Filling up the DagBag from /Users/gaurav/Documents/Breast-Cancer-ML-Pipeline/venv/lib/python3.9/site-packages/airflow/example_dags/plugins/event_listener.py
[2025-04-21T17:51:30.608-0400] {processor.py:842} WARNING - No viable dags retrieved from /Users/gaurav/Documents/Breast-Cancer-ML-Pipeline/venv/lib/python3.9/site-packages/airflow/example_dags/plugins/event_listener.py
[2025-04-21T17:51:30.663-0400] {processor.py:183} INFO - Processing /Users/gaurav/Documents/Breast-Cancer-ML-Pipeline/venv/lib/python3.9/site-packages/airflow/example_dags/plugins/event_listener.py took 0.058 seconds
[2025-04-21T17:52:22.497-0400] {processor.py:161} INFO - Started process (PID=89020) to work on /Users/gaurav/Documents/Breast-Cancer-ML-Pipeline/venv/lib/python3.9/site-packages/airflow/example_dags/plugins/event_listener.py
[2025-04-21T17:52:22.498-0400] {processor.py:830} INFO - Processing file /Users/gaurav/Documents/Breast-Cancer-ML-Pipeline/venv/lib/python3.9/site-packages/airflow/example_dags/plugins/event_listener.py for tasks to queue
[2025-04-21T17:52:22.499-0400] {logging_mixin.py:188} INFO - [2025-04-21T17:52:22.498-0400] {dagbag.py:538} INFO - Filling up the DagBag from /Users/gaurav/Documents/Breast-Cancer-ML-Pipeline/venv/lib/python3.9/site-packages/airflow/example_dags/plugins/event_listener.py
[2025-04-21T17:52:22.499-0400] {processor.py:842} WARNING - No viable dags retrieved from /Users/gaurav/Documents/Breast-Cancer-ML-Pipeline/venv/lib/python3.9/site-packages/airflow/example_dags/plugins/event_listener.py
[2025-04-21T17:52:22.542-0400] {processor.py:183} INFO - Processing /Users/gaurav/Documents/Breast-Cancer-ML-Pipeline/venv/lib/python3.9/site-packages/airflow/example_dags/plugins/event_listener.py took 0.046 seconds
[2025-04-21T17:53:14.513-0400] {processor.py:161} INFO - Started process (PID=89091) to work on /Users/gaurav/Documents/Breast-Cancer-ML-Pipeline/venv/lib/python3.9/site-packages/airflow/example_dags/plugins/event_listener.py
[2025-04-21T17:53:14.515-0400] {processor.py:830} INFO - Processing file /Users/gaurav/Documents/Breast-Cancer-ML-Pipeline/venv/lib/python3.9/site-packages/airflow/example_dags/plugins/event_listener.py for tasks to queue
[2025-04-21T17:53:14.515-0400] {logging_mixin.py:188} INFO - [2025-04-21T17:53:14.515-0400] {dagbag.py:538} INFO - Filling up the DagBag from /Users/gaurav/Documents/Breast-Cancer-ML-Pipeline/venv/lib/python3.9/site-packages/airflow/example_dags/plugins/event_listener.py
[2025-04-21T17:53:14.516-0400] {processor.py:842} WARNING - No viable dags retrieved from /Users/gaurav/Documents/Breast-Cancer-ML-Pipeline/venv/lib/python3.9/site-packages/airflow/example_dags/plugins/event_listener.py
[2025-04-21T17:53:14.563-0400] {processor.py:183} INFO - Processing /Users/gaurav/Documents/Breast-Cancer-ML-Pipeline/venv/lib/python3.9/site-packages/airflow/example_dags/plugins/event_listener.py took 0.050 seconds
[2025-04-21T17:54:05.621-0400] {processor.py:161} INFO - Started process (PID=89160) to work on /Users/gaurav/Documents/Breast-Cancer-ML-Pipeline/venv/lib/python3.9/site-packages/airflow/example_dags/plugins/event_listener.py
[2025-04-21T17:54:05.622-0400] {processor.py:830} INFO - Processing file /Users/gaurav/Documents/Breast-Cancer-ML-Pipeline/venv/lib/python3.9/site-packages/airflow/example_dags/plugins/event_listener.py for tasks to queue
[2025-04-21T17:54:05.623-0400] {logging_mixin.py:188} INFO - [2025-04-21T17:54:05.623-0400] {dagbag.py:538} INFO - Filling up the DagBag from /Users/gaurav/Documents/Breast-Cancer-ML-Pipeline/venv/lib/python3.9/site-packages/airflow/example_dags/plugins/event_listener.py
[2025-04-21T17:54:05.624-0400] {processor.py:842} WARNING - No viable dags retrieved from /Users/gaurav/Documents/Breast-Cancer-ML-Pipeline/venv/lib/python3.9/site-packages/airflow/example_dags/plugins/event_listener.py
[2025-04-21T17:54:05.669-0400] {processor.py:183} INFO - Processing /Users/gaurav/Documents/Breast-Cancer-ML-Pipeline/venv/lib/python3.9/site-packages/airflow/example_dags/plugins/event_listener.py took 0.048 seconds
[2025-04-21T17:54:59.445-0400] {processor.py:161} INFO - Started process (PID=89262) to work on /Users/gaurav/Documents/Breast-Cancer-ML-Pipeline/venv/lib/python3.9/site-packages/airflow/example_dags/plugins/event_listener.py
[2025-04-21T17:54:59.446-0400] {processor.py:830} INFO - Processing file /Users/gaurav/Documents/Breast-Cancer-ML-Pipeline/venv/lib/python3.9/site-packages/airflow/example_dags/plugins/event_listener.py for tasks to queue
[2025-04-21T17:54:59.447-0400] {logging_mixin.py:188} INFO - [2025-04-21T17:54:59.447-0400] {dagbag.py:538} INFO - Filling up the DagBag from /Users/gaurav/Documents/Breast-Cancer-ML-Pipeline/venv/lib/python3.9/site-packages/airflow/example_dags/plugins/event_listener.py
[2025-04-21T17:54:59.447-0400] {processor.py:842} WARNING - No viable dags retrieved from /Users/gaurav/Documents/Breast-Cancer-ML-Pipeline/venv/lib/python3.9/site-packages/airflow/example_dags/plugins/event_listener.py
[2025-04-21T17:54:59.491-0400] {processor.py:183} INFO - Processing /Users/gaurav/Documents/Breast-Cancer-ML-Pipeline/venv/lib/python3.9/site-packages/airflow/example_dags/plugins/event_listener.py took 0.046 seconds
