[2025-04-21T16:38:18.798-0400] {processor.py:161} INFO - Started process (PID=83488) to work on /Users/gaurav/Documents/Breast-Cancer-ML-Pipeline/venv/lib/python3.9/site-packages/airflow/example_dags/plugins/listener_plugin.py
[2025-04-21T16:38:18.800-0400] {processor.py:830} INFO - Processing file /Users/gaurav/Documents/Breast-Cancer-ML-Pipeline/venv/lib/python3.9/site-packages/airflow/example_dags/plugins/listener_plugin.py for tasks to queue
[2025-04-21T16:38:18.800-0400] {logging_mixin.py:188} INFO - [2025-04-21T16:38:18.800-0400] {dagbag.py:538} INFO - Filling up the DagBag from /Users/gaurav/Documents/Breast-Cancer-ML-Pipeline/venv/lib/python3.9/site-packages/airflow/example_dags/plugins/listener_plugin.py
[2025-04-21T16:38:18.803-0400] {processor.py:842} WARNING - No viable dags retrieved from /Users/gaurav/Documents/Breast-Cancer-ML-Pipeline/venv/lib/python3.9/site-packages/airflow/example_dags/plugins/listener_plugin.py
[2025-04-21T16:38:18.863-0400] {processor.py:183} INFO - Processing /Users/gaurav/Documents/Breast-Cancer-ML-Pipeline/venv/lib/python3.9/site-packages/airflow/example_dags/plugins/listener_plugin.py took 0.066 seconds
[2025-04-21T16:40:16.023-0400] {processor.py:161} INFO - Started process (PID=83610) to work on /Users/gaurav/Documents/Breast-Cancer-ML-Pipeline/venv/lib/python3.9/site-packages/airflow/example_dags/plugins/listener_plugin.py
[2025-04-21T16:40:16.024-0400] {processor.py:830} INFO - Processing file /Users/gaurav/Documents/Breast-Cancer-ML-Pipeline/venv/lib/python3.9/site-packages/airflow/example_dags/plugins/listener_plugin.py for tasks to queue
[2025-04-21T16:40:16.025-0400] {logging_mixin.py:188} INFO - [2025-04-21T16:40:16.025-0400] {dagbag.py:538} INFO - Filling up the DagBag from /Users/gaurav/Documents/Breast-Cancer-ML-Pipeline/venv/lib/python3.9/site-packages/airflow/example_dags/plugins/listener_plugin.py
[2025-04-21T16:40:16.027-0400] {processor.py:842} WARNING - No viable dags retrieved from /Users/gaurav/Documents/Breast-Cancer-ML-Pipeline/venv/lib/python3.9/site-packages/airflow/example_dags/plugins/listener_plugin.py
[2025-04-21T16:40:16.086-0400] {processor.py:183} INFO - Processing /Users/gaurav/Documents/Breast-Cancer-ML-Pipeline/venv/lib/python3.9/site-packages/airflow/example_dags/plugins/listener_plugin.py took 0.065 seconds
[2025-04-21T16:41:34.623-0400] {processor.py:161} INFO - Started process (PID=83674) to work on /Users/gaurav/Documents/Breast-Cancer-ML-Pipeline/venv/lib/python3.9/site-packages/airflow/example_dags/plugins/listener_plugin.py
[2025-04-21T16:41:34.625-0400] {processor.py:830} INFO - Processing file /Users/gaurav/Documents/Breast-Cancer-ML-Pipeline/venv/lib/python3.9/site-packages/airflow/example_dags/plugins/listener_plugin.py for tasks to queue
[2025-04-21T16:41:34.625-0400] {logging_mixin.py:188} INFO - [2025-04-21T16:41:34.625-0400] {dagbag.py:538} INFO - Filling up the DagBag from /Users/gaurav/Documents/Breast-Cancer-ML-Pipeline/venv/lib/python3.9/site-packages/airflow/example_dags/plugins/listener_plugin.py
[2025-04-21T16:41:34.628-0400] {processor.py:842} WARNING - No viable dags retrieved from /Users/gaurav/Documents/Breast-Cancer-ML-Pipeline/venv/lib/python3.9/site-packages/airflow/example_dags/plugins/listener_plugin.py
[2025-04-21T16:41:34.690-0400] {processor.py:183} INFO - Processing /Users/gaurav/Documents/Breast-Cancer-ML-Pipeline/venv/lib/python3.9/site-packages/airflow/example_dags/plugins/listener_plugin.py took 0.068 seconds
[2025-04-21T16:42:55.384-0400] {processor.py:161} INFO - Started process (PID=83739) to work on /Users/gaurav/Documents/Breast-Cancer-ML-Pipeline/venv/lib/python3.9/site-packages/airflow/example_dags/plugins/listener_plugin.py
[2025-04-21T16:42:55.386-0400] {processor.py:830} INFO - Processing file /Users/gaurav/Documents/Breast-Cancer-ML-Pipeline/venv/lib/python3.9/site-packages/airflow/example_dags/plugins/listener_plugin.py for tasks to queue
[2025-04-21T16:42:55.387-0400] {logging_mixin.py:188} INFO - [2025-04-21T16:42:55.387-0400] {dagbag.py:538} INFO - Filling up the DagBag from /Users/gaurav/Documents/Breast-Cancer-ML-Pipeline/venv/lib/python3.9/site-packages/airflow/example_dags/plugins/listener_plugin.py
[2025-04-21T16:42:55.393-0400] {processor.py:842} WARNING - No viable dags retrieved from /Users/gaurav/Documents/Breast-Cancer-ML-Pipeline/venv/lib/python3.9/site-packages/airflow/example_dags/plugins/listener_plugin.py
[2025-04-21T16:42:55.454-0400] {processor.py:183} INFO - Processing /Users/gaurav/Documents/Breast-Cancer-ML-Pipeline/venv/lib/python3.9/site-packages/airflow/example_dags/plugins/listener_plugin.py took 0.071 seconds
[2025-04-21T16:44:20.236-0400] {processor.py:161} INFO - Started process (PID=83813) to work on /Users/gaurav/Documents/Breast-Cancer-ML-Pipeline/venv/lib/python3.9/site-packages/airflow/example_dags/plugins/listener_plugin.py
[2025-04-21T16:44:20.237-0400] {processor.py:830} INFO - Processing file /Users/gaurav/Documents/Breast-Cancer-ML-Pipeline/venv/lib/python3.9/site-packages/airflow/example_dags/plugins/listener_plugin.py for tasks to queue
[2025-04-21T16:44:20.238-0400] {logging_mixin.py:188} INFO - [2025-04-21T16:44:20.238-0400] {dagbag.py:538} INFO - Filling up the DagBag from /Users/gaurav/Documents/Breast-Cancer-ML-Pipeline/venv/lib/python3.9/site-packages/airflow/example_dags/plugins/listener_plugin.py
[2025-04-21T16:44:20.240-0400] {processor.py:842} WARNING - No viable dags retrieved from /Users/gaurav/Documents/Breast-Cancer-ML-Pipeline/venv/lib/python3.9/site-packages/airflow/example_dags/plugins/listener_plugin.py
[2025-04-21T16:44:20.300-0400] {processor.py:183} INFO - Processing /Users/gaurav/Documents/Breast-Cancer-ML-Pipeline/venv/lib/python3.9/site-packages/airflow/example_dags/plugins/listener_plugin.py took 0.065 seconds
[2025-04-21T16:46:29.864-0400] {processor.py:161} INFO - Started process (PID=83981) to work on /Users/gaurav/Documents/Breast-Cancer-ML-Pipeline/venv/lib/python3.9/site-packages/airflow/example_dags/plugins/listener_plugin.py
[2025-04-21T16:46:29.866-0400] {processor.py:830} INFO - Processing file /Users/gaurav/Documents/Breast-Cancer-ML-Pipeline/venv/lib/python3.9/site-packages/airflow/example_dags/plugins/listener_plugin.py for tasks to queue
[2025-04-21T16:46:29.867-0400] {logging_mixin.py:188} INFO - [2025-04-21T16:46:29.866-0400] {dagbag.py:538} INFO - Filling up the DagBag from /Users/gaurav/Documents/Breast-Cancer-ML-Pipeline/venv/lib/python3.9/site-packages/airflow/example_dags/plugins/listener_plugin.py
[2025-04-21T16:46:29.868-0400] {processor.py:842} WARNING - No viable dags retrieved from /Users/gaurav/Documents/Breast-Cancer-ML-Pipeline/venv/lib/python3.9/site-packages/airflow/example_dags/plugins/listener_plugin.py
[2025-04-21T16:46:29.925-0400] {processor.py:183} INFO - Processing /Users/gaurav/Documents/Breast-Cancer-ML-Pipeline/venv/lib/python3.9/site-packages/airflow/example_dags/plugins/listener_plugin.py took 0.061 seconds
[2025-04-21T16:47:33.290-0400] {processor.py:161} INFO - Started process (PID=84050) to work on /Users/gaurav/Documents/Breast-Cancer-ML-Pipeline/venv/lib/python3.9/site-packages/airflow/example_dags/plugins/listener_plugin.py
[2025-04-21T16:47:33.292-0400] {processor.py:830} INFO - Processing file /Users/gaurav/Documents/Breast-Cancer-ML-Pipeline/venv/lib/python3.9/site-packages/airflow/example_dags/plugins/listener_plugin.py for tasks to queue
[2025-04-21T16:47:33.293-0400] {logging_mixin.py:188} INFO - [2025-04-21T16:47:33.292-0400] {dagbag.py:538} INFO - Filling up the DagBag from /Users/gaurav/Documents/Breast-Cancer-ML-Pipeline/venv/lib/python3.9/site-packages/airflow/example_dags/plugins/listener_plugin.py
[2025-04-21T16:47:33.294-0400] {processor.py:842} WARNING - No viable dags retrieved from /Users/gaurav/Documents/Breast-Cancer-ML-Pipeline/venv/lib/python3.9/site-packages/airflow/example_dags/plugins/listener_plugin.py
[2025-04-21T16:47:33.352-0400] {processor.py:183} INFO - Processing /Users/gaurav/Documents/Breast-Cancer-ML-Pipeline/venv/lib/python3.9/site-packages/airflow/example_dags/plugins/listener_plugin.py took 0.063 seconds
[2025-04-21T16:48:10.396-0400] {processor.py:161} INFO - Started process (PID=84090) to work on /Users/gaurav/Documents/Breast-Cancer-ML-Pipeline/venv/lib/python3.9/site-packages/airflow/example_dags/plugins/listener_plugin.py
[2025-04-21T16:48:10.398-0400] {processor.py:830} INFO - Processing file /Users/gaurav/Documents/Breast-Cancer-ML-Pipeline/venv/lib/python3.9/site-packages/airflow/example_dags/plugins/listener_plugin.py for tasks to queue
[2025-04-21T16:48:10.398-0400] {logging_mixin.py:188} INFO - [2025-04-21T16:48:10.398-0400] {dagbag.py:538} INFO - Filling up the DagBag from /Users/gaurav/Documents/Breast-Cancer-ML-Pipeline/venv/lib/python3.9/site-packages/airflow/example_dags/plugins/listener_plugin.py
[2025-04-21T16:48:10.400-0400] {processor.py:842} WARNING - No viable dags retrieved from /Users/gaurav/Documents/Breast-Cancer-ML-Pipeline/venv/lib/python3.9/site-packages/airflow/example_dags/plugins/listener_plugin.py
[2025-04-21T16:48:10.458-0400] {processor.py:183} INFO - Processing /Users/gaurav/Documents/Breast-Cancer-ML-Pipeline/venv/lib/python3.9/site-packages/airflow/example_dags/plugins/listener_plugin.py took 0.062 seconds
[2025-04-21T16:49:21.842-0400] {processor.py:161} INFO - Started process (PID=84180) to work on /Users/gaurav/Documents/Breast-Cancer-ML-Pipeline/venv/lib/python3.9/site-packages/airflow/example_dags/plugins/listener_plugin.py
[2025-04-21T16:49:21.844-0400] {processor.py:830} INFO - Processing file /Users/gaurav/Documents/Breast-Cancer-ML-Pipeline/venv/lib/python3.9/site-packages/airflow/example_dags/plugins/listener_plugin.py for tasks to queue
[2025-04-21T16:49:21.844-0400] {logging_mixin.py:188} INFO - [2025-04-21T16:49:21.844-0400] {dagbag.py:538} INFO - Filling up the DagBag from /Users/gaurav/Documents/Breast-Cancer-ML-Pipeline/venv/lib/python3.9/site-packages/airflow/example_dags/plugins/listener_plugin.py
[2025-04-21T16:49:21.846-0400] {processor.py:842} WARNING - No viable dags retrieved from /Users/gaurav/Documents/Breast-Cancer-ML-Pipeline/venv/lib/python3.9/site-packages/airflow/example_dags/plugins/listener_plugin.py
[2025-04-21T16:49:21.903-0400] {processor.py:183} INFO - Processing /Users/gaurav/Documents/Breast-Cancer-ML-Pipeline/venv/lib/python3.9/site-packages/airflow/example_dags/plugins/listener_plugin.py took 0.062 seconds
[2025-04-21T16:50:34.698-0400] {processor.py:161} INFO - Started process (PID=84258) to work on /Users/gaurav/Documents/Breast-Cancer-ML-Pipeline/venv/lib/python3.9/site-packages/airflow/example_dags/plugins/listener_plugin.py
[2025-04-21T16:50:34.700-0400] {processor.py:830} INFO - Processing file /Users/gaurav/Documents/Breast-Cancer-ML-Pipeline/venv/lib/python3.9/site-packages/airflow/example_dags/plugins/listener_plugin.py for tasks to queue
[2025-04-21T16:50:34.700-0400] {logging_mixin.py:188} INFO - [2025-04-21T16:50:34.700-0400] {dagbag.py:538} INFO - Filling up the DagBag from /Users/gaurav/Documents/Breast-Cancer-ML-Pipeline/venv/lib/python3.9/site-packages/airflow/example_dags/plugins/listener_plugin.py
[2025-04-21T16:50:34.703-0400] {processor.py:842} WARNING - No viable dags retrieved from /Users/gaurav/Documents/Breast-Cancer-ML-Pipeline/venv/lib/python3.9/site-packages/airflow/example_dags/plugins/listener_plugin.py
[2025-04-21T16:50:34.764-0400] {processor.py:183} INFO - Processing /Users/gaurav/Documents/Breast-Cancer-ML-Pipeline/venv/lib/python3.9/site-packages/airflow/example_dags/plugins/listener_plugin.py took 0.067 seconds
[2025-04-21T16:51:14.210-0400] {processor.py:161} INFO - Started process (PID=84300) to work on /Users/gaurav/Documents/Breast-Cancer-ML-Pipeline/venv/lib/python3.9/site-packages/airflow/example_dags/plugins/listener_plugin.py
[2025-04-21T16:51:14.211-0400] {processor.py:830} INFO - Processing file /Users/gaurav/Documents/Breast-Cancer-ML-Pipeline/venv/lib/python3.9/site-packages/airflow/example_dags/plugins/listener_plugin.py for tasks to queue
[2025-04-21T16:51:14.212-0400] {logging_mixin.py:188} INFO - [2025-04-21T16:51:14.212-0400] {dagbag.py:538} INFO - Filling up the DagBag from /Users/gaurav/Documents/Breast-Cancer-ML-Pipeline/venv/lib/python3.9/site-packages/airflow/example_dags/plugins/listener_plugin.py
[2025-04-21T16:51:14.214-0400] {processor.py:842} WARNING - No viable dags retrieved from /Users/gaurav/Documents/Breast-Cancer-ML-Pipeline/venv/lib/python3.9/site-packages/airflow/example_dags/plugins/listener_plugin.py
[2025-04-21T16:51:14.277-0400] {processor.py:183} INFO - Processing /Users/gaurav/Documents/Breast-Cancer-ML-Pipeline/venv/lib/python3.9/site-packages/airflow/example_dags/plugins/listener_plugin.py took 0.069 seconds
[2025-04-21T16:51:55.488-0400] {processor.py:161} INFO - Started process (PID=84347) to work on /Users/gaurav/Documents/Breast-Cancer-ML-Pipeline/venv/lib/python3.9/site-packages/airflow/example_dags/plugins/listener_plugin.py
[2025-04-21T16:51:55.489-0400] {processor.py:830} INFO - Processing file /Users/gaurav/Documents/Breast-Cancer-ML-Pipeline/venv/lib/python3.9/site-packages/airflow/example_dags/plugins/listener_plugin.py for tasks to queue
[2025-04-21T16:51:55.490-0400] {logging_mixin.py:188} INFO - [2025-04-21T16:51:55.490-0400] {dagbag.py:538} INFO - Filling up the DagBag from /Users/gaurav/Documents/Breast-Cancer-ML-Pipeline/venv/lib/python3.9/site-packages/airflow/example_dags/plugins/listener_plugin.py
[2025-04-21T16:51:55.492-0400] {processor.py:842} WARNING - No viable dags retrieved from /Users/gaurav/Documents/Breast-Cancer-ML-Pipeline/venv/lib/python3.9/site-packages/airflow/example_dags/plugins/listener_plugin.py
[2025-04-21T16:51:55.547-0400] {processor.py:183} INFO - Processing /Users/gaurav/Documents/Breast-Cancer-ML-Pipeline/venv/lib/python3.9/site-packages/airflow/example_dags/plugins/listener_plugin.py took 0.060 seconds
[2025-04-21T16:52:37.592-0400] {processor.py:161} INFO - Started process (PID=84392) to work on /Users/gaurav/Documents/Breast-Cancer-ML-Pipeline/venv/lib/python3.9/site-packages/airflow/example_dags/plugins/listener_plugin.py
[2025-04-21T16:52:37.594-0400] {processor.py:830} INFO - Processing file /Users/gaurav/Documents/Breast-Cancer-ML-Pipeline/venv/lib/python3.9/site-packages/airflow/example_dags/plugins/listener_plugin.py for tasks to queue
[2025-04-21T16:52:37.595-0400] {logging_mixin.py:188} INFO - [2025-04-21T16:52:37.594-0400] {dagbag.py:538} INFO - Filling up the DagBag from /Users/gaurav/Documents/Breast-Cancer-ML-Pipeline/venv/lib/python3.9/site-packages/airflow/example_dags/plugins/listener_plugin.py
[2025-04-21T16:52:37.597-0400] {processor.py:842} WARNING - No viable dags retrieved from /Users/gaurav/Documents/Breast-Cancer-ML-Pipeline/venv/lib/python3.9/site-packages/airflow/example_dags/plugins/listener_plugin.py
[2025-04-21T16:52:37.657-0400] {processor.py:183} INFO - Processing /Users/gaurav/Documents/Breast-Cancer-ML-Pipeline/venv/lib/python3.9/site-packages/airflow/example_dags/plugins/listener_plugin.py took 0.065 seconds
[2025-04-21T16:53:18.785-0400] {processor.py:161} INFO - Started process (PID=84449) to work on /Users/gaurav/Documents/Breast-Cancer-ML-Pipeline/venv/lib/python3.9/site-packages/airflow/example_dags/plugins/listener_plugin.py
[2025-04-21T16:53:18.786-0400] {processor.py:830} INFO - Processing file /Users/gaurav/Documents/Breast-Cancer-ML-Pipeline/venv/lib/python3.9/site-packages/airflow/example_dags/plugins/listener_plugin.py for tasks to queue
[2025-04-21T16:53:18.787-0400] {logging_mixin.py:188} INFO - [2025-04-21T16:53:18.787-0400] {dagbag.py:538} INFO - Filling up the DagBag from /Users/gaurav/Documents/Breast-Cancer-ML-Pipeline/venv/lib/python3.9/site-packages/airflow/example_dags/plugins/listener_plugin.py
[2025-04-21T16:53:18.788-0400] {processor.py:842} WARNING - No viable dags retrieved from /Users/gaurav/Documents/Breast-Cancer-ML-Pipeline/venv/lib/python3.9/site-packages/airflow/example_dags/plugins/listener_plugin.py
[2025-04-21T16:53:18.845-0400] {processor.py:183} INFO - Processing /Users/gaurav/Documents/Breast-Cancer-ML-Pipeline/venv/lib/python3.9/site-packages/airflow/example_dags/plugins/listener_plugin.py took 0.061 seconds
[2025-04-21T16:53:58.573-0400] {processor.py:161} INFO - Started process (PID=84501) to work on /Users/gaurav/Documents/Breast-Cancer-ML-Pipeline/venv/lib/python3.9/site-packages/airflow/example_dags/plugins/listener_plugin.py
[2025-04-21T16:53:58.575-0400] {processor.py:830} INFO - Processing file /Users/gaurav/Documents/Breast-Cancer-ML-Pipeline/venv/lib/python3.9/site-packages/airflow/example_dags/plugins/listener_plugin.py for tasks to queue
[2025-04-21T16:53:58.575-0400] {logging_mixin.py:188} INFO - [2025-04-21T16:53:58.575-0400] {dagbag.py:538} INFO - Filling up the DagBag from /Users/gaurav/Documents/Breast-Cancer-ML-Pipeline/venv/lib/python3.9/site-packages/airflow/example_dags/plugins/listener_plugin.py
[2025-04-21T16:53:58.577-0400] {processor.py:842} WARNING - No viable dags retrieved from /Users/gaurav/Documents/Breast-Cancer-ML-Pipeline/venv/lib/python3.9/site-packages/airflow/example_dags/plugins/listener_plugin.py
[2025-04-21T16:53:58.635-0400] {processor.py:183} INFO - Processing /Users/gaurav/Documents/Breast-Cancer-ML-Pipeline/venv/lib/python3.9/site-packages/airflow/example_dags/plugins/listener_plugin.py took 0.063 seconds
[2025-04-21T16:54:37.139-0400] {processor.py:161} INFO - Started process (PID=84554) to work on /Users/gaurav/Documents/Breast-Cancer-ML-Pipeline/venv/lib/python3.9/site-packages/airflow/example_dags/plugins/listener_plugin.py
[2025-04-21T16:54:37.141-0400] {processor.py:830} INFO - Processing file /Users/gaurav/Documents/Breast-Cancer-ML-Pipeline/venv/lib/python3.9/site-packages/airflow/example_dags/plugins/listener_plugin.py for tasks to queue
[2025-04-21T16:54:37.141-0400] {logging_mixin.py:188} INFO - [2025-04-21T16:54:37.141-0400] {dagbag.py:538} INFO - Filling up the DagBag from /Users/gaurav/Documents/Breast-Cancer-ML-Pipeline/venv/lib/python3.9/site-packages/airflow/example_dags/plugins/listener_plugin.py
[2025-04-21T16:54:37.143-0400] {processor.py:842} WARNING - No viable dags retrieved from /Users/gaurav/Documents/Breast-Cancer-ML-Pipeline/venv/lib/python3.9/site-packages/airflow/example_dags/plugins/listener_plugin.py
[2025-04-21T16:54:37.200-0400] {processor.py:183} INFO - Processing /Users/gaurav/Documents/Breast-Cancer-ML-Pipeline/venv/lib/python3.9/site-packages/airflow/example_dags/plugins/listener_plugin.py took 0.062 seconds
[2025-04-21T16:55:24.757-0400] {processor.py:161} INFO - Started process (PID=84598) to work on /Users/gaurav/Documents/Breast-Cancer-ML-Pipeline/venv/lib/python3.9/site-packages/airflow/example_dags/plugins/listener_plugin.py
[2025-04-21T16:55:24.759-0400] {processor.py:830} INFO - Processing file /Users/gaurav/Documents/Breast-Cancer-ML-Pipeline/venv/lib/python3.9/site-packages/airflow/example_dags/plugins/listener_plugin.py for tasks to queue
[2025-04-21T16:55:24.759-0400] {logging_mixin.py:188} INFO - [2025-04-21T16:55:24.759-0400] {dagbag.py:538} INFO - Filling up the DagBag from /Users/gaurav/Documents/Breast-Cancer-ML-Pipeline/venv/lib/python3.9/site-packages/airflow/example_dags/plugins/listener_plugin.py
[2025-04-21T16:55:24.761-0400] {processor.py:842} WARNING - No viable dags retrieved from /Users/gaurav/Documents/Breast-Cancer-ML-Pipeline/venv/lib/python3.9/site-packages/airflow/example_dags/plugins/listener_plugin.py
[2025-04-21T16:55:24.819-0400] {processor.py:183} INFO - Processing /Users/gaurav/Documents/Breast-Cancer-ML-Pipeline/venv/lib/python3.9/site-packages/airflow/example_dags/plugins/listener_plugin.py took 0.063 seconds
[2025-04-21T16:57:11.869-0400] {processor.py:161} INFO - Started process (PID=84756) to work on /Users/gaurav/Documents/Breast-Cancer-ML-Pipeline/venv/lib/python3.9/site-packages/airflow/example_dags/plugins/listener_plugin.py
[2025-04-21T16:57:11.870-0400] {processor.py:830} INFO - Processing file /Users/gaurav/Documents/Breast-Cancer-ML-Pipeline/venv/lib/python3.9/site-packages/airflow/example_dags/plugins/listener_plugin.py for tasks to queue
[2025-04-21T16:57:11.871-0400] {logging_mixin.py:188} INFO - [2025-04-21T16:57:11.871-0400] {dagbag.py:538} INFO - Filling up the DagBag from /Users/gaurav/Documents/Breast-Cancer-ML-Pipeline/venv/lib/python3.9/site-packages/airflow/example_dags/plugins/listener_plugin.py
[2025-04-21T16:57:11.873-0400] {processor.py:842} WARNING - No viable dags retrieved from /Users/gaurav/Documents/Breast-Cancer-ML-Pipeline/venv/lib/python3.9/site-packages/airflow/example_dags/plugins/listener_plugin.py
[2025-04-21T16:57:11.933-0400] {processor.py:183} INFO - Processing /Users/gaurav/Documents/Breast-Cancer-ML-Pipeline/venv/lib/python3.9/site-packages/airflow/example_dags/plugins/listener_plugin.py took 0.065 seconds
[2025-04-21T16:57:54.249-0400] {processor.py:161} INFO - Started process (PID=84803) to work on /Users/gaurav/Documents/Breast-Cancer-ML-Pipeline/venv/lib/python3.9/site-packages/airflow/example_dags/plugins/listener_plugin.py
[2025-04-21T16:57:54.251-0400] {processor.py:830} INFO - Processing file /Users/gaurav/Documents/Breast-Cancer-ML-Pipeline/venv/lib/python3.9/site-packages/airflow/example_dags/plugins/listener_plugin.py for tasks to queue
[2025-04-21T16:57:54.251-0400] {logging_mixin.py:188} INFO - [2025-04-21T16:57:54.251-0400] {dagbag.py:538} INFO - Filling up the DagBag from /Users/gaurav/Documents/Breast-Cancer-ML-Pipeline/venv/lib/python3.9/site-packages/airflow/example_dags/plugins/listener_plugin.py
[2025-04-21T16:57:54.253-0400] {processor.py:842} WARNING - No viable dags retrieved from /Users/gaurav/Documents/Breast-Cancer-ML-Pipeline/venv/lib/python3.9/site-packages/airflow/example_dags/plugins/listener_plugin.py
[2025-04-21T16:57:54.309-0400] {processor.py:183} INFO - Processing /Users/gaurav/Documents/Breast-Cancer-ML-Pipeline/venv/lib/python3.9/site-packages/airflow/example_dags/plugins/listener_plugin.py took 0.061 seconds
[2025-04-21T16:58:35.015-0400] {processor.py:161} INFO - Started process (PID=84855) to work on /Users/gaurav/Documents/Breast-Cancer-ML-Pipeline/venv/lib/python3.9/site-packages/airflow/example_dags/plugins/listener_plugin.py
[2025-04-21T16:58:35.017-0400] {processor.py:830} INFO - Processing file /Users/gaurav/Documents/Breast-Cancer-ML-Pipeline/venv/lib/python3.9/site-packages/airflow/example_dags/plugins/listener_plugin.py for tasks to queue
[2025-04-21T16:58:35.018-0400] {logging_mixin.py:188} INFO - [2025-04-21T16:58:35.017-0400] {dagbag.py:538} INFO - Filling up the DagBag from /Users/gaurav/Documents/Breast-Cancer-ML-Pipeline/venv/lib/python3.9/site-packages/airflow/example_dags/plugins/listener_plugin.py
[2025-04-21T16:58:35.020-0400] {processor.py:842} WARNING - No viable dags retrieved from /Users/gaurav/Documents/Breast-Cancer-ML-Pipeline/venv/lib/python3.9/site-packages/airflow/example_dags/plugins/listener_plugin.py
[2025-04-21T16:58:35.077-0400] {processor.py:183} INFO - Processing /Users/gaurav/Documents/Breast-Cancer-ML-Pipeline/venv/lib/python3.9/site-packages/airflow/example_dags/plugins/listener_plugin.py took 0.063 seconds
[2025-04-21T16:59:15.295-0400] {processor.py:161} INFO - Started process (PID=84897) to work on /Users/gaurav/Documents/Breast-Cancer-ML-Pipeline/venv/lib/python3.9/site-packages/airflow/example_dags/plugins/listener_plugin.py
[2025-04-21T16:59:15.297-0400] {processor.py:830} INFO - Processing file /Users/gaurav/Documents/Breast-Cancer-ML-Pipeline/venv/lib/python3.9/site-packages/airflow/example_dags/plugins/listener_plugin.py for tasks to queue
[2025-04-21T16:59:15.297-0400] {logging_mixin.py:188} INFO - [2025-04-21T16:59:15.297-0400] {dagbag.py:538} INFO - Filling up the DagBag from /Users/gaurav/Documents/Breast-Cancer-ML-Pipeline/venv/lib/python3.9/site-packages/airflow/example_dags/plugins/listener_plugin.py
[2025-04-21T16:59:15.300-0400] {processor.py:842} WARNING - No viable dags retrieved from /Users/gaurav/Documents/Breast-Cancer-ML-Pipeline/venv/lib/python3.9/site-packages/airflow/example_dags/plugins/listener_plugin.py
[2025-04-21T16:59:15.358-0400] {processor.py:183} INFO - Processing /Users/gaurav/Documents/Breast-Cancer-ML-Pipeline/venv/lib/python3.9/site-packages/airflow/example_dags/plugins/listener_plugin.py took 0.064 seconds
[2025-04-21T16:59:54.595-0400] {processor.py:161} INFO - Started process (PID=84940) to work on /Users/gaurav/Documents/Breast-Cancer-ML-Pipeline/venv/lib/python3.9/site-packages/airflow/example_dags/plugins/listener_plugin.py
[2025-04-21T16:59:54.596-0400] {processor.py:830} INFO - Processing file /Users/gaurav/Documents/Breast-Cancer-ML-Pipeline/venv/lib/python3.9/site-packages/airflow/example_dags/plugins/listener_plugin.py for tasks to queue
[2025-04-21T16:59:54.597-0400] {logging_mixin.py:188} INFO - [2025-04-21T16:59:54.597-0400] {dagbag.py:538} INFO - Filling up the DagBag from /Users/gaurav/Documents/Breast-Cancer-ML-Pipeline/venv/lib/python3.9/site-packages/airflow/example_dags/plugins/listener_plugin.py
[2025-04-21T16:59:54.600-0400] {processor.py:842} WARNING - No viable dags retrieved from /Users/gaurav/Documents/Breast-Cancer-ML-Pipeline/venv/lib/python3.9/site-packages/airflow/example_dags/plugins/listener_plugin.py
[2025-04-21T16:59:54.661-0400] {processor.py:183} INFO - Processing /Users/gaurav/Documents/Breast-Cancer-ML-Pipeline/venv/lib/python3.9/site-packages/airflow/example_dags/plugins/listener_plugin.py took 0.067 seconds
[2025-04-21T17:00:31.206-0400] {processor.py:161} INFO - Started process (PID=84991) to work on /Users/gaurav/Documents/Breast-Cancer-ML-Pipeline/venv/lib/python3.9/site-packages/airflow/example_dags/plugins/listener_plugin.py
[2025-04-21T17:00:31.208-0400] {processor.py:830} INFO - Processing file /Users/gaurav/Documents/Breast-Cancer-ML-Pipeline/venv/lib/python3.9/site-packages/airflow/example_dags/plugins/listener_plugin.py for tasks to queue
[2025-04-21T17:00:31.208-0400] {logging_mixin.py:188} INFO - [2025-04-21T17:00:31.208-0400] {dagbag.py:538} INFO - Filling up the DagBag from /Users/gaurav/Documents/Breast-Cancer-ML-Pipeline/venv/lib/python3.9/site-packages/airflow/example_dags/plugins/listener_plugin.py
[2025-04-21T17:00:31.210-0400] {processor.py:842} WARNING - No viable dags retrieved from /Users/gaurav/Documents/Breast-Cancer-ML-Pipeline/venv/lib/python3.9/site-packages/airflow/example_dags/plugins/listener_plugin.py
[2025-04-21T17:00:31.267-0400] {processor.py:183} INFO - Processing /Users/gaurav/Documents/Breast-Cancer-ML-Pipeline/venv/lib/python3.9/site-packages/airflow/example_dags/plugins/listener_plugin.py took 0.061 seconds
[2025-04-21T17:01:47.336-0400] {processor.py:161} INFO - Started process (PID=85086) to work on /Users/gaurav/Documents/Breast-Cancer-ML-Pipeline/venv/lib/python3.9/site-packages/airflow/example_dags/plugins/listener_plugin.py
[2025-04-21T17:01:47.337-0400] {processor.py:830} INFO - Processing file /Users/gaurav/Documents/Breast-Cancer-ML-Pipeline/venv/lib/python3.9/site-packages/airflow/example_dags/plugins/listener_plugin.py for tasks to queue
[2025-04-21T17:01:47.338-0400] {logging_mixin.py:188} INFO - [2025-04-21T17:01:47.338-0400] {dagbag.py:538} INFO - Filling up the DagBag from /Users/gaurav/Documents/Breast-Cancer-ML-Pipeline/venv/lib/python3.9/site-packages/airflow/example_dags/plugins/listener_plugin.py
[2025-04-21T17:01:47.340-0400] {processor.py:842} WARNING - No viable dags retrieved from /Users/gaurav/Documents/Breast-Cancer-ML-Pipeline/venv/lib/python3.9/site-packages/airflow/example_dags/plugins/listener_plugin.py
[2025-04-21T17:01:47.400-0400] {processor.py:183} INFO - Processing /Users/gaurav/Documents/Breast-Cancer-ML-Pipeline/venv/lib/python3.9/site-packages/airflow/example_dags/plugins/listener_plugin.py took 0.065 seconds
[2025-04-21T17:02:31.351-0400] {processor.py:161} INFO - Started process (PID=85133) to work on /Users/gaurav/Documents/Breast-Cancer-ML-Pipeline/venv/lib/python3.9/site-packages/airflow/example_dags/plugins/listener_plugin.py
[2025-04-21T17:02:31.353-0400] {processor.py:830} INFO - Processing file /Users/gaurav/Documents/Breast-Cancer-ML-Pipeline/venv/lib/python3.9/site-packages/airflow/example_dags/plugins/listener_plugin.py for tasks to queue
[2025-04-21T17:02:31.353-0400] {logging_mixin.py:188} INFO - [2025-04-21T17:02:31.353-0400] {dagbag.py:538} INFO - Filling up the DagBag from /Users/gaurav/Documents/Breast-Cancer-ML-Pipeline/venv/lib/python3.9/site-packages/airflow/example_dags/plugins/listener_plugin.py
[2025-04-21T17:02:31.356-0400] {processor.py:842} WARNING - No viable dags retrieved from /Users/gaurav/Documents/Breast-Cancer-ML-Pipeline/venv/lib/python3.9/site-packages/airflow/example_dags/plugins/listener_plugin.py
[2025-04-21T17:02:31.413-0400] {processor.py:183} INFO - Processing /Users/gaurav/Documents/Breast-Cancer-ML-Pipeline/venv/lib/python3.9/site-packages/airflow/example_dags/plugins/listener_plugin.py took 0.063 seconds
[2025-04-21T17:03:10.328-0400] {processor.py:161} INFO - Started process (PID=85177) to work on /Users/gaurav/Documents/Breast-Cancer-ML-Pipeline/venv/lib/python3.9/site-packages/airflow/example_dags/plugins/listener_plugin.py
[2025-04-21T17:03:10.331-0400] {processor.py:830} INFO - Processing file /Users/gaurav/Documents/Breast-Cancer-ML-Pipeline/venv/lib/python3.9/site-packages/airflow/example_dags/plugins/listener_plugin.py for tasks to queue
[2025-04-21T17:03:10.331-0400] {logging_mixin.py:188} INFO - [2025-04-21T17:03:10.331-0400] {dagbag.py:538} INFO - Filling up the DagBag from /Users/gaurav/Documents/Breast-Cancer-ML-Pipeline/venv/lib/python3.9/site-packages/airflow/example_dags/plugins/listener_plugin.py
[2025-04-21T17:03:10.333-0400] {processor.py:842} WARNING - No viable dags retrieved from /Users/gaurav/Documents/Breast-Cancer-ML-Pipeline/venv/lib/python3.9/site-packages/airflow/example_dags/plugins/listener_plugin.py
[2025-04-21T17:03:10.393-0400] {processor.py:183} INFO - Processing /Users/gaurav/Documents/Breast-Cancer-ML-Pipeline/venv/lib/python3.9/site-packages/airflow/example_dags/plugins/listener_plugin.py took 0.065 seconds
[2025-04-21T17:03:49.389-0400] {processor.py:161} INFO - Started process (PID=85240) to work on /Users/gaurav/Documents/Breast-Cancer-ML-Pipeline/venv/lib/python3.9/site-packages/airflow/example_dags/plugins/listener_plugin.py
[2025-04-21T17:03:49.392-0400] {processor.py:830} INFO - Processing file /Users/gaurav/Documents/Breast-Cancer-ML-Pipeline/venv/lib/python3.9/site-packages/airflow/example_dags/plugins/listener_plugin.py for tasks to queue
[2025-04-21T17:03:49.392-0400] {logging_mixin.py:188} INFO - [2025-04-21T17:03:49.392-0400] {dagbag.py:538} INFO - Filling up the DagBag from /Users/gaurav/Documents/Breast-Cancer-ML-Pipeline/venv/lib/python3.9/site-packages/airflow/example_dags/plugins/listener_plugin.py
[2025-04-21T17:03:49.394-0400] {processor.py:842} WARNING - No viable dags retrieved from /Users/gaurav/Documents/Breast-Cancer-ML-Pipeline/venv/lib/python3.9/site-packages/airflow/example_dags/plugins/listener_plugin.py
[2025-04-21T17:03:49.450-0400] {processor.py:183} INFO - Processing /Users/gaurav/Documents/Breast-Cancer-ML-Pipeline/venv/lib/python3.9/site-packages/airflow/example_dags/plugins/listener_plugin.py took 0.062 seconds
[2025-04-21T17:04:26.199-0400] {processor.py:161} INFO - Started process (PID=85281) to work on /Users/gaurav/Documents/Breast-Cancer-ML-Pipeline/venv/lib/python3.9/site-packages/airflow/example_dags/plugins/listener_plugin.py
[2025-04-21T17:04:26.201-0400] {processor.py:830} INFO - Processing file /Users/gaurav/Documents/Breast-Cancer-ML-Pipeline/venv/lib/python3.9/site-packages/airflow/example_dags/plugins/listener_plugin.py for tasks to queue
[2025-04-21T17:04:26.201-0400] {logging_mixin.py:188} INFO - [2025-04-21T17:04:26.201-0400] {dagbag.py:538} INFO - Filling up the DagBag from /Users/gaurav/Documents/Breast-Cancer-ML-Pipeline/venv/lib/python3.9/site-packages/airflow/example_dags/plugins/listener_plugin.py
[2025-04-21T17:04:26.204-0400] {processor.py:842} WARNING - No viable dags retrieved from /Users/gaurav/Documents/Breast-Cancer-ML-Pipeline/venv/lib/python3.9/site-packages/airflow/example_dags/plugins/listener_plugin.py
[2025-04-21T17:04:26.258-0400] {processor.py:183} INFO - Processing /Users/gaurav/Documents/Breast-Cancer-ML-Pipeline/venv/lib/python3.9/site-packages/airflow/example_dags/plugins/listener_plugin.py took 0.059 seconds
[2025-04-21T17:05:36.515-0400] {processor.py:161} INFO - Started process (PID=85357) to work on /Users/gaurav/Documents/Breast-Cancer-ML-Pipeline/venv/lib/python3.9/site-packages/airflow/example_dags/plugins/listener_plugin.py
[2025-04-21T17:05:36.517-0400] {processor.py:830} INFO - Processing file /Users/gaurav/Documents/Breast-Cancer-ML-Pipeline/venv/lib/python3.9/site-packages/airflow/example_dags/plugins/listener_plugin.py for tasks to queue
[2025-04-21T17:05:36.517-0400] {logging_mixin.py:188} INFO - [2025-04-21T17:05:36.517-0400] {dagbag.py:538} INFO - Filling up the DagBag from /Users/gaurav/Documents/Breast-Cancer-ML-Pipeline/venv/lib/python3.9/site-packages/airflow/example_dags/plugins/listener_plugin.py
[2025-04-21T17:05:36.519-0400] {processor.py:842} WARNING - No viable dags retrieved from /Users/gaurav/Documents/Breast-Cancer-ML-Pipeline/venv/lib/python3.9/site-packages/airflow/example_dags/plugins/listener_plugin.py
[2025-04-21T17:05:36.575-0400] {processor.py:183} INFO - Processing /Users/gaurav/Documents/Breast-Cancer-ML-Pipeline/venv/lib/python3.9/site-packages/airflow/example_dags/plugins/listener_plugin.py took 0.060 seconds
[2025-04-21T17:06:47.916-0400] {processor.py:161} INFO - Started process (PID=85451) to work on /Users/gaurav/Documents/Breast-Cancer-ML-Pipeline/venv/lib/python3.9/site-packages/airflow/example_dags/plugins/listener_plugin.py
[2025-04-21T17:06:47.918-0400] {processor.py:830} INFO - Processing file /Users/gaurav/Documents/Breast-Cancer-ML-Pipeline/venv/lib/python3.9/site-packages/airflow/example_dags/plugins/listener_plugin.py for tasks to queue
[2025-04-21T17:06:47.918-0400] {logging_mixin.py:188} INFO - [2025-04-21T17:06:47.918-0400] {dagbag.py:538} INFO - Filling up the DagBag from /Users/gaurav/Documents/Breast-Cancer-ML-Pipeline/venv/lib/python3.9/site-packages/airflow/example_dags/plugins/listener_plugin.py
[2025-04-21T17:06:47.921-0400] {processor.py:842} WARNING - No viable dags retrieved from /Users/gaurav/Documents/Breast-Cancer-ML-Pipeline/venv/lib/python3.9/site-packages/airflow/example_dags/plugins/listener_plugin.py
[2025-04-21T17:06:47.977-0400] {processor.py:183} INFO - Processing /Users/gaurav/Documents/Breast-Cancer-ML-Pipeline/venv/lib/python3.9/site-packages/airflow/example_dags/plugins/listener_plugin.py took 0.062 seconds
[2025-04-21T17:07:59.808-0400] {processor.py:161} INFO - Started process (PID=85528) to work on /Users/gaurav/Documents/Breast-Cancer-ML-Pipeline/venv/lib/python3.9/site-packages/airflow/example_dags/plugins/listener_plugin.py
[2025-04-21T17:07:59.810-0400] {processor.py:830} INFO - Processing file /Users/gaurav/Documents/Breast-Cancer-ML-Pipeline/venv/lib/python3.9/site-packages/airflow/example_dags/plugins/listener_plugin.py for tasks to queue
[2025-04-21T17:07:59.810-0400] {logging_mixin.py:188} INFO - [2025-04-21T17:07:59.810-0400] {dagbag.py:538} INFO - Filling up the DagBag from /Users/gaurav/Documents/Breast-Cancer-ML-Pipeline/venv/lib/python3.9/site-packages/airflow/example_dags/plugins/listener_plugin.py
[2025-04-21T17:07:59.812-0400] {processor.py:842} WARNING - No viable dags retrieved from /Users/gaurav/Documents/Breast-Cancer-ML-Pipeline/venv/lib/python3.9/site-packages/airflow/example_dags/plugins/listener_plugin.py
[2025-04-21T17:07:59.869-0400] {processor.py:183} INFO - Processing /Users/gaurav/Documents/Breast-Cancer-ML-Pipeline/venv/lib/python3.9/site-packages/airflow/example_dags/plugins/listener_plugin.py took 0.062 seconds
[2025-04-21T17:08:37.386-0400] {processor.py:161} INFO - Started process (PID=85568) to work on /Users/gaurav/Documents/Breast-Cancer-ML-Pipeline/venv/lib/python3.9/site-packages/airflow/example_dags/plugins/listener_plugin.py
[2025-04-21T17:08:37.387-0400] {processor.py:830} INFO - Processing file /Users/gaurav/Documents/Breast-Cancer-ML-Pipeline/venv/lib/python3.9/site-packages/airflow/example_dags/plugins/listener_plugin.py for tasks to queue
[2025-04-21T17:08:37.388-0400] {logging_mixin.py:188} INFO - [2025-04-21T17:08:37.387-0400] {dagbag.py:538} INFO - Filling up the DagBag from /Users/gaurav/Documents/Breast-Cancer-ML-Pipeline/venv/lib/python3.9/site-packages/airflow/example_dags/plugins/listener_plugin.py
[2025-04-21T17:08:37.390-0400] {processor.py:842} WARNING - No viable dags retrieved from /Users/gaurav/Documents/Breast-Cancer-ML-Pipeline/venv/lib/python3.9/site-packages/airflow/example_dags/plugins/listener_plugin.py
[2025-04-21T17:08:37.444-0400] {processor.py:183} INFO - Processing /Users/gaurav/Documents/Breast-Cancer-ML-Pipeline/venv/lib/python3.9/site-packages/airflow/example_dags/plugins/listener_plugin.py took 0.059 seconds
[2025-04-21T17:09:14.603-0400] {processor.py:161} INFO - Started process (PID=85609) to work on /Users/gaurav/Documents/Breast-Cancer-ML-Pipeline/venv/lib/python3.9/site-packages/airflow/example_dags/plugins/listener_plugin.py
[2025-04-21T17:09:14.605-0400] {processor.py:830} INFO - Processing file /Users/gaurav/Documents/Breast-Cancer-ML-Pipeline/venv/lib/python3.9/site-packages/airflow/example_dags/plugins/listener_plugin.py for tasks to queue
[2025-04-21T17:09:14.605-0400] {logging_mixin.py:188} INFO - [2025-04-21T17:09:14.605-0400] {dagbag.py:538} INFO - Filling up the DagBag from /Users/gaurav/Documents/Breast-Cancer-ML-Pipeline/venv/lib/python3.9/site-packages/airflow/example_dags/plugins/listener_plugin.py
[2025-04-21T17:09:14.608-0400] {processor.py:842} WARNING - No viable dags retrieved from /Users/gaurav/Documents/Breast-Cancer-ML-Pipeline/venv/lib/python3.9/site-packages/airflow/example_dags/plugins/listener_plugin.py
[2025-04-21T17:09:14.664-0400] {processor.py:183} INFO - Processing /Users/gaurav/Documents/Breast-Cancer-ML-Pipeline/venv/lib/python3.9/site-packages/airflow/example_dags/plugins/listener_plugin.py took 0.062 seconds
[2025-04-21T17:10:26.842-0400] {processor.py:161} INFO - Started process (PID=85688) to work on /Users/gaurav/Documents/Breast-Cancer-ML-Pipeline/venv/lib/python3.9/site-packages/airflow/example_dags/plugins/listener_plugin.py
[2025-04-21T17:10:26.844-0400] {processor.py:830} INFO - Processing file /Users/gaurav/Documents/Breast-Cancer-ML-Pipeline/venv/lib/python3.9/site-packages/airflow/example_dags/plugins/listener_plugin.py for tasks to queue
[2025-04-21T17:10:26.845-0400] {logging_mixin.py:188} INFO - [2025-04-21T17:10:26.845-0400] {dagbag.py:538} INFO - Filling up the DagBag from /Users/gaurav/Documents/Breast-Cancer-ML-Pipeline/venv/lib/python3.9/site-packages/airflow/example_dags/plugins/listener_plugin.py
[2025-04-21T17:10:26.847-0400] {processor.py:842} WARNING - No viable dags retrieved from /Users/gaurav/Documents/Breast-Cancer-ML-Pipeline/venv/lib/python3.9/site-packages/airflow/example_dags/plugins/listener_plugin.py
[2025-04-21T17:10:26.905-0400] {processor.py:183} INFO - Processing /Users/gaurav/Documents/Breast-Cancer-ML-Pipeline/venv/lib/python3.9/site-packages/airflow/example_dags/plugins/listener_plugin.py took 0.063 seconds
[2025-04-21T17:11:04.332-0400] {processor.py:161} INFO - Started process (PID=85732) to work on /Users/gaurav/Documents/Breast-Cancer-ML-Pipeline/venv/lib/python3.9/site-packages/airflow/example_dags/plugins/listener_plugin.py
[2025-04-21T17:11:04.334-0400] {processor.py:830} INFO - Processing file /Users/gaurav/Documents/Breast-Cancer-ML-Pipeline/venv/lib/python3.9/site-packages/airflow/example_dags/plugins/listener_plugin.py for tasks to queue
[2025-04-21T17:11:04.334-0400] {logging_mixin.py:188} INFO - [2025-04-21T17:11:04.334-0400] {dagbag.py:538} INFO - Filling up the DagBag from /Users/gaurav/Documents/Breast-Cancer-ML-Pipeline/venv/lib/python3.9/site-packages/airflow/example_dags/plugins/listener_plugin.py
[2025-04-21T17:11:04.336-0400] {processor.py:842} WARNING - No viable dags retrieved from /Users/gaurav/Documents/Breast-Cancer-ML-Pipeline/venv/lib/python3.9/site-packages/airflow/example_dags/plugins/listener_plugin.py
[2025-04-21T17:11:04.393-0400] {processor.py:183} INFO - Processing /Users/gaurav/Documents/Breast-Cancer-ML-Pipeline/venv/lib/python3.9/site-packages/airflow/example_dags/plugins/listener_plugin.py took 0.062 seconds
[2025-04-21T17:11:41.499-0400] {processor.py:161} INFO - Started process (PID=85778) to work on /Users/gaurav/Documents/Breast-Cancer-ML-Pipeline/venv/lib/python3.9/site-packages/airflow/example_dags/plugins/listener_plugin.py
[2025-04-21T17:11:41.500-0400] {processor.py:830} INFO - Processing file /Users/gaurav/Documents/Breast-Cancer-ML-Pipeline/venv/lib/python3.9/site-packages/airflow/example_dags/plugins/listener_plugin.py for tasks to queue
[2025-04-21T17:11:41.501-0400] {logging_mixin.py:188} INFO - [2025-04-21T17:11:41.501-0400] {dagbag.py:538} INFO - Filling up the DagBag from /Users/gaurav/Documents/Breast-Cancer-ML-Pipeline/venv/lib/python3.9/site-packages/airflow/example_dags/plugins/listener_plugin.py
[2025-04-21T17:11:41.503-0400] {processor.py:842} WARNING - No viable dags retrieved from /Users/gaurav/Documents/Breast-Cancer-ML-Pipeline/venv/lib/python3.9/site-packages/airflow/example_dags/plugins/listener_plugin.py
[2025-04-21T17:11:41.559-0400] {processor.py:183} INFO - Processing /Users/gaurav/Documents/Breast-Cancer-ML-Pipeline/venv/lib/python3.9/site-packages/airflow/example_dags/plugins/listener_plugin.py took 0.061 seconds
[2025-04-21T17:12:17.657-0400] {processor.py:161} INFO - Started process (PID=85822) to work on /Users/gaurav/Documents/Breast-Cancer-ML-Pipeline/venv/lib/python3.9/site-packages/airflow/example_dags/plugins/listener_plugin.py
[2025-04-21T17:12:17.659-0400] {processor.py:830} INFO - Processing file /Users/gaurav/Documents/Breast-Cancer-ML-Pipeline/venv/lib/python3.9/site-packages/airflow/example_dags/plugins/listener_plugin.py for tasks to queue
[2025-04-21T17:12:17.660-0400] {logging_mixin.py:188} INFO - [2025-04-21T17:12:17.659-0400] {dagbag.py:538} INFO - Filling up the DagBag from /Users/gaurav/Documents/Breast-Cancer-ML-Pipeline/venv/lib/python3.9/site-packages/airflow/example_dags/plugins/listener_plugin.py
[2025-04-21T17:12:17.662-0400] {processor.py:842} WARNING - No viable dags retrieved from /Users/gaurav/Documents/Breast-Cancer-ML-Pipeline/venv/lib/python3.9/site-packages/airflow/example_dags/plugins/listener_plugin.py
[2025-04-21T17:12:17.718-0400] {processor.py:183} INFO - Processing /Users/gaurav/Documents/Breast-Cancer-ML-Pipeline/venv/lib/python3.9/site-packages/airflow/example_dags/plugins/listener_plugin.py took 0.062 seconds
[2025-04-21T17:12:55.004-0400] {processor.py:161} INFO - Started process (PID=85864) to work on /Users/gaurav/Documents/Breast-Cancer-ML-Pipeline/venv/lib/python3.9/site-packages/airflow/example_dags/plugins/listener_plugin.py
[2025-04-21T17:12:55.006-0400] {processor.py:830} INFO - Processing file /Users/gaurav/Documents/Breast-Cancer-ML-Pipeline/venv/lib/python3.9/site-packages/airflow/example_dags/plugins/listener_plugin.py for tasks to queue
[2025-04-21T17:12:55.006-0400] {logging_mixin.py:188} INFO - [2025-04-21T17:12:55.006-0400] {dagbag.py:538} INFO - Filling up the DagBag from /Users/gaurav/Documents/Breast-Cancer-ML-Pipeline/venv/lib/python3.9/site-packages/airflow/example_dags/plugins/listener_plugin.py
[2025-04-21T17:12:55.009-0400] {processor.py:842} WARNING - No viable dags retrieved from /Users/gaurav/Documents/Breast-Cancer-ML-Pipeline/venv/lib/python3.9/site-packages/airflow/example_dags/plugins/listener_plugin.py
[2025-04-21T17:12:55.065-0400] {processor.py:183} INFO - Processing /Users/gaurav/Documents/Breast-Cancer-ML-Pipeline/venv/lib/python3.9/site-packages/airflow/example_dags/plugins/listener_plugin.py took 0.061 seconds
[2025-04-21T17:13:31.366-0400] {processor.py:161} INFO - Started process (PID=85900) to work on /Users/gaurav/Documents/Breast-Cancer-ML-Pipeline/venv/lib/python3.9/site-packages/airflow/example_dags/plugins/listener_plugin.py
[2025-04-21T17:13:31.368-0400] {processor.py:830} INFO - Processing file /Users/gaurav/Documents/Breast-Cancer-ML-Pipeline/venv/lib/python3.9/site-packages/airflow/example_dags/plugins/listener_plugin.py for tasks to queue
[2025-04-21T17:13:31.368-0400] {logging_mixin.py:188} INFO - [2025-04-21T17:13:31.368-0400] {dagbag.py:538} INFO - Filling up the DagBag from /Users/gaurav/Documents/Breast-Cancer-ML-Pipeline/venv/lib/python3.9/site-packages/airflow/example_dags/plugins/listener_plugin.py
[2025-04-21T17:13:31.371-0400] {processor.py:842} WARNING - No viable dags retrieved from /Users/gaurav/Documents/Breast-Cancer-ML-Pipeline/venv/lib/python3.9/site-packages/airflow/example_dags/plugins/listener_plugin.py
[2025-04-21T17:13:31.426-0400] {processor.py:183} INFO - Processing /Users/gaurav/Documents/Breast-Cancer-ML-Pipeline/venv/lib/python3.9/site-packages/airflow/example_dags/plugins/listener_plugin.py took 0.061 seconds
[2025-04-21T17:14:08.854-0400] {processor.py:161} INFO - Started process (PID=85959) to work on /Users/gaurav/Documents/Breast-Cancer-ML-Pipeline/venv/lib/python3.9/site-packages/airflow/example_dags/plugins/listener_plugin.py
[2025-04-21T17:14:08.856-0400] {processor.py:830} INFO - Processing file /Users/gaurav/Documents/Breast-Cancer-ML-Pipeline/venv/lib/python3.9/site-packages/airflow/example_dags/plugins/listener_plugin.py for tasks to queue
[2025-04-21T17:14:08.856-0400] {logging_mixin.py:188} INFO - [2025-04-21T17:14:08.856-0400] {dagbag.py:538} INFO - Filling up the DagBag from /Users/gaurav/Documents/Breast-Cancer-ML-Pipeline/venv/lib/python3.9/site-packages/airflow/example_dags/plugins/listener_plugin.py
[2025-04-21T17:14:08.859-0400] {processor.py:842} WARNING - No viable dags retrieved from /Users/gaurav/Documents/Breast-Cancer-ML-Pipeline/venv/lib/python3.9/site-packages/airflow/example_dags/plugins/listener_plugin.py
[2025-04-21T17:14:08.914-0400] {processor.py:183} INFO - Processing /Users/gaurav/Documents/Breast-Cancer-ML-Pipeline/venv/lib/python3.9/site-packages/airflow/example_dags/plugins/listener_plugin.py took 0.060 seconds
[2025-04-21T17:14:46.000-0400] {processor.py:161} INFO - Started process (PID=86001) to work on /Users/gaurav/Documents/Breast-Cancer-ML-Pipeline/venv/lib/python3.9/site-packages/airflow/example_dags/plugins/listener_plugin.py
[2025-04-21T17:14:46.002-0400] {processor.py:830} INFO - Processing file /Users/gaurav/Documents/Breast-Cancer-ML-Pipeline/venv/lib/python3.9/site-packages/airflow/example_dags/plugins/listener_plugin.py for tasks to queue
[2025-04-21T17:14:46.003-0400] {logging_mixin.py:188} INFO - [2025-04-21T17:14:46.003-0400] {dagbag.py:538} INFO - Filling up the DagBag from /Users/gaurav/Documents/Breast-Cancer-ML-Pipeline/venv/lib/python3.9/site-packages/airflow/example_dags/plugins/listener_plugin.py
[2025-04-21T17:14:46.005-0400] {processor.py:842} WARNING - No viable dags retrieved from /Users/gaurav/Documents/Breast-Cancer-ML-Pipeline/venv/lib/python3.9/site-packages/airflow/example_dags/plugins/listener_plugin.py
[2025-04-21T17:14:46.062-0400] {processor.py:183} INFO - Processing /Users/gaurav/Documents/Breast-Cancer-ML-Pipeline/venv/lib/python3.9/site-packages/airflow/example_dags/plugins/listener_plugin.py took 0.062 seconds
[2025-04-21T17:15:58.110-0400] {processor.py:161} INFO - Started process (PID=86088) to work on /Users/gaurav/Documents/Breast-Cancer-ML-Pipeline/venv/lib/python3.9/site-packages/airflow/example_dags/plugins/listener_plugin.py
[2025-04-21T17:15:58.112-0400] {processor.py:830} INFO - Processing file /Users/gaurav/Documents/Breast-Cancer-ML-Pipeline/venv/lib/python3.9/site-packages/airflow/example_dags/plugins/listener_plugin.py for tasks to queue
[2025-04-21T17:15:58.112-0400] {logging_mixin.py:188} INFO - [2025-04-21T17:15:58.112-0400] {dagbag.py:538} INFO - Filling up the DagBag from /Users/gaurav/Documents/Breast-Cancer-ML-Pipeline/venv/lib/python3.9/site-packages/airflow/example_dags/plugins/listener_plugin.py
[2025-04-21T17:15:58.114-0400] {processor.py:842} WARNING - No viable dags retrieved from /Users/gaurav/Documents/Breast-Cancer-ML-Pipeline/venv/lib/python3.9/site-packages/airflow/example_dags/plugins/listener_plugin.py
[2025-04-21T17:15:58.171-0400] {processor.py:183} INFO - Processing /Users/gaurav/Documents/Breast-Cancer-ML-Pipeline/venv/lib/python3.9/site-packages/airflow/example_dags/plugins/listener_plugin.py took 0.062 seconds
[2025-04-21T17:16:35.388-0400] {processor.py:161} INFO - Started process (PID=86128) to work on /Users/gaurav/Documents/Breast-Cancer-ML-Pipeline/venv/lib/python3.9/site-packages/airflow/example_dags/plugins/listener_plugin.py
[2025-04-21T17:16:35.390-0400] {processor.py:830} INFO - Processing file /Users/gaurav/Documents/Breast-Cancer-ML-Pipeline/venv/lib/python3.9/site-packages/airflow/example_dags/plugins/listener_plugin.py for tasks to queue
[2025-04-21T17:16:35.391-0400] {logging_mixin.py:188} INFO - [2025-04-21T17:16:35.390-0400] {dagbag.py:538} INFO - Filling up the DagBag from /Users/gaurav/Documents/Breast-Cancer-ML-Pipeline/venv/lib/python3.9/site-packages/airflow/example_dags/plugins/listener_plugin.py
[2025-04-21T17:16:35.392-0400] {processor.py:842} WARNING - No viable dags retrieved from /Users/gaurav/Documents/Breast-Cancer-ML-Pipeline/venv/lib/python3.9/site-packages/airflow/example_dags/plugins/listener_plugin.py
[2025-04-21T17:16:35.450-0400] {processor.py:183} INFO - Processing /Users/gaurav/Documents/Breast-Cancer-ML-Pipeline/venv/lib/python3.9/site-packages/airflow/example_dags/plugins/listener_plugin.py took 0.063 seconds
[2025-04-21T17:17:11.911-0400] {processor.py:161} INFO - Started process (PID=86178) to work on /Users/gaurav/Documents/Breast-Cancer-ML-Pipeline/venv/lib/python3.9/site-packages/airflow/example_dags/plugins/listener_plugin.py
[2025-04-21T17:17:11.912-0400] {processor.py:830} INFO - Processing file /Users/gaurav/Documents/Breast-Cancer-ML-Pipeline/venv/lib/python3.9/site-packages/airflow/example_dags/plugins/listener_plugin.py for tasks to queue
[2025-04-21T17:17:11.912-0400] {logging_mixin.py:188} INFO - [2025-04-21T17:17:11.912-0400] {dagbag.py:538} INFO - Filling up the DagBag from /Users/gaurav/Documents/Breast-Cancer-ML-Pipeline/venv/lib/python3.9/site-packages/airflow/example_dags/plugins/listener_plugin.py
[2025-04-21T17:17:11.914-0400] {processor.py:842} WARNING - No viable dags retrieved from /Users/gaurav/Documents/Breast-Cancer-ML-Pipeline/venv/lib/python3.9/site-packages/airflow/example_dags/plugins/listener_plugin.py
[2025-04-21T17:17:11.973-0400] {processor.py:183} INFO - Processing /Users/gaurav/Documents/Breast-Cancer-ML-Pipeline/venv/lib/python3.9/site-packages/airflow/example_dags/plugins/listener_plugin.py took 0.064 seconds
[2025-04-21T17:17:49.100-0400] {processor.py:161} INFO - Started process (PID=86234) to work on /Users/gaurav/Documents/Breast-Cancer-ML-Pipeline/venv/lib/python3.9/site-packages/airflow/example_dags/plugins/listener_plugin.py
[2025-04-21T17:17:49.102-0400] {processor.py:830} INFO - Processing file /Users/gaurav/Documents/Breast-Cancer-ML-Pipeline/venv/lib/python3.9/site-packages/airflow/example_dags/plugins/listener_plugin.py for tasks to queue
[2025-04-21T17:17:49.103-0400] {logging_mixin.py:188} INFO - [2025-04-21T17:17:49.103-0400] {dagbag.py:538} INFO - Filling up the DagBag from /Users/gaurav/Documents/Breast-Cancer-ML-Pipeline/venv/lib/python3.9/site-packages/airflow/example_dags/plugins/listener_plugin.py
[2025-04-21T17:17:49.105-0400] {processor.py:842} WARNING - No viable dags retrieved from /Users/gaurav/Documents/Breast-Cancer-ML-Pipeline/venv/lib/python3.9/site-packages/airflow/example_dags/plugins/listener_plugin.py
[2025-04-21T17:17:49.159-0400] {processor.py:183} INFO - Processing /Users/gaurav/Documents/Breast-Cancer-ML-Pipeline/venv/lib/python3.9/site-packages/airflow/example_dags/plugins/listener_plugin.py took 0.060 seconds
[2025-04-21T17:18:26.486-0400] {processor.py:161} INFO - Started process (PID=86274) to work on /Users/gaurav/Documents/Breast-Cancer-ML-Pipeline/venv/lib/python3.9/site-packages/airflow/example_dags/plugins/listener_plugin.py
[2025-04-21T17:18:26.488-0400] {processor.py:830} INFO - Processing file /Users/gaurav/Documents/Breast-Cancer-ML-Pipeline/venv/lib/python3.9/site-packages/airflow/example_dags/plugins/listener_plugin.py for tasks to queue
[2025-04-21T17:18:26.488-0400] {logging_mixin.py:188} INFO - [2025-04-21T17:18:26.488-0400] {dagbag.py:538} INFO - Filling up the DagBag from /Users/gaurav/Documents/Breast-Cancer-ML-Pipeline/venv/lib/python3.9/site-packages/airflow/example_dags/plugins/listener_plugin.py
[2025-04-21T17:18:26.490-0400] {processor.py:842} WARNING - No viable dags retrieved from /Users/gaurav/Documents/Breast-Cancer-ML-Pipeline/venv/lib/python3.9/site-packages/airflow/example_dags/plugins/listener_plugin.py
[2025-04-21T17:18:26.551-0400] {processor.py:183} INFO - Processing /Users/gaurav/Documents/Breast-Cancer-ML-Pipeline/venv/lib/python3.9/site-packages/airflow/example_dags/plugins/listener_plugin.py took 0.067 seconds
[2025-04-21T17:19:04.971-0400] {processor.py:161} INFO - Started process (PID=86327) to work on /Users/gaurav/Documents/Breast-Cancer-ML-Pipeline/venv/lib/python3.9/site-packages/airflow/example_dags/plugins/listener_plugin.py
[2025-04-21T17:19:04.973-0400] {processor.py:830} INFO - Processing file /Users/gaurav/Documents/Breast-Cancer-ML-Pipeline/venv/lib/python3.9/site-packages/airflow/example_dags/plugins/listener_plugin.py for tasks to queue
[2025-04-21T17:19:04.973-0400] {logging_mixin.py:188} INFO - [2025-04-21T17:19:04.973-0400] {dagbag.py:538} INFO - Filling up the DagBag from /Users/gaurav/Documents/Breast-Cancer-ML-Pipeline/venv/lib/python3.9/site-packages/airflow/example_dags/plugins/listener_plugin.py
[2025-04-21T17:19:04.975-0400] {processor.py:842} WARNING - No viable dags retrieved from /Users/gaurav/Documents/Breast-Cancer-ML-Pipeline/venv/lib/python3.9/site-packages/airflow/example_dags/plugins/listener_plugin.py
[2025-04-21T17:19:05.033-0400] {processor.py:183} INFO - Processing /Users/gaurav/Documents/Breast-Cancer-ML-Pipeline/venv/lib/python3.9/site-packages/airflow/example_dags/plugins/listener_plugin.py took 0.062 seconds
[2025-04-21T17:19:42.541-0400] {processor.py:161} INFO - Started process (PID=86380) to work on /Users/gaurav/Documents/Breast-Cancer-ML-Pipeline/venv/lib/python3.9/site-packages/airflow/example_dags/plugins/listener_plugin.py
[2025-04-21T17:19:42.543-0400] {processor.py:830} INFO - Processing file /Users/gaurav/Documents/Breast-Cancer-ML-Pipeline/venv/lib/python3.9/site-packages/airflow/example_dags/plugins/listener_plugin.py for tasks to queue
[2025-04-21T17:19:42.544-0400] {logging_mixin.py:188} INFO - [2025-04-21T17:19:42.544-0400] {dagbag.py:538} INFO - Filling up the DagBag from /Users/gaurav/Documents/Breast-Cancer-ML-Pipeline/venv/lib/python3.9/site-packages/airflow/example_dags/plugins/listener_plugin.py
[2025-04-21T17:19:42.546-0400] {processor.py:842} WARNING - No viable dags retrieved from /Users/gaurav/Documents/Breast-Cancer-ML-Pipeline/venv/lib/python3.9/site-packages/airflow/example_dags/plugins/listener_plugin.py
[2025-04-21T17:19:42.603-0400] {processor.py:183} INFO - Processing /Users/gaurav/Documents/Breast-Cancer-ML-Pipeline/venv/lib/python3.9/site-packages/airflow/example_dags/plugins/listener_plugin.py took 0.063 seconds
[2025-04-21T17:20:20.592-0400] {processor.py:161} INFO - Started process (PID=86420) to work on /Users/gaurav/Documents/Breast-Cancer-ML-Pipeline/venv/lib/python3.9/site-packages/airflow/example_dags/plugins/listener_plugin.py
[2025-04-21T17:20:20.594-0400] {processor.py:830} INFO - Processing file /Users/gaurav/Documents/Breast-Cancer-ML-Pipeline/venv/lib/python3.9/site-packages/airflow/example_dags/plugins/listener_plugin.py for tasks to queue
[2025-04-21T17:20:20.595-0400] {logging_mixin.py:188} INFO - [2025-04-21T17:20:20.595-0400] {dagbag.py:538} INFO - Filling up the DagBag from /Users/gaurav/Documents/Breast-Cancer-ML-Pipeline/venv/lib/python3.9/site-packages/airflow/example_dags/plugins/listener_plugin.py
[2025-04-21T17:20:20.596-0400] {processor.py:842} WARNING - No viable dags retrieved from /Users/gaurav/Documents/Breast-Cancer-ML-Pipeline/venv/lib/python3.9/site-packages/airflow/example_dags/plugins/listener_plugin.py
[2025-04-21T17:20:20.663-0400] {processor.py:183} INFO - Processing /Users/gaurav/Documents/Breast-Cancer-ML-Pipeline/venv/lib/python3.9/site-packages/airflow/example_dags/plugins/listener_plugin.py took 0.071 seconds
[2025-04-21T17:21:13.480-0400] {processor.py:161} INFO - Started process (PID=86477) to work on /Users/gaurav/Documents/Breast-Cancer-ML-Pipeline/venv/lib/python3.9/site-packages/airflow/example_dags/plugins/listener_plugin.py
[2025-04-21T17:21:13.482-0400] {processor.py:830} INFO - Processing file /Users/gaurav/Documents/Breast-Cancer-ML-Pipeline/venv/lib/python3.9/site-packages/airflow/example_dags/plugins/listener_plugin.py for tasks to queue
[2025-04-21T17:21:13.483-0400] {logging_mixin.py:188} INFO - [2025-04-21T17:21:13.483-0400] {dagbag.py:538} INFO - Filling up the DagBag from /Users/gaurav/Documents/Breast-Cancer-ML-Pipeline/venv/lib/python3.9/site-packages/airflow/example_dags/plugins/listener_plugin.py
[2025-04-21T17:21:13.485-0400] {processor.py:842} WARNING - No viable dags retrieved from /Users/gaurav/Documents/Breast-Cancer-ML-Pipeline/venv/lib/python3.9/site-packages/airflow/example_dags/plugins/listener_plugin.py
[2025-04-21T17:21:13.546-0400] {processor.py:183} INFO - Processing /Users/gaurav/Documents/Breast-Cancer-ML-Pipeline/venv/lib/python3.9/site-packages/airflow/example_dags/plugins/listener_plugin.py took 0.066 seconds
[2025-04-21T17:22:53.166-0400] {processor.py:161} INFO - Started process (PID=86572) to work on /Users/gaurav/Documents/Breast-Cancer-ML-Pipeline/venv/lib/python3.9/site-packages/airflow/example_dags/plugins/listener_plugin.py
[2025-04-21T17:22:53.167-0400] {processor.py:830} INFO - Processing file /Users/gaurav/Documents/Breast-Cancer-ML-Pipeline/venv/lib/python3.9/site-packages/airflow/example_dags/plugins/listener_plugin.py for tasks to queue
[2025-04-21T17:22:53.168-0400] {logging_mixin.py:188} INFO - [2025-04-21T17:22:53.168-0400] {dagbag.py:538} INFO - Filling up the DagBag from /Users/gaurav/Documents/Breast-Cancer-ML-Pipeline/venv/lib/python3.9/site-packages/airflow/example_dags/plugins/listener_plugin.py
[2025-04-21T17:22:53.170-0400] {processor.py:842} WARNING - No viable dags retrieved from /Users/gaurav/Documents/Breast-Cancer-ML-Pipeline/venv/lib/python3.9/site-packages/airflow/example_dags/plugins/listener_plugin.py
[2025-04-21T17:22:53.228-0400] {processor.py:183} INFO - Processing /Users/gaurav/Documents/Breast-Cancer-ML-Pipeline/venv/lib/python3.9/site-packages/airflow/example_dags/plugins/listener_plugin.py took 0.063 seconds
[2025-04-21T17:23:39.362-0400] {processor.py:161} INFO - Started process (PID=86622) to work on /Users/gaurav/Documents/Breast-Cancer-ML-Pipeline/venv/lib/python3.9/site-packages/airflow/example_dags/plugins/listener_plugin.py
[2025-04-21T17:23:39.366-0400] {processor.py:830} INFO - Processing file /Users/gaurav/Documents/Breast-Cancer-ML-Pipeline/venv/lib/python3.9/site-packages/airflow/example_dags/plugins/listener_plugin.py for tasks to queue
[2025-04-21T17:23:39.366-0400] {logging_mixin.py:188} INFO - [2025-04-21T17:23:39.366-0400] {dagbag.py:538} INFO - Filling up the DagBag from /Users/gaurav/Documents/Breast-Cancer-ML-Pipeline/venv/lib/python3.9/site-packages/airflow/example_dags/plugins/listener_plugin.py
[2025-04-21T17:23:39.368-0400] {processor.py:842} WARNING - No viable dags retrieved from /Users/gaurav/Documents/Breast-Cancer-ML-Pipeline/venv/lib/python3.9/site-packages/airflow/example_dags/plugins/listener_plugin.py
[2025-04-21T17:23:39.439-0400] {processor.py:183} INFO - Processing /Users/gaurav/Documents/Breast-Cancer-ML-Pipeline/venv/lib/python3.9/site-packages/airflow/example_dags/plugins/listener_plugin.py took 0.078 seconds
[2025-04-21T17:24:18.366-0400] {processor.py:161} INFO - Started process (PID=86673) to work on /Users/gaurav/Documents/Breast-Cancer-ML-Pipeline/venv/lib/python3.9/site-packages/airflow/example_dags/plugins/listener_plugin.py
[2025-04-21T17:24:18.368-0400] {processor.py:830} INFO - Processing file /Users/gaurav/Documents/Breast-Cancer-ML-Pipeline/venv/lib/python3.9/site-packages/airflow/example_dags/plugins/listener_plugin.py for tasks to queue
[2025-04-21T17:24:18.369-0400] {logging_mixin.py:188} INFO - [2025-04-21T17:24:18.369-0400] {dagbag.py:538} INFO - Filling up the DagBag from /Users/gaurav/Documents/Breast-Cancer-ML-Pipeline/venv/lib/python3.9/site-packages/airflow/example_dags/plugins/listener_plugin.py
[2025-04-21T17:24:18.371-0400] {processor.py:842} WARNING - No viable dags retrieved from /Users/gaurav/Documents/Breast-Cancer-ML-Pipeline/venv/lib/python3.9/site-packages/airflow/example_dags/plugins/listener_plugin.py
[2025-04-21T17:24:18.429-0400] {processor.py:183} INFO - Processing /Users/gaurav/Documents/Breast-Cancer-ML-Pipeline/venv/lib/python3.9/site-packages/airflow/example_dags/plugins/listener_plugin.py took 0.064 seconds
[2025-04-21T17:24:57.197-0400] {processor.py:161} INFO - Started process (PID=86716) to work on /Users/gaurav/Documents/Breast-Cancer-ML-Pipeline/venv/lib/python3.9/site-packages/airflow/example_dags/plugins/listener_plugin.py
[2025-04-21T17:24:57.199-0400] {processor.py:830} INFO - Processing file /Users/gaurav/Documents/Breast-Cancer-ML-Pipeline/venv/lib/python3.9/site-packages/airflow/example_dags/plugins/listener_plugin.py for tasks to queue
[2025-04-21T17:24:57.199-0400] {logging_mixin.py:188} INFO - [2025-04-21T17:24:57.199-0400] {dagbag.py:538} INFO - Filling up the DagBag from /Users/gaurav/Documents/Breast-Cancer-ML-Pipeline/venv/lib/python3.9/site-packages/airflow/example_dags/plugins/listener_plugin.py
[2025-04-21T17:24:57.201-0400] {processor.py:842} WARNING - No viable dags retrieved from /Users/gaurav/Documents/Breast-Cancer-ML-Pipeline/venv/lib/python3.9/site-packages/airflow/example_dags/plugins/listener_plugin.py
[2025-04-21T17:24:57.259-0400] {processor.py:183} INFO - Processing /Users/gaurav/Documents/Breast-Cancer-ML-Pipeline/venv/lib/python3.9/site-packages/airflow/example_dags/plugins/listener_plugin.py took 0.062 seconds
[2025-04-21T17:25:35.258-0400] {processor.py:161} INFO - Started process (PID=86765) to work on /Users/gaurav/Documents/Breast-Cancer-ML-Pipeline/venv/lib/python3.9/site-packages/airflow/example_dags/plugins/listener_plugin.py
[2025-04-21T17:25:35.260-0400] {processor.py:830} INFO - Processing file /Users/gaurav/Documents/Breast-Cancer-ML-Pipeline/venv/lib/python3.9/site-packages/airflow/example_dags/plugins/listener_plugin.py for tasks to queue
[2025-04-21T17:25:35.261-0400] {logging_mixin.py:188} INFO - [2025-04-21T17:25:35.261-0400] {dagbag.py:538} INFO - Filling up the DagBag from /Users/gaurav/Documents/Breast-Cancer-ML-Pipeline/venv/lib/python3.9/site-packages/airflow/example_dags/plugins/listener_plugin.py
[2025-04-21T17:25:35.263-0400] {processor.py:842} WARNING - No viable dags retrieved from /Users/gaurav/Documents/Breast-Cancer-ML-Pipeline/venv/lib/python3.9/site-packages/airflow/example_dags/plugins/listener_plugin.py
[2025-04-21T17:25:35.318-0400] {processor.py:183} INFO - Processing /Users/gaurav/Documents/Breast-Cancer-ML-Pipeline/venv/lib/python3.9/site-packages/airflow/example_dags/plugins/listener_plugin.py took 0.061 seconds
[2025-04-21T17:26:13.910-0400] {processor.py:161} INFO - Started process (PID=86831) to work on /Users/gaurav/Documents/Breast-Cancer-ML-Pipeline/venv/lib/python3.9/site-packages/airflow/example_dags/plugins/listener_plugin.py
[2025-04-21T17:26:13.912-0400] {processor.py:830} INFO - Processing file /Users/gaurav/Documents/Breast-Cancer-ML-Pipeline/venv/lib/python3.9/site-packages/airflow/example_dags/plugins/listener_plugin.py for tasks to queue
[2025-04-21T17:26:13.913-0400] {logging_mixin.py:188} INFO - [2025-04-21T17:26:13.913-0400] {dagbag.py:538} INFO - Filling up the DagBag from /Users/gaurav/Documents/Breast-Cancer-ML-Pipeline/venv/lib/python3.9/site-packages/airflow/example_dags/plugins/listener_plugin.py
[2025-04-21T17:26:13.914-0400] {processor.py:842} WARNING - No viable dags retrieved from /Users/gaurav/Documents/Breast-Cancer-ML-Pipeline/venv/lib/python3.9/site-packages/airflow/example_dags/plugins/listener_plugin.py
[2025-04-21T17:26:13.970-0400] {processor.py:183} INFO - Processing /Users/gaurav/Documents/Breast-Cancer-ML-Pipeline/venv/lib/python3.9/site-packages/airflow/example_dags/plugins/listener_plugin.py took 0.060 seconds
[2025-04-21T17:26:50.964-0400] {processor.py:161} INFO - Started process (PID=86872) to work on /Users/gaurav/Documents/Breast-Cancer-ML-Pipeline/venv/lib/python3.9/site-packages/airflow/example_dags/plugins/listener_plugin.py
[2025-04-21T17:26:50.967-0400] {processor.py:830} INFO - Processing file /Users/gaurav/Documents/Breast-Cancer-ML-Pipeline/venv/lib/python3.9/site-packages/airflow/example_dags/plugins/listener_plugin.py for tasks to queue
[2025-04-21T17:26:50.967-0400] {logging_mixin.py:188} INFO - [2025-04-21T17:26:50.967-0400] {dagbag.py:538} INFO - Filling up the DagBag from /Users/gaurav/Documents/Breast-Cancer-ML-Pipeline/venv/lib/python3.9/site-packages/airflow/example_dags/plugins/listener_plugin.py
[2025-04-21T17:26:50.971-0400] {processor.py:842} WARNING - No viable dags retrieved from /Users/gaurav/Documents/Breast-Cancer-ML-Pipeline/venv/lib/python3.9/site-packages/airflow/example_dags/plugins/listener_plugin.py
[2025-04-21T17:26:51.032-0400] {processor.py:183} INFO - Processing /Users/gaurav/Documents/Breast-Cancer-ML-Pipeline/venv/lib/python3.9/site-packages/airflow/example_dags/plugins/listener_plugin.py took 0.068 seconds
[2025-04-21T17:27:29.180-0400] {processor.py:161} INFO - Started process (PID=86940) to work on /Users/gaurav/Documents/Breast-Cancer-ML-Pipeline/venv/lib/python3.9/site-packages/airflow/example_dags/plugins/listener_plugin.py
[2025-04-21T17:27:29.182-0400] {processor.py:830} INFO - Processing file /Users/gaurav/Documents/Breast-Cancer-ML-Pipeline/venv/lib/python3.9/site-packages/airflow/example_dags/plugins/listener_plugin.py for tasks to queue
[2025-04-21T17:27:29.183-0400] {logging_mixin.py:188} INFO - [2025-04-21T17:27:29.183-0400] {dagbag.py:538} INFO - Filling up the DagBag from /Users/gaurav/Documents/Breast-Cancer-ML-Pipeline/venv/lib/python3.9/site-packages/airflow/example_dags/plugins/listener_plugin.py
[2025-04-21T17:27:29.185-0400] {processor.py:842} WARNING - No viable dags retrieved from /Users/gaurav/Documents/Breast-Cancer-ML-Pipeline/venv/lib/python3.9/site-packages/airflow/example_dags/plugins/listener_plugin.py
[2025-04-21T17:27:29.240-0400] {processor.py:183} INFO - Processing /Users/gaurav/Documents/Breast-Cancer-ML-Pipeline/venv/lib/python3.9/site-packages/airflow/example_dags/plugins/listener_plugin.py took 0.060 seconds
[2025-04-21T17:29:03.742-0400] {processor.py:161} INFO - Started process (PID=87087) to work on /Users/gaurav/Documents/Breast-Cancer-ML-Pipeline/venv/lib/python3.9/site-packages/airflow/example_dags/plugins/listener_plugin.py
[2025-04-21T17:29:03.743-0400] {processor.py:830} INFO - Processing file /Users/gaurav/Documents/Breast-Cancer-ML-Pipeline/venv/lib/python3.9/site-packages/airflow/example_dags/plugins/listener_plugin.py for tasks to queue
[2025-04-21T17:29:03.743-0400] {logging_mixin.py:188} INFO - [2025-04-21T17:29:03.743-0400] {dagbag.py:538} INFO - Filling up the DagBag from /Users/gaurav/Documents/Breast-Cancer-ML-Pipeline/venv/lib/python3.9/site-packages/airflow/example_dags/plugins/listener_plugin.py
[2025-04-21T17:29:03.745-0400] {processor.py:842} WARNING - No viable dags retrieved from /Users/gaurav/Documents/Breast-Cancer-ML-Pipeline/venv/lib/python3.9/site-packages/airflow/example_dags/plugins/listener_plugin.py
[2025-04-21T17:29:03.806-0400] {processor.py:183} INFO - Processing /Users/gaurav/Documents/Breast-Cancer-ML-Pipeline/venv/lib/python3.9/site-packages/airflow/example_dags/plugins/listener_plugin.py took 0.065 seconds
[2025-04-21T17:29:54.902-0400] {processor.py:161} INFO - Started process (PID=87144) to work on /Users/gaurav/Documents/Breast-Cancer-ML-Pipeline/venv/lib/python3.9/site-packages/airflow/example_dags/plugins/listener_plugin.py
[2025-04-21T17:29:54.903-0400] {processor.py:830} INFO - Processing file /Users/gaurav/Documents/Breast-Cancer-ML-Pipeline/venv/lib/python3.9/site-packages/airflow/example_dags/plugins/listener_plugin.py for tasks to queue
[2025-04-21T17:29:54.903-0400] {logging_mixin.py:188} INFO - [2025-04-21T17:29:54.903-0400] {dagbag.py:538} INFO - Filling up the DagBag from /Users/gaurav/Documents/Breast-Cancer-ML-Pipeline/venv/lib/python3.9/site-packages/airflow/example_dags/plugins/listener_plugin.py
[2025-04-21T17:29:54.906-0400] {processor.py:842} WARNING - No viable dags retrieved from /Users/gaurav/Documents/Breast-Cancer-ML-Pipeline/venv/lib/python3.9/site-packages/airflow/example_dags/plugins/listener_plugin.py
[2025-04-21T17:29:54.963-0400] {processor.py:183} INFO - Processing /Users/gaurav/Documents/Breast-Cancer-ML-Pipeline/venv/lib/python3.9/site-packages/airflow/example_dags/plugins/listener_plugin.py took 0.063 seconds
[2025-04-21T17:30:33.029-0400] {processor.py:161} INFO - Started process (PID=87189) to work on /Users/gaurav/Documents/Breast-Cancer-ML-Pipeline/venv/lib/python3.9/site-packages/airflow/example_dags/plugins/listener_plugin.py
[2025-04-21T17:30:33.031-0400] {processor.py:830} INFO - Processing file /Users/gaurav/Documents/Breast-Cancer-ML-Pipeline/venv/lib/python3.9/site-packages/airflow/example_dags/plugins/listener_plugin.py for tasks to queue
[2025-04-21T17:30:33.031-0400] {logging_mixin.py:188} INFO - [2025-04-21T17:30:33.031-0400] {dagbag.py:538} INFO - Filling up the DagBag from /Users/gaurav/Documents/Breast-Cancer-ML-Pipeline/venv/lib/python3.9/site-packages/airflow/example_dags/plugins/listener_plugin.py
[2025-04-21T17:30:33.034-0400] {processor.py:842} WARNING - No viable dags retrieved from /Users/gaurav/Documents/Breast-Cancer-ML-Pipeline/venv/lib/python3.9/site-packages/airflow/example_dags/plugins/listener_plugin.py
[2025-04-21T17:30:33.089-0400] {processor.py:183} INFO - Processing /Users/gaurav/Documents/Breast-Cancer-ML-Pipeline/venv/lib/python3.9/site-packages/airflow/example_dags/plugins/listener_plugin.py took 0.061 seconds
[2025-04-21T17:31:11.611-0400] {processor.py:161} INFO - Started process (PID=87227) to work on /Users/gaurav/Documents/Breast-Cancer-ML-Pipeline/venv/lib/python3.9/site-packages/airflow/example_dags/plugins/listener_plugin.py
[2025-04-21T17:31:11.613-0400] {processor.py:830} INFO - Processing file /Users/gaurav/Documents/Breast-Cancer-ML-Pipeline/venv/lib/python3.9/site-packages/airflow/example_dags/plugins/listener_plugin.py for tasks to queue
[2025-04-21T17:31:11.613-0400] {logging_mixin.py:188} INFO - [2025-04-21T17:31:11.613-0400] {dagbag.py:538} INFO - Filling up the DagBag from /Users/gaurav/Documents/Breast-Cancer-ML-Pipeline/venv/lib/python3.9/site-packages/airflow/example_dags/plugins/listener_plugin.py
[2025-04-21T17:31:11.615-0400] {processor.py:842} WARNING - No viable dags retrieved from /Users/gaurav/Documents/Breast-Cancer-ML-Pipeline/venv/lib/python3.9/site-packages/airflow/example_dags/plugins/listener_plugin.py
[2025-04-21T17:31:11.672-0400] {processor.py:183} INFO - Processing /Users/gaurav/Documents/Breast-Cancer-ML-Pipeline/venv/lib/python3.9/site-packages/airflow/example_dags/plugins/listener_plugin.py took 0.061 seconds
[2025-04-21T17:31:48.253-0400] {processor.py:161} INFO - Started process (PID=87270) to work on /Users/gaurav/Documents/Breast-Cancer-ML-Pipeline/venv/lib/python3.9/site-packages/airflow/example_dags/plugins/listener_plugin.py
[2025-04-21T17:31:48.254-0400] {processor.py:830} INFO - Processing file /Users/gaurav/Documents/Breast-Cancer-ML-Pipeline/venv/lib/python3.9/site-packages/airflow/example_dags/plugins/listener_plugin.py for tasks to queue
[2025-04-21T17:31:48.255-0400] {logging_mixin.py:188} INFO - [2025-04-21T17:31:48.255-0400] {dagbag.py:538} INFO - Filling up the DagBag from /Users/gaurav/Documents/Breast-Cancer-ML-Pipeline/venv/lib/python3.9/site-packages/airflow/example_dags/plugins/listener_plugin.py
[2025-04-21T17:31:48.258-0400] {processor.py:842} WARNING - No viable dags retrieved from /Users/gaurav/Documents/Breast-Cancer-ML-Pipeline/venv/lib/python3.9/site-packages/airflow/example_dags/plugins/listener_plugin.py
[2025-04-21T17:31:48.313-0400] {processor.py:183} INFO - Processing /Users/gaurav/Documents/Breast-Cancer-ML-Pipeline/venv/lib/python3.9/site-packages/airflow/example_dags/plugins/listener_plugin.py took 0.061 seconds
[2025-04-21T17:35:27.833-0400] {processor.py:161} INFO - Started process (PID=87445) to work on /Users/gaurav/Documents/Breast-Cancer-ML-Pipeline/venv/lib/python3.9/site-packages/airflow/example_dags/plugins/listener_plugin.py
[2025-04-21T17:35:27.834-0400] {processor.py:830} INFO - Processing file /Users/gaurav/Documents/Breast-Cancer-ML-Pipeline/venv/lib/python3.9/site-packages/airflow/example_dags/plugins/listener_plugin.py for tasks to queue
[2025-04-21T17:35:27.834-0400] {logging_mixin.py:188} INFO - [2025-04-21T17:35:27.834-0400] {dagbag.py:538} INFO - Filling up the DagBag from /Users/gaurav/Documents/Breast-Cancer-ML-Pipeline/venv/lib/python3.9/site-packages/airflow/example_dags/plugins/listener_plugin.py
[2025-04-21T17:35:27.836-0400] {processor.py:842} WARNING - No viable dags retrieved from /Users/gaurav/Documents/Breast-Cancer-ML-Pipeline/venv/lib/python3.9/site-packages/airflow/example_dags/plugins/listener_plugin.py
[2025-04-21T17:35:27.893-0400] {processor.py:183} INFO - Processing /Users/gaurav/Documents/Breast-Cancer-ML-Pipeline/venv/lib/python3.9/site-packages/airflow/example_dags/plugins/listener_plugin.py took 0.061 seconds
[2025-04-21T17:38:13.318-0400] {processor.py:161} INFO - Started process (PID=87839) to work on /Users/gaurav/Documents/Breast-Cancer-ML-Pipeline/venv/lib/python3.9/site-packages/airflow/example_dags/plugins/listener_plugin.py
[2025-04-21T17:38:13.319-0400] {processor.py:830} INFO - Processing file /Users/gaurav/Documents/Breast-Cancer-ML-Pipeline/venv/lib/python3.9/site-packages/airflow/example_dags/plugins/listener_plugin.py for tasks to queue
[2025-04-21T17:38:13.320-0400] {logging_mixin.py:188} INFO - [2025-04-21T17:38:13.320-0400] {dagbag.py:538} INFO - Filling up the DagBag from /Users/gaurav/Documents/Breast-Cancer-ML-Pipeline/venv/lib/python3.9/site-packages/airflow/example_dags/plugins/listener_plugin.py
[2025-04-21T17:38:13.322-0400] {processor.py:842} WARNING - No viable dags retrieved from /Users/gaurav/Documents/Breast-Cancer-ML-Pipeline/venv/lib/python3.9/site-packages/airflow/example_dags/plugins/listener_plugin.py
[2025-04-21T17:38:13.381-0400] {processor.py:183} INFO - Processing /Users/gaurav/Documents/Breast-Cancer-ML-Pipeline/venv/lib/python3.9/site-packages/airflow/example_dags/plugins/listener_plugin.py took 0.064 seconds
[2025-04-21T17:39:29.013-0400] {processor.py:161} INFO - Started process (PID=87909) to work on /Users/gaurav/Documents/Breast-Cancer-ML-Pipeline/venv/lib/python3.9/site-packages/airflow/example_dags/plugins/listener_plugin.py
[2025-04-21T17:39:29.015-0400] {processor.py:830} INFO - Processing file /Users/gaurav/Documents/Breast-Cancer-ML-Pipeline/venv/lib/python3.9/site-packages/airflow/example_dags/plugins/listener_plugin.py for tasks to queue
[2025-04-21T17:39:29.015-0400] {logging_mixin.py:188} INFO - [2025-04-21T17:39:29.015-0400] {dagbag.py:538} INFO - Filling up the DagBag from /Users/gaurav/Documents/Breast-Cancer-ML-Pipeline/venv/lib/python3.9/site-packages/airflow/example_dags/plugins/listener_plugin.py
[2025-04-21T17:39:29.017-0400] {processor.py:842} WARNING - No viable dags retrieved from /Users/gaurav/Documents/Breast-Cancer-ML-Pipeline/venv/lib/python3.9/site-packages/airflow/example_dags/plugins/listener_plugin.py
[2025-04-21T17:39:29.073-0400] {processor.py:183} INFO - Processing /Users/gaurav/Documents/Breast-Cancer-ML-Pipeline/venv/lib/python3.9/site-packages/airflow/example_dags/plugins/listener_plugin.py took 0.061 seconds
[2025-04-21T17:40:46.616-0400] {processor.py:161} INFO - Started process (PID=88042) to work on /Users/gaurav/Documents/Breast-Cancer-ML-Pipeline/venv/lib/python3.9/site-packages/airflow/example_dags/plugins/listener_plugin.py
[2025-04-21T17:40:46.618-0400] {processor.py:830} INFO - Processing file /Users/gaurav/Documents/Breast-Cancer-ML-Pipeline/venv/lib/python3.9/site-packages/airflow/example_dags/plugins/listener_plugin.py for tasks to queue
[2025-04-21T17:40:46.618-0400] {logging_mixin.py:188} INFO - [2025-04-21T17:40:46.618-0400] {dagbag.py:538} INFO - Filling up the DagBag from /Users/gaurav/Documents/Breast-Cancer-ML-Pipeline/venv/lib/python3.9/site-packages/airflow/example_dags/plugins/listener_plugin.py
[2025-04-21T17:40:46.620-0400] {processor.py:842} WARNING - No viable dags retrieved from /Users/gaurav/Documents/Breast-Cancer-ML-Pipeline/venv/lib/python3.9/site-packages/airflow/example_dags/plugins/listener_plugin.py
[2025-04-21T17:40:46.676-0400] {processor.py:183} INFO - Processing /Users/gaurav/Documents/Breast-Cancer-ML-Pipeline/venv/lib/python3.9/site-packages/airflow/example_dags/plugins/listener_plugin.py took 0.061 seconds
[2025-04-21T17:41:52.180-0400] {processor.py:161} INFO - Started process (PID=88124) to work on /Users/gaurav/Documents/Breast-Cancer-ML-Pipeline/venv/lib/python3.9/site-packages/airflow/example_dags/plugins/listener_plugin.py
[2025-04-21T17:41:52.182-0400] {processor.py:830} INFO - Processing file /Users/gaurav/Documents/Breast-Cancer-ML-Pipeline/venv/lib/python3.9/site-packages/airflow/example_dags/plugins/listener_plugin.py for tasks to queue
[2025-04-21T17:41:52.183-0400] {logging_mixin.py:188} INFO - [2025-04-21T17:41:52.182-0400] {dagbag.py:538} INFO - Filling up the DagBag from /Users/gaurav/Documents/Breast-Cancer-ML-Pipeline/venv/lib/python3.9/site-packages/airflow/example_dags/plugins/listener_plugin.py
[2025-04-21T17:41:52.185-0400] {processor.py:842} WARNING - No viable dags retrieved from /Users/gaurav/Documents/Breast-Cancer-ML-Pipeline/venv/lib/python3.9/site-packages/airflow/example_dags/plugins/listener_plugin.py
[2025-04-21T17:41:52.240-0400] {processor.py:183} INFO - Processing /Users/gaurav/Documents/Breast-Cancer-ML-Pipeline/venv/lib/python3.9/site-packages/airflow/example_dags/plugins/listener_plugin.py took 0.060 seconds
[2025-04-21T17:42:31.461-0400] {processor.py:161} INFO - Started process (PID=88170) to work on /Users/gaurav/Documents/Breast-Cancer-ML-Pipeline/venv/lib/python3.9/site-packages/airflow/example_dags/plugins/listener_plugin.py
[2025-04-21T17:42:31.462-0400] {processor.py:830} INFO - Processing file /Users/gaurav/Documents/Breast-Cancer-ML-Pipeline/venv/lib/python3.9/site-packages/airflow/example_dags/plugins/listener_plugin.py for tasks to queue
[2025-04-21T17:42:31.463-0400] {logging_mixin.py:188} INFO - [2025-04-21T17:42:31.463-0400] {dagbag.py:538} INFO - Filling up the DagBag from /Users/gaurav/Documents/Breast-Cancer-ML-Pipeline/venv/lib/python3.9/site-packages/airflow/example_dags/plugins/listener_plugin.py
[2025-04-21T17:42:31.465-0400] {processor.py:842} WARNING - No viable dags retrieved from /Users/gaurav/Documents/Breast-Cancer-ML-Pipeline/venv/lib/python3.9/site-packages/airflow/example_dags/plugins/listener_plugin.py
[2025-04-21T17:42:31.520-0400] {processor.py:183} INFO - Processing /Users/gaurav/Documents/Breast-Cancer-ML-Pipeline/venv/lib/python3.9/site-packages/airflow/example_dags/plugins/listener_plugin.py took 0.060 seconds
[2025-04-21T17:43:43.304-0400] {processor.py:161} INFO - Started process (PID=88253) to work on /Users/gaurav/Documents/Breast-Cancer-ML-Pipeline/venv/lib/python3.9/site-packages/airflow/example_dags/plugins/listener_plugin.py
[2025-04-21T17:43:43.306-0400] {processor.py:830} INFO - Processing file /Users/gaurav/Documents/Breast-Cancer-ML-Pipeline/venv/lib/python3.9/site-packages/airflow/example_dags/plugins/listener_plugin.py for tasks to queue
[2025-04-21T17:43:43.307-0400] {logging_mixin.py:188} INFO - [2025-04-21T17:43:43.307-0400] {dagbag.py:538} INFO - Filling up the DagBag from /Users/gaurav/Documents/Breast-Cancer-ML-Pipeline/venv/lib/python3.9/site-packages/airflow/example_dags/plugins/listener_plugin.py
[2025-04-21T17:43:43.309-0400] {processor.py:842} WARNING - No viable dags retrieved from /Users/gaurav/Documents/Breast-Cancer-ML-Pipeline/venv/lib/python3.9/site-packages/airflow/example_dags/plugins/listener_plugin.py
[2025-04-21T17:43:43.365-0400] {processor.py:183} INFO - Processing /Users/gaurav/Documents/Breast-Cancer-ML-Pipeline/venv/lib/python3.9/site-packages/airflow/example_dags/plugins/listener_plugin.py took 0.061 seconds
[2025-04-21T17:44:54.644-0400] {processor.py:161} INFO - Started process (PID=88357) to work on /Users/gaurav/Documents/Breast-Cancer-ML-Pipeline/venv/lib/python3.9/site-packages/airflow/example_dags/plugins/listener_plugin.py
[2025-04-21T17:44:54.645-0400] {processor.py:830} INFO - Processing file /Users/gaurav/Documents/Breast-Cancer-ML-Pipeline/venv/lib/python3.9/site-packages/airflow/example_dags/plugins/listener_plugin.py for tasks to queue
[2025-04-21T17:44:54.646-0400] {logging_mixin.py:188} INFO - [2025-04-21T17:44:54.646-0400] {dagbag.py:538} INFO - Filling up the DagBag from /Users/gaurav/Documents/Breast-Cancer-ML-Pipeline/venv/lib/python3.9/site-packages/airflow/example_dags/plugins/listener_plugin.py
[2025-04-21T17:44:54.647-0400] {processor.py:842} WARNING - No viable dags retrieved from /Users/gaurav/Documents/Breast-Cancer-ML-Pipeline/venv/lib/python3.9/site-packages/airflow/example_dags/plugins/listener_plugin.py
[2025-04-21T17:44:54.694-0400] {processor.py:183} INFO - Processing /Users/gaurav/Documents/Breast-Cancer-ML-Pipeline/venv/lib/python3.9/site-packages/airflow/example_dags/plugins/listener_plugin.py took 0.051 seconds
[2025-04-21T17:45:47.085-0400] {processor.py:161} INFO - Started process (PID=88423) to work on /Users/gaurav/Documents/Breast-Cancer-ML-Pipeline/venv/lib/python3.9/site-packages/airflow/example_dags/plugins/listener_plugin.py
[2025-04-21T17:45:47.087-0400] {processor.py:830} INFO - Processing file /Users/gaurav/Documents/Breast-Cancer-ML-Pipeline/venv/lib/python3.9/site-packages/airflow/example_dags/plugins/listener_plugin.py for tasks to queue
[2025-04-21T17:45:47.087-0400] {logging_mixin.py:188} INFO - [2025-04-21T17:45:47.087-0400] {dagbag.py:538} INFO - Filling up the DagBag from /Users/gaurav/Documents/Breast-Cancer-ML-Pipeline/venv/lib/python3.9/site-packages/airflow/example_dags/plugins/listener_plugin.py
[2025-04-21T17:45:47.089-0400] {processor.py:842} WARNING - No viable dags retrieved from /Users/gaurav/Documents/Breast-Cancer-ML-Pipeline/venv/lib/python3.9/site-packages/airflow/example_dags/plugins/listener_plugin.py
[2025-04-21T17:45:47.134-0400] {processor.py:183} INFO - Processing /Users/gaurav/Documents/Breast-Cancer-ML-Pipeline/venv/lib/python3.9/site-packages/airflow/example_dags/plugins/listener_plugin.py took 0.050 seconds
[2025-04-21T17:46:41.418-0400] {processor.py:161} INFO - Started process (PID=88553) to work on /Users/gaurav/Documents/Breast-Cancer-ML-Pipeline/venv/lib/python3.9/site-packages/airflow/example_dags/plugins/listener_plugin.py
[2025-04-21T17:46:41.419-0400] {processor.py:830} INFO - Processing file /Users/gaurav/Documents/Breast-Cancer-ML-Pipeline/venv/lib/python3.9/site-packages/airflow/example_dags/plugins/listener_plugin.py for tasks to queue
[2025-04-21T17:46:41.420-0400] {logging_mixin.py:188} INFO - [2025-04-21T17:46:41.419-0400] {dagbag.py:538} INFO - Filling up the DagBag from /Users/gaurav/Documents/Breast-Cancer-ML-Pipeline/venv/lib/python3.9/site-packages/airflow/example_dags/plugins/listener_plugin.py
[2025-04-21T17:46:41.421-0400] {processor.py:842} WARNING - No viable dags retrieved from /Users/gaurav/Documents/Breast-Cancer-ML-Pipeline/venv/lib/python3.9/site-packages/airflow/example_dags/plugins/listener_plugin.py
[2025-04-21T17:46:41.471-0400] {processor.py:183} INFO - Processing /Users/gaurav/Documents/Breast-Cancer-ML-Pipeline/venv/lib/python3.9/site-packages/airflow/example_dags/plugins/listener_plugin.py took 0.054 seconds
[2025-04-21T17:47:35.626-0400] {processor.py:161} INFO - Started process (PID=88622) to work on /Users/gaurav/Documents/Breast-Cancer-ML-Pipeline/venv/lib/python3.9/site-packages/airflow/example_dags/plugins/listener_plugin.py
[2025-04-21T17:47:35.627-0400] {processor.py:830} INFO - Processing file /Users/gaurav/Documents/Breast-Cancer-ML-Pipeline/venv/lib/python3.9/site-packages/airflow/example_dags/plugins/listener_plugin.py for tasks to queue
[2025-04-21T17:47:35.627-0400] {logging_mixin.py:188} INFO - [2025-04-21T17:47:35.627-0400] {dagbag.py:538} INFO - Filling up the DagBag from /Users/gaurav/Documents/Breast-Cancer-ML-Pipeline/venv/lib/python3.9/site-packages/airflow/example_dags/plugins/listener_plugin.py
[2025-04-21T17:47:35.629-0400] {processor.py:842} WARNING - No viable dags retrieved from /Users/gaurav/Documents/Breast-Cancer-ML-Pipeline/venv/lib/python3.9/site-packages/airflow/example_dags/plugins/listener_plugin.py
[2025-04-21T17:47:35.673-0400] {processor.py:183} INFO - Processing /Users/gaurav/Documents/Breast-Cancer-ML-Pipeline/venv/lib/python3.9/site-packages/airflow/example_dags/plugins/listener_plugin.py took 0.049 seconds
[2025-04-21T17:48:21.121-0400] {processor.py:161} INFO - Started process (PID=88678) to work on /Users/gaurav/Documents/Breast-Cancer-ML-Pipeline/venv/lib/python3.9/site-packages/airflow/example_dags/plugins/listener_plugin.py
[2025-04-21T17:48:21.122-0400] {processor.py:830} INFO - Processing file /Users/gaurav/Documents/Breast-Cancer-ML-Pipeline/venv/lib/python3.9/site-packages/airflow/example_dags/plugins/listener_plugin.py for tasks to queue
[2025-04-21T17:48:21.123-0400] {logging_mixin.py:188} INFO - [2025-04-21T17:48:21.123-0400] {dagbag.py:538} INFO - Filling up the DagBag from /Users/gaurav/Documents/Breast-Cancer-ML-Pipeline/venv/lib/python3.9/site-packages/airflow/example_dags/plugins/listener_plugin.py
[2025-04-21T17:48:21.124-0400] {processor.py:842} WARNING - No viable dags retrieved from /Users/gaurav/Documents/Breast-Cancer-ML-Pipeline/venv/lib/python3.9/site-packages/airflow/example_dags/plugins/listener_plugin.py
[2025-04-21T17:48:21.167-0400] {processor.py:183} INFO - Processing /Users/gaurav/Documents/Breast-Cancer-ML-Pipeline/venv/lib/python3.9/site-packages/airflow/example_dags/plugins/listener_plugin.py took 0.047 seconds
[2025-04-21T17:49:04.759-0400] {processor.py:161} INFO - Started process (PID=88747) to work on /Users/gaurav/Documents/Breast-Cancer-ML-Pipeline/venv/lib/python3.9/site-packages/airflow/example_dags/plugins/listener_plugin.py
[2025-04-21T17:49:04.760-0400] {processor.py:830} INFO - Processing file /Users/gaurav/Documents/Breast-Cancer-ML-Pipeline/venv/lib/python3.9/site-packages/airflow/example_dags/plugins/listener_plugin.py for tasks to queue
[2025-04-21T17:49:04.761-0400] {logging_mixin.py:188} INFO - [2025-04-21T17:49:04.761-0400] {dagbag.py:538} INFO - Filling up the DagBag from /Users/gaurav/Documents/Breast-Cancer-ML-Pipeline/venv/lib/python3.9/site-packages/airflow/example_dags/plugins/listener_plugin.py
[2025-04-21T17:49:04.763-0400] {processor.py:842} WARNING - No viable dags retrieved from /Users/gaurav/Documents/Breast-Cancer-ML-Pipeline/venv/lib/python3.9/site-packages/airflow/example_dags/plugins/listener_plugin.py
[2025-04-21T17:49:04.806-0400] {processor.py:183} INFO - Processing /Users/gaurav/Documents/Breast-Cancer-ML-Pipeline/venv/lib/python3.9/site-packages/airflow/example_dags/plugins/listener_plugin.py took 0.048 seconds
[2025-04-21T17:49:47.817-0400] {processor.py:161} INFO - Started process (PID=88804) to work on /Users/gaurav/Documents/Breast-Cancer-ML-Pipeline/venv/lib/python3.9/site-packages/airflow/example_dags/plugins/listener_plugin.py
[2025-04-21T17:49:47.819-0400] {processor.py:830} INFO - Processing file /Users/gaurav/Documents/Breast-Cancer-ML-Pipeline/venv/lib/python3.9/site-packages/airflow/example_dags/plugins/listener_plugin.py for tasks to queue
[2025-04-21T17:49:47.819-0400] {logging_mixin.py:188} INFO - [2025-04-21T17:49:47.819-0400] {dagbag.py:538} INFO - Filling up the DagBag from /Users/gaurav/Documents/Breast-Cancer-ML-Pipeline/venv/lib/python3.9/site-packages/airflow/example_dags/plugins/listener_plugin.py
[2025-04-21T17:49:47.821-0400] {processor.py:842} WARNING - No viable dags retrieved from /Users/gaurav/Documents/Breast-Cancer-ML-Pipeline/venv/lib/python3.9/site-packages/airflow/example_dags/plugins/listener_plugin.py
[2025-04-21T17:49:47.868-0400] {processor.py:183} INFO - Processing /Users/gaurav/Documents/Breast-Cancer-ML-Pipeline/venv/lib/python3.9/site-packages/airflow/example_dags/plugins/listener_plugin.py took 0.051 seconds
[2025-04-21T17:50:37.246-0400] {processor.py:161} INFO - Started process (PID=88876) to work on /Users/gaurav/Documents/Breast-Cancer-ML-Pipeline/venv/lib/python3.9/site-packages/airflow/example_dags/plugins/listener_plugin.py
[2025-04-21T17:50:37.248-0400] {processor.py:830} INFO - Processing file /Users/gaurav/Documents/Breast-Cancer-ML-Pipeline/venv/lib/python3.9/site-packages/airflow/example_dags/plugins/listener_plugin.py for tasks to queue
[2025-04-21T17:50:37.248-0400] {logging_mixin.py:188} INFO - [2025-04-21T17:50:37.248-0400] {dagbag.py:538} INFO - Filling up the DagBag from /Users/gaurav/Documents/Breast-Cancer-ML-Pipeline/venv/lib/python3.9/site-packages/airflow/example_dags/plugins/listener_plugin.py
[2025-04-21T17:50:37.250-0400] {processor.py:842} WARNING - No viable dags retrieved from /Users/gaurav/Documents/Breast-Cancer-ML-Pipeline/venv/lib/python3.9/site-packages/airflow/example_dags/plugins/listener_plugin.py
[2025-04-21T17:50:37.295-0400] {processor.py:183} INFO - Processing /Users/gaurav/Documents/Breast-Cancer-ML-Pipeline/venv/lib/python3.9/site-packages/airflow/example_dags/plugins/listener_plugin.py took 0.050 seconds
[2025-04-21T17:51:29.570-0400] {processor.py:161} INFO - Started process (PID=88951) to work on /Users/gaurav/Documents/Breast-Cancer-ML-Pipeline/venv/lib/python3.9/site-packages/airflow/example_dags/plugins/listener_plugin.py
[2025-04-21T17:51:29.572-0400] {processor.py:830} INFO - Processing file /Users/gaurav/Documents/Breast-Cancer-ML-Pipeline/venv/lib/python3.9/site-packages/airflow/example_dags/plugins/listener_plugin.py for tasks to queue
[2025-04-21T17:51:29.572-0400] {logging_mixin.py:188} INFO - [2025-04-21T17:51:29.572-0400] {dagbag.py:538} INFO - Filling up the DagBag from /Users/gaurav/Documents/Breast-Cancer-ML-Pipeline/venv/lib/python3.9/site-packages/airflow/example_dags/plugins/listener_plugin.py
[2025-04-21T17:51:29.574-0400] {processor.py:842} WARNING - No viable dags retrieved from /Users/gaurav/Documents/Breast-Cancer-ML-Pipeline/venv/lib/python3.9/site-packages/airflow/example_dags/plugins/listener_plugin.py
[2025-04-21T17:51:29.619-0400] {processor.py:183} INFO - Processing /Users/gaurav/Documents/Breast-Cancer-ML-Pipeline/venv/lib/python3.9/site-packages/airflow/example_dags/plugins/listener_plugin.py took 0.049 seconds
[2025-04-21T17:52:21.382-0400] {processor.py:161} INFO - Started process (PID=89015) to work on /Users/gaurav/Documents/Breast-Cancer-ML-Pipeline/venv/lib/python3.9/site-packages/airflow/example_dags/plugins/listener_plugin.py
[2025-04-21T17:52:21.383-0400] {processor.py:830} INFO - Processing file /Users/gaurav/Documents/Breast-Cancer-ML-Pipeline/venv/lib/python3.9/site-packages/airflow/example_dags/plugins/listener_plugin.py for tasks to queue
[2025-04-21T17:52:21.384-0400] {logging_mixin.py:188} INFO - [2025-04-21T17:52:21.384-0400] {dagbag.py:538} INFO - Filling up the DagBag from /Users/gaurav/Documents/Breast-Cancer-ML-Pipeline/venv/lib/python3.9/site-packages/airflow/example_dags/plugins/listener_plugin.py
[2025-04-21T17:52:21.385-0400] {processor.py:842} WARNING - No viable dags retrieved from /Users/gaurav/Documents/Breast-Cancer-ML-Pipeline/venv/lib/python3.9/site-packages/airflow/example_dags/plugins/listener_plugin.py
[2025-04-21T17:52:21.429-0400] {processor.py:183} INFO - Processing /Users/gaurav/Documents/Breast-Cancer-ML-Pipeline/venv/lib/python3.9/site-packages/airflow/example_dags/plugins/listener_plugin.py took 0.048 seconds
[2025-04-21T17:53:13.452-0400] {processor.py:161} INFO - Started process (PID=89089) to work on /Users/gaurav/Documents/Breast-Cancer-ML-Pipeline/venv/lib/python3.9/site-packages/airflow/example_dags/plugins/listener_plugin.py
[2025-04-21T17:53:13.453-0400] {processor.py:830} INFO - Processing file /Users/gaurav/Documents/Breast-Cancer-ML-Pipeline/venv/lib/python3.9/site-packages/airflow/example_dags/plugins/listener_plugin.py for tasks to queue
[2025-04-21T17:53:13.453-0400] {logging_mixin.py:188} INFO - [2025-04-21T17:53:13.453-0400] {dagbag.py:538} INFO - Filling up the DagBag from /Users/gaurav/Documents/Breast-Cancer-ML-Pipeline/venv/lib/python3.9/site-packages/airflow/example_dags/plugins/listener_plugin.py
[2025-04-21T17:53:13.455-0400] {processor.py:842} WARNING - No viable dags retrieved from /Users/gaurav/Documents/Breast-Cancer-ML-Pipeline/venv/lib/python3.9/site-packages/airflow/example_dags/plugins/listener_plugin.py
[2025-04-21T17:53:13.500-0400] {processor.py:183} INFO - Processing /Users/gaurav/Documents/Breast-Cancer-ML-Pipeline/venv/lib/python3.9/site-packages/airflow/example_dags/plugins/listener_plugin.py took 0.049 seconds
[2025-04-21T17:54:04.237-0400] {processor.py:161} INFO - Started process (PID=89158) to work on /Users/gaurav/Documents/Breast-Cancer-ML-Pipeline/venv/lib/python3.9/site-packages/airflow/example_dags/plugins/listener_plugin.py
[2025-04-21T17:54:04.238-0400] {processor.py:830} INFO - Processing file /Users/gaurav/Documents/Breast-Cancer-ML-Pipeline/venv/lib/python3.9/site-packages/airflow/example_dags/plugins/listener_plugin.py for tasks to queue
[2025-04-21T17:54:04.238-0400] {logging_mixin.py:188} INFO - [2025-04-21T17:54:04.238-0400] {dagbag.py:538} INFO - Filling up the DagBag from /Users/gaurav/Documents/Breast-Cancer-ML-Pipeline/venv/lib/python3.9/site-packages/airflow/example_dags/plugins/listener_plugin.py
[2025-04-21T17:54:04.240-0400] {processor.py:842} WARNING - No viable dags retrieved from /Users/gaurav/Documents/Breast-Cancer-ML-Pipeline/venv/lib/python3.9/site-packages/airflow/example_dags/plugins/listener_plugin.py
[2025-04-21T17:54:04.285-0400] {processor.py:183} INFO - Processing /Users/gaurav/Documents/Breast-Cancer-ML-Pipeline/venv/lib/python3.9/site-packages/airflow/example_dags/plugins/listener_plugin.py took 0.050 seconds
[2025-04-21T17:54:58.406-0400] {processor.py:161} INFO - Started process (PID=89259) to work on /Users/gaurav/Documents/Breast-Cancer-ML-Pipeline/venv/lib/python3.9/site-packages/airflow/example_dags/plugins/listener_plugin.py
[2025-04-21T17:54:58.407-0400] {processor.py:830} INFO - Processing file /Users/gaurav/Documents/Breast-Cancer-ML-Pipeline/venv/lib/python3.9/site-packages/airflow/example_dags/plugins/listener_plugin.py for tasks to queue
[2025-04-21T17:54:58.408-0400] {logging_mixin.py:188} INFO - [2025-04-21T17:54:58.408-0400] {dagbag.py:538} INFO - Filling up the DagBag from /Users/gaurav/Documents/Breast-Cancer-ML-Pipeline/venv/lib/python3.9/site-packages/airflow/example_dags/plugins/listener_plugin.py
[2025-04-21T17:54:58.410-0400] {processor.py:842} WARNING - No viable dags retrieved from /Users/gaurav/Documents/Breast-Cancer-ML-Pipeline/venv/lib/python3.9/site-packages/airflow/example_dags/plugins/listener_plugin.py
[2025-04-21T17:54:58.454-0400] {processor.py:183} INFO - Processing /Users/gaurav/Documents/Breast-Cancer-ML-Pipeline/venv/lib/python3.9/site-packages/airflow/example_dags/plugins/listener_plugin.py took 0.049 seconds
