[2025-04-21T16:39:50.258-0400] {processor.py:161} INFO - Started process (PID=83586) to work on /Users/gaurav/Documents/Breast-Cancer-ML-Pipeline/venv/lib/python3.9/site-packages/airflow/example_dags/example_complex.py
[2025-04-21T16:39:50.258-0400] {processor.py:830} INFO - Processing file /Users/gaurav/Documents/Breast-Cancer-ML-Pipeline/venv/lib/python3.9/site-packages/airflow/example_dags/example_complex.py for tasks to queue
[2025-04-21T16:39:50.259-0400] {logging_mixin.py:188} INFO - [2025-04-21T16:39:50.259-0400] {dagbag.py:538} INFO - Filling up the DagBag from /Users/gaurav/Documents/Breast-Cancer-ML-Pipeline/venv/lib/python3.9/site-packages/airflow/example_dags/example_complex.py
[2025-04-21T16:39:50.269-0400] {processor.py:840} INFO - DAG(s) 'example_complex' retrieved from /Users/gaurav/Documents/Breast-Cancer-ML-Pipeline/venv/lib/python3.9/site-packages/airflow/example_dags/example_complex.py
[2025-04-21T16:39:50.397-0400] {logging_mixin.py:188} INFO - [2025-04-21T16:39:50.397-0400] {override.py:1769} INFO - Created Permission View: can edit on DAG:example_complex
[2025-04-21T16:39:50.403-0400] {logging_mixin.py:188} INFO - [2025-04-21T16:39:50.403-0400] {override.py:1769} INFO - Created Permission View: can delete on DAG:example_complex
[2025-04-21T16:39:50.406-0400] {logging_mixin.py:188} INFO - [2025-04-21T16:39:50.406-0400] {override.py:1769} INFO - Created Permission View: can read on DAG:example_complex
[2025-04-21T16:39:50.407-0400] {logging_mixin.py:188} INFO - [2025-04-21T16:39:50.406-0400] {dag.py:3036} INFO - Sync 1 DAGs
[2025-04-21T16:39:50.413-0400] {logging_mixin.py:188} INFO - [2025-04-21T16:39:50.413-0400] {dag.py:3058} INFO - Creating ORM DAG for example_complex
[2025-04-21T16:39:50.413-0400] {logging_mixin.py:188} INFO - [2025-04-21T16:39:50.413-0400] {dag.py:3823} INFO - Setting next_dagrun for example_complex to None, run_after=None
[2025-04-21T16:39:50.425-0400] {processor.py:183} INFO - Processing /Users/gaurav/Documents/Breast-Cancer-ML-Pipeline/venv/lib/python3.9/site-packages/airflow/example_dags/example_complex.py took 0.168 seconds
[2025-04-21T16:42:29.553-0400] {processor.py:161} INFO - Started process (PID=83717) to work on /Users/gaurav/Documents/Breast-Cancer-ML-Pipeline/venv/lib/python3.9/site-packages/airflow/example_dags/example_complex.py
[2025-04-21T16:42:29.554-0400] {processor.py:830} INFO - Processing file /Users/gaurav/Documents/Breast-Cancer-ML-Pipeline/venv/lib/python3.9/site-packages/airflow/example_dags/example_complex.py for tasks to queue
[2025-04-21T16:42:29.555-0400] {logging_mixin.py:188} INFO - [2025-04-21T16:42:29.555-0400] {dagbag.py:538} INFO - Filling up the DagBag from /Users/gaurav/Documents/Breast-Cancer-ML-Pipeline/venv/lib/python3.9/site-packages/airflow/example_dags/example_complex.py
[2025-04-21T16:42:29.564-0400] {processor.py:840} INFO - DAG(s) 'example_complex' retrieved from /Users/gaurav/Documents/Breast-Cancer-ML-Pipeline/venv/lib/python3.9/site-packages/airflow/example_dags/example_complex.py
[2025-04-21T16:42:29.646-0400] {logging_mixin.py:188} INFO - [2025-04-21T16:42:29.645-0400] {dag.py:3036} INFO - Sync 1 DAGs
[2025-04-21T16:42:29.660-0400] {logging_mixin.py:188} INFO - [2025-04-21T16:42:29.660-0400] {dag.py:3823} INFO - Setting next_dagrun for example_complex to None, run_after=None
[2025-04-21T16:42:29.673-0400] {processor.py:183} INFO - Processing /Users/gaurav/Documents/Breast-Cancer-ML-Pipeline/venv/lib/python3.9/site-packages/airflow/example_dags/example_complex.py took 0.121 seconds
[2025-04-21T16:45:15.794-0400] {processor.py:161} INFO - Started process (PID=83866) to work on /Users/gaurav/Documents/Breast-Cancer-ML-Pipeline/venv/lib/python3.9/site-packages/airflow/example_dags/example_complex.py
[2025-04-21T16:45:15.795-0400] {processor.py:830} INFO - Processing file /Users/gaurav/Documents/Breast-Cancer-ML-Pipeline/venv/lib/python3.9/site-packages/airflow/example_dags/example_complex.py for tasks to queue
[2025-04-21T16:45:15.796-0400] {logging_mixin.py:188} INFO - [2025-04-21T16:45:15.796-0400] {dagbag.py:538} INFO - Filling up the DagBag from /Users/gaurav/Documents/Breast-Cancer-ML-Pipeline/venv/lib/python3.9/site-packages/airflow/example_dags/example_complex.py
[2025-04-21T16:45:15.805-0400] {processor.py:840} INFO - DAG(s) 'example_complex' retrieved from /Users/gaurav/Documents/Breast-Cancer-ML-Pipeline/venv/lib/python3.9/site-packages/airflow/example_dags/example_complex.py
[2025-04-21T16:45:15.880-0400] {logging_mixin.py:188} INFO - [2025-04-21T16:45:15.880-0400] {dag.py:3036} INFO - Sync 1 DAGs
[2025-04-21T16:45:15.888-0400] {logging_mixin.py:188} INFO - [2025-04-21T16:45:15.887-0400] {dag.py:3823} INFO - Setting next_dagrun for example_complex to None, run_after=None
[2025-04-21T16:45:15.900-0400] {processor.py:183} INFO - Processing /Users/gaurav/Documents/Breast-Cancer-ML-Pipeline/venv/lib/python3.9/site-packages/airflow/example_dags/example_complex.py took 0.107 seconds
[2025-04-21T16:47:24.334-0400] {processor.py:161} INFO - Started process (PID=84040) to work on /Users/gaurav/Documents/Breast-Cancer-ML-Pipeline/venv/lib/python3.9/site-packages/airflow/example_dags/example_complex.py
[2025-04-21T16:47:24.336-0400] {processor.py:830} INFO - Processing file /Users/gaurav/Documents/Breast-Cancer-ML-Pipeline/venv/lib/python3.9/site-packages/airflow/example_dags/example_complex.py for tasks to queue
[2025-04-21T16:47:24.337-0400] {logging_mixin.py:188} INFO - [2025-04-21T16:47:24.337-0400] {dagbag.py:538} INFO - Filling up the DagBag from /Users/gaurav/Documents/Breast-Cancer-ML-Pipeline/venv/lib/python3.9/site-packages/airflow/example_dags/example_complex.py
[2025-04-21T16:47:24.345-0400] {processor.py:840} INFO - DAG(s) 'example_complex' retrieved from /Users/gaurav/Documents/Breast-Cancer-ML-Pipeline/venv/lib/python3.9/site-packages/airflow/example_dags/example_complex.py
[2025-04-21T16:47:24.418-0400] {logging_mixin.py:188} INFO - [2025-04-21T16:47:24.417-0400] {dag.py:3036} INFO - Sync 1 DAGs
[2025-04-21T16:47:24.425-0400] {logging_mixin.py:188} INFO - [2025-04-21T16:47:24.425-0400] {dag.py:3823} INFO - Setting next_dagrun for example_complex to None, run_after=None
[2025-04-21T16:47:24.440-0400] {processor.py:183} INFO - Processing /Users/gaurav/Documents/Breast-Cancer-ML-Pipeline/venv/lib/python3.9/site-packages/airflow/example_dags/example_complex.py took 0.106 seconds
[2025-04-21T16:48:37.381-0400] {processor.py:161} INFO - Started process (PID=84123) to work on /Users/gaurav/Documents/Breast-Cancer-ML-Pipeline/venv/lib/python3.9/site-packages/airflow/example_dags/example_complex.py
[2025-04-21T16:48:37.383-0400] {processor.py:830} INFO - Processing file /Users/gaurav/Documents/Breast-Cancer-ML-Pipeline/venv/lib/python3.9/site-packages/airflow/example_dags/example_complex.py for tasks to queue
[2025-04-21T16:48:37.383-0400] {logging_mixin.py:188} INFO - [2025-04-21T16:48:37.383-0400] {dagbag.py:538} INFO - Filling up the DagBag from /Users/gaurav/Documents/Breast-Cancer-ML-Pipeline/venv/lib/python3.9/site-packages/airflow/example_dags/example_complex.py
[2025-04-21T16:48:37.392-0400] {processor.py:840} INFO - DAG(s) 'example_complex' retrieved from /Users/gaurav/Documents/Breast-Cancer-ML-Pipeline/venv/lib/python3.9/site-packages/airflow/example_dags/example_complex.py
[2025-04-21T16:48:37.465-0400] {logging_mixin.py:188} INFO - [2025-04-21T16:48:37.465-0400] {dag.py:3036} INFO - Sync 1 DAGs
[2025-04-21T16:48:37.472-0400] {logging_mixin.py:188} INFO - [2025-04-21T16:48:37.472-0400] {dag.py:3823} INFO - Setting next_dagrun for example_complex to None, run_after=None
[2025-04-21T16:48:37.484-0400] {processor.py:183} INFO - Processing /Users/gaurav/Documents/Breast-Cancer-ML-Pipeline/venv/lib/python3.9/site-packages/airflow/example_dags/example_complex.py took 0.104 seconds
[2025-04-21T16:49:48.484-0400] {processor.py:161} INFO - Started process (PID=84208) to work on /Users/gaurav/Documents/Breast-Cancer-ML-Pipeline/venv/lib/python3.9/site-packages/airflow/example_dags/example_complex.py
[2025-04-21T16:49:48.486-0400] {processor.py:830} INFO - Processing file /Users/gaurav/Documents/Breast-Cancer-ML-Pipeline/venv/lib/python3.9/site-packages/airflow/example_dags/example_complex.py for tasks to queue
[2025-04-21T16:49:48.486-0400] {logging_mixin.py:188} INFO - [2025-04-21T16:49:48.486-0400] {dagbag.py:538} INFO - Filling up the DagBag from /Users/gaurav/Documents/Breast-Cancer-ML-Pipeline/venv/lib/python3.9/site-packages/airflow/example_dags/example_complex.py
[2025-04-21T16:49:48.495-0400] {processor.py:840} INFO - DAG(s) 'example_complex' retrieved from /Users/gaurav/Documents/Breast-Cancer-ML-Pipeline/venv/lib/python3.9/site-packages/airflow/example_dags/example_complex.py
[2025-04-21T16:49:48.572-0400] {logging_mixin.py:188} INFO - [2025-04-21T16:49:48.572-0400] {dag.py:3036} INFO - Sync 1 DAGs
[2025-04-21T16:49:48.581-0400] {logging_mixin.py:188} INFO - [2025-04-21T16:49:48.581-0400] {dag.py:3823} INFO - Setting next_dagrun for example_complex to None, run_after=None
[2025-04-21T16:49:48.594-0400] {processor.py:183} INFO - Processing /Users/gaurav/Documents/Breast-Cancer-ML-Pipeline/venv/lib/python3.9/site-packages/airflow/example_dags/example_complex.py took 0.110 seconds
[2025-04-21T16:51:04.249-0400] {processor.py:161} INFO - Started process (PID=84291) to work on /Users/gaurav/Documents/Breast-Cancer-ML-Pipeline/venv/lib/python3.9/site-packages/airflow/example_dags/example_complex.py
[2025-04-21T16:51:04.251-0400] {processor.py:830} INFO - Processing file /Users/gaurav/Documents/Breast-Cancer-ML-Pipeline/venv/lib/python3.9/site-packages/airflow/example_dags/example_complex.py for tasks to queue
[2025-04-21T16:51:04.252-0400] {logging_mixin.py:188} INFO - [2025-04-21T16:51:04.251-0400] {dagbag.py:538} INFO - Filling up the DagBag from /Users/gaurav/Documents/Breast-Cancer-ML-Pipeline/venv/lib/python3.9/site-packages/airflow/example_dags/example_complex.py
[2025-04-21T16:51:04.261-0400] {processor.py:840} INFO - DAG(s) 'example_complex' retrieved from /Users/gaurav/Documents/Breast-Cancer-ML-Pipeline/venv/lib/python3.9/site-packages/airflow/example_dags/example_complex.py
[2025-04-21T16:51:04.333-0400] {logging_mixin.py:188} INFO - [2025-04-21T16:51:04.333-0400] {dag.py:3036} INFO - Sync 1 DAGs
[2025-04-21T16:51:04.340-0400] {logging_mixin.py:188} INFO - [2025-04-21T16:51:04.340-0400] {dag.py:3823} INFO - Setting next_dagrun for example_complex to None, run_after=None
[2025-04-21T16:51:04.353-0400] {processor.py:183} INFO - Processing /Users/gaurav/Documents/Breast-Cancer-ML-Pipeline/venv/lib/python3.9/site-packages/airflow/example_dags/example_complex.py took 0.104 seconds
[2025-04-21T16:52:28.224-0400] {processor.py:161} INFO - Started process (PID=84381) to work on /Users/gaurav/Documents/Breast-Cancer-ML-Pipeline/venv/lib/python3.9/site-packages/airflow/example_dags/example_complex.py
[2025-04-21T16:52:28.226-0400] {processor.py:830} INFO - Processing file /Users/gaurav/Documents/Breast-Cancer-ML-Pipeline/venv/lib/python3.9/site-packages/airflow/example_dags/example_complex.py for tasks to queue
[2025-04-21T16:52:28.226-0400] {logging_mixin.py:188} INFO - [2025-04-21T16:52:28.226-0400] {dagbag.py:538} INFO - Filling up the DagBag from /Users/gaurav/Documents/Breast-Cancer-ML-Pipeline/venv/lib/python3.9/site-packages/airflow/example_dags/example_complex.py
[2025-04-21T16:52:28.235-0400] {processor.py:840} INFO - DAG(s) 'example_complex' retrieved from /Users/gaurav/Documents/Breast-Cancer-ML-Pipeline/venv/lib/python3.9/site-packages/airflow/example_dags/example_complex.py
[2025-04-21T16:52:28.312-0400] {logging_mixin.py:188} INFO - [2025-04-21T16:52:28.312-0400] {dag.py:3036} INFO - Sync 1 DAGs
[2025-04-21T16:52:28.320-0400] {logging_mixin.py:188} INFO - [2025-04-21T16:52:28.320-0400] {dag.py:3823} INFO - Setting next_dagrun for example_complex to None, run_after=None
[2025-04-21T16:52:28.334-0400] {processor.py:183} INFO - Processing /Users/gaurav/Documents/Breast-Cancer-ML-Pipeline/venv/lib/python3.9/site-packages/airflow/example_dags/example_complex.py took 0.111 seconds
[2025-04-21T16:53:49.234-0400] {processor.py:161} INFO - Started process (PID=84492) to work on /Users/gaurav/Documents/Breast-Cancer-ML-Pipeline/venv/lib/python3.9/site-packages/airflow/example_dags/example_complex.py
[2025-04-21T16:53:49.235-0400] {processor.py:830} INFO - Processing file /Users/gaurav/Documents/Breast-Cancer-ML-Pipeline/venv/lib/python3.9/site-packages/airflow/example_dags/example_complex.py for tasks to queue
[2025-04-21T16:53:49.236-0400] {logging_mixin.py:188} INFO - [2025-04-21T16:53:49.236-0400] {dagbag.py:538} INFO - Filling up the DagBag from /Users/gaurav/Documents/Breast-Cancer-ML-Pipeline/venv/lib/python3.9/site-packages/airflow/example_dags/example_complex.py
[2025-04-21T16:53:49.244-0400] {processor.py:840} INFO - DAG(s) 'example_complex' retrieved from /Users/gaurav/Documents/Breast-Cancer-ML-Pipeline/venv/lib/python3.9/site-packages/airflow/example_dags/example_complex.py
[2025-04-21T16:53:49.316-0400] {logging_mixin.py:188} INFO - [2025-04-21T16:53:49.316-0400] {dag.py:3036} INFO - Sync 1 DAGs
[2025-04-21T16:53:49.323-0400] {logging_mixin.py:188} INFO - [2025-04-21T16:53:49.323-0400] {dag.py:3823} INFO - Setting next_dagrun for example_complex to None, run_after=None
[2025-04-21T16:53:49.335-0400] {processor.py:183} INFO - Processing /Users/gaurav/Documents/Breast-Cancer-ML-Pipeline/venv/lib/python3.9/site-packages/airflow/example_dags/example_complex.py took 0.102 seconds
[2025-04-21T16:56:55.544-0400] {processor.py:161} INFO - Started process (PID=84728) to work on /Users/gaurav/Documents/Breast-Cancer-ML-Pipeline/venv/lib/python3.9/site-packages/airflow/example_dags/example_complex.py
[2025-04-21T16:56:55.546-0400] {processor.py:830} INFO - Processing file /Users/gaurav/Documents/Breast-Cancer-ML-Pipeline/venv/lib/python3.9/site-packages/airflow/example_dags/example_complex.py for tasks to queue
[2025-04-21T16:56:55.546-0400] {logging_mixin.py:188} INFO - [2025-04-21T16:56:55.546-0400] {dagbag.py:538} INFO - Filling up the DagBag from /Users/gaurav/Documents/Breast-Cancer-ML-Pipeline/venv/lib/python3.9/site-packages/airflow/example_dags/example_complex.py
[2025-04-21T16:56:55.555-0400] {processor.py:840} INFO - DAG(s) 'example_complex' retrieved from /Users/gaurav/Documents/Breast-Cancer-ML-Pipeline/venv/lib/python3.9/site-packages/airflow/example_dags/example_complex.py
[2025-04-21T16:56:55.689-0400] {logging_mixin.py:188} INFO - [2025-04-21T16:56:55.688-0400] {dag.py:3036} INFO - Sync 1 DAGs
[2025-04-21T16:56:55.695-0400] {logging_mixin.py:188} INFO - [2025-04-21T16:56:55.694-0400] {dag.py:3823} INFO - Setting next_dagrun for example_complex to None, run_after=None
[2025-04-21T16:56:55.709-0400] {processor.py:183} INFO - Processing /Users/gaurav/Documents/Breast-Cancer-ML-Pipeline/venv/lib/python3.9/site-packages/airflow/example_dags/example_complex.py took 0.166 seconds
[2025-04-21T16:58:19.124-0400] {processor.py:161} INFO - Started process (PID=84838) to work on /Users/gaurav/Documents/Breast-Cancer-ML-Pipeline/venv/lib/python3.9/site-packages/airflow/example_dags/example_complex.py
[2025-04-21T16:58:19.125-0400] {processor.py:830} INFO - Processing file /Users/gaurav/Documents/Breast-Cancer-ML-Pipeline/venv/lib/python3.9/site-packages/airflow/example_dags/example_complex.py for tasks to queue
[2025-04-21T16:58:19.126-0400] {logging_mixin.py:188} INFO - [2025-04-21T16:58:19.126-0400] {dagbag.py:538} INFO - Filling up the DagBag from /Users/gaurav/Documents/Breast-Cancer-ML-Pipeline/venv/lib/python3.9/site-packages/airflow/example_dags/example_complex.py
[2025-04-21T16:58:19.135-0400] {processor.py:840} INFO - DAG(s) 'example_complex' retrieved from /Users/gaurav/Documents/Breast-Cancer-ML-Pipeline/venv/lib/python3.9/site-packages/airflow/example_dags/example_complex.py
[2025-04-21T16:58:19.207-0400] {logging_mixin.py:188} INFO - [2025-04-21T16:58:19.207-0400] {dag.py:3036} INFO - Sync 1 DAGs
[2025-04-21T16:58:19.214-0400] {logging_mixin.py:188} INFO - [2025-04-21T16:58:19.214-0400] {dag.py:3823} INFO - Setting next_dagrun for example_complex to None, run_after=None
[2025-04-21T16:58:19.226-0400] {processor.py:183} INFO - Processing /Users/gaurav/Documents/Breast-Cancer-ML-Pipeline/venv/lib/python3.9/site-packages/airflow/example_dags/example_complex.py took 0.103 seconds
[2025-04-21T16:59:39.091-0400] {processor.py:161} INFO - Started process (PID=84923) to work on /Users/gaurav/Documents/Breast-Cancer-ML-Pipeline/venv/lib/python3.9/site-packages/airflow/example_dags/example_complex.py
[2025-04-21T16:59:39.093-0400] {processor.py:830} INFO - Processing file /Users/gaurav/Documents/Breast-Cancer-ML-Pipeline/venv/lib/python3.9/site-packages/airflow/example_dags/example_complex.py for tasks to queue
[2025-04-21T16:59:39.094-0400] {logging_mixin.py:188} INFO - [2025-04-21T16:59:39.094-0400] {dagbag.py:538} INFO - Filling up the DagBag from /Users/gaurav/Documents/Breast-Cancer-ML-Pipeline/venv/lib/python3.9/site-packages/airflow/example_dags/example_complex.py
[2025-04-21T16:59:39.103-0400] {processor.py:840} INFO - DAG(s) 'example_complex' retrieved from /Users/gaurav/Documents/Breast-Cancer-ML-Pipeline/venv/lib/python3.9/site-packages/airflow/example_dags/example_complex.py
[2025-04-21T16:59:39.174-0400] {logging_mixin.py:188} INFO - [2025-04-21T16:59:39.174-0400] {dag.py:3036} INFO - Sync 1 DAGs
[2025-04-21T16:59:39.181-0400] {logging_mixin.py:188} INFO - [2025-04-21T16:59:39.181-0400] {dag.py:3823} INFO - Setting next_dagrun for example_complex to None, run_after=None
[2025-04-21T16:59:39.193-0400] {processor.py:183} INFO - Processing /Users/gaurav/Documents/Breast-Cancer-ML-Pipeline/venv/lib/python3.9/site-packages/airflow/example_dags/example_complex.py took 0.103 seconds
[2025-04-21T17:00:51.238-0400] {processor.py:161} INFO - Started process (PID=85014) to work on /Users/gaurav/Documents/Breast-Cancer-ML-Pipeline/venv/lib/python3.9/site-packages/airflow/example_dags/example_complex.py
[2025-04-21T17:00:51.240-0400] {processor.py:830} INFO - Processing file /Users/gaurav/Documents/Breast-Cancer-ML-Pipeline/venv/lib/python3.9/site-packages/airflow/example_dags/example_complex.py for tasks to queue
[2025-04-21T17:00:51.241-0400] {logging_mixin.py:188} INFO - [2025-04-21T17:00:51.240-0400] {dagbag.py:538} INFO - Filling up the DagBag from /Users/gaurav/Documents/Breast-Cancer-ML-Pipeline/venv/lib/python3.9/site-packages/airflow/example_dags/example_complex.py
[2025-04-21T17:00:51.249-0400] {processor.py:840} INFO - DAG(s) 'example_complex' retrieved from /Users/gaurav/Documents/Breast-Cancer-ML-Pipeline/venv/lib/python3.9/site-packages/airflow/example_dags/example_complex.py
[2025-04-21T17:00:51.319-0400] {logging_mixin.py:188} INFO - [2025-04-21T17:00:51.319-0400] {dag.py:3036} INFO - Sync 1 DAGs
[2025-04-21T17:00:51.326-0400] {logging_mixin.py:188} INFO - [2025-04-21T17:00:51.326-0400] {dag.py:3823} INFO - Setting next_dagrun for example_complex to None, run_after=None
[2025-04-21T17:00:51.338-0400] {processor.py:183} INFO - Processing /Users/gaurav/Documents/Breast-Cancer-ML-Pipeline/venv/lib/python3.9/site-packages/airflow/example_dags/example_complex.py took 0.100 seconds
[2025-04-21T17:02:15.339-0400] {processor.py:161} INFO - Started process (PID=85115) to work on /Users/gaurav/Documents/Breast-Cancer-ML-Pipeline/venv/lib/python3.9/site-packages/airflow/example_dags/example_complex.py
[2025-04-21T17:02:15.340-0400] {processor.py:830} INFO - Processing file /Users/gaurav/Documents/Breast-Cancer-ML-Pipeline/venv/lib/python3.9/site-packages/airflow/example_dags/example_complex.py for tasks to queue
[2025-04-21T17:02:15.341-0400] {logging_mixin.py:188} INFO - [2025-04-21T17:02:15.341-0400] {dagbag.py:538} INFO - Filling up the DagBag from /Users/gaurav/Documents/Breast-Cancer-ML-Pipeline/venv/lib/python3.9/site-packages/airflow/example_dags/example_complex.py
[2025-04-21T17:02:15.350-0400] {processor.py:840} INFO - DAG(s) 'example_complex' retrieved from /Users/gaurav/Documents/Breast-Cancer-ML-Pipeline/venv/lib/python3.9/site-packages/airflow/example_dags/example_complex.py
[2025-04-21T17:02:15.421-0400] {logging_mixin.py:188} INFO - [2025-04-21T17:02:15.421-0400] {dag.py:3036} INFO - Sync 1 DAGs
[2025-04-21T17:02:15.428-0400] {logging_mixin.py:188} INFO - [2025-04-21T17:02:15.428-0400] {dag.py:3823} INFO - Setting next_dagrun for example_complex to None, run_after=None
[2025-04-21T17:02:15.440-0400] {processor.py:183} INFO - Processing /Users/gaurav/Documents/Breast-Cancer-ML-Pipeline/venv/lib/python3.9/site-packages/airflow/example_dags/example_complex.py took 0.102 seconds
[2025-04-21T17:03:33.374-0400] {processor.py:161} INFO - Started process (PID=85204) to work on /Users/gaurav/Documents/Breast-Cancer-ML-Pipeline/venv/lib/python3.9/site-packages/airflow/example_dags/example_complex.py
[2025-04-21T17:03:33.376-0400] {processor.py:830} INFO - Processing file /Users/gaurav/Documents/Breast-Cancer-ML-Pipeline/venv/lib/python3.9/site-packages/airflow/example_dags/example_complex.py for tasks to queue
[2025-04-21T17:03:33.377-0400] {logging_mixin.py:188} INFO - [2025-04-21T17:03:33.377-0400] {dagbag.py:538} INFO - Filling up the DagBag from /Users/gaurav/Documents/Breast-Cancer-ML-Pipeline/venv/lib/python3.9/site-packages/airflow/example_dags/example_complex.py
[2025-04-21T17:03:33.386-0400] {processor.py:840} INFO - DAG(s) 'example_complex' retrieved from /Users/gaurav/Documents/Breast-Cancer-ML-Pipeline/venv/lib/python3.9/site-packages/airflow/example_dags/example_complex.py
[2025-04-21T17:03:33.458-0400] {logging_mixin.py:188} INFO - [2025-04-21T17:03:33.458-0400] {dag.py:3036} INFO - Sync 1 DAGs
[2025-04-21T17:03:33.465-0400] {logging_mixin.py:188} INFO - [2025-04-21T17:03:33.465-0400] {dag.py:3823} INFO - Setting next_dagrun for example_complex to None, run_after=None
[2025-04-21T17:03:33.477-0400] {processor.py:183} INFO - Processing /Users/gaurav/Documents/Breast-Cancer-ML-Pipeline/venv/lib/python3.9/site-packages/airflow/example_dags/example_complex.py took 0.104 seconds
[2025-04-21T17:04:46.284-0400] {processor.py:161} INFO - Started process (PID=85304) to work on /Users/gaurav/Documents/Breast-Cancer-ML-Pipeline/venv/lib/python3.9/site-packages/airflow/example_dags/example_complex.py
[2025-04-21T17:04:46.286-0400] {processor.py:830} INFO - Processing file /Users/gaurav/Documents/Breast-Cancer-ML-Pipeline/venv/lib/python3.9/site-packages/airflow/example_dags/example_complex.py for tasks to queue
[2025-04-21T17:04:46.286-0400] {logging_mixin.py:188} INFO - [2025-04-21T17:04:46.286-0400] {dagbag.py:538} INFO - Filling up the DagBag from /Users/gaurav/Documents/Breast-Cancer-ML-Pipeline/venv/lib/python3.9/site-packages/airflow/example_dags/example_complex.py
[2025-04-21T17:04:46.295-0400] {processor.py:840} INFO - DAG(s) 'example_complex' retrieved from /Users/gaurav/Documents/Breast-Cancer-ML-Pipeline/venv/lib/python3.9/site-packages/airflow/example_dags/example_complex.py
[2025-04-21T17:04:46.366-0400] {logging_mixin.py:188} INFO - [2025-04-21T17:04:46.365-0400] {dag.py:3036} INFO - Sync 1 DAGs
[2025-04-21T17:04:46.372-0400] {logging_mixin.py:188} INFO - [2025-04-21T17:04:46.372-0400] {dag.py:3823} INFO - Setting next_dagrun for example_complex to None, run_after=None
[2025-04-21T17:04:46.385-0400] {processor.py:183} INFO - Processing /Users/gaurav/Documents/Breast-Cancer-ML-Pipeline/venv/lib/python3.9/site-packages/airflow/example_dags/example_complex.py took 0.101 seconds
[2025-04-21T17:05:56.805-0400] {processor.py:161} INFO - Started process (PID=85380) to work on /Users/gaurav/Documents/Breast-Cancer-ML-Pipeline/venv/lib/python3.9/site-packages/airflow/example_dags/example_complex.py
[2025-04-21T17:05:56.807-0400] {processor.py:830} INFO - Processing file /Users/gaurav/Documents/Breast-Cancer-ML-Pipeline/venv/lib/python3.9/site-packages/airflow/example_dags/example_complex.py for tasks to queue
[2025-04-21T17:05:56.807-0400] {logging_mixin.py:188} INFO - [2025-04-21T17:05:56.807-0400] {dagbag.py:538} INFO - Filling up the DagBag from /Users/gaurav/Documents/Breast-Cancer-ML-Pipeline/venv/lib/python3.9/site-packages/airflow/example_dags/example_complex.py
[2025-04-21T17:05:56.816-0400] {processor.py:840} INFO - DAG(s) 'example_complex' retrieved from /Users/gaurav/Documents/Breast-Cancer-ML-Pipeline/venv/lib/python3.9/site-packages/airflow/example_dags/example_complex.py
[2025-04-21T17:05:56.889-0400] {logging_mixin.py:188} INFO - [2025-04-21T17:05:56.889-0400] {dag.py:3036} INFO - Sync 1 DAGs
[2025-04-21T17:05:56.896-0400] {logging_mixin.py:188} INFO - [2025-04-21T17:05:56.896-0400] {dag.py:3823} INFO - Setting next_dagrun for example_complex to None, run_after=None
[2025-04-21T17:05:56.908-0400] {processor.py:183} INFO - Processing /Users/gaurav/Documents/Breast-Cancer-ML-Pipeline/venv/lib/python3.9/site-packages/airflow/example_dags/example_complex.py took 0.104 seconds
[2025-04-21T17:07:08.381-0400] {processor.py:161} INFO - Started process (PID=85472) to work on /Users/gaurav/Documents/Breast-Cancer-ML-Pipeline/venv/lib/python3.9/site-packages/airflow/example_dags/example_complex.py
[2025-04-21T17:07:08.383-0400] {processor.py:830} INFO - Processing file /Users/gaurav/Documents/Breast-Cancer-ML-Pipeline/venv/lib/python3.9/site-packages/airflow/example_dags/example_complex.py for tasks to queue
[2025-04-21T17:07:08.383-0400] {logging_mixin.py:188} INFO - [2025-04-21T17:07:08.383-0400] {dagbag.py:538} INFO - Filling up the DagBag from /Users/gaurav/Documents/Breast-Cancer-ML-Pipeline/venv/lib/python3.9/site-packages/airflow/example_dags/example_complex.py
[2025-04-21T17:07:08.392-0400] {processor.py:840} INFO - DAG(s) 'example_complex' retrieved from /Users/gaurav/Documents/Breast-Cancer-ML-Pipeline/venv/lib/python3.9/site-packages/airflow/example_dags/example_complex.py
[2025-04-21T17:07:08.464-0400] {logging_mixin.py:188} INFO - [2025-04-21T17:07:08.464-0400] {dag.py:3036} INFO - Sync 1 DAGs
[2025-04-21T17:07:08.471-0400] {logging_mixin.py:188} INFO - [2025-04-21T17:07:08.471-0400] {dag.py:3823} INFO - Setting next_dagrun for example_complex to None, run_after=None
[2025-04-21T17:07:08.483-0400] {processor.py:183} INFO - Processing /Users/gaurav/Documents/Breast-Cancer-ML-Pipeline/venv/lib/python3.9/site-packages/airflow/example_dags/example_complex.py took 0.104 seconds
[2025-04-21T17:08:21.800-0400] {processor.py:161} INFO - Started process (PID=85554) to work on /Users/gaurav/Documents/Breast-Cancer-ML-Pipeline/venv/lib/python3.9/site-packages/airflow/example_dags/example_complex.py
[2025-04-21T17:08:21.801-0400] {processor.py:830} INFO - Processing file /Users/gaurav/Documents/Breast-Cancer-ML-Pipeline/venv/lib/python3.9/site-packages/airflow/example_dags/example_complex.py for tasks to queue
[2025-04-21T17:08:21.801-0400] {logging_mixin.py:188} INFO - [2025-04-21T17:08:21.801-0400] {dagbag.py:538} INFO - Filling up the DagBag from /Users/gaurav/Documents/Breast-Cancer-ML-Pipeline/venv/lib/python3.9/site-packages/airflow/example_dags/example_complex.py
[2025-04-21T17:08:21.811-0400] {processor.py:840} INFO - DAG(s) 'example_complex' retrieved from /Users/gaurav/Documents/Breast-Cancer-ML-Pipeline/venv/lib/python3.9/site-packages/airflow/example_dags/example_complex.py
[2025-04-21T17:08:21.883-0400] {logging_mixin.py:188} INFO - [2025-04-21T17:08:21.883-0400] {dag.py:3036} INFO - Sync 1 DAGs
[2025-04-21T17:08:21.890-0400] {logging_mixin.py:188} INFO - [2025-04-21T17:08:21.890-0400] {dag.py:3823} INFO - Setting next_dagrun for example_complex to None, run_after=None
[2025-04-21T17:08:21.903-0400] {processor.py:183} INFO - Processing /Users/gaurav/Documents/Breast-Cancer-ML-Pipeline/venv/lib/python3.9/site-packages/airflow/example_dags/example_complex.py took 0.105 seconds
[2025-04-21T17:09:35.118-0400] {processor.py:161} INFO - Started process (PID=85632) to work on /Users/gaurav/Documents/Breast-Cancer-ML-Pipeline/venv/lib/python3.9/site-packages/airflow/example_dags/example_complex.py
[2025-04-21T17:09:35.120-0400] {processor.py:830} INFO - Processing file /Users/gaurav/Documents/Breast-Cancer-ML-Pipeline/venv/lib/python3.9/site-packages/airflow/example_dags/example_complex.py for tasks to queue
[2025-04-21T17:09:35.120-0400] {logging_mixin.py:188} INFO - [2025-04-21T17:09:35.120-0400] {dagbag.py:538} INFO - Filling up the DagBag from /Users/gaurav/Documents/Breast-Cancer-ML-Pipeline/venv/lib/python3.9/site-packages/airflow/example_dags/example_complex.py
[2025-04-21T17:09:35.129-0400] {processor.py:840} INFO - DAG(s) 'example_complex' retrieved from /Users/gaurav/Documents/Breast-Cancer-ML-Pipeline/venv/lib/python3.9/site-packages/airflow/example_dags/example_complex.py
[2025-04-21T17:09:35.202-0400] {logging_mixin.py:188} INFO - [2025-04-21T17:09:35.202-0400] {dag.py:3036} INFO - Sync 1 DAGs
[2025-04-21T17:09:35.209-0400] {logging_mixin.py:188} INFO - [2025-04-21T17:09:35.209-0400] {dag.py:3823} INFO - Setting next_dagrun for example_complex to None, run_after=None
[2025-04-21T17:09:35.221-0400] {processor.py:183} INFO - Processing /Users/gaurav/Documents/Breast-Cancer-ML-Pipeline/venv/lib/python3.9/site-packages/airflow/example_dags/example_complex.py took 0.105 seconds
[2025-04-21T17:10:48.683-0400] {processor.py:161} INFO - Started process (PID=85712) to work on /Users/gaurav/Documents/Breast-Cancer-ML-Pipeline/venv/lib/python3.9/site-packages/airflow/example_dags/example_complex.py
[2025-04-21T17:10:48.685-0400] {processor.py:830} INFO - Processing file /Users/gaurav/Documents/Breast-Cancer-ML-Pipeline/venv/lib/python3.9/site-packages/airflow/example_dags/example_complex.py for tasks to queue
[2025-04-21T17:10:48.685-0400] {logging_mixin.py:188} INFO - [2025-04-21T17:10:48.685-0400] {dagbag.py:538} INFO - Filling up the DagBag from /Users/gaurav/Documents/Breast-Cancer-ML-Pipeline/venv/lib/python3.9/site-packages/airflow/example_dags/example_complex.py
[2025-04-21T17:10:48.694-0400] {processor.py:840} INFO - DAG(s) 'example_complex' retrieved from /Users/gaurav/Documents/Breast-Cancer-ML-Pipeline/venv/lib/python3.9/site-packages/airflow/example_dags/example_complex.py
[2025-04-21T17:10:48.764-0400] {logging_mixin.py:188} INFO - [2025-04-21T17:10:48.764-0400] {dag.py:3036} INFO - Sync 1 DAGs
[2025-04-21T17:10:48.772-0400] {logging_mixin.py:188} INFO - [2025-04-21T17:10:48.772-0400] {dag.py:3823} INFO - Setting next_dagrun for example_complex to None, run_after=None
[2025-04-21T17:10:48.784-0400] {processor.py:183} INFO - Processing /Users/gaurav/Documents/Breast-Cancer-ML-Pipeline/venv/lib/python3.9/site-packages/airflow/example_dags/example_complex.py took 0.102 seconds
[2025-04-21T17:12:02.215-0400] {processor.py:161} INFO - Started process (PID=85808) to work on /Users/gaurav/Documents/Breast-Cancer-ML-Pipeline/venv/lib/python3.9/site-packages/airflow/example_dags/example_complex.py
[2025-04-21T17:12:02.217-0400] {processor.py:830} INFO - Processing file /Users/gaurav/Documents/Breast-Cancer-ML-Pipeline/venv/lib/python3.9/site-packages/airflow/example_dags/example_complex.py for tasks to queue
[2025-04-21T17:12:02.217-0400] {logging_mixin.py:188} INFO - [2025-04-21T17:12:02.217-0400] {dagbag.py:538} INFO - Filling up the DagBag from /Users/gaurav/Documents/Breast-Cancer-ML-Pipeline/venv/lib/python3.9/site-packages/airflow/example_dags/example_complex.py
[2025-04-21T17:12:02.226-0400] {processor.py:840} INFO - DAG(s) 'example_complex' retrieved from /Users/gaurav/Documents/Breast-Cancer-ML-Pipeline/venv/lib/python3.9/site-packages/airflow/example_dags/example_complex.py
[2025-04-21T17:12:02.297-0400] {logging_mixin.py:188} INFO - [2025-04-21T17:12:02.296-0400] {dag.py:3036} INFO - Sync 1 DAGs
[2025-04-21T17:12:02.303-0400] {logging_mixin.py:188} INFO - [2025-04-21T17:12:02.303-0400] {dag.py:3823} INFO - Setting next_dagrun for example_complex to None, run_after=None
[2025-04-21T17:12:02.316-0400] {processor.py:183} INFO - Processing /Users/gaurav/Documents/Breast-Cancer-ML-Pipeline/venv/lib/python3.9/site-packages/airflow/example_dags/example_complex.py took 0.102 seconds
[2025-04-21T17:13:15.839-0400] {processor.py:161} INFO - Started process (PID=85885) to work on /Users/gaurav/Documents/Breast-Cancer-ML-Pipeline/venv/lib/python3.9/site-packages/airflow/example_dags/example_complex.py
[2025-04-21T17:13:15.841-0400] {processor.py:830} INFO - Processing file /Users/gaurav/Documents/Breast-Cancer-ML-Pipeline/venv/lib/python3.9/site-packages/airflow/example_dags/example_complex.py for tasks to queue
[2025-04-21T17:13:15.841-0400] {logging_mixin.py:188} INFO - [2025-04-21T17:13:15.841-0400] {dagbag.py:538} INFO - Filling up the DagBag from /Users/gaurav/Documents/Breast-Cancer-ML-Pipeline/venv/lib/python3.9/site-packages/airflow/example_dags/example_complex.py
[2025-04-21T17:13:15.850-0400] {processor.py:840} INFO - DAG(s) 'example_complex' retrieved from /Users/gaurav/Documents/Breast-Cancer-ML-Pipeline/venv/lib/python3.9/site-packages/airflow/example_dags/example_complex.py
[2025-04-21T17:13:15.922-0400] {logging_mixin.py:188} INFO - [2025-04-21T17:13:15.922-0400] {dag.py:3036} INFO - Sync 1 DAGs
[2025-04-21T17:13:15.929-0400] {logging_mixin.py:188} INFO - [2025-04-21T17:13:15.929-0400] {dag.py:3823} INFO - Setting next_dagrun for example_complex to None, run_after=None
[2025-04-21T17:13:15.942-0400] {processor.py:183} INFO - Processing /Users/gaurav/Documents/Breast-Cancer-ML-Pipeline/venv/lib/python3.9/site-packages/airflow/example_dags/example_complex.py took 0.104 seconds
[2025-04-21T17:14:30.558-0400] {processor.py:161} INFO - Started process (PID=85982) to work on /Users/gaurav/Documents/Breast-Cancer-ML-Pipeline/venv/lib/python3.9/site-packages/airflow/example_dags/example_complex.py
[2025-04-21T17:14:30.559-0400] {processor.py:830} INFO - Processing file /Users/gaurav/Documents/Breast-Cancer-ML-Pipeline/venv/lib/python3.9/site-packages/airflow/example_dags/example_complex.py for tasks to queue
[2025-04-21T17:14:30.560-0400] {logging_mixin.py:188} INFO - [2025-04-21T17:14:30.560-0400] {dagbag.py:538} INFO - Filling up the DagBag from /Users/gaurav/Documents/Breast-Cancer-ML-Pipeline/venv/lib/python3.9/site-packages/airflow/example_dags/example_complex.py
[2025-04-21T17:14:30.569-0400] {processor.py:840} INFO - DAG(s) 'example_complex' retrieved from /Users/gaurav/Documents/Breast-Cancer-ML-Pipeline/venv/lib/python3.9/site-packages/airflow/example_dags/example_complex.py
[2025-04-21T17:14:30.641-0400] {logging_mixin.py:188} INFO - [2025-04-21T17:14:30.640-0400] {dag.py:3036} INFO - Sync 1 DAGs
[2025-04-21T17:14:30.647-0400] {logging_mixin.py:188} INFO - [2025-04-21T17:14:30.647-0400] {dag.py:3823} INFO - Setting next_dagrun for example_complex to None, run_after=None
[2025-04-21T17:14:30.660-0400] {processor.py:183} INFO - Processing /Users/gaurav/Documents/Breast-Cancer-ML-Pipeline/venv/lib/python3.9/site-packages/airflow/example_dags/example_complex.py took 0.103 seconds
[2025-04-21T17:15:42.528-0400] {processor.py:161} INFO - Started process (PID=86074) to work on /Users/gaurav/Documents/Breast-Cancer-ML-Pipeline/venv/lib/python3.9/site-packages/airflow/example_dags/example_complex.py
[2025-04-21T17:15:42.530-0400] {processor.py:830} INFO - Processing file /Users/gaurav/Documents/Breast-Cancer-ML-Pipeline/venv/lib/python3.9/site-packages/airflow/example_dags/example_complex.py for tasks to queue
[2025-04-21T17:15:42.531-0400] {logging_mixin.py:188} INFO - [2025-04-21T17:15:42.531-0400] {dagbag.py:538} INFO - Filling up the DagBag from /Users/gaurav/Documents/Breast-Cancer-ML-Pipeline/venv/lib/python3.9/site-packages/airflow/example_dags/example_complex.py
[2025-04-21T17:15:42.540-0400] {processor.py:840} INFO - DAG(s) 'example_complex' retrieved from /Users/gaurav/Documents/Breast-Cancer-ML-Pipeline/venv/lib/python3.9/site-packages/airflow/example_dags/example_complex.py
[2025-04-21T17:15:42.616-0400] {logging_mixin.py:188} INFO - [2025-04-21T17:15:42.615-0400] {dag.py:3036} INFO - Sync 1 DAGs
[2025-04-21T17:15:42.623-0400] {logging_mixin.py:188} INFO - [2025-04-21T17:15:42.622-0400] {dag.py:3823} INFO - Setting next_dagrun for example_complex to None, run_after=None
[2025-04-21T17:15:42.636-0400] {processor.py:183} INFO - Processing /Users/gaurav/Documents/Breast-Cancer-ML-Pipeline/venv/lib/python3.9/site-packages/airflow/example_dags/example_complex.py took 0.108 seconds
[2025-04-21T17:16:55.995-0400] {processor.py:161} INFO - Started process (PID=86161) to work on /Users/gaurav/Documents/Breast-Cancer-ML-Pipeline/venv/lib/python3.9/site-packages/airflow/example_dags/example_complex.py
[2025-04-21T17:16:55.996-0400] {processor.py:830} INFO - Processing file /Users/gaurav/Documents/Breast-Cancer-ML-Pipeline/venv/lib/python3.9/site-packages/airflow/example_dags/example_complex.py for tasks to queue
[2025-04-21T17:16:55.997-0400] {logging_mixin.py:188} INFO - [2025-04-21T17:16:55.997-0400] {dagbag.py:538} INFO - Filling up the DagBag from /Users/gaurav/Documents/Breast-Cancer-ML-Pipeline/venv/lib/python3.9/site-packages/airflow/example_dags/example_complex.py
[2025-04-21T17:16:56.006-0400] {processor.py:840} INFO - DAG(s) 'example_complex' retrieved from /Users/gaurav/Documents/Breast-Cancer-ML-Pipeline/venv/lib/python3.9/site-packages/airflow/example_dags/example_complex.py
[2025-04-21T17:16:56.077-0400] {logging_mixin.py:188} INFO - [2025-04-21T17:16:56.076-0400] {dag.py:3036} INFO - Sync 1 DAGs
[2025-04-21T17:16:56.083-0400] {logging_mixin.py:188} INFO - [2025-04-21T17:16:56.083-0400] {dag.py:3823} INFO - Setting next_dagrun for example_complex to None, run_after=None
[2025-04-21T17:16:56.095-0400] {processor.py:183} INFO - Processing /Users/gaurav/Documents/Breast-Cancer-ML-Pipeline/venv/lib/python3.9/site-packages/airflow/example_dags/example_complex.py took 0.102 seconds
[2025-04-21T17:18:10.523-0400] {processor.py:161} INFO - Started process (PID=86255) to work on /Users/gaurav/Documents/Breast-Cancer-ML-Pipeline/venv/lib/python3.9/site-packages/airflow/example_dags/example_complex.py
[2025-04-21T17:18:10.525-0400] {processor.py:830} INFO - Processing file /Users/gaurav/Documents/Breast-Cancer-ML-Pipeline/venv/lib/python3.9/site-packages/airflow/example_dags/example_complex.py for tasks to queue
[2025-04-21T17:18:10.525-0400] {logging_mixin.py:188} INFO - [2025-04-21T17:18:10.525-0400] {dagbag.py:538} INFO - Filling up the DagBag from /Users/gaurav/Documents/Breast-Cancer-ML-Pipeline/venv/lib/python3.9/site-packages/airflow/example_dags/example_complex.py
[2025-04-21T17:18:10.534-0400] {processor.py:840} INFO - DAG(s) 'example_complex' retrieved from /Users/gaurav/Documents/Breast-Cancer-ML-Pipeline/venv/lib/python3.9/site-packages/airflow/example_dags/example_complex.py
[2025-04-21T17:18:10.618-0400] {logging_mixin.py:188} INFO - [2025-04-21T17:18:10.617-0400] {dag.py:3036} INFO - Sync 1 DAGs
[2025-04-21T17:18:10.626-0400] {logging_mixin.py:188} INFO - [2025-04-21T17:18:10.626-0400] {dag.py:3823} INFO - Setting next_dagrun for example_complex to None, run_after=None
[2025-04-21T17:18:10.643-0400] {processor.py:183} INFO - Processing /Users/gaurav/Documents/Breast-Cancer-ML-Pipeline/venv/lib/python3.9/site-packages/airflow/example_dags/example_complex.py took 0.120 seconds
[2025-04-21T17:19:27.170-0400] {processor.py:161} INFO - Started process (PID=86356) to work on /Users/gaurav/Documents/Breast-Cancer-ML-Pipeline/venv/lib/python3.9/site-packages/airflow/example_dags/example_complex.py
[2025-04-21T17:19:27.172-0400] {processor.py:830} INFO - Processing file /Users/gaurav/Documents/Breast-Cancer-ML-Pipeline/venv/lib/python3.9/site-packages/airflow/example_dags/example_complex.py for tasks to queue
[2025-04-21T17:19:27.173-0400] {logging_mixin.py:188} INFO - [2025-04-21T17:19:27.172-0400] {dagbag.py:538} INFO - Filling up the DagBag from /Users/gaurav/Documents/Breast-Cancer-ML-Pipeline/venv/lib/python3.9/site-packages/airflow/example_dags/example_complex.py
[2025-04-21T17:19:27.181-0400] {processor.py:840} INFO - DAG(s) 'example_complex' retrieved from /Users/gaurav/Documents/Breast-Cancer-ML-Pipeline/venv/lib/python3.9/site-packages/airflow/example_dags/example_complex.py
[2025-04-21T17:19:27.252-0400] {logging_mixin.py:188} INFO - [2025-04-21T17:19:27.252-0400] {dag.py:3036} INFO - Sync 1 DAGs
[2025-04-21T17:19:27.259-0400] {logging_mixin.py:188} INFO - [2025-04-21T17:19:27.259-0400] {dag.py:3823} INFO - Setting next_dagrun for example_complex to None, run_after=None
[2025-04-21T17:19:27.271-0400] {processor.py:183} INFO - Processing /Users/gaurav/Documents/Breast-Cancer-ML-Pipeline/venv/lib/python3.9/site-packages/airflow/example_dags/example_complex.py took 0.101 seconds
[2025-04-21T17:22:31.060-0400] {processor.py:161} INFO - Started process (PID=86546) to work on /Users/gaurav/Documents/Breast-Cancer-ML-Pipeline/venv/lib/python3.9/site-packages/airflow/example_dags/example_complex.py
[2025-04-21T17:22:31.062-0400] {processor.py:830} INFO - Processing file /Users/gaurav/Documents/Breast-Cancer-ML-Pipeline/venv/lib/python3.9/site-packages/airflow/example_dags/example_complex.py for tasks to queue
[2025-04-21T17:22:31.062-0400] {logging_mixin.py:188} INFO - [2025-04-21T17:22:31.062-0400] {dagbag.py:538} INFO - Filling up the DagBag from /Users/gaurav/Documents/Breast-Cancer-ML-Pipeline/venv/lib/python3.9/site-packages/airflow/example_dags/example_complex.py
[2025-04-21T17:22:31.071-0400] {processor.py:840} INFO - DAG(s) 'example_complex' retrieved from /Users/gaurav/Documents/Breast-Cancer-ML-Pipeline/venv/lib/python3.9/site-packages/airflow/example_dags/example_complex.py
[2025-04-21T17:22:31.199-0400] {logging_mixin.py:188} INFO - [2025-04-21T17:22:31.199-0400] {dag.py:3036} INFO - Sync 1 DAGs
[2025-04-21T17:22:31.205-0400] {logging_mixin.py:188} INFO - [2025-04-21T17:22:31.205-0400] {dag.py:3823} INFO - Setting next_dagrun for example_complex to None, run_after=None
[2025-04-21T17:22:31.219-0400] {processor.py:183} INFO - Processing /Users/gaurav/Documents/Breast-Cancer-ML-Pipeline/venv/lib/python3.9/site-packages/airflow/example_dags/example_complex.py took 0.160 seconds
[2025-04-21T17:24:02.651-0400] {processor.py:161} INFO - Started process (PID=86659) to work on /Users/gaurav/Documents/Breast-Cancer-ML-Pipeline/venv/lib/python3.9/site-packages/airflow/example_dags/example_complex.py
[2025-04-21T17:24:02.653-0400] {processor.py:830} INFO - Processing file /Users/gaurav/Documents/Breast-Cancer-ML-Pipeline/venv/lib/python3.9/site-packages/airflow/example_dags/example_complex.py for tasks to queue
[2025-04-21T17:24:02.654-0400] {logging_mixin.py:188} INFO - [2025-04-21T17:24:02.653-0400] {dagbag.py:538} INFO - Filling up the DagBag from /Users/gaurav/Documents/Breast-Cancer-ML-Pipeline/venv/lib/python3.9/site-packages/airflow/example_dags/example_complex.py
[2025-04-21T17:24:02.662-0400] {processor.py:840} INFO - DAG(s) 'example_complex' retrieved from /Users/gaurav/Documents/Breast-Cancer-ML-Pipeline/venv/lib/python3.9/site-packages/airflow/example_dags/example_complex.py
[2025-04-21T17:24:02.734-0400] {logging_mixin.py:188} INFO - [2025-04-21T17:24:02.734-0400] {dag.py:3036} INFO - Sync 1 DAGs
[2025-04-21T17:24:02.741-0400] {logging_mixin.py:188} INFO - [2025-04-21T17:24:02.741-0400] {dag.py:3823} INFO - Setting next_dagrun for example_complex to None, run_after=None
[2025-04-21T17:24:02.753-0400] {processor.py:183} INFO - Processing /Users/gaurav/Documents/Breast-Cancer-ML-Pipeline/venv/lib/python3.9/site-packages/airflow/example_dags/example_complex.py took 0.103 seconds
[2025-04-21T17:25:19.495-0400] {processor.py:161} INFO - Started process (PID=86738) to work on /Users/gaurav/Documents/Breast-Cancer-ML-Pipeline/venv/lib/python3.9/site-packages/airflow/example_dags/example_complex.py
[2025-04-21T17:25:19.496-0400] {processor.py:830} INFO - Processing file /Users/gaurav/Documents/Breast-Cancer-ML-Pipeline/venv/lib/python3.9/site-packages/airflow/example_dags/example_complex.py for tasks to queue
[2025-04-21T17:25:19.497-0400] {logging_mixin.py:188} INFO - [2025-04-21T17:25:19.497-0400] {dagbag.py:538} INFO - Filling up the DagBag from /Users/gaurav/Documents/Breast-Cancer-ML-Pipeline/venv/lib/python3.9/site-packages/airflow/example_dags/example_complex.py
[2025-04-21T17:25:19.506-0400] {processor.py:840} INFO - DAG(s) 'example_complex' retrieved from /Users/gaurav/Documents/Breast-Cancer-ML-Pipeline/venv/lib/python3.9/site-packages/airflow/example_dags/example_complex.py
[2025-04-21T17:25:19.582-0400] {logging_mixin.py:188} INFO - [2025-04-21T17:25:19.581-0400] {dag.py:3036} INFO - Sync 1 DAGs
[2025-04-21T17:25:19.589-0400] {logging_mixin.py:188} INFO - [2025-04-21T17:25:19.588-0400] {dag.py:3823} INFO - Setting next_dagrun for example_complex to None, run_after=None
[2025-04-21T17:25:19.601-0400] {processor.py:183} INFO - Processing /Users/gaurav/Documents/Breast-Cancer-ML-Pipeline/venv/lib/python3.9/site-packages/airflow/example_dags/example_complex.py took 0.107 seconds
[2025-04-21T17:26:35.316-0400] {processor.py:161} INFO - Started process (PID=86854) to work on /Users/gaurav/Documents/Breast-Cancer-ML-Pipeline/venv/lib/python3.9/site-packages/airflow/example_dags/example_complex.py
[2025-04-21T17:26:35.319-0400] {processor.py:830} INFO - Processing file /Users/gaurav/Documents/Breast-Cancer-ML-Pipeline/venv/lib/python3.9/site-packages/airflow/example_dags/example_complex.py for tasks to queue
[2025-04-21T17:26:35.319-0400] {logging_mixin.py:188} INFO - [2025-04-21T17:26:35.319-0400] {dagbag.py:538} INFO - Filling up the DagBag from /Users/gaurav/Documents/Breast-Cancer-ML-Pipeline/venv/lib/python3.9/site-packages/airflow/example_dags/example_complex.py
[2025-04-21T17:26:35.328-0400] {processor.py:840} INFO - DAG(s) 'example_complex' retrieved from /Users/gaurav/Documents/Breast-Cancer-ML-Pipeline/venv/lib/python3.9/site-packages/airflow/example_dags/example_complex.py
[2025-04-21T17:26:35.401-0400] {logging_mixin.py:188} INFO - [2025-04-21T17:26:35.401-0400] {dag.py:3036} INFO - Sync 1 DAGs
[2025-04-21T17:26:35.408-0400] {logging_mixin.py:188} INFO - [2025-04-21T17:26:35.408-0400] {dag.py:3823} INFO - Setting next_dagrun for example_complex to None, run_after=None
[2025-04-21T17:26:35.420-0400] {processor.py:183} INFO - Processing /Users/gaurav/Documents/Breast-Cancer-ML-Pipeline/venv/lib/python3.9/site-packages/airflow/example_dags/example_complex.py took 0.104 seconds
[2025-04-21T17:28:49.575-0400] {processor.py:161} INFO - Started process (PID=87065) to work on /Users/gaurav/Documents/Breast-Cancer-ML-Pipeline/venv/lib/python3.9/site-packages/airflow/example_dags/example_complex.py
[2025-04-21T17:28:49.577-0400] {processor.py:830} INFO - Processing file /Users/gaurav/Documents/Breast-Cancer-ML-Pipeline/venv/lib/python3.9/site-packages/airflow/example_dags/example_complex.py for tasks to queue
[2025-04-21T17:28:49.578-0400] {logging_mixin.py:188} INFO - [2025-04-21T17:28:49.578-0400] {dagbag.py:538} INFO - Filling up the DagBag from /Users/gaurav/Documents/Breast-Cancer-ML-Pipeline/venv/lib/python3.9/site-packages/airflow/example_dags/example_complex.py
[2025-04-21T17:28:49.586-0400] {processor.py:840} INFO - DAG(s) 'example_complex' retrieved from /Users/gaurav/Documents/Breast-Cancer-ML-Pipeline/venv/lib/python3.9/site-packages/airflow/example_dags/example_complex.py
[2025-04-21T17:28:49.657-0400] {logging_mixin.py:188} INFO - [2025-04-21T17:28:49.657-0400] {dag.py:3036} INFO - Sync 1 DAGs
[2025-04-21T17:28:49.664-0400] {logging_mixin.py:188} INFO - [2025-04-21T17:28:49.664-0400] {dag.py:3823} INFO - Setting next_dagrun for example_complex to None, run_after=None
[2025-04-21T17:28:49.676-0400] {processor.py:183} INFO - Processing /Users/gaurav/Documents/Breast-Cancer-ML-Pipeline/venv/lib/python3.9/site-packages/airflow/example_dags/example_complex.py took 0.102 seconds
[2025-04-21T17:30:17.415-0400] {processor.py:161} INFO - Started process (PID=87168) to work on /Users/gaurav/Documents/Breast-Cancer-ML-Pipeline/venv/lib/python3.9/site-packages/airflow/example_dags/example_complex.py
[2025-04-21T17:30:17.417-0400] {processor.py:830} INFO - Processing file /Users/gaurav/Documents/Breast-Cancer-ML-Pipeline/venv/lib/python3.9/site-packages/airflow/example_dags/example_complex.py for tasks to queue
[2025-04-21T17:30:17.418-0400] {logging_mixin.py:188} INFO - [2025-04-21T17:30:17.417-0400] {dagbag.py:538} INFO - Filling up the DagBag from /Users/gaurav/Documents/Breast-Cancer-ML-Pipeline/venv/lib/python3.9/site-packages/airflow/example_dags/example_complex.py
[2025-04-21T17:30:17.426-0400] {processor.py:840} INFO - DAG(s) 'example_complex' retrieved from /Users/gaurav/Documents/Breast-Cancer-ML-Pipeline/venv/lib/python3.9/site-packages/airflow/example_dags/example_complex.py
[2025-04-21T17:30:17.501-0400] {logging_mixin.py:188} INFO - [2025-04-21T17:30:17.501-0400] {dag.py:3036} INFO - Sync 1 DAGs
[2025-04-21T17:30:17.509-0400] {logging_mixin.py:188} INFO - [2025-04-21T17:30:17.509-0400] {dag.py:3823} INFO - Setting next_dagrun for example_complex to None, run_after=None
[2025-04-21T17:30:17.521-0400] {processor.py:183} INFO - Processing /Users/gaurav/Documents/Breast-Cancer-ML-Pipeline/venv/lib/python3.9/site-packages/airflow/example_dags/example_complex.py took 0.107 seconds
[2025-04-21T17:31:33.150-0400] {processor.py:161} INFO - Started process (PID=87254) to work on /Users/gaurav/Documents/Breast-Cancer-ML-Pipeline/venv/lib/python3.9/site-packages/airflow/example_dags/example_complex.py
[2025-04-21T17:31:33.151-0400] {processor.py:830} INFO - Processing file /Users/gaurav/Documents/Breast-Cancer-ML-Pipeline/venv/lib/python3.9/site-packages/airflow/example_dags/example_complex.py for tasks to queue
[2025-04-21T17:31:33.152-0400] {logging_mixin.py:188} INFO - [2025-04-21T17:31:33.152-0400] {dagbag.py:538} INFO - Filling up the DagBag from /Users/gaurav/Documents/Breast-Cancer-ML-Pipeline/venv/lib/python3.9/site-packages/airflow/example_dags/example_complex.py
[2025-04-21T17:31:33.161-0400] {processor.py:840} INFO - DAG(s) 'example_complex' retrieved from /Users/gaurav/Documents/Breast-Cancer-ML-Pipeline/venv/lib/python3.9/site-packages/airflow/example_dags/example_complex.py
[2025-04-21T17:31:33.237-0400] {logging_mixin.py:188} INFO - [2025-04-21T17:31:33.237-0400] {dag.py:3036} INFO - Sync 1 DAGs
[2025-04-21T17:31:33.244-0400] {logging_mixin.py:188} INFO - [2025-04-21T17:31:33.244-0400] {dag.py:3823} INFO - Setting next_dagrun for example_complex to None, run_after=None
[2025-04-21T17:31:33.258-0400] {processor.py:183} INFO - Processing /Users/gaurav/Documents/Breast-Cancer-ML-Pipeline/venv/lib/python3.9/site-packages/airflow/example_dags/example_complex.py took 0.109 seconds
[2025-04-21T17:37:48.726-0400] {processor.py:161} INFO - Started process (PID=87819) to work on /Users/gaurav/Documents/Breast-Cancer-ML-Pipeline/venv/lib/python3.9/site-packages/airflow/example_dags/example_complex.py
[2025-04-21T17:37:48.727-0400] {processor.py:830} INFO - Processing file /Users/gaurav/Documents/Breast-Cancer-ML-Pipeline/venv/lib/python3.9/site-packages/airflow/example_dags/example_complex.py for tasks to queue
[2025-04-21T17:37:48.728-0400] {logging_mixin.py:188} INFO - [2025-04-21T17:37:48.728-0400] {dagbag.py:538} INFO - Filling up the DagBag from /Users/gaurav/Documents/Breast-Cancer-ML-Pipeline/venv/lib/python3.9/site-packages/airflow/example_dags/example_complex.py
[2025-04-21T17:37:48.736-0400] {processor.py:840} INFO - DAG(s) 'example_complex' retrieved from /Users/gaurav/Documents/Breast-Cancer-ML-Pipeline/venv/lib/python3.9/site-packages/airflow/example_dags/example_complex.py
[2025-04-21T17:37:48.866-0400] {logging_mixin.py:188} INFO - [2025-04-21T17:37:48.866-0400] {dag.py:3036} INFO - Sync 1 DAGs
[2025-04-21T17:37:48.873-0400] {logging_mixin.py:188} INFO - [2025-04-21T17:37:48.872-0400] {dag.py:3823} INFO - Setting next_dagrun for example_complex to None, run_after=None
[2025-04-21T17:37:48.887-0400] {processor.py:183} INFO - Processing /Users/gaurav/Documents/Breast-Cancer-ML-Pipeline/venv/lib/python3.9/site-packages/airflow/example_dags/example_complex.py took 0.161 seconds
[2025-04-21T17:40:21.733-0400] {processor.py:161} INFO - Started process (PID=88016) to work on /Users/gaurav/Documents/Breast-Cancer-ML-Pipeline/venv/lib/python3.9/site-packages/airflow/example_dags/example_complex.py
[2025-04-21T17:40:21.734-0400] {processor.py:830} INFO - Processing file /Users/gaurav/Documents/Breast-Cancer-ML-Pipeline/venv/lib/python3.9/site-packages/airflow/example_dags/example_complex.py for tasks to queue
[2025-04-21T17:40:21.735-0400] {logging_mixin.py:188} INFO - [2025-04-21T17:40:21.735-0400] {dagbag.py:538} INFO - Filling up the DagBag from /Users/gaurav/Documents/Breast-Cancer-ML-Pipeline/venv/lib/python3.9/site-packages/airflow/example_dags/example_complex.py
[2025-04-21T17:40:21.744-0400] {processor.py:840} INFO - DAG(s) 'example_complex' retrieved from /Users/gaurav/Documents/Breast-Cancer-ML-Pipeline/venv/lib/python3.9/site-packages/airflow/example_dags/example_complex.py
[2025-04-21T17:40:21.819-0400] {logging_mixin.py:188} INFO - [2025-04-21T17:40:21.819-0400] {dag.py:3036} INFO - Sync 1 DAGs
[2025-04-21T17:40:21.826-0400] {logging_mixin.py:188} INFO - [2025-04-21T17:40:21.826-0400] {dag.py:3823} INFO - Setting next_dagrun for example_complex to None, run_after=None
[2025-04-21T17:40:21.839-0400] {processor.py:183} INFO - Processing /Users/gaurav/Documents/Breast-Cancer-ML-Pipeline/venv/lib/python3.9/site-packages/airflow/example_dags/example_complex.py took 0.107 seconds
[2025-04-21T17:42:16.363-0400] {processor.py:161} INFO - Started process (PID=88155) to work on /Users/gaurav/Documents/Breast-Cancer-ML-Pipeline/venv/lib/python3.9/site-packages/airflow/example_dags/example_complex.py
[2025-04-21T17:42:16.364-0400] {processor.py:830} INFO - Processing file /Users/gaurav/Documents/Breast-Cancer-ML-Pipeline/venv/lib/python3.9/site-packages/airflow/example_dags/example_complex.py for tasks to queue
[2025-04-21T17:42:16.365-0400] {logging_mixin.py:188} INFO - [2025-04-21T17:42:16.365-0400] {dagbag.py:538} INFO - Filling up the DagBag from /Users/gaurav/Documents/Breast-Cancer-ML-Pipeline/venv/lib/python3.9/site-packages/airflow/example_dags/example_complex.py
[2025-04-21T17:42:16.373-0400] {processor.py:840} INFO - DAG(s) 'example_complex' retrieved from /Users/gaurav/Documents/Breast-Cancer-ML-Pipeline/venv/lib/python3.9/site-packages/airflow/example_dags/example_complex.py
[2025-04-21T17:42:16.444-0400] {logging_mixin.py:188} INFO - [2025-04-21T17:42:16.444-0400] {dag.py:3036} INFO - Sync 1 DAGs
[2025-04-21T17:42:16.450-0400] {logging_mixin.py:188} INFO - [2025-04-21T17:42:16.450-0400] {dag.py:3823} INFO - Setting next_dagrun for example_complex to None, run_after=None
[2025-04-21T17:42:16.462-0400] {processor.py:183} INFO - Processing /Users/gaurav/Documents/Breast-Cancer-ML-Pipeline/venv/lib/python3.9/site-packages/airflow/example_dags/example_complex.py took 0.100 seconds
[2025-04-21T17:43:27.870-0400] {processor.py:161} INFO - Started process (PID=88234) to work on /Users/gaurav/Documents/Breast-Cancer-ML-Pipeline/venv/lib/python3.9/site-packages/airflow/example_dags/example_complex.py
[2025-04-21T17:43:27.872-0400] {processor.py:830} INFO - Processing file /Users/gaurav/Documents/Breast-Cancer-ML-Pipeline/venv/lib/python3.9/site-packages/airflow/example_dags/example_complex.py for tasks to queue
[2025-04-21T17:43:27.873-0400] {logging_mixin.py:188} INFO - [2025-04-21T17:43:27.872-0400] {dagbag.py:538} INFO - Filling up the DagBag from /Users/gaurav/Documents/Breast-Cancer-ML-Pipeline/venv/lib/python3.9/site-packages/airflow/example_dags/example_complex.py
[2025-04-21T17:43:27.881-0400] {processor.py:840} INFO - DAG(s) 'example_complex' retrieved from /Users/gaurav/Documents/Breast-Cancer-ML-Pipeline/venv/lib/python3.9/site-packages/airflow/example_dags/example_complex.py
[2025-04-21T17:43:27.952-0400] {logging_mixin.py:188} INFO - [2025-04-21T17:43:27.952-0400] {dag.py:3036} INFO - Sync 1 DAGs
[2025-04-21T17:43:27.959-0400] {logging_mixin.py:188} INFO - [2025-04-21T17:43:27.959-0400] {dag.py:3823} INFO - Setting next_dagrun for example_complex to None, run_after=None
[2025-04-21T17:43:27.971-0400] {processor.py:183} INFO - Processing /Users/gaurav/Documents/Breast-Cancer-ML-Pipeline/venv/lib/python3.9/site-packages/airflow/example_dags/example_complex.py took 0.102 seconds
[2025-04-21T17:44:40.234-0400] {processor.py:161} INFO - Started process (PID=88322) to work on /Users/gaurav/Documents/Breast-Cancer-ML-Pipeline/venv/lib/python3.9/site-packages/airflow/example_dags/example_complex.py
[2025-04-21T17:44:40.236-0400] {processor.py:830} INFO - Processing file /Users/gaurav/Documents/Breast-Cancer-ML-Pipeline/venv/lib/python3.9/site-packages/airflow/example_dags/example_complex.py for tasks to queue
[2025-04-21T17:44:40.236-0400] {logging_mixin.py:188} INFO - [2025-04-21T17:44:40.236-0400] {dagbag.py:538} INFO - Filling up the DagBag from /Users/gaurav/Documents/Breast-Cancer-ML-Pipeline/venv/lib/python3.9/site-packages/airflow/example_dags/example_complex.py
[2025-04-21T17:44:40.245-0400] {processor.py:840} INFO - DAG(s) 'example_complex' retrieved from /Users/gaurav/Documents/Breast-Cancer-ML-Pipeline/venv/lib/python3.9/site-packages/airflow/example_dags/example_complex.py
[2025-04-21T17:44:40.317-0400] {logging_mixin.py:188} INFO - [2025-04-21T17:44:40.317-0400] {dag.py:3036} INFO - Sync 1 DAGs
[2025-04-21T17:44:40.324-0400] {logging_mixin.py:188} INFO - [2025-04-21T17:44:40.324-0400] {dag.py:3823} INFO - Setting next_dagrun for example_complex to None, run_after=None
[2025-04-21T17:44:40.336-0400] {processor.py:183} INFO - Processing /Users/gaurav/Documents/Breast-Cancer-ML-Pipeline/venv/lib/python3.9/site-packages/airflow/example_dags/example_complex.py took 0.103 seconds
[2025-04-21T17:45:35.861-0400] {processor.py:161} INFO - Started process (PID=88408) to work on /Users/gaurav/Documents/Breast-Cancer-ML-Pipeline/venv/lib/python3.9/site-packages/airflow/example_dags/example_complex.py
[2025-04-21T17:45:35.863-0400] {processor.py:830} INFO - Processing file /Users/gaurav/Documents/Breast-Cancer-ML-Pipeline/venv/lib/python3.9/site-packages/airflow/example_dags/example_complex.py for tasks to queue
[2025-04-21T17:45:35.863-0400] {logging_mixin.py:188} INFO - [2025-04-21T17:45:35.863-0400] {dagbag.py:538} INFO - Filling up the DagBag from /Users/gaurav/Documents/Breast-Cancer-ML-Pipeline/venv/lib/python3.9/site-packages/airflow/example_dags/example_complex.py
[2025-04-21T17:45:35.870-0400] {processor.py:840} INFO - DAG(s) 'example_complex' retrieved from /Users/gaurav/Documents/Breast-Cancer-ML-Pipeline/venv/lib/python3.9/site-packages/airflow/example_dags/example_complex.py
[2025-04-21T17:45:35.930-0400] {logging_mixin.py:188} INFO - [2025-04-21T17:45:35.930-0400] {dag.py:3036} INFO - Sync 1 DAGs
[2025-04-21T17:45:35.936-0400] {logging_mixin.py:188} INFO - [2025-04-21T17:45:35.936-0400] {dag.py:3823} INFO - Setting next_dagrun for example_complex to None, run_after=None
[2025-04-21T17:45:35.946-0400] {processor.py:183} INFO - Processing /Users/gaurav/Documents/Breast-Cancer-ML-Pipeline/venv/lib/python3.9/site-packages/airflow/example_dags/example_complex.py took 0.086 seconds
[2025-04-21T17:46:34.458-0400] {processor.py:161} INFO - Started process (PID=88546) to work on /Users/gaurav/Documents/Breast-Cancer-ML-Pipeline/venv/lib/python3.9/site-packages/airflow/example_dags/example_complex.py
[2025-04-21T17:46:34.459-0400] {processor.py:830} INFO - Processing file /Users/gaurav/Documents/Breast-Cancer-ML-Pipeline/venv/lib/python3.9/site-packages/airflow/example_dags/example_complex.py for tasks to queue
[2025-04-21T17:46:34.459-0400] {logging_mixin.py:188} INFO - [2025-04-21T17:46:34.459-0400] {dagbag.py:538} INFO - Filling up the DagBag from /Users/gaurav/Documents/Breast-Cancer-ML-Pipeline/venv/lib/python3.9/site-packages/airflow/example_dags/example_complex.py
[2025-04-21T17:46:34.466-0400] {processor.py:840} INFO - DAG(s) 'example_complex' retrieved from /Users/gaurav/Documents/Breast-Cancer-ML-Pipeline/venv/lib/python3.9/site-packages/airflow/example_dags/example_complex.py
[2025-04-21T17:46:34.523-0400] {logging_mixin.py:188} INFO - [2025-04-21T17:46:34.523-0400] {dag.py:3036} INFO - Sync 1 DAGs
[2025-04-21T17:46:34.529-0400] {logging_mixin.py:188} INFO - [2025-04-21T17:46:34.529-0400] {dag.py:3823} INFO - Setting next_dagrun for example_complex to None, run_after=None
[2025-04-21T17:46:34.538-0400] {processor.py:183} INFO - Processing /Users/gaurav/Documents/Breast-Cancer-ML-Pipeline/venv/lib/python3.9/site-packages/airflow/example_dags/example_complex.py took 0.081 seconds
[2025-04-21T17:47:29.693-0400] {processor.py:161} INFO - Started process (PID=88614) to work on /Users/gaurav/Documents/Breast-Cancer-ML-Pipeline/venv/lib/python3.9/site-packages/airflow/example_dags/example_complex.py
[2025-04-21T17:47:29.694-0400] {processor.py:830} INFO - Processing file /Users/gaurav/Documents/Breast-Cancer-ML-Pipeline/venv/lib/python3.9/site-packages/airflow/example_dags/example_complex.py for tasks to queue
[2025-04-21T17:47:29.695-0400] {logging_mixin.py:188} INFO - [2025-04-21T17:47:29.694-0400] {dagbag.py:538} INFO - Filling up the DagBag from /Users/gaurav/Documents/Breast-Cancer-ML-Pipeline/venv/lib/python3.9/site-packages/airflow/example_dags/example_complex.py
[2025-04-21T17:47:29.701-0400] {processor.py:840} INFO - DAG(s) 'example_complex' retrieved from /Users/gaurav/Documents/Breast-Cancer-ML-Pipeline/venv/lib/python3.9/site-packages/airflow/example_dags/example_complex.py
[2025-04-21T17:47:29.758-0400] {logging_mixin.py:188} INFO - [2025-04-21T17:47:29.758-0400] {dag.py:3036} INFO - Sync 1 DAGs
[2025-04-21T17:47:29.763-0400] {logging_mixin.py:188} INFO - [2025-04-21T17:47:29.763-0400] {dag.py:3823} INFO - Setting next_dagrun for example_complex to None, run_after=None
[2025-04-21T17:47:29.773-0400] {processor.py:183} INFO - Processing /Users/gaurav/Documents/Breast-Cancer-ML-Pipeline/venv/lib/python3.9/site-packages/airflow/example_dags/example_complex.py took 0.080 seconds
[2025-04-21T17:48:37.921-0400] {processor.py:161} INFO - Started process (PID=88702) to work on /Users/gaurav/Documents/Breast-Cancer-ML-Pipeline/venv/lib/python3.9/site-packages/airflow/example_dags/example_complex.py
[2025-04-21T17:48:37.923-0400] {processor.py:830} INFO - Processing file /Users/gaurav/Documents/Breast-Cancer-ML-Pipeline/venv/lib/python3.9/site-packages/airflow/example_dags/example_complex.py for tasks to queue
[2025-04-21T17:48:37.923-0400] {logging_mixin.py:188} INFO - [2025-04-21T17:48:37.923-0400] {dagbag.py:538} INFO - Filling up the DagBag from /Users/gaurav/Documents/Breast-Cancer-ML-Pipeline/venv/lib/python3.9/site-packages/airflow/example_dags/example_complex.py
[2025-04-21T17:48:37.930-0400] {processor.py:840} INFO - DAG(s) 'example_complex' retrieved from /Users/gaurav/Documents/Breast-Cancer-ML-Pipeline/venv/lib/python3.9/site-packages/airflow/example_dags/example_complex.py
[2025-04-21T17:48:37.989-0400] {logging_mixin.py:188} INFO - [2025-04-21T17:48:37.989-0400] {dag.py:3036} INFO - Sync 1 DAGs
[2025-04-21T17:48:37.995-0400] {logging_mixin.py:188} INFO - [2025-04-21T17:48:37.995-0400] {dag.py:3823} INFO - Setting next_dagrun for example_complex to None, run_after=None
[2025-04-21T17:48:38.005-0400] {processor.py:183} INFO - Processing /Users/gaurav/Documents/Breast-Cancer-ML-Pipeline/venv/lib/python3.9/site-packages/airflow/example_dags/example_complex.py took 0.084 seconds
[2025-04-21T17:49:41.579-0400] {processor.py:161} INFO - Started process (PID=88796) to work on /Users/gaurav/Documents/Breast-Cancer-ML-Pipeline/venv/lib/python3.9/site-packages/airflow/example_dags/example_complex.py
[2025-04-21T17:49:41.580-0400] {processor.py:830} INFO - Processing file /Users/gaurav/Documents/Breast-Cancer-ML-Pipeline/venv/lib/python3.9/site-packages/airflow/example_dags/example_complex.py for tasks to queue
[2025-04-21T17:49:41.581-0400] {logging_mixin.py:188} INFO - [2025-04-21T17:49:41.581-0400] {dagbag.py:538} INFO - Filling up the DagBag from /Users/gaurav/Documents/Breast-Cancer-ML-Pipeline/venv/lib/python3.9/site-packages/airflow/example_dags/example_complex.py
[2025-04-21T17:49:41.588-0400] {processor.py:840} INFO - DAG(s) 'example_complex' retrieved from /Users/gaurav/Documents/Breast-Cancer-ML-Pipeline/venv/lib/python3.9/site-packages/airflow/example_dags/example_complex.py
[2025-04-21T17:49:41.641-0400] {logging_mixin.py:188} INFO - [2025-04-21T17:49:41.641-0400] {dag.py:3036} INFO - Sync 1 DAGs
[2025-04-21T17:49:41.646-0400] {logging_mixin.py:188} INFO - [2025-04-21T17:49:41.646-0400] {dag.py:3823} INFO - Setting next_dagrun for example_complex to None, run_after=None
[2025-04-21T17:49:41.656-0400] {processor.py:183} INFO - Processing /Users/gaurav/Documents/Breast-Cancer-ML-Pipeline/venv/lib/python3.9/site-packages/airflow/example_dags/example_complex.py took 0.079 seconds
[2025-04-21T17:50:57.695-0400] {processor.py:161} INFO - Started process (PID=88902) to work on /Users/gaurav/Documents/Breast-Cancer-ML-Pipeline/venv/lib/python3.9/site-packages/airflow/example_dags/example_complex.py
[2025-04-21T17:50:57.696-0400] {processor.py:830} INFO - Processing file /Users/gaurav/Documents/Breast-Cancer-ML-Pipeline/venv/lib/python3.9/site-packages/airflow/example_dags/example_complex.py for tasks to queue
[2025-04-21T17:50:57.696-0400] {logging_mixin.py:188} INFO - [2025-04-21T17:50:57.696-0400] {dagbag.py:538} INFO - Filling up the DagBag from /Users/gaurav/Documents/Breast-Cancer-ML-Pipeline/venv/lib/python3.9/site-packages/airflow/example_dags/example_complex.py
[2025-04-21T17:50:57.703-0400] {processor.py:840} INFO - DAG(s) 'example_complex' retrieved from /Users/gaurav/Documents/Breast-Cancer-ML-Pipeline/venv/lib/python3.9/site-packages/airflow/example_dags/example_complex.py
[2025-04-21T17:50:57.760-0400] {logging_mixin.py:188} INFO - [2025-04-21T17:50:57.760-0400] {dag.py:3036} INFO - Sync 1 DAGs
[2025-04-21T17:50:57.765-0400] {logging_mixin.py:188} INFO - [2025-04-21T17:50:57.765-0400] {dag.py:3823} INFO - Setting next_dagrun for example_complex to None, run_after=None
[2025-04-21T17:50:57.775-0400] {processor.py:183} INFO - Processing /Users/gaurav/Documents/Breast-Cancer-ML-Pipeline/venv/lib/python3.9/site-packages/airflow/example_dags/example_complex.py took 0.080 seconds
[2025-04-21T17:52:15.412-0400] {processor.py:161} INFO - Started process (PID=89010) to work on /Users/gaurav/Documents/Breast-Cancer-ML-Pipeline/venv/lib/python3.9/site-packages/airflow/example_dags/example_complex.py
[2025-04-21T17:52:15.414-0400] {processor.py:830} INFO - Processing file /Users/gaurav/Documents/Breast-Cancer-ML-Pipeline/venv/lib/python3.9/site-packages/airflow/example_dags/example_complex.py for tasks to queue
[2025-04-21T17:52:15.415-0400] {logging_mixin.py:188} INFO - [2025-04-21T17:52:15.414-0400] {dagbag.py:538} INFO - Filling up the DagBag from /Users/gaurav/Documents/Breast-Cancer-ML-Pipeline/venv/lib/python3.9/site-packages/airflow/example_dags/example_complex.py
[2025-04-21T17:52:15.421-0400] {processor.py:840} INFO - DAG(s) 'example_complex' retrieved from /Users/gaurav/Documents/Breast-Cancer-ML-Pipeline/venv/lib/python3.9/site-packages/airflow/example_dags/example_complex.py
[2025-04-21T17:52:15.477-0400] {logging_mixin.py:188} INFO - [2025-04-21T17:52:15.477-0400] {dag.py:3036} INFO - Sync 1 DAGs
[2025-04-21T17:52:15.483-0400] {logging_mixin.py:188} INFO - [2025-04-21T17:52:15.482-0400] {dag.py:3823} INFO - Setting next_dagrun for example_complex to None, run_after=None
[2025-04-21T17:52:15.493-0400] {processor.py:183} INFO - Processing /Users/gaurav/Documents/Breast-Cancer-ML-Pipeline/venv/lib/python3.9/site-packages/airflow/example_dags/example_complex.py took 0.081 seconds
[2025-04-21T17:53:32.282-0400] {processor.py:161} INFO - Started process (PID=89111) to work on /Users/gaurav/Documents/Breast-Cancer-ML-Pipeline/venv/lib/python3.9/site-packages/airflow/example_dags/example_complex.py
[2025-04-21T17:53:32.284-0400] {processor.py:830} INFO - Processing file /Users/gaurav/Documents/Breast-Cancer-ML-Pipeline/venv/lib/python3.9/site-packages/airflow/example_dags/example_complex.py for tasks to queue
[2025-04-21T17:53:32.284-0400] {logging_mixin.py:188} INFO - [2025-04-21T17:53:32.284-0400] {dagbag.py:538} INFO - Filling up the DagBag from /Users/gaurav/Documents/Breast-Cancer-ML-Pipeline/venv/lib/python3.9/site-packages/airflow/example_dags/example_complex.py
[2025-04-21T17:53:32.291-0400] {processor.py:840} INFO - DAG(s) 'example_complex' retrieved from /Users/gaurav/Documents/Breast-Cancer-ML-Pipeline/venv/lib/python3.9/site-packages/airflow/example_dags/example_complex.py
[2025-04-21T17:53:32.347-0400] {logging_mixin.py:188} INFO - [2025-04-21T17:53:32.346-0400] {dag.py:3036} INFO - Sync 1 DAGs
[2025-04-21T17:53:32.352-0400] {logging_mixin.py:188} INFO - [2025-04-21T17:53:32.352-0400] {dag.py:3823} INFO - Setting next_dagrun for example_complex to None, run_after=None
[2025-04-21T17:53:32.361-0400] {processor.py:183} INFO - Processing /Users/gaurav/Documents/Breast-Cancer-ML-Pipeline/venv/lib/python3.9/site-packages/airflow/example_dags/example_complex.py took 0.080 seconds
[2025-04-21T17:54:51.296-0400] {processor.py:161} INFO - Started process (PID=89235) to work on /Users/gaurav/Documents/Breast-Cancer-ML-Pipeline/venv/lib/python3.9/site-packages/airflow/example_dags/example_complex.py
[2025-04-21T17:54:51.297-0400] {processor.py:830} INFO - Processing file /Users/gaurav/Documents/Breast-Cancer-ML-Pipeline/venv/lib/python3.9/site-packages/airflow/example_dags/example_complex.py for tasks to queue
[2025-04-21T17:54:51.297-0400] {logging_mixin.py:188} INFO - [2025-04-21T17:54:51.297-0400] {dagbag.py:538} INFO - Filling up the DagBag from /Users/gaurav/Documents/Breast-Cancer-ML-Pipeline/venv/lib/python3.9/site-packages/airflow/example_dags/example_complex.py
[2025-04-21T17:54:51.304-0400] {processor.py:840} INFO - DAG(s) 'example_complex' retrieved from /Users/gaurav/Documents/Breast-Cancer-ML-Pipeline/venv/lib/python3.9/site-packages/airflow/example_dags/example_complex.py
[2025-04-21T17:54:51.362-0400] {logging_mixin.py:188} INFO - [2025-04-21T17:54:51.362-0400] {dag.py:3036} INFO - Sync 1 DAGs
[2025-04-21T17:54:51.368-0400] {logging_mixin.py:188} INFO - [2025-04-21T17:54:51.368-0400] {dag.py:3823} INFO - Setting next_dagrun for example_complex to None, run_after=None
[2025-04-21T17:54:51.378-0400] {processor.py:183} INFO - Processing /Users/gaurav/Documents/Breast-Cancer-ML-Pipeline/venv/lib/python3.9/site-packages/airflow/example_dags/example_complex.py took 0.083 seconds
