[2025-04-21T16:39:24.359-0400] {processor.py:161} INFO - Started process (PID=83554) to work on /Users/gaurav/Documents/Breast-Cancer-ML-Pipeline/venv/lib/python3.9/site-packages/airflow/example_dags/example_params_trigger_ui.py
[2025-04-21T16:39:24.360-0400] {processor.py:830} INFO - Processing file /Users/gaurav/Documents/Breast-Cancer-ML-Pipeline/venv/lib/python3.9/site-packages/airflow/example_dags/example_params_trigger_ui.py for tasks to queue
[2025-04-21T16:39:24.360-0400] {logging_mixin.py:188} INFO - [2025-04-21T16:39:24.360-0400] {dagbag.py:538} INFO - Filling up the DagBag from /Users/gaurav/Documents/Breast-Cancer-ML-Pipeline/venv/lib/python3.9/site-packages/airflow/example_dags/example_params_trigger_ui.py
[2025-04-21T16:39:24.390-0400] {processor.py:840} INFO - DAG(s) 'example_params_trigger_ui' retrieved from /Users/gaurav/Documents/Breast-Cancer-ML-Pipeline/venv/lib/python3.9/site-packages/airflow/example_dags/example_params_trigger_ui.py
[2025-04-21T16:39:24.529-0400] {logging_mixin.py:188} INFO - [2025-04-21T16:39:24.529-0400] {override.py:1769} INFO - Created Permission View: can delete on DAG:example_params_trigger_ui
[2025-04-21T16:39:24.535-0400] {logging_mixin.py:188} INFO - [2025-04-21T16:39:24.534-0400] {override.py:1769} INFO - Created Permission View: can read on DAG:example_params_trigger_ui
[2025-04-21T16:39:24.538-0400] {logging_mixin.py:188} INFO - [2025-04-21T16:39:24.538-0400] {override.py:1769} INFO - Created Permission View: can edit on DAG:example_params_trigger_ui
[2025-04-21T16:39:24.538-0400] {logging_mixin.py:188} INFO - [2025-04-21T16:39:24.538-0400] {dag.py:3036} INFO - Sync 1 DAGs
[2025-04-21T16:39:24.545-0400] {logging_mixin.py:188} INFO - [2025-04-21T16:39:24.545-0400] {dag.py:3058} INFO - Creating ORM DAG for example_params_trigger_ui
[2025-04-21T16:39:24.545-0400] {logging_mixin.py:188} INFO - [2025-04-21T16:39:24.545-0400] {dag.py:3823} INFO - Setting next_dagrun for example_params_trigger_ui to None, run_after=None
[2025-04-21T16:39:24.556-0400] {processor.py:183} INFO - Processing /Users/gaurav/Documents/Breast-Cancer-ML-Pipeline/venv/lib/python3.9/site-packages/airflow/example_dags/example_params_trigger_ui.py took 0.198 seconds
[2025-04-21T16:41:14.003-0400] {processor.py:161} INFO - Started process (PID=83658) to work on /Users/gaurav/Documents/Breast-Cancer-ML-Pipeline/venv/lib/python3.9/site-packages/airflow/example_dags/example_params_trigger_ui.py
[2025-04-21T16:41:14.005-0400] {processor.py:830} INFO - Processing file /Users/gaurav/Documents/Breast-Cancer-ML-Pipeline/venv/lib/python3.9/site-packages/airflow/example_dags/example_params_trigger_ui.py for tasks to queue
[2025-04-21T16:41:14.005-0400] {logging_mixin.py:188} INFO - [2025-04-21T16:41:14.005-0400] {dagbag.py:538} INFO - Filling up the DagBag from /Users/gaurav/Documents/Breast-Cancer-ML-Pipeline/venv/lib/python3.9/site-packages/airflow/example_dags/example_params_trigger_ui.py
[2025-04-21T16:41:14.035-0400] {processor.py:840} INFO - DAG(s) 'example_params_trigger_ui' retrieved from /Users/gaurav/Documents/Breast-Cancer-ML-Pipeline/venv/lib/python3.9/site-packages/airflow/example_dags/example_params_trigger_ui.py
[2025-04-21T16:41:14.115-0400] {logging_mixin.py:188} INFO - [2025-04-21T16:41:14.115-0400] {dag.py:3036} INFO - Sync 1 DAGs
[2025-04-21T16:41:14.121-0400] {logging_mixin.py:188} INFO - [2025-04-21T16:41:14.121-0400] {dag.py:3823} INFO - Setting next_dagrun for example_params_trigger_ui to None, run_after=None
[2025-04-21T16:41:14.135-0400] {processor.py:183} INFO - Processing /Users/gaurav/Documents/Breast-Cancer-ML-Pipeline/venv/lib/python3.9/site-packages/airflow/example_dags/example_params_trigger_ui.py took 0.133 seconds
[2025-04-21T16:43:57.614-0400] {processor.py:161} INFO - Started process (PID=83796) to work on /Users/gaurav/Documents/Breast-Cancer-ML-Pipeline/venv/lib/python3.9/site-packages/airflow/example_dags/example_params_trigger_ui.py
[2025-04-21T16:43:57.616-0400] {processor.py:830} INFO - Processing file /Users/gaurav/Documents/Breast-Cancer-ML-Pipeline/venv/lib/python3.9/site-packages/airflow/example_dags/example_params_trigger_ui.py for tasks to queue
[2025-04-21T16:43:57.617-0400] {logging_mixin.py:188} INFO - [2025-04-21T16:43:57.617-0400] {dagbag.py:538} INFO - Filling up the DagBag from /Users/gaurav/Documents/Breast-Cancer-ML-Pipeline/venv/lib/python3.9/site-packages/airflow/example_dags/example_params_trigger_ui.py
[2025-04-21T16:43:57.651-0400] {processor.py:840} INFO - DAG(s) 'example_params_trigger_ui' retrieved from /Users/gaurav/Documents/Breast-Cancer-ML-Pipeline/venv/lib/python3.9/site-packages/airflow/example_dags/example_params_trigger_ui.py
[2025-04-21T16:43:57.740-0400] {logging_mixin.py:188} INFO - [2025-04-21T16:43:57.740-0400] {dag.py:3036} INFO - Sync 1 DAGs
[2025-04-21T16:43:57.747-0400] {logging_mixin.py:188} INFO - [2025-04-21T16:43:57.747-0400] {dag.py:3823} INFO - Setting next_dagrun for example_params_trigger_ui to None, run_after=None
[2025-04-21T16:43:57.761-0400] {processor.py:183} INFO - Processing /Users/gaurav/Documents/Breast-Cancer-ML-Pipeline/venv/lib/python3.9/site-packages/airflow/example_dags/example_params_trigger_ui.py took 0.148 seconds
[2025-04-21T16:47:09.330-0400] {processor.py:161} INFO - Started process (PID=84022) to work on /Users/gaurav/Documents/Breast-Cancer-ML-Pipeline/venv/lib/python3.9/site-packages/airflow/example_dags/example_params_trigger_ui.py
[2025-04-21T16:47:09.332-0400] {processor.py:830} INFO - Processing file /Users/gaurav/Documents/Breast-Cancer-ML-Pipeline/venv/lib/python3.9/site-packages/airflow/example_dags/example_params_trigger_ui.py for tasks to queue
[2025-04-21T16:47:09.332-0400] {logging_mixin.py:188} INFO - [2025-04-21T16:47:09.332-0400] {dagbag.py:538} INFO - Filling up the DagBag from /Users/gaurav/Documents/Breast-Cancer-ML-Pipeline/venv/lib/python3.9/site-packages/airflow/example_dags/example_params_trigger_ui.py
[2025-04-21T16:47:09.362-0400] {processor.py:840} INFO - DAG(s) 'example_params_trigger_ui' retrieved from /Users/gaurav/Documents/Breast-Cancer-ML-Pipeline/venv/lib/python3.9/site-packages/airflow/example_dags/example_params_trigger_ui.py
[2025-04-21T16:47:09.443-0400] {logging_mixin.py:188} INFO - [2025-04-21T16:47:09.443-0400] {dag.py:3036} INFO - Sync 1 DAGs
[2025-04-21T16:47:09.450-0400] {logging_mixin.py:188} INFO - [2025-04-21T16:47:09.450-0400] {dag.py:3823} INFO - Setting next_dagrun for example_params_trigger_ui to None, run_after=None
[2025-04-21T16:47:09.464-0400] {processor.py:183} INFO - Processing /Users/gaurav/Documents/Breast-Cancer-ML-Pipeline/venv/lib/python3.9/site-packages/airflow/example_dags/example_params_trigger_ui.py took 0.135 seconds
[2025-04-21T16:48:22.644-0400] {processor.py:161} INFO - Started process (PID=84107) to work on /Users/gaurav/Documents/Breast-Cancer-ML-Pipeline/venv/lib/python3.9/site-packages/airflow/example_dags/example_params_trigger_ui.py
[2025-04-21T16:48:22.646-0400] {processor.py:830} INFO - Processing file /Users/gaurav/Documents/Breast-Cancer-ML-Pipeline/venv/lib/python3.9/site-packages/airflow/example_dags/example_params_trigger_ui.py for tasks to queue
[2025-04-21T16:48:22.647-0400] {logging_mixin.py:188} INFO - [2025-04-21T16:48:22.647-0400] {dagbag.py:538} INFO - Filling up the DagBag from /Users/gaurav/Documents/Breast-Cancer-ML-Pipeline/venv/lib/python3.9/site-packages/airflow/example_dags/example_params_trigger_ui.py
[2025-04-21T16:48:22.675-0400] {processor.py:840} INFO - DAG(s) 'example_params_trigger_ui' retrieved from /Users/gaurav/Documents/Breast-Cancer-ML-Pipeline/venv/lib/python3.9/site-packages/airflow/example_dags/example_params_trigger_ui.py
[2025-04-21T16:48:22.756-0400] {logging_mixin.py:188} INFO - [2025-04-21T16:48:22.756-0400] {dag.py:3036} INFO - Sync 1 DAGs
[2025-04-21T16:48:22.762-0400] {logging_mixin.py:188} INFO - [2025-04-21T16:48:22.762-0400] {dag.py:3823} INFO - Setting next_dagrun for example_params_trigger_ui to None, run_after=None
[2025-04-21T16:48:22.775-0400] {processor.py:183} INFO - Processing /Users/gaurav/Documents/Breast-Cancer-ML-Pipeline/venv/lib/python3.9/site-packages/airflow/example_dags/example_params_trigger_ui.py took 0.131 seconds
[2025-04-21T16:49:33.787-0400] {processor.py:161} INFO - Started process (PID=84192) to work on /Users/gaurav/Documents/Breast-Cancer-ML-Pipeline/venv/lib/python3.9/site-packages/airflow/example_dags/example_params_trigger_ui.py
[2025-04-21T16:49:33.789-0400] {processor.py:830} INFO - Processing file /Users/gaurav/Documents/Breast-Cancer-ML-Pipeline/venv/lib/python3.9/site-packages/airflow/example_dags/example_params_trigger_ui.py for tasks to queue
[2025-04-21T16:49:33.790-0400] {logging_mixin.py:188} INFO - [2025-04-21T16:49:33.789-0400] {dagbag.py:538} INFO - Filling up the DagBag from /Users/gaurav/Documents/Breast-Cancer-ML-Pipeline/venv/lib/python3.9/site-packages/airflow/example_dags/example_params_trigger_ui.py
[2025-04-21T16:49:33.818-0400] {processor.py:840} INFO - DAG(s) 'example_params_trigger_ui' retrieved from /Users/gaurav/Documents/Breast-Cancer-ML-Pipeline/venv/lib/python3.9/site-packages/airflow/example_dags/example_params_trigger_ui.py
[2025-04-21T16:49:33.897-0400] {logging_mixin.py:188} INFO - [2025-04-21T16:49:33.897-0400] {dag.py:3036} INFO - Sync 1 DAGs
[2025-04-21T16:49:33.903-0400] {logging_mixin.py:188} INFO - [2025-04-21T16:49:33.903-0400] {dag.py:3823} INFO - Setting next_dagrun for example_params_trigger_ui to None, run_after=None
[2025-04-21T16:49:33.916-0400] {processor.py:183} INFO - Processing /Users/gaurav/Documents/Breast-Cancer-ML-Pipeline/venv/lib/python3.9/site-packages/airflow/example_dags/example_params_trigger_ui.py took 0.130 seconds
[2025-04-21T16:50:48.404-0400] {processor.py:161} INFO - Started process (PID=84273) to work on /Users/gaurav/Documents/Breast-Cancer-ML-Pipeline/venv/lib/python3.9/site-packages/airflow/example_dags/example_params_trigger_ui.py
[2025-04-21T16:50:48.406-0400] {processor.py:830} INFO - Processing file /Users/gaurav/Documents/Breast-Cancer-ML-Pipeline/venv/lib/python3.9/site-packages/airflow/example_dags/example_params_trigger_ui.py for tasks to queue
[2025-04-21T16:50:48.407-0400] {logging_mixin.py:188} INFO - [2025-04-21T16:50:48.407-0400] {dagbag.py:538} INFO - Filling up the DagBag from /Users/gaurav/Documents/Breast-Cancer-ML-Pipeline/venv/lib/python3.9/site-packages/airflow/example_dags/example_params_trigger_ui.py
[2025-04-21T16:50:48.439-0400] {processor.py:840} INFO - DAG(s) 'example_params_trigger_ui' retrieved from /Users/gaurav/Documents/Breast-Cancer-ML-Pipeline/venv/lib/python3.9/site-packages/airflow/example_dags/example_params_trigger_ui.py
[2025-04-21T16:50:48.532-0400] {logging_mixin.py:188} INFO - [2025-04-21T16:50:48.531-0400] {dag.py:3036} INFO - Sync 1 DAGs
[2025-04-21T16:50:48.539-0400] {logging_mixin.py:188} INFO - [2025-04-21T16:50:48.538-0400] {dag.py:3823} INFO - Setting next_dagrun for example_params_trigger_ui to None, run_after=None
[2025-04-21T16:50:48.554-0400] {processor.py:183} INFO - Processing /Users/gaurav/Documents/Breast-Cancer-ML-Pipeline/venv/lib/python3.9/site-packages/airflow/example_dags/example_params_trigger_ui.py took 0.151 seconds
[2025-04-21T16:52:11.754-0400] {processor.py:161} INFO - Started process (PID=84366) to work on /Users/gaurav/Documents/Breast-Cancer-ML-Pipeline/venv/lib/python3.9/site-packages/airflow/example_dags/example_params_trigger_ui.py
[2025-04-21T16:52:11.756-0400] {processor.py:830} INFO - Processing file /Users/gaurav/Documents/Breast-Cancer-ML-Pipeline/venv/lib/python3.9/site-packages/airflow/example_dags/example_params_trigger_ui.py for tasks to queue
[2025-04-21T16:52:11.757-0400] {logging_mixin.py:188} INFO - [2025-04-21T16:52:11.756-0400] {dagbag.py:538} INFO - Filling up the DagBag from /Users/gaurav/Documents/Breast-Cancer-ML-Pipeline/venv/lib/python3.9/site-packages/airflow/example_dags/example_params_trigger_ui.py
[2025-04-21T16:52:11.786-0400] {processor.py:840} INFO - DAG(s) 'example_params_trigger_ui' retrieved from /Users/gaurav/Documents/Breast-Cancer-ML-Pipeline/venv/lib/python3.9/site-packages/airflow/example_dags/example_params_trigger_ui.py
[2025-04-21T16:52:11.866-0400] {logging_mixin.py:188} INFO - [2025-04-21T16:52:11.866-0400] {dag.py:3036} INFO - Sync 1 DAGs
[2025-04-21T16:52:11.872-0400] {logging_mixin.py:188} INFO - [2025-04-21T16:52:11.872-0400] {dag.py:3823} INFO - Setting next_dagrun for example_params_trigger_ui to None, run_after=None
[2025-04-21T16:52:11.885-0400] {processor.py:183} INFO - Processing /Users/gaurav/Documents/Breast-Cancer-ML-Pipeline/venv/lib/python3.9/site-packages/airflow/example_dags/example_params_trigger_ui.py took 0.132 seconds
[2025-04-21T16:53:33.976-0400] {processor.py:161} INFO - Started process (PID=84473) to work on /Users/gaurav/Documents/Breast-Cancer-ML-Pipeline/venv/lib/python3.9/site-packages/airflow/example_dags/example_params_trigger_ui.py
[2025-04-21T16:53:33.978-0400] {processor.py:830} INFO - Processing file /Users/gaurav/Documents/Breast-Cancer-ML-Pipeline/venv/lib/python3.9/site-packages/airflow/example_dags/example_params_trigger_ui.py for tasks to queue
[2025-04-21T16:53:33.978-0400] {logging_mixin.py:188} INFO - [2025-04-21T16:53:33.978-0400] {dagbag.py:538} INFO - Filling up the DagBag from /Users/gaurav/Documents/Breast-Cancer-ML-Pipeline/venv/lib/python3.9/site-packages/airflow/example_dags/example_params_trigger_ui.py
[2025-04-21T16:53:34.008-0400] {processor.py:840} INFO - DAG(s) 'example_params_trigger_ui' retrieved from /Users/gaurav/Documents/Breast-Cancer-ML-Pipeline/venv/lib/python3.9/site-packages/airflow/example_dags/example_params_trigger_ui.py
[2025-04-21T16:53:34.086-0400] {logging_mixin.py:188} INFO - [2025-04-21T16:53:34.086-0400] {dag.py:3036} INFO - Sync 1 DAGs
[2025-04-21T16:53:34.092-0400] {logging_mixin.py:188} INFO - [2025-04-21T16:53:34.092-0400] {dag.py:3823} INFO - Setting next_dagrun for example_params_trigger_ui to None, run_after=None
[2025-04-21T16:53:34.105-0400] {processor.py:183} INFO - Processing /Users/gaurav/Documents/Breast-Cancer-ML-Pipeline/venv/lib/python3.9/site-packages/airflow/example_dags/example_params_trigger_ui.py took 0.129 seconds
[2025-04-21T16:56:38.376-0400] {processor.py:161} INFO - Started process (PID=84701) to work on /Users/gaurav/Documents/Breast-Cancer-ML-Pipeline/venv/lib/python3.9/site-packages/airflow/example_dags/example_params_trigger_ui.py
[2025-04-21T16:56:38.378-0400] {processor.py:830} INFO - Processing file /Users/gaurav/Documents/Breast-Cancer-ML-Pipeline/venv/lib/python3.9/site-packages/airflow/example_dags/example_params_trigger_ui.py for tasks to queue
[2025-04-21T16:56:38.379-0400] {logging_mixin.py:188} INFO - [2025-04-21T16:56:38.378-0400] {dagbag.py:538} INFO - Filling up the DagBag from /Users/gaurav/Documents/Breast-Cancer-ML-Pipeline/venv/lib/python3.9/site-packages/airflow/example_dags/example_params_trigger_ui.py
[2025-04-21T16:56:38.413-0400] {processor.py:840} INFO - DAG(s) 'example_params_trigger_ui' retrieved from /Users/gaurav/Documents/Breast-Cancer-ML-Pipeline/venv/lib/python3.9/site-packages/airflow/example_dags/example_params_trigger_ui.py
[2025-04-21T16:56:38.595-0400] {logging_mixin.py:188} INFO - [2025-04-21T16:56:38.595-0400] {dag.py:3036} INFO - Sync 1 DAGs
[2025-04-21T16:56:38.601-0400] {logging_mixin.py:188} INFO - [2025-04-21T16:56:38.601-0400] {dag.py:3823} INFO - Setting next_dagrun for example_params_trigger_ui to None, run_after=None
[2025-04-21T16:56:38.615-0400] {processor.py:183} INFO - Processing /Users/gaurav/Documents/Breast-Cancer-ML-Pipeline/venv/lib/python3.9/site-packages/airflow/example_dags/example_params_trigger_ui.py took 0.240 seconds
[2025-04-21T16:58:02.880-0400] {processor.py:161} INFO - Started process (PID=84818) to work on /Users/gaurav/Documents/Breast-Cancer-ML-Pipeline/venv/lib/python3.9/site-packages/airflow/example_dags/example_params_trigger_ui.py
[2025-04-21T16:58:02.881-0400] {processor.py:830} INFO - Processing file /Users/gaurav/Documents/Breast-Cancer-ML-Pipeline/venv/lib/python3.9/site-packages/airflow/example_dags/example_params_trigger_ui.py for tasks to queue
[2025-04-21T16:58:02.882-0400] {logging_mixin.py:188} INFO - [2025-04-21T16:58:02.881-0400] {dagbag.py:538} INFO - Filling up the DagBag from /Users/gaurav/Documents/Breast-Cancer-ML-Pipeline/venv/lib/python3.9/site-packages/airflow/example_dags/example_params_trigger_ui.py
[2025-04-21T16:58:02.915-0400] {processor.py:840} INFO - DAG(s) 'example_params_trigger_ui' retrieved from /Users/gaurav/Documents/Breast-Cancer-ML-Pipeline/venv/lib/python3.9/site-packages/airflow/example_dags/example_params_trigger_ui.py
[2025-04-21T16:58:02.998-0400] {logging_mixin.py:188} INFO - [2025-04-21T16:58:02.998-0400] {dag.py:3036} INFO - Sync 1 DAGs
[2025-04-21T16:58:03.005-0400] {logging_mixin.py:188} INFO - [2025-04-21T16:58:03.005-0400] {dag.py:3823} INFO - Setting next_dagrun for example_params_trigger_ui to None, run_after=None
[2025-04-21T16:58:03.018-0400] {processor.py:183} INFO - Processing /Users/gaurav/Documents/Breast-Cancer-ML-Pipeline/venv/lib/python3.9/site-packages/airflow/example_dags/example_params_trigger_ui.py took 0.139 seconds
[2025-04-21T16:59:23.860-0400] {processor.py:161} INFO - Started process (PID=84907) to work on /Users/gaurav/Documents/Breast-Cancer-ML-Pipeline/venv/lib/python3.9/site-packages/airflow/example_dags/example_params_trigger_ui.py
[2025-04-21T16:59:23.862-0400] {processor.py:830} INFO - Processing file /Users/gaurav/Documents/Breast-Cancer-ML-Pipeline/venv/lib/python3.9/site-packages/airflow/example_dags/example_params_trigger_ui.py for tasks to queue
[2025-04-21T16:59:23.863-0400] {logging_mixin.py:188} INFO - [2025-04-21T16:59:23.863-0400] {dagbag.py:538} INFO - Filling up the DagBag from /Users/gaurav/Documents/Breast-Cancer-ML-Pipeline/venv/lib/python3.9/site-packages/airflow/example_dags/example_params_trigger_ui.py
[2025-04-21T16:59:23.892-0400] {processor.py:840} INFO - DAG(s) 'example_params_trigger_ui' retrieved from /Users/gaurav/Documents/Breast-Cancer-ML-Pipeline/venv/lib/python3.9/site-packages/airflow/example_dags/example_params_trigger_ui.py
[2025-04-21T16:59:23.972-0400] {logging_mixin.py:188} INFO - [2025-04-21T16:59:23.972-0400] {dag.py:3036} INFO - Sync 1 DAGs
[2025-04-21T16:59:23.978-0400] {logging_mixin.py:188} INFO - [2025-04-21T16:59:23.978-0400] {dag.py:3823} INFO - Setting next_dagrun for example_params_trigger_ui to None, run_after=None
[2025-04-21T16:59:23.992-0400] {processor.py:183} INFO - Processing /Users/gaurav/Documents/Breast-Cancer-ML-Pipeline/venv/lib/python3.9/site-packages/airflow/example_dags/example_params_trigger_ui.py took 0.132 seconds
[2025-04-21T17:00:36.554-0400] {processor.py:161} INFO - Started process (PID=84995) to work on /Users/gaurav/Documents/Breast-Cancer-ML-Pipeline/venv/lib/python3.9/site-packages/airflow/example_dags/example_params_trigger_ui.py
[2025-04-21T17:00:36.556-0400] {processor.py:830} INFO - Processing file /Users/gaurav/Documents/Breast-Cancer-ML-Pipeline/venv/lib/python3.9/site-packages/airflow/example_dags/example_params_trigger_ui.py for tasks to queue
[2025-04-21T17:00:36.556-0400] {logging_mixin.py:188} INFO - [2025-04-21T17:00:36.556-0400] {dagbag.py:538} INFO - Filling up the DagBag from /Users/gaurav/Documents/Breast-Cancer-ML-Pipeline/venv/lib/python3.9/site-packages/airflow/example_dags/example_params_trigger_ui.py
[2025-04-21T17:00:36.586-0400] {processor.py:840} INFO - DAG(s) 'example_params_trigger_ui' retrieved from /Users/gaurav/Documents/Breast-Cancer-ML-Pipeline/venv/lib/python3.9/site-packages/airflow/example_dags/example_params_trigger_ui.py
[2025-04-21T17:00:36.674-0400] {logging_mixin.py:188} INFO - [2025-04-21T17:00:36.674-0400] {dag.py:3036} INFO - Sync 1 DAGs
[2025-04-21T17:00:36.680-0400] {logging_mixin.py:188} INFO - [2025-04-21T17:00:36.680-0400] {dag.py:3823} INFO - Setting next_dagrun for example_params_trigger_ui to None, run_after=None
[2025-04-21T17:00:36.695-0400] {processor.py:183} INFO - Processing /Users/gaurav/Documents/Breast-Cancer-ML-Pipeline/venv/lib/python3.9/site-packages/airflow/example_dags/example_params_trigger_ui.py took 0.142 seconds
[2025-04-21T17:01:59.871-0400] {processor.py:161} INFO - Started process (PID=85098) to work on /Users/gaurav/Documents/Breast-Cancer-ML-Pipeline/venv/lib/python3.9/site-packages/airflow/example_dags/example_params_trigger_ui.py
[2025-04-21T17:01:59.872-0400] {processor.py:830} INFO - Processing file /Users/gaurav/Documents/Breast-Cancer-ML-Pipeline/venv/lib/python3.9/site-packages/airflow/example_dags/example_params_trigger_ui.py for tasks to queue
[2025-04-21T17:01:59.872-0400] {logging_mixin.py:188} INFO - [2025-04-21T17:01:59.872-0400] {dagbag.py:538} INFO - Filling up the DagBag from /Users/gaurav/Documents/Breast-Cancer-ML-Pipeline/venv/lib/python3.9/site-packages/airflow/example_dags/example_params_trigger_ui.py
[2025-04-21T17:01:59.903-0400] {processor.py:840} INFO - DAG(s) 'example_params_trigger_ui' retrieved from /Users/gaurav/Documents/Breast-Cancer-ML-Pipeline/venv/lib/python3.9/site-packages/airflow/example_dags/example_params_trigger_ui.py
[2025-04-21T17:01:59.991-0400] {logging_mixin.py:188} INFO - [2025-04-21T17:01:59.991-0400] {dag.py:3036} INFO - Sync 1 DAGs
[2025-04-21T17:01:59.998-0400] {logging_mixin.py:188} INFO - [2025-04-21T17:01:59.998-0400] {dag.py:3823} INFO - Setting next_dagrun for example_params_trigger_ui to None, run_after=None
[2025-04-21T17:02:00.015-0400] {processor.py:183} INFO - Processing /Users/gaurav/Documents/Breast-Cancer-ML-Pipeline/venv/lib/python3.9/site-packages/airflow/example_dags/example_params_trigger_ui.py took 0.146 seconds
[2025-04-21T17:03:18.389-0400] {processor.py:161} INFO - Started process (PID=85186) to work on /Users/gaurav/Documents/Breast-Cancer-ML-Pipeline/venv/lib/python3.9/site-packages/airflow/example_dags/example_params_trigger_ui.py
[2025-04-21T17:03:18.392-0400] {processor.py:830} INFO - Processing file /Users/gaurav/Documents/Breast-Cancer-ML-Pipeline/venv/lib/python3.9/site-packages/airflow/example_dags/example_params_trigger_ui.py for tasks to queue
[2025-04-21T17:03:18.392-0400] {logging_mixin.py:188} INFO - [2025-04-21T17:03:18.392-0400] {dagbag.py:538} INFO - Filling up the DagBag from /Users/gaurav/Documents/Breast-Cancer-ML-Pipeline/venv/lib/python3.9/site-packages/airflow/example_dags/example_params_trigger_ui.py
[2025-04-21T17:03:18.423-0400] {processor.py:840} INFO - DAG(s) 'example_params_trigger_ui' retrieved from /Users/gaurav/Documents/Breast-Cancer-ML-Pipeline/venv/lib/python3.9/site-packages/airflow/example_dags/example_params_trigger_ui.py
[2025-04-21T17:03:18.505-0400] {logging_mixin.py:188} INFO - [2025-04-21T17:03:18.504-0400] {dag.py:3036} INFO - Sync 1 DAGs
[2025-04-21T17:03:18.511-0400] {logging_mixin.py:188} INFO - [2025-04-21T17:03:18.511-0400] {dag.py:3823} INFO - Setting next_dagrun for example_params_trigger_ui to None, run_after=None
[2025-04-21T17:03:18.523-0400] {processor.py:183} INFO - Processing /Users/gaurav/Documents/Breast-Cancer-ML-Pipeline/venv/lib/python3.9/site-packages/airflow/example_dags/example_params_trigger_ui.py took 0.135 seconds
[2025-04-21T17:04:31.505-0400] {processor.py:161} INFO - Started process (PID=85288) to work on /Users/gaurav/Documents/Breast-Cancer-ML-Pipeline/venv/lib/python3.9/site-packages/airflow/example_dags/example_params_trigger_ui.py
[2025-04-21T17:04:31.508-0400] {processor.py:830} INFO - Processing file /Users/gaurav/Documents/Breast-Cancer-ML-Pipeline/venv/lib/python3.9/site-packages/airflow/example_dags/example_params_trigger_ui.py for tasks to queue
[2025-04-21T17:04:31.508-0400] {logging_mixin.py:188} INFO - [2025-04-21T17:04:31.508-0400] {dagbag.py:538} INFO - Filling up the DagBag from /Users/gaurav/Documents/Breast-Cancer-ML-Pipeline/venv/lib/python3.9/site-packages/airflow/example_dags/example_params_trigger_ui.py
[2025-04-21T17:04:31.537-0400] {processor.py:840} INFO - DAG(s) 'example_params_trigger_ui' retrieved from /Users/gaurav/Documents/Breast-Cancer-ML-Pipeline/venv/lib/python3.9/site-packages/airflow/example_dags/example_params_trigger_ui.py
[2025-04-21T17:04:31.616-0400] {logging_mixin.py:188} INFO - [2025-04-21T17:04:31.616-0400] {dag.py:3036} INFO - Sync 1 DAGs
[2025-04-21T17:04:31.622-0400] {logging_mixin.py:188} INFO - [2025-04-21T17:04:31.622-0400] {dag.py:3823} INFO - Setting next_dagrun for example_params_trigger_ui to None, run_after=None
[2025-04-21T17:04:31.635-0400] {processor.py:183} INFO - Processing /Users/gaurav/Documents/Breast-Cancer-ML-Pipeline/venv/lib/python3.9/site-packages/airflow/example_dags/example_params_trigger_ui.py took 0.131 seconds
[2025-04-21T17:05:41.729-0400] {processor.py:161} INFO - Started process (PID=85366) to work on /Users/gaurav/Documents/Breast-Cancer-ML-Pipeline/venv/lib/python3.9/site-packages/airflow/example_dags/example_params_trigger_ui.py
[2025-04-21T17:05:41.731-0400] {processor.py:830} INFO - Processing file /Users/gaurav/Documents/Breast-Cancer-ML-Pipeline/venv/lib/python3.9/site-packages/airflow/example_dags/example_params_trigger_ui.py for tasks to queue
[2025-04-21T17:05:41.731-0400] {logging_mixin.py:188} INFO - [2025-04-21T17:05:41.731-0400] {dagbag.py:538} INFO - Filling up the DagBag from /Users/gaurav/Documents/Breast-Cancer-ML-Pipeline/venv/lib/python3.9/site-packages/airflow/example_dags/example_params_trigger_ui.py
[2025-04-21T17:05:41.761-0400] {processor.py:840} INFO - DAG(s) 'example_params_trigger_ui' retrieved from /Users/gaurav/Documents/Breast-Cancer-ML-Pipeline/venv/lib/python3.9/site-packages/airflow/example_dags/example_params_trigger_ui.py
[2025-04-21T17:05:41.843-0400] {logging_mixin.py:188} INFO - [2025-04-21T17:05:41.843-0400] {dag.py:3036} INFO - Sync 1 DAGs
[2025-04-21T17:05:41.849-0400] {logging_mixin.py:188} INFO - [2025-04-21T17:05:41.849-0400] {dag.py:3823} INFO - Setting next_dagrun for example_params_trigger_ui to None, run_after=None
[2025-04-21T17:05:41.861-0400] {processor.py:183} INFO - Processing /Users/gaurav/Documents/Breast-Cancer-ML-Pipeline/venv/lib/python3.9/site-packages/airflow/example_dags/example_params_trigger_ui.py took 0.133 seconds
[2025-04-21T17:06:53.425-0400] {processor.py:161} INFO - Started process (PID=85458) to work on /Users/gaurav/Documents/Breast-Cancer-ML-Pipeline/venv/lib/python3.9/site-packages/airflow/example_dags/example_params_trigger_ui.py
[2025-04-21T17:06:53.426-0400] {processor.py:830} INFO - Processing file /Users/gaurav/Documents/Breast-Cancer-ML-Pipeline/venv/lib/python3.9/site-packages/airflow/example_dags/example_params_trigger_ui.py for tasks to queue
[2025-04-21T17:06:53.427-0400] {logging_mixin.py:188} INFO - [2025-04-21T17:06:53.427-0400] {dagbag.py:538} INFO - Filling up the DagBag from /Users/gaurav/Documents/Breast-Cancer-ML-Pipeline/venv/lib/python3.9/site-packages/airflow/example_dags/example_params_trigger_ui.py
[2025-04-21T17:06:53.457-0400] {processor.py:840} INFO - DAG(s) 'example_params_trigger_ui' retrieved from /Users/gaurav/Documents/Breast-Cancer-ML-Pipeline/venv/lib/python3.9/site-packages/airflow/example_dags/example_params_trigger_ui.py
[2025-04-21T17:06:53.538-0400] {logging_mixin.py:188} INFO - [2025-04-21T17:06:53.538-0400] {dag.py:3036} INFO - Sync 1 DAGs
[2025-04-21T17:06:53.544-0400] {logging_mixin.py:188} INFO - [2025-04-21T17:06:53.544-0400] {dag.py:3823} INFO - Setting next_dagrun for example_params_trigger_ui to None, run_after=None
[2025-04-21T17:06:53.557-0400] {processor.py:183} INFO - Processing /Users/gaurav/Documents/Breast-Cancer-ML-Pipeline/venv/lib/python3.9/site-packages/airflow/example_dags/example_params_trigger_ui.py took 0.132 seconds
[2025-04-21T17:08:06.506-0400] {processor.py:161} INFO - Started process (PID=85536) to work on /Users/gaurav/Documents/Breast-Cancer-ML-Pipeline/venv/lib/python3.9/site-packages/airflow/example_dags/example_params_trigger_ui.py
[2025-04-21T17:08:06.507-0400] {processor.py:830} INFO - Processing file /Users/gaurav/Documents/Breast-Cancer-ML-Pipeline/venv/lib/python3.9/site-packages/airflow/example_dags/example_params_trigger_ui.py for tasks to queue
[2025-04-21T17:08:06.508-0400] {logging_mixin.py:188} INFO - [2025-04-21T17:08:06.508-0400] {dagbag.py:538} INFO - Filling up the DagBag from /Users/gaurav/Documents/Breast-Cancer-ML-Pipeline/venv/lib/python3.9/site-packages/airflow/example_dags/example_params_trigger_ui.py
[2025-04-21T17:08:06.542-0400] {processor.py:840} INFO - DAG(s) 'example_params_trigger_ui' retrieved from /Users/gaurav/Documents/Breast-Cancer-ML-Pipeline/venv/lib/python3.9/site-packages/airflow/example_dags/example_params_trigger_ui.py
[2025-04-21T17:08:06.631-0400] {logging_mixin.py:188} INFO - [2025-04-21T17:08:06.630-0400] {dag.py:3036} INFO - Sync 1 DAGs
[2025-04-21T17:08:06.638-0400] {logging_mixin.py:188} INFO - [2025-04-21T17:08:06.638-0400] {dag.py:3823} INFO - Setting next_dagrun for example_params_trigger_ui to None, run_after=None
[2025-04-21T17:08:06.657-0400] {processor.py:183} INFO - Processing /Users/gaurav/Documents/Breast-Cancer-ML-Pipeline/venv/lib/python3.9/site-packages/airflow/example_dags/example_params_trigger_ui.py took 0.152 seconds
[2025-04-21T17:09:20.000-0400] {processor.py:161} INFO - Started process (PID=85614) to work on /Users/gaurav/Documents/Breast-Cancer-ML-Pipeline/venv/lib/python3.9/site-packages/airflow/example_dags/example_params_trigger_ui.py
[2025-04-21T17:09:20.002-0400] {processor.py:830} INFO - Processing file /Users/gaurav/Documents/Breast-Cancer-ML-Pipeline/venv/lib/python3.9/site-packages/airflow/example_dags/example_params_trigger_ui.py for tasks to queue
[2025-04-21T17:09:20.003-0400] {logging_mixin.py:188} INFO - [2025-04-21T17:09:20.003-0400] {dagbag.py:538} INFO - Filling up the DagBag from /Users/gaurav/Documents/Breast-Cancer-ML-Pipeline/venv/lib/python3.9/site-packages/airflow/example_dags/example_params_trigger_ui.py
[2025-04-21T17:09:20.032-0400] {processor.py:840} INFO - DAG(s) 'example_params_trigger_ui' retrieved from /Users/gaurav/Documents/Breast-Cancer-ML-Pipeline/venv/lib/python3.9/site-packages/airflow/example_dags/example_params_trigger_ui.py
[2025-04-21T17:09:20.114-0400] {logging_mixin.py:188} INFO - [2025-04-21T17:09:20.114-0400] {dag.py:3036} INFO - Sync 1 DAGs
[2025-04-21T17:09:20.121-0400] {logging_mixin.py:188} INFO - [2025-04-21T17:09:20.120-0400] {dag.py:3823} INFO - Setting next_dagrun for example_params_trigger_ui to None, run_after=None
[2025-04-21T17:09:20.134-0400] {processor.py:183} INFO - Processing /Users/gaurav/Documents/Breast-Cancer-ML-Pipeline/venv/lib/python3.9/site-packages/airflow/example_dags/example_params_trigger_ui.py took 0.135 seconds
[2025-04-21T17:10:33.628-0400] {processor.py:161} INFO - Started process (PID=85696) to work on /Users/gaurav/Documents/Breast-Cancer-ML-Pipeline/venv/lib/python3.9/site-packages/airflow/example_dags/example_params_trigger_ui.py
[2025-04-21T17:10:33.630-0400] {processor.py:830} INFO - Processing file /Users/gaurav/Documents/Breast-Cancer-ML-Pipeline/venv/lib/python3.9/site-packages/airflow/example_dags/example_params_trigger_ui.py for tasks to queue
[2025-04-21T17:10:33.631-0400] {logging_mixin.py:188} INFO - [2025-04-21T17:10:33.631-0400] {dagbag.py:538} INFO - Filling up the DagBag from /Users/gaurav/Documents/Breast-Cancer-ML-Pipeline/venv/lib/python3.9/site-packages/airflow/example_dags/example_params_trigger_ui.py
[2025-04-21T17:10:33.660-0400] {processor.py:840} INFO - DAG(s) 'example_params_trigger_ui' retrieved from /Users/gaurav/Documents/Breast-Cancer-ML-Pipeline/venv/lib/python3.9/site-packages/airflow/example_dags/example_params_trigger_ui.py
[2025-04-21T17:10:33.740-0400] {logging_mixin.py:188} INFO - [2025-04-21T17:10:33.740-0400] {dag.py:3036} INFO - Sync 1 DAGs
[2025-04-21T17:10:33.746-0400] {logging_mixin.py:188} INFO - [2025-04-21T17:10:33.746-0400] {dag.py:3823} INFO - Setting next_dagrun for example_params_trigger_ui to None, run_after=None
[2025-04-21T17:10:33.760-0400] {processor.py:183} INFO - Processing /Users/gaurav/Documents/Breast-Cancer-ML-Pipeline/venv/lib/python3.9/site-packages/airflow/example_dags/example_params_trigger_ui.py took 0.133 seconds
[2025-04-21T17:11:46.936-0400] {processor.py:161} INFO - Started process (PID=85785) to work on /Users/gaurav/Documents/Breast-Cancer-ML-Pipeline/venv/lib/python3.9/site-packages/airflow/example_dags/example_params_trigger_ui.py
[2025-04-21T17:11:46.938-0400] {processor.py:830} INFO - Processing file /Users/gaurav/Documents/Breast-Cancer-ML-Pipeline/venv/lib/python3.9/site-packages/airflow/example_dags/example_params_trigger_ui.py for tasks to queue
[2025-04-21T17:11:46.938-0400] {logging_mixin.py:188} INFO - [2025-04-21T17:11:46.938-0400] {dagbag.py:538} INFO - Filling up the DagBag from /Users/gaurav/Documents/Breast-Cancer-ML-Pipeline/venv/lib/python3.9/site-packages/airflow/example_dags/example_params_trigger_ui.py
[2025-04-21T17:11:46.967-0400] {processor.py:840} INFO - DAG(s) 'example_params_trigger_ui' retrieved from /Users/gaurav/Documents/Breast-Cancer-ML-Pipeline/venv/lib/python3.9/site-packages/airflow/example_dags/example_params_trigger_ui.py
[2025-04-21T17:11:47.049-0400] {logging_mixin.py:188} INFO - [2025-04-21T17:11:47.049-0400] {dag.py:3036} INFO - Sync 1 DAGs
[2025-04-21T17:11:47.055-0400] {logging_mixin.py:188} INFO - [2025-04-21T17:11:47.055-0400] {dag.py:3823} INFO - Setting next_dagrun for example_params_trigger_ui to None, run_after=None
[2025-04-21T17:11:47.068-0400] {processor.py:183} INFO - Processing /Users/gaurav/Documents/Breast-Cancer-ML-Pipeline/venv/lib/python3.9/site-packages/airflow/example_dags/example_params_trigger_ui.py took 0.133 seconds
[2025-04-21T17:13:00.440-0400] {processor.py:161} INFO - Started process (PID=85868) to work on /Users/gaurav/Documents/Breast-Cancer-ML-Pipeline/venv/lib/python3.9/site-packages/airflow/example_dags/example_params_trigger_ui.py
[2025-04-21T17:13:00.441-0400] {processor.py:830} INFO - Processing file /Users/gaurav/Documents/Breast-Cancer-ML-Pipeline/venv/lib/python3.9/site-packages/airflow/example_dags/example_params_trigger_ui.py for tasks to queue
[2025-04-21T17:13:00.442-0400] {logging_mixin.py:188} INFO - [2025-04-21T17:13:00.442-0400] {dagbag.py:538} INFO - Filling up the DagBag from /Users/gaurav/Documents/Breast-Cancer-ML-Pipeline/venv/lib/python3.9/site-packages/airflow/example_dags/example_params_trigger_ui.py
[2025-04-21T17:13:00.482-0400] {processor.py:840} INFO - DAG(s) 'example_params_trigger_ui' retrieved from /Users/gaurav/Documents/Breast-Cancer-ML-Pipeline/venv/lib/python3.9/site-packages/airflow/example_dags/example_params_trigger_ui.py
[2025-04-21T17:13:00.566-0400] {logging_mixin.py:188} INFO - [2025-04-21T17:13:00.566-0400] {dag.py:3036} INFO - Sync 1 DAGs
[2025-04-21T17:13:00.572-0400] {logging_mixin.py:188} INFO - [2025-04-21T17:13:00.572-0400] {dag.py:3823} INFO - Setting next_dagrun for example_params_trigger_ui to None, run_after=None
[2025-04-21T17:13:00.586-0400] {processor.py:183} INFO - Processing /Users/gaurav/Documents/Breast-Cancer-ML-Pipeline/venv/lib/python3.9/site-packages/airflow/example_dags/example_params_trigger_ui.py took 0.147 seconds
[2025-04-21T17:14:15.578-0400] {processor.py:161} INFO - Started process (PID=85967) to work on /Users/gaurav/Documents/Breast-Cancer-ML-Pipeline/venv/lib/python3.9/site-packages/airflow/example_dags/example_params_trigger_ui.py
[2025-04-21T17:14:15.580-0400] {processor.py:830} INFO - Processing file /Users/gaurav/Documents/Breast-Cancer-ML-Pipeline/venv/lib/python3.9/site-packages/airflow/example_dags/example_params_trigger_ui.py for tasks to queue
[2025-04-21T17:14:15.580-0400] {logging_mixin.py:188} INFO - [2025-04-21T17:14:15.580-0400] {dagbag.py:538} INFO - Filling up the DagBag from /Users/gaurav/Documents/Breast-Cancer-ML-Pipeline/venv/lib/python3.9/site-packages/airflow/example_dags/example_params_trigger_ui.py
[2025-04-21T17:14:15.610-0400] {processor.py:840} INFO - DAG(s) 'example_params_trigger_ui' retrieved from /Users/gaurav/Documents/Breast-Cancer-ML-Pipeline/venv/lib/python3.9/site-packages/airflow/example_dags/example_params_trigger_ui.py
[2025-04-21T17:14:15.689-0400] {logging_mixin.py:188} INFO - [2025-04-21T17:14:15.689-0400] {dag.py:3036} INFO - Sync 1 DAGs
[2025-04-21T17:14:15.695-0400] {logging_mixin.py:188} INFO - [2025-04-21T17:14:15.695-0400] {dag.py:3823} INFO - Setting next_dagrun for example_params_trigger_ui to None, run_after=None
[2025-04-21T17:14:15.708-0400] {processor.py:183} INFO - Processing /Users/gaurav/Documents/Breast-Cancer-ML-Pipeline/venv/lib/python3.9/site-packages/airflow/example_dags/example_params_trigger_ui.py took 0.131 seconds
[2025-04-21T17:15:27.332-0400] {processor.py:161} INFO - Started process (PID=86048) to work on /Users/gaurav/Documents/Breast-Cancer-ML-Pipeline/venv/lib/python3.9/site-packages/airflow/example_dags/example_params_trigger_ui.py
[2025-04-21T17:15:27.333-0400] {processor.py:830} INFO - Processing file /Users/gaurav/Documents/Breast-Cancer-ML-Pipeline/venv/lib/python3.9/site-packages/airflow/example_dags/example_params_trigger_ui.py for tasks to queue
[2025-04-21T17:15:27.333-0400] {logging_mixin.py:188} INFO - [2025-04-21T17:15:27.333-0400] {dagbag.py:538} INFO - Filling up the DagBag from /Users/gaurav/Documents/Breast-Cancer-ML-Pipeline/venv/lib/python3.9/site-packages/airflow/example_dags/example_params_trigger_ui.py
[2025-04-21T17:15:27.362-0400] {processor.py:840} INFO - DAG(s) 'example_params_trigger_ui' retrieved from /Users/gaurav/Documents/Breast-Cancer-ML-Pipeline/venv/lib/python3.9/site-packages/airflow/example_dags/example_params_trigger_ui.py
[2025-04-21T17:15:27.447-0400] {logging_mixin.py:188} INFO - [2025-04-21T17:15:27.446-0400] {dag.py:3036} INFO - Sync 1 DAGs
[2025-04-21T17:15:27.455-0400] {logging_mixin.py:188} INFO - [2025-04-21T17:15:27.454-0400] {dag.py:3823} INFO - Setting next_dagrun for example_params_trigger_ui to None, run_after=None
[2025-04-21T17:15:27.470-0400] {processor.py:183} INFO - Processing /Users/gaurav/Documents/Breast-Cancer-ML-Pipeline/venv/lib/python3.9/site-packages/airflow/example_dags/example_params_trigger_ui.py took 0.139 seconds
[2025-04-21T17:16:40.848-0400] {processor.py:161} INFO - Started process (PID=86134) to work on /Users/gaurav/Documents/Breast-Cancer-ML-Pipeline/venv/lib/python3.9/site-packages/airflow/example_dags/example_params_trigger_ui.py
[2025-04-21T17:16:40.850-0400] {processor.py:830} INFO - Processing file /Users/gaurav/Documents/Breast-Cancer-ML-Pipeline/venv/lib/python3.9/site-packages/airflow/example_dags/example_params_trigger_ui.py for tasks to queue
[2025-04-21T17:16:40.851-0400] {logging_mixin.py:188} INFO - [2025-04-21T17:16:40.851-0400] {dagbag.py:538} INFO - Filling up the DagBag from /Users/gaurav/Documents/Breast-Cancer-ML-Pipeline/venv/lib/python3.9/site-packages/airflow/example_dags/example_params_trigger_ui.py
[2025-04-21T17:16:40.879-0400] {processor.py:840} INFO - DAG(s) 'example_params_trigger_ui' retrieved from /Users/gaurav/Documents/Breast-Cancer-ML-Pipeline/venv/lib/python3.9/site-packages/airflow/example_dags/example_params_trigger_ui.py
[2025-04-21T17:16:40.958-0400] {logging_mixin.py:188} INFO - [2025-04-21T17:16:40.958-0400] {dag.py:3036} INFO - Sync 1 DAGs
[2025-04-21T17:16:40.965-0400] {logging_mixin.py:188} INFO - [2025-04-21T17:16:40.965-0400] {dag.py:3823} INFO - Setting next_dagrun for example_params_trigger_ui to None, run_after=None
[2025-04-21T17:16:40.978-0400] {processor.py:183} INFO - Processing /Users/gaurav/Documents/Breast-Cancer-ML-Pipeline/venv/lib/python3.9/site-packages/airflow/example_dags/example_params_trigger_ui.py took 0.131 seconds
[2025-04-21T17:17:54.864-0400] {processor.py:161} INFO - Started process (PID=86241) to work on /Users/gaurav/Documents/Breast-Cancer-ML-Pipeline/venv/lib/python3.9/site-packages/airflow/example_dags/example_params_trigger_ui.py
[2025-04-21T17:17:54.866-0400] {processor.py:830} INFO - Processing file /Users/gaurav/Documents/Breast-Cancer-ML-Pipeline/venv/lib/python3.9/site-packages/airflow/example_dags/example_params_trigger_ui.py for tasks to queue
[2025-04-21T17:17:54.867-0400] {logging_mixin.py:188} INFO - [2025-04-21T17:17:54.867-0400] {dagbag.py:538} INFO - Filling up the DagBag from /Users/gaurav/Documents/Breast-Cancer-ML-Pipeline/venv/lib/python3.9/site-packages/airflow/example_dags/example_params_trigger_ui.py
[2025-04-21T17:17:54.897-0400] {processor.py:840} INFO - DAG(s) 'example_params_trigger_ui' retrieved from /Users/gaurav/Documents/Breast-Cancer-ML-Pipeline/venv/lib/python3.9/site-packages/airflow/example_dags/example_params_trigger_ui.py
[2025-04-21T17:17:54.977-0400] {logging_mixin.py:188} INFO - [2025-04-21T17:17:54.977-0400] {dag.py:3036} INFO - Sync 1 DAGs
[2025-04-21T17:17:54.983-0400] {logging_mixin.py:188} INFO - [2025-04-21T17:17:54.983-0400] {dag.py:3823} INFO - Setting next_dagrun for example_params_trigger_ui to None, run_after=None
[2025-04-21T17:17:54.996-0400] {processor.py:183} INFO - Processing /Users/gaurav/Documents/Breast-Cancer-ML-Pipeline/venv/lib/python3.9/site-packages/airflow/example_dags/example_params_trigger_ui.py took 0.133 seconds
[2025-04-21T17:19:11.600-0400] {processor.py:161} INFO - Started process (PID=86338) to work on /Users/gaurav/Documents/Breast-Cancer-ML-Pipeline/venv/lib/python3.9/site-packages/airflow/example_dags/example_params_trigger_ui.py
[2025-04-21T17:19:11.602-0400] {processor.py:830} INFO - Processing file /Users/gaurav/Documents/Breast-Cancer-ML-Pipeline/venv/lib/python3.9/site-packages/airflow/example_dags/example_params_trigger_ui.py for tasks to queue
[2025-04-21T17:19:11.602-0400] {logging_mixin.py:188} INFO - [2025-04-21T17:19:11.602-0400] {dagbag.py:538} INFO - Filling up the DagBag from /Users/gaurav/Documents/Breast-Cancer-ML-Pipeline/venv/lib/python3.9/site-packages/airflow/example_dags/example_params_trigger_ui.py
[2025-04-21T17:19:11.632-0400] {processor.py:840} INFO - DAG(s) 'example_params_trigger_ui' retrieved from /Users/gaurav/Documents/Breast-Cancer-ML-Pipeline/venv/lib/python3.9/site-packages/airflow/example_dags/example_params_trigger_ui.py
[2025-04-21T17:19:11.719-0400] {logging_mixin.py:188} INFO - [2025-04-21T17:19:11.719-0400] {dag.py:3036} INFO - Sync 1 DAGs
[2025-04-21T17:19:11.726-0400] {logging_mixin.py:188} INFO - [2025-04-21T17:19:11.725-0400] {dag.py:3823} INFO - Setting next_dagrun for example_params_trigger_ui to None, run_after=None
[2025-04-21T17:19:11.740-0400] {processor.py:183} INFO - Processing /Users/gaurav/Documents/Breast-Cancer-ML-Pipeline/venv/lib/python3.9/site-packages/airflow/example_dags/example_params_trigger_ui.py took 0.140 seconds
[2025-04-21T17:20:27.349-0400] {processor.py:161} INFO - Started process (PID=86430) to work on /Users/gaurav/Documents/Breast-Cancer-ML-Pipeline/venv/lib/python3.9/site-packages/airflow/example_dags/example_params_trigger_ui.py
[2025-04-21T17:20:27.350-0400] {processor.py:830} INFO - Processing file /Users/gaurav/Documents/Breast-Cancer-ML-Pipeline/venv/lib/python3.9/site-packages/airflow/example_dags/example_params_trigger_ui.py for tasks to queue
[2025-04-21T17:20:27.351-0400] {logging_mixin.py:188} INFO - [2025-04-21T17:20:27.351-0400] {dagbag.py:538} INFO - Filling up the DagBag from /Users/gaurav/Documents/Breast-Cancer-ML-Pipeline/venv/lib/python3.9/site-packages/airflow/example_dags/example_params_trigger_ui.py
[2025-04-21T17:20:27.381-0400] {processor.py:840} INFO - DAG(s) 'example_params_trigger_ui' retrieved from /Users/gaurav/Documents/Breast-Cancer-ML-Pipeline/venv/lib/python3.9/site-packages/airflow/example_dags/example_params_trigger_ui.py
[2025-04-21T17:20:27.466-0400] {logging_mixin.py:188} INFO - [2025-04-21T17:20:27.466-0400] {dag.py:3036} INFO - Sync 1 DAGs
[2025-04-21T17:20:27.473-0400] {logging_mixin.py:188} INFO - [2025-04-21T17:20:27.473-0400] {dag.py:3823} INFO - Setting next_dagrun for example_params_trigger_ui to None, run_after=None
[2025-04-21T17:20:27.490-0400] {processor.py:183} INFO - Processing /Users/gaurav/Documents/Breast-Cancer-ML-Pipeline/venv/lib/python3.9/site-packages/airflow/example_dags/example_params_trigger_ui.py took 0.141 seconds
[2025-04-21T17:22:15.816-0400] {processor.py:161} INFO - Started process (PID=86531) to work on /Users/gaurav/Documents/Breast-Cancer-ML-Pipeline/venv/lib/python3.9/site-packages/airflow/example_dags/example_params_trigger_ui.py
[2025-04-21T17:22:15.817-0400] {processor.py:830} INFO - Processing file /Users/gaurav/Documents/Breast-Cancer-ML-Pipeline/venv/lib/python3.9/site-packages/airflow/example_dags/example_params_trigger_ui.py for tasks to queue
[2025-04-21T17:22:15.818-0400] {logging_mixin.py:188} INFO - [2025-04-21T17:22:15.818-0400] {dagbag.py:538} INFO - Filling up the DagBag from /Users/gaurav/Documents/Breast-Cancer-ML-Pipeline/venv/lib/python3.9/site-packages/airflow/example_dags/example_params_trigger_ui.py
[2025-04-21T17:22:15.847-0400] {processor.py:840} INFO - DAG(s) 'example_params_trigger_ui' retrieved from /Users/gaurav/Documents/Breast-Cancer-ML-Pipeline/venv/lib/python3.9/site-packages/airflow/example_dags/example_params_trigger_ui.py
[2025-04-21T17:22:15.980-0400] {logging_mixin.py:188} INFO - [2025-04-21T17:22:15.980-0400] {dag.py:3036} INFO - Sync 1 DAGs
[2025-04-21T17:22:15.986-0400] {logging_mixin.py:188} INFO - [2025-04-21T17:22:15.986-0400] {dag.py:3823} INFO - Setting next_dagrun for example_params_trigger_ui to None, run_after=None
[2025-04-21T17:22:15.999-0400] {processor.py:183} INFO - Processing /Users/gaurav/Documents/Breast-Cancer-ML-Pipeline/venv/lib/python3.9/site-packages/airflow/example_dags/example_params_trigger_ui.py took 0.183 seconds
[2025-04-21T17:23:33.282-0400] {processor.py:161} INFO - Started process (PID=86614) to work on /Users/gaurav/Documents/Breast-Cancer-ML-Pipeline/venv/lib/python3.9/site-packages/airflow/example_dags/example_params_trigger_ui.py
[2025-04-21T17:23:33.284-0400] {processor.py:830} INFO - Processing file /Users/gaurav/Documents/Breast-Cancer-ML-Pipeline/venv/lib/python3.9/site-packages/airflow/example_dags/example_params_trigger_ui.py for tasks to queue
[2025-04-21T17:23:33.285-0400] {logging_mixin.py:188} INFO - [2025-04-21T17:23:33.284-0400] {dagbag.py:538} INFO - Filling up the DagBag from /Users/gaurav/Documents/Breast-Cancer-ML-Pipeline/venv/lib/python3.9/site-packages/airflow/example_dags/example_params_trigger_ui.py
[2025-04-21T17:23:33.318-0400] {processor.py:840} INFO - DAG(s) 'example_params_trigger_ui' retrieved from /Users/gaurav/Documents/Breast-Cancer-ML-Pipeline/venv/lib/python3.9/site-packages/airflow/example_dags/example_params_trigger_ui.py
[2025-04-21T17:23:33.399-0400] {logging_mixin.py:188} INFO - [2025-04-21T17:23:33.399-0400] {dag.py:3036} INFO - Sync 1 DAGs
[2025-04-21T17:23:33.405-0400] {logging_mixin.py:188} INFO - [2025-04-21T17:23:33.405-0400] {dag.py:3823} INFO - Setting next_dagrun for example_params_trigger_ui to None, run_after=None
[2025-04-21T17:23:33.418-0400] {processor.py:183} INFO - Processing /Users/gaurav/Documents/Breast-Cancer-ML-Pipeline/venv/lib/python3.9/site-packages/airflow/example_dags/example_params_trigger_ui.py took 0.137 seconds
[2025-04-21T17:24:50.595-0400] {processor.py:161} INFO - Started process (PID=86708) to work on /Users/gaurav/Documents/Breast-Cancer-ML-Pipeline/venv/lib/python3.9/site-packages/airflow/example_dags/example_params_trigger_ui.py
[2025-04-21T17:24:50.597-0400] {processor.py:830} INFO - Processing file /Users/gaurav/Documents/Breast-Cancer-ML-Pipeline/venv/lib/python3.9/site-packages/airflow/example_dags/example_params_trigger_ui.py for tasks to queue
[2025-04-21T17:24:50.597-0400] {logging_mixin.py:188} INFO - [2025-04-21T17:24:50.597-0400] {dagbag.py:538} INFO - Filling up the DagBag from /Users/gaurav/Documents/Breast-Cancer-ML-Pipeline/venv/lib/python3.9/site-packages/airflow/example_dags/example_params_trigger_ui.py
[2025-04-21T17:24:50.629-0400] {processor.py:840} INFO - DAG(s) 'example_params_trigger_ui' retrieved from /Users/gaurav/Documents/Breast-Cancer-ML-Pipeline/venv/lib/python3.9/site-packages/airflow/example_dags/example_params_trigger_ui.py
[2025-04-21T17:24:50.715-0400] {logging_mixin.py:188} INFO - [2025-04-21T17:24:50.714-0400] {dag.py:3036} INFO - Sync 1 DAGs
[2025-04-21T17:24:50.721-0400] {logging_mixin.py:188} INFO - [2025-04-21T17:24:50.721-0400] {dag.py:3823} INFO - Setting next_dagrun for example_params_trigger_ui to None, run_after=None
[2025-04-21T17:24:50.738-0400] {processor.py:183} INFO - Processing /Users/gaurav/Documents/Breast-Cancer-ML-Pipeline/venv/lib/python3.9/site-packages/airflow/example_dags/example_params_trigger_ui.py took 0.144 seconds
[2025-04-21T17:26:07.971-0400] {processor.py:161} INFO - Started process (PID=86824) to work on /Users/gaurav/Documents/Breast-Cancer-ML-Pipeline/venv/lib/python3.9/site-packages/airflow/example_dags/example_params_trigger_ui.py
[2025-04-21T17:26:07.973-0400] {processor.py:830} INFO - Processing file /Users/gaurav/Documents/Breast-Cancer-ML-Pipeline/venv/lib/python3.9/site-packages/airflow/example_dags/example_params_trigger_ui.py for tasks to queue
[2025-04-21T17:26:07.973-0400] {logging_mixin.py:188} INFO - [2025-04-21T17:26:07.973-0400] {dagbag.py:538} INFO - Filling up the DagBag from /Users/gaurav/Documents/Breast-Cancer-ML-Pipeline/venv/lib/python3.9/site-packages/airflow/example_dags/example_params_trigger_ui.py
[2025-04-21T17:26:08.003-0400] {processor.py:840} INFO - DAG(s) 'example_params_trigger_ui' retrieved from /Users/gaurav/Documents/Breast-Cancer-ML-Pipeline/venv/lib/python3.9/site-packages/airflow/example_dags/example_params_trigger_ui.py
[2025-04-21T17:26:08.083-0400] {logging_mixin.py:188} INFO - [2025-04-21T17:26:08.083-0400] {dag.py:3036} INFO - Sync 1 DAGs
[2025-04-21T17:26:08.089-0400] {logging_mixin.py:188} INFO - [2025-04-21T17:26:08.089-0400] {dag.py:3823} INFO - Setting next_dagrun for example_params_trigger_ui to None, run_after=None
[2025-04-21T17:26:08.102-0400] {processor.py:183} INFO - Processing /Users/gaurav/Documents/Breast-Cancer-ML-Pipeline/venv/lib/python3.9/site-packages/airflow/example_dags/example_params_trigger_ui.py took 0.132 seconds
[2025-04-21T17:27:24.269-0400] {processor.py:161} INFO - Started process (PID=86932) to work on /Users/gaurav/Documents/Breast-Cancer-ML-Pipeline/venv/lib/python3.9/site-packages/airflow/example_dags/example_params_trigger_ui.py
[2025-04-21T17:27:24.271-0400] {processor.py:830} INFO - Processing file /Users/gaurav/Documents/Breast-Cancer-ML-Pipeline/venv/lib/python3.9/site-packages/airflow/example_dags/example_params_trigger_ui.py for tasks to queue
[2025-04-21T17:27:24.272-0400] {logging_mixin.py:188} INFO - [2025-04-21T17:27:24.271-0400] {dagbag.py:538} INFO - Filling up the DagBag from /Users/gaurav/Documents/Breast-Cancer-ML-Pipeline/venv/lib/python3.9/site-packages/airflow/example_dags/example_params_trigger_ui.py
[2025-04-21T17:27:24.302-0400] {processor.py:840} INFO - DAG(s) 'example_params_trigger_ui' retrieved from /Users/gaurav/Documents/Breast-Cancer-ML-Pipeline/venv/lib/python3.9/site-packages/airflow/example_dags/example_params_trigger_ui.py
[2025-04-21T17:27:24.389-0400] {logging_mixin.py:188} INFO - [2025-04-21T17:27:24.389-0400] {dag.py:3036} INFO - Sync 1 DAGs
[2025-04-21T17:27:24.396-0400] {logging_mixin.py:188} INFO - [2025-04-21T17:27:24.396-0400] {dag.py:3823} INFO - Setting next_dagrun for example_params_trigger_ui to None, run_after=None
[2025-04-21T17:27:24.410-0400] {processor.py:183} INFO - Processing /Users/gaurav/Documents/Breast-Cancer-ML-Pipeline/venv/lib/python3.9/site-packages/airflow/example_dags/example_params_trigger_ui.py took 0.141 seconds
[2025-04-21T17:29:41.881-0400] {processor.py:161} INFO - Started process (PID=87129) to work on /Users/gaurav/Documents/Breast-Cancer-ML-Pipeline/venv/lib/python3.9/site-packages/airflow/example_dags/example_params_trigger_ui.py
[2025-04-21T17:29:41.882-0400] {processor.py:830} INFO - Processing file /Users/gaurav/Documents/Breast-Cancer-ML-Pipeline/venv/lib/python3.9/site-packages/airflow/example_dags/example_params_trigger_ui.py for tasks to queue
[2025-04-21T17:29:41.883-0400] {logging_mixin.py:188} INFO - [2025-04-21T17:29:41.883-0400] {dagbag.py:538} INFO - Filling up the DagBag from /Users/gaurav/Documents/Breast-Cancer-ML-Pipeline/venv/lib/python3.9/site-packages/airflow/example_dags/example_params_trigger_ui.py
[2025-04-21T17:29:41.913-0400] {processor.py:840} INFO - DAG(s) 'example_params_trigger_ui' retrieved from /Users/gaurav/Documents/Breast-Cancer-ML-Pipeline/venv/lib/python3.9/site-packages/airflow/example_dags/example_params_trigger_ui.py
[2025-04-21T17:29:41.995-0400] {logging_mixin.py:188} INFO - [2025-04-21T17:29:41.995-0400] {dag.py:3036} INFO - Sync 1 DAGs
[2025-04-21T17:29:42.001-0400] {logging_mixin.py:188} INFO - [2025-04-21T17:29:42.001-0400] {dag.py:3823} INFO - Setting next_dagrun for example_params_trigger_ui to None, run_after=None
[2025-04-21T17:29:42.013-0400] {processor.py:183} INFO - Processing /Users/gaurav/Documents/Breast-Cancer-ML-Pipeline/venv/lib/python3.9/site-packages/airflow/example_dags/example_params_trigger_ui.py took 0.133 seconds
[2025-04-21T17:30:58.721-0400] {processor.py:161} INFO - Started process (PID=87215) to work on /Users/gaurav/Documents/Breast-Cancer-ML-Pipeline/venv/lib/python3.9/site-packages/airflow/example_dags/example_params_trigger_ui.py
[2025-04-21T17:30:58.723-0400] {processor.py:830} INFO - Processing file /Users/gaurav/Documents/Breast-Cancer-ML-Pipeline/venv/lib/python3.9/site-packages/airflow/example_dags/example_params_trigger_ui.py for tasks to queue
[2025-04-21T17:30:58.723-0400] {logging_mixin.py:188} INFO - [2025-04-21T17:30:58.723-0400] {dagbag.py:538} INFO - Filling up the DagBag from /Users/gaurav/Documents/Breast-Cancer-ML-Pipeline/venv/lib/python3.9/site-packages/airflow/example_dags/example_params_trigger_ui.py
[2025-04-21T17:30:58.753-0400] {processor.py:840} INFO - DAG(s) 'example_params_trigger_ui' retrieved from /Users/gaurav/Documents/Breast-Cancer-ML-Pipeline/venv/lib/python3.9/site-packages/airflow/example_dags/example_params_trigger_ui.py
[2025-04-21T17:30:58.834-0400] {logging_mixin.py:188} INFO - [2025-04-21T17:30:58.834-0400] {dag.py:3036} INFO - Sync 1 DAGs
[2025-04-21T17:30:58.840-0400] {logging_mixin.py:188} INFO - [2025-04-21T17:30:58.840-0400] {dag.py:3823} INFO - Setting next_dagrun for example_params_trigger_ui to None, run_after=None
[2025-04-21T17:30:58.853-0400] {processor.py:183} INFO - Processing /Users/gaurav/Documents/Breast-Cancer-ML-Pipeline/venv/lib/python3.9/site-packages/airflow/example_dags/example_params_trigger_ui.py took 0.133 seconds
[2025-04-21T17:37:22.927-0400] {processor.py:161} INFO - Started process (PID=87684) to work on /Users/gaurav/Documents/Breast-Cancer-ML-Pipeline/venv/lib/python3.9/site-packages/airflow/example_dags/example_params_trigger_ui.py
[2025-04-21T17:37:22.928-0400] {processor.py:830} INFO - Processing file /Users/gaurav/Documents/Breast-Cancer-ML-Pipeline/venv/lib/python3.9/site-packages/airflow/example_dags/example_params_trigger_ui.py for tasks to queue
[2025-04-21T17:37:22.929-0400] {logging_mixin.py:188} INFO - [2025-04-21T17:37:22.929-0400] {dagbag.py:538} INFO - Filling up the DagBag from /Users/gaurav/Documents/Breast-Cancer-ML-Pipeline/venv/lib/python3.9/site-packages/airflow/example_dags/example_params_trigger_ui.py
[2025-04-21T17:37:22.962-0400] {processor.py:840} INFO - DAG(s) 'example_params_trigger_ui' retrieved from /Users/gaurav/Documents/Breast-Cancer-ML-Pipeline/venv/lib/python3.9/site-packages/airflow/example_dags/example_params_trigger_ui.py
[2025-04-21T17:37:23.104-0400] {logging_mixin.py:188} INFO - [2025-04-21T17:37:23.104-0400] {dag.py:3036} INFO - Sync 1 DAGs
[2025-04-21T17:37:23.110-0400] {logging_mixin.py:188} INFO - [2025-04-21T17:37:23.110-0400] {dag.py:3823} INFO - Setting next_dagrun for example_params_trigger_ui to None, run_after=None
[2025-04-21T17:37:23.123-0400] {processor.py:183} INFO - Processing /Users/gaurav/Documents/Breast-Cancer-ML-Pipeline/venv/lib/python3.9/site-packages/airflow/example_dags/example_params_trigger_ui.py took 0.197 seconds
[2025-04-21T17:39:11.606-0400] {processor.py:161} INFO - Started process (PID=87885) to work on /Users/gaurav/Documents/Breast-Cancer-ML-Pipeline/venv/lib/python3.9/site-packages/airflow/example_dags/example_params_trigger_ui.py
[2025-04-21T17:39:11.608-0400] {processor.py:830} INFO - Processing file /Users/gaurav/Documents/Breast-Cancer-ML-Pipeline/venv/lib/python3.9/site-packages/airflow/example_dags/example_params_trigger_ui.py for tasks to queue
[2025-04-21T17:39:11.608-0400] {logging_mixin.py:188} INFO - [2025-04-21T17:39:11.608-0400] {dagbag.py:538} INFO - Filling up the DagBag from /Users/gaurav/Documents/Breast-Cancer-ML-Pipeline/venv/lib/python3.9/site-packages/airflow/example_dags/example_params_trigger_ui.py
[2025-04-21T17:39:11.637-0400] {processor.py:840} INFO - DAG(s) 'example_params_trigger_ui' retrieved from /Users/gaurav/Documents/Breast-Cancer-ML-Pipeline/venv/lib/python3.9/site-packages/airflow/example_dags/example_params_trigger_ui.py
[2025-04-21T17:39:11.717-0400] {logging_mixin.py:188} INFO - [2025-04-21T17:39:11.716-0400] {dag.py:3036} INFO - Sync 1 DAGs
[2025-04-21T17:39:11.723-0400] {logging_mixin.py:188} INFO - [2025-04-21T17:39:11.723-0400] {dag.py:3823} INFO - Setting next_dagrun for example_params_trigger_ui to None, run_after=None
[2025-04-21T17:39:11.736-0400] {processor.py:183} INFO - Processing /Users/gaurav/Documents/Breast-Cancer-ML-Pipeline/venv/lib/python3.9/site-packages/airflow/example_dags/example_params_trigger_ui.py took 0.131 seconds
[2025-04-21T17:41:42.378-0400] {processor.py:161} INFO - Started process (PID=88117) to work on /Users/gaurav/Documents/Breast-Cancer-ML-Pipeline/venv/lib/python3.9/site-packages/airflow/example_dags/example_params_trigger_ui.py
[2025-04-21T17:41:42.379-0400] {processor.py:830} INFO - Processing file /Users/gaurav/Documents/Breast-Cancer-ML-Pipeline/venv/lib/python3.9/site-packages/airflow/example_dags/example_params_trigger_ui.py for tasks to queue
[2025-04-21T17:41:42.380-0400] {logging_mixin.py:188} INFO - [2025-04-21T17:41:42.380-0400] {dagbag.py:538} INFO - Filling up the DagBag from /Users/gaurav/Documents/Breast-Cancer-ML-Pipeline/venv/lib/python3.9/site-packages/airflow/example_dags/example_params_trigger_ui.py
[2025-04-21T17:41:42.409-0400] {processor.py:840} INFO - DAG(s) 'example_params_trigger_ui' retrieved from /Users/gaurav/Documents/Breast-Cancer-ML-Pipeline/venv/lib/python3.9/site-packages/airflow/example_dags/example_params_trigger_ui.py
[2025-04-21T17:41:42.490-0400] {logging_mixin.py:188} INFO - [2025-04-21T17:41:42.489-0400] {dag.py:3036} INFO - Sync 1 DAGs
[2025-04-21T17:41:42.497-0400] {logging_mixin.py:188} INFO - [2025-04-21T17:41:42.497-0400] {dag.py:3823} INFO - Setting next_dagrun for example_params_trigger_ui to None, run_after=None
[2025-04-21T17:41:42.509-0400] {processor.py:183} INFO - Processing /Users/gaurav/Documents/Breast-Cancer-ML-Pipeline/venv/lib/python3.9/site-packages/airflow/example_dags/example_params_trigger_ui.py took 0.132 seconds
[2025-04-21T17:42:55.905-0400] {processor.py:161} INFO - Started process (PID=88201) to work on /Users/gaurav/Documents/Breast-Cancer-ML-Pipeline/venv/lib/python3.9/site-packages/airflow/example_dags/example_params_trigger_ui.py
[2025-04-21T17:42:55.906-0400] {processor.py:830} INFO - Processing file /Users/gaurav/Documents/Breast-Cancer-ML-Pipeline/venv/lib/python3.9/site-packages/airflow/example_dags/example_params_trigger_ui.py for tasks to queue
[2025-04-21T17:42:55.907-0400] {logging_mixin.py:188} INFO - [2025-04-21T17:42:55.907-0400] {dagbag.py:538} INFO - Filling up the DagBag from /Users/gaurav/Documents/Breast-Cancer-ML-Pipeline/venv/lib/python3.9/site-packages/airflow/example_dags/example_params_trigger_ui.py
[2025-04-21T17:42:55.936-0400] {processor.py:840} INFO - DAG(s) 'example_params_trigger_ui' retrieved from /Users/gaurav/Documents/Breast-Cancer-ML-Pipeline/venv/lib/python3.9/site-packages/airflow/example_dags/example_params_trigger_ui.py
[2025-04-21T17:42:56.016-0400] {logging_mixin.py:188} INFO - [2025-04-21T17:42:56.016-0400] {dag.py:3036} INFO - Sync 1 DAGs
[2025-04-21T17:42:56.022-0400] {logging_mixin.py:188} INFO - [2025-04-21T17:42:56.022-0400] {dag.py:3823} INFO - Setting next_dagrun for example_params_trigger_ui to None, run_after=None
[2025-04-21T17:42:56.035-0400] {processor.py:183} INFO - Processing /Users/gaurav/Documents/Breast-Cancer-ML-Pipeline/venv/lib/python3.9/site-packages/airflow/example_dags/example_params_trigger_ui.py took 0.131 seconds
[2025-04-21T17:44:07.767-0400] {processor.py:161} INFO - Started process (PID=88288) to work on /Users/gaurav/Documents/Breast-Cancer-ML-Pipeline/venv/lib/python3.9/site-packages/airflow/example_dags/example_params_trigger_ui.py
[2025-04-21T17:44:07.769-0400] {processor.py:830} INFO - Processing file /Users/gaurav/Documents/Breast-Cancer-ML-Pipeline/venv/lib/python3.9/site-packages/airflow/example_dags/example_params_trigger_ui.py for tasks to queue
[2025-04-21T17:44:07.770-0400] {logging_mixin.py:188} INFO - [2025-04-21T17:44:07.770-0400] {dagbag.py:538} INFO - Filling up the DagBag from /Users/gaurav/Documents/Breast-Cancer-ML-Pipeline/venv/lib/python3.9/site-packages/airflow/example_dags/example_params_trigger_ui.py
[2025-04-21T17:44:07.799-0400] {processor.py:840} INFO - DAG(s) 'example_params_trigger_ui' retrieved from /Users/gaurav/Documents/Breast-Cancer-ML-Pipeline/venv/lib/python3.9/site-packages/airflow/example_dags/example_params_trigger_ui.py
[2025-04-21T17:44:07.880-0400] {logging_mixin.py:188} INFO - [2025-04-21T17:44:07.880-0400] {dag.py:3036} INFO - Sync 1 DAGs
[2025-04-21T17:44:07.886-0400] {logging_mixin.py:188} INFO - [2025-04-21T17:44:07.886-0400] {dag.py:3823} INFO - Setting next_dagrun for example_params_trigger_ui to None, run_after=None
[2025-04-21T17:44:07.899-0400] {processor.py:183} INFO - Processing /Users/gaurav/Documents/Breast-Cancer-ML-Pipeline/venv/lib/python3.9/site-packages/airflow/example_dags/example_params_trigger_ui.py took 0.133 seconds
[2025-04-21T17:45:15.097-0400] {processor.py:161} INFO - Started process (PID=88382) to work on /Users/gaurav/Documents/Breast-Cancer-ML-Pipeline/venv/lib/python3.9/site-packages/airflow/example_dags/example_params_trigger_ui.py
[2025-04-21T17:45:15.099-0400] {processor.py:830} INFO - Processing file /Users/gaurav/Documents/Breast-Cancer-ML-Pipeline/venv/lib/python3.9/site-packages/airflow/example_dags/example_params_trigger_ui.py for tasks to queue
[2025-04-21T17:45:15.099-0400] {logging_mixin.py:188} INFO - [2025-04-21T17:45:15.099-0400] {dagbag.py:538} INFO - Filling up the DagBag from /Users/gaurav/Documents/Breast-Cancer-ML-Pipeline/venv/lib/python3.9/site-packages/airflow/example_dags/example_params_trigger_ui.py
[2025-04-21T17:45:15.124-0400] {processor.py:840} INFO - DAG(s) 'example_params_trigger_ui' retrieved from /Users/gaurav/Documents/Breast-Cancer-ML-Pipeline/venv/lib/python3.9/site-packages/airflow/example_dags/example_params_trigger_ui.py
[2025-04-21T17:45:15.186-0400] {logging_mixin.py:188} INFO - [2025-04-21T17:45:15.186-0400] {dag.py:3036} INFO - Sync 1 DAGs
[2025-04-21T17:45:15.191-0400] {logging_mixin.py:188} INFO - [2025-04-21T17:45:15.190-0400] {dag.py:3823} INFO - Setting next_dagrun for example_params_trigger_ui to None, run_after=None
[2025-04-21T17:45:15.201-0400] {processor.py:183} INFO - Processing /Users/gaurav/Documents/Breast-Cancer-ML-Pipeline/venv/lib/python3.9/site-packages/airflow/example_dags/example_params_trigger_ui.py took 0.104 seconds
[2025-04-21T17:46:18.828-0400] {processor.py:161} INFO - Started process (PID=88526) to work on /Users/gaurav/Documents/Breast-Cancer-ML-Pipeline/venv/lib/python3.9/site-packages/airflow/example_dags/example_params_trigger_ui.py
[2025-04-21T17:46:18.829-0400] {processor.py:830} INFO - Processing file /Users/gaurav/Documents/Breast-Cancer-ML-Pipeline/venv/lib/python3.9/site-packages/airflow/example_dags/example_params_trigger_ui.py for tasks to queue
[2025-04-21T17:46:18.830-0400] {logging_mixin.py:188} INFO - [2025-04-21T17:46:18.830-0400] {dagbag.py:538} INFO - Filling up the DagBag from /Users/gaurav/Documents/Breast-Cancer-ML-Pipeline/venv/lib/python3.9/site-packages/airflow/example_dags/example_params_trigger_ui.py
[2025-04-21T17:46:18.854-0400] {processor.py:840} INFO - DAG(s) 'example_params_trigger_ui' retrieved from /Users/gaurav/Documents/Breast-Cancer-ML-Pipeline/venv/lib/python3.9/site-packages/airflow/example_dags/example_params_trigger_ui.py
[2025-04-21T17:46:18.923-0400] {logging_mixin.py:188} INFO - [2025-04-21T17:46:18.923-0400] {dag.py:3036} INFO - Sync 1 DAGs
[2025-04-21T17:46:18.928-0400] {logging_mixin.py:188} INFO - [2025-04-21T17:46:18.928-0400] {dag.py:3823} INFO - Setting next_dagrun for example_params_trigger_ui to None, run_after=None
[2025-04-21T17:46:18.940-0400] {processor.py:183} INFO - Processing /Users/gaurav/Documents/Breast-Cancer-ML-Pipeline/venv/lib/python3.9/site-packages/airflow/example_dags/example_params_trigger_ui.py took 0.112 seconds
[2025-04-21T17:47:17.608-0400] {processor.py:161} INFO - Started process (PID=88599) to work on /Users/gaurav/Documents/Breast-Cancer-ML-Pipeline/venv/lib/python3.9/site-packages/airflow/example_dags/example_params_trigger_ui.py
[2025-04-21T17:47:17.609-0400] {processor.py:830} INFO - Processing file /Users/gaurav/Documents/Breast-Cancer-ML-Pipeline/venv/lib/python3.9/site-packages/airflow/example_dags/example_params_trigger_ui.py for tasks to queue
[2025-04-21T17:47:17.609-0400] {logging_mixin.py:188} INFO - [2025-04-21T17:47:17.609-0400] {dagbag.py:538} INFO - Filling up the DagBag from /Users/gaurav/Documents/Breast-Cancer-ML-Pipeline/venv/lib/python3.9/site-packages/airflow/example_dags/example_params_trigger_ui.py
[2025-04-21T17:47:17.632-0400] {processor.py:840} INFO - DAG(s) 'example_params_trigger_ui' retrieved from /Users/gaurav/Documents/Breast-Cancer-ML-Pipeline/venv/lib/python3.9/site-packages/airflow/example_dags/example_params_trigger_ui.py
[2025-04-21T17:47:17.694-0400] {logging_mixin.py:188} INFO - [2025-04-21T17:47:17.694-0400] {dag.py:3036} INFO - Sync 1 DAGs
[2025-04-21T17:47:17.699-0400] {logging_mixin.py:188} INFO - [2025-04-21T17:47:17.698-0400] {dag.py:3823} INFO - Setting next_dagrun for example_params_trigger_ui to None, run_after=None
[2025-04-21T17:47:17.708-0400] {processor.py:183} INFO - Processing /Users/gaurav/Documents/Breast-Cancer-ML-Pipeline/venv/lib/python3.9/site-packages/airflow/example_dags/example_params_trigger_ui.py took 0.101 seconds
[2025-04-21T17:48:07.088-0400] {processor.py:161} INFO - Started process (PID=88662) to work on /Users/gaurav/Documents/Breast-Cancer-ML-Pipeline/venv/lib/python3.9/site-packages/airflow/example_dags/example_params_trigger_ui.py
[2025-04-21T17:48:07.090-0400] {processor.py:830} INFO - Processing file /Users/gaurav/Documents/Breast-Cancer-ML-Pipeline/venv/lib/python3.9/site-packages/airflow/example_dags/example_params_trigger_ui.py for tasks to queue
[2025-04-21T17:48:07.090-0400] {logging_mixin.py:188} INFO - [2025-04-21T17:48:07.090-0400] {dagbag.py:538} INFO - Filling up the DagBag from /Users/gaurav/Documents/Breast-Cancer-ML-Pipeline/venv/lib/python3.9/site-packages/airflow/example_dags/example_params_trigger_ui.py
[2025-04-21T17:48:07.112-0400] {processor.py:840} INFO - DAG(s) 'example_params_trigger_ui' retrieved from /Users/gaurav/Documents/Breast-Cancer-ML-Pipeline/venv/lib/python3.9/site-packages/airflow/example_dags/example_params_trigger_ui.py
[2025-04-21T17:48:07.174-0400] {logging_mixin.py:188} INFO - [2025-04-21T17:48:07.174-0400] {dag.py:3036} INFO - Sync 1 DAGs
[2025-04-21T17:48:07.178-0400] {logging_mixin.py:188} INFO - [2025-04-21T17:48:07.178-0400] {dag.py:3823} INFO - Setting next_dagrun for example_params_trigger_ui to None, run_after=None
[2025-04-21T17:48:07.188-0400] {processor.py:183} INFO - Processing /Users/gaurav/Documents/Breast-Cancer-ML-Pipeline/venv/lib/python3.9/site-packages/airflow/example_dags/example_params_trigger_ui.py took 0.101 seconds
[2025-04-21T17:48:56.931-0400] {processor.py:161} INFO - Started process (PID=88737) to work on /Users/gaurav/Documents/Breast-Cancer-ML-Pipeline/venv/lib/python3.9/site-packages/airflow/example_dags/example_params_trigger_ui.py
[2025-04-21T17:48:56.933-0400] {processor.py:830} INFO - Processing file /Users/gaurav/Documents/Breast-Cancer-ML-Pipeline/venv/lib/python3.9/site-packages/airflow/example_dags/example_params_trigger_ui.py for tasks to queue
[2025-04-21T17:48:56.933-0400] {logging_mixin.py:188} INFO - [2025-04-21T17:48:56.933-0400] {dagbag.py:538} INFO - Filling up the DagBag from /Users/gaurav/Documents/Breast-Cancer-ML-Pipeline/venv/lib/python3.9/site-packages/airflow/example_dags/example_params_trigger_ui.py
[2025-04-21T17:48:56.957-0400] {processor.py:840} INFO - DAG(s) 'example_params_trigger_ui' retrieved from /Users/gaurav/Documents/Breast-Cancer-ML-Pipeline/venv/lib/python3.9/site-packages/airflow/example_dags/example_params_trigger_ui.py
[2025-04-21T17:48:57.019-0400] {logging_mixin.py:188} INFO - [2025-04-21T17:48:57.019-0400] {dag.py:3036} INFO - Sync 1 DAGs
[2025-04-21T17:48:57.024-0400] {logging_mixin.py:188} INFO - [2025-04-21T17:48:57.024-0400] {dag.py:3823} INFO - Setting next_dagrun for example_params_trigger_ui to None, run_after=None
[2025-04-21T17:48:57.034-0400] {processor.py:183} INFO - Processing /Users/gaurav/Documents/Breast-Cancer-ML-Pipeline/venv/lib/python3.9/site-packages/airflow/example_dags/example_params_trigger_ui.py took 0.104 seconds
[2025-04-21T17:50:02.485-0400] {processor.py:161} INFO - Started process (PID=88825) to work on /Users/gaurav/Documents/Breast-Cancer-ML-Pipeline/venv/lib/python3.9/site-packages/airflow/example_dags/example_params_trigger_ui.py
[2025-04-21T17:50:02.487-0400] {processor.py:830} INFO - Processing file /Users/gaurav/Documents/Breast-Cancer-ML-Pipeline/venv/lib/python3.9/site-packages/airflow/example_dags/example_params_trigger_ui.py for tasks to queue
[2025-04-21T17:50:02.488-0400] {logging_mixin.py:188} INFO - [2025-04-21T17:50:02.487-0400] {dagbag.py:538} INFO - Filling up the DagBag from /Users/gaurav/Documents/Breast-Cancer-ML-Pipeline/venv/lib/python3.9/site-packages/airflow/example_dags/example_params_trigger_ui.py
[2025-04-21T17:50:02.512-0400] {processor.py:840} INFO - DAG(s) 'example_params_trigger_ui' retrieved from /Users/gaurav/Documents/Breast-Cancer-ML-Pipeline/venv/lib/python3.9/site-packages/airflow/example_dags/example_params_trigger_ui.py
[2025-04-21T17:50:02.579-0400] {logging_mixin.py:188} INFO - [2025-04-21T17:50:02.579-0400] {dag.py:3036} INFO - Sync 1 DAGs
[2025-04-21T17:50:02.585-0400] {logging_mixin.py:188} INFO - [2025-04-21T17:50:02.585-0400] {dag.py:3823} INFO - Setting next_dagrun for example_params_trigger_ui to None, run_after=None
[2025-04-21T17:50:02.595-0400] {processor.py:183} INFO - Processing /Users/gaurav/Documents/Breast-Cancer-ML-Pipeline/venv/lib/python3.9/site-packages/airflow/example_dags/example_params_trigger_ui.py took 0.110 seconds
[2025-04-21T17:51:15.814-0400] {processor.py:161} INFO - Started process (PID=88926) to work on /Users/gaurav/Documents/Breast-Cancer-ML-Pipeline/venv/lib/python3.9/site-packages/airflow/example_dags/example_params_trigger_ui.py
[2025-04-21T17:51:15.816-0400] {processor.py:830} INFO - Processing file /Users/gaurav/Documents/Breast-Cancer-ML-Pipeline/venv/lib/python3.9/site-packages/airflow/example_dags/example_params_trigger_ui.py for tasks to queue
[2025-04-21T17:51:15.816-0400] {logging_mixin.py:188} INFO - [2025-04-21T17:51:15.816-0400] {dagbag.py:538} INFO - Filling up the DagBag from /Users/gaurav/Documents/Breast-Cancer-ML-Pipeline/venv/lib/python3.9/site-packages/airflow/example_dags/example_params_trigger_ui.py
[2025-04-21T17:51:15.841-0400] {processor.py:840} INFO - DAG(s) 'example_params_trigger_ui' retrieved from /Users/gaurav/Documents/Breast-Cancer-ML-Pipeline/venv/lib/python3.9/site-packages/airflow/example_dags/example_params_trigger_ui.py
[2025-04-21T17:51:15.908-0400] {logging_mixin.py:188} INFO - [2025-04-21T17:51:15.908-0400] {dag.py:3036} INFO - Sync 1 DAGs
[2025-04-21T17:51:15.913-0400] {logging_mixin.py:188} INFO - [2025-04-21T17:51:15.913-0400] {dag.py:3823} INFO - Setting next_dagrun for example_params_trigger_ui to None, run_after=None
[2025-04-21T17:51:15.923-0400] {processor.py:183} INFO - Processing /Users/gaurav/Documents/Breast-Cancer-ML-Pipeline/venv/lib/python3.9/site-packages/airflow/example_dags/example_params_trigger_ui.py took 0.110 seconds
[2025-04-21T17:52:08.512-0400] {processor.py:161} INFO - Started process (PID=89001) to work on /Users/gaurav/Documents/Breast-Cancer-ML-Pipeline/venv/lib/python3.9/site-packages/airflow/example_dags/example_params_trigger_ui.py
[2025-04-21T17:52:08.513-0400] {processor.py:830} INFO - Processing file /Users/gaurav/Documents/Breast-Cancer-ML-Pipeline/venv/lib/python3.9/site-packages/airflow/example_dags/example_params_trigger_ui.py for tasks to queue
[2025-04-21T17:52:08.513-0400] {logging_mixin.py:188} INFO - [2025-04-21T17:52:08.513-0400] {dagbag.py:538} INFO - Filling up the DagBag from /Users/gaurav/Documents/Breast-Cancer-ML-Pipeline/venv/lib/python3.9/site-packages/airflow/example_dags/example_params_trigger_ui.py
[2025-04-21T17:52:08.537-0400] {processor.py:840} INFO - DAG(s) 'example_params_trigger_ui' retrieved from /Users/gaurav/Documents/Breast-Cancer-ML-Pipeline/venv/lib/python3.9/site-packages/airflow/example_dags/example_params_trigger_ui.py
[2025-04-21T17:52:08.599-0400] {logging_mixin.py:188} INFO - [2025-04-21T17:52:08.599-0400] {dag.py:3036} INFO - Sync 1 DAGs
[2025-04-21T17:52:08.604-0400] {logging_mixin.py:188} INFO - [2025-04-21T17:52:08.604-0400] {dag.py:3823} INFO - Setting next_dagrun for example_params_trigger_ui to None, run_after=None
[2025-04-21T17:52:08.614-0400] {processor.py:183} INFO - Processing /Users/gaurav/Documents/Breast-Cancer-ML-Pipeline/venv/lib/python3.9/site-packages/airflow/example_dags/example_params_trigger_ui.py took 0.103 seconds
[2025-04-21T17:53:01.042-0400] {processor.py:161} INFO - Started process (PID=89071) to work on /Users/gaurav/Documents/Breast-Cancer-ML-Pipeline/venv/lib/python3.9/site-packages/airflow/example_dags/example_params_trigger_ui.py
[2025-04-21T17:53:01.043-0400] {processor.py:830} INFO - Processing file /Users/gaurav/Documents/Breast-Cancer-ML-Pipeline/venv/lib/python3.9/site-packages/airflow/example_dags/example_params_trigger_ui.py for tasks to queue
[2025-04-21T17:53:01.044-0400] {logging_mixin.py:188} INFO - [2025-04-21T17:53:01.044-0400] {dagbag.py:538} INFO - Filling up the DagBag from /Users/gaurav/Documents/Breast-Cancer-ML-Pipeline/venv/lib/python3.9/site-packages/airflow/example_dags/example_params_trigger_ui.py
[2025-04-21T17:53:01.069-0400] {processor.py:840} INFO - DAG(s) 'example_params_trigger_ui' retrieved from /Users/gaurav/Documents/Breast-Cancer-ML-Pipeline/venv/lib/python3.9/site-packages/airflow/example_dags/example_params_trigger_ui.py
[2025-04-21T17:53:01.138-0400] {logging_mixin.py:188} INFO - [2025-04-21T17:53:01.138-0400] {dag.py:3036} INFO - Sync 1 DAGs
[2025-04-21T17:53:01.144-0400] {logging_mixin.py:188} INFO - [2025-04-21T17:53:01.144-0400] {dag.py:3823} INFO - Setting next_dagrun for example_params_trigger_ui to None, run_after=None
[2025-04-21T17:53:01.155-0400] {processor.py:183} INFO - Processing /Users/gaurav/Documents/Breast-Cancer-ML-Pipeline/venv/lib/python3.9/site-packages/airflow/example_dags/example_params_trigger_ui.py took 0.113 seconds
[2025-04-21T17:53:50.345-0400] {processor.py:161} INFO - Started process (PID=89135) to work on /Users/gaurav/Documents/Breast-Cancer-ML-Pipeline/venv/lib/python3.9/site-packages/airflow/example_dags/example_params_trigger_ui.py
[2025-04-21T17:53:50.346-0400] {processor.py:830} INFO - Processing file /Users/gaurav/Documents/Breast-Cancer-ML-Pipeline/venv/lib/python3.9/site-packages/airflow/example_dags/example_params_trigger_ui.py for tasks to queue
[2025-04-21T17:53:50.347-0400] {logging_mixin.py:188} INFO - [2025-04-21T17:53:50.346-0400] {dagbag.py:538} INFO - Filling up the DagBag from /Users/gaurav/Documents/Breast-Cancer-ML-Pipeline/venv/lib/python3.9/site-packages/airflow/example_dags/example_params_trigger_ui.py
[2025-04-21T17:53:50.372-0400] {processor.py:840} INFO - DAG(s) 'example_params_trigger_ui' retrieved from /Users/gaurav/Documents/Breast-Cancer-ML-Pipeline/venv/lib/python3.9/site-packages/airflow/example_dags/example_params_trigger_ui.py
[2025-04-21T17:53:50.440-0400] {logging_mixin.py:188} INFO - [2025-04-21T17:53:50.439-0400] {dag.py:3036} INFO - Sync 1 DAGs
[2025-04-21T17:53:50.445-0400] {logging_mixin.py:188} INFO - [2025-04-21T17:53:50.445-0400] {dag.py:3823} INFO - Setting next_dagrun for example_params_trigger_ui to None, run_after=None
[2025-04-21T17:53:50.456-0400] {processor.py:183} INFO - Processing /Users/gaurav/Documents/Breast-Cancer-ML-Pipeline/venv/lib/python3.9/site-packages/airflow/example_dags/example_params_trigger_ui.py took 0.112 seconds
[2025-04-21T17:54:43.180-0400] {processor.py:161} INFO - Started process (PID=89218) to work on /Users/gaurav/Documents/Breast-Cancer-ML-Pipeline/venv/lib/python3.9/site-packages/airflow/example_dags/example_params_trigger_ui.py
[2025-04-21T17:54:43.183-0400] {processor.py:830} INFO - Processing file /Users/gaurav/Documents/Breast-Cancer-ML-Pipeline/venv/lib/python3.9/site-packages/airflow/example_dags/example_params_trigger_ui.py for tasks to queue
[2025-04-21T17:54:43.193-0400] {logging_mixin.py:188} INFO - [2025-04-21T17:54:43.188-0400] {dagbag.py:538} INFO - Filling up the DagBag from /Users/gaurav/Documents/Breast-Cancer-ML-Pipeline/venv/lib/python3.9/site-packages/airflow/example_dags/example_params_trigger_ui.py
[2025-04-21T17:54:43.222-0400] {processor.py:840} INFO - DAG(s) 'example_params_trigger_ui' retrieved from /Users/gaurav/Documents/Breast-Cancer-ML-Pipeline/venv/lib/python3.9/site-packages/airflow/example_dags/example_params_trigger_ui.py
[2025-04-21T17:54:43.282-0400] {logging_mixin.py:188} INFO - [2025-04-21T17:54:43.282-0400] {dag.py:3036} INFO - Sync 1 DAGs
[2025-04-21T17:54:43.287-0400] {logging_mixin.py:188} INFO - [2025-04-21T17:54:43.287-0400] {dag.py:3823} INFO - Setting next_dagrun for example_params_trigger_ui to None, run_after=None
[2025-04-21T17:54:43.297-0400] {processor.py:183} INFO - Processing /Users/gaurav/Documents/Breast-Cancer-ML-Pipeline/venv/lib/python3.9/site-packages/airflow/example_dags/example_params_trigger_ui.py took 0.118 seconds
