[2025-04-21T16:39:47.627-0400] {processor.py:161} INFO - Started process (PID=83585) to work on /Users/gaurav/Documents/Breast-Cancer-ML-Pipeline/venv/lib/python3.9/site-packages/airflow/example_dags/example_dag_decorator.py
[2025-04-21T16:39:47.628-0400] {processor.py:830} INFO - Processing file /Users/gaurav/Documents/Breast-Cancer-ML-Pipeline/venv/lib/python3.9/site-packages/airflow/example_dags/example_dag_decorator.py for tasks to queue
[2025-04-21T16:39:47.628-0400] {logging_mixin.py:188} INFO - [2025-04-21T16:39:47.628-0400] {dagbag.py:538} INFO - Filling up the DagBag from /Users/gaurav/Documents/Breast-Cancer-ML-Pipeline/venv/lib/python3.9/site-packages/airflow/example_dags/example_dag_decorator.py
[2025-04-21T16:39:47.754-0400] {processor.py:840} INFO - DAG(s) 'example_dag_decorator' retrieved from /Users/gaurav/Documents/Breast-Cancer-ML-Pipeline/venv/lib/python3.9/site-packages/airflow/example_dags/example_dag_decorator.py
[2025-04-21T16:39:47.871-0400] {logging_mixin.py:188} INFO - [2025-04-21T16:39:47.871-0400] {override.py:1769} INFO - Created Permission View: can edit on DAG:example_dag_decorator
[2025-04-21T16:39:47.876-0400] {logging_mixin.py:188} INFO - [2025-04-21T16:39:47.876-0400] {override.py:1769} INFO - Created Permission View: can delete on DAG:example_dag_decorator
[2025-04-21T16:39:47.880-0400] {logging_mixin.py:188} INFO - [2025-04-21T16:39:47.880-0400] {override.py:1769} INFO - Created Permission View: can read on DAG:example_dag_decorator
[2025-04-21T16:39:47.880-0400] {logging_mixin.py:188} INFO - [2025-04-21T16:39:47.880-0400] {dag.py:3036} INFO - Sync 1 DAGs
[2025-04-21T16:39:47.887-0400] {logging_mixin.py:188} INFO - [2025-04-21T16:39:47.887-0400] {dag.py:3058} INFO - Creating ORM DAG for example_dag_decorator
[2025-04-21T16:39:47.887-0400] {logging_mixin.py:188} INFO - [2025-04-21T16:39:47.887-0400] {dag.py:3823} INFO - Setting next_dagrun for example_dag_decorator to None, run_after=None
[2025-04-21T16:39:47.898-0400] {processor.py:183} INFO - Processing /Users/gaurav/Documents/Breast-Cancer-ML-Pipeline/venv/lib/python3.9/site-packages/airflow/example_dags/example_dag_decorator.py took 0.272 seconds
[2025-04-21T16:42:26.935-0400] {processor.py:161} INFO - Started process (PID=83716) to work on /Users/gaurav/Documents/Breast-Cancer-ML-Pipeline/venv/lib/python3.9/site-packages/airflow/example_dags/example_dag_decorator.py
[2025-04-21T16:42:26.937-0400] {processor.py:830} INFO - Processing file /Users/gaurav/Documents/Breast-Cancer-ML-Pipeline/venv/lib/python3.9/site-packages/airflow/example_dags/example_dag_decorator.py for tasks to queue
[2025-04-21T16:42:26.938-0400] {logging_mixin.py:188} INFO - [2025-04-21T16:42:26.938-0400] {dagbag.py:538} INFO - Filling up the DagBag from /Users/gaurav/Documents/Breast-Cancer-ML-Pipeline/venv/lib/python3.9/site-packages/airflow/example_dags/example_dag_decorator.py
[2025-04-21T16:42:27.059-0400] {processor.py:840} INFO - DAG(s) 'example_dag_decorator' retrieved from /Users/gaurav/Documents/Breast-Cancer-ML-Pipeline/venv/lib/python3.9/site-packages/airflow/example_dags/example_dag_decorator.py
[2025-04-21T16:42:27.191-0400] {logging_mixin.py:188} INFO - [2025-04-21T16:42:27.191-0400] {dag.py:3036} INFO - Sync 1 DAGs
[2025-04-21T16:42:27.197-0400] {logging_mixin.py:188} INFO - [2025-04-21T16:42:27.197-0400] {dag.py:3823} INFO - Setting next_dagrun for example_dag_decorator to None, run_after=None
[2025-04-21T16:42:27.209-0400] {processor.py:183} INFO - Processing /Users/gaurav/Documents/Breast-Cancer-ML-Pipeline/venv/lib/python3.9/site-packages/airflow/example_dags/example_dag_decorator.py took 0.274 seconds
[2025-04-21T16:45:13.050-0400] {processor.py:161} INFO - Started process (PID=83865) to work on /Users/gaurav/Documents/Breast-Cancer-ML-Pipeline/venv/lib/python3.9/site-packages/airflow/example_dags/example_dag_decorator.py
[2025-04-21T16:45:13.051-0400] {processor.py:830} INFO - Processing file /Users/gaurav/Documents/Breast-Cancer-ML-Pipeline/venv/lib/python3.9/site-packages/airflow/example_dags/example_dag_decorator.py for tasks to queue
[2025-04-21T16:45:13.052-0400] {logging_mixin.py:188} INFO - [2025-04-21T16:45:13.052-0400] {dagbag.py:538} INFO - Filling up the DagBag from /Users/gaurav/Documents/Breast-Cancer-ML-Pipeline/venv/lib/python3.9/site-packages/airflow/example_dags/example_dag_decorator.py
[2025-04-21T16:45:13.184-0400] {processor.py:840} INFO - DAG(s) 'example_dag_decorator' retrieved from /Users/gaurav/Documents/Breast-Cancer-ML-Pipeline/venv/lib/python3.9/site-packages/airflow/example_dags/example_dag_decorator.py
[2025-04-21T16:45:13.312-0400] {logging_mixin.py:188} INFO - [2025-04-21T16:45:13.312-0400] {dag.py:3036} INFO - Sync 1 DAGs
[2025-04-21T16:45:13.318-0400] {logging_mixin.py:188} INFO - [2025-04-21T16:45:13.317-0400] {dag.py:3823} INFO - Setting next_dagrun for example_dag_decorator to None, run_after=None
[2025-04-21T16:45:13.330-0400] {processor.py:183} INFO - Processing /Users/gaurav/Documents/Breast-Cancer-ML-Pipeline/venv/lib/python3.9/site-packages/airflow/example_dags/example_dag_decorator.py took 0.281 seconds
[2025-04-21T16:47:22.814-0400] {processor.py:161} INFO - Started process (PID=84039) to work on /Users/gaurav/Documents/Breast-Cancer-ML-Pipeline/venv/lib/python3.9/site-packages/airflow/example_dags/example_dag_decorator.py
[2025-04-21T16:47:22.816-0400] {processor.py:830} INFO - Processing file /Users/gaurav/Documents/Breast-Cancer-ML-Pipeline/venv/lib/python3.9/site-packages/airflow/example_dags/example_dag_decorator.py for tasks to queue
[2025-04-21T16:47:22.816-0400] {logging_mixin.py:188} INFO - [2025-04-21T16:47:22.816-0400] {dagbag.py:538} INFO - Filling up the DagBag from /Users/gaurav/Documents/Breast-Cancer-ML-Pipeline/venv/lib/python3.9/site-packages/airflow/example_dags/example_dag_decorator.py
[2025-04-21T16:47:22.938-0400] {processor.py:840} INFO - DAG(s) 'example_dag_decorator' retrieved from /Users/gaurav/Documents/Breast-Cancer-ML-Pipeline/venv/lib/python3.9/site-packages/airflow/example_dags/example_dag_decorator.py
[2025-04-21T16:47:23.062-0400] {logging_mixin.py:188} INFO - [2025-04-21T16:47:23.061-0400] {dag.py:3036} INFO - Sync 1 DAGs
[2025-04-21T16:47:23.067-0400] {logging_mixin.py:188} INFO - [2025-04-21T16:47:23.067-0400] {dag.py:3823} INFO - Setting next_dagrun for example_dag_decorator to None, run_after=None
[2025-04-21T16:47:23.079-0400] {processor.py:183} INFO - Processing /Users/gaurav/Documents/Breast-Cancer-ML-Pipeline/venv/lib/python3.9/site-packages/airflow/example_dags/example_dag_decorator.py took 0.266 seconds
[2025-04-21T16:48:35.859-0400] {processor.py:161} INFO - Started process (PID=84122) to work on /Users/gaurav/Documents/Breast-Cancer-ML-Pipeline/venv/lib/python3.9/site-packages/airflow/example_dags/example_dag_decorator.py
[2025-04-21T16:48:35.861-0400] {processor.py:830} INFO - Processing file /Users/gaurav/Documents/Breast-Cancer-ML-Pipeline/venv/lib/python3.9/site-packages/airflow/example_dags/example_dag_decorator.py for tasks to queue
[2025-04-21T16:48:35.861-0400] {logging_mixin.py:188} INFO - [2025-04-21T16:48:35.861-0400] {dagbag.py:538} INFO - Filling up the DagBag from /Users/gaurav/Documents/Breast-Cancer-ML-Pipeline/venv/lib/python3.9/site-packages/airflow/example_dags/example_dag_decorator.py
[2025-04-21T16:48:35.993-0400] {processor.py:840} INFO - DAG(s) 'example_dag_decorator' retrieved from /Users/gaurav/Documents/Breast-Cancer-ML-Pipeline/venv/lib/python3.9/site-packages/airflow/example_dags/example_dag_decorator.py
[2025-04-21T16:48:36.117-0400] {logging_mixin.py:188} INFO - [2025-04-21T16:48:36.117-0400] {dag.py:3036} INFO - Sync 1 DAGs
[2025-04-21T16:48:36.123-0400] {logging_mixin.py:188} INFO - [2025-04-21T16:48:36.123-0400] {dag.py:3823} INFO - Setting next_dagrun for example_dag_decorator to None, run_after=None
[2025-04-21T16:48:36.135-0400] {processor.py:183} INFO - Processing /Users/gaurav/Documents/Breast-Cancer-ML-Pipeline/venv/lib/python3.9/site-packages/airflow/example_dags/example_dag_decorator.py took 0.277 seconds
[2025-04-21T16:49:46.940-0400] {processor.py:161} INFO - Started process (PID=84207) to work on /Users/gaurav/Documents/Breast-Cancer-ML-Pipeline/venv/lib/python3.9/site-packages/airflow/example_dags/example_dag_decorator.py
[2025-04-21T16:49:46.942-0400] {processor.py:830} INFO - Processing file /Users/gaurav/Documents/Breast-Cancer-ML-Pipeline/venv/lib/python3.9/site-packages/airflow/example_dags/example_dag_decorator.py for tasks to queue
[2025-04-21T16:49:46.942-0400] {logging_mixin.py:188} INFO - [2025-04-21T16:49:46.942-0400] {dagbag.py:538} INFO - Filling up the DagBag from /Users/gaurav/Documents/Breast-Cancer-ML-Pipeline/venv/lib/python3.9/site-packages/airflow/example_dags/example_dag_decorator.py
[2025-04-21T16:49:47.063-0400] {processor.py:840} INFO - DAG(s) 'example_dag_decorator' retrieved from /Users/gaurav/Documents/Breast-Cancer-ML-Pipeline/venv/lib/python3.9/site-packages/airflow/example_dags/example_dag_decorator.py
[2025-04-21T16:49:47.188-0400] {logging_mixin.py:188} INFO - [2025-04-21T16:49:47.187-0400] {dag.py:3036} INFO - Sync 1 DAGs
[2025-04-21T16:49:47.193-0400] {logging_mixin.py:188} INFO - [2025-04-21T16:49:47.193-0400] {dag.py:3823} INFO - Setting next_dagrun for example_dag_decorator to None, run_after=None
[2025-04-21T16:49:47.205-0400] {processor.py:183} INFO - Processing /Users/gaurav/Documents/Breast-Cancer-ML-Pipeline/venv/lib/python3.9/site-packages/airflow/example_dags/example_dag_decorator.py took 0.266 seconds
[2025-04-21T16:51:02.551-0400] {processor.py:161} INFO - Started process (PID=84290) to work on /Users/gaurav/Documents/Breast-Cancer-ML-Pipeline/venv/lib/python3.9/site-packages/airflow/example_dags/example_dag_decorator.py
[2025-04-21T16:51:02.553-0400] {processor.py:830} INFO - Processing file /Users/gaurav/Documents/Breast-Cancer-ML-Pipeline/venv/lib/python3.9/site-packages/airflow/example_dags/example_dag_decorator.py for tasks to queue
[2025-04-21T16:51:02.553-0400] {logging_mixin.py:188} INFO - [2025-04-21T16:51:02.553-0400] {dagbag.py:538} INFO - Filling up the DagBag from /Users/gaurav/Documents/Breast-Cancer-ML-Pipeline/venv/lib/python3.9/site-packages/airflow/example_dags/example_dag_decorator.py
[2025-04-21T16:51:02.686-0400] {processor.py:840} INFO - DAG(s) 'example_dag_decorator' retrieved from /Users/gaurav/Documents/Breast-Cancer-ML-Pipeline/venv/lib/python3.9/site-packages/airflow/example_dags/example_dag_decorator.py
[2025-04-21T16:51:02.822-0400] {logging_mixin.py:188} INFO - [2025-04-21T16:51:02.822-0400] {dag.py:3036} INFO - Sync 1 DAGs
[2025-04-21T16:51:02.828-0400] {logging_mixin.py:188} INFO - [2025-04-21T16:51:02.828-0400] {dag.py:3823} INFO - Setting next_dagrun for example_dag_decorator to None, run_after=None
[2025-04-21T16:51:02.841-0400] {processor.py:183} INFO - Processing /Users/gaurav/Documents/Breast-Cancer-ML-Pipeline/venv/lib/python3.9/site-packages/airflow/example_dags/example_dag_decorator.py took 0.292 seconds
[2025-04-21T16:52:26.581-0400] {processor.py:161} INFO - Started process (PID=84380) to work on /Users/gaurav/Documents/Breast-Cancer-ML-Pipeline/venv/lib/python3.9/site-packages/airflow/example_dags/example_dag_decorator.py
[2025-04-21T16:52:26.582-0400] {processor.py:830} INFO - Processing file /Users/gaurav/Documents/Breast-Cancer-ML-Pipeline/venv/lib/python3.9/site-packages/airflow/example_dags/example_dag_decorator.py for tasks to queue
[2025-04-21T16:52:26.583-0400] {logging_mixin.py:188} INFO - [2025-04-21T16:52:26.583-0400] {dagbag.py:538} INFO - Filling up the DagBag from /Users/gaurav/Documents/Breast-Cancer-ML-Pipeline/venv/lib/python3.9/site-packages/airflow/example_dags/example_dag_decorator.py
[2025-04-21T16:52:26.721-0400] {processor.py:840} INFO - DAG(s) 'example_dag_decorator' retrieved from /Users/gaurav/Documents/Breast-Cancer-ML-Pipeline/venv/lib/python3.9/site-packages/airflow/example_dags/example_dag_decorator.py
[2025-04-21T16:52:26.863-0400] {logging_mixin.py:188} INFO - [2025-04-21T16:52:26.863-0400] {dag.py:3036} INFO - Sync 1 DAGs
[2025-04-21T16:52:26.870-0400] {logging_mixin.py:188} INFO - [2025-04-21T16:52:26.870-0400] {dag.py:3823} INFO - Setting next_dagrun for example_dag_decorator to None, run_after=None
[2025-04-21T16:52:26.884-0400] {processor.py:183} INFO - Processing /Users/gaurav/Documents/Breast-Cancer-ML-Pipeline/venv/lib/python3.9/site-packages/airflow/example_dags/example_dag_decorator.py took 0.304 seconds
[2025-04-21T16:53:47.669-0400] {processor.py:161} INFO - Started process (PID=84491) to work on /Users/gaurav/Documents/Breast-Cancer-ML-Pipeline/venv/lib/python3.9/site-packages/airflow/example_dags/example_dag_decorator.py
[2025-04-21T16:53:47.671-0400] {processor.py:830} INFO - Processing file /Users/gaurav/Documents/Breast-Cancer-ML-Pipeline/venv/lib/python3.9/site-packages/airflow/example_dags/example_dag_decorator.py for tasks to queue
[2025-04-21T16:53:47.672-0400] {logging_mixin.py:188} INFO - [2025-04-21T16:53:47.672-0400] {dagbag.py:538} INFO - Filling up the DagBag from /Users/gaurav/Documents/Breast-Cancer-ML-Pipeline/venv/lib/python3.9/site-packages/airflow/example_dags/example_dag_decorator.py
[2025-04-21T16:53:47.808-0400] {processor.py:840} INFO - DAG(s) 'example_dag_decorator' retrieved from /Users/gaurav/Documents/Breast-Cancer-ML-Pipeline/venv/lib/python3.9/site-packages/airflow/example_dags/example_dag_decorator.py
[2025-04-21T16:53:47.945-0400] {logging_mixin.py:188} INFO - [2025-04-21T16:53:47.945-0400] {dag.py:3036} INFO - Sync 1 DAGs
[2025-04-21T16:53:47.952-0400] {logging_mixin.py:188} INFO - [2025-04-21T16:53:47.952-0400] {dag.py:3823} INFO - Setting next_dagrun for example_dag_decorator to None, run_after=None
[2025-04-21T16:53:47.966-0400] {processor.py:183} INFO - Processing /Users/gaurav/Documents/Breast-Cancer-ML-Pipeline/venv/lib/python3.9/site-packages/airflow/example_dags/example_dag_decorator.py took 0.297 seconds
[2025-04-21T16:56:53.974-0400] {processor.py:161} INFO - Started process (PID=84727) to work on /Users/gaurav/Documents/Breast-Cancer-ML-Pipeline/venv/lib/python3.9/site-packages/airflow/example_dags/example_dag_decorator.py
[2025-04-21T16:56:53.976-0400] {processor.py:830} INFO - Processing file /Users/gaurav/Documents/Breast-Cancer-ML-Pipeline/venv/lib/python3.9/site-packages/airflow/example_dags/example_dag_decorator.py for tasks to queue
[2025-04-21T16:56:53.976-0400] {logging_mixin.py:188} INFO - [2025-04-21T16:56:53.976-0400] {dagbag.py:538} INFO - Filling up the DagBag from /Users/gaurav/Documents/Breast-Cancer-ML-Pipeline/venv/lib/python3.9/site-packages/airflow/example_dags/example_dag_decorator.py
[2025-04-21T16:56:54.105-0400] {processor.py:840} INFO - DAG(s) 'example_dag_decorator' retrieved from /Users/gaurav/Documents/Breast-Cancer-ML-Pipeline/venv/lib/python3.9/site-packages/airflow/example_dags/example_dag_decorator.py
[2025-04-21T16:56:54.219-0400] {logging_mixin.py:188} INFO - [2025-04-21T16:56:54.219-0400] {dag.py:3036} INFO - Sync 1 DAGs
[2025-04-21T16:56:54.225-0400] {logging_mixin.py:188} INFO - [2025-04-21T16:56:54.225-0400] {dag.py:3823} INFO - Setting next_dagrun for example_dag_decorator to None, run_after=None
[2025-04-21T16:56:54.237-0400] {processor.py:183} INFO - Processing /Users/gaurav/Documents/Breast-Cancer-ML-Pipeline/venv/lib/python3.9/site-packages/airflow/example_dags/example_dag_decorator.py took 0.265 seconds
[2025-04-21T16:58:17.515-0400] {processor.py:161} INFO - Started process (PID=84836) to work on /Users/gaurav/Documents/Breast-Cancer-ML-Pipeline/venv/lib/python3.9/site-packages/airflow/example_dags/example_dag_decorator.py
[2025-04-21T16:58:17.516-0400] {processor.py:830} INFO - Processing file /Users/gaurav/Documents/Breast-Cancer-ML-Pipeline/venv/lib/python3.9/site-packages/airflow/example_dags/example_dag_decorator.py for tasks to queue
[2025-04-21T16:58:17.517-0400] {logging_mixin.py:188} INFO - [2025-04-21T16:58:17.517-0400] {dagbag.py:538} INFO - Filling up the DagBag from /Users/gaurav/Documents/Breast-Cancer-ML-Pipeline/venv/lib/python3.9/site-packages/airflow/example_dags/example_dag_decorator.py
[2025-04-21T16:58:17.649-0400] {processor.py:840} INFO - DAG(s) 'example_dag_decorator' retrieved from /Users/gaurav/Documents/Breast-Cancer-ML-Pipeline/venv/lib/python3.9/site-packages/airflow/example_dags/example_dag_decorator.py
[2025-04-21T16:58:17.776-0400] {logging_mixin.py:188} INFO - [2025-04-21T16:58:17.775-0400] {dag.py:3036} INFO - Sync 1 DAGs
[2025-04-21T16:58:17.782-0400] {logging_mixin.py:188} INFO - [2025-04-21T16:58:17.782-0400] {dag.py:3823} INFO - Setting next_dagrun for example_dag_decorator to None, run_after=None
[2025-04-21T16:58:17.794-0400] {processor.py:183} INFO - Processing /Users/gaurav/Documents/Breast-Cancer-ML-Pipeline/venv/lib/python3.9/site-packages/airflow/example_dags/example_dag_decorator.py took 0.280 seconds
[2025-04-21T16:59:37.589-0400] {processor.py:161} INFO - Started process (PID=84922) to work on /Users/gaurav/Documents/Breast-Cancer-ML-Pipeline/venv/lib/python3.9/site-packages/airflow/example_dags/example_dag_decorator.py
[2025-04-21T16:59:37.591-0400] {processor.py:830} INFO - Processing file /Users/gaurav/Documents/Breast-Cancer-ML-Pipeline/venv/lib/python3.9/site-packages/airflow/example_dags/example_dag_decorator.py for tasks to queue
[2025-04-21T16:59:37.592-0400] {logging_mixin.py:188} INFO - [2025-04-21T16:59:37.591-0400] {dagbag.py:538} INFO - Filling up the DagBag from /Users/gaurav/Documents/Breast-Cancer-ML-Pipeline/venv/lib/python3.9/site-packages/airflow/example_dags/example_dag_decorator.py
[2025-04-21T16:59:37.717-0400] {processor.py:840} INFO - DAG(s) 'example_dag_decorator' retrieved from /Users/gaurav/Documents/Breast-Cancer-ML-Pipeline/venv/lib/python3.9/site-packages/airflow/example_dags/example_dag_decorator.py
[2025-04-21T16:59:37.843-0400] {logging_mixin.py:188} INFO - [2025-04-21T16:59:37.843-0400] {dag.py:3036} INFO - Sync 1 DAGs
[2025-04-21T16:59:37.849-0400] {logging_mixin.py:188} INFO - [2025-04-21T16:59:37.849-0400] {dag.py:3823} INFO - Setting next_dagrun for example_dag_decorator to None, run_after=None
[2025-04-21T16:59:37.861-0400] {processor.py:183} INFO - Processing /Users/gaurav/Documents/Breast-Cancer-ML-Pipeline/venv/lib/python3.9/site-packages/airflow/example_dags/example_dag_decorator.py took 0.273 seconds
[2025-04-21T17:00:49.713-0400] {processor.py:161} INFO - Started process (PID=85010) to work on /Users/gaurav/Documents/Breast-Cancer-ML-Pipeline/venv/lib/python3.9/site-packages/airflow/example_dags/example_dag_decorator.py
[2025-04-21T17:00:49.715-0400] {processor.py:830} INFO - Processing file /Users/gaurav/Documents/Breast-Cancer-ML-Pipeline/venv/lib/python3.9/site-packages/airflow/example_dags/example_dag_decorator.py for tasks to queue
[2025-04-21T17:00:49.715-0400] {logging_mixin.py:188} INFO - [2025-04-21T17:00:49.715-0400] {dagbag.py:538} INFO - Filling up the DagBag from /Users/gaurav/Documents/Breast-Cancer-ML-Pipeline/venv/lib/python3.9/site-packages/airflow/example_dags/example_dag_decorator.py
[2025-04-21T17:00:49.841-0400] {processor.py:840} INFO - DAG(s) 'example_dag_decorator' retrieved from /Users/gaurav/Documents/Breast-Cancer-ML-Pipeline/venv/lib/python3.9/site-packages/airflow/example_dags/example_dag_decorator.py
[2025-04-21T17:00:49.966-0400] {logging_mixin.py:188} INFO - [2025-04-21T17:00:49.965-0400] {dag.py:3036} INFO - Sync 1 DAGs
[2025-04-21T17:00:49.971-0400] {logging_mixin.py:188} INFO - [2025-04-21T17:00:49.971-0400] {dag.py:3823} INFO - Setting next_dagrun for example_dag_decorator to None, run_after=None
[2025-04-21T17:00:49.985-0400] {processor.py:183} INFO - Processing /Users/gaurav/Documents/Breast-Cancer-ML-Pipeline/venv/lib/python3.9/site-packages/airflow/example_dags/example_dag_decorator.py took 0.273 seconds
[2025-04-21T17:02:13.760-0400] {processor.py:161} INFO - Started process (PID=85114) to work on /Users/gaurav/Documents/Breast-Cancer-ML-Pipeline/venv/lib/python3.9/site-packages/airflow/example_dags/example_dag_decorator.py
[2025-04-21T17:02:13.762-0400] {processor.py:830} INFO - Processing file /Users/gaurav/Documents/Breast-Cancer-ML-Pipeline/venv/lib/python3.9/site-packages/airflow/example_dags/example_dag_decorator.py for tasks to queue
[2025-04-21T17:02:13.762-0400] {logging_mixin.py:188} INFO - [2025-04-21T17:02:13.762-0400] {dagbag.py:538} INFO - Filling up the DagBag from /Users/gaurav/Documents/Breast-Cancer-ML-Pipeline/venv/lib/python3.9/site-packages/airflow/example_dags/example_dag_decorator.py
[2025-04-21T17:02:13.886-0400] {processor.py:840} INFO - DAG(s) 'example_dag_decorator' retrieved from /Users/gaurav/Documents/Breast-Cancer-ML-Pipeline/venv/lib/python3.9/site-packages/airflow/example_dags/example_dag_decorator.py
[2025-04-21T17:02:14.022-0400] {logging_mixin.py:188} INFO - [2025-04-21T17:02:14.022-0400] {dag.py:3036} INFO - Sync 1 DAGs
[2025-04-21T17:02:14.028-0400] {logging_mixin.py:188} INFO - [2025-04-21T17:02:14.028-0400] {dag.py:3823} INFO - Setting next_dagrun for example_dag_decorator to None, run_after=None
[2025-04-21T17:02:14.041-0400] {processor.py:183} INFO - Processing /Users/gaurav/Documents/Breast-Cancer-ML-Pipeline/venv/lib/python3.9/site-packages/airflow/example_dags/example_dag_decorator.py took 0.281 seconds
[2025-04-21T17:03:31.879-0400] {processor.py:161} INFO - Started process (PID=85203) to work on /Users/gaurav/Documents/Breast-Cancer-ML-Pipeline/venv/lib/python3.9/site-packages/airflow/example_dags/example_dag_decorator.py
[2025-04-21T17:03:31.881-0400] {processor.py:830} INFO - Processing file /Users/gaurav/Documents/Breast-Cancer-ML-Pipeline/venv/lib/python3.9/site-packages/airflow/example_dags/example_dag_decorator.py for tasks to queue
[2025-04-21T17:03:31.882-0400] {logging_mixin.py:188} INFO - [2025-04-21T17:03:31.882-0400] {dagbag.py:538} INFO - Filling up the DagBag from /Users/gaurav/Documents/Breast-Cancer-ML-Pipeline/venv/lib/python3.9/site-packages/airflow/example_dags/example_dag_decorator.py
[2025-04-21T17:03:32.005-0400] {processor.py:840} INFO - DAG(s) 'example_dag_decorator' retrieved from /Users/gaurav/Documents/Breast-Cancer-ML-Pipeline/venv/lib/python3.9/site-packages/airflow/example_dags/example_dag_decorator.py
[2025-04-21T17:03:32.131-0400] {logging_mixin.py:188} INFO - [2025-04-21T17:03:32.130-0400] {dag.py:3036} INFO - Sync 1 DAGs
[2025-04-21T17:03:32.136-0400] {logging_mixin.py:188} INFO - [2025-04-21T17:03:32.136-0400] {dag.py:3823} INFO - Setting next_dagrun for example_dag_decorator to None, run_after=None
[2025-04-21T17:03:32.148-0400] {processor.py:183} INFO - Processing /Users/gaurav/Documents/Breast-Cancer-ML-Pipeline/venv/lib/python3.9/site-packages/airflow/example_dags/example_dag_decorator.py took 0.270 seconds
[2025-04-21T17:04:44.786-0400] {processor.py:161} INFO - Started process (PID=85303) to work on /Users/gaurav/Documents/Breast-Cancer-ML-Pipeline/venv/lib/python3.9/site-packages/airflow/example_dags/example_dag_decorator.py
[2025-04-21T17:04:44.787-0400] {processor.py:830} INFO - Processing file /Users/gaurav/Documents/Breast-Cancer-ML-Pipeline/venv/lib/python3.9/site-packages/airflow/example_dags/example_dag_decorator.py for tasks to queue
[2025-04-21T17:04:44.788-0400] {logging_mixin.py:188} INFO - [2025-04-21T17:04:44.788-0400] {dagbag.py:538} INFO - Filling up the DagBag from /Users/gaurav/Documents/Breast-Cancer-ML-Pipeline/venv/lib/python3.9/site-packages/airflow/example_dags/example_dag_decorator.py
[2025-04-21T17:04:44.915-0400] {processor.py:840} INFO - DAG(s) 'example_dag_decorator' retrieved from /Users/gaurav/Documents/Breast-Cancer-ML-Pipeline/venv/lib/python3.9/site-packages/airflow/example_dags/example_dag_decorator.py
[2025-04-21T17:04:45.041-0400] {logging_mixin.py:188} INFO - [2025-04-21T17:04:45.041-0400] {dag.py:3036} INFO - Sync 1 DAGs
[2025-04-21T17:04:45.047-0400] {logging_mixin.py:188} INFO - [2025-04-21T17:04:45.047-0400] {dag.py:3823} INFO - Setting next_dagrun for example_dag_decorator to None, run_after=None
[2025-04-21T17:04:45.059-0400] {processor.py:183} INFO - Processing /Users/gaurav/Documents/Breast-Cancer-ML-Pipeline/venv/lib/python3.9/site-packages/airflow/example_dags/example_dag_decorator.py took 0.274 seconds
[2025-04-21T17:05:55.297-0400] {processor.py:161} INFO - Started process (PID=85379) to work on /Users/gaurav/Documents/Breast-Cancer-ML-Pipeline/venv/lib/python3.9/site-packages/airflow/example_dags/example_dag_decorator.py
[2025-04-21T17:05:55.299-0400] {processor.py:830} INFO - Processing file /Users/gaurav/Documents/Breast-Cancer-ML-Pipeline/venv/lib/python3.9/site-packages/airflow/example_dags/example_dag_decorator.py for tasks to queue
[2025-04-21T17:05:55.299-0400] {logging_mixin.py:188} INFO - [2025-04-21T17:05:55.299-0400] {dagbag.py:538} INFO - Filling up the DagBag from /Users/gaurav/Documents/Breast-Cancer-ML-Pipeline/venv/lib/python3.9/site-packages/airflow/example_dags/example_dag_decorator.py
[2025-04-21T17:05:55.422-0400] {processor.py:840} INFO - DAG(s) 'example_dag_decorator' retrieved from /Users/gaurav/Documents/Breast-Cancer-ML-Pipeline/venv/lib/python3.9/site-packages/airflow/example_dags/example_dag_decorator.py
[2025-04-21T17:05:55.550-0400] {logging_mixin.py:188} INFO - [2025-04-21T17:05:55.549-0400] {dag.py:3036} INFO - Sync 1 DAGs
[2025-04-21T17:05:55.556-0400] {logging_mixin.py:188} INFO - [2025-04-21T17:05:55.556-0400] {dag.py:3823} INFO - Setting next_dagrun for example_dag_decorator to None, run_after=None
[2025-04-21T17:05:55.569-0400] {processor.py:183} INFO - Processing /Users/gaurav/Documents/Breast-Cancer-ML-Pipeline/venv/lib/python3.9/site-packages/airflow/example_dags/example_dag_decorator.py took 0.273 seconds
[2025-04-21T17:07:06.851-0400] {processor.py:161} INFO - Started process (PID=85471) to work on /Users/gaurav/Documents/Breast-Cancer-ML-Pipeline/venv/lib/python3.9/site-packages/airflow/example_dags/example_dag_decorator.py
[2025-04-21T17:07:06.853-0400] {processor.py:830} INFO - Processing file /Users/gaurav/Documents/Breast-Cancer-ML-Pipeline/venv/lib/python3.9/site-packages/airflow/example_dags/example_dag_decorator.py for tasks to queue
[2025-04-21T17:07:06.853-0400] {logging_mixin.py:188} INFO - [2025-04-21T17:07:06.853-0400] {dagbag.py:538} INFO - Filling up the DagBag from /Users/gaurav/Documents/Breast-Cancer-ML-Pipeline/venv/lib/python3.9/site-packages/airflow/example_dags/example_dag_decorator.py
[2025-04-21T17:07:06.976-0400] {processor.py:840} INFO - DAG(s) 'example_dag_decorator' retrieved from /Users/gaurav/Documents/Breast-Cancer-ML-Pipeline/venv/lib/python3.9/site-packages/airflow/example_dags/example_dag_decorator.py
[2025-04-21T17:07:07.100-0400] {logging_mixin.py:188} INFO - [2025-04-21T17:07:07.099-0400] {dag.py:3036} INFO - Sync 1 DAGs
[2025-04-21T17:07:07.105-0400] {logging_mixin.py:188} INFO - [2025-04-21T17:07:07.105-0400] {dag.py:3823} INFO - Setting next_dagrun for example_dag_decorator to None, run_after=None
[2025-04-21T17:07:07.117-0400] {processor.py:183} INFO - Processing /Users/gaurav/Documents/Breast-Cancer-ML-Pipeline/venv/lib/python3.9/site-packages/airflow/example_dags/example_dag_decorator.py took 0.267 seconds
[2025-04-21T17:08:20.262-0400] {processor.py:161} INFO - Started process (PID=85550) to work on /Users/gaurav/Documents/Breast-Cancer-ML-Pipeline/venv/lib/python3.9/site-packages/airflow/example_dags/example_dag_decorator.py
[2025-04-21T17:08:20.264-0400] {processor.py:830} INFO - Processing file /Users/gaurav/Documents/Breast-Cancer-ML-Pipeline/venv/lib/python3.9/site-packages/airflow/example_dags/example_dag_decorator.py for tasks to queue
[2025-04-21T17:08:20.264-0400] {logging_mixin.py:188} INFO - [2025-04-21T17:08:20.264-0400] {dagbag.py:538} INFO - Filling up the DagBag from /Users/gaurav/Documents/Breast-Cancer-ML-Pipeline/venv/lib/python3.9/site-packages/airflow/example_dags/example_dag_decorator.py
[2025-04-21T17:08:20.393-0400] {processor.py:840} INFO - DAG(s) 'example_dag_decorator' retrieved from /Users/gaurav/Documents/Breast-Cancer-ML-Pipeline/venv/lib/python3.9/site-packages/airflow/example_dags/example_dag_decorator.py
[2025-04-21T17:08:20.520-0400] {logging_mixin.py:188} INFO - [2025-04-21T17:08:20.520-0400] {dag.py:3036} INFO - Sync 1 DAGs
[2025-04-21T17:08:20.526-0400] {logging_mixin.py:188} INFO - [2025-04-21T17:08:20.526-0400] {dag.py:3823} INFO - Setting next_dagrun for example_dag_decorator to None, run_after=None
[2025-04-21T17:08:20.539-0400] {processor.py:183} INFO - Processing /Users/gaurav/Documents/Breast-Cancer-ML-Pipeline/venv/lib/python3.9/site-packages/airflow/example_dags/example_dag_decorator.py took 0.278 seconds
[2025-04-21T17:09:33.544-0400] {processor.py:161} INFO - Started process (PID=85631) to work on /Users/gaurav/Documents/Breast-Cancer-ML-Pipeline/venv/lib/python3.9/site-packages/airflow/example_dags/example_dag_decorator.py
[2025-04-21T17:09:33.546-0400] {processor.py:830} INFO - Processing file /Users/gaurav/Documents/Breast-Cancer-ML-Pipeline/venv/lib/python3.9/site-packages/airflow/example_dags/example_dag_decorator.py for tasks to queue
[2025-04-21T17:09:33.546-0400] {logging_mixin.py:188} INFO - [2025-04-21T17:09:33.546-0400] {dagbag.py:538} INFO - Filling up the DagBag from /Users/gaurav/Documents/Breast-Cancer-ML-Pipeline/venv/lib/python3.9/site-packages/airflow/example_dags/example_dag_decorator.py
[2025-04-21T17:09:33.669-0400] {processor.py:840} INFO - DAG(s) 'example_dag_decorator' retrieved from /Users/gaurav/Documents/Breast-Cancer-ML-Pipeline/venv/lib/python3.9/site-packages/airflow/example_dags/example_dag_decorator.py
[2025-04-21T17:09:33.793-0400] {logging_mixin.py:188} INFO - [2025-04-21T17:09:33.793-0400] {dag.py:3036} INFO - Sync 1 DAGs
[2025-04-21T17:09:33.799-0400] {logging_mixin.py:188} INFO - [2025-04-21T17:09:33.798-0400] {dag.py:3823} INFO - Setting next_dagrun for example_dag_decorator to None, run_after=None
[2025-04-21T17:09:33.811-0400] {processor.py:183} INFO - Processing /Users/gaurav/Documents/Breast-Cancer-ML-Pipeline/venv/lib/python3.9/site-packages/airflow/example_dags/example_dag_decorator.py took 0.268 seconds
[2025-04-21T17:10:47.113-0400] {processor.py:161} INFO - Started process (PID=85711) to work on /Users/gaurav/Documents/Breast-Cancer-ML-Pipeline/venv/lib/python3.9/site-packages/airflow/example_dags/example_dag_decorator.py
[2025-04-21T17:10:47.114-0400] {processor.py:830} INFO - Processing file /Users/gaurav/Documents/Breast-Cancer-ML-Pipeline/venv/lib/python3.9/site-packages/airflow/example_dags/example_dag_decorator.py for tasks to queue
[2025-04-21T17:10:47.115-0400] {logging_mixin.py:188} INFO - [2025-04-21T17:10:47.114-0400] {dagbag.py:538} INFO - Filling up the DagBag from /Users/gaurav/Documents/Breast-Cancer-ML-Pipeline/venv/lib/python3.9/site-packages/airflow/example_dags/example_dag_decorator.py
[2025-04-21T17:10:47.238-0400] {processor.py:840} INFO - DAG(s) 'example_dag_decorator' retrieved from /Users/gaurav/Documents/Breast-Cancer-ML-Pipeline/venv/lib/python3.9/site-packages/airflow/example_dags/example_dag_decorator.py
[2025-04-21T17:10:47.364-0400] {logging_mixin.py:188} INFO - [2025-04-21T17:10:47.364-0400] {dag.py:3036} INFO - Sync 1 DAGs
[2025-04-21T17:10:47.370-0400] {logging_mixin.py:188} INFO - [2025-04-21T17:10:47.370-0400] {dag.py:3823} INFO - Setting next_dagrun for example_dag_decorator to None, run_after=None
[2025-04-21T17:10:47.383-0400] {processor.py:183} INFO - Processing /Users/gaurav/Documents/Breast-Cancer-ML-Pipeline/venv/lib/python3.9/site-packages/airflow/example_dags/example_dag_decorator.py took 0.271 seconds
[2025-04-21T17:12:00.656-0400] {processor.py:161} INFO - Started process (PID=85804) to work on /Users/gaurav/Documents/Breast-Cancer-ML-Pipeline/venv/lib/python3.9/site-packages/airflow/example_dags/example_dag_decorator.py
[2025-04-21T17:12:00.659-0400] {processor.py:830} INFO - Processing file /Users/gaurav/Documents/Breast-Cancer-ML-Pipeline/venv/lib/python3.9/site-packages/airflow/example_dags/example_dag_decorator.py for tasks to queue
[2025-04-21T17:12:00.659-0400] {logging_mixin.py:188} INFO - [2025-04-21T17:12:00.659-0400] {dagbag.py:538} INFO - Filling up the DagBag from /Users/gaurav/Documents/Breast-Cancer-ML-Pipeline/venv/lib/python3.9/site-packages/airflow/example_dags/example_dag_decorator.py
[2025-04-21T17:12:00.781-0400] {processor.py:840} INFO - DAG(s) 'example_dag_decorator' retrieved from /Users/gaurav/Documents/Breast-Cancer-ML-Pipeline/venv/lib/python3.9/site-packages/airflow/example_dags/example_dag_decorator.py
[2025-04-21T17:12:00.906-0400] {logging_mixin.py:188} INFO - [2025-04-21T17:12:00.906-0400] {dag.py:3036} INFO - Sync 1 DAGs
[2025-04-21T17:12:00.912-0400] {logging_mixin.py:188} INFO - [2025-04-21T17:12:00.912-0400] {dag.py:3823} INFO - Setting next_dagrun for example_dag_decorator to None, run_after=None
[2025-04-21T17:12:00.924-0400] {processor.py:183} INFO - Processing /Users/gaurav/Documents/Breast-Cancer-ML-Pipeline/venv/lib/python3.9/site-packages/airflow/example_dags/example_dag_decorator.py took 0.269 seconds
[2025-04-21T17:13:13.990-0400] {processor.py:161} INFO - Started process (PID=85884) to work on /Users/gaurav/Documents/Breast-Cancer-ML-Pipeline/venv/lib/python3.9/site-packages/airflow/example_dags/example_dag_decorator.py
[2025-04-21T17:13:13.992-0400] {processor.py:830} INFO - Processing file /Users/gaurav/Documents/Breast-Cancer-ML-Pipeline/venv/lib/python3.9/site-packages/airflow/example_dags/example_dag_decorator.py for tasks to queue
[2025-04-21T17:13:13.992-0400] {logging_mixin.py:188} INFO - [2025-04-21T17:13:13.992-0400] {dagbag.py:538} INFO - Filling up the DagBag from /Users/gaurav/Documents/Breast-Cancer-ML-Pipeline/venv/lib/python3.9/site-packages/airflow/example_dags/example_dag_decorator.py
[2025-04-21T17:13:14.113-0400] {processor.py:840} INFO - DAG(s) 'example_dag_decorator' retrieved from /Users/gaurav/Documents/Breast-Cancer-ML-Pipeline/venv/lib/python3.9/site-packages/airflow/example_dags/example_dag_decorator.py
[2025-04-21T17:13:14.237-0400] {logging_mixin.py:188} INFO - [2025-04-21T17:13:14.237-0400] {dag.py:3036} INFO - Sync 1 DAGs
[2025-04-21T17:13:14.243-0400] {logging_mixin.py:188} INFO - [2025-04-21T17:13:14.242-0400] {dag.py:3823} INFO - Setting next_dagrun for example_dag_decorator to None, run_after=None
[2025-04-21T17:13:14.255-0400] {processor.py:183} INFO - Processing /Users/gaurav/Documents/Breast-Cancer-ML-Pipeline/venv/lib/python3.9/site-packages/airflow/example_dags/example_dag_decorator.py took 0.266 seconds
[2025-04-21T17:14:28.989-0400] {processor.py:161} INFO - Started process (PID=85981) to work on /Users/gaurav/Documents/Breast-Cancer-ML-Pipeline/venv/lib/python3.9/site-packages/airflow/example_dags/example_dag_decorator.py
[2025-04-21T17:14:28.991-0400] {processor.py:830} INFO - Processing file /Users/gaurav/Documents/Breast-Cancer-ML-Pipeline/venv/lib/python3.9/site-packages/airflow/example_dags/example_dag_decorator.py for tasks to queue
[2025-04-21T17:14:28.992-0400] {logging_mixin.py:188} INFO - [2025-04-21T17:14:28.992-0400] {dagbag.py:538} INFO - Filling up the DagBag from /Users/gaurav/Documents/Breast-Cancer-ML-Pipeline/venv/lib/python3.9/site-packages/airflow/example_dags/example_dag_decorator.py
[2025-04-21T17:14:29.114-0400] {processor.py:840} INFO - DAG(s) 'example_dag_decorator' retrieved from /Users/gaurav/Documents/Breast-Cancer-ML-Pipeline/venv/lib/python3.9/site-packages/airflow/example_dags/example_dag_decorator.py
[2025-04-21T17:14:29.238-0400] {logging_mixin.py:188} INFO - [2025-04-21T17:14:29.238-0400] {dag.py:3036} INFO - Sync 1 DAGs
[2025-04-21T17:14:29.244-0400] {logging_mixin.py:188} INFO - [2025-04-21T17:14:29.244-0400] {dag.py:3823} INFO - Setting next_dagrun for example_dag_decorator to None, run_after=None
[2025-04-21T17:14:29.256-0400] {processor.py:183} INFO - Processing /Users/gaurav/Documents/Breast-Cancer-ML-Pipeline/venv/lib/python3.9/site-packages/airflow/example_dags/example_dag_decorator.py took 0.268 seconds
[2025-04-21T17:15:40.955-0400] {processor.py:161} INFO - Started process (PID=86070) to work on /Users/gaurav/Documents/Breast-Cancer-ML-Pipeline/venv/lib/python3.9/site-packages/airflow/example_dags/example_dag_decorator.py
[2025-04-21T17:15:40.958-0400] {processor.py:830} INFO - Processing file /Users/gaurav/Documents/Breast-Cancer-ML-Pipeline/venv/lib/python3.9/site-packages/airflow/example_dags/example_dag_decorator.py for tasks to queue
[2025-04-21T17:15:40.958-0400] {logging_mixin.py:188} INFO - [2025-04-21T17:15:40.958-0400] {dagbag.py:538} INFO - Filling up the DagBag from /Users/gaurav/Documents/Breast-Cancer-ML-Pipeline/venv/lib/python3.9/site-packages/airflow/example_dags/example_dag_decorator.py
[2025-04-21T17:15:41.082-0400] {processor.py:840} INFO - DAG(s) 'example_dag_decorator' retrieved from /Users/gaurav/Documents/Breast-Cancer-ML-Pipeline/venv/lib/python3.9/site-packages/airflow/example_dags/example_dag_decorator.py
[2025-04-21T17:15:41.208-0400] {logging_mixin.py:188} INFO - [2025-04-21T17:15:41.208-0400] {dag.py:3036} INFO - Sync 1 DAGs
[2025-04-21T17:15:41.214-0400] {logging_mixin.py:188} INFO - [2025-04-21T17:15:41.214-0400] {dag.py:3823} INFO - Setting next_dagrun for example_dag_decorator to None, run_after=None
[2025-04-21T17:15:41.226-0400] {processor.py:183} INFO - Processing /Users/gaurav/Documents/Breast-Cancer-ML-Pipeline/venv/lib/python3.9/site-packages/airflow/example_dags/example_dag_decorator.py took 0.272 seconds
[2025-04-21T17:16:54.471-0400] {processor.py:161} INFO - Started process (PID=86160) to work on /Users/gaurav/Documents/Breast-Cancer-ML-Pipeline/venv/lib/python3.9/site-packages/airflow/example_dags/example_dag_decorator.py
[2025-04-21T17:16:54.473-0400] {processor.py:830} INFO - Processing file /Users/gaurav/Documents/Breast-Cancer-ML-Pipeline/venv/lib/python3.9/site-packages/airflow/example_dags/example_dag_decorator.py for tasks to queue
[2025-04-21T17:16:54.474-0400] {logging_mixin.py:188} INFO - [2025-04-21T17:16:54.473-0400] {dagbag.py:538} INFO - Filling up the DagBag from /Users/gaurav/Documents/Breast-Cancer-ML-Pipeline/venv/lib/python3.9/site-packages/airflow/example_dags/example_dag_decorator.py
[2025-04-21T17:16:54.595-0400] {processor.py:840} INFO - DAG(s) 'example_dag_decorator' retrieved from /Users/gaurav/Documents/Breast-Cancer-ML-Pipeline/venv/lib/python3.9/site-packages/airflow/example_dags/example_dag_decorator.py
[2025-04-21T17:16:54.719-0400] {logging_mixin.py:188} INFO - [2025-04-21T17:16:54.719-0400] {dag.py:3036} INFO - Sync 1 DAGs
[2025-04-21T17:16:54.725-0400] {logging_mixin.py:188} INFO - [2025-04-21T17:16:54.725-0400] {dag.py:3823} INFO - Setting next_dagrun for example_dag_decorator to None, run_after=None
[2025-04-21T17:16:54.737-0400] {processor.py:183} INFO - Processing /Users/gaurav/Documents/Breast-Cancer-ML-Pipeline/venv/lib/python3.9/site-packages/airflow/example_dags/example_dag_decorator.py took 0.267 seconds
[2025-04-21T17:18:08.968-0400] {processor.py:161} INFO - Started process (PID=86254) to work on /Users/gaurav/Documents/Breast-Cancer-ML-Pipeline/venv/lib/python3.9/site-packages/airflow/example_dags/example_dag_decorator.py
[2025-04-21T17:18:08.971-0400] {processor.py:830} INFO - Processing file /Users/gaurav/Documents/Breast-Cancer-ML-Pipeline/venv/lib/python3.9/site-packages/airflow/example_dags/example_dag_decorator.py for tasks to queue
[2025-04-21T17:18:08.971-0400] {logging_mixin.py:188} INFO - [2025-04-21T17:18:08.971-0400] {dagbag.py:538} INFO - Filling up the DagBag from /Users/gaurav/Documents/Breast-Cancer-ML-Pipeline/venv/lib/python3.9/site-packages/airflow/example_dags/example_dag_decorator.py
[2025-04-21T17:18:09.095-0400] {processor.py:840} INFO - DAG(s) 'example_dag_decorator' retrieved from /Users/gaurav/Documents/Breast-Cancer-ML-Pipeline/venv/lib/python3.9/site-packages/airflow/example_dags/example_dag_decorator.py
[2025-04-21T17:18:09.224-0400] {logging_mixin.py:188} INFO - [2025-04-21T17:18:09.223-0400] {dag.py:3036} INFO - Sync 1 DAGs
[2025-04-21T17:18:09.229-0400] {logging_mixin.py:188} INFO - [2025-04-21T17:18:09.229-0400] {dag.py:3823} INFO - Setting next_dagrun for example_dag_decorator to None, run_after=None
[2025-04-21T17:18:09.242-0400] {processor.py:183} INFO - Processing /Users/gaurav/Documents/Breast-Cancer-ML-Pipeline/venv/lib/python3.9/site-packages/airflow/example_dags/example_dag_decorator.py took 0.274 seconds
[2025-04-21T17:19:25.645-0400] {processor.py:161} INFO - Started process (PID=86355) to work on /Users/gaurav/Documents/Breast-Cancer-ML-Pipeline/venv/lib/python3.9/site-packages/airflow/example_dags/example_dag_decorator.py
[2025-04-21T17:19:25.646-0400] {processor.py:830} INFO - Processing file /Users/gaurav/Documents/Breast-Cancer-ML-Pipeline/venv/lib/python3.9/site-packages/airflow/example_dags/example_dag_decorator.py for tasks to queue
[2025-04-21T17:19:25.647-0400] {logging_mixin.py:188} INFO - [2025-04-21T17:19:25.647-0400] {dagbag.py:538} INFO - Filling up the DagBag from /Users/gaurav/Documents/Breast-Cancer-ML-Pipeline/venv/lib/python3.9/site-packages/airflow/example_dags/example_dag_decorator.py
[2025-04-21T17:19:25.774-0400] {processor.py:840} INFO - DAG(s) 'example_dag_decorator' retrieved from /Users/gaurav/Documents/Breast-Cancer-ML-Pipeline/venv/lib/python3.9/site-packages/airflow/example_dags/example_dag_decorator.py
[2025-04-21T17:19:25.900-0400] {logging_mixin.py:188} INFO - [2025-04-21T17:19:25.900-0400] {dag.py:3036} INFO - Sync 1 DAGs
[2025-04-21T17:19:25.906-0400] {logging_mixin.py:188} INFO - [2025-04-21T17:19:25.906-0400] {dag.py:3823} INFO - Setting next_dagrun for example_dag_decorator to None, run_after=None
[2025-04-21T17:19:25.918-0400] {processor.py:183} INFO - Processing /Users/gaurav/Documents/Breast-Cancer-ML-Pipeline/venv/lib/python3.9/site-packages/airflow/example_dags/example_dag_decorator.py took 0.274 seconds
[2025-04-21T17:22:29.505-0400] {processor.py:161} INFO - Started process (PID=86545) to work on /Users/gaurav/Documents/Breast-Cancer-ML-Pipeline/venv/lib/python3.9/site-packages/airflow/example_dags/example_dag_decorator.py
[2025-04-21T17:22:29.507-0400] {processor.py:830} INFO - Processing file /Users/gaurav/Documents/Breast-Cancer-ML-Pipeline/venv/lib/python3.9/site-packages/airflow/example_dags/example_dag_decorator.py for tasks to queue
[2025-04-21T17:22:29.508-0400] {logging_mixin.py:188} INFO - [2025-04-21T17:22:29.507-0400] {dagbag.py:538} INFO - Filling up the DagBag from /Users/gaurav/Documents/Breast-Cancer-ML-Pipeline/venv/lib/python3.9/site-packages/airflow/example_dags/example_dag_decorator.py
[2025-04-21T17:22:29.613-0400] {processor.py:840} INFO - DAG(s) 'example_dag_decorator' retrieved from /Users/gaurav/Documents/Breast-Cancer-ML-Pipeline/venv/lib/python3.9/site-packages/airflow/example_dags/example_dag_decorator.py
[2025-04-21T17:22:29.729-0400] {logging_mixin.py:188} INFO - [2025-04-21T17:22:29.728-0400] {dag.py:3036} INFO - Sync 1 DAGs
[2025-04-21T17:22:29.734-0400] {logging_mixin.py:188} INFO - [2025-04-21T17:22:29.734-0400] {dag.py:3823} INFO - Setting next_dagrun for example_dag_decorator to None, run_after=None
[2025-04-21T17:22:29.747-0400] {processor.py:183} INFO - Processing /Users/gaurav/Documents/Breast-Cancer-ML-Pipeline/venv/lib/python3.9/site-packages/airflow/example_dags/example_dag_decorator.py took 0.243 seconds
[2025-04-21T17:24:01.159-0400] {processor.py:161} INFO - Started process (PID=86655) to work on /Users/gaurav/Documents/Breast-Cancer-ML-Pipeline/venv/lib/python3.9/site-packages/airflow/example_dags/example_dag_decorator.py
[2025-04-21T17:24:01.162-0400] {processor.py:830} INFO - Processing file /Users/gaurav/Documents/Breast-Cancer-ML-Pipeline/venv/lib/python3.9/site-packages/airflow/example_dags/example_dag_decorator.py for tasks to queue
[2025-04-21T17:24:01.162-0400] {logging_mixin.py:188} INFO - [2025-04-21T17:24:01.162-0400] {dagbag.py:538} INFO - Filling up the DagBag from /Users/gaurav/Documents/Breast-Cancer-ML-Pipeline/venv/lib/python3.9/site-packages/airflow/example_dags/example_dag_decorator.py
[2025-04-21T17:24:01.286-0400] {processor.py:840} INFO - DAG(s) 'example_dag_decorator' retrieved from /Users/gaurav/Documents/Breast-Cancer-ML-Pipeline/venv/lib/python3.9/site-packages/airflow/example_dags/example_dag_decorator.py
[2025-04-21T17:24:01.412-0400] {logging_mixin.py:188} INFO - [2025-04-21T17:24:01.412-0400] {dag.py:3036} INFO - Sync 1 DAGs
[2025-04-21T17:24:01.418-0400] {logging_mixin.py:188} INFO - [2025-04-21T17:24:01.418-0400] {dag.py:3823} INFO - Setting next_dagrun for example_dag_decorator to None, run_after=None
[2025-04-21T17:24:01.430-0400] {processor.py:183} INFO - Processing /Users/gaurav/Documents/Breast-Cancer-ML-Pipeline/venv/lib/python3.9/site-packages/airflow/example_dags/example_dag_decorator.py took 0.272 seconds
[2025-04-21T17:25:17.796-0400] {processor.py:161} INFO - Started process (PID=86737) to work on /Users/gaurav/Documents/Breast-Cancer-ML-Pipeline/venv/lib/python3.9/site-packages/airflow/example_dags/example_dag_decorator.py
[2025-04-21T17:25:17.798-0400] {processor.py:830} INFO - Processing file /Users/gaurav/Documents/Breast-Cancer-ML-Pipeline/venv/lib/python3.9/site-packages/airflow/example_dags/example_dag_decorator.py for tasks to queue
[2025-04-21T17:25:17.798-0400] {logging_mixin.py:188} INFO - [2025-04-21T17:25:17.798-0400] {dagbag.py:538} INFO - Filling up the DagBag from /Users/gaurav/Documents/Breast-Cancer-ML-Pipeline/venv/lib/python3.9/site-packages/airflow/example_dags/example_dag_decorator.py
[2025-04-21T17:25:17.925-0400] {processor.py:840} INFO - DAG(s) 'example_dag_decorator' retrieved from /Users/gaurav/Documents/Breast-Cancer-ML-Pipeline/venv/lib/python3.9/site-packages/airflow/example_dags/example_dag_decorator.py
[2025-04-21T17:25:18.082-0400] {logging_mixin.py:188} INFO - [2025-04-21T17:25:18.082-0400] {dag.py:3036} INFO - Sync 1 DAGs
[2025-04-21T17:25:18.089-0400] {logging_mixin.py:188} INFO - [2025-04-21T17:25:18.089-0400] {dag.py:3823} INFO - Setting next_dagrun for example_dag_decorator to None, run_after=None
[2025-04-21T17:25:18.103-0400] {processor.py:183} INFO - Processing /Users/gaurav/Documents/Breast-Cancer-ML-Pipeline/venv/lib/python3.9/site-packages/airflow/example_dags/example_dag_decorator.py took 0.308 seconds
[2025-04-21T17:26:33.823-0400] {processor.py:161} INFO - Started process (PID=86853) to work on /Users/gaurav/Documents/Breast-Cancer-ML-Pipeline/venv/lib/python3.9/site-packages/airflow/example_dags/example_dag_decorator.py
[2025-04-21T17:26:33.825-0400] {processor.py:830} INFO - Processing file /Users/gaurav/Documents/Breast-Cancer-ML-Pipeline/venv/lib/python3.9/site-packages/airflow/example_dags/example_dag_decorator.py for tasks to queue
[2025-04-21T17:26:33.826-0400] {logging_mixin.py:188} INFO - [2025-04-21T17:26:33.826-0400] {dagbag.py:538} INFO - Filling up the DagBag from /Users/gaurav/Documents/Breast-Cancer-ML-Pipeline/venv/lib/python3.9/site-packages/airflow/example_dags/example_dag_decorator.py
[2025-04-21T17:26:33.949-0400] {processor.py:840} INFO - DAG(s) 'example_dag_decorator' retrieved from /Users/gaurav/Documents/Breast-Cancer-ML-Pipeline/venv/lib/python3.9/site-packages/airflow/example_dags/example_dag_decorator.py
[2025-04-21T17:26:34.073-0400] {logging_mixin.py:188} INFO - [2025-04-21T17:26:34.073-0400] {dag.py:3036} INFO - Sync 1 DAGs
[2025-04-21T17:26:34.078-0400] {logging_mixin.py:188} INFO - [2025-04-21T17:26:34.078-0400] {dag.py:3823} INFO - Setting next_dagrun for example_dag_decorator to None, run_after=None
[2025-04-21T17:26:34.090-0400] {processor.py:183} INFO - Processing /Users/gaurav/Documents/Breast-Cancer-ML-Pipeline/venv/lib/python3.9/site-packages/airflow/example_dags/example_dag_decorator.py took 0.268 seconds
[2025-04-21T17:28:48.085-0400] {processor.py:161} INFO - Started process (PID=87064) to work on /Users/gaurav/Documents/Breast-Cancer-ML-Pipeline/venv/lib/python3.9/site-packages/airflow/example_dags/example_dag_decorator.py
[2025-04-21T17:28:48.087-0400] {processor.py:830} INFO - Processing file /Users/gaurav/Documents/Breast-Cancer-ML-Pipeline/venv/lib/python3.9/site-packages/airflow/example_dags/example_dag_decorator.py for tasks to queue
[2025-04-21T17:28:48.087-0400] {logging_mixin.py:188} INFO - [2025-04-21T17:28:48.087-0400] {dagbag.py:538} INFO - Filling up the DagBag from /Users/gaurav/Documents/Breast-Cancer-ML-Pipeline/venv/lib/python3.9/site-packages/airflow/example_dags/example_dag_decorator.py
[2025-04-21T17:28:48.192-0400] {processor.py:840} INFO - DAG(s) 'example_dag_decorator' retrieved from /Users/gaurav/Documents/Breast-Cancer-ML-Pipeline/venv/lib/python3.9/site-packages/airflow/example_dags/example_dag_decorator.py
[2025-04-21T17:28:48.317-0400] {logging_mixin.py:188} INFO - [2025-04-21T17:28:48.317-0400] {dag.py:3036} INFO - Sync 1 DAGs
[2025-04-21T17:28:48.323-0400] {logging_mixin.py:188} INFO - [2025-04-21T17:28:48.322-0400] {dag.py:3823} INFO - Setting next_dagrun for example_dag_decorator to None, run_after=None
[2025-04-21T17:28:48.335-0400] {processor.py:183} INFO - Processing /Users/gaurav/Documents/Breast-Cancer-ML-Pipeline/venv/lib/python3.9/site-packages/airflow/example_dags/example_dag_decorator.py took 0.251 seconds
[2025-04-21T17:30:15.772-0400] {processor.py:161} INFO - Started process (PID=87166) to work on /Users/gaurav/Documents/Breast-Cancer-ML-Pipeline/venv/lib/python3.9/site-packages/airflow/example_dags/example_dag_decorator.py
[2025-04-21T17:30:15.773-0400] {processor.py:830} INFO - Processing file /Users/gaurav/Documents/Breast-Cancer-ML-Pipeline/venv/lib/python3.9/site-packages/airflow/example_dags/example_dag_decorator.py for tasks to queue
[2025-04-21T17:30:15.774-0400] {logging_mixin.py:188} INFO - [2025-04-21T17:30:15.773-0400] {dagbag.py:538} INFO - Filling up the DagBag from /Users/gaurav/Documents/Breast-Cancer-ML-Pipeline/venv/lib/python3.9/site-packages/airflow/example_dags/example_dag_decorator.py
[2025-04-21T17:30:15.896-0400] {processor.py:840} INFO - DAG(s) 'example_dag_decorator' retrieved from /Users/gaurav/Documents/Breast-Cancer-ML-Pipeline/venv/lib/python3.9/site-packages/airflow/example_dags/example_dag_decorator.py
[2025-04-21T17:30:16.021-0400] {logging_mixin.py:188} INFO - [2025-04-21T17:30:16.021-0400] {dag.py:3036} INFO - Sync 1 DAGs
[2025-04-21T17:30:16.027-0400] {logging_mixin.py:188} INFO - [2025-04-21T17:30:16.027-0400] {dag.py:3823} INFO - Setting next_dagrun for example_dag_decorator to None, run_after=None
[2025-04-21T17:30:16.039-0400] {processor.py:183} INFO - Processing /Users/gaurav/Documents/Breast-Cancer-ML-Pipeline/venv/lib/python3.9/site-packages/airflow/example_dags/example_dag_decorator.py took 0.268 seconds
[2025-04-21T17:31:31.561-0400] {processor.py:161} INFO - Started process (PID=87250) to work on /Users/gaurav/Documents/Breast-Cancer-ML-Pipeline/venv/lib/python3.9/site-packages/airflow/example_dags/example_dag_decorator.py
[2025-04-21T17:31:31.563-0400] {processor.py:830} INFO - Processing file /Users/gaurav/Documents/Breast-Cancer-ML-Pipeline/venv/lib/python3.9/site-packages/airflow/example_dags/example_dag_decorator.py for tasks to queue
[2025-04-21T17:31:31.564-0400] {logging_mixin.py:188} INFO - [2025-04-21T17:31:31.564-0400] {dagbag.py:538} INFO - Filling up the DagBag from /Users/gaurav/Documents/Breast-Cancer-ML-Pipeline/venv/lib/python3.9/site-packages/airflow/example_dags/example_dag_decorator.py
[2025-04-21T17:31:31.688-0400] {processor.py:840} INFO - DAG(s) 'example_dag_decorator' retrieved from /Users/gaurav/Documents/Breast-Cancer-ML-Pipeline/venv/lib/python3.9/site-packages/airflow/example_dags/example_dag_decorator.py
[2025-04-21T17:31:31.815-0400] {logging_mixin.py:188} INFO - [2025-04-21T17:31:31.815-0400] {dag.py:3036} INFO - Sync 1 DAGs
[2025-04-21T17:31:31.821-0400] {logging_mixin.py:188} INFO - [2025-04-21T17:31:31.821-0400] {dag.py:3823} INFO - Setting next_dagrun for example_dag_decorator to None, run_after=None
[2025-04-21T17:31:31.833-0400] {processor.py:183} INFO - Processing /Users/gaurav/Documents/Breast-Cancer-ML-Pipeline/venv/lib/python3.9/site-packages/airflow/example_dags/example_dag_decorator.py took 0.272 seconds
[2025-04-21T17:37:46.074-0400] {processor.py:161} INFO - Started process (PID=87818) to work on /Users/gaurav/Documents/Breast-Cancer-ML-Pipeline/venv/lib/python3.9/site-packages/airflow/example_dags/example_dag_decorator.py
[2025-04-21T17:37:46.076-0400] {processor.py:830} INFO - Processing file /Users/gaurav/Documents/Breast-Cancer-ML-Pipeline/venv/lib/python3.9/site-packages/airflow/example_dags/example_dag_decorator.py for tasks to queue
[2025-04-21T17:37:46.076-0400] {logging_mixin.py:188} INFO - [2025-04-21T17:37:46.076-0400] {dagbag.py:538} INFO - Filling up the DagBag from /Users/gaurav/Documents/Breast-Cancer-ML-Pipeline/venv/lib/python3.9/site-packages/airflow/example_dags/example_dag_decorator.py
[2025-04-21T17:37:46.199-0400] {processor.py:840} INFO - DAG(s) 'example_dag_decorator' retrieved from /Users/gaurav/Documents/Breast-Cancer-ML-Pipeline/venv/lib/python3.9/site-packages/airflow/example_dags/example_dag_decorator.py
[2025-04-21T17:37:46.317-0400] {logging_mixin.py:188} INFO - [2025-04-21T17:37:46.317-0400] {dag.py:3036} INFO - Sync 1 DAGs
[2025-04-21T17:37:46.323-0400] {logging_mixin.py:188} INFO - [2025-04-21T17:37:46.323-0400] {dag.py:3823} INFO - Setting next_dagrun for example_dag_decorator to None, run_after=None
[2025-04-21T17:37:46.336-0400] {processor.py:183} INFO - Processing /Users/gaurav/Documents/Breast-Cancer-ML-Pipeline/venv/lib/python3.9/site-packages/airflow/example_dags/example_dag_decorator.py took 0.263 seconds
[2025-04-21T17:40:18.748-0400] {processor.py:161} INFO - Started process (PID=88006) to work on /Users/gaurav/Documents/Breast-Cancer-ML-Pipeline/venv/lib/python3.9/site-packages/airflow/example_dags/example_dag_decorator.py
[2025-04-21T17:40:18.749-0400] {processor.py:830} INFO - Processing file /Users/gaurav/Documents/Breast-Cancer-ML-Pipeline/venv/lib/python3.9/site-packages/airflow/example_dags/example_dag_decorator.py for tasks to queue
[2025-04-21T17:40:18.750-0400] {logging_mixin.py:188} INFO - [2025-04-21T17:40:18.749-0400] {dagbag.py:538} INFO - Filling up the DagBag from /Users/gaurav/Documents/Breast-Cancer-ML-Pipeline/venv/lib/python3.9/site-packages/airflow/example_dags/example_dag_decorator.py
[2025-04-21T17:40:18.869-0400] {processor.py:840} INFO - DAG(s) 'example_dag_decorator' retrieved from /Users/gaurav/Documents/Breast-Cancer-ML-Pipeline/venv/lib/python3.9/site-packages/airflow/example_dags/example_dag_decorator.py
[2025-04-21T17:40:19.005-0400] {logging_mixin.py:188} INFO - [2025-04-21T17:40:19.005-0400] {dag.py:3036} INFO - Sync 1 DAGs
[2025-04-21T17:40:19.013-0400] {logging_mixin.py:188} INFO - [2025-04-21T17:40:19.012-0400] {dag.py:3823} INFO - Setting next_dagrun for example_dag_decorator to None, run_after=None
[2025-04-21T17:40:19.026-0400] {processor.py:183} INFO - Processing /Users/gaurav/Documents/Breast-Cancer-ML-Pipeline/venv/lib/python3.9/site-packages/airflow/example_dags/example_dag_decorator.py took 0.279 seconds
[2025-04-21T17:42:14.877-0400] {processor.py:161} INFO - Started process (PID=88154) to work on /Users/gaurav/Documents/Breast-Cancer-ML-Pipeline/venv/lib/python3.9/site-packages/airflow/example_dags/example_dag_decorator.py
[2025-04-21T17:42:14.878-0400] {processor.py:830} INFO - Processing file /Users/gaurav/Documents/Breast-Cancer-ML-Pipeline/venv/lib/python3.9/site-packages/airflow/example_dags/example_dag_decorator.py for tasks to queue
[2025-04-21T17:42:14.879-0400] {logging_mixin.py:188} INFO - [2025-04-21T17:42:14.879-0400] {dagbag.py:538} INFO - Filling up the DagBag from /Users/gaurav/Documents/Breast-Cancer-ML-Pipeline/venv/lib/python3.9/site-packages/airflow/example_dags/example_dag_decorator.py
[2025-04-21T17:42:14.998-0400] {processor.py:840} INFO - DAG(s) 'example_dag_decorator' retrieved from /Users/gaurav/Documents/Breast-Cancer-ML-Pipeline/venv/lib/python3.9/site-packages/airflow/example_dags/example_dag_decorator.py
[2025-04-21T17:42:15.120-0400] {logging_mixin.py:188} INFO - [2025-04-21T17:42:15.120-0400] {dag.py:3036} INFO - Sync 1 DAGs
[2025-04-21T17:42:15.126-0400] {logging_mixin.py:188} INFO - [2025-04-21T17:42:15.126-0400] {dag.py:3823} INFO - Setting next_dagrun for example_dag_decorator to None, run_after=None
[2025-04-21T17:42:15.138-0400] {processor.py:183} INFO - Processing /Users/gaurav/Documents/Breast-Cancer-ML-Pipeline/venv/lib/python3.9/site-packages/airflow/example_dags/example_dag_decorator.py took 0.263 seconds
[2025-04-21T17:43:26.344-0400] {processor.py:161} INFO - Started process (PID=88233) to work on /Users/gaurav/Documents/Breast-Cancer-ML-Pipeline/venv/lib/python3.9/site-packages/airflow/example_dags/example_dag_decorator.py
[2025-04-21T17:43:26.346-0400] {processor.py:830} INFO - Processing file /Users/gaurav/Documents/Breast-Cancer-ML-Pipeline/venv/lib/python3.9/site-packages/airflow/example_dags/example_dag_decorator.py for tasks to queue
[2025-04-21T17:43:26.346-0400] {logging_mixin.py:188} INFO - [2025-04-21T17:43:26.346-0400] {dagbag.py:538} INFO - Filling up the DagBag from /Users/gaurav/Documents/Breast-Cancer-ML-Pipeline/venv/lib/python3.9/site-packages/airflow/example_dags/example_dag_decorator.py
[2025-04-21T17:43:26.468-0400] {processor.py:840} INFO - DAG(s) 'example_dag_decorator' retrieved from /Users/gaurav/Documents/Breast-Cancer-ML-Pipeline/venv/lib/python3.9/site-packages/airflow/example_dags/example_dag_decorator.py
[2025-04-21T17:43:26.592-0400] {logging_mixin.py:188} INFO - [2025-04-21T17:43:26.592-0400] {dag.py:3036} INFO - Sync 1 DAGs
[2025-04-21T17:43:26.598-0400] {logging_mixin.py:188} INFO - [2025-04-21T17:43:26.598-0400] {dag.py:3823} INFO - Setting next_dagrun for example_dag_decorator to None, run_after=None
[2025-04-21T17:43:26.611-0400] {processor.py:183} INFO - Processing /Users/gaurav/Documents/Breast-Cancer-ML-Pipeline/venv/lib/python3.9/site-packages/airflow/example_dags/example_dag_decorator.py took 0.268 seconds
[2025-04-21T17:44:38.476-0400] {processor.py:161} INFO - Started process (PID=88321) to work on /Users/gaurav/Documents/Breast-Cancer-ML-Pipeline/venv/lib/python3.9/site-packages/airflow/example_dags/example_dag_decorator.py
[2025-04-21T17:44:38.477-0400] {processor.py:830} INFO - Processing file /Users/gaurav/Documents/Breast-Cancer-ML-Pipeline/venv/lib/python3.9/site-packages/airflow/example_dags/example_dag_decorator.py for tasks to queue
[2025-04-21T17:44:38.478-0400] {logging_mixin.py:188} INFO - [2025-04-21T17:44:38.478-0400] {dagbag.py:538} INFO - Filling up the DagBag from /Users/gaurav/Documents/Breast-Cancer-ML-Pipeline/venv/lib/python3.9/site-packages/airflow/example_dags/example_dag_decorator.py
[2025-04-21T17:44:38.667-0400] {processor.py:840} INFO - DAG(s) 'example_dag_decorator' retrieved from /Users/gaurav/Documents/Breast-Cancer-ML-Pipeline/venv/lib/python3.9/site-packages/airflow/example_dags/example_dag_decorator.py
[2025-04-21T17:44:38.852-0400] {logging_mixin.py:188} INFO - [2025-04-21T17:44:38.852-0400] {dag.py:3036} INFO - Sync 1 DAGs
[2025-04-21T17:44:38.859-0400] {logging_mixin.py:188} INFO - [2025-04-21T17:44:38.858-0400] {dag.py:3823} INFO - Setting next_dagrun for example_dag_decorator to None, run_after=None
[2025-04-21T17:44:38.878-0400] {processor.py:183} INFO - Processing /Users/gaurav/Documents/Breast-Cancer-ML-Pipeline/venv/lib/python3.9/site-packages/airflow/example_dags/example_dag_decorator.py took 0.403 seconds
[2025-04-21T17:45:34.600-0400] {processor.py:161} INFO - Started process (PID=88407) to work on /Users/gaurav/Documents/Breast-Cancer-ML-Pipeline/venv/lib/python3.9/site-packages/airflow/example_dags/example_dag_decorator.py
[2025-04-21T17:45:34.602-0400] {processor.py:830} INFO - Processing file /Users/gaurav/Documents/Breast-Cancer-ML-Pipeline/venv/lib/python3.9/site-packages/airflow/example_dags/example_dag_decorator.py for tasks to queue
[2025-04-21T17:45:34.603-0400] {logging_mixin.py:188} INFO - [2025-04-21T17:45:34.603-0400] {dagbag.py:538} INFO - Filling up the DagBag from /Users/gaurav/Documents/Breast-Cancer-ML-Pipeline/venv/lib/python3.9/site-packages/airflow/example_dags/example_dag_decorator.py
[2025-04-21T17:45:34.726-0400] {processor.py:840} INFO - DAG(s) 'example_dag_decorator' retrieved from /Users/gaurav/Documents/Breast-Cancer-ML-Pipeline/venv/lib/python3.9/site-packages/airflow/example_dags/example_dag_decorator.py
[2025-04-21T17:45:34.832-0400] {logging_mixin.py:188} INFO - [2025-04-21T17:45:34.832-0400] {dag.py:3036} INFO - Sync 1 DAGs
[2025-04-21T17:45:34.837-0400] {logging_mixin.py:188} INFO - [2025-04-21T17:45:34.837-0400] {dag.py:3823} INFO - Setting next_dagrun for example_dag_decorator to None, run_after=None
[2025-04-21T17:45:34.848-0400] {processor.py:183} INFO - Processing /Users/gaurav/Documents/Breast-Cancer-ML-Pipeline/venv/lib/python3.9/site-packages/airflow/example_dags/example_dag_decorator.py took 0.249 seconds
[2025-04-21T17:46:32.148-0400] {processor.py:161} INFO - Started process (PID=88542) to work on /Users/gaurav/Documents/Breast-Cancer-ML-Pipeline/venv/lib/python3.9/site-packages/airflow/example_dags/example_dag_decorator.py
[2025-04-21T17:46:32.149-0400] {processor.py:830} INFO - Processing file /Users/gaurav/Documents/Breast-Cancer-ML-Pipeline/venv/lib/python3.9/site-packages/airflow/example_dags/example_dag_decorator.py for tasks to queue
[2025-04-21T17:46:32.149-0400] {logging_mixin.py:188} INFO - [2025-04-21T17:46:32.149-0400] {dagbag.py:538} INFO - Filling up the DagBag from /Users/gaurav/Documents/Breast-Cancer-ML-Pipeline/venv/lib/python3.9/site-packages/airflow/example_dags/example_dag_decorator.py
[2025-04-21T17:46:32.234-0400] {processor.py:840} INFO - DAG(s) 'example_dag_decorator' retrieved from /Users/gaurav/Documents/Breast-Cancer-ML-Pipeline/venv/lib/python3.9/site-packages/airflow/example_dags/example_dag_decorator.py
[2025-04-21T17:46:32.334-0400] {logging_mixin.py:188} INFO - [2025-04-21T17:46:32.334-0400] {dag.py:3036} INFO - Sync 1 DAGs
[2025-04-21T17:46:32.339-0400] {logging_mixin.py:188} INFO - [2025-04-21T17:46:32.339-0400] {dag.py:3823} INFO - Setting next_dagrun for example_dag_decorator to None, run_after=None
[2025-04-21T17:46:32.349-0400] {processor.py:183} INFO - Processing /Users/gaurav/Documents/Breast-Cancer-ML-Pipeline/venv/lib/python3.9/site-packages/airflow/example_dags/example_dag_decorator.py took 0.201 seconds
[2025-04-21T17:47:28.458-0400] {processor.py:161} INFO - Started process (PID=88613) to work on /Users/gaurav/Documents/Breast-Cancer-ML-Pipeline/venv/lib/python3.9/site-packages/airflow/example_dags/example_dag_decorator.py
[2025-04-21T17:47:28.459-0400] {processor.py:830} INFO - Processing file /Users/gaurav/Documents/Breast-Cancer-ML-Pipeline/venv/lib/python3.9/site-packages/airflow/example_dags/example_dag_decorator.py for tasks to queue
[2025-04-21T17:47:28.460-0400] {logging_mixin.py:188} INFO - [2025-04-21T17:47:28.460-0400] {dagbag.py:538} INFO - Filling up the DagBag from /Users/gaurav/Documents/Breast-Cancer-ML-Pipeline/venv/lib/python3.9/site-packages/airflow/example_dags/example_dag_decorator.py
[2025-04-21T17:47:28.562-0400] {processor.py:840} INFO - DAG(s) 'example_dag_decorator' retrieved from /Users/gaurav/Documents/Breast-Cancer-ML-Pipeline/venv/lib/python3.9/site-packages/airflow/example_dags/example_dag_decorator.py
[2025-04-21T17:47:28.663-0400] {logging_mixin.py:188} INFO - [2025-04-21T17:47:28.662-0400] {dag.py:3036} INFO - Sync 1 DAGs
[2025-04-21T17:47:28.667-0400] {logging_mixin.py:188} INFO - [2025-04-21T17:47:28.667-0400] {dag.py:3823} INFO - Setting next_dagrun for example_dag_decorator to None, run_after=None
[2025-04-21T17:47:28.677-0400] {processor.py:183} INFO - Processing /Users/gaurav/Documents/Breast-Cancer-ML-Pipeline/venv/lib/python3.9/site-packages/airflow/example_dags/example_dag_decorator.py took 0.219 seconds
[2025-04-21T17:48:36.709-0400] {processor.py:161} INFO - Started process (PID=88700) to work on /Users/gaurav/Documents/Breast-Cancer-ML-Pipeline/venv/lib/python3.9/site-packages/airflow/example_dags/example_dag_decorator.py
[2025-04-21T17:48:36.711-0400] {processor.py:830} INFO - Processing file /Users/gaurav/Documents/Breast-Cancer-ML-Pipeline/venv/lib/python3.9/site-packages/airflow/example_dags/example_dag_decorator.py for tasks to queue
[2025-04-21T17:48:36.712-0400] {logging_mixin.py:188} INFO - [2025-04-21T17:48:36.712-0400] {dagbag.py:538} INFO - Filling up the DagBag from /Users/gaurav/Documents/Breast-Cancer-ML-Pipeline/venv/lib/python3.9/site-packages/airflow/example_dags/example_dag_decorator.py
[2025-04-21T17:48:36.810-0400] {processor.py:840} INFO - DAG(s) 'example_dag_decorator' retrieved from /Users/gaurav/Documents/Breast-Cancer-ML-Pipeline/venv/lib/python3.9/site-packages/airflow/example_dags/example_dag_decorator.py
[2025-04-21T17:48:36.909-0400] {logging_mixin.py:188} INFO - [2025-04-21T17:48:36.909-0400] {dag.py:3036} INFO - Sync 1 DAGs
[2025-04-21T17:48:36.914-0400] {logging_mixin.py:188} INFO - [2025-04-21T17:48:36.914-0400] {dag.py:3823} INFO - Setting next_dagrun for example_dag_decorator to None, run_after=None
[2025-04-21T17:48:36.923-0400] {processor.py:183} INFO - Processing /Users/gaurav/Documents/Breast-Cancer-ML-Pipeline/venv/lib/python3.9/site-packages/airflow/example_dags/example_dag_decorator.py took 0.214 seconds
[2025-04-21T17:49:40.353-0400] {processor.py:161} INFO - Started process (PID=88793) to work on /Users/gaurav/Documents/Breast-Cancer-ML-Pipeline/venv/lib/python3.9/site-packages/airflow/example_dags/example_dag_decorator.py
[2025-04-21T17:49:40.355-0400] {processor.py:830} INFO - Processing file /Users/gaurav/Documents/Breast-Cancer-ML-Pipeline/venv/lib/python3.9/site-packages/airflow/example_dags/example_dag_decorator.py for tasks to queue
[2025-04-21T17:49:40.355-0400] {logging_mixin.py:188} INFO - [2025-04-21T17:49:40.355-0400] {dagbag.py:538} INFO - Filling up the DagBag from /Users/gaurav/Documents/Breast-Cancer-ML-Pipeline/venv/lib/python3.9/site-packages/airflow/example_dags/example_dag_decorator.py
[2025-04-21T17:49:40.454-0400] {processor.py:840} INFO - DAG(s) 'example_dag_decorator' retrieved from /Users/gaurav/Documents/Breast-Cancer-ML-Pipeline/venv/lib/python3.9/site-packages/airflow/example_dags/example_dag_decorator.py
[2025-04-21T17:49:40.547-0400] {logging_mixin.py:188} INFO - [2025-04-21T17:49:40.547-0400] {dag.py:3036} INFO - Sync 1 DAGs
[2025-04-21T17:49:40.552-0400] {logging_mixin.py:188} INFO - [2025-04-21T17:49:40.552-0400] {dag.py:3823} INFO - Setting next_dagrun for example_dag_decorator to None, run_after=None
[2025-04-21T17:49:40.561-0400] {processor.py:183} INFO - Processing /Users/gaurav/Documents/Breast-Cancer-ML-Pipeline/venv/lib/python3.9/site-packages/airflow/example_dags/example_dag_decorator.py took 0.209 seconds
[2025-04-21T17:50:56.473-0400] {processor.py:161} INFO - Started process (PID=88901) to work on /Users/gaurav/Documents/Breast-Cancer-ML-Pipeline/venv/lib/python3.9/site-packages/airflow/example_dags/example_dag_decorator.py
[2025-04-21T17:50:56.474-0400] {processor.py:830} INFO - Processing file /Users/gaurav/Documents/Breast-Cancer-ML-Pipeline/venv/lib/python3.9/site-packages/airflow/example_dags/example_dag_decorator.py for tasks to queue
[2025-04-21T17:50:56.475-0400] {logging_mixin.py:188} INFO - [2025-04-21T17:50:56.475-0400] {dagbag.py:538} INFO - Filling up the DagBag from /Users/gaurav/Documents/Breast-Cancer-ML-Pipeline/venv/lib/python3.9/site-packages/airflow/example_dags/example_dag_decorator.py
[2025-04-21T17:50:56.572-0400] {processor.py:840} INFO - DAG(s) 'example_dag_decorator' retrieved from /Users/gaurav/Documents/Breast-Cancer-ML-Pipeline/venv/lib/python3.9/site-packages/airflow/example_dags/example_dag_decorator.py
[2025-04-21T17:50:56.669-0400] {logging_mixin.py:188} INFO - [2025-04-21T17:50:56.669-0400] {dag.py:3036} INFO - Sync 1 DAGs
[2025-04-21T17:50:56.674-0400] {logging_mixin.py:188} INFO - [2025-04-21T17:50:56.674-0400] {dag.py:3823} INFO - Setting next_dagrun for example_dag_decorator to None, run_after=None
[2025-04-21T17:50:56.683-0400] {processor.py:183} INFO - Processing /Users/gaurav/Documents/Breast-Cancer-ML-Pipeline/venv/lib/python3.9/site-packages/airflow/example_dags/example_dag_decorator.py took 0.211 seconds
[2025-04-21T17:52:14.216-0400] {processor.py:161} INFO - Started process (PID=89009) to work on /Users/gaurav/Documents/Breast-Cancer-ML-Pipeline/venv/lib/python3.9/site-packages/airflow/example_dags/example_dag_decorator.py
[2025-04-21T17:52:14.218-0400] {processor.py:830} INFO - Processing file /Users/gaurav/Documents/Breast-Cancer-ML-Pipeline/venv/lib/python3.9/site-packages/airflow/example_dags/example_dag_decorator.py for tasks to queue
[2025-04-21T17:52:14.218-0400] {logging_mixin.py:188} INFO - [2025-04-21T17:52:14.218-0400] {dagbag.py:538} INFO - Filling up the DagBag from /Users/gaurav/Documents/Breast-Cancer-ML-Pipeline/venv/lib/python3.9/site-packages/airflow/example_dags/example_dag_decorator.py
[2025-04-21T17:52:14.318-0400] {processor.py:840} INFO - DAG(s) 'example_dag_decorator' retrieved from /Users/gaurav/Documents/Breast-Cancer-ML-Pipeline/venv/lib/python3.9/site-packages/airflow/example_dags/example_dag_decorator.py
[2025-04-21T17:52:14.416-0400] {logging_mixin.py:188} INFO - [2025-04-21T17:52:14.416-0400] {dag.py:3036} INFO - Sync 1 DAGs
[2025-04-21T17:52:14.420-0400] {logging_mixin.py:188} INFO - [2025-04-21T17:52:14.420-0400] {dag.py:3823} INFO - Setting next_dagrun for example_dag_decorator to None, run_after=None
[2025-04-21T17:52:14.430-0400] {processor.py:183} INFO - Processing /Users/gaurav/Documents/Breast-Cancer-ML-Pipeline/venv/lib/python3.9/site-packages/airflow/example_dags/example_dag_decorator.py took 0.214 seconds
[2025-04-21T17:53:31.026-0400] {processor.py:161} INFO - Started process (PID=89110) to work on /Users/gaurav/Documents/Breast-Cancer-ML-Pipeline/venv/lib/python3.9/site-packages/airflow/example_dags/example_dag_decorator.py
[2025-04-21T17:53:31.028-0400] {processor.py:830} INFO - Processing file /Users/gaurav/Documents/Breast-Cancer-ML-Pipeline/venv/lib/python3.9/site-packages/airflow/example_dags/example_dag_decorator.py for tasks to queue
[2025-04-21T17:53:31.029-0400] {logging_mixin.py:188} INFO - [2025-04-21T17:53:31.028-0400] {dagbag.py:538} INFO - Filling up the DagBag from /Users/gaurav/Documents/Breast-Cancer-ML-Pipeline/venv/lib/python3.9/site-packages/airflow/example_dags/example_dag_decorator.py
[2025-04-21T17:53:31.132-0400] {processor.py:840} INFO - DAG(s) 'example_dag_decorator' retrieved from /Users/gaurav/Documents/Breast-Cancer-ML-Pipeline/venv/lib/python3.9/site-packages/airflow/example_dags/example_dag_decorator.py
[2025-04-21T17:53:31.235-0400] {logging_mixin.py:188} INFO - [2025-04-21T17:53:31.235-0400] {dag.py:3036} INFO - Sync 1 DAGs
[2025-04-21T17:53:31.240-0400] {logging_mixin.py:188} INFO - [2025-04-21T17:53:31.239-0400] {dag.py:3823} INFO - Setting next_dagrun for example_dag_decorator to None, run_after=None
[2025-04-21T17:53:31.249-0400] {processor.py:183} INFO - Processing /Users/gaurav/Documents/Breast-Cancer-ML-Pipeline/venv/lib/python3.9/site-packages/airflow/example_dags/example_dag_decorator.py took 0.224 seconds
[2025-04-21T17:54:49.996-0400] {processor.py:161} INFO - Started process (PID=89232) to work on /Users/gaurav/Documents/Breast-Cancer-ML-Pipeline/venv/lib/python3.9/site-packages/airflow/example_dags/example_dag_decorator.py
[2025-04-21T17:54:49.997-0400] {processor.py:830} INFO - Processing file /Users/gaurav/Documents/Breast-Cancer-ML-Pipeline/venv/lib/python3.9/site-packages/airflow/example_dags/example_dag_decorator.py for tasks to queue
[2025-04-21T17:54:49.998-0400] {logging_mixin.py:188} INFO - [2025-04-21T17:54:49.998-0400] {dagbag.py:538} INFO - Filling up the DagBag from /Users/gaurav/Documents/Breast-Cancer-ML-Pipeline/venv/lib/python3.9/site-packages/airflow/example_dags/example_dag_decorator.py
[2025-04-21T17:54:50.109-0400] {processor.py:840} INFO - DAG(s) 'example_dag_decorator' retrieved from /Users/gaurav/Documents/Breast-Cancer-ML-Pipeline/venv/lib/python3.9/site-packages/airflow/example_dags/example_dag_decorator.py
[2025-04-21T17:54:50.218-0400] {logging_mixin.py:188} INFO - [2025-04-21T17:54:50.218-0400] {dag.py:3036} INFO - Sync 1 DAGs
[2025-04-21T17:54:50.222-0400] {logging_mixin.py:188} INFO - [2025-04-21T17:54:50.222-0400] {dag.py:3823} INFO - Setting next_dagrun for example_dag_decorator to None, run_after=None
[2025-04-21T17:54:50.232-0400] {processor.py:183} INFO - Processing /Users/gaurav/Documents/Breast-Cancer-ML-Pipeline/venv/lib/python3.9/site-packages/airflow/example_dags/example_dag_decorator.py took 0.237 seconds
