[2025-04-21T16:38:55.571-0400] {processor.py:161} INFO - Started process (PID=83531) to work on /Users/gaurav/Documents/Breast-Cancer-ML-Pipeline/venv/lib/python3.9/site-packages/airflow/example_dags/example_skip_dag.py
[2025-04-21T16:38:55.572-0400] {processor.py:830} INFO - Processing file /Users/gaurav/Documents/Breast-Cancer-ML-Pipeline/venv/lib/python3.9/site-packages/airflow/example_dags/example_skip_dag.py for tasks to queue
[2025-04-21T16:38:55.572-0400] {logging_mixin.py:188} INFO - [2025-04-21T16:38:55.572-0400] {dagbag.py:538} INFO - Filling up the DagBag from /Users/gaurav/Documents/Breast-Cancer-ML-Pipeline/venv/lib/python3.9/site-packages/airflow/example_dags/example_skip_dag.py
[2025-04-21T16:38:55.578-0400] {processor.py:840} INFO - DAG(s) 'example_skip_dag' retrieved from /Users/gaurav/Documents/Breast-Cancer-ML-Pipeline/venv/lib/python3.9/site-packages/airflow/example_dags/example_skip_dag.py
[2025-04-21T16:38:55.703-0400] {logging_mixin.py:188} INFO - [2025-04-21T16:38:55.703-0400] {override.py:1769} INFO - Created Permission View: can edit on DAG:example_skip_dag
[2025-04-21T16:38:55.709-0400] {logging_mixin.py:188} INFO - [2025-04-21T16:38:55.709-0400] {override.py:1769} INFO - Created Permission View: can read on DAG:example_skip_dag
[2025-04-21T16:38:55.715-0400] {logging_mixin.py:188} INFO - [2025-04-21T16:38:55.715-0400] {override.py:1769} INFO - Created Permission View: can delete on DAG:example_skip_dag
[2025-04-21T16:38:55.716-0400] {logging_mixin.py:188} INFO - [2025-04-21T16:38:55.716-0400] {dag.py:3036} INFO - Sync 1 DAGs
[2025-04-21T16:38:55.723-0400] {logging_mixin.py:188} INFO - [2025-04-21T16:38:55.723-0400] {dag.py:3058} INFO - Creating ORM DAG for example_skip_dag
[2025-04-21T16:38:55.729-0400] {logging_mixin.py:188} INFO - [2025-04-21T16:38:55.729-0400] {dag.py:3823} INFO - Setting next_dagrun for example_skip_dag to 2025-04-20 00:00:00+00:00, run_after=2025-04-21 00:00:00+00:00
[2025-04-21T16:38:55.741-0400] {processor.py:183} INFO - Processing /Users/gaurav/Documents/Breast-Cancer-ML-Pipeline/venv/lib/python3.9/site-packages/airflow/example_dags/example_skip_dag.py took 0.172 seconds
[2025-04-21T16:40:50.232-0400] {processor.py:161} INFO - Started process (PID=83638) to work on /Users/gaurav/Documents/Breast-Cancer-ML-Pipeline/venv/lib/python3.9/site-packages/airflow/example_dags/example_skip_dag.py
[2025-04-21T16:40:50.234-0400] {processor.py:830} INFO - Processing file /Users/gaurav/Documents/Breast-Cancer-ML-Pipeline/venv/lib/python3.9/site-packages/airflow/example_dags/example_skip_dag.py for tasks to queue
[2025-04-21T16:40:50.235-0400] {logging_mixin.py:188} INFO - [2025-04-21T16:40:50.235-0400] {dagbag.py:538} INFO - Filling up the DagBag from /Users/gaurav/Documents/Breast-Cancer-ML-Pipeline/venv/lib/python3.9/site-packages/airflow/example_dags/example_skip_dag.py
[2025-04-21T16:40:50.240-0400] {processor.py:840} INFO - DAG(s) 'example_skip_dag' retrieved from /Users/gaurav/Documents/Breast-Cancer-ML-Pipeline/venv/lib/python3.9/site-packages/airflow/example_dags/example_skip_dag.py
[2025-04-21T16:40:50.305-0400] {logging_mixin.py:188} INFO - [2025-04-21T16:40:50.305-0400] {dag.py:3036} INFO - Sync 1 DAGs
[2025-04-21T16:40:50.317-0400] {logging_mixin.py:188} INFO - [2025-04-21T16:40:50.317-0400] {dag.py:3823} INFO - Setting next_dagrun for example_skip_dag to 2025-04-20 00:00:00+00:00, run_after=2025-04-21 00:00:00+00:00
[2025-04-21T16:40:50.329-0400] {processor.py:183} INFO - Processing /Users/gaurav/Documents/Breast-Cancer-ML-Pipeline/venv/lib/python3.9/site-packages/airflow/example_dags/example_skip_dag.py took 0.098 seconds
[2025-04-21T16:42:11.549-0400] {processor.py:161} INFO - Started process (PID=83705) to work on /Users/gaurav/Documents/Breast-Cancer-ML-Pipeline/venv/lib/python3.9/site-packages/airflow/example_dags/example_skip_dag.py
[2025-04-21T16:42:11.551-0400] {processor.py:830} INFO - Processing file /Users/gaurav/Documents/Breast-Cancer-ML-Pipeline/venv/lib/python3.9/site-packages/airflow/example_dags/example_skip_dag.py for tasks to queue
[2025-04-21T16:42:11.552-0400] {logging_mixin.py:188} INFO - [2025-04-21T16:42:11.552-0400] {dagbag.py:538} INFO - Filling up the DagBag from /Users/gaurav/Documents/Breast-Cancer-ML-Pipeline/venv/lib/python3.9/site-packages/airflow/example_dags/example_skip_dag.py
[2025-04-21T16:42:11.557-0400] {processor.py:840} INFO - DAG(s) 'example_skip_dag' retrieved from /Users/gaurav/Documents/Breast-Cancer-ML-Pipeline/venv/lib/python3.9/site-packages/airflow/example_dags/example_skip_dag.py
[2025-04-21T16:42:11.623-0400] {logging_mixin.py:188} INFO - [2025-04-21T16:42:11.622-0400] {dag.py:3036} INFO - Sync 1 DAGs
[2025-04-21T16:42:11.634-0400] {logging_mixin.py:188} INFO - [2025-04-21T16:42:11.634-0400] {dag.py:3823} INFO - Setting next_dagrun for example_skip_dag to 2025-04-20 00:00:00+00:00, run_after=2025-04-21 00:00:00+00:00
[2025-04-21T16:42:11.646-0400] {processor.py:183} INFO - Processing /Users/gaurav/Documents/Breast-Cancer-ML-Pipeline/venv/lib/python3.9/site-packages/airflow/example_dags/example_skip_dag.py took 0.098 seconds
[2025-04-21T16:43:31.977-0400] {processor.py:161} INFO - Started process (PID=83770) to work on /Users/gaurav/Documents/Breast-Cancer-ML-Pipeline/venv/lib/python3.9/site-packages/airflow/example_dags/example_skip_dag.py
[2025-04-21T16:43:31.979-0400] {processor.py:830} INFO - Processing file /Users/gaurav/Documents/Breast-Cancer-ML-Pipeline/venv/lib/python3.9/site-packages/airflow/example_dags/example_skip_dag.py for tasks to queue
[2025-04-21T16:43:31.980-0400] {logging_mixin.py:188} INFO - [2025-04-21T16:43:31.980-0400] {dagbag.py:538} INFO - Filling up the DagBag from /Users/gaurav/Documents/Breast-Cancer-ML-Pipeline/venv/lib/python3.9/site-packages/airflow/example_dags/example_skip_dag.py
[2025-04-21T16:43:31.986-0400] {processor.py:840} INFO - DAG(s) 'example_skip_dag' retrieved from /Users/gaurav/Documents/Breast-Cancer-ML-Pipeline/venv/lib/python3.9/site-packages/airflow/example_dags/example_skip_dag.py
[2025-04-21T16:43:32.059-0400] {logging_mixin.py:188} INFO - [2025-04-21T16:43:32.059-0400] {dag.py:3036} INFO - Sync 1 DAGs
[2025-04-21T16:43:32.074-0400] {logging_mixin.py:188} INFO - [2025-04-21T16:43:32.074-0400] {dag.py:3823} INFO - Setting next_dagrun for example_skip_dag to 2025-04-20 00:00:00+00:00, run_after=2025-04-21 00:00:00+00:00
[2025-04-21T16:43:32.088-0400] {processor.py:183} INFO - Processing /Users/gaurav/Documents/Breast-Cancer-ML-Pipeline/venv/lib/python3.9/site-packages/airflow/example_dags/example_skip_dag.py took 0.112 seconds
[2025-04-21T16:44:56.171-0400] {processor.py:161} INFO - Started process (PID=83851) to work on /Users/gaurav/Documents/Breast-Cancer-ML-Pipeline/venv/lib/python3.9/site-packages/airflow/example_dags/example_skip_dag.py
[2025-04-21T16:44:56.173-0400] {processor.py:830} INFO - Processing file /Users/gaurav/Documents/Breast-Cancer-ML-Pipeline/venv/lib/python3.9/site-packages/airflow/example_dags/example_skip_dag.py for tasks to queue
[2025-04-21T16:44:56.173-0400] {logging_mixin.py:188} INFO - [2025-04-21T16:44:56.173-0400] {dagbag.py:538} INFO - Filling up the DagBag from /Users/gaurav/Documents/Breast-Cancer-ML-Pipeline/venv/lib/python3.9/site-packages/airflow/example_dags/example_skip_dag.py
[2025-04-21T16:44:56.179-0400] {processor.py:840} INFO - DAG(s) 'example_skip_dag' retrieved from /Users/gaurav/Documents/Breast-Cancer-ML-Pipeline/venv/lib/python3.9/site-packages/airflow/example_dags/example_skip_dag.py
[2025-04-21T16:44:56.251-0400] {logging_mixin.py:188} INFO - [2025-04-21T16:44:56.250-0400] {dag.py:3036} INFO - Sync 1 DAGs
[2025-04-21T16:44:56.265-0400] {logging_mixin.py:188} INFO - [2025-04-21T16:44:56.265-0400] {dag.py:3823} INFO - Setting next_dagrun for example_skip_dag to 2025-04-20 00:00:00+00:00, run_after=2025-04-21 00:00:00+00:00
[2025-04-21T16:44:56.278-0400] {processor.py:183} INFO - Processing /Users/gaurav/Documents/Breast-Cancer-ML-Pipeline/venv/lib/python3.9/site-packages/airflow/example_dags/example_skip_dag.py took 0.108 seconds
[2025-04-21T16:46:53.263-0400] {processor.py:161} INFO - Started process (PID=84008) to work on /Users/gaurav/Documents/Breast-Cancer-ML-Pipeline/venv/lib/python3.9/site-packages/airflow/example_dags/example_skip_dag.py
[2025-04-21T16:46:53.265-0400] {processor.py:830} INFO - Processing file /Users/gaurav/Documents/Breast-Cancer-ML-Pipeline/venv/lib/python3.9/site-packages/airflow/example_dags/example_skip_dag.py for tasks to queue
[2025-04-21T16:46:53.265-0400] {logging_mixin.py:188} INFO - [2025-04-21T16:46:53.265-0400] {dagbag.py:538} INFO - Filling up the DagBag from /Users/gaurav/Documents/Breast-Cancer-ML-Pipeline/venv/lib/python3.9/site-packages/airflow/example_dags/example_skip_dag.py
[2025-04-21T16:46:53.271-0400] {processor.py:840} INFO - DAG(s) 'example_skip_dag' retrieved from /Users/gaurav/Documents/Breast-Cancer-ML-Pipeline/venv/lib/python3.9/site-packages/airflow/example_dags/example_skip_dag.py
[2025-04-21T16:46:53.345-0400] {logging_mixin.py:188} INFO - [2025-04-21T16:46:53.345-0400] {dag.py:3036} INFO - Sync 1 DAGs
[2025-04-21T16:46:53.359-0400] {logging_mixin.py:188} INFO - [2025-04-21T16:46:53.359-0400] {dag.py:3823} INFO - Setting next_dagrun for example_skip_dag to 2025-04-20 00:00:00+00:00, run_after=2025-04-21 00:00:00+00:00
[2025-04-21T16:46:53.371-0400] {processor.py:183} INFO - Processing /Users/gaurav/Documents/Breast-Cancer-ML-Pipeline/venv/lib/python3.9/site-packages/airflow/example_dags/example_skip_dag.py took 0.109 seconds
[2025-04-21T16:47:54.788-0400] {processor.py:161} INFO - Started process (PID=84074) to work on /Users/gaurav/Documents/Breast-Cancer-ML-Pipeline/venv/lib/python3.9/site-packages/airflow/example_dags/example_skip_dag.py
[2025-04-21T16:47:54.790-0400] {processor.py:830} INFO - Processing file /Users/gaurav/Documents/Breast-Cancer-ML-Pipeline/venv/lib/python3.9/site-packages/airflow/example_dags/example_skip_dag.py for tasks to queue
[2025-04-21T16:47:54.790-0400] {logging_mixin.py:188} INFO - [2025-04-21T16:47:54.790-0400] {dagbag.py:538} INFO - Filling up the DagBag from /Users/gaurav/Documents/Breast-Cancer-ML-Pipeline/venv/lib/python3.9/site-packages/airflow/example_dags/example_skip_dag.py
[2025-04-21T16:47:54.796-0400] {processor.py:840} INFO - DAG(s) 'example_skip_dag' retrieved from /Users/gaurav/Documents/Breast-Cancer-ML-Pipeline/venv/lib/python3.9/site-packages/airflow/example_dags/example_skip_dag.py
[2025-04-21T16:47:54.865-0400] {logging_mixin.py:188} INFO - [2025-04-21T16:47:54.864-0400] {dag.py:3036} INFO - Sync 1 DAGs
[2025-04-21T16:47:54.877-0400] {logging_mixin.py:188} INFO - [2025-04-21T16:47:54.876-0400] {dag.py:3823} INFO - Setting next_dagrun for example_skip_dag to 2025-04-20 00:00:00+00:00, run_after=2025-04-21 00:00:00+00:00
[2025-04-21T16:47:54.889-0400] {processor.py:183} INFO - Processing /Users/gaurav/Documents/Breast-Cancer-ML-Pipeline/venv/lib/python3.9/site-packages/airflow/example_dags/example_skip_dag.py took 0.102 seconds
[2025-04-21T16:49:06.278-0400] {processor.py:161} INFO - Started process (PID=84153) to work on /Users/gaurav/Documents/Breast-Cancer-ML-Pipeline/venv/lib/python3.9/site-packages/airflow/example_dags/example_skip_dag.py
[2025-04-21T16:49:06.280-0400] {processor.py:830} INFO - Processing file /Users/gaurav/Documents/Breast-Cancer-ML-Pipeline/venv/lib/python3.9/site-packages/airflow/example_dags/example_skip_dag.py for tasks to queue
[2025-04-21T16:49:06.280-0400] {logging_mixin.py:188} INFO - [2025-04-21T16:49:06.280-0400] {dagbag.py:538} INFO - Filling up the DagBag from /Users/gaurav/Documents/Breast-Cancer-ML-Pipeline/venv/lib/python3.9/site-packages/airflow/example_dags/example_skip_dag.py
[2025-04-21T16:49:06.286-0400] {processor.py:840} INFO - DAG(s) 'example_skip_dag' retrieved from /Users/gaurav/Documents/Breast-Cancer-ML-Pipeline/venv/lib/python3.9/site-packages/airflow/example_dags/example_skip_dag.py
[2025-04-21T16:49:06.351-0400] {logging_mixin.py:188} INFO - [2025-04-21T16:49:06.351-0400] {dag.py:3036} INFO - Sync 1 DAGs
[2025-04-21T16:49:06.363-0400] {logging_mixin.py:188} INFO - [2025-04-21T16:49:06.363-0400] {dag.py:3823} INFO - Setting next_dagrun for example_skip_dag to 2025-04-20 00:00:00+00:00, run_after=2025-04-21 00:00:00+00:00
[2025-04-21T16:49:06.375-0400] {processor.py:183} INFO - Processing /Users/gaurav/Documents/Breast-Cancer-ML-Pipeline/venv/lib/python3.9/site-packages/airflow/example_dags/example_skip_dag.py took 0.098 seconds
[2025-04-21T16:50:18.506-0400] {processor.py:161} INFO - Started process (PID=84241) to work on /Users/gaurav/Documents/Breast-Cancer-ML-Pipeline/venv/lib/python3.9/site-packages/airflow/example_dags/example_skip_dag.py
[2025-04-21T16:50:18.508-0400] {processor.py:830} INFO - Processing file /Users/gaurav/Documents/Breast-Cancer-ML-Pipeline/venv/lib/python3.9/site-packages/airflow/example_dags/example_skip_dag.py for tasks to queue
[2025-04-21T16:50:18.509-0400] {logging_mixin.py:188} INFO - [2025-04-21T16:50:18.508-0400] {dagbag.py:538} INFO - Filling up the DagBag from /Users/gaurav/Documents/Breast-Cancer-ML-Pipeline/venv/lib/python3.9/site-packages/airflow/example_dags/example_skip_dag.py
[2025-04-21T16:50:18.514-0400] {processor.py:840} INFO - DAG(s) 'example_skip_dag' retrieved from /Users/gaurav/Documents/Breast-Cancer-ML-Pipeline/venv/lib/python3.9/site-packages/airflow/example_dags/example_skip_dag.py
[2025-04-21T16:50:18.581-0400] {logging_mixin.py:188} INFO - [2025-04-21T16:50:18.581-0400] {dag.py:3036} INFO - Sync 1 DAGs
[2025-04-21T16:50:18.593-0400] {logging_mixin.py:188} INFO - [2025-04-21T16:50:18.593-0400] {dag.py:3823} INFO - Setting next_dagrun for example_skip_dag to 2025-04-20 00:00:00+00:00, run_after=2025-04-21 00:00:00+00:00
[2025-04-21T16:50:18.605-0400] {processor.py:183} INFO - Processing /Users/gaurav/Documents/Breast-Cancer-ML-Pipeline/venv/lib/python3.9/site-packages/airflow/example_dags/example_skip_dag.py took 0.100 seconds
[2025-04-21T16:51:39.096-0400] {processor.py:161} INFO - Started process (PID=84330) to work on /Users/gaurav/Documents/Breast-Cancer-ML-Pipeline/venv/lib/python3.9/site-packages/airflow/example_dags/example_skip_dag.py
[2025-04-21T16:51:39.098-0400] {processor.py:830} INFO - Processing file /Users/gaurav/Documents/Breast-Cancer-ML-Pipeline/venv/lib/python3.9/site-packages/airflow/example_dags/example_skip_dag.py for tasks to queue
[2025-04-21T16:51:39.099-0400] {logging_mixin.py:188} INFO - [2025-04-21T16:51:39.098-0400] {dagbag.py:538} INFO - Filling up the DagBag from /Users/gaurav/Documents/Breast-Cancer-ML-Pipeline/venv/lib/python3.9/site-packages/airflow/example_dags/example_skip_dag.py
[2025-04-21T16:51:39.104-0400] {processor.py:840} INFO - DAG(s) 'example_skip_dag' retrieved from /Users/gaurav/Documents/Breast-Cancer-ML-Pipeline/venv/lib/python3.9/site-packages/airflow/example_dags/example_skip_dag.py
[2025-04-21T16:51:39.171-0400] {logging_mixin.py:188} INFO - [2025-04-21T16:51:39.171-0400] {dag.py:3036} INFO - Sync 1 DAGs
[2025-04-21T16:51:39.183-0400] {logging_mixin.py:188} INFO - [2025-04-21T16:51:39.183-0400] {dag.py:3823} INFO - Setting next_dagrun for example_skip_dag to 2025-04-20 00:00:00+00:00, run_after=2025-04-21 00:00:00+00:00
[2025-04-21T16:51:39.195-0400] {processor.py:183} INFO - Processing /Users/gaurav/Documents/Breast-Cancer-ML-Pipeline/venv/lib/python3.9/site-packages/airflow/example_dags/example_skip_dag.py took 0.100 seconds
[2025-04-21T16:53:01.120-0400] {processor.py:161} INFO - Started process (PID=84433) to work on /Users/gaurav/Documents/Breast-Cancer-ML-Pipeline/venv/lib/python3.9/site-packages/airflow/example_dags/example_skip_dag.py
[2025-04-21T16:53:01.122-0400] {processor.py:830} INFO - Processing file /Users/gaurav/Documents/Breast-Cancer-ML-Pipeline/venv/lib/python3.9/site-packages/airflow/example_dags/example_skip_dag.py for tasks to queue
[2025-04-21T16:53:01.122-0400] {logging_mixin.py:188} INFO - [2025-04-21T16:53:01.122-0400] {dagbag.py:538} INFO - Filling up the DagBag from /Users/gaurav/Documents/Breast-Cancer-ML-Pipeline/venv/lib/python3.9/site-packages/airflow/example_dags/example_skip_dag.py
[2025-04-21T16:53:01.129-0400] {processor.py:840} INFO - DAG(s) 'example_skip_dag' retrieved from /Users/gaurav/Documents/Breast-Cancer-ML-Pipeline/venv/lib/python3.9/site-packages/airflow/example_dags/example_skip_dag.py
[2025-04-21T16:53:01.200-0400] {logging_mixin.py:188} INFO - [2025-04-21T16:53:01.200-0400] {dag.py:3036} INFO - Sync 1 DAGs
[2025-04-21T16:53:01.213-0400] {logging_mixin.py:188} INFO - [2025-04-21T16:53:01.213-0400] {dag.py:3823} INFO - Setting next_dagrun for example_skip_dag to 2025-04-20 00:00:00+00:00, run_after=2025-04-21 00:00:00+00:00
[2025-04-21T16:53:01.227-0400] {processor.py:183} INFO - Processing /Users/gaurav/Documents/Breast-Cancer-ML-Pipeline/venv/lib/python3.9/site-packages/airflow/example_dags/example_skip_dag.py took 0.108 seconds
[2025-04-21T16:54:19.284-0400] {processor.py:161} INFO - Started process (PID=84533) to work on /Users/gaurav/Documents/Breast-Cancer-ML-Pipeline/venv/lib/python3.9/site-packages/airflow/example_dags/example_skip_dag.py
[2025-04-21T16:54:19.286-0400] {processor.py:830} INFO - Processing file /Users/gaurav/Documents/Breast-Cancer-ML-Pipeline/venv/lib/python3.9/site-packages/airflow/example_dags/example_skip_dag.py for tasks to queue
[2025-04-21T16:54:19.287-0400] {logging_mixin.py:188} INFO - [2025-04-21T16:54:19.287-0400] {dagbag.py:538} INFO - Filling up the DagBag from /Users/gaurav/Documents/Breast-Cancer-ML-Pipeline/venv/lib/python3.9/site-packages/airflow/example_dags/example_skip_dag.py
[2025-04-21T16:54:19.292-0400] {processor.py:840} INFO - DAG(s) 'example_skip_dag' retrieved from /Users/gaurav/Documents/Breast-Cancer-ML-Pipeline/venv/lib/python3.9/site-packages/airflow/example_dags/example_skip_dag.py
[2025-04-21T16:54:19.361-0400] {logging_mixin.py:188} INFO - [2025-04-21T16:54:19.360-0400] {dag.py:3036} INFO - Sync 1 DAGs
[2025-04-21T16:54:19.372-0400] {logging_mixin.py:188} INFO - [2025-04-21T16:54:19.372-0400] {dag.py:3823} INFO - Setting next_dagrun for example_skip_dag to 2025-04-20 00:00:00+00:00, run_after=2025-04-21 00:00:00+00:00
[2025-04-21T16:54:19.385-0400] {processor.py:183} INFO - Processing /Users/gaurav/Documents/Breast-Cancer-ML-Pipeline/venv/lib/python3.9/site-packages/airflow/example_dags/example_skip_dag.py took 0.101 seconds
[2025-04-21T16:56:22.883-0400] {processor.py:161} INFO - Started process (PID=84683) to work on /Users/gaurav/Documents/Breast-Cancer-ML-Pipeline/venv/lib/python3.9/site-packages/airflow/example_dags/example_skip_dag.py
[2025-04-21T16:56:22.885-0400] {processor.py:830} INFO - Processing file /Users/gaurav/Documents/Breast-Cancer-ML-Pipeline/venv/lib/python3.9/site-packages/airflow/example_dags/example_skip_dag.py for tasks to queue
[2025-04-21T16:56:22.885-0400] {logging_mixin.py:188} INFO - [2025-04-21T16:56:22.885-0400] {dagbag.py:538} INFO - Filling up the DagBag from /Users/gaurav/Documents/Breast-Cancer-ML-Pipeline/venv/lib/python3.9/site-packages/airflow/example_dags/example_skip_dag.py
[2025-04-21T16:56:22.890-0400] {processor.py:840} INFO - DAG(s) 'example_skip_dag' retrieved from /Users/gaurav/Documents/Breast-Cancer-ML-Pipeline/venv/lib/python3.9/site-packages/airflow/example_dags/example_skip_dag.py
[2025-04-21T16:56:23.011-0400] {logging_mixin.py:188} INFO - [2025-04-21T16:56:23.011-0400] {dag.py:3036} INFO - Sync 1 DAGs
[2025-04-21T16:56:23.022-0400] {logging_mixin.py:188} INFO - [2025-04-21T16:56:23.022-0400] {dag.py:3823} INFO - Setting next_dagrun for example_skip_dag to 2025-04-20 00:00:00+00:00, run_after=2025-04-21 00:00:00+00:00
[2025-04-21T16:56:23.036-0400] {processor.py:183} INFO - Processing /Users/gaurav/Documents/Breast-Cancer-ML-Pipeline/venv/lib/python3.9/site-packages/airflow/example_dags/example_skip_dag.py took 0.154 seconds
[2025-04-21T16:57:35.473-0400] {processor.py:161} INFO - Started process (PID=84782) to work on /Users/gaurav/Documents/Breast-Cancer-ML-Pipeline/venv/lib/python3.9/site-packages/airflow/example_dags/example_skip_dag.py
[2025-04-21T16:57:35.475-0400] {processor.py:830} INFO - Processing file /Users/gaurav/Documents/Breast-Cancer-ML-Pipeline/venv/lib/python3.9/site-packages/airflow/example_dags/example_skip_dag.py for tasks to queue
[2025-04-21T16:57:35.476-0400] {logging_mixin.py:188} INFO - [2025-04-21T16:57:35.476-0400] {dagbag.py:538} INFO - Filling up the DagBag from /Users/gaurav/Documents/Breast-Cancer-ML-Pipeline/venv/lib/python3.9/site-packages/airflow/example_dags/example_skip_dag.py
[2025-04-21T16:57:35.482-0400] {processor.py:840} INFO - DAG(s) 'example_skip_dag' retrieved from /Users/gaurav/Documents/Breast-Cancer-ML-Pipeline/venv/lib/python3.9/site-packages/airflow/example_dags/example_skip_dag.py
[2025-04-21T16:57:35.554-0400] {logging_mixin.py:188} INFO - [2025-04-21T16:57:35.554-0400] {dag.py:3036} INFO - Sync 1 DAGs
[2025-04-21T16:57:35.566-0400] {logging_mixin.py:188} INFO - [2025-04-21T16:57:35.566-0400] {dag.py:3823} INFO - Setting next_dagrun for example_skip_dag to 2025-04-20 00:00:00+00:00, run_after=2025-04-21 00:00:00+00:00
[2025-04-21T16:57:35.578-0400] {processor.py:183} INFO - Processing /Users/gaurav/Documents/Breast-Cancer-ML-Pipeline/venv/lib/python3.9/site-packages/airflow/example_dags/example_skip_dag.py took 0.105 seconds
[2025-04-21T16:58:55.909-0400] {processor.py:161} INFO - Started process (PID=84878) to work on /Users/gaurav/Documents/Breast-Cancer-ML-Pipeline/venv/lib/python3.9/site-packages/airflow/example_dags/example_skip_dag.py
[2025-04-21T16:58:55.911-0400] {processor.py:830} INFO - Processing file /Users/gaurav/Documents/Breast-Cancer-ML-Pipeline/venv/lib/python3.9/site-packages/airflow/example_dags/example_skip_dag.py for tasks to queue
[2025-04-21T16:58:55.912-0400] {logging_mixin.py:188} INFO - [2025-04-21T16:58:55.912-0400] {dagbag.py:538} INFO - Filling up the DagBag from /Users/gaurav/Documents/Breast-Cancer-ML-Pipeline/venv/lib/python3.9/site-packages/airflow/example_dags/example_skip_dag.py
[2025-04-21T16:58:55.917-0400] {processor.py:840} INFO - DAG(s) 'example_skip_dag' retrieved from /Users/gaurav/Documents/Breast-Cancer-ML-Pipeline/venv/lib/python3.9/site-packages/airflow/example_dags/example_skip_dag.py
[2025-04-21T16:58:55.989-0400] {logging_mixin.py:188} INFO - [2025-04-21T16:58:55.989-0400] {dag.py:3036} INFO - Sync 1 DAGs
[2025-04-21T16:58:56.003-0400] {logging_mixin.py:188} INFO - [2025-04-21T16:58:56.003-0400] {dag.py:3823} INFO - Setting next_dagrun for example_skip_dag to 2025-04-20 00:00:00+00:00, run_after=2025-04-21 00:00:00+00:00
[2025-04-21T16:58:56.016-0400] {processor.py:183} INFO - Processing /Users/gaurav/Documents/Breast-Cancer-ML-Pipeline/venv/lib/python3.9/site-packages/airflow/example_dags/example_skip_dag.py took 0.108 seconds
[2025-04-21T17:00:13.161-0400] {processor.py:161} INFO - Started process (PID=84970) to work on /Users/gaurav/Documents/Breast-Cancer-ML-Pipeline/venv/lib/python3.9/site-packages/airflow/example_dags/example_skip_dag.py
[2025-04-21T17:00:13.163-0400] {processor.py:830} INFO - Processing file /Users/gaurav/Documents/Breast-Cancer-ML-Pipeline/venv/lib/python3.9/site-packages/airflow/example_dags/example_skip_dag.py for tasks to queue
[2025-04-21T17:00:13.164-0400] {logging_mixin.py:188} INFO - [2025-04-21T17:00:13.163-0400] {dagbag.py:538} INFO - Filling up the DagBag from /Users/gaurav/Documents/Breast-Cancer-ML-Pipeline/venv/lib/python3.9/site-packages/airflow/example_dags/example_skip_dag.py
[2025-04-21T17:00:13.169-0400] {processor.py:840} INFO - DAG(s) 'example_skip_dag' retrieved from /Users/gaurav/Documents/Breast-Cancer-ML-Pipeline/venv/lib/python3.9/site-packages/airflow/example_dags/example_skip_dag.py
[2025-04-21T17:00:13.236-0400] {logging_mixin.py:188} INFO - [2025-04-21T17:00:13.236-0400] {dag.py:3036} INFO - Sync 1 DAGs
[2025-04-21T17:00:13.248-0400] {logging_mixin.py:188} INFO - [2025-04-21T17:00:13.248-0400] {dag.py:3823} INFO - Setting next_dagrun for example_skip_dag to 2025-04-20 00:00:00+00:00, run_after=2025-04-21 00:00:00+00:00
[2025-04-21T17:00:13.260-0400] {processor.py:183} INFO - Processing /Users/gaurav/Documents/Breast-Cancer-ML-Pipeline/venv/lib/python3.9/site-packages/airflow/example_dags/example_skip_dag.py took 0.100 seconds
[2025-04-21T17:01:27.110-0400] {processor.py:161} INFO - Started process (PID=85064) to work on /Users/gaurav/Documents/Breast-Cancer-ML-Pipeline/venv/lib/python3.9/site-packages/airflow/example_dags/example_skip_dag.py
[2025-04-21T17:01:27.112-0400] {processor.py:830} INFO - Processing file /Users/gaurav/Documents/Breast-Cancer-ML-Pipeline/venv/lib/python3.9/site-packages/airflow/example_dags/example_skip_dag.py for tasks to queue
[2025-04-21T17:01:27.112-0400] {logging_mixin.py:188} INFO - [2025-04-21T17:01:27.112-0400] {dagbag.py:538} INFO - Filling up the DagBag from /Users/gaurav/Documents/Breast-Cancer-ML-Pipeline/venv/lib/python3.9/site-packages/airflow/example_dags/example_skip_dag.py
[2025-04-21T17:01:27.117-0400] {processor.py:840} INFO - DAG(s) 'example_skip_dag' retrieved from /Users/gaurav/Documents/Breast-Cancer-ML-Pipeline/venv/lib/python3.9/site-packages/airflow/example_dags/example_skip_dag.py
[2025-04-21T17:01:27.181-0400] {logging_mixin.py:188} INFO - [2025-04-21T17:01:27.181-0400] {dag.py:3036} INFO - Sync 1 DAGs
[2025-04-21T17:01:27.193-0400] {logging_mixin.py:188} INFO - [2025-04-21T17:01:27.193-0400] {dag.py:3823} INFO - Setting next_dagrun for example_skip_dag to 2025-04-20 00:00:00+00:00, run_after=2025-04-21 00:00:00+00:00
[2025-04-21T17:01:27.205-0400] {processor.py:183} INFO - Processing /Users/gaurav/Documents/Breast-Cancer-ML-Pipeline/venv/lib/python3.9/site-packages/airflow/example_dags/example_skip_dag.py took 0.096 seconds
[2025-04-21T17:02:51.256-0400] {processor.py:161} INFO - Started process (PID=85155) to work on /Users/gaurav/Documents/Breast-Cancer-ML-Pipeline/venv/lib/python3.9/site-packages/airflow/example_dags/example_skip_dag.py
[2025-04-21T17:02:51.258-0400] {processor.py:830} INFO - Processing file /Users/gaurav/Documents/Breast-Cancer-ML-Pipeline/venv/lib/python3.9/site-packages/airflow/example_dags/example_skip_dag.py for tasks to queue
[2025-04-21T17:02:51.259-0400] {logging_mixin.py:188} INFO - [2025-04-21T17:02:51.259-0400] {dagbag.py:538} INFO - Filling up the DagBag from /Users/gaurav/Documents/Breast-Cancer-ML-Pipeline/venv/lib/python3.9/site-packages/airflow/example_dags/example_skip_dag.py
[2025-04-21T17:02:51.264-0400] {processor.py:840} INFO - DAG(s) 'example_skip_dag' retrieved from /Users/gaurav/Documents/Breast-Cancer-ML-Pipeline/venv/lib/python3.9/site-packages/airflow/example_dags/example_skip_dag.py
[2025-04-21T17:02:51.332-0400] {logging_mixin.py:188} INFO - [2025-04-21T17:02:51.332-0400] {dag.py:3036} INFO - Sync 1 DAGs
[2025-04-21T17:02:51.346-0400] {logging_mixin.py:188} INFO - [2025-04-21T17:02:51.346-0400] {dag.py:3823} INFO - Setting next_dagrun for example_skip_dag to 2025-04-20 00:00:00+00:00, run_after=2025-04-21 00:00:00+00:00
[2025-04-21T17:02:51.360-0400] {processor.py:183} INFO - Processing /Users/gaurav/Documents/Breast-Cancer-ML-Pipeline/venv/lib/python3.9/site-packages/airflow/example_dags/example_skip_dag.py took 0.105 seconds
[2025-04-21T17:04:08.039-0400] {processor.py:161} INFO - Started process (PID=85261) to work on /Users/gaurav/Documents/Breast-Cancer-ML-Pipeline/venv/lib/python3.9/site-packages/airflow/example_dags/example_skip_dag.py
[2025-04-21T17:04:08.041-0400] {processor.py:830} INFO - Processing file /Users/gaurav/Documents/Breast-Cancer-ML-Pipeline/venv/lib/python3.9/site-packages/airflow/example_dags/example_skip_dag.py for tasks to queue
[2025-04-21T17:04:08.041-0400] {logging_mixin.py:188} INFO - [2025-04-21T17:04:08.041-0400] {dagbag.py:538} INFO - Filling up the DagBag from /Users/gaurav/Documents/Breast-Cancer-ML-Pipeline/venv/lib/python3.9/site-packages/airflow/example_dags/example_skip_dag.py
[2025-04-21T17:04:08.047-0400] {processor.py:840} INFO - DAG(s) 'example_skip_dag' retrieved from /Users/gaurav/Documents/Breast-Cancer-ML-Pipeline/venv/lib/python3.9/site-packages/airflow/example_dags/example_skip_dag.py
[2025-04-21T17:04:08.110-0400] {logging_mixin.py:188} INFO - [2025-04-21T17:04:08.110-0400] {dag.py:3036} INFO - Sync 1 DAGs
[2025-04-21T17:04:08.122-0400] {logging_mixin.py:188} INFO - [2025-04-21T17:04:08.122-0400] {dag.py:3823} INFO - Setting next_dagrun for example_skip_dag to 2025-04-20 00:00:00+00:00, run_after=2025-04-21 00:00:00+00:00
[2025-04-21T17:04:08.137-0400] {processor.py:183} INFO - Processing /Users/gaurav/Documents/Breast-Cancer-ML-Pipeline/venv/lib/python3.9/site-packages/airflow/example_dags/example_skip_dag.py took 0.099 seconds
[2025-04-21T17:05:18.611-0400] {processor.py:161} INFO - Started process (PID=85337) to work on /Users/gaurav/Documents/Breast-Cancer-ML-Pipeline/venv/lib/python3.9/site-packages/airflow/example_dags/example_skip_dag.py
[2025-04-21T17:05:18.613-0400] {processor.py:830} INFO - Processing file /Users/gaurav/Documents/Breast-Cancer-ML-Pipeline/venv/lib/python3.9/site-packages/airflow/example_dags/example_skip_dag.py for tasks to queue
[2025-04-21T17:05:18.613-0400] {logging_mixin.py:188} INFO - [2025-04-21T17:05:18.613-0400] {dagbag.py:538} INFO - Filling up the DagBag from /Users/gaurav/Documents/Breast-Cancer-ML-Pipeline/venv/lib/python3.9/site-packages/airflow/example_dags/example_skip_dag.py
[2025-04-21T17:05:18.619-0400] {processor.py:840} INFO - DAG(s) 'example_skip_dag' retrieved from /Users/gaurav/Documents/Breast-Cancer-ML-Pipeline/venv/lib/python3.9/site-packages/airflow/example_dags/example_skip_dag.py
[2025-04-21T17:05:18.688-0400] {logging_mixin.py:188} INFO - [2025-04-21T17:05:18.687-0400] {dag.py:3036} INFO - Sync 1 DAGs
[2025-04-21T17:05:18.700-0400] {logging_mixin.py:188} INFO - [2025-04-21T17:05:18.700-0400] {dag.py:3823} INFO - Setting next_dagrun for example_skip_dag to 2025-04-20 00:00:00+00:00, run_after=2025-04-21 00:00:00+00:00
[2025-04-21T17:05:18.713-0400] {processor.py:183} INFO - Processing /Users/gaurav/Documents/Breast-Cancer-ML-Pipeline/venv/lib/python3.9/site-packages/airflow/example_dags/example_skip_dag.py took 0.103 seconds
[2025-04-21T17:06:29.569-0400] {processor.py:161} INFO - Started process (PID=85430) to work on /Users/gaurav/Documents/Breast-Cancer-ML-Pipeline/venv/lib/python3.9/site-packages/airflow/example_dags/example_skip_dag.py
[2025-04-21T17:06:29.570-0400] {processor.py:830} INFO - Processing file /Users/gaurav/Documents/Breast-Cancer-ML-Pipeline/venv/lib/python3.9/site-packages/airflow/example_dags/example_skip_dag.py for tasks to queue
[2025-04-21T17:06:29.570-0400] {logging_mixin.py:188} INFO - [2025-04-21T17:06:29.570-0400] {dagbag.py:538} INFO - Filling up the DagBag from /Users/gaurav/Documents/Breast-Cancer-ML-Pipeline/venv/lib/python3.9/site-packages/airflow/example_dags/example_skip_dag.py
[2025-04-21T17:06:29.576-0400] {processor.py:840} INFO - DAG(s) 'example_skip_dag' retrieved from /Users/gaurav/Documents/Breast-Cancer-ML-Pipeline/venv/lib/python3.9/site-packages/airflow/example_dags/example_skip_dag.py
[2025-04-21T17:06:29.643-0400] {logging_mixin.py:188} INFO - [2025-04-21T17:06:29.643-0400] {dag.py:3036} INFO - Sync 1 DAGs
[2025-04-21T17:06:29.655-0400] {logging_mixin.py:188} INFO - [2025-04-21T17:06:29.655-0400] {dag.py:3823} INFO - Setting next_dagrun for example_skip_dag to 2025-04-20 00:00:00+00:00, run_after=2025-04-21 00:00:00+00:00
[2025-04-21T17:06:29.668-0400] {processor.py:183} INFO - Processing /Users/gaurav/Documents/Breast-Cancer-ML-Pipeline/venv/lib/python3.9/site-packages/airflow/example_dags/example_skip_dag.py took 0.100 seconds
[2025-04-21T17:07:41.496-0400] {processor.py:161} INFO - Started process (PID=85512) to work on /Users/gaurav/Documents/Breast-Cancer-ML-Pipeline/venv/lib/python3.9/site-packages/airflow/example_dags/example_skip_dag.py
[2025-04-21T17:07:41.498-0400] {processor.py:830} INFO - Processing file /Users/gaurav/Documents/Breast-Cancer-ML-Pipeline/venv/lib/python3.9/site-packages/airflow/example_dags/example_skip_dag.py for tasks to queue
[2025-04-21T17:07:41.498-0400] {logging_mixin.py:188} INFO - [2025-04-21T17:07:41.498-0400] {dagbag.py:538} INFO - Filling up the DagBag from /Users/gaurav/Documents/Breast-Cancer-ML-Pipeline/venv/lib/python3.9/site-packages/airflow/example_dags/example_skip_dag.py
[2025-04-21T17:07:41.504-0400] {processor.py:840} INFO - DAG(s) 'example_skip_dag' retrieved from /Users/gaurav/Documents/Breast-Cancer-ML-Pipeline/venv/lib/python3.9/site-packages/airflow/example_dags/example_skip_dag.py
[2025-04-21T17:07:41.568-0400] {logging_mixin.py:188} INFO - [2025-04-21T17:07:41.567-0400] {dag.py:3036} INFO - Sync 1 DAGs
[2025-04-21T17:07:41.580-0400] {logging_mixin.py:188} INFO - [2025-04-21T17:07:41.580-0400] {dag.py:3823} INFO - Setting next_dagrun for example_skip_dag to 2025-04-20 00:00:00+00:00, run_after=2025-04-21 00:00:00+00:00
[2025-04-21T17:07:41.592-0400] {processor.py:183} INFO - Processing /Users/gaurav/Documents/Breast-Cancer-ML-Pipeline/venv/lib/python3.9/site-packages/airflow/example_dags/example_skip_dag.py took 0.097 seconds
[2025-04-21T17:08:56.416-0400] {processor.py:161} INFO - Started process (PID=85590) to work on /Users/gaurav/Documents/Breast-Cancer-ML-Pipeline/venv/lib/python3.9/site-packages/airflow/example_dags/example_skip_dag.py
[2025-04-21T17:08:56.418-0400] {processor.py:830} INFO - Processing file /Users/gaurav/Documents/Breast-Cancer-ML-Pipeline/venv/lib/python3.9/site-packages/airflow/example_dags/example_skip_dag.py for tasks to queue
[2025-04-21T17:08:56.419-0400] {logging_mixin.py:188} INFO - [2025-04-21T17:08:56.418-0400] {dagbag.py:538} INFO - Filling up the DagBag from /Users/gaurav/Documents/Breast-Cancer-ML-Pipeline/venv/lib/python3.9/site-packages/airflow/example_dags/example_skip_dag.py
[2025-04-21T17:08:56.424-0400] {processor.py:840} INFO - DAG(s) 'example_skip_dag' retrieved from /Users/gaurav/Documents/Breast-Cancer-ML-Pipeline/venv/lib/python3.9/site-packages/airflow/example_dags/example_skip_dag.py
[2025-04-21T17:08:56.490-0400] {logging_mixin.py:188} INFO - [2025-04-21T17:08:56.489-0400] {dag.py:3036} INFO - Sync 1 DAGs
[2025-04-21T17:08:56.503-0400] {logging_mixin.py:188} INFO - [2025-04-21T17:08:56.503-0400] {dag.py:3823} INFO - Setting next_dagrun for example_skip_dag to 2025-04-20 00:00:00+00:00, run_after=2025-04-21 00:00:00+00:00
[2025-04-21T17:08:56.514-0400] {processor.py:183} INFO - Processing /Users/gaurav/Documents/Breast-Cancer-ML-Pipeline/venv/lib/python3.9/site-packages/airflow/example_dags/example_skip_dag.py took 0.099 seconds
[2025-04-21T17:10:08.426-0400] {processor.py:161} INFO - Started process (PID=85667) to work on /Users/gaurav/Documents/Breast-Cancer-ML-Pipeline/venv/lib/python3.9/site-packages/airflow/example_dags/example_skip_dag.py
[2025-04-21T17:10:08.428-0400] {processor.py:830} INFO - Processing file /Users/gaurav/Documents/Breast-Cancer-ML-Pipeline/venv/lib/python3.9/site-packages/airflow/example_dags/example_skip_dag.py for tasks to queue
[2025-04-21T17:10:08.428-0400] {logging_mixin.py:188} INFO - [2025-04-21T17:10:08.428-0400] {dagbag.py:538} INFO - Filling up the DagBag from /Users/gaurav/Documents/Breast-Cancer-ML-Pipeline/venv/lib/python3.9/site-packages/airflow/example_dags/example_skip_dag.py
[2025-04-21T17:10:08.434-0400] {processor.py:840} INFO - DAG(s) 'example_skip_dag' retrieved from /Users/gaurav/Documents/Breast-Cancer-ML-Pipeline/venv/lib/python3.9/site-packages/airflow/example_dags/example_skip_dag.py
[2025-04-21T17:10:08.501-0400] {logging_mixin.py:188} INFO - [2025-04-21T17:10:08.501-0400] {dag.py:3036} INFO - Sync 1 DAGs
[2025-04-21T17:10:08.513-0400] {logging_mixin.py:188} INFO - [2025-04-21T17:10:08.513-0400] {dag.py:3823} INFO - Setting next_dagrun for example_skip_dag to 2025-04-20 00:00:00+00:00, run_after=2025-04-21 00:00:00+00:00
[2025-04-21T17:10:08.525-0400] {processor.py:183} INFO - Processing /Users/gaurav/Documents/Breast-Cancer-ML-Pipeline/venv/lib/python3.9/site-packages/airflow/example_dags/example_skip_dag.py took 0.101 seconds
[2025-04-21T17:11:23.213-0400] {processor.py:161} INFO - Started process (PID=85753) to work on /Users/gaurav/Documents/Breast-Cancer-ML-Pipeline/venv/lib/python3.9/site-packages/airflow/example_dags/example_skip_dag.py
[2025-04-21T17:11:23.214-0400] {processor.py:830} INFO - Processing file /Users/gaurav/Documents/Breast-Cancer-ML-Pipeline/venv/lib/python3.9/site-packages/airflow/example_dags/example_skip_dag.py for tasks to queue
[2025-04-21T17:11:23.215-0400] {logging_mixin.py:188} INFO - [2025-04-21T17:11:23.215-0400] {dagbag.py:538} INFO - Filling up the DagBag from /Users/gaurav/Documents/Breast-Cancer-ML-Pipeline/venv/lib/python3.9/site-packages/airflow/example_dags/example_skip_dag.py
[2025-04-21T17:11:23.220-0400] {processor.py:840} INFO - DAG(s) 'example_skip_dag' retrieved from /Users/gaurav/Documents/Breast-Cancer-ML-Pipeline/venv/lib/python3.9/site-packages/airflow/example_dags/example_skip_dag.py
[2025-04-21T17:11:23.284-0400] {logging_mixin.py:188} INFO - [2025-04-21T17:11:23.284-0400] {dag.py:3036} INFO - Sync 1 DAGs
[2025-04-21T17:11:23.296-0400] {logging_mixin.py:188} INFO - [2025-04-21T17:11:23.295-0400] {dag.py:3823} INFO - Setting next_dagrun for example_skip_dag to 2025-04-20 00:00:00+00:00, run_after=2025-04-21 00:00:00+00:00
[2025-04-21T17:11:23.307-0400] {processor.py:183} INFO - Processing /Users/gaurav/Documents/Breast-Cancer-ML-Pipeline/venv/lib/python3.9/site-packages/airflow/example_dags/example_skip_dag.py took 0.095 seconds
[2025-04-21T17:12:36.580-0400] {processor.py:161} INFO - Started process (PID=85843) to work on /Users/gaurav/Documents/Breast-Cancer-ML-Pipeline/venv/lib/python3.9/site-packages/airflow/example_dags/example_skip_dag.py
[2025-04-21T17:12:36.582-0400] {processor.py:830} INFO - Processing file /Users/gaurav/Documents/Breast-Cancer-ML-Pipeline/venv/lib/python3.9/site-packages/airflow/example_dags/example_skip_dag.py for tasks to queue
[2025-04-21T17:12:36.583-0400] {logging_mixin.py:188} INFO - [2025-04-21T17:12:36.583-0400] {dagbag.py:538} INFO - Filling up the DagBag from /Users/gaurav/Documents/Breast-Cancer-ML-Pipeline/venv/lib/python3.9/site-packages/airflow/example_dags/example_skip_dag.py
[2025-04-21T17:12:36.588-0400] {processor.py:840} INFO - DAG(s) 'example_skip_dag' retrieved from /Users/gaurav/Documents/Breast-Cancer-ML-Pipeline/venv/lib/python3.9/site-packages/airflow/example_dags/example_skip_dag.py
[2025-04-21T17:12:36.655-0400] {logging_mixin.py:188} INFO - [2025-04-21T17:12:36.655-0400] {dag.py:3036} INFO - Sync 1 DAGs
[2025-04-21T17:12:36.668-0400] {logging_mixin.py:188} INFO - [2025-04-21T17:12:36.668-0400] {dag.py:3823} INFO - Setting next_dagrun for example_skip_dag to 2025-04-20 00:00:00+00:00, run_after=2025-04-21 00:00:00+00:00
[2025-04-21T17:12:36.680-0400] {processor.py:183} INFO - Processing /Users/gaurav/Documents/Breast-Cancer-ML-Pipeline/venv/lib/python3.9/site-packages/airflow/example_dags/example_skip_dag.py took 0.100 seconds
[2025-04-21T17:13:50.335-0400] {processor.py:161} INFO - Started process (PID=85938) to work on /Users/gaurav/Documents/Breast-Cancer-ML-Pipeline/venv/lib/python3.9/site-packages/airflow/example_dags/example_skip_dag.py
[2025-04-21T17:13:50.337-0400] {processor.py:830} INFO - Processing file /Users/gaurav/Documents/Breast-Cancer-ML-Pipeline/venv/lib/python3.9/site-packages/airflow/example_dags/example_skip_dag.py for tasks to queue
[2025-04-21T17:13:50.337-0400] {logging_mixin.py:188} INFO - [2025-04-21T17:13:50.337-0400] {dagbag.py:538} INFO - Filling up the DagBag from /Users/gaurav/Documents/Breast-Cancer-ML-Pipeline/venv/lib/python3.9/site-packages/airflow/example_dags/example_skip_dag.py
[2025-04-21T17:13:50.343-0400] {processor.py:840} INFO - DAG(s) 'example_skip_dag' retrieved from /Users/gaurav/Documents/Breast-Cancer-ML-Pipeline/venv/lib/python3.9/site-packages/airflow/example_dags/example_skip_dag.py
[2025-04-21T17:13:50.408-0400] {logging_mixin.py:188} INFO - [2025-04-21T17:13:50.408-0400] {dag.py:3036} INFO - Sync 1 DAGs
[2025-04-21T17:13:50.421-0400] {logging_mixin.py:188} INFO - [2025-04-21T17:13:50.420-0400] {dag.py:3823} INFO - Setting next_dagrun for example_skip_dag to 2025-04-20 00:00:00+00:00, run_after=2025-04-21 00:00:00+00:00
[2025-04-21T17:13:50.433-0400] {processor.py:183} INFO - Processing /Users/gaurav/Documents/Breast-Cancer-ML-Pipeline/venv/lib/python3.9/site-packages/airflow/example_dags/example_skip_dag.py took 0.099 seconds
[2025-04-21T17:15:03.743-0400] {processor.py:161} INFO - Started process (PID=86020) to work on /Users/gaurav/Documents/Breast-Cancer-ML-Pipeline/venv/lib/python3.9/site-packages/airflow/example_dags/example_skip_dag.py
[2025-04-21T17:15:03.745-0400] {processor.py:830} INFO - Processing file /Users/gaurav/Documents/Breast-Cancer-ML-Pipeline/venv/lib/python3.9/site-packages/airflow/example_dags/example_skip_dag.py for tasks to queue
[2025-04-21T17:15:03.745-0400] {logging_mixin.py:188} INFO - [2025-04-21T17:15:03.745-0400] {dagbag.py:538} INFO - Filling up the DagBag from /Users/gaurav/Documents/Breast-Cancer-ML-Pipeline/venv/lib/python3.9/site-packages/airflow/example_dags/example_skip_dag.py
[2025-04-21T17:15:03.751-0400] {processor.py:840} INFO - DAG(s) 'example_skip_dag' retrieved from /Users/gaurav/Documents/Breast-Cancer-ML-Pipeline/venv/lib/python3.9/site-packages/airflow/example_dags/example_skip_dag.py
[2025-04-21T17:15:03.815-0400] {logging_mixin.py:188} INFO - [2025-04-21T17:15:03.815-0400] {dag.py:3036} INFO - Sync 1 DAGs
[2025-04-21T17:15:03.827-0400] {logging_mixin.py:188} INFO - [2025-04-21T17:15:03.827-0400] {dag.py:3823} INFO - Setting next_dagrun for example_skip_dag to 2025-04-20 00:00:00+00:00, run_after=2025-04-21 00:00:00+00:00
[2025-04-21T17:15:03.839-0400] {processor.py:183} INFO - Processing /Users/gaurav/Documents/Breast-Cancer-ML-Pipeline/venv/lib/python3.9/site-packages/airflow/example_dags/example_skip_dag.py took 0.097 seconds
[2025-04-21T17:16:17.013-0400] {processor.py:161} INFO - Started process (PID=86108) to work on /Users/gaurav/Documents/Breast-Cancer-ML-Pipeline/venv/lib/python3.9/site-packages/airflow/example_dags/example_skip_dag.py
[2025-04-21T17:16:17.014-0400] {processor.py:830} INFO - Processing file /Users/gaurav/Documents/Breast-Cancer-ML-Pipeline/venv/lib/python3.9/site-packages/airflow/example_dags/example_skip_dag.py for tasks to queue
[2025-04-21T17:16:17.015-0400] {logging_mixin.py:188} INFO - [2025-04-21T17:16:17.015-0400] {dagbag.py:538} INFO - Filling up the DagBag from /Users/gaurav/Documents/Breast-Cancer-ML-Pipeline/venv/lib/python3.9/site-packages/airflow/example_dags/example_skip_dag.py
[2025-04-21T17:16:17.021-0400] {processor.py:840} INFO - DAG(s) 'example_skip_dag' retrieved from /Users/gaurav/Documents/Breast-Cancer-ML-Pipeline/venv/lib/python3.9/site-packages/airflow/example_dags/example_skip_dag.py
[2025-04-21T17:16:17.087-0400] {logging_mixin.py:188} INFO - [2025-04-21T17:16:17.086-0400] {dag.py:3036} INFO - Sync 1 DAGs
[2025-04-21T17:16:17.099-0400] {logging_mixin.py:188} INFO - [2025-04-21T17:16:17.099-0400] {dag.py:3823} INFO - Setting next_dagrun for example_skip_dag to 2025-04-20 00:00:00+00:00, run_after=2025-04-21 00:00:00+00:00
[2025-04-21T17:16:17.112-0400] {processor.py:183} INFO - Processing /Users/gaurav/Documents/Breast-Cancer-ML-Pipeline/venv/lib/python3.9/site-packages/airflow/example_dags/example_skip_dag.py took 0.100 seconds
[2025-04-21T17:17:30.924-0400] {processor.py:161} INFO - Started process (PID=86210) to work on /Users/gaurav/Documents/Breast-Cancer-ML-Pipeline/venv/lib/python3.9/site-packages/airflow/example_dags/example_skip_dag.py
[2025-04-21T17:17:30.926-0400] {processor.py:830} INFO - Processing file /Users/gaurav/Documents/Breast-Cancer-ML-Pipeline/venv/lib/python3.9/site-packages/airflow/example_dags/example_skip_dag.py for tasks to queue
[2025-04-21T17:17:30.926-0400] {logging_mixin.py:188} INFO - [2025-04-21T17:17:30.926-0400] {dagbag.py:538} INFO - Filling up the DagBag from /Users/gaurav/Documents/Breast-Cancer-ML-Pipeline/venv/lib/python3.9/site-packages/airflow/example_dags/example_skip_dag.py
[2025-04-21T17:17:30.932-0400] {processor.py:840} INFO - DAG(s) 'example_skip_dag' retrieved from /Users/gaurav/Documents/Breast-Cancer-ML-Pipeline/venv/lib/python3.9/site-packages/airflow/example_dags/example_skip_dag.py
[2025-04-21T17:17:30.999-0400] {logging_mixin.py:188} INFO - [2025-04-21T17:17:30.999-0400] {dag.py:3036} INFO - Sync 1 DAGs
[2025-04-21T17:17:31.011-0400] {logging_mixin.py:188} INFO - [2025-04-21T17:17:31.011-0400] {dag.py:3823} INFO - Setting next_dagrun for example_skip_dag to 2025-04-20 00:00:00+00:00, run_after=2025-04-21 00:00:00+00:00
[2025-04-21T17:17:31.023-0400] {processor.py:183} INFO - Processing /Users/gaurav/Documents/Breast-Cancer-ML-Pipeline/venv/lib/python3.9/site-packages/airflow/example_dags/example_skip_dag.py took 0.100 seconds
[2025-04-21T17:18:46.667-0400] {processor.py:161} INFO - Started process (PID=86307) to work on /Users/gaurav/Documents/Breast-Cancer-ML-Pipeline/venv/lib/python3.9/site-packages/airflow/example_dags/example_skip_dag.py
[2025-04-21T17:18:46.669-0400] {processor.py:830} INFO - Processing file /Users/gaurav/Documents/Breast-Cancer-ML-Pipeline/venv/lib/python3.9/site-packages/airflow/example_dags/example_skip_dag.py for tasks to queue
[2025-04-21T17:18:46.669-0400] {logging_mixin.py:188} INFO - [2025-04-21T17:18:46.669-0400] {dagbag.py:538} INFO - Filling up the DagBag from /Users/gaurav/Documents/Breast-Cancer-ML-Pipeline/venv/lib/python3.9/site-packages/airflow/example_dags/example_skip_dag.py
[2025-04-21T17:18:46.675-0400] {processor.py:840} INFO - DAG(s) 'example_skip_dag' retrieved from /Users/gaurav/Documents/Breast-Cancer-ML-Pipeline/venv/lib/python3.9/site-packages/airflow/example_dags/example_skip_dag.py
[2025-04-21T17:18:46.743-0400] {logging_mixin.py:188} INFO - [2025-04-21T17:18:46.743-0400] {dag.py:3036} INFO - Sync 1 DAGs
[2025-04-21T17:18:46.755-0400] {logging_mixin.py:188} INFO - [2025-04-21T17:18:46.755-0400] {dag.py:3823} INFO - Setting next_dagrun for example_skip_dag to 2025-04-20 00:00:00+00:00, run_after=2025-04-21 00:00:00+00:00
[2025-04-21T17:18:46.767-0400] {processor.py:183} INFO - Processing /Users/gaurav/Documents/Breast-Cancer-ML-Pipeline/venv/lib/python3.9/site-packages/airflow/example_dags/example_skip_dag.py took 0.101 seconds
[2025-04-21T17:20:01.930-0400] {processor.py:161} INFO - Started process (PID=86402) to work on /Users/gaurav/Documents/Breast-Cancer-ML-Pipeline/venv/lib/python3.9/site-packages/airflow/example_dags/example_skip_dag.py
[2025-04-21T17:20:01.931-0400] {processor.py:830} INFO - Processing file /Users/gaurav/Documents/Breast-Cancer-ML-Pipeline/venv/lib/python3.9/site-packages/airflow/example_dags/example_skip_dag.py for tasks to queue
[2025-04-21T17:20:01.932-0400] {logging_mixin.py:188} INFO - [2025-04-21T17:20:01.932-0400] {dagbag.py:538} INFO - Filling up the DagBag from /Users/gaurav/Documents/Breast-Cancer-ML-Pipeline/venv/lib/python3.9/site-packages/airflow/example_dags/example_skip_dag.py
[2025-04-21T17:20:01.938-0400] {processor.py:840} INFO - DAG(s) 'example_skip_dag' retrieved from /Users/gaurav/Documents/Breast-Cancer-ML-Pipeline/venv/lib/python3.9/site-packages/airflow/example_dags/example_skip_dag.py
[2025-04-21T17:20:02.007-0400] {logging_mixin.py:188} INFO - [2025-04-21T17:20:02.007-0400] {dag.py:3036} INFO - Sync 1 DAGs
[2025-04-21T17:20:02.020-0400] {logging_mixin.py:188} INFO - [2025-04-21T17:20:02.020-0400] {dag.py:3823} INFO - Setting next_dagrun for example_skip_dag to 2025-04-20 00:00:00+00:00, run_after=2025-04-21 00:00:00+00:00
[2025-04-21T17:20:02.034-0400] {processor.py:183} INFO - Processing /Users/gaurav/Documents/Breast-Cancer-ML-Pipeline/venv/lib/python3.9/site-packages/airflow/example_dags/example_skip_dag.py took 0.105 seconds
[2025-04-21T17:21:50.806-0400] {processor.py:161} INFO - Started process (PID=86506) to work on /Users/gaurav/Documents/Breast-Cancer-ML-Pipeline/venv/lib/python3.9/site-packages/airflow/example_dags/example_skip_dag.py
[2025-04-21T17:21:50.807-0400] {processor.py:830} INFO - Processing file /Users/gaurav/Documents/Breast-Cancer-ML-Pipeline/venv/lib/python3.9/site-packages/airflow/example_dags/example_skip_dag.py for tasks to queue
[2025-04-21T17:21:50.807-0400] {logging_mixin.py:188} INFO - [2025-04-21T17:21:50.807-0400] {dagbag.py:538} INFO - Filling up the DagBag from /Users/gaurav/Documents/Breast-Cancer-ML-Pipeline/venv/lib/python3.9/site-packages/airflow/example_dags/example_skip_dag.py
[2025-04-21T17:21:50.813-0400] {processor.py:840} INFO - DAG(s) 'example_skip_dag' retrieved from /Users/gaurav/Documents/Breast-Cancer-ML-Pipeline/venv/lib/python3.9/site-packages/airflow/example_dags/example_skip_dag.py
[2025-04-21T17:21:50.934-0400] {logging_mixin.py:188} INFO - [2025-04-21T17:21:50.934-0400] {dag.py:3036} INFO - Sync 1 DAGs
[2025-04-21T17:21:50.944-0400] {logging_mixin.py:188} INFO - [2025-04-21T17:21:50.944-0400] {dag.py:3823} INFO - Setting next_dagrun for example_skip_dag to 2025-04-20 00:00:00+00:00, run_after=2025-04-21 00:00:00+00:00
[2025-04-21T17:21:50.958-0400] {processor.py:183} INFO - Processing /Users/gaurav/Documents/Breast-Cancer-ML-Pipeline/venv/lib/python3.9/site-packages/airflow/example_dags/example_skip_dag.py took 0.153 seconds
[2025-04-21T17:23:17.118-0400] {processor.py:161} INFO - Started process (PID=86595) to work on /Users/gaurav/Documents/Breast-Cancer-ML-Pipeline/venv/lib/python3.9/site-packages/airflow/example_dags/example_skip_dag.py
[2025-04-21T17:23:17.120-0400] {processor.py:830} INFO - Processing file /Users/gaurav/Documents/Breast-Cancer-ML-Pipeline/venv/lib/python3.9/site-packages/airflow/example_dags/example_skip_dag.py for tasks to queue
[2025-04-21T17:23:17.120-0400] {logging_mixin.py:188} INFO - [2025-04-21T17:23:17.120-0400] {dagbag.py:538} INFO - Filling up the DagBag from /Users/gaurav/Documents/Breast-Cancer-ML-Pipeline/venv/lib/python3.9/site-packages/airflow/example_dags/example_skip_dag.py
[2025-04-21T17:23:17.126-0400] {processor.py:840} INFO - DAG(s) 'example_skip_dag' retrieved from /Users/gaurav/Documents/Breast-Cancer-ML-Pipeline/venv/lib/python3.9/site-packages/airflow/example_dags/example_skip_dag.py
[2025-04-21T17:23:17.192-0400] {logging_mixin.py:188} INFO - [2025-04-21T17:23:17.192-0400] {dag.py:3036} INFO - Sync 1 DAGs
[2025-04-21T17:23:17.204-0400] {logging_mixin.py:188} INFO - [2025-04-21T17:23:17.204-0400] {dag.py:3823} INFO - Setting next_dagrun for example_skip_dag to 2025-04-20 00:00:00+00:00, run_after=2025-04-21 00:00:00+00:00
[2025-04-21T17:23:17.217-0400] {processor.py:183} INFO - Processing /Users/gaurav/Documents/Breast-Cancer-ML-Pipeline/venv/lib/python3.9/site-packages/airflow/example_dags/example_skip_dag.py took 0.100 seconds
[2025-04-21T17:24:34.814-0400] {processor.py:161} INFO - Started process (PID=86692) to work on /Users/gaurav/Documents/Breast-Cancer-ML-Pipeline/venv/lib/python3.9/site-packages/airflow/example_dags/example_skip_dag.py
[2025-04-21T17:24:34.816-0400] {processor.py:830} INFO - Processing file /Users/gaurav/Documents/Breast-Cancer-ML-Pipeline/venv/lib/python3.9/site-packages/airflow/example_dags/example_skip_dag.py for tasks to queue
[2025-04-21T17:24:34.817-0400] {logging_mixin.py:188} INFO - [2025-04-21T17:24:34.817-0400] {dagbag.py:538} INFO - Filling up the DagBag from /Users/gaurav/Documents/Breast-Cancer-ML-Pipeline/venv/lib/python3.9/site-packages/airflow/example_dags/example_skip_dag.py
[2025-04-21T17:24:34.822-0400] {processor.py:840} INFO - DAG(s) 'example_skip_dag' retrieved from /Users/gaurav/Documents/Breast-Cancer-ML-Pipeline/venv/lib/python3.9/site-packages/airflow/example_dags/example_skip_dag.py
[2025-04-21T17:24:34.888-0400] {logging_mixin.py:188} INFO - [2025-04-21T17:24:34.888-0400] {dag.py:3036} INFO - Sync 1 DAGs
[2025-04-21T17:24:34.901-0400] {logging_mixin.py:188} INFO - [2025-04-21T17:24:34.901-0400] {dag.py:3823} INFO - Setting next_dagrun for example_skip_dag to 2025-04-20 00:00:00+00:00, run_after=2025-04-21 00:00:00+00:00
[2025-04-21T17:24:34.913-0400] {processor.py:183} INFO - Processing /Users/gaurav/Documents/Breast-Cancer-ML-Pipeline/venv/lib/python3.9/site-packages/airflow/example_dags/example_skip_dag.py took 0.099 seconds
[2025-04-21T17:25:52.810-0400] {processor.py:161} INFO - Started process (PID=86802) to work on /Users/gaurav/Documents/Breast-Cancer-ML-Pipeline/venv/lib/python3.9/site-packages/airflow/example_dags/example_skip_dag.py
[2025-04-21T17:25:52.819-0400] {processor.py:830} INFO - Processing file /Users/gaurav/Documents/Breast-Cancer-ML-Pipeline/venv/lib/python3.9/site-packages/airflow/example_dags/example_skip_dag.py for tasks to queue
[2025-04-21T17:25:52.821-0400] {logging_mixin.py:188} INFO - [2025-04-21T17:25:52.820-0400] {dagbag.py:538} INFO - Filling up the DagBag from /Users/gaurav/Documents/Breast-Cancer-ML-Pipeline/venv/lib/python3.9/site-packages/airflow/example_dags/example_skip_dag.py
[2025-04-21T17:25:52.826-0400] {processor.py:840} INFO - DAG(s) 'example_skip_dag' retrieved from /Users/gaurav/Documents/Breast-Cancer-ML-Pipeline/venv/lib/python3.9/site-packages/airflow/example_dags/example_skip_dag.py
[2025-04-21T17:25:52.898-0400] {logging_mixin.py:188} INFO - [2025-04-21T17:25:52.898-0400] {dag.py:3036} INFO - Sync 1 DAGs
[2025-04-21T17:25:52.910-0400] {logging_mixin.py:188} INFO - [2025-04-21T17:25:52.910-0400] {dag.py:3823} INFO - Setting next_dagrun for example_skip_dag to 2025-04-20 00:00:00+00:00, run_after=2025-04-21 00:00:00+00:00
[2025-04-21T17:25:52.923-0400] {processor.py:183} INFO - Processing /Users/gaurav/Documents/Breast-Cancer-ML-Pipeline/venv/lib/python3.9/site-packages/airflow/example_dags/example_skip_dag.py took 0.114 seconds
[2025-04-21T17:27:06.148-0400] {processor.py:161} INFO - Started process (PID=86890) to work on /Users/gaurav/Documents/Breast-Cancer-ML-Pipeline/venv/lib/python3.9/site-packages/airflow/example_dags/example_skip_dag.py
[2025-04-21T17:27:06.150-0400] {processor.py:830} INFO - Processing file /Users/gaurav/Documents/Breast-Cancer-ML-Pipeline/venv/lib/python3.9/site-packages/airflow/example_dags/example_skip_dag.py for tasks to queue
[2025-04-21T17:27:06.150-0400] {logging_mixin.py:188} INFO - [2025-04-21T17:27:06.150-0400] {dagbag.py:538} INFO - Filling up the DagBag from /Users/gaurav/Documents/Breast-Cancer-ML-Pipeline/venv/lib/python3.9/site-packages/airflow/example_dags/example_skip_dag.py
[2025-04-21T17:27:06.156-0400] {processor.py:840} INFO - DAG(s) 'example_skip_dag' retrieved from /Users/gaurav/Documents/Breast-Cancer-ML-Pipeline/venv/lib/python3.9/site-packages/airflow/example_dags/example_skip_dag.py
[2025-04-21T17:27:06.222-0400] {logging_mixin.py:188} INFO - [2025-04-21T17:27:06.222-0400] {dag.py:3036} INFO - Sync 1 DAGs
[2025-04-21T17:27:06.234-0400] {logging_mixin.py:188} INFO - [2025-04-21T17:27:06.234-0400] {dag.py:3823} INFO - Setting next_dagrun for example_skip_dag to 2025-04-20 00:00:00+00:00, run_after=2025-04-21 00:00:00+00:00
[2025-04-21T17:27:06.246-0400] {processor.py:183} INFO - Processing /Users/gaurav/Documents/Breast-Cancer-ML-Pipeline/venv/lib/python3.9/site-packages/airflow/example_dags/example_skip_dag.py took 0.099 seconds
[2025-04-21T17:29:26.061-0400] {processor.py:161} INFO - Started process (PID=87113) to work on /Users/gaurav/Documents/Breast-Cancer-ML-Pipeline/venv/lib/python3.9/site-packages/airflow/example_dags/example_skip_dag.py
[2025-04-21T17:29:26.063-0400] {processor.py:830} INFO - Processing file /Users/gaurav/Documents/Breast-Cancer-ML-Pipeline/venv/lib/python3.9/site-packages/airflow/example_dags/example_skip_dag.py for tasks to queue
[2025-04-21T17:29:26.063-0400] {logging_mixin.py:188} INFO - [2025-04-21T17:29:26.063-0400] {dagbag.py:538} INFO - Filling up the DagBag from /Users/gaurav/Documents/Breast-Cancer-ML-Pipeline/venv/lib/python3.9/site-packages/airflow/example_dags/example_skip_dag.py
[2025-04-21T17:29:26.069-0400] {processor.py:840} INFO - DAG(s) 'example_skip_dag' retrieved from /Users/gaurav/Documents/Breast-Cancer-ML-Pipeline/venv/lib/python3.9/site-packages/airflow/example_dags/example_skip_dag.py
[2025-04-21T17:29:26.137-0400] {logging_mixin.py:188} INFO - [2025-04-21T17:29:26.137-0400] {dag.py:3036} INFO - Sync 1 DAGs
[2025-04-21T17:29:26.150-0400] {logging_mixin.py:188} INFO - [2025-04-21T17:29:26.150-0400] {dag.py:3823} INFO - Setting next_dagrun for example_skip_dag to 2025-04-20 00:00:00+00:00, run_after=2025-04-21 00:00:00+00:00
[2025-04-21T17:29:26.163-0400] {processor.py:183} INFO - Processing /Users/gaurav/Documents/Breast-Cancer-ML-Pipeline/venv/lib/python3.9/site-packages/airflow/example_dags/example_skip_dag.py took 0.103 seconds
[2025-04-21T17:30:42.976-0400] {processor.py:161} INFO - Started process (PID=87201) to work on /Users/gaurav/Documents/Breast-Cancer-ML-Pipeline/venv/lib/python3.9/site-packages/airflow/example_dags/example_skip_dag.py
[2025-04-21T17:30:42.978-0400] {processor.py:830} INFO - Processing file /Users/gaurav/Documents/Breast-Cancer-ML-Pipeline/venv/lib/python3.9/site-packages/airflow/example_dags/example_skip_dag.py for tasks to queue
[2025-04-21T17:30:42.979-0400] {logging_mixin.py:188} INFO - [2025-04-21T17:30:42.979-0400] {dagbag.py:538} INFO - Filling up the DagBag from /Users/gaurav/Documents/Breast-Cancer-ML-Pipeline/venv/lib/python3.9/site-packages/airflow/example_dags/example_skip_dag.py
[2025-04-21T17:30:42.984-0400] {processor.py:840} INFO - DAG(s) 'example_skip_dag' retrieved from /Users/gaurav/Documents/Breast-Cancer-ML-Pipeline/venv/lib/python3.9/site-packages/airflow/example_dags/example_skip_dag.py
[2025-04-21T17:30:43.053-0400] {logging_mixin.py:188} INFO - [2025-04-21T17:30:43.053-0400] {dag.py:3036} INFO - Sync 1 DAGs
[2025-04-21T17:30:43.065-0400] {logging_mixin.py:188} INFO - [2025-04-21T17:30:43.065-0400] {dag.py:3823} INFO - Setting next_dagrun for example_skip_dag to 2025-04-20 00:00:00+00:00, run_after=2025-04-21 00:00:00+00:00
[2025-04-21T17:30:43.078-0400] {processor.py:183} INFO - Processing /Users/gaurav/Documents/Breast-Cancer-ML-Pipeline/venv/lib/python3.9/site-packages/airflow/example_dags/example_skip_dag.py took 0.103 seconds
[2025-04-21T17:31:56.454-0400] {processor.py:161} INFO - Started process (PID=87280) to work on /Users/gaurav/Documents/Breast-Cancer-ML-Pipeline/venv/lib/python3.9/site-packages/airflow/example_dags/example_skip_dag.py
[2025-04-21T17:31:56.456-0400] {processor.py:830} INFO - Processing file /Users/gaurav/Documents/Breast-Cancer-ML-Pipeline/venv/lib/python3.9/site-packages/airflow/example_dags/example_skip_dag.py for tasks to queue
[2025-04-21T17:31:56.457-0400] {logging_mixin.py:188} INFO - [2025-04-21T17:31:56.457-0400] {dagbag.py:538} INFO - Filling up the DagBag from /Users/gaurav/Documents/Breast-Cancer-ML-Pipeline/venv/lib/python3.9/site-packages/airflow/example_dags/example_skip_dag.py
[2025-04-21T17:31:56.464-0400] {processor.py:840} INFO - DAG(s) 'example_skip_dag' retrieved from /Users/gaurav/Documents/Breast-Cancer-ML-Pipeline/venv/lib/python3.9/site-packages/airflow/example_dags/example_skip_dag.py
[2025-04-21T17:31:56.546-0400] {logging_mixin.py:188} INFO - [2025-04-21T17:31:56.546-0400] {dag.py:3036} INFO - Sync 1 DAGs
[2025-04-21T17:31:56.559-0400] {logging_mixin.py:188} INFO - [2025-04-21T17:31:56.559-0400] {dag.py:3823} INFO - Setting next_dagrun for example_skip_dag to 2025-04-20 00:00:00+00:00, run_after=2025-04-21 00:00:00+00:00
[2025-04-21T17:31:56.572-0400] {processor.py:183} INFO - Processing /Users/gaurav/Documents/Breast-Cancer-ML-Pipeline/venv/lib/python3.9/site-packages/airflow/example_dags/example_skip_dag.py took 0.120 seconds
[2025-04-21T17:36:57.201-0400] {processor.py:161} INFO - Started process (PID=87593) to work on /Users/gaurav/Documents/Breast-Cancer-ML-Pipeline/venv/lib/python3.9/site-packages/airflow/example_dags/example_skip_dag.py
[2025-04-21T17:36:57.203-0400] {processor.py:830} INFO - Processing file /Users/gaurav/Documents/Breast-Cancer-ML-Pipeline/venv/lib/python3.9/site-packages/airflow/example_dags/example_skip_dag.py for tasks to queue
[2025-04-21T17:36:57.203-0400] {logging_mixin.py:188} INFO - [2025-04-21T17:36:57.203-0400] {dagbag.py:538} INFO - Filling up the DagBag from /Users/gaurav/Documents/Breast-Cancer-ML-Pipeline/venv/lib/python3.9/site-packages/airflow/example_dags/example_skip_dag.py
[2025-04-21T17:36:57.209-0400] {processor.py:840} INFO - DAG(s) 'example_skip_dag' retrieved from /Users/gaurav/Documents/Breast-Cancer-ML-Pipeline/venv/lib/python3.9/site-packages/airflow/example_dags/example_skip_dag.py
[2025-04-21T17:36:57.331-0400] {logging_mixin.py:188} INFO - [2025-04-21T17:36:57.330-0400] {dag.py:3036} INFO - Sync 1 DAGs
[2025-04-21T17:36:57.342-0400] {logging_mixin.py:188} INFO - [2025-04-21T17:36:57.342-0400] {dag.py:3823} INFO - Setting next_dagrun for example_skip_dag to 2025-04-20 00:00:00+00:00, run_after=2025-04-21 00:00:00+00:00
[2025-04-21T17:36:57.355-0400] {processor.py:183} INFO - Processing /Users/gaurav/Documents/Breast-Cancer-ML-Pipeline/venv/lib/python3.9/site-packages/airflow/example_dags/example_skip_dag.py took 0.155 seconds
[2025-04-21T17:38:48.140-0400] {processor.py:161} INFO - Started process (PID=87868) to work on /Users/gaurav/Documents/Breast-Cancer-ML-Pipeline/venv/lib/python3.9/site-packages/airflow/example_dags/example_skip_dag.py
[2025-04-21T17:38:48.142-0400] {processor.py:830} INFO - Processing file /Users/gaurav/Documents/Breast-Cancer-ML-Pipeline/venv/lib/python3.9/site-packages/airflow/example_dags/example_skip_dag.py for tasks to queue
[2025-04-21T17:38:48.142-0400] {logging_mixin.py:188} INFO - [2025-04-21T17:38:48.142-0400] {dagbag.py:538} INFO - Filling up the DagBag from /Users/gaurav/Documents/Breast-Cancer-ML-Pipeline/venv/lib/python3.9/site-packages/airflow/example_dags/example_skip_dag.py
[2025-04-21T17:38:48.148-0400] {processor.py:840} INFO - DAG(s) 'example_skip_dag' retrieved from /Users/gaurav/Documents/Breast-Cancer-ML-Pipeline/venv/lib/python3.9/site-packages/airflow/example_dags/example_skip_dag.py
[2025-04-21T17:38:48.213-0400] {logging_mixin.py:188} INFO - [2025-04-21T17:38:48.213-0400] {dag.py:3036} INFO - Sync 1 DAGs
[2025-04-21T17:38:48.225-0400] {logging_mixin.py:188} INFO - [2025-04-21T17:38:48.225-0400] {dag.py:3823} INFO - Setting next_dagrun for example_skip_dag to 2025-04-20 00:00:00+00:00, run_after=2025-04-21 00:00:00+00:00
[2025-04-21T17:38:48.237-0400] {processor.py:183} INFO - Processing /Users/gaurav/Documents/Breast-Cancer-ML-Pipeline/venv/lib/python3.9/site-packages/airflow/example_dags/example_skip_dag.py took 0.098 seconds
[2025-04-21T17:40:03.635-0400] {processor.py:161} INFO - Started process (PID=87949) to work on /Users/gaurav/Documents/Breast-Cancer-ML-Pipeline/venv/lib/python3.9/site-packages/airflow/example_dags/example_skip_dag.py
[2025-04-21T17:40:03.637-0400] {processor.py:830} INFO - Processing file /Users/gaurav/Documents/Breast-Cancer-ML-Pipeline/venv/lib/python3.9/site-packages/airflow/example_dags/example_skip_dag.py for tasks to queue
[2025-04-21T17:40:03.637-0400] {logging_mixin.py:188} INFO - [2025-04-21T17:40:03.637-0400] {dagbag.py:538} INFO - Filling up the DagBag from /Users/gaurav/Documents/Breast-Cancer-ML-Pipeline/venv/lib/python3.9/site-packages/airflow/example_dags/example_skip_dag.py
[2025-04-21T17:40:03.644-0400] {processor.py:840} INFO - DAG(s) 'example_skip_dag' retrieved from /Users/gaurav/Documents/Breast-Cancer-ML-Pipeline/venv/lib/python3.9/site-packages/airflow/example_dags/example_skip_dag.py
[2025-04-21T17:40:03.737-0400] {logging_mixin.py:188} INFO - [2025-04-21T17:40:03.737-0400] {dag.py:3036} INFO - Sync 1 DAGs
[2025-04-21T17:40:03.754-0400] {logging_mixin.py:188} INFO - [2025-04-21T17:40:03.753-0400] {dag.py:3823} INFO - Setting next_dagrun for example_skip_dag to 2025-04-20 00:00:00+00:00, run_after=2025-04-21 00:00:00+00:00
[2025-04-21T17:40:03.778-0400] {processor.py:183} INFO - Processing /Users/gaurav/Documents/Breast-Cancer-ML-Pipeline/venv/lib/python3.9/site-packages/airflow/example_dags/example_skip_dag.py took 0.144 seconds
[2025-04-21T17:41:27.658-0400] {processor.py:161} INFO - Started process (PID=88097) to work on /Users/gaurav/Documents/Breast-Cancer-ML-Pipeline/venv/lib/python3.9/site-packages/airflow/example_dags/example_skip_dag.py
[2025-04-21T17:41:27.660-0400] {processor.py:830} INFO - Processing file /Users/gaurav/Documents/Breast-Cancer-ML-Pipeline/venv/lib/python3.9/site-packages/airflow/example_dags/example_skip_dag.py for tasks to queue
[2025-04-21T17:41:27.660-0400] {logging_mixin.py:188} INFO - [2025-04-21T17:41:27.660-0400] {dagbag.py:538} INFO - Filling up the DagBag from /Users/gaurav/Documents/Breast-Cancer-ML-Pipeline/venv/lib/python3.9/site-packages/airflow/example_dags/example_skip_dag.py
[2025-04-21T17:41:27.665-0400] {processor.py:840} INFO - DAG(s) 'example_skip_dag' retrieved from /Users/gaurav/Documents/Breast-Cancer-ML-Pipeline/venv/lib/python3.9/site-packages/airflow/example_dags/example_skip_dag.py
[2025-04-21T17:41:27.732-0400] {logging_mixin.py:188} INFO - [2025-04-21T17:41:27.731-0400] {dag.py:3036} INFO - Sync 1 DAGs
[2025-04-21T17:41:27.743-0400] {logging_mixin.py:188} INFO - [2025-04-21T17:41:27.743-0400] {dag.py:3823} INFO - Setting next_dagrun for example_skip_dag to 2025-04-20 00:00:00+00:00, run_after=2025-04-21 00:00:00+00:00
[2025-04-21T17:41:27.756-0400] {processor.py:183} INFO - Processing /Users/gaurav/Documents/Breast-Cancer-ML-Pipeline/venv/lib/python3.9/site-packages/airflow/example_dags/example_skip_dag.py took 0.099 seconds
[2025-04-21T17:42:40.614-0400] {processor.py:161} INFO - Started process (PID=88180) to work on /Users/gaurav/Documents/Breast-Cancer-ML-Pipeline/venv/lib/python3.9/site-packages/airflow/example_dags/example_skip_dag.py
[2025-04-21T17:42:40.615-0400] {processor.py:830} INFO - Processing file /Users/gaurav/Documents/Breast-Cancer-ML-Pipeline/venv/lib/python3.9/site-packages/airflow/example_dags/example_skip_dag.py for tasks to queue
[2025-04-21T17:42:40.616-0400] {logging_mixin.py:188} INFO - [2025-04-21T17:42:40.615-0400] {dagbag.py:538} INFO - Filling up the DagBag from /Users/gaurav/Documents/Breast-Cancer-ML-Pipeline/venv/lib/python3.9/site-packages/airflow/example_dags/example_skip_dag.py
[2025-04-21T17:42:40.621-0400] {processor.py:840} INFO - DAG(s) 'example_skip_dag' retrieved from /Users/gaurav/Documents/Breast-Cancer-ML-Pipeline/venv/lib/python3.9/site-packages/airflow/example_dags/example_skip_dag.py
[2025-04-21T17:42:40.685-0400] {logging_mixin.py:188} INFO - [2025-04-21T17:42:40.685-0400] {dag.py:3036} INFO - Sync 1 DAGs
[2025-04-21T17:42:40.697-0400] {logging_mixin.py:188} INFO - [2025-04-21T17:42:40.697-0400] {dag.py:3823} INFO - Setting next_dagrun for example_skip_dag to 2025-04-20 00:00:00+00:00, run_after=2025-04-21 00:00:00+00:00
[2025-04-21T17:42:40.708-0400] {processor.py:183} INFO - Processing /Users/gaurav/Documents/Breast-Cancer-ML-Pipeline/venv/lib/python3.9/site-packages/airflow/example_dags/example_skip_dag.py took 0.095 seconds
[2025-04-21T17:43:52.723-0400] {processor.py:161} INFO - Started process (PID=88263) to work on /Users/gaurav/Documents/Breast-Cancer-ML-Pipeline/venv/lib/python3.9/site-packages/airflow/example_dags/example_skip_dag.py
[2025-04-21T17:43:52.725-0400] {processor.py:830} INFO - Processing file /Users/gaurav/Documents/Breast-Cancer-ML-Pipeline/venv/lib/python3.9/site-packages/airflow/example_dags/example_skip_dag.py for tasks to queue
[2025-04-21T17:43:52.725-0400] {logging_mixin.py:188} INFO - [2025-04-21T17:43:52.725-0400] {dagbag.py:538} INFO - Filling up the DagBag from /Users/gaurav/Documents/Breast-Cancer-ML-Pipeline/venv/lib/python3.9/site-packages/airflow/example_dags/example_skip_dag.py
[2025-04-21T17:43:52.731-0400] {processor.py:840} INFO - DAG(s) 'example_skip_dag' retrieved from /Users/gaurav/Documents/Breast-Cancer-ML-Pipeline/venv/lib/python3.9/site-packages/airflow/example_dags/example_skip_dag.py
[2025-04-21T17:43:52.801-0400] {logging_mixin.py:188} INFO - [2025-04-21T17:43:52.800-0400] {dag.py:3036} INFO - Sync 1 DAGs
[2025-04-21T17:43:52.814-0400] {logging_mixin.py:188} INFO - [2025-04-21T17:43:52.814-0400] {dag.py:3823} INFO - Setting next_dagrun for example_skip_dag to 2025-04-20 00:00:00+00:00, run_after=2025-04-21 00:00:00+00:00
[2025-04-21T17:43:52.826-0400] {processor.py:183} INFO - Processing /Users/gaurav/Documents/Breast-Cancer-ML-Pipeline/venv/lib/python3.9/site-packages/airflow/example_dags/example_skip_dag.py took 0.103 seconds
[2025-04-21T17:45:03.250-0400] {processor.py:161} INFO - Started process (PID=88368) to work on /Users/gaurav/Documents/Breast-Cancer-ML-Pipeline/venv/lib/python3.9/site-packages/airflow/example_dags/example_skip_dag.py
[2025-04-21T17:45:03.251-0400] {processor.py:830} INFO - Processing file /Users/gaurav/Documents/Breast-Cancer-ML-Pipeline/venv/lib/python3.9/site-packages/airflow/example_dags/example_skip_dag.py for tasks to queue
[2025-04-21T17:45:03.252-0400] {logging_mixin.py:188} INFO - [2025-04-21T17:45:03.252-0400] {dagbag.py:538} INFO - Filling up the DagBag from /Users/gaurav/Documents/Breast-Cancer-ML-Pipeline/venv/lib/python3.9/site-packages/airflow/example_dags/example_skip_dag.py
[2025-04-21T17:45:03.256-0400] {processor.py:840} INFO - DAG(s) 'example_skip_dag' retrieved from /Users/gaurav/Documents/Breast-Cancer-ML-Pipeline/venv/lib/python3.9/site-packages/airflow/example_dags/example_skip_dag.py
[2025-04-21T17:45:03.309-0400] {logging_mixin.py:188} INFO - [2025-04-21T17:45:03.308-0400] {dag.py:3036} INFO - Sync 1 DAGs
[2025-04-21T17:45:03.318-0400] {logging_mixin.py:188} INFO - [2025-04-21T17:45:03.318-0400] {dag.py:3823} INFO - Setting next_dagrun for example_skip_dag to 2025-04-20 00:00:00+00:00, run_after=2025-04-21 00:00:00+00:00
[2025-04-21T17:45:03.328-0400] {processor.py:183} INFO - Processing /Users/gaurav/Documents/Breast-Cancer-ML-Pipeline/venv/lib/python3.9/site-packages/airflow/example_dags/example_skip_dag.py took 0.079 seconds
[2025-04-21T17:45:56.357-0400] {processor.py:161} INFO - Started process (PID=88462) to work on /Users/gaurav/Documents/Breast-Cancer-ML-Pipeline/venv/lib/python3.9/site-packages/airflow/example_dags/example_skip_dag.py
[2025-04-21T17:45:56.358-0400] {processor.py:830} INFO - Processing file /Users/gaurav/Documents/Breast-Cancer-ML-Pipeline/venv/lib/python3.9/site-packages/airflow/example_dags/example_skip_dag.py for tasks to queue
[2025-04-21T17:45:56.359-0400] {logging_mixin.py:188} INFO - [2025-04-21T17:45:56.359-0400] {dagbag.py:538} INFO - Filling up the DagBag from /Users/gaurav/Documents/Breast-Cancer-ML-Pipeline/venv/lib/python3.9/site-packages/airflow/example_dags/example_skip_dag.py
[2025-04-21T17:45:56.364-0400] {processor.py:840} INFO - DAG(s) 'example_skip_dag' retrieved from /Users/gaurav/Documents/Breast-Cancer-ML-Pipeline/venv/lib/python3.9/site-packages/airflow/example_dags/example_skip_dag.py
[2025-04-21T17:45:56.420-0400] {logging_mixin.py:188} INFO - [2025-04-21T17:45:56.420-0400] {dag.py:3036} INFO - Sync 1 DAGs
[2025-04-21T17:45:56.430-0400] {logging_mixin.py:188} INFO - [2025-04-21T17:45:56.430-0400] {dag.py:3823} INFO - Setting next_dagrun for example_skip_dag to 2025-04-20 00:00:00+00:00, run_after=2025-04-21 00:00:00+00:00
[2025-04-21T17:45:56.439-0400] {processor.py:183} INFO - Processing /Users/gaurav/Documents/Breast-Cancer-ML-Pipeline/venv/lib/python3.9/site-packages/airflow/example_dags/example_skip_dag.py took 0.082 seconds
[2025-04-21T17:46:49.949-0400] {processor.py:161} INFO - Started process (PID=88564) to work on /Users/gaurav/Documents/Breast-Cancer-ML-Pipeline/venv/lib/python3.9/site-packages/airflow/example_dags/example_skip_dag.py
[2025-04-21T17:46:49.950-0400] {processor.py:830} INFO - Processing file /Users/gaurav/Documents/Breast-Cancer-ML-Pipeline/venv/lib/python3.9/site-packages/airflow/example_dags/example_skip_dag.py for tasks to queue
[2025-04-21T17:46:49.951-0400] {logging_mixin.py:188} INFO - [2025-04-21T17:46:49.951-0400] {dagbag.py:538} INFO - Filling up the DagBag from /Users/gaurav/Documents/Breast-Cancer-ML-Pipeline/venv/lib/python3.9/site-packages/airflow/example_dags/example_skip_dag.py
[2025-04-21T17:46:49.955-0400] {processor.py:840} INFO - DAG(s) 'example_skip_dag' retrieved from /Users/gaurav/Documents/Breast-Cancer-ML-Pipeline/venv/lib/python3.9/site-packages/airflow/example_dags/example_skip_dag.py
[2025-04-21T17:46:50.008-0400] {logging_mixin.py:188} INFO - [2025-04-21T17:46:50.008-0400] {dag.py:3036} INFO - Sync 1 DAGs
[2025-04-21T17:46:50.018-0400] {logging_mixin.py:188} INFO - [2025-04-21T17:46:50.017-0400] {dag.py:3823} INFO - Setting next_dagrun for example_skip_dag to 2025-04-20 00:00:00+00:00, run_after=2025-04-21 00:00:00+00:00
[2025-04-21T17:46:50.027-0400] {processor.py:183} INFO - Processing /Users/gaurav/Documents/Breast-Cancer-ML-Pipeline/venv/lib/python3.9/site-packages/airflow/example_dags/example_skip_dag.py took 0.078 seconds
[2025-04-21T17:47:44.151-0400] {processor.py:161} INFO - Started process (PID=88635) to work on /Users/gaurav/Documents/Breast-Cancer-ML-Pipeline/venv/lib/python3.9/site-packages/airflow/example_dags/example_skip_dag.py
[2025-04-21T17:47:44.152-0400] {processor.py:830} INFO - Processing file /Users/gaurav/Documents/Breast-Cancer-ML-Pipeline/venv/lib/python3.9/site-packages/airflow/example_dags/example_skip_dag.py for tasks to queue
[2025-04-21T17:47:44.152-0400] {logging_mixin.py:188} INFO - [2025-04-21T17:47:44.152-0400] {dagbag.py:538} INFO - Filling up the DagBag from /Users/gaurav/Documents/Breast-Cancer-ML-Pipeline/venv/lib/python3.9/site-packages/airflow/example_dags/example_skip_dag.py
[2025-04-21T17:47:44.157-0400] {processor.py:840} INFO - DAG(s) 'example_skip_dag' retrieved from /Users/gaurav/Documents/Breast-Cancer-ML-Pipeline/venv/lib/python3.9/site-packages/airflow/example_dags/example_skip_dag.py
[2025-04-21T17:47:44.208-0400] {logging_mixin.py:188} INFO - [2025-04-21T17:47:44.208-0400] {dag.py:3036} INFO - Sync 1 DAGs
[2025-04-21T17:47:44.218-0400] {logging_mixin.py:188} INFO - [2025-04-21T17:47:44.218-0400] {dag.py:3823} INFO - Setting next_dagrun for example_skip_dag to 2025-04-20 00:00:00+00:00, run_after=2025-04-21 00:00:00+00:00
[2025-04-21T17:47:44.228-0400] {processor.py:183} INFO - Processing /Users/gaurav/Documents/Breast-Cancer-ML-Pipeline/venv/lib/python3.9/site-packages/airflow/example_dags/example_skip_dag.py took 0.077 seconds
[2025-04-21T17:48:29.373-0400] {processor.py:161} INFO - Started process (PID=88690) to work on /Users/gaurav/Documents/Breast-Cancer-ML-Pipeline/venv/lib/python3.9/site-packages/airflow/example_dags/example_skip_dag.py
[2025-04-21T17:48:29.375-0400] {processor.py:830} INFO - Processing file /Users/gaurav/Documents/Breast-Cancer-ML-Pipeline/venv/lib/python3.9/site-packages/airflow/example_dags/example_skip_dag.py for tasks to queue
[2025-04-21T17:48:29.375-0400] {logging_mixin.py:188} INFO - [2025-04-21T17:48:29.375-0400] {dagbag.py:538} INFO - Filling up the DagBag from /Users/gaurav/Documents/Breast-Cancer-ML-Pipeline/venv/lib/python3.9/site-packages/airflow/example_dags/example_skip_dag.py
[2025-04-21T17:48:29.379-0400] {processor.py:840} INFO - DAG(s) 'example_skip_dag' retrieved from /Users/gaurav/Documents/Breast-Cancer-ML-Pipeline/venv/lib/python3.9/site-packages/airflow/example_dags/example_skip_dag.py
[2025-04-21T17:48:29.428-0400] {logging_mixin.py:188} INFO - [2025-04-21T17:48:29.428-0400] {dag.py:3036} INFO - Sync 1 DAGs
[2025-04-21T17:48:29.437-0400] {logging_mixin.py:188} INFO - [2025-04-21T17:48:29.437-0400] {dag.py:3823} INFO - Setting next_dagrun for example_skip_dag to 2025-04-20 00:00:00+00:00, run_after=2025-04-21 00:00:00+00:00
[2025-04-21T17:48:29.446-0400] {processor.py:183} INFO - Processing /Users/gaurav/Documents/Breast-Cancer-ML-Pipeline/venv/lib/python3.9/site-packages/airflow/example_dags/example_skip_dag.py took 0.074 seconds
[2025-04-21T17:49:13.124-0400] {processor.py:161} INFO - Started process (PID=88759) to work on /Users/gaurav/Documents/Breast-Cancer-ML-Pipeline/venv/lib/python3.9/site-packages/airflow/example_dags/example_skip_dag.py
[2025-04-21T17:49:13.125-0400] {processor.py:830} INFO - Processing file /Users/gaurav/Documents/Breast-Cancer-ML-Pipeline/venv/lib/python3.9/site-packages/airflow/example_dags/example_skip_dag.py for tasks to queue
[2025-04-21T17:49:13.126-0400] {logging_mixin.py:188} INFO - [2025-04-21T17:49:13.126-0400] {dagbag.py:538} INFO - Filling up the DagBag from /Users/gaurav/Documents/Breast-Cancer-ML-Pipeline/venv/lib/python3.9/site-packages/airflow/example_dags/example_skip_dag.py
[2025-04-21T17:49:13.130-0400] {processor.py:840} INFO - DAG(s) 'example_skip_dag' retrieved from /Users/gaurav/Documents/Breast-Cancer-ML-Pipeline/venv/lib/python3.9/site-packages/airflow/example_dags/example_skip_dag.py
[2025-04-21T17:49:13.179-0400] {logging_mixin.py:188} INFO - [2025-04-21T17:49:13.179-0400] {dag.py:3036} INFO - Sync 1 DAGs
[2025-04-21T17:49:13.188-0400] {logging_mixin.py:188} INFO - [2025-04-21T17:49:13.188-0400] {dag.py:3823} INFO - Setting next_dagrun for example_skip_dag to 2025-04-20 00:00:00+00:00, run_after=2025-04-21 00:00:00+00:00
[2025-04-21T17:49:13.197-0400] {processor.py:183} INFO - Processing /Users/gaurav/Documents/Breast-Cancer-ML-Pipeline/venv/lib/python3.9/site-packages/airflow/example_dags/example_skip_dag.py took 0.074 seconds
[2025-04-21T17:50:16.285-0400] {processor.py:161} INFO - Started process (PID=88841) to work on /Users/gaurav/Documents/Breast-Cancer-ML-Pipeline/venv/lib/python3.9/site-packages/airflow/example_dags/example_skip_dag.py
[2025-04-21T17:50:16.286-0400] {processor.py:830} INFO - Processing file /Users/gaurav/Documents/Breast-Cancer-ML-Pipeline/venv/lib/python3.9/site-packages/airflow/example_dags/example_skip_dag.py for tasks to queue
[2025-04-21T17:50:16.287-0400] {logging_mixin.py:188} INFO - [2025-04-21T17:50:16.287-0400] {dagbag.py:538} INFO - Filling up the DagBag from /Users/gaurav/Documents/Breast-Cancer-ML-Pipeline/venv/lib/python3.9/site-packages/airflow/example_dags/example_skip_dag.py
[2025-04-21T17:50:16.291-0400] {processor.py:840} INFO - DAG(s) 'example_skip_dag' retrieved from /Users/gaurav/Documents/Breast-Cancer-ML-Pipeline/venv/lib/python3.9/site-packages/airflow/example_dags/example_skip_dag.py
[2025-04-21T17:50:16.464-0400] {logging_mixin.py:188} INFO - [2025-04-21T17:50:16.461-0400] {dag.py:3036} INFO - Sync 1 DAGs
[2025-04-21T17:50:16.523-0400] {logging_mixin.py:188} INFO - [2025-04-21T17:50:16.523-0400] {dag.py:3823} INFO - Setting next_dagrun for example_skip_dag to 2025-04-20 00:00:00+00:00, run_after=2025-04-21 00:00:00+00:00
[2025-04-21T17:50:16.557-0400] {processor.py:183} INFO - Processing /Users/gaurav/Documents/Breast-Cancer-ML-Pipeline/venv/lib/python3.9/site-packages/airflow/example_dags/example_skip_dag.py took 0.273 seconds
[2025-04-21T17:51:09.011-0400] {processor.py:161} INFO - Started process (PID=88916) to work on /Users/gaurav/Documents/Breast-Cancer-ML-Pipeline/venv/lib/python3.9/site-packages/airflow/example_dags/example_skip_dag.py
[2025-04-21T17:51:09.012-0400] {processor.py:830} INFO - Processing file /Users/gaurav/Documents/Breast-Cancer-ML-Pipeline/venv/lib/python3.9/site-packages/airflow/example_dags/example_skip_dag.py for tasks to queue
[2025-04-21T17:51:09.012-0400] {logging_mixin.py:188} INFO - [2025-04-21T17:51:09.012-0400] {dagbag.py:538} INFO - Filling up the DagBag from /Users/gaurav/Documents/Breast-Cancer-ML-Pipeline/venv/lib/python3.9/site-packages/airflow/example_dags/example_skip_dag.py
[2025-04-21T17:51:09.017-0400] {processor.py:840} INFO - DAG(s) 'example_skip_dag' retrieved from /Users/gaurav/Documents/Breast-Cancer-ML-Pipeline/venv/lib/python3.9/site-packages/airflow/example_dags/example_skip_dag.py
[2025-04-21T17:51:09.069-0400] {logging_mixin.py:188} INFO - [2025-04-21T17:51:09.069-0400] {dag.py:3036} INFO - Sync 1 DAGs
[2025-04-21T17:51:09.080-0400] {logging_mixin.py:188} INFO - [2025-04-21T17:51:09.080-0400] {dag.py:3823} INFO - Setting next_dagrun for example_skip_dag to 2025-04-20 00:00:00+00:00, run_after=2025-04-21 00:00:00+00:00
[2025-04-21T17:51:09.091-0400] {processor.py:183} INFO - Processing /Users/gaurav/Documents/Breast-Cancer-ML-Pipeline/venv/lib/python3.9/site-packages/airflow/example_dags/example_skip_dag.py took 0.080 seconds
[2025-04-21T17:52:01.219-0400] {processor.py:161} INFO - Started process (PID=88992) to work on /Users/gaurav/Documents/Breast-Cancer-ML-Pipeline/venv/lib/python3.9/site-packages/airflow/example_dags/example_skip_dag.py
[2025-04-21T17:52:01.221-0400] {processor.py:830} INFO - Processing file /Users/gaurav/Documents/Breast-Cancer-ML-Pipeline/venv/lib/python3.9/site-packages/airflow/example_dags/example_skip_dag.py for tasks to queue
[2025-04-21T17:52:01.221-0400] {logging_mixin.py:188} INFO - [2025-04-21T17:52:01.221-0400] {dagbag.py:538} INFO - Filling up the DagBag from /Users/gaurav/Documents/Breast-Cancer-ML-Pipeline/venv/lib/python3.9/site-packages/airflow/example_dags/example_skip_dag.py
[2025-04-21T17:52:01.226-0400] {processor.py:840} INFO - DAG(s) 'example_skip_dag' retrieved from /Users/gaurav/Documents/Breast-Cancer-ML-Pipeline/venv/lib/python3.9/site-packages/airflow/example_dags/example_skip_dag.py
[2025-04-21T17:52:01.280-0400] {logging_mixin.py:188} INFO - [2025-04-21T17:52:01.280-0400] {dag.py:3036} INFO - Sync 1 DAGs
[2025-04-21T17:52:01.290-0400] {logging_mixin.py:188} INFO - [2025-04-21T17:52:01.290-0400] {dag.py:3823} INFO - Setting next_dagrun for example_skip_dag to 2025-04-20 00:00:00+00:00, run_after=2025-04-21 00:00:00+00:00
[2025-04-21T17:52:01.301-0400] {processor.py:183} INFO - Processing /Users/gaurav/Documents/Breast-Cancer-ML-Pipeline/venv/lib/python3.9/site-packages/airflow/example_dags/example_skip_dag.py took 0.082 seconds
[2025-04-21T17:52:54.653-0400] {processor.py:161} INFO - Started process (PID=89065) to work on /Users/gaurav/Documents/Breast-Cancer-ML-Pipeline/venv/lib/python3.9/site-packages/airflow/example_dags/example_skip_dag.py
[2025-04-21T17:52:54.654-0400] {processor.py:830} INFO - Processing file /Users/gaurav/Documents/Breast-Cancer-ML-Pipeline/venv/lib/python3.9/site-packages/airflow/example_dags/example_skip_dag.py for tasks to queue
[2025-04-21T17:52:54.654-0400] {logging_mixin.py:188} INFO - [2025-04-21T17:52:54.654-0400] {dagbag.py:538} INFO - Filling up the DagBag from /Users/gaurav/Documents/Breast-Cancer-ML-Pipeline/venv/lib/python3.9/site-packages/airflow/example_dags/example_skip_dag.py
[2025-04-21T17:52:54.659-0400] {processor.py:840} INFO - DAG(s) 'example_skip_dag' retrieved from /Users/gaurav/Documents/Breast-Cancer-ML-Pipeline/venv/lib/python3.9/site-packages/airflow/example_dags/example_skip_dag.py
[2025-04-21T17:52:54.710-0400] {logging_mixin.py:188} INFO - [2025-04-21T17:52:54.710-0400] {dag.py:3036} INFO - Sync 1 DAGs
[2025-04-21T17:52:54.720-0400] {logging_mixin.py:188} INFO - [2025-04-21T17:52:54.720-0400] {dag.py:3823} INFO - Setting next_dagrun for example_skip_dag to 2025-04-20 00:00:00+00:00, run_after=2025-04-21 00:00:00+00:00
[2025-04-21T17:52:54.730-0400] {processor.py:183} INFO - Processing /Users/gaurav/Documents/Breast-Cancer-ML-Pipeline/venv/lib/python3.9/site-packages/airflow/example_dags/example_skip_dag.py took 0.078 seconds
[2025-04-21T17:53:43.273-0400] {processor.py:161} INFO - Started process (PID=89129) to work on /Users/gaurav/Documents/Breast-Cancer-ML-Pipeline/venv/lib/python3.9/site-packages/airflow/example_dags/example_skip_dag.py
[2025-04-21T17:53:43.275-0400] {processor.py:830} INFO - Processing file /Users/gaurav/Documents/Breast-Cancer-ML-Pipeline/venv/lib/python3.9/site-packages/airflow/example_dags/example_skip_dag.py for tasks to queue
[2025-04-21T17:53:43.275-0400] {logging_mixin.py:188} INFO - [2025-04-21T17:53:43.275-0400] {dagbag.py:538} INFO - Filling up the DagBag from /Users/gaurav/Documents/Breast-Cancer-ML-Pipeline/venv/lib/python3.9/site-packages/airflow/example_dags/example_skip_dag.py
[2025-04-21T17:53:43.280-0400] {processor.py:840} INFO - DAG(s) 'example_skip_dag' retrieved from /Users/gaurav/Documents/Breast-Cancer-ML-Pipeline/venv/lib/python3.9/site-packages/airflow/example_dags/example_skip_dag.py
[2025-04-21T17:53:43.331-0400] {logging_mixin.py:188} INFO - [2025-04-21T17:53:43.331-0400] {dag.py:3036} INFO - Sync 1 DAGs
[2025-04-21T17:53:43.341-0400] {logging_mixin.py:188} INFO - [2025-04-21T17:53:43.340-0400] {dag.py:3823} INFO - Setting next_dagrun for example_skip_dag to 2025-04-20 00:00:00+00:00, run_after=2025-04-21 00:00:00+00:00
[2025-04-21T17:53:43.350-0400] {processor.py:183} INFO - Processing /Users/gaurav/Documents/Breast-Cancer-ML-Pipeline/venv/lib/python3.9/site-packages/airflow/example_dags/example_skip_dag.py took 0.078 seconds
[2025-04-21T17:54:36.385-0400] {processor.py:161} INFO - Started process (PID=89207) to work on /Users/gaurav/Documents/Breast-Cancer-ML-Pipeline/venv/lib/python3.9/site-packages/airflow/example_dags/example_skip_dag.py
[2025-04-21T17:54:36.387-0400] {processor.py:830} INFO - Processing file /Users/gaurav/Documents/Breast-Cancer-ML-Pipeline/venv/lib/python3.9/site-packages/airflow/example_dags/example_skip_dag.py for tasks to queue
[2025-04-21T17:54:36.388-0400] {logging_mixin.py:188} INFO - [2025-04-21T17:54:36.387-0400] {dagbag.py:538} INFO - Filling up the DagBag from /Users/gaurav/Documents/Breast-Cancer-ML-Pipeline/venv/lib/python3.9/site-packages/airflow/example_dags/example_skip_dag.py
[2025-04-21T17:54:36.392-0400] {processor.py:840} INFO - DAG(s) 'example_skip_dag' retrieved from /Users/gaurav/Documents/Breast-Cancer-ML-Pipeline/venv/lib/python3.9/site-packages/airflow/example_dags/example_skip_dag.py
[2025-04-21T17:54:36.443-0400] {logging_mixin.py:188} INFO - [2025-04-21T17:54:36.443-0400] {dag.py:3036} INFO - Sync 1 DAGs
[2025-04-21T17:54:36.452-0400] {logging_mixin.py:188} INFO - [2025-04-21T17:54:36.452-0400] {dag.py:3823} INFO - Setting next_dagrun for example_skip_dag to 2025-04-20 00:00:00+00:00, run_after=2025-04-21 00:00:00+00:00
[2025-04-21T17:54:36.461-0400] {processor.py:183} INFO - Processing /Users/gaurav/Documents/Breast-Cancer-ML-Pipeline/venv/lib/python3.9/site-packages/airflow/example_dags/example_skip_dag.py took 0.076 seconds
[2025-04-21T17:55:30.996-0400] {processor.py:161} INFO - Started process (PID=89362) to work on /Users/gaurav/Documents/Breast-Cancer-ML-Pipeline/venv/lib/python3.9/site-packages/airflow/example_dags/example_skip_dag.py
[2025-04-21T17:55:30.997-0400] {processor.py:830} INFO - Processing file /Users/gaurav/Documents/Breast-Cancer-ML-Pipeline/venv/lib/python3.9/site-packages/airflow/example_dags/example_skip_dag.py for tasks to queue
[2025-04-21T17:55:30.997-0400] {logging_mixin.py:188} INFO - [2025-04-21T17:55:30.997-0400] {dagbag.py:538} INFO - Filling up the DagBag from /Users/gaurav/Documents/Breast-Cancer-ML-Pipeline/venv/lib/python3.9/site-packages/airflow/example_dags/example_skip_dag.py
[2025-04-21T17:55:31.002-0400] {processor.py:840} INFO - DAG(s) 'example_skip_dag' retrieved from /Users/gaurav/Documents/Breast-Cancer-ML-Pipeline/venv/lib/python3.9/site-packages/airflow/example_dags/example_skip_dag.py
[2025-04-21T17:55:31.056-0400] {logging_mixin.py:188} INFO - [2025-04-21T17:55:31.055-0400] {dag.py:3036} INFO - Sync 1 DAGs
[2025-04-21T17:55:31.065-0400] {logging_mixin.py:188} INFO - [2025-04-21T17:55:31.065-0400] {dag.py:3823} INFO - Setting next_dagrun for example_skip_dag to 2025-04-20 00:00:00+00:00, run_after=2025-04-21 00:00:00+00:00
[2025-04-21T17:55:31.075-0400] {processor.py:183} INFO - Processing /Users/gaurav/Documents/Breast-Cancer-ML-Pipeline/venv/lib/python3.9/site-packages/airflow/example_dags/example_skip_dag.py took 0.080 seconds
