[2025-04-21T16:39:11.580-0400] {processor.py:161} INFO - Started process (PID=83544) to work on /Users/gaurav/Documents/Breast-Cancer-ML-Pipeline/venv/lib/python3.9/site-packages/airflow/example_dags/example_sensor_decorator.py
[2025-04-21T16:39:11.582-0400] {processor.py:830} INFO - Processing file /Users/gaurav/Documents/Breast-Cancer-ML-Pipeline/venv/lib/python3.9/site-packages/airflow/example_dags/example_sensor_decorator.py for tasks to queue
[2025-04-21T16:39:11.582-0400] {logging_mixin.py:188} INFO - [2025-04-21T16:39:11.582-0400] {dagbag.py:538} INFO - Filling up the DagBag from /Users/gaurav/Documents/Breast-Cancer-ML-Pipeline/venv/lib/python3.9/site-packages/airflow/example_dags/example_sensor_decorator.py
[2025-04-21T16:39:11.608-0400] {processor.py:840} INFO - DAG(s) 'example_sensor_decorator' retrieved from /Users/gaurav/Documents/Breast-Cancer-ML-Pipeline/venv/lib/python3.9/site-packages/airflow/example_dags/example_sensor_decorator.py
[2025-04-21T16:39:11.739-0400] {logging_mixin.py:188} INFO - [2025-04-21T16:39:11.739-0400] {override.py:1769} INFO - Created Permission View: can delete on DAG:example_sensor_decorator
[2025-04-21T16:39:11.745-0400] {logging_mixin.py:188} INFO - [2025-04-21T16:39:11.745-0400] {override.py:1769} INFO - Created Permission View: can edit on DAG:example_sensor_decorator
[2025-04-21T16:39:11.749-0400] {logging_mixin.py:188} INFO - [2025-04-21T16:39:11.749-0400] {override.py:1769} INFO - Created Permission View: can read on DAG:example_sensor_decorator
[2025-04-21T16:39:11.750-0400] {logging_mixin.py:188} INFO - [2025-04-21T16:39:11.750-0400] {dag.py:3036} INFO - Sync 1 DAGs
[2025-04-21T16:39:11.757-0400] {logging_mixin.py:188} INFO - [2025-04-21T16:39:11.756-0400] {dag.py:3058} INFO - Creating ORM DAG for example_sensor_decorator
[2025-04-21T16:39:11.757-0400] {logging_mixin.py:188} INFO - [2025-04-21T16:39:11.757-0400] {dag.py:3823} INFO - Setting next_dagrun for example_sensor_decorator to None, run_after=None
[2025-04-21T16:39:11.769-0400] {processor.py:183} INFO - Processing /Users/gaurav/Documents/Breast-Cancer-ML-Pipeline/venv/lib/python3.9/site-packages/airflow/example_dags/example_sensor_decorator.py took 0.190 seconds
[2025-04-21T16:41:03.589-0400] {processor.py:161} INFO - Started process (PID=83650) to work on /Users/gaurav/Documents/Breast-Cancer-ML-Pipeline/venv/lib/python3.9/site-packages/airflow/example_dags/example_sensor_decorator.py
[2025-04-21T16:41:03.591-0400] {processor.py:830} INFO - Processing file /Users/gaurav/Documents/Breast-Cancer-ML-Pipeline/venv/lib/python3.9/site-packages/airflow/example_dags/example_sensor_decorator.py for tasks to queue
[2025-04-21T16:41:03.592-0400] {logging_mixin.py:188} INFO - [2025-04-21T16:41:03.592-0400] {dagbag.py:538} INFO - Filling up the DagBag from /Users/gaurav/Documents/Breast-Cancer-ML-Pipeline/venv/lib/python3.9/site-packages/airflow/example_dags/example_sensor_decorator.py
[2025-04-21T16:41:03.618-0400] {processor.py:840} INFO - DAG(s) 'example_sensor_decorator' retrieved from /Users/gaurav/Documents/Breast-Cancer-ML-Pipeline/venv/lib/python3.9/site-packages/airflow/example_dags/example_sensor_decorator.py
[2025-04-21T16:41:03.687-0400] {logging_mixin.py:188} INFO - [2025-04-21T16:41:03.687-0400] {dag.py:3036} INFO - Sync 1 DAGs
[2025-04-21T16:41:03.693-0400] {logging_mixin.py:188} INFO - [2025-04-21T16:41:03.693-0400] {dag.py:3823} INFO - Setting next_dagrun for example_sensor_decorator to None, run_after=None
[2025-04-21T16:41:03.705-0400] {processor.py:183} INFO - Processing /Users/gaurav/Documents/Breast-Cancer-ML-Pipeline/venv/lib/python3.9/site-packages/airflow/example_dags/example_sensor_decorator.py took 0.117 seconds
[2025-04-21T16:43:45.969-0400] {processor.py:161} INFO - Started process (PID=83781) to work on /Users/gaurav/Documents/Breast-Cancer-ML-Pipeline/venv/lib/python3.9/site-packages/airflow/example_dags/example_sensor_decorator.py
[2025-04-21T16:43:45.971-0400] {processor.py:830} INFO - Processing file /Users/gaurav/Documents/Breast-Cancer-ML-Pipeline/venv/lib/python3.9/site-packages/airflow/example_dags/example_sensor_decorator.py for tasks to queue
[2025-04-21T16:43:45.972-0400] {logging_mixin.py:188} INFO - [2025-04-21T16:43:45.972-0400] {dagbag.py:538} INFO - Filling up the DagBag from /Users/gaurav/Documents/Breast-Cancer-ML-Pipeline/venv/lib/python3.9/site-packages/airflow/example_dags/example_sensor_decorator.py
[2025-04-21T16:43:46.000-0400] {processor.py:840} INFO - DAG(s) 'example_sensor_decorator' retrieved from /Users/gaurav/Documents/Breast-Cancer-ML-Pipeline/venv/lib/python3.9/site-packages/airflow/example_dags/example_sensor_decorator.py
[2025-04-21T16:43:46.070-0400] {logging_mixin.py:188} INFO - [2025-04-21T16:43:46.069-0400] {dag.py:3036} INFO - Sync 1 DAGs
[2025-04-21T16:43:46.076-0400] {logging_mixin.py:188} INFO - [2025-04-21T16:43:46.076-0400] {dag.py:3823} INFO - Setting next_dagrun for example_sensor_decorator to None, run_after=None
[2025-04-21T16:43:46.088-0400] {processor.py:183} INFO - Processing /Users/gaurav/Documents/Breast-Cancer-ML-Pipeline/venv/lib/python3.9/site-packages/airflow/example_dags/example_sensor_decorator.py took 0.119 seconds
[2025-04-21T16:47:02.062-0400] {processor.py:161} INFO - Started process (PID=84017) to work on /Users/gaurav/Documents/Breast-Cancer-ML-Pipeline/venv/lib/python3.9/site-packages/airflow/example_dags/example_sensor_decorator.py
[2025-04-21T16:47:02.064-0400] {processor.py:830} INFO - Processing file /Users/gaurav/Documents/Breast-Cancer-ML-Pipeline/venv/lib/python3.9/site-packages/airflow/example_dags/example_sensor_decorator.py for tasks to queue
[2025-04-21T16:47:02.065-0400] {logging_mixin.py:188} INFO - [2025-04-21T16:47:02.065-0400] {dagbag.py:538} INFO - Filling up the DagBag from /Users/gaurav/Documents/Breast-Cancer-ML-Pipeline/venv/lib/python3.9/site-packages/airflow/example_dags/example_sensor_decorator.py
[2025-04-21T16:47:02.091-0400] {processor.py:840} INFO - DAG(s) 'example_sensor_decorator' retrieved from /Users/gaurav/Documents/Breast-Cancer-ML-Pipeline/venv/lib/python3.9/site-packages/airflow/example_dags/example_sensor_decorator.py
[2025-04-21T16:47:02.162-0400] {logging_mixin.py:188} INFO - [2025-04-21T16:47:02.162-0400] {dag.py:3036} INFO - Sync 1 DAGs
[2025-04-21T16:47:02.169-0400] {logging_mixin.py:188} INFO - [2025-04-21T16:47:02.168-0400] {dag.py:3823} INFO - Setting next_dagrun for example_sensor_decorator to None, run_after=None
[2025-04-21T16:47:02.180-0400] {processor.py:183} INFO - Processing /Users/gaurav/Documents/Breast-Cancer-ML-Pipeline/venv/lib/python3.9/site-packages/airflow/example_dags/example_sensor_decorator.py took 0.119 seconds
[2025-04-21T16:48:15.812-0400] {processor.py:161} INFO - Started process (PID=84098) to work on /Users/gaurav/Documents/Breast-Cancer-ML-Pipeline/venv/lib/python3.9/site-packages/airflow/example_dags/example_sensor_decorator.py
[2025-04-21T16:48:15.813-0400] {processor.py:830} INFO - Processing file /Users/gaurav/Documents/Breast-Cancer-ML-Pipeline/venv/lib/python3.9/site-packages/airflow/example_dags/example_sensor_decorator.py for tasks to queue
[2025-04-21T16:48:15.814-0400] {logging_mixin.py:188} INFO - [2025-04-21T16:48:15.814-0400] {dagbag.py:538} INFO - Filling up the DagBag from /Users/gaurav/Documents/Breast-Cancer-ML-Pipeline/venv/lib/python3.9/site-packages/airflow/example_dags/example_sensor_decorator.py
[2025-04-21T16:48:15.839-0400] {processor.py:840} INFO - DAG(s) 'example_sensor_decorator' retrieved from /Users/gaurav/Documents/Breast-Cancer-ML-Pipeline/venv/lib/python3.9/site-packages/airflow/example_dags/example_sensor_decorator.py
[2025-04-21T16:48:15.908-0400] {logging_mixin.py:188} INFO - [2025-04-21T16:48:15.908-0400] {dag.py:3036} INFO - Sync 1 DAGs
[2025-04-21T16:48:15.914-0400] {logging_mixin.py:188} INFO - [2025-04-21T16:48:15.914-0400] {dag.py:3823} INFO - Setting next_dagrun for example_sensor_decorator to None, run_after=None
[2025-04-21T16:48:15.927-0400] {processor.py:183} INFO - Processing /Users/gaurav/Documents/Breast-Cancer-ML-Pipeline/venv/lib/python3.9/site-packages/airflow/example_dags/example_sensor_decorator.py took 0.116 seconds
[2025-04-21T16:49:27.071-0400] {processor.py:161} INFO - Started process (PID=84184) to work on /Users/gaurav/Documents/Breast-Cancer-ML-Pipeline/venv/lib/python3.9/site-packages/airflow/example_dags/example_sensor_decorator.py
[2025-04-21T16:49:27.073-0400] {processor.py:830} INFO - Processing file /Users/gaurav/Documents/Breast-Cancer-ML-Pipeline/venv/lib/python3.9/site-packages/airflow/example_dags/example_sensor_decorator.py for tasks to queue
[2025-04-21T16:49:27.073-0400] {logging_mixin.py:188} INFO - [2025-04-21T16:49:27.073-0400] {dagbag.py:538} INFO - Filling up the DagBag from /Users/gaurav/Documents/Breast-Cancer-ML-Pipeline/venv/lib/python3.9/site-packages/airflow/example_dags/example_sensor_decorator.py
[2025-04-21T16:49:27.098-0400] {processor.py:840} INFO - DAG(s) 'example_sensor_decorator' retrieved from /Users/gaurav/Documents/Breast-Cancer-ML-Pipeline/venv/lib/python3.9/site-packages/airflow/example_dags/example_sensor_decorator.py
[2025-04-21T16:49:27.168-0400] {logging_mixin.py:188} INFO - [2025-04-21T16:49:27.168-0400] {dag.py:3036} INFO - Sync 1 DAGs
[2025-04-21T16:49:27.174-0400] {logging_mixin.py:188} INFO - [2025-04-21T16:49:27.174-0400] {dag.py:3823} INFO - Setting next_dagrun for example_sensor_decorator to None, run_after=None
[2025-04-21T16:49:27.186-0400] {processor.py:183} INFO - Processing /Users/gaurav/Documents/Breast-Cancer-ML-Pipeline/venv/lib/python3.9/site-packages/airflow/example_dags/example_sensor_decorator.py took 0.116 seconds
[2025-04-21T16:50:41.444-0400] {processor.py:161} INFO - Started process (PID=84268) to work on /Users/gaurav/Documents/Breast-Cancer-ML-Pipeline/venv/lib/python3.9/site-packages/airflow/example_dags/example_sensor_decorator.py
[2025-04-21T16:50:41.446-0400] {processor.py:830} INFO - Processing file /Users/gaurav/Documents/Breast-Cancer-ML-Pipeline/venv/lib/python3.9/site-packages/airflow/example_dags/example_sensor_decorator.py for tasks to queue
[2025-04-21T16:50:41.447-0400] {logging_mixin.py:188} INFO - [2025-04-21T16:50:41.447-0400] {dagbag.py:538} INFO - Filling up the DagBag from /Users/gaurav/Documents/Breast-Cancer-ML-Pipeline/venv/lib/python3.9/site-packages/airflow/example_dags/example_sensor_decorator.py
[2025-04-21T16:50:41.474-0400] {processor.py:840} INFO - DAG(s) 'example_sensor_decorator' retrieved from /Users/gaurav/Documents/Breast-Cancer-ML-Pipeline/venv/lib/python3.9/site-packages/airflow/example_dags/example_sensor_decorator.py
[2025-04-21T16:50:41.548-0400] {logging_mixin.py:188} INFO - [2025-04-21T16:50:41.547-0400] {dag.py:3036} INFO - Sync 1 DAGs
[2025-04-21T16:50:41.554-0400] {logging_mixin.py:188} INFO - [2025-04-21T16:50:41.554-0400] {dag.py:3823} INFO - Setting next_dagrun for example_sensor_decorator to None, run_after=None
[2025-04-21T16:50:41.566-0400] {processor.py:183} INFO - Processing /Users/gaurav/Documents/Breast-Cancer-ML-Pipeline/venv/lib/python3.9/site-packages/airflow/example_dags/example_sensor_decorator.py took 0.123 seconds
[2025-04-21T16:52:04.985-0400] {processor.py:161} INFO - Started process (PID=84358) to work on /Users/gaurav/Documents/Breast-Cancer-ML-Pipeline/venv/lib/python3.9/site-packages/airflow/example_dags/example_sensor_decorator.py
[2025-04-21T16:52:04.986-0400] {processor.py:830} INFO - Processing file /Users/gaurav/Documents/Breast-Cancer-ML-Pipeline/venv/lib/python3.9/site-packages/airflow/example_dags/example_sensor_decorator.py for tasks to queue
[2025-04-21T16:52:04.986-0400] {logging_mixin.py:188} INFO - [2025-04-21T16:52:04.986-0400] {dagbag.py:538} INFO - Filling up the DagBag from /Users/gaurav/Documents/Breast-Cancer-ML-Pipeline/venv/lib/python3.9/site-packages/airflow/example_dags/example_sensor_decorator.py
[2025-04-21T16:52:05.015-0400] {processor.py:840} INFO - DAG(s) 'example_sensor_decorator' retrieved from /Users/gaurav/Documents/Breast-Cancer-ML-Pipeline/venv/lib/python3.9/site-packages/airflow/example_dags/example_sensor_decorator.py
[2025-04-21T16:52:05.084-0400] {logging_mixin.py:188} INFO - [2025-04-21T16:52:05.084-0400] {dag.py:3036} INFO - Sync 1 DAGs
[2025-04-21T16:52:05.090-0400] {logging_mixin.py:188} INFO - [2025-04-21T16:52:05.090-0400] {dag.py:3823} INFO - Setting next_dagrun for example_sensor_decorator to None, run_after=None
[2025-04-21T16:52:05.103-0400] {processor.py:183} INFO - Processing /Users/gaurav/Documents/Breast-Cancer-ML-Pipeline/venv/lib/python3.9/site-packages/airflow/example_dags/example_sensor_decorator.py took 0.119 seconds
[2025-04-21T16:53:26.774-0400] {processor.py:161} INFO - Started process (PID=84458) to work on /Users/gaurav/Documents/Breast-Cancer-ML-Pipeline/venv/lib/python3.9/site-packages/airflow/example_dags/example_sensor_decorator.py
[2025-04-21T16:53:26.776-0400] {processor.py:830} INFO - Processing file /Users/gaurav/Documents/Breast-Cancer-ML-Pipeline/venv/lib/python3.9/site-packages/airflow/example_dags/example_sensor_decorator.py for tasks to queue
[2025-04-21T16:53:26.777-0400] {logging_mixin.py:188} INFO - [2025-04-21T16:53:26.776-0400] {dagbag.py:538} INFO - Filling up the DagBag from /Users/gaurav/Documents/Breast-Cancer-ML-Pipeline/venv/lib/python3.9/site-packages/airflow/example_dags/example_sensor_decorator.py
[2025-04-21T16:53:26.805-0400] {processor.py:840} INFO - DAG(s) 'example_sensor_decorator' retrieved from /Users/gaurav/Documents/Breast-Cancer-ML-Pipeline/venv/lib/python3.9/site-packages/airflow/example_dags/example_sensor_decorator.py
[2025-04-21T16:53:26.881-0400] {logging_mixin.py:188} INFO - [2025-04-21T16:53:26.881-0400] {dag.py:3036} INFO - Sync 1 DAGs
[2025-04-21T16:53:26.890-0400] {logging_mixin.py:188} INFO - [2025-04-21T16:53:26.889-0400] {dag.py:3823} INFO - Setting next_dagrun for example_sensor_decorator to None, run_after=None
[2025-04-21T16:53:26.902-0400] {processor.py:183} INFO - Processing /Users/gaurav/Documents/Breast-Cancer-ML-Pipeline/venv/lib/python3.9/site-packages/airflow/example_dags/example_sensor_decorator.py took 0.129 seconds
[2025-04-21T16:56:31.291-0400] {processor.py:161} INFO - Started process (PID=84692) to work on /Users/gaurav/Documents/Breast-Cancer-ML-Pipeline/venv/lib/python3.9/site-packages/airflow/example_dags/example_sensor_decorator.py
[2025-04-21T16:56:31.293-0400] {processor.py:830} INFO - Processing file /Users/gaurav/Documents/Breast-Cancer-ML-Pipeline/venv/lib/python3.9/site-packages/airflow/example_dags/example_sensor_decorator.py for tasks to queue
[2025-04-21T16:56:31.293-0400] {logging_mixin.py:188} INFO - [2025-04-21T16:56:31.293-0400] {dagbag.py:538} INFO - Filling up the DagBag from /Users/gaurav/Documents/Breast-Cancer-ML-Pipeline/venv/lib/python3.9/site-packages/airflow/example_dags/example_sensor_decorator.py
[2025-04-21T16:56:31.319-0400] {processor.py:840} INFO - DAG(s) 'example_sensor_decorator' retrieved from /Users/gaurav/Documents/Breast-Cancer-ML-Pipeline/venv/lib/python3.9/site-packages/airflow/example_dags/example_sensor_decorator.py
[2025-04-21T16:56:31.449-0400] {logging_mixin.py:188} INFO - [2025-04-21T16:56:31.449-0400] {dag.py:3036} INFO - Sync 1 DAGs
[2025-04-21T16:56:31.455-0400] {logging_mixin.py:188} INFO - [2025-04-21T16:56:31.455-0400] {dag.py:3823} INFO - Setting next_dagrun for example_sensor_decorator to None, run_after=None
[2025-04-21T16:56:31.484-0400] {processor.py:183} INFO - Processing /Users/gaurav/Documents/Breast-Cancer-ML-Pipeline/venv/lib/python3.9/site-packages/airflow/example_dags/example_sensor_decorator.py took 0.194 seconds
[2025-04-21T16:57:43.742-0400] {processor.py:161} INFO - Started process (PID=84793) to work on /Users/gaurav/Documents/Breast-Cancer-ML-Pipeline/venv/lib/python3.9/site-packages/airflow/example_dags/example_sensor_decorator.py
[2025-04-21T16:57:43.744-0400] {processor.py:830} INFO - Processing file /Users/gaurav/Documents/Breast-Cancer-ML-Pipeline/venv/lib/python3.9/site-packages/airflow/example_dags/example_sensor_decorator.py for tasks to queue
[2025-04-21T16:57:43.744-0400] {logging_mixin.py:188} INFO - [2025-04-21T16:57:43.744-0400] {dagbag.py:538} INFO - Filling up the DagBag from /Users/gaurav/Documents/Breast-Cancer-ML-Pipeline/venv/lib/python3.9/site-packages/airflow/example_dags/example_sensor_decorator.py
[2025-04-21T16:57:43.772-0400] {processor.py:840} INFO - DAG(s) 'example_sensor_decorator' retrieved from /Users/gaurav/Documents/Breast-Cancer-ML-Pipeline/venv/lib/python3.9/site-packages/airflow/example_dags/example_sensor_decorator.py
[2025-04-21T16:57:43.849-0400] {logging_mixin.py:188} INFO - [2025-04-21T16:57:43.849-0400] {dag.py:3036} INFO - Sync 1 DAGs
[2025-04-21T16:57:43.856-0400] {logging_mixin.py:188} INFO - [2025-04-21T16:57:43.856-0400] {dag.py:3823} INFO - Setting next_dagrun for example_sensor_decorator to None, run_after=None
[2025-04-21T16:57:43.870-0400] {processor.py:183} INFO - Processing /Users/gaurav/Documents/Breast-Cancer-ML-Pipeline/venv/lib/python3.9/site-packages/airflow/example_dags/example_sensor_decorator.py took 0.129 seconds
[2025-04-21T16:59:04.649-0400] {processor.py:161} INFO - Started process (PID=84887) to work on /Users/gaurav/Documents/Breast-Cancer-ML-Pipeline/venv/lib/python3.9/site-packages/airflow/example_dags/example_sensor_decorator.py
[2025-04-21T16:59:04.651-0400] {processor.py:830} INFO - Processing file /Users/gaurav/Documents/Breast-Cancer-ML-Pipeline/venv/lib/python3.9/site-packages/airflow/example_dags/example_sensor_decorator.py for tasks to queue
[2025-04-21T16:59:04.651-0400] {logging_mixin.py:188} INFO - [2025-04-21T16:59:04.651-0400] {dagbag.py:538} INFO - Filling up the DagBag from /Users/gaurav/Documents/Breast-Cancer-ML-Pipeline/venv/lib/python3.9/site-packages/airflow/example_dags/example_sensor_decorator.py
[2025-04-21T16:59:04.678-0400] {processor.py:840} INFO - DAG(s) 'example_sensor_decorator' retrieved from /Users/gaurav/Documents/Breast-Cancer-ML-Pipeline/venv/lib/python3.9/site-packages/airflow/example_dags/example_sensor_decorator.py
[2025-04-21T16:59:04.753-0400] {logging_mixin.py:188} INFO - [2025-04-21T16:59:04.752-0400] {dag.py:3036} INFO - Sync 1 DAGs
[2025-04-21T16:59:04.760-0400] {logging_mixin.py:188} INFO - [2025-04-21T16:59:04.760-0400] {dag.py:3823} INFO - Setting next_dagrun for example_sensor_decorator to None, run_after=None
[2025-04-21T16:59:04.773-0400] {processor.py:183} INFO - Processing /Users/gaurav/Documents/Breast-Cancer-ML-Pipeline/venv/lib/python3.9/site-packages/airflow/example_dags/example_sensor_decorator.py took 0.125 seconds
[2025-04-21T17:00:21.232-0400] {processor.py:161} INFO - Started process (PID=84980) to work on /Users/gaurav/Documents/Breast-Cancer-ML-Pipeline/venv/lib/python3.9/site-packages/airflow/example_dags/example_sensor_decorator.py
[2025-04-21T17:00:21.234-0400] {processor.py:830} INFO - Processing file /Users/gaurav/Documents/Breast-Cancer-ML-Pipeline/venv/lib/python3.9/site-packages/airflow/example_dags/example_sensor_decorator.py for tasks to queue
[2025-04-21T17:00:21.235-0400] {logging_mixin.py:188} INFO - [2025-04-21T17:00:21.234-0400] {dagbag.py:538} INFO - Filling up the DagBag from /Users/gaurav/Documents/Breast-Cancer-ML-Pipeline/venv/lib/python3.9/site-packages/airflow/example_dags/example_sensor_decorator.py
[2025-04-21T17:00:21.261-0400] {processor.py:840} INFO - DAG(s) 'example_sensor_decorator' retrieved from /Users/gaurav/Documents/Breast-Cancer-ML-Pipeline/venv/lib/python3.9/site-packages/airflow/example_dags/example_sensor_decorator.py
[2025-04-21T17:00:21.332-0400] {logging_mixin.py:188} INFO - [2025-04-21T17:00:21.332-0400] {dag.py:3036} INFO - Sync 1 DAGs
[2025-04-21T17:00:21.338-0400] {logging_mixin.py:188} INFO - [2025-04-21T17:00:21.338-0400] {dag.py:3823} INFO - Setting next_dagrun for example_sensor_decorator to None, run_after=None
[2025-04-21T17:00:21.351-0400] {processor.py:183} INFO - Processing /Users/gaurav/Documents/Breast-Cancer-ML-Pipeline/venv/lib/python3.9/site-packages/airflow/example_dags/example_sensor_decorator.py took 0.119 seconds
[2025-04-21T17:01:38.020-0400] {processor.py:161} INFO - Started process (PID=85077) to work on /Users/gaurav/Documents/Breast-Cancer-ML-Pipeline/venv/lib/python3.9/site-packages/airflow/example_dags/example_sensor_decorator.py
[2025-04-21T17:01:38.022-0400] {processor.py:830} INFO - Processing file /Users/gaurav/Documents/Breast-Cancer-ML-Pipeline/venv/lib/python3.9/site-packages/airflow/example_dags/example_sensor_decorator.py for tasks to queue
[2025-04-21T17:01:38.022-0400] {logging_mixin.py:188} INFO - [2025-04-21T17:01:38.022-0400] {dagbag.py:538} INFO - Filling up the DagBag from /Users/gaurav/Documents/Breast-Cancer-ML-Pipeline/venv/lib/python3.9/site-packages/airflow/example_dags/example_sensor_decorator.py
[2025-04-21T17:01:38.052-0400] {processor.py:840} INFO - DAG(s) 'example_sensor_decorator' retrieved from /Users/gaurav/Documents/Breast-Cancer-ML-Pipeline/venv/lib/python3.9/site-packages/airflow/example_dags/example_sensor_decorator.py
[2025-04-21T17:01:38.130-0400] {logging_mixin.py:188} INFO - [2025-04-21T17:01:38.129-0400] {dag.py:3036} INFO - Sync 1 DAGs
[2025-04-21T17:01:38.136-0400] {logging_mixin.py:188} INFO - [2025-04-21T17:01:38.136-0400] {dag.py:3823} INFO - Setting next_dagrun for example_sensor_decorator to None, run_after=None
[2025-04-21T17:01:38.150-0400] {processor.py:183} INFO - Processing /Users/gaurav/Documents/Breast-Cancer-ML-Pipeline/venv/lib/python3.9/site-packages/airflow/example_dags/example_sensor_decorator.py took 0.132 seconds
[2025-04-21T17:03:00.165-0400] {processor.py:161} INFO - Started process (PID=85161) to work on /Users/gaurav/Documents/Breast-Cancer-ML-Pipeline/venv/lib/python3.9/site-packages/airflow/example_dags/example_sensor_decorator.py
[2025-04-21T17:03:00.167-0400] {processor.py:830} INFO - Processing file /Users/gaurav/Documents/Breast-Cancer-ML-Pipeline/venv/lib/python3.9/site-packages/airflow/example_dags/example_sensor_decorator.py for tasks to queue
[2025-04-21T17:03:00.168-0400] {logging_mixin.py:188} INFO - [2025-04-21T17:03:00.167-0400] {dagbag.py:538} INFO - Filling up the DagBag from /Users/gaurav/Documents/Breast-Cancer-ML-Pipeline/venv/lib/python3.9/site-packages/airflow/example_dags/example_sensor_decorator.py
[2025-04-21T17:03:00.196-0400] {processor.py:840} INFO - DAG(s) 'example_sensor_decorator' retrieved from /Users/gaurav/Documents/Breast-Cancer-ML-Pipeline/venv/lib/python3.9/site-packages/airflow/example_dags/example_sensor_decorator.py
[2025-04-21T17:03:00.271-0400] {logging_mixin.py:188} INFO - [2025-04-21T17:03:00.271-0400] {dag.py:3036} INFO - Sync 1 DAGs
[2025-04-21T17:03:00.278-0400] {logging_mixin.py:188} INFO - [2025-04-21T17:03:00.278-0400] {dag.py:3823} INFO - Setting next_dagrun for example_sensor_decorator to None, run_after=None
[2025-04-21T17:03:00.291-0400] {processor.py:183} INFO - Processing /Users/gaurav/Documents/Breast-Cancer-ML-Pipeline/venv/lib/python3.9/site-packages/airflow/example_dags/example_sensor_decorator.py took 0.127 seconds
[2025-04-21T17:04:16.288-0400] {processor.py:161} INFO - Started process (PID=85270) to work on /Users/gaurav/Documents/Breast-Cancer-ML-Pipeline/venv/lib/python3.9/site-packages/airflow/example_dags/example_sensor_decorator.py
[2025-04-21T17:04:16.290-0400] {processor.py:830} INFO - Processing file /Users/gaurav/Documents/Breast-Cancer-ML-Pipeline/venv/lib/python3.9/site-packages/airflow/example_dags/example_sensor_decorator.py for tasks to queue
[2025-04-21T17:04:16.291-0400] {logging_mixin.py:188} INFO - [2025-04-21T17:04:16.290-0400] {dagbag.py:538} INFO - Filling up the DagBag from /Users/gaurav/Documents/Breast-Cancer-ML-Pipeline/venv/lib/python3.9/site-packages/airflow/example_dags/example_sensor_decorator.py
[2025-04-21T17:04:16.317-0400] {processor.py:840} INFO - DAG(s) 'example_sensor_decorator' retrieved from /Users/gaurav/Documents/Breast-Cancer-ML-Pipeline/venv/lib/python3.9/site-packages/airflow/example_dags/example_sensor_decorator.py
[2025-04-21T17:04:16.387-0400] {logging_mixin.py:188} INFO - [2025-04-21T17:04:16.387-0400] {dag.py:3036} INFO - Sync 1 DAGs
[2025-04-21T17:04:16.393-0400] {logging_mixin.py:188} INFO - [2025-04-21T17:04:16.393-0400] {dag.py:3823} INFO - Setting next_dagrun for example_sensor_decorator to None, run_after=None
[2025-04-21T17:04:16.405-0400] {processor.py:183} INFO - Processing /Users/gaurav/Documents/Breast-Cancer-ML-Pipeline/venv/lib/python3.9/site-packages/airflow/example_dags/example_sensor_decorator.py took 0.118 seconds
[2025-04-21T17:05:26.604-0400] {processor.py:161} INFO - Started process (PID=85347) to work on /Users/gaurav/Documents/Breast-Cancer-ML-Pipeline/venv/lib/python3.9/site-packages/airflow/example_dags/example_sensor_decorator.py
[2025-04-21T17:05:26.606-0400] {processor.py:830} INFO - Processing file /Users/gaurav/Documents/Breast-Cancer-ML-Pipeline/venv/lib/python3.9/site-packages/airflow/example_dags/example_sensor_decorator.py for tasks to queue
[2025-04-21T17:05:26.607-0400] {logging_mixin.py:188} INFO - [2025-04-21T17:05:26.607-0400] {dagbag.py:538} INFO - Filling up the DagBag from /Users/gaurav/Documents/Breast-Cancer-ML-Pipeline/venv/lib/python3.9/site-packages/airflow/example_dags/example_sensor_decorator.py
[2025-04-21T17:05:26.632-0400] {processor.py:840} INFO - DAG(s) 'example_sensor_decorator' retrieved from /Users/gaurav/Documents/Breast-Cancer-ML-Pipeline/venv/lib/python3.9/site-packages/airflow/example_dags/example_sensor_decorator.py
[2025-04-21T17:05:26.703-0400] {logging_mixin.py:188} INFO - [2025-04-21T17:05:26.702-0400] {dag.py:3036} INFO - Sync 1 DAGs
[2025-04-21T17:05:26.709-0400] {logging_mixin.py:188} INFO - [2025-04-21T17:05:26.708-0400] {dag.py:3823} INFO - Setting next_dagrun for example_sensor_decorator to None, run_after=None
[2025-04-21T17:05:26.720-0400] {processor.py:183} INFO - Processing /Users/gaurav/Documents/Breast-Cancer-ML-Pipeline/venv/lib/python3.9/site-packages/airflow/example_dags/example_sensor_decorator.py took 0.117 seconds
[2025-04-21T17:06:37.791-0400] {processor.py:161} INFO - Started process (PID=85441) to work on /Users/gaurav/Documents/Breast-Cancer-ML-Pipeline/venv/lib/python3.9/site-packages/airflow/example_dags/example_sensor_decorator.py
[2025-04-21T17:06:37.792-0400] {processor.py:830} INFO - Processing file /Users/gaurav/Documents/Breast-Cancer-ML-Pipeline/venv/lib/python3.9/site-packages/airflow/example_dags/example_sensor_decorator.py for tasks to queue
[2025-04-21T17:06:37.793-0400] {logging_mixin.py:188} INFO - [2025-04-21T17:06:37.793-0400] {dagbag.py:538} INFO - Filling up the DagBag from /Users/gaurav/Documents/Breast-Cancer-ML-Pipeline/venv/lib/python3.9/site-packages/airflow/example_dags/example_sensor_decorator.py
[2025-04-21T17:06:37.820-0400] {processor.py:840} INFO - DAG(s) 'example_sensor_decorator' retrieved from /Users/gaurav/Documents/Breast-Cancer-ML-Pipeline/venv/lib/python3.9/site-packages/airflow/example_dags/example_sensor_decorator.py
[2025-04-21T17:06:37.892-0400] {logging_mixin.py:188} INFO - [2025-04-21T17:06:37.892-0400] {dag.py:3036} INFO - Sync 1 DAGs
[2025-04-21T17:06:37.900-0400] {logging_mixin.py:188} INFO - [2025-04-21T17:06:37.900-0400] {dag.py:3823} INFO - Setting next_dagrun for example_sensor_decorator to None, run_after=None
[2025-04-21T17:06:37.912-0400] {processor.py:183} INFO - Processing /Users/gaurav/Documents/Breast-Cancer-ML-Pipeline/venv/lib/python3.9/site-packages/airflow/example_dags/example_sensor_decorator.py took 0.122 seconds
[2025-04-21T17:07:49.687-0400] {processor.py:161} INFO - Started process (PID=85518) to work on /Users/gaurav/Documents/Breast-Cancer-ML-Pipeline/venv/lib/python3.9/site-packages/airflow/example_dags/example_sensor_decorator.py
[2025-04-21T17:07:49.690-0400] {processor.py:830} INFO - Processing file /Users/gaurav/Documents/Breast-Cancer-ML-Pipeline/venv/lib/python3.9/site-packages/airflow/example_dags/example_sensor_decorator.py for tasks to queue
[2025-04-21T17:07:49.690-0400] {logging_mixin.py:188} INFO - [2025-04-21T17:07:49.690-0400] {dagbag.py:538} INFO - Filling up the DagBag from /Users/gaurav/Documents/Breast-Cancer-ML-Pipeline/venv/lib/python3.9/site-packages/airflow/example_dags/example_sensor_decorator.py
[2025-04-21T17:07:49.715-0400] {processor.py:840} INFO - DAG(s) 'example_sensor_decorator' retrieved from /Users/gaurav/Documents/Breast-Cancer-ML-Pipeline/venv/lib/python3.9/site-packages/airflow/example_dags/example_sensor_decorator.py
[2025-04-21T17:07:49.785-0400] {logging_mixin.py:188} INFO - [2025-04-21T17:07:49.785-0400] {dag.py:3036} INFO - Sync 1 DAGs
[2025-04-21T17:07:49.791-0400] {logging_mixin.py:188} INFO - [2025-04-21T17:07:49.791-0400] {dag.py:3823} INFO - Setting next_dagrun for example_sensor_decorator to None, run_after=None
[2025-04-21T17:07:49.804-0400] {processor.py:183} INFO - Processing /Users/gaurav/Documents/Breast-Cancer-ML-Pipeline/venv/lib/python3.9/site-packages/airflow/example_dags/example_sensor_decorator.py took 0.117 seconds
[2025-04-21T17:09:04.545-0400] {processor.py:161} INFO - Started process (PID=85599) to work on /Users/gaurav/Documents/Breast-Cancer-ML-Pipeline/venv/lib/python3.9/site-packages/airflow/example_dags/example_sensor_decorator.py
[2025-04-21T17:09:04.547-0400] {processor.py:830} INFO - Processing file /Users/gaurav/Documents/Breast-Cancer-ML-Pipeline/venv/lib/python3.9/site-packages/airflow/example_dags/example_sensor_decorator.py for tasks to queue
[2025-04-21T17:09:04.548-0400] {logging_mixin.py:188} INFO - [2025-04-21T17:09:04.548-0400] {dagbag.py:538} INFO - Filling up the DagBag from /Users/gaurav/Documents/Breast-Cancer-ML-Pipeline/venv/lib/python3.9/site-packages/airflow/example_dags/example_sensor_decorator.py
[2025-04-21T17:09:04.574-0400] {processor.py:840} INFO - DAG(s) 'example_sensor_decorator' retrieved from /Users/gaurav/Documents/Breast-Cancer-ML-Pipeline/venv/lib/python3.9/site-packages/airflow/example_dags/example_sensor_decorator.py
[2025-04-21T17:09:04.643-0400] {logging_mixin.py:188} INFO - [2025-04-21T17:09:04.643-0400] {dag.py:3036} INFO - Sync 1 DAGs
[2025-04-21T17:09:04.649-0400] {logging_mixin.py:188} INFO - [2025-04-21T17:09:04.649-0400] {dag.py:3823} INFO - Setting next_dagrun for example_sensor_decorator to None, run_after=None
[2025-04-21T17:09:04.662-0400] {processor.py:183} INFO - Processing /Users/gaurav/Documents/Breast-Cancer-ML-Pipeline/venv/lib/python3.9/site-packages/airflow/example_dags/example_sensor_decorator.py took 0.118 seconds
[2025-04-21T17:10:16.564-0400] {processor.py:161} INFO - Started process (PID=85676) to work on /Users/gaurav/Documents/Breast-Cancer-ML-Pipeline/venv/lib/python3.9/site-packages/airflow/example_dags/example_sensor_decorator.py
[2025-04-21T17:10:16.565-0400] {processor.py:830} INFO - Processing file /Users/gaurav/Documents/Breast-Cancer-ML-Pipeline/venv/lib/python3.9/site-packages/airflow/example_dags/example_sensor_decorator.py for tasks to queue
[2025-04-21T17:10:16.566-0400] {logging_mixin.py:188} INFO - [2025-04-21T17:10:16.566-0400] {dagbag.py:538} INFO - Filling up the DagBag from /Users/gaurav/Documents/Breast-Cancer-ML-Pipeline/venv/lib/python3.9/site-packages/airflow/example_dags/example_sensor_decorator.py
[2025-04-21T17:10:16.592-0400] {processor.py:840} INFO - DAG(s) 'example_sensor_decorator' retrieved from /Users/gaurav/Documents/Breast-Cancer-ML-Pipeline/venv/lib/python3.9/site-packages/airflow/example_dags/example_sensor_decorator.py
[2025-04-21T17:10:16.672-0400] {logging_mixin.py:188} INFO - [2025-04-21T17:10:16.671-0400] {dag.py:3036} INFO - Sync 1 DAGs
[2025-04-21T17:10:16.682-0400] {logging_mixin.py:188} INFO - [2025-04-21T17:10:16.682-0400] {dag.py:3823} INFO - Setting next_dagrun for example_sensor_decorator to None, run_after=None
[2025-04-21T17:10:16.697-0400] {processor.py:183} INFO - Processing /Users/gaurav/Documents/Breast-Cancer-ML-Pipeline/venv/lib/python3.9/site-packages/airflow/example_dags/example_sensor_decorator.py took 0.134 seconds
[2025-04-21T17:11:31.376-0400] {processor.py:161} INFO - Started process (PID=85761) to work on /Users/gaurav/Documents/Breast-Cancer-ML-Pipeline/venv/lib/python3.9/site-packages/airflow/example_dags/example_sensor_decorator.py
[2025-04-21T17:11:31.378-0400] {processor.py:830} INFO - Processing file /Users/gaurav/Documents/Breast-Cancer-ML-Pipeline/venv/lib/python3.9/site-packages/airflow/example_dags/example_sensor_decorator.py for tasks to queue
[2025-04-21T17:11:31.378-0400] {logging_mixin.py:188} INFO - [2025-04-21T17:11:31.378-0400] {dagbag.py:538} INFO - Filling up the DagBag from /Users/gaurav/Documents/Breast-Cancer-ML-Pipeline/venv/lib/python3.9/site-packages/airflow/example_dags/example_sensor_decorator.py
[2025-04-21T17:11:31.404-0400] {processor.py:840} INFO - DAG(s) 'example_sensor_decorator' retrieved from /Users/gaurav/Documents/Breast-Cancer-ML-Pipeline/venv/lib/python3.9/site-packages/airflow/example_dags/example_sensor_decorator.py
[2025-04-21T17:11:31.479-0400] {logging_mixin.py:188} INFO - [2025-04-21T17:11:31.478-0400] {dag.py:3036} INFO - Sync 1 DAGs
[2025-04-21T17:11:31.485-0400] {logging_mixin.py:188} INFO - [2025-04-21T17:11:31.485-0400] {dag.py:3823} INFO - Setting next_dagrun for example_sensor_decorator to None, run_after=None
[2025-04-21T17:11:31.496-0400] {processor.py:183} INFO - Processing /Users/gaurav/Documents/Breast-Cancer-ML-Pipeline/venv/lib/python3.9/site-packages/airflow/example_dags/example_sensor_decorator.py took 0.121 seconds
[2025-04-21T17:12:44.767-0400] {processor.py:161} INFO - Started process (PID=85854) to work on /Users/gaurav/Documents/Breast-Cancer-ML-Pipeline/venv/lib/python3.9/site-packages/airflow/example_dags/example_sensor_decorator.py
[2025-04-21T17:12:44.769-0400] {processor.py:830} INFO - Processing file /Users/gaurav/Documents/Breast-Cancer-ML-Pipeline/venv/lib/python3.9/site-packages/airflow/example_dags/example_sensor_decorator.py for tasks to queue
[2025-04-21T17:12:44.769-0400] {logging_mixin.py:188} INFO - [2025-04-21T17:12:44.769-0400] {dagbag.py:538} INFO - Filling up the DagBag from /Users/gaurav/Documents/Breast-Cancer-ML-Pipeline/venv/lib/python3.9/site-packages/airflow/example_dags/example_sensor_decorator.py
[2025-04-21T17:12:44.795-0400] {processor.py:840} INFO - DAG(s) 'example_sensor_decorator' retrieved from /Users/gaurav/Documents/Breast-Cancer-ML-Pipeline/venv/lib/python3.9/site-packages/airflow/example_dags/example_sensor_decorator.py
[2025-04-21T17:12:44.866-0400] {logging_mixin.py:188} INFO - [2025-04-21T17:12:44.866-0400] {dag.py:3036} INFO - Sync 1 DAGs
[2025-04-21T17:12:44.872-0400] {logging_mixin.py:188} INFO - [2025-04-21T17:12:44.872-0400] {dag.py:3823} INFO - Setting next_dagrun for example_sensor_decorator to None, run_after=None
[2025-04-21T17:12:44.884-0400] {processor.py:183} INFO - Processing /Users/gaurav/Documents/Breast-Cancer-ML-Pipeline/venv/lib/python3.9/site-packages/airflow/example_dags/example_sensor_decorator.py took 0.118 seconds
[2025-04-21T17:13:58.675-0400] {processor.py:161} INFO - Started process (PID=85947) to work on /Users/gaurav/Documents/Breast-Cancer-ML-Pipeline/venv/lib/python3.9/site-packages/airflow/example_dags/example_sensor_decorator.py
[2025-04-21T17:13:58.676-0400] {processor.py:830} INFO - Processing file /Users/gaurav/Documents/Breast-Cancer-ML-Pipeline/venv/lib/python3.9/site-packages/airflow/example_dags/example_sensor_decorator.py for tasks to queue
[2025-04-21T17:13:58.677-0400] {logging_mixin.py:188} INFO - [2025-04-21T17:13:58.677-0400] {dagbag.py:538} INFO - Filling up the DagBag from /Users/gaurav/Documents/Breast-Cancer-ML-Pipeline/venv/lib/python3.9/site-packages/airflow/example_dags/example_sensor_decorator.py
[2025-04-21T17:13:58.702-0400] {processor.py:840} INFO - DAG(s) 'example_sensor_decorator' retrieved from /Users/gaurav/Documents/Breast-Cancer-ML-Pipeline/venv/lib/python3.9/site-packages/airflow/example_dags/example_sensor_decorator.py
[2025-04-21T17:13:58.774-0400] {logging_mixin.py:188} INFO - [2025-04-21T17:13:58.774-0400] {dag.py:3036} INFO - Sync 1 DAGs
[2025-04-21T17:13:58.782-0400] {logging_mixin.py:188} INFO - [2025-04-21T17:13:58.782-0400] {dag.py:3823} INFO - Setting next_dagrun for example_sensor_decorator to None, run_after=None
[2025-04-21T17:13:58.795-0400] {processor.py:183} INFO - Processing /Users/gaurav/Documents/Breast-Cancer-ML-Pipeline/venv/lib/python3.9/site-packages/airflow/example_dags/example_sensor_decorator.py took 0.121 seconds
[2025-04-21T17:15:11.812-0400] {processor.py:161} INFO - Started process (PID=86029) to work on /Users/gaurav/Documents/Breast-Cancer-ML-Pipeline/venv/lib/python3.9/site-packages/airflow/example_dags/example_sensor_decorator.py
[2025-04-21T17:15:11.814-0400] {processor.py:830} INFO - Processing file /Users/gaurav/Documents/Breast-Cancer-ML-Pipeline/venv/lib/python3.9/site-packages/airflow/example_dags/example_sensor_decorator.py for tasks to queue
[2025-04-21T17:15:11.814-0400] {logging_mixin.py:188} INFO - [2025-04-21T17:15:11.814-0400] {dagbag.py:538} INFO - Filling up the DagBag from /Users/gaurav/Documents/Breast-Cancer-ML-Pipeline/venv/lib/python3.9/site-packages/airflow/example_dags/example_sensor_decorator.py
[2025-04-21T17:15:11.839-0400] {processor.py:840} INFO - DAG(s) 'example_sensor_decorator' retrieved from /Users/gaurav/Documents/Breast-Cancer-ML-Pipeline/venv/lib/python3.9/site-packages/airflow/example_dags/example_sensor_decorator.py
[2025-04-21T17:15:11.909-0400] {logging_mixin.py:188} INFO - [2025-04-21T17:15:11.909-0400] {dag.py:3036} INFO - Sync 1 DAGs
[2025-04-21T17:15:11.915-0400] {logging_mixin.py:188} INFO - [2025-04-21T17:15:11.915-0400] {dag.py:3823} INFO - Setting next_dagrun for example_sensor_decorator to None, run_after=None
[2025-04-21T17:15:11.927-0400] {processor.py:183} INFO - Processing /Users/gaurav/Documents/Breast-Cancer-ML-Pipeline/venv/lib/python3.9/site-packages/airflow/example_dags/example_sensor_decorator.py took 0.116 seconds
[2025-04-21T17:16:25.213-0400] {processor.py:161} INFO - Started process (PID=86118) to work on /Users/gaurav/Documents/Breast-Cancer-ML-Pipeline/venv/lib/python3.9/site-packages/airflow/example_dags/example_sensor_decorator.py
[2025-04-21T17:16:25.215-0400] {processor.py:830} INFO - Processing file /Users/gaurav/Documents/Breast-Cancer-ML-Pipeline/venv/lib/python3.9/site-packages/airflow/example_dags/example_sensor_decorator.py for tasks to queue
[2025-04-21T17:16:25.215-0400] {logging_mixin.py:188} INFO - [2025-04-21T17:16:25.215-0400] {dagbag.py:538} INFO - Filling up the DagBag from /Users/gaurav/Documents/Breast-Cancer-ML-Pipeline/venv/lib/python3.9/site-packages/airflow/example_dags/example_sensor_decorator.py
[2025-04-21T17:16:25.241-0400] {processor.py:840} INFO - DAG(s) 'example_sensor_decorator' retrieved from /Users/gaurav/Documents/Breast-Cancer-ML-Pipeline/venv/lib/python3.9/site-packages/airflow/example_dags/example_sensor_decorator.py
[2025-04-21T17:16:25.310-0400] {logging_mixin.py:188} INFO - [2025-04-21T17:16:25.310-0400] {dag.py:3036} INFO - Sync 1 DAGs
[2025-04-21T17:16:25.316-0400] {logging_mixin.py:188} INFO - [2025-04-21T17:16:25.316-0400] {dag.py:3823} INFO - Setting next_dagrun for example_sensor_decorator to None, run_after=None
[2025-04-21T17:16:25.329-0400] {processor.py:183} INFO - Processing /Users/gaurav/Documents/Breast-Cancer-ML-Pipeline/venv/lib/python3.9/site-packages/airflow/example_dags/example_sensor_decorator.py took 0.117 seconds
[2025-04-21T17:17:39.040-0400] {processor.py:161} INFO - Started process (PID=86224) to work on /Users/gaurav/Documents/Breast-Cancer-ML-Pipeline/venv/lib/python3.9/site-packages/airflow/example_dags/example_sensor_decorator.py
[2025-04-21T17:17:39.042-0400] {processor.py:830} INFO - Processing file /Users/gaurav/Documents/Breast-Cancer-ML-Pipeline/venv/lib/python3.9/site-packages/airflow/example_dags/example_sensor_decorator.py for tasks to queue
[2025-04-21T17:17:39.042-0400] {logging_mixin.py:188} INFO - [2025-04-21T17:17:39.042-0400] {dagbag.py:538} INFO - Filling up the DagBag from /Users/gaurav/Documents/Breast-Cancer-ML-Pipeline/venv/lib/python3.9/site-packages/airflow/example_dags/example_sensor_decorator.py
[2025-04-21T17:17:39.067-0400] {processor.py:840} INFO - DAG(s) 'example_sensor_decorator' retrieved from /Users/gaurav/Documents/Breast-Cancer-ML-Pipeline/venv/lib/python3.9/site-packages/airflow/example_dags/example_sensor_decorator.py
[2025-04-21T17:17:39.137-0400] {logging_mixin.py:188} INFO - [2025-04-21T17:17:39.137-0400] {dag.py:3036} INFO - Sync 1 DAGs
[2025-04-21T17:17:39.144-0400] {logging_mixin.py:188} INFO - [2025-04-21T17:17:39.143-0400] {dag.py:3823} INFO - Setting next_dagrun for example_sensor_decorator to None, run_after=None
[2025-04-21T17:17:39.155-0400] {processor.py:183} INFO - Processing /Users/gaurav/Documents/Breast-Cancer-ML-Pipeline/venv/lib/python3.9/site-packages/airflow/example_dags/example_sensor_decorator.py took 0.117 seconds
[2025-04-21T17:18:54.801-0400] {processor.py:161} INFO - Started process (PID=86316) to work on /Users/gaurav/Documents/Breast-Cancer-ML-Pipeline/venv/lib/python3.9/site-packages/airflow/example_dags/example_sensor_decorator.py
[2025-04-21T17:18:54.803-0400] {processor.py:830} INFO - Processing file /Users/gaurav/Documents/Breast-Cancer-ML-Pipeline/venv/lib/python3.9/site-packages/airflow/example_dags/example_sensor_decorator.py for tasks to queue
[2025-04-21T17:18:54.804-0400] {logging_mixin.py:188} INFO - [2025-04-21T17:18:54.803-0400] {dagbag.py:538} INFO - Filling up the DagBag from /Users/gaurav/Documents/Breast-Cancer-ML-Pipeline/venv/lib/python3.9/site-packages/airflow/example_dags/example_sensor_decorator.py
[2025-04-21T17:18:54.830-0400] {processor.py:840} INFO - DAG(s) 'example_sensor_decorator' retrieved from /Users/gaurav/Documents/Breast-Cancer-ML-Pipeline/venv/lib/python3.9/site-packages/airflow/example_dags/example_sensor_decorator.py
[2025-04-21T17:18:54.902-0400] {logging_mixin.py:188} INFO - [2025-04-21T17:18:54.901-0400] {dag.py:3036} INFO - Sync 1 DAGs
[2025-04-21T17:18:54.908-0400] {logging_mixin.py:188} INFO - [2025-04-21T17:18:54.908-0400] {dag.py:3823} INFO - Setting next_dagrun for example_sensor_decorator to None, run_after=None
[2025-04-21T17:18:54.919-0400] {processor.py:183} INFO - Processing /Users/gaurav/Documents/Breast-Cancer-ML-Pipeline/venv/lib/python3.9/site-packages/airflow/example_dags/example_sensor_decorator.py took 0.120 seconds
[2025-04-21T17:20:10.219-0400] {processor.py:161} INFO - Started process (PID=86409) to work on /Users/gaurav/Documents/Breast-Cancer-ML-Pipeline/venv/lib/python3.9/site-packages/airflow/example_dags/example_sensor_decorator.py
[2025-04-21T17:20:10.222-0400] {processor.py:830} INFO - Processing file /Users/gaurav/Documents/Breast-Cancer-ML-Pipeline/venv/lib/python3.9/site-packages/airflow/example_dags/example_sensor_decorator.py for tasks to queue
[2025-04-21T17:20:10.222-0400] {logging_mixin.py:188} INFO - [2025-04-21T17:20:10.222-0400] {dagbag.py:538} INFO - Filling up the DagBag from /Users/gaurav/Documents/Breast-Cancer-ML-Pipeline/venv/lib/python3.9/site-packages/airflow/example_dags/example_sensor_decorator.py
[2025-04-21T17:20:10.248-0400] {processor.py:840} INFO - DAG(s) 'example_sensor_decorator' retrieved from /Users/gaurav/Documents/Breast-Cancer-ML-Pipeline/venv/lib/python3.9/site-packages/airflow/example_dags/example_sensor_decorator.py
[2025-04-21T17:20:10.319-0400] {logging_mixin.py:188} INFO - [2025-04-21T17:20:10.318-0400] {dag.py:3036} INFO - Sync 1 DAGs
[2025-04-21T17:20:10.325-0400] {logging_mixin.py:188} INFO - [2025-04-21T17:20:10.324-0400] {dag.py:3823} INFO - Setting next_dagrun for example_sensor_decorator to None, run_after=None
[2025-04-21T17:20:10.336-0400] {processor.py:183} INFO - Processing /Users/gaurav/Documents/Breast-Cancer-ML-Pipeline/venv/lib/python3.9/site-packages/airflow/example_dags/example_sensor_decorator.py took 0.117 seconds
[2025-04-21T17:22:04.361-0400] {processor.py:161} INFO - Started process (PID=86518) to work on /Users/gaurav/Documents/Breast-Cancer-ML-Pipeline/venv/lib/python3.9/site-packages/airflow/example_dags/example_sensor_decorator.py
[2025-04-21T17:22:04.363-0400] {processor.py:830} INFO - Processing file /Users/gaurav/Documents/Breast-Cancer-ML-Pipeline/venv/lib/python3.9/site-packages/airflow/example_dags/example_sensor_decorator.py for tasks to queue
[2025-04-21T17:22:04.363-0400] {logging_mixin.py:188} INFO - [2025-04-21T17:22:04.363-0400] {dagbag.py:538} INFO - Filling up the DagBag from /Users/gaurav/Documents/Breast-Cancer-ML-Pipeline/venv/lib/python3.9/site-packages/airflow/example_dags/example_sensor_decorator.py
[2025-04-21T17:22:04.395-0400] {processor.py:840} INFO - DAG(s) 'example_sensor_decorator' retrieved from /Users/gaurav/Documents/Breast-Cancer-ML-Pipeline/venv/lib/python3.9/site-packages/airflow/example_dags/example_sensor_decorator.py
[2025-04-21T17:22:04.539-0400] {logging_mixin.py:188} INFO - [2025-04-21T17:22:04.539-0400] {dag.py:3036} INFO - Sync 1 DAGs
[2025-04-21T17:22:04.546-0400] {logging_mixin.py:188} INFO - [2025-04-21T17:22:04.546-0400] {dag.py:3823} INFO - Setting next_dagrun for example_sensor_decorator to None, run_after=None
[2025-04-21T17:22:04.561-0400] {processor.py:183} INFO - Processing /Users/gaurav/Documents/Breast-Cancer-ML-Pipeline/venv/lib/python3.9/site-packages/airflow/example_dags/example_sensor_decorator.py took 0.200 seconds
[2025-04-21T17:23:26.256-0400] {processor.py:161} INFO - Started process (PID=86605) to work on /Users/gaurav/Documents/Breast-Cancer-ML-Pipeline/venv/lib/python3.9/site-packages/airflow/example_dags/example_sensor_decorator.py
[2025-04-21T17:23:26.258-0400] {processor.py:830} INFO - Processing file /Users/gaurav/Documents/Breast-Cancer-ML-Pipeline/venv/lib/python3.9/site-packages/airflow/example_dags/example_sensor_decorator.py for tasks to queue
[2025-04-21T17:23:26.258-0400] {logging_mixin.py:188} INFO - [2025-04-21T17:23:26.258-0400] {dagbag.py:538} INFO - Filling up the DagBag from /Users/gaurav/Documents/Breast-Cancer-ML-Pipeline/venv/lib/python3.9/site-packages/airflow/example_dags/example_sensor_decorator.py
[2025-04-21T17:23:26.285-0400] {processor.py:840} INFO - DAG(s) 'example_sensor_decorator' retrieved from /Users/gaurav/Documents/Breast-Cancer-ML-Pipeline/venv/lib/python3.9/site-packages/airflow/example_dags/example_sensor_decorator.py
[2025-04-21T17:23:26.374-0400] {logging_mixin.py:188} INFO - [2025-04-21T17:23:26.373-0400] {dag.py:3036} INFO - Sync 1 DAGs
[2025-04-21T17:23:26.380-0400] {logging_mixin.py:188} INFO - [2025-04-21T17:23:26.380-0400] {dag.py:3823} INFO - Setting next_dagrun for example_sensor_decorator to None, run_after=None
[2025-04-21T17:23:26.397-0400] {processor.py:183} INFO - Processing /Users/gaurav/Documents/Breast-Cancer-ML-Pipeline/venv/lib/python3.9/site-packages/airflow/example_dags/example_sensor_decorator.py took 0.142 seconds
[2025-04-21T17:24:43.330-0400] {processor.py:161} INFO - Started process (PID=86703) to work on /Users/gaurav/Documents/Breast-Cancer-ML-Pipeline/venv/lib/python3.9/site-packages/airflow/example_dags/example_sensor_decorator.py
[2025-04-21T17:24:43.333-0400] {processor.py:830} INFO - Processing file /Users/gaurav/Documents/Breast-Cancer-ML-Pipeline/venv/lib/python3.9/site-packages/airflow/example_dags/example_sensor_decorator.py for tasks to queue
[2025-04-21T17:24:43.333-0400] {logging_mixin.py:188} INFO - [2025-04-21T17:24:43.333-0400] {dagbag.py:538} INFO - Filling up the DagBag from /Users/gaurav/Documents/Breast-Cancer-ML-Pipeline/venv/lib/python3.9/site-packages/airflow/example_dags/example_sensor_decorator.py
[2025-04-21T17:24:43.359-0400] {processor.py:840} INFO - DAG(s) 'example_sensor_decorator' retrieved from /Users/gaurav/Documents/Breast-Cancer-ML-Pipeline/venv/lib/python3.9/site-packages/airflow/example_dags/example_sensor_decorator.py
[2025-04-21T17:24:43.434-0400] {logging_mixin.py:188} INFO - [2025-04-21T17:24:43.433-0400] {dag.py:3036} INFO - Sync 1 DAGs
[2025-04-21T17:24:43.440-0400] {logging_mixin.py:188} INFO - [2025-04-21T17:24:43.440-0400] {dag.py:3823} INFO - Setting next_dagrun for example_sensor_decorator to None, run_after=None
[2025-04-21T17:24:43.453-0400] {processor.py:183} INFO - Processing /Users/gaurav/Documents/Breast-Cancer-ML-Pipeline/venv/lib/python3.9/site-packages/airflow/example_dags/example_sensor_decorator.py took 0.124 seconds
[2025-04-21T17:26:01.276-0400] {processor.py:161} INFO - Started process (PID=86816) to work on /Users/gaurav/Documents/Breast-Cancer-ML-Pipeline/venv/lib/python3.9/site-packages/airflow/example_dags/example_sensor_decorator.py
[2025-04-21T17:26:01.279-0400] {processor.py:830} INFO - Processing file /Users/gaurav/Documents/Breast-Cancer-ML-Pipeline/venv/lib/python3.9/site-packages/airflow/example_dags/example_sensor_decorator.py for tasks to queue
[2025-04-21T17:26:01.279-0400] {logging_mixin.py:188} INFO - [2025-04-21T17:26:01.279-0400] {dagbag.py:538} INFO - Filling up the DagBag from /Users/gaurav/Documents/Breast-Cancer-ML-Pipeline/venv/lib/python3.9/site-packages/airflow/example_dags/example_sensor_decorator.py
[2025-04-21T17:26:01.304-0400] {processor.py:840} INFO - DAG(s) 'example_sensor_decorator' retrieved from /Users/gaurav/Documents/Breast-Cancer-ML-Pipeline/venv/lib/python3.9/site-packages/airflow/example_dags/example_sensor_decorator.py
[2025-04-21T17:26:01.375-0400] {logging_mixin.py:188} INFO - [2025-04-21T17:26:01.374-0400] {dag.py:3036} INFO - Sync 1 DAGs
[2025-04-21T17:26:01.381-0400] {logging_mixin.py:188} INFO - [2025-04-21T17:26:01.380-0400] {dag.py:3823} INFO - Setting next_dagrun for example_sensor_decorator to None, run_after=None
[2025-04-21T17:26:01.393-0400] {processor.py:183} INFO - Processing /Users/gaurav/Documents/Breast-Cancer-ML-Pipeline/venv/lib/python3.9/site-packages/airflow/example_dags/example_sensor_decorator.py took 0.117 seconds
[2025-04-21T17:27:17.302-0400] {processor.py:161} INFO - Started process (PID=86917) to work on /Users/gaurav/Documents/Breast-Cancer-ML-Pipeline/venv/lib/python3.9/site-packages/airflow/example_dags/example_sensor_decorator.py
[2025-04-21T17:27:17.304-0400] {processor.py:830} INFO - Processing file /Users/gaurav/Documents/Breast-Cancer-ML-Pipeline/venv/lib/python3.9/site-packages/airflow/example_dags/example_sensor_decorator.py for tasks to queue
[2025-04-21T17:27:17.305-0400] {logging_mixin.py:188} INFO - [2025-04-21T17:27:17.304-0400] {dagbag.py:538} INFO - Filling up the DagBag from /Users/gaurav/Documents/Breast-Cancer-ML-Pipeline/venv/lib/python3.9/site-packages/airflow/example_dags/example_sensor_decorator.py
[2025-04-21T17:27:17.332-0400] {processor.py:840} INFO - DAG(s) 'example_sensor_decorator' retrieved from /Users/gaurav/Documents/Breast-Cancer-ML-Pipeline/venv/lib/python3.9/site-packages/airflow/example_dags/example_sensor_decorator.py
[2025-04-21T17:27:17.404-0400] {logging_mixin.py:188} INFO - [2025-04-21T17:27:17.403-0400] {dag.py:3036} INFO - Sync 1 DAGs
[2025-04-21T17:27:17.410-0400] {logging_mixin.py:188} INFO - [2025-04-21T17:27:17.409-0400] {dag.py:3823} INFO - Setting next_dagrun for example_sensor_decorator to None, run_after=None
[2025-04-21T17:27:17.422-0400] {processor.py:183} INFO - Processing /Users/gaurav/Documents/Breast-Cancer-ML-Pipeline/venv/lib/python3.9/site-packages/airflow/example_dags/example_sensor_decorator.py took 0.121 seconds
[2025-04-21T17:29:34.651-0400] {processor.py:161} INFO - Started process (PID=87122) to work on /Users/gaurav/Documents/Breast-Cancer-ML-Pipeline/venv/lib/python3.9/site-packages/airflow/example_dags/example_sensor_decorator.py
[2025-04-21T17:29:34.652-0400] {processor.py:830} INFO - Processing file /Users/gaurav/Documents/Breast-Cancer-ML-Pipeline/venv/lib/python3.9/site-packages/airflow/example_dags/example_sensor_decorator.py for tasks to queue
[2025-04-21T17:29:34.652-0400] {logging_mixin.py:188} INFO - [2025-04-21T17:29:34.652-0400] {dagbag.py:538} INFO - Filling up the DagBag from /Users/gaurav/Documents/Breast-Cancer-ML-Pipeline/venv/lib/python3.9/site-packages/airflow/example_dags/example_sensor_decorator.py
[2025-04-21T17:29:34.678-0400] {processor.py:840} INFO - DAG(s) 'example_sensor_decorator' retrieved from /Users/gaurav/Documents/Breast-Cancer-ML-Pipeline/venv/lib/python3.9/site-packages/airflow/example_dags/example_sensor_decorator.py
[2025-04-21T17:29:34.752-0400] {logging_mixin.py:188} INFO - [2025-04-21T17:29:34.751-0400] {dag.py:3036} INFO - Sync 1 DAGs
[2025-04-21T17:29:34.759-0400] {logging_mixin.py:188} INFO - [2025-04-21T17:29:34.759-0400] {dag.py:3823} INFO - Setting next_dagrun for example_sensor_decorator to None, run_after=None
[2025-04-21T17:29:34.772-0400] {processor.py:183} INFO - Processing /Users/gaurav/Documents/Breast-Cancer-ML-Pipeline/venv/lib/python3.9/site-packages/airflow/example_dags/example_sensor_decorator.py took 0.123 seconds
[2025-04-21T17:30:51.547-0400] {processor.py:161} INFO - Started process (PID=87207) to work on /Users/gaurav/Documents/Breast-Cancer-ML-Pipeline/venv/lib/python3.9/site-packages/airflow/example_dags/example_sensor_decorator.py
[2025-04-21T17:30:51.549-0400] {processor.py:830} INFO - Processing file /Users/gaurav/Documents/Breast-Cancer-ML-Pipeline/venv/lib/python3.9/site-packages/airflow/example_dags/example_sensor_decorator.py for tasks to queue
[2025-04-21T17:30:51.550-0400] {logging_mixin.py:188} INFO - [2025-04-21T17:30:51.550-0400] {dagbag.py:538} INFO - Filling up the DagBag from /Users/gaurav/Documents/Breast-Cancer-ML-Pipeline/venv/lib/python3.9/site-packages/airflow/example_dags/example_sensor_decorator.py
[2025-04-21T17:30:51.576-0400] {processor.py:840} INFO - DAG(s) 'example_sensor_decorator' retrieved from /Users/gaurav/Documents/Breast-Cancer-ML-Pipeline/venv/lib/python3.9/site-packages/airflow/example_dags/example_sensor_decorator.py
[2025-04-21T17:30:51.651-0400] {logging_mixin.py:188} INFO - [2025-04-21T17:30:51.650-0400] {dag.py:3036} INFO - Sync 1 DAGs
[2025-04-21T17:30:51.657-0400] {logging_mixin.py:188} INFO - [2025-04-21T17:30:51.657-0400] {dag.py:3823} INFO - Setting next_dagrun for example_sensor_decorator to None, run_after=None
[2025-04-21T17:30:51.670-0400] {processor.py:183} INFO - Processing /Users/gaurav/Documents/Breast-Cancer-ML-Pipeline/venv/lib/python3.9/site-packages/airflow/example_dags/example_sensor_decorator.py took 0.124 seconds
[2025-04-21T17:37:10.946-0400] {processor.py:161} INFO - Started process (PID=87611) to work on /Users/gaurav/Documents/Breast-Cancer-ML-Pipeline/venv/lib/python3.9/site-packages/airflow/example_dags/example_sensor_decorator.py
[2025-04-21T17:37:10.947-0400] {processor.py:830} INFO - Processing file /Users/gaurav/Documents/Breast-Cancer-ML-Pipeline/venv/lib/python3.9/site-packages/airflow/example_dags/example_sensor_decorator.py for tasks to queue
[2025-04-21T17:37:10.948-0400] {logging_mixin.py:188} INFO - [2025-04-21T17:37:10.948-0400] {dagbag.py:538} INFO - Filling up the DagBag from /Users/gaurav/Documents/Breast-Cancer-ML-Pipeline/venv/lib/python3.9/site-packages/airflow/example_dags/example_sensor_decorator.py
[2025-04-21T17:37:10.975-0400] {processor.py:840} INFO - DAG(s) 'example_sensor_decorator' retrieved from /Users/gaurav/Documents/Breast-Cancer-ML-Pipeline/venv/lib/python3.9/site-packages/airflow/example_dags/example_sensor_decorator.py
[2025-04-21T17:37:11.111-0400] {logging_mixin.py:188} INFO - [2025-04-21T17:37:11.111-0400] {dag.py:3036} INFO - Sync 1 DAGs
[2025-04-21T17:37:11.118-0400] {logging_mixin.py:188} INFO - [2025-04-21T17:37:11.118-0400] {dag.py:3823} INFO - Setting next_dagrun for example_sensor_decorator to None, run_after=None
[2025-04-21T17:37:11.132-0400] {processor.py:183} INFO - Processing /Users/gaurav/Documents/Breast-Cancer-ML-Pipeline/venv/lib/python3.9/site-packages/airflow/example_dags/example_sensor_decorator.py took 0.187 seconds
[2025-04-21T17:39:00.338-0400] {processor.py:161} INFO - Started process (PID=87877) to work on /Users/gaurav/Documents/Breast-Cancer-ML-Pipeline/venv/lib/python3.9/site-packages/airflow/example_dags/example_sensor_decorator.py
[2025-04-21T17:39:00.339-0400] {processor.py:830} INFO - Processing file /Users/gaurav/Documents/Breast-Cancer-ML-Pipeline/venv/lib/python3.9/site-packages/airflow/example_dags/example_sensor_decorator.py for tasks to queue
[2025-04-21T17:39:00.340-0400] {logging_mixin.py:188} INFO - [2025-04-21T17:39:00.339-0400] {dagbag.py:538} INFO - Filling up the DagBag from /Users/gaurav/Documents/Breast-Cancer-ML-Pipeline/venv/lib/python3.9/site-packages/airflow/example_dags/example_sensor_decorator.py
[2025-04-21T17:39:00.366-0400] {processor.py:840} INFO - DAG(s) 'example_sensor_decorator' retrieved from /Users/gaurav/Documents/Breast-Cancer-ML-Pipeline/venv/lib/python3.9/site-packages/airflow/example_dags/example_sensor_decorator.py
[2025-04-21T17:39:00.437-0400] {logging_mixin.py:188} INFO - [2025-04-21T17:39:00.437-0400] {dag.py:3036} INFO - Sync 1 DAGs
[2025-04-21T17:39:00.444-0400] {logging_mixin.py:188} INFO - [2025-04-21T17:39:00.443-0400] {dag.py:3823} INFO - Setting next_dagrun for example_sensor_decorator to None, run_after=None
[2025-04-21T17:39:00.456-0400] {processor.py:183} INFO - Processing /Users/gaurav/Documents/Breast-Cancer-ML-Pipeline/venv/lib/python3.9/site-packages/airflow/example_dags/example_sensor_decorator.py took 0.118 seconds
[2025-04-21T17:41:35.652-0400] {processor.py:161} INFO - Started process (PID=88107) to work on /Users/gaurav/Documents/Breast-Cancer-ML-Pipeline/venv/lib/python3.9/site-packages/airflow/example_dags/example_sensor_decorator.py
[2025-04-21T17:41:35.654-0400] {processor.py:830} INFO - Processing file /Users/gaurav/Documents/Breast-Cancer-ML-Pipeline/venv/lib/python3.9/site-packages/airflow/example_dags/example_sensor_decorator.py for tasks to queue
[2025-04-21T17:41:35.654-0400] {logging_mixin.py:188} INFO - [2025-04-21T17:41:35.654-0400] {dagbag.py:538} INFO - Filling up the DagBag from /Users/gaurav/Documents/Breast-Cancer-ML-Pipeline/venv/lib/python3.9/site-packages/airflow/example_dags/example_sensor_decorator.py
[2025-04-21T17:41:35.679-0400] {processor.py:840} INFO - DAG(s) 'example_sensor_decorator' retrieved from /Users/gaurav/Documents/Breast-Cancer-ML-Pipeline/venv/lib/python3.9/site-packages/airflow/example_dags/example_sensor_decorator.py
[2025-04-21T17:41:35.750-0400] {logging_mixin.py:188} INFO - [2025-04-21T17:41:35.749-0400] {dag.py:3036} INFO - Sync 1 DAGs
[2025-04-21T17:41:35.756-0400] {logging_mixin.py:188} INFO - [2025-04-21T17:41:35.756-0400] {dag.py:3823} INFO - Setting next_dagrun for example_sensor_decorator to None, run_after=None
[2025-04-21T17:41:35.768-0400] {processor.py:183} INFO - Processing /Users/gaurav/Documents/Breast-Cancer-ML-Pipeline/venv/lib/python3.9/site-packages/airflow/example_dags/example_sensor_decorator.py took 0.117 seconds
[2025-04-21T17:42:48.994-0400] {processor.py:161} INFO - Started process (PID=88193) to work on /Users/gaurav/Documents/Breast-Cancer-ML-Pipeline/venv/lib/python3.9/site-packages/airflow/example_dags/example_sensor_decorator.py
[2025-04-21T17:42:48.995-0400] {processor.py:830} INFO - Processing file /Users/gaurav/Documents/Breast-Cancer-ML-Pipeline/venv/lib/python3.9/site-packages/airflow/example_dags/example_sensor_decorator.py for tasks to queue
[2025-04-21T17:42:48.996-0400] {logging_mixin.py:188} INFO - [2025-04-21T17:42:48.996-0400] {dagbag.py:538} INFO - Filling up the DagBag from /Users/gaurav/Documents/Breast-Cancer-ML-Pipeline/venv/lib/python3.9/site-packages/airflow/example_dags/example_sensor_decorator.py
[2025-04-21T17:42:49.022-0400] {processor.py:840} INFO - DAG(s) 'example_sensor_decorator' retrieved from /Users/gaurav/Documents/Breast-Cancer-ML-Pipeline/venv/lib/python3.9/site-packages/airflow/example_dags/example_sensor_decorator.py
[2025-04-21T17:42:49.096-0400] {logging_mixin.py:188} INFO - [2025-04-21T17:42:49.096-0400] {dag.py:3036} INFO - Sync 1 DAGs
[2025-04-21T17:42:49.103-0400] {logging_mixin.py:188} INFO - [2025-04-21T17:42:49.103-0400] {dag.py:3823} INFO - Setting next_dagrun for example_sensor_decorator to None, run_after=None
[2025-04-21T17:42:49.115-0400] {processor.py:183} INFO - Processing /Users/gaurav/Documents/Breast-Cancer-ML-Pipeline/venv/lib/python3.9/site-packages/airflow/example_dags/example_sensor_decorator.py took 0.122 seconds
[2025-04-21T17:44:00.892-0400] {processor.py:161} INFO - Started process (PID=88279) to work on /Users/gaurav/Documents/Breast-Cancer-ML-Pipeline/venv/lib/python3.9/site-packages/airflow/example_dags/example_sensor_decorator.py
[2025-04-21T17:44:00.894-0400] {processor.py:830} INFO - Processing file /Users/gaurav/Documents/Breast-Cancer-ML-Pipeline/venv/lib/python3.9/site-packages/airflow/example_dags/example_sensor_decorator.py for tasks to queue
[2025-04-21T17:44:00.894-0400] {logging_mixin.py:188} INFO - [2025-04-21T17:44:00.894-0400] {dagbag.py:538} INFO - Filling up the DagBag from /Users/gaurav/Documents/Breast-Cancer-ML-Pipeline/venv/lib/python3.9/site-packages/airflow/example_dags/example_sensor_decorator.py
[2025-04-21T17:44:00.919-0400] {processor.py:840} INFO - DAG(s) 'example_sensor_decorator' retrieved from /Users/gaurav/Documents/Breast-Cancer-ML-Pipeline/venv/lib/python3.9/site-packages/airflow/example_dags/example_sensor_decorator.py
[2025-04-21T17:44:00.989-0400] {logging_mixin.py:188} INFO - [2025-04-21T17:44:00.989-0400] {dag.py:3036} INFO - Sync 1 DAGs
[2025-04-21T17:44:00.995-0400] {logging_mixin.py:188} INFO - [2025-04-21T17:44:00.995-0400] {dag.py:3823} INFO - Setting next_dagrun for example_sensor_decorator to None, run_after=None
[2025-04-21T17:44:01.007-0400] {processor.py:183} INFO - Processing /Users/gaurav/Documents/Breast-Cancer-ML-Pipeline/venv/lib/python3.9/site-packages/airflow/example_dags/example_sensor_decorator.py took 0.115 seconds
[2025-04-21T17:45:09.670-0400] {processor.py:161} INFO - Started process (PID=88374) to work on /Users/gaurav/Documents/Breast-Cancer-ML-Pipeline/venv/lib/python3.9/site-packages/airflow/example_dags/example_sensor_decorator.py
[2025-04-21T17:45:09.672-0400] {processor.py:830} INFO - Processing file /Users/gaurav/Documents/Breast-Cancer-ML-Pipeline/venv/lib/python3.9/site-packages/airflow/example_dags/example_sensor_decorator.py for tasks to queue
[2025-04-21T17:45:09.673-0400] {logging_mixin.py:188} INFO - [2025-04-21T17:45:09.673-0400] {dagbag.py:538} INFO - Filling up the DagBag from /Users/gaurav/Documents/Breast-Cancer-ML-Pipeline/venv/lib/python3.9/site-packages/airflow/example_dags/example_sensor_decorator.py
[2025-04-21T17:45:09.694-0400] {processor.py:840} INFO - DAG(s) 'example_sensor_decorator' retrieved from /Users/gaurav/Documents/Breast-Cancer-ML-Pipeline/venv/lib/python3.9/site-packages/airflow/example_dags/example_sensor_decorator.py
[2025-04-21T17:45:09.750-0400] {logging_mixin.py:188} INFO - [2025-04-21T17:45:09.749-0400] {dag.py:3036} INFO - Sync 1 DAGs
[2025-04-21T17:45:09.755-0400] {logging_mixin.py:188} INFO - [2025-04-21T17:45:09.754-0400] {dag.py:3823} INFO - Setting next_dagrun for example_sensor_decorator to None, run_after=None
[2025-04-21T17:45:09.764-0400] {processor.py:183} INFO - Processing /Users/gaurav/Documents/Breast-Cancer-ML-Pipeline/venv/lib/python3.9/site-packages/airflow/example_dags/example_sensor_decorator.py took 0.095 seconds
[2025-04-21T17:46:03.335-0400] {processor.py:161} INFO - Started process (PID=88502) to work on /Users/gaurav/Documents/Breast-Cancer-ML-Pipeline/venv/lib/python3.9/site-packages/airflow/example_dags/example_sensor_decorator.py
[2025-04-21T17:46:03.336-0400] {processor.py:830} INFO - Processing file /Users/gaurav/Documents/Breast-Cancer-ML-Pipeline/venv/lib/python3.9/site-packages/airflow/example_dags/example_sensor_decorator.py for tasks to queue
[2025-04-21T17:46:03.337-0400] {logging_mixin.py:188} INFO - [2025-04-21T17:46:03.337-0400] {dagbag.py:538} INFO - Filling up the DagBag from /Users/gaurav/Documents/Breast-Cancer-ML-Pipeline/venv/lib/python3.9/site-packages/airflow/example_dags/example_sensor_decorator.py
[2025-04-21T17:46:03.359-0400] {processor.py:840} INFO - DAG(s) 'example_sensor_decorator' retrieved from /Users/gaurav/Documents/Breast-Cancer-ML-Pipeline/venv/lib/python3.9/site-packages/airflow/example_dags/example_sensor_decorator.py
[2025-04-21T17:46:03.419-0400] {logging_mixin.py:188} INFO - [2025-04-21T17:46:03.418-0400] {dag.py:3036} INFO - Sync 1 DAGs
[2025-04-21T17:46:03.424-0400] {logging_mixin.py:188} INFO - [2025-04-21T17:46:03.424-0400] {dag.py:3823} INFO - Setting next_dagrun for example_sensor_decorator to None, run_after=None
[2025-04-21T17:46:03.433-0400] {processor.py:183} INFO - Processing /Users/gaurav/Documents/Breast-Cancer-ML-Pipeline/venv/lib/python3.9/site-packages/airflow/example_dags/example_sensor_decorator.py took 0.099 seconds
[2025-04-21T17:46:56.670-0400] {processor.py:161} INFO - Started process (PID=88573) to work on /Users/gaurav/Documents/Breast-Cancer-ML-Pipeline/venv/lib/python3.9/site-packages/airflow/example_dags/example_sensor_decorator.py
[2025-04-21T17:46:56.672-0400] {processor.py:830} INFO - Processing file /Users/gaurav/Documents/Breast-Cancer-ML-Pipeline/venv/lib/python3.9/site-packages/airflow/example_dags/example_sensor_decorator.py for tasks to queue
[2025-04-21T17:46:56.673-0400] {logging_mixin.py:188} INFO - [2025-04-21T17:46:56.673-0400] {dagbag.py:538} INFO - Filling up the DagBag from /Users/gaurav/Documents/Breast-Cancer-ML-Pipeline/venv/lib/python3.9/site-packages/airflow/example_dags/example_sensor_decorator.py
[2025-04-21T17:46:56.693-0400] {processor.py:840} INFO - DAG(s) 'example_sensor_decorator' retrieved from /Users/gaurav/Documents/Breast-Cancer-ML-Pipeline/venv/lib/python3.9/site-packages/airflow/example_dags/example_sensor_decorator.py
[2025-04-21T17:46:56.749-0400] {logging_mixin.py:188} INFO - [2025-04-21T17:46:56.749-0400] {dag.py:3036} INFO - Sync 1 DAGs
[2025-04-21T17:46:56.754-0400] {logging_mixin.py:188} INFO - [2025-04-21T17:46:56.754-0400] {dag.py:3823} INFO - Setting next_dagrun for example_sensor_decorator to None, run_after=None
[2025-04-21T17:46:56.764-0400] {processor.py:183} INFO - Processing /Users/gaurav/Documents/Breast-Cancer-ML-Pipeline/venv/lib/python3.9/site-packages/airflow/example_dags/example_sensor_decorator.py took 0.094 seconds
[2025-04-21T17:47:50.593-0400] {processor.py:161} INFO - Started process (PID=88641) to work on /Users/gaurav/Documents/Breast-Cancer-ML-Pipeline/venv/lib/python3.9/site-packages/airflow/example_dags/example_sensor_decorator.py
[2025-04-21T17:47:50.594-0400] {processor.py:830} INFO - Processing file /Users/gaurav/Documents/Breast-Cancer-ML-Pipeline/venv/lib/python3.9/site-packages/airflow/example_dags/example_sensor_decorator.py for tasks to queue
[2025-04-21T17:47:50.595-0400] {logging_mixin.py:188} INFO - [2025-04-21T17:47:50.594-0400] {dagbag.py:538} INFO - Filling up the DagBag from /Users/gaurav/Documents/Breast-Cancer-ML-Pipeline/venv/lib/python3.9/site-packages/airflow/example_dags/example_sensor_decorator.py
[2025-04-21T17:47:50.616-0400] {processor.py:840} INFO - DAG(s) 'example_sensor_decorator' retrieved from /Users/gaurav/Documents/Breast-Cancer-ML-Pipeline/venv/lib/python3.9/site-packages/airflow/example_dags/example_sensor_decorator.py
[2025-04-21T17:47:50.673-0400] {logging_mixin.py:188} INFO - [2025-04-21T17:47:50.673-0400] {dag.py:3036} INFO - Sync 1 DAGs
[2025-04-21T17:47:50.678-0400] {logging_mixin.py:188} INFO - [2025-04-21T17:47:50.678-0400] {dag.py:3823} INFO - Setting next_dagrun for example_sensor_decorator to None, run_after=None
[2025-04-21T17:47:50.687-0400] {processor.py:183} INFO - Processing /Users/gaurav/Documents/Breast-Cancer-ML-Pipeline/venv/lib/python3.9/site-packages/airflow/example_dags/example_sensor_decorator.py took 0.095 seconds
[2025-04-21T17:48:51.558-0400] {processor.py:161} INFO - Started process (PID=88729) to work on /Users/gaurav/Documents/Breast-Cancer-ML-Pipeline/venv/lib/python3.9/site-packages/airflow/example_dags/example_sensor_decorator.py
[2025-04-21T17:48:51.560-0400] {processor.py:830} INFO - Processing file /Users/gaurav/Documents/Breast-Cancer-ML-Pipeline/venv/lib/python3.9/site-packages/airflow/example_dags/example_sensor_decorator.py for tasks to queue
[2025-04-21T17:48:51.560-0400] {logging_mixin.py:188} INFO - [2025-04-21T17:48:51.560-0400] {dagbag.py:538} INFO - Filling up the DagBag from /Users/gaurav/Documents/Breast-Cancer-ML-Pipeline/venv/lib/python3.9/site-packages/airflow/example_dags/example_sensor_decorator.py
[2025-04-21T17:48:51.580-0400] {processor.py:840} INFO - DAG(s) 'example_sensor_decorator' retrieved from /Users/gaurav/Documents/Breast-Cancer-ML-Pipeline/venv/lib/python3.9/site-packages/airflow/example_dags/example_sensor_decorator.py
[2025-04-21T17:48:51.637-0400] {logging_mixin.py:188} INFO - [2025-04-21T17:48:51.637-0400] {dag.py:3036} INFO - Sync 1 DAGs
[2025-04-21T17:48:51.643-0400] {logging_mixin.py:188} INFO - [2025-04-21T17:48:51.643-0400] {dag.py:3823} INFO - Setting next_dagrun for example_sensor_decorator to None, run_after=None
[2025-04-21T17:48:51.652-0400] {processor.py:183} INFO - Processing /Users/gaurav/Documents/Breast-Cancer-ML-Pipeline/venv/lib/python3.9/site-packages/airflow/example_dags/example_sensor_decorator.py took 0.095 seconds
[2025-04-21T17:49:56.846-0400] {processor.py:161} INFO - Started process (PID=88817) to work on /Users/gaurav/Documents/Breast-Cancer-ML-Pipeline/venv/lib/python3.9/site-packages/airflow/example_dags/example_sensor_decorator.py
[2025-04-21T17:49:56.847-0400] {processor.py:830} INFO - Processing file /Users/gaurav/Documents/Breast-Cancer-ML-Pipeline/venv/lib/python3.9/site-packages/airflow/example_dags/example_sensor_decorator.py for tasks to queue
[2025-04-21T17:49:56.847-0400] {logging_mixin.py:188} INFO - [2025-04-21T17:49:56.847-0400] {dagbag.py:538} INFO - Filling up the DagBag from /Users/gaurav/Documents/Breast-Cancer-ML-Pipeline/venv/lib/python3.9/site-packages/airflow/example_dags/example_sensor_decorator.py
[2025-04-21T17:49:56.869-0400] {processor.py:840} INFO - DAG(s) 'example_sensor_decorator' retrieved from /Users/gaurav/Documents/Breast-Cancer-ML-Pipeline/venv/lib/python3.9/site-packages/airflow/example_dags/example_sensor_decorator.py
[2025-04-21T17:49:56.926-0400] {logging_mixin.py:188} INFO - [2025-04-21T17:49:56.926-0400] {dag.py:3036} INFO - Sync 1 DAGs
[2025-04-21T17:49:56.931-0400] {logging_mixin.py:188} INFO - [2025-04-21T17:49:56.931-0400] {dag.py:3823} INFO - Setting next_dagrun for example_sensor_decorator to None, run_after=None
[2025-04-21T17:49:56.941-0400] {processor.py:183} INFO - Processing /Users/gaurav/Documents/Breast-Cancer-ML-Pipeline/venv/lib/python3.9/site-packages/airflow/example_dags/example_sensor_decorator.py took 0.096 seconds
[2025-04-21T17:50:46.377-0400] {processor.py:161} INFO - Started process (PID=88889) to work on /Users/gaurav/Documents/Breast-Cancer-ML-Pipeline/venv/lib/python3.9/site-packages/airflow/example_dags/example_sensor_decorator.py
[2025-04-21T17:50:46.378-0400] {processor.py:830} INFO - Processing file /Users/gaurav/Documents/Breast-Cancer-ML-Pipeline/venv/lib/python3.9/site-packages/airflow/example_dags/example_sensor_decorator.py for tasks to queue
[2025-04-21T17:50:46.379-0400] {logging_mixin.py:188} INFO - [2025-04-21T17:50:46.379-0400] {dagbag.py:538} INFO - Filling up the DagBag from /Users/gaurav/Documents/Breast-Cancer-ML-Pipeline/venv/lib/python3.9/site-packages/airflow/example_dags/example_sensor_decorator.py
[2025-04-21T17:50:46.399-0400] {processor.py:840} INFO - DAG(s) 'example_sensor_decorator' retrieved from /Users/gaurav/Documents/Breast-Cancer-ML-Pipeline/venv/lib/python3.9/site-packages/airflow/example_dags/example_sensor_decorator.py
[2025-04-21T17:50:46.458-0400] {logging_mixin.py:188} INFO - [2025-04-21T17:50:46.457-0400] {dag.py:3036} INFO - Sync 1 DAGs
[2025-04-21T17:50:46.463-0400] {logging_mixin.py:188} INFO - [2025-04-21T17:50:46.462-0400] {dag.py:3823} INFO - Setting next_dagrun for example_sensor_decorator to None, run_after=None
[2025-04-21T17:50:46.472-0400] {processor.py:183} INFO - Processing /Users/gaurav/Documents/Breast-Cancer-ML-Pipeline/venv/lib/python3.9/site-packages/airflow/example_dags/example_sensor_decorator.py took 0.096 seconds
[2025-04-21T17:51:38.138-0400] {processor.py:161} INFO - Started process (PID=88962) to work on /Users/gaurav/Documents/Breast-Cancer-ML-Pipeline/venv/lib/python3.9/site-packages/airflow/example_dags/example_sensor_decorator.py
[2025-04-21T17:51:38.140-0400] {processor.py:830} INFO - Processing file /Users/gaurav/Documents/Breast-Cancer-ML-Pipeline/venv/lib/python3.9/site-packages/airflow/example_dags/example_sensor_decorator.py for tasks to queue
[2025-04-21T17:51:38.141-0400] {logging_mixin.py:188} INFO - [2025-04-21T17:51:38.141-0400] {dagbag.py:538} INFO - Filling up the DagBag from /Users/gaurav/Documents/Breast-Cancer-ML-Pipeline/venv/lib/python3.9/site-packages/airflow/example_dags/example_sensor_decorator.py
[2025-04-21T17:51:38.161-0400] {processor.py:840} INFO - DAG(s) 'example_sensor_decorator' retrieved from /Users/gaurav/Documents/Breast-Cancer-ML-Pipeline/venv/lib/python3.9/site-packages/airflow/example_dags/example_sensor_decorator.py
[2025-04-21T17:51:38.216-0400] {logging_mixin.py:188} INFO - [2025-04-21T17:51:38.216-0400] {dag.py:3036} INFO - Sync 1 DAGs
[2025-04-21T17:51:38.220-0400] {logging_mixin.py:188} INFO - [2025-04-21T17:51:38.220-0400] {dag.py:3823} INFO - Setting next_dagrun for example_sensor_decorator to None, run_after=None
[2025-04-21T17:51:38.230-0400] {processor.py:183} INFO - Processing /Users/gaurav/Documents/Breast-Cancer-ML-Pipeline/venv/lib/python3.9/site-packages/airflow/example_dags/example_sensor_decorator.py took 0.092 seconds
[2025-04-21T17:52:30.032-0400] {processor.py:161} INFO - Started process (PID=89028) to work on /Users/gaurav/Documents/Breast-Cancer-ML-Pipeline/venv/lib/python3.9/site-packages/airflow/example_dags/example_sensor_decorator.py
[2025-04-21T17:52:30.035-0400] {processor.py:830} INFO - Processing file /Users/gaurav/Documents/Breast-Cancer-ML-Pipeline/venv/lib/python3.9/site-packages/airflow/example_dags/example_sensor_decorator.py for tasks to queue
[2025-04-21T17:52:30.035-0400] {logging_mixin.py:188} INFO - [2025-04-21T17:52:30.035-0400] {dagbag.py:538} INFO - Filling up the DagBag from /Users/gaurav/Documents/Breast-Cancer-ML-Pipeline/venv/lib/python3.9/site-packages/airflow/example_dags/example_sensor_decorator.py
[2025-04-21T17:52:30.055-0400] {processor.py:840} INFO - DAG(s) 'example_sensor_decorator' retrieved from /Users/gaurav/Documents/Breast-Cancer-ML-Pipeline/venv/lib/python3.9/site-packages/airflow/example_dags/example_sensor_decorator.py
[2025-04-21T17:52:30.108-0400] {logging_mixin.py:188} INFO - [2025-04-21T17:52:30.108-0400] {dag.py:3036} INFO - Sync 1 DAGs
[2025-04-21T17:52:30.113-0400] {logging_mixin.py:188} INFO - [2025-04-21T17:52:30.113-0400] {dag.py:3823} INFO - Setting next_dagrun for example_sensor_decorator to None, run_after=None
[2025-04-21T17:52:30.123-0400] {processor.py:183} INFO - Processing /Users/gaurav/Documents/Breast-Cancer-ML-Pipeline/venv/lib/python3.9/site-packages/airflow/example_dags/example_sensor_decorator.py took 0.091 seconds
[2025-04-21T17:53:22.282-0400] {processor.py:161} INFO - Started process (PID=89098) to work on /Users/gaurav/Documents/Breast-Cancer-ML-Pipeline/venv/lib/python3.9/site-packages/airflow/example_dags/example_sensor_decorator.py
[2025-04-21T17:53:22.284-0400] {processor.py:830} INFO - Processing file /Users/gaurav/Documents/Breast-Cancer-ML-Pipeline/venv/lib/python3.9/site-packages/airflow/example_dags/example_sensor_decorator.py for tasks to queue
[2025-04-21T17:53:22.284-0400] {logging_mixin.py:188} INFO - [2025-04-21T17:53:22.284-0400] {dagbag.py:538} INFO - Filling up the DagBag from /Users/gaurav/Documents/Breast-Cancer-ML-Pipeline/venv/lib/python3.9/site-packages/airflow/example_dags/example_sensor_decorator.py
[2025-04-21T17:53:22.305-0400] {processor.py:840} INFO - DAG(s) 'example_sensor_decorator' retrieved from /Users/gaurav/Documents/Breast-Cancer-ML-Pipeline/venv/lib/python3.9/site-packages/airflow/example_dags/example_sensor_decorator.py
[2025-04-21T17:53:22.359-0400] {logging_mixin.py:188} INFO - [2025-04-21T17:53:22.358-0400] {dag.py:3036} INFO - Sync 1 DAGs
[2025-04-21T17:53:22.364-0400] {logging_mixin.py:188} INFO - [2025-04-21T17:53:22.364-0400] {dag.py:3823} INFO - Setting next_dagrun for example_sensor_decorator to None, run_after=None
[2025-04-21T17:53:22.374-0400] {processor.py:183} INFO - Processing /Users/gaurav/Documents/Breast-Cancer-ML-Pipeline/venv/lib/python3.9/site-packages/airflow/example_dags/example_sensor_decorator.py took 0.093 seconds
[2025-04-21T17:54:13.709-0400] {processor.py:161} INFO - Started process (PID=89171) to work on /Users/gaurav/Documents/Breast-Cancer-ML-Pipeline/venv/lib/python3.9/site-packages/airflow/example_dags/example_sensor_decorator.py
[2025-04-21T17:54:13.712-0400] {processor.py:830} INFO - Processing file /Users/gaurav/Documents/Breast-Cancer-ML-Pipeline/venv/lib/python3.9/site-packages/airflow/example_dags/example_sensor_decorator.py for tasks to queue
[2025-04-21T17:54:13.712-0400] {logging_mixin.py:188} INFO - [2025-04-21T17:54:13.712-0400] {dagbag.py:538} INFO - Filling up the DagBag from /Users/gaurav/Documents/Breast-Cancer-ML-Pipeline/venv/lib/python3.9/site-packages/airflow/example_dags/example_sensor_decorator.py
[2025-04-21T17:54:13.734-0400] {processor.py:840} INFO - DAG(s) 'example_sensor_decorator' retrieved from /Users/gaurav/Documents/Breast-Cancer-ML-Pipeline/venv/lib/python3.9/site-packages/airflow/example_dags/example_sensor_decorator.py
[2025-04-21T17:54:13.791-0400] {logging_mixin.py:188} INFO - [2025-04-21T17:54:13.791-0400] {dag.py:3036} INFO - Sync 1 DAGs
[2025-04-21T17:54:13.797-0400] {logging_mixin.py:188} INFO - [2025-04-21T17:54:13.797-0400] {dag.py:3823} INFO - Setting next_dagrun for example_sensor_decorator to None, run_after=None
[2025-04-21T17:54:13.807-0400] {processor.py:183} INFO - Processing /Users/gaurav/Documents/Breast-Cancer-ML-Pipeline/venv/lib/python3.9/site-packages/airflow/example_dags/example_sensor_decorator.py took 0.098 seconds
[2025-04-21T17:55:08.211-0400] {processor.py:161} INFO - Started process (PID=89308) to work on /Users/gaurav/Documents/Breast-Cancer-ML-Pipeline/venv/lib/python3.9/site-packages/airflow/example_dags/example_sensor_decorator.py
[2025-04-21T17:55:08.212-0400] {processor.py:830} INFO - Processing file /Users/gaurav/Documents/Breast-Cancer-ML-Pipeline/venv/lib/python3.9/site-packages/airflow/example_dags/example_sensor_decorator.py for tasks to queue
[2025-04-21T17:55:08.212-0400] {logging_mixin.py:188} INFO - [2025-04-21T17:55:08.212-0400] {dagbag.py:538} INFO - Filling up the DagBag from /Users/gaurav/Documents/Breast-Cancer-ML-Pipeline/venv/lib/python3.9/site-packages/airflow/example_dags/example_sensor_decorator.py
[2025-04-21T17:55:08.234-0400] {processor.py:840} INFO - DAG(s) 'example_sensor_decorator' retrieved from /Users/gaurav/Documents/Breast-Cancer-ML-Pipeline/venv/lib/python3.9/site-packages/airflow/example_dags/example_sensor_decorator.py
[2025-04-21T17:55:08.293-0400] {logging_mixin.py:188} INFO - [2025-04-21T17:55:08.292-0400] {dag.py:3036} INFO - Sync 1 DAGs
[2025-04-21T17:55:08.298-0400] {logging_mixin.py:188} INFO - [2025-04-21T17:55:08.298-0400] {dag.py:3823} INFO - Setting next_dagrun for example_sensor_decorator to None, run_after=None
[2025-04-21T17:55:08.308-0400] {processor.py:183} INFO - Processing /Users/gaurav/Documents/Breast-Cancer-ML-Pipeline/venv/lib/python3.9/site-packages/airflow/example_dags/example_sensor_decorator.py took 0.098 seconds
