[2025-04-21T16:40:00.240-0400] {processor.py:161} INFO - Started process (PID=83597) to work on /Users/gaurav/Documents/Breast-Cancer-ML-Pipeline/venv/lib/python3.9/site-packages/airflow/example_dags/example_branch_labels.py
[2025-04-21T16:40:00.241-0400] {processor.py:830} INFO - Processing file /Users/gaurav/Documents/Breast-Cancer-ML-Pipeline/venv/lib/python3.9/site-packages/airflow/example_dags/example_branch_labels.py for tasks to queue
[2025-04-21T16:40:00.241-0400] {logging_mixin.py:188} INFO - [2025-04-21T16:40:00.241-0400] {dagbag.py:538} INFO - Filling up the DagBag from /Users/gaurav/Documents/Breast-Cancer-ML-Pipeline/venv/lib/python3.9/site-packages/airflow/example_dags/example_branch_labels.py
[2025-04-21T16:40:00.249-0400] {processor.py:840} INFO - DAG(s) 'example_branch_labels' retrieved from /Users/gaurav/Documents/Breast-Cancer-ML-Pipeline/venv/lib/python3.9/site-packages/airflow/example_dags/example_branch_labels.py
[2025-04-21T16:40:00.382-0400] {logging_mixin.py:188} INFO - [2025-04-21T16:40:00.381-0400] {override.py:1769} INFO - Created Permission View: can read on DAG:example_branch_labels
[2025-04-21T16:40:00.390-0400] {logging_mixin.py:188} INFO - [2025-04-21T16:40:00.390-0400] {override.py:1769} INFO - Created Permission View: can delete on DAG:example_branch_labels
[2025-04-21T16:40:00.394-0400] {logging_mixin.py:188} INFO - [2025-04-21T16:40:00.394-0400] {override.py:1769} INFO - Created Permission View: can edit on DAG:example_branch_labels
[2025-04-21T16:40:00.395-0400] {logging_mixin.py:188} INFO - [2025-04-21T16:40:00.394-0400] {dag.py:3036} INFO - Sync 1 DAGs
[2025-04-21T16:40:00.401-0400] {logging_mixin.py:188} INFO - [2025-04-21T16:40:00.401-0400] {dag.py:3058} INFO - Creating ORM DAG for example_branch_labels
[2025-04-21T16:40:00.408-0400] {logging_mixin.py:188} INFO - [2025-04-21T16:40:00.408-0400] {dag.py:3823} INFO - Setting next_dagrun for example_branch_labels to 2025-04-20 00:00:00+00:00, run_after=2025-04-21 00:00:00+00:00
[2025-04-21T16:40:00.419-0400] {processor.py:183} INFO - Processing /Users/gaurav/Documents/Breast-Cancer-ML-Pipeline/venv/lib/python3.9/site-packages/airflow/example_dags/example_branch_labels.py took 0.180 seconds
[2025-04-21T16:42:38.672-0400] {processor.py:161} INFO - Started process (PID=83726) to work on /Users/gaurav/Documents/Breast-Cancer-ML-Pipeline/venv/lib/python3.9/site-packages/airflow/example_dags/example_branch_labels.py
[2025-04-21T16:42:38.674-0400] {processor.py:830} INFO - Processing file /Users/gaurav/Documents/Breast-Cancer-ML-Pipeline/venv/lib/python3.9/site-packages/airflow/example_dags/example_branch_labels.py for tasks to queue
[2025-04-21T16:42:38.675-0400] {logging_mixin.py:188} INFO - [2025-04-21T16:42:38.675-0400] {dagbag.py:538} INFO - Filling up the DagBag from /Users/gaurav/Documents/Breast-Cancer-ML-Pipeline/venv/lib/python3.9/site-packages/airflow/example_dags/example_branch_labels.py
[2025-04-21T16:42:38.682-0400] {processor.py:840} INFO - DAG(s) 'example_branch_labels' retrieved from /Users/gaurav/Documents/Breast-Cancer-ML-Pipeline/venv/lib/python3.9/site-packages/airflow/example_dags/example_branch_labels.py
[2025-04-21T16:42:38.757-0400] {logging_mixin.py:188} INFO - [2025-04-21T16:42:38.757-0400] {dag.py:3036} INFO - Sync 1 DAGs
[2025-04-21T16:42:38.771-0400] {logging_mixin.py:188} INFO - [2025-04-21T16:42:38.770-0400] {dag.py:3823} INFO - Setting next_dagrun for example_branch_labels to 2025-04-20 00:00:00+00:00, run_after=2025-04-21 00:00:00+00:00
[2025-04-21T16:42:38.784-0400] {processor.py:183} INFO - Processing /Users/gaurav/Documents/Breast-Cancer-ML-Pipeline/venv/lib/python3.9/site-packages/airflow/example_dags/example_branch_labels.py took 0.112 seconds
[2025-04-21T16:46:17.395-0400] {processor.py:161} INFO - Started process (PID=83970) to work on /Users/gaurav/Documents/Breast-Cancer-ML-Pipeline/venv/lib/python3.9/site-packages/airflow/example_dags/example_branch_labels.py
[2025-04-21T16:46:17.396-0400] {processor.py:830} INFO - Processing file /Users/gaurav/Documents/Breast-Cancer-ML-Pipeline/venv/lib/python3.9/site-packages/airflow/example_dags/example_branch_labels.py for tasks to queue
[2025-04-21T16:46:17.397-0400] {logging_mixin.py:188} INFO - [2025-04-21T16:46:17.397-0400] {dagbag.py:538} INFO - Filling up the DagBag from /Users/gaurav/Documents/Breast-Cancer-ML-Pipeline/venv/lib/python3.9/site-packages/airflow/example_dags/example_branch_labels.py
[2025-04-21T16:46:17.403-0400] {processor.py:840} INFO - DAG(s) 'example_branch_labels' retrieved from /Users/gaurav/Documents/Breast-Cancer-ML-Pipeline/venv/lib/python3.9/site-packages/airflow/example_dags/example_branch_labels.py
[2025-04-21T16:46:17.472-0400] {logging_mixin.py:188} INFO - [2025-04-21T16:46:17.472-0400] {dag.py:3036} INFO - Sync 1 DAGs
[2025-04-21T16:46:17.486-0400] {logging_mixin.py:188} INFO - [2025-04-21T16:46:17.486-0400] {dag.py:3823} INFO - Setting next_dagrun for example_branch_labels to 2025-04-20 00:00:00+00:00, run_after=2025-04-21 00:00:00+00:00
[2025-04-21T16:46:17.499-0400] {processor.py:183} INFO - Processing /Users/gaurav/Documents/Breast-Cancer-ML-Pipeline/venv/lib/python3.9/site-packages/airflow/example_dags/example_branch_labels.py took 0.105 seconds
[2025-04-21T16:48:00.234-0400] {processor.py:161} INFO - Started process (PID=84079) to work on /Users/gaurav/Documents/Breast-Cancer-ML-Pipeline/venv/lib/python3.9/site-packages/airflow/example_dags/example_branch_labels.py
[2025-04-21T16:48:00.235-0400] {processor.py:830} INFO - Processing file /Users/gaurav/Documents/Breast-Cancer-ML-Pipeline/venv/lib/python3.9/site-packages/airflow/example_dags/example_branch_labels.py for tasks to queue
[2025-04-21T16:48:00.235-0400] {logging_mixin.py:188} INFO - [2025-04-21T16:48:00.235-0400] {dagbag.py:538} INFO - Filling up the DagBag from /Users/gaurav/Documents/Breast-Cancer-ML-Pipeline/venv/lib/python3.9/site-packages/airflow/example_dags/example_branch_labels.py
[2025-04-21T16:48:00.242-0400] {processor.py:840} INFO - DAG(s) 'example_branch_labels' retrieved from /Users/gaurav/Documents/Breast-Cancer-ML-Pipeline/venv/lib/python3.9/site-packages/airflow/example_dags/example_branch_labels.py
[2025-04-21T16:48:00.312-0400] {logging_mixin.py:188} INFO - [2025-04-21T16:48:00.312-0400] {dag.py:3036} INFO - Sync 1 DAGs
[2025-04-21T16:48:00.325-0400] {logging_mixin.py:188} INFO - [2025-04-21T16:48:00.325-0400] {dag.py:3823} INFO - Setting next_dagrun for example_branch_labels to 2025-04-20 00:00:00+00:00, run_after=2025-04-21 00:00:00+00:00
[2025-04-21T16:48:00.337-0400] {processor.py:183} INFO - Processing /Users/gaurav/Documents/Breast-Cancer-ML-Pipeline/venv/lib/python3.9/site-packages/airflow/example_dags/example_branch_labels.py took 0.104 seconds
[2025-04-21T16:49:11.626-0400] {processor.py:161} INFO - Started process (PID=84160) to work on /Users/gaurav/Documents/Breast-Cancer-ML-Pipeline/venv/lib/python3.9/site-packages/airflow/example_dags/example_branch_labels.py
[2025-04-21T16:49:11.628-0400] {processor.py:830} INFO - Processing file /Users/gaurav/Documents/Breast-Cancer-ML-Pipeline/venv/lib/python3.9/site-packages/airflow/example_dags/example_branch_labels.py for tasks to queue
[2025-04-21T16:49:11.628-0400] {logging_mixin.py:188} INFO - [2025-04-21T16:49:11.628-0400] {dagbag.py:538} INFO - Filling up the DagBag from /Users/gaurav/Documents/Breast-Cancer-ML-Pipeline/venv/lib/python3.9/site-packages/airflow/example_dags/example_branch_labels.py
[2025-04-21T16:49:11.635-0400] {processor.py:840} INFO - DAG(s) 'example_branch_labels' retrieved from /Users/gaurav/Documents/Breast-Cancer-ML-Pipeline/venv/lib/python3.9/site-packages/airflow/example_dags/example_branch_labels.py
[2025-04-21T16:49:11.702-0400] {logging_mixin.py:188} INFO - [2025-04-21T16:49:11.702-0400] {dag.py:3036} INFO - Sync 1 DAGs
[2025-04-21T16:49:11.714-0400] {logging_mixin.py:188} INFO - [2025-04-21T16:49:11.714-0400] {dag.py:3823} INFO - Setting next_dagrun for example_branch_labels to 2025-04-20 00:00:00+00:00, run_after=2025-04-21 00:00:00+00:00
[2025-04-21T16:49:11.726-0400] {processor.py:183} INFO - Processing /Users/gaurav/Documents/Breast-Cancer-ML-Pipeline/venv/lib/python3.9/site-packages/airflow/example_dags/example_branch_labels.py took 0.101 seconds
[2025-04-21T16:50:24.077-0400] {processor.py:161} INFO - Started process (PID=84248) to work on /Users/gaurav/Documents/Breast-Cancer-ML-Pipeline/venv/lib/python3.9/site-packages/airflow/example_dags/example_branch_labels.py
[2025-04-21T16:50:24.078-0400] {processor.py:830} INFO - Processing file /Users/gaurav/Documents/Breast-Cancer-ML-Pipeline/venv/lib/python3.9/site-packages/airflow/example_dags/example_branch_labels.py for tasks to queue
[2025-04-21T16:50:24.078-0400] {logging_mixin.py:188} INFO - [2025-04-21T16:50:24.078-0400] {dagbag.py:538} INFO - Filling up the DagBag from /Users/gaurav/Documents/Breast-Cancer-ML-Pipeline/venv/lib/python3.9/site-packages/airflow/example_dags/example_branch_labels.py
[2025-04-21T16:50:24.085-0400] {processor.py:840} INFO - DAG(s) 'example_branch_labels' retrieved from /Users/gaurav/Documents/Breast-Cancer-ML-Pipeline/venv/lib/python3.9/site-packages/airflow/example_dags/example_branch_labels.py
[2025-04-21T16:50:24.153-0400] {logging_mixin.py:188} INFO - [2025-04-21T16:50:24.153-0400] {dag.py:3036} INFO - Sync 1 DAGs
[2025-04-21T16:50:24.166-0400] {logging_mixin.py:188} INFO - [2025-04-21T16:50:24.166-0400] {dag.py:3823} INFO - Setting next_dagrun for example_branch_labels to 2025-04-20 00:00:00+00:00, run_after=2025-04-21 00:00:00+00:00
[2025-04-21T16:50:24.178-0400] {processor.py:183} INFO - Processing /Users/gaurav/Documents/Breast-Cancer-ML-Pipeline/venv/lib/python3.9/site-packages/airflow/example_dags/example_branch_labels.py took 0.102 seconds
[2025-04-21T16:51:46.154-0400] {processor.py:161} INFO - Started process (PID=84338) to work on /Users/gaurav/Documents/Breast-Cancer-ML-Pipeline/venv/lib/python3.9/site-packages/airflow/example_dags/example_branch_labels.py
[2025-04-21T16:51:46.155-0400] {processor.py:830} INFO - Processing file /Users/gaurav/Documents/Breast-Cancer-ML-Pipeline/venv/lib/python3.9/site-packages/airflow/example_dags/example_branch_labels.py for tasks to queue
[2025-04-21T16:51:46.155-0400] {logging_mixin.py:188} INFO - [2025-04-21T16:51:46.155-0400] {dagbag.py:538} INFO - Filling up the DagBag from /Users/gaurav/Documents/Breast-Cancer-ML-Pipeline/venv/lib/python3.9/site-packages/airflow/example_dags/example_branch_labels.py
[2025-04-21T16:51:46.162-0400] {processor.py:840} INFO - DAG(s) 'example_branch_labels' retrieved from /Users/gaurav/Documents/Breast-Cancer-ML-Pipeline/venv/lib/python3.9/site-packages/airflow/example_dags/example_branch_labels.py
[2025-04-21T16:51:46.228-0400] {logging_mixin.py:188} INFO - [2025-04-21T16:51:46.228-0400] {dag.py:3036} INFO - Sync 1 DAGs
[2025-04-21T16:51:46.241-0400] {logging_mixin.py:188} INFO - [2025-04-21T16:51:46.241-0400] {dag.py:3823} INFO - Setting next_dagrun for example_branch_labels to 2025-04-20 00:00:00+00:00, run_after=2025-04-21 00:00:00+00:00
[2025-04-21T16:51:46.252-0400] {processor.py:183} INFO - Processing /Users/gaurav/Documents/Breast-Cancer-ML-Pipeline/venv/lib/python3.9/site-packages/airflow/example_dags/example_branch_labels.py took 0.100 seconds
[2025-04-21T16:53:08.041-0400] {processor.py:161} INFO - Started process (PID=84438) to work on /Users/gaurav/Documents/Breast-Cancer-ML-Pipeline/venv/lib/python3.9/site-packages/airflow/example_dags/example_branch_labels.py
[2025-04-21T16:53:08.044-0400] {processor.py:830} INFO - Processing file /Users/gaurav/Documents/Breast-Cancer-ML-Pipeline/venv/lib/python3.9/site-packages/airflow/example_dags/example_branch_labels.py for tasks to queue
[2025-04-21T16:53:08.045-0400] {logging_mixin.py:188} INFO - [2025-04-21T16:53:08.044-0400] {dagbag.py:538} INFO - Filling up the DagBag from /Users/gaurav/Documents/Breast-Cancer-ML-Pipeline/venv/lib/python3.9/site-packages/airflow/example_dags/example_branch_labels.py
[2025-04-21T16:53:08.051-0400] {processor.py:840} INFO - DAG(s) 'example_branch_labels' retrieved from /Users/gaurav/Documents/Breast-Cancer-ML-Pipeline/venv/lib/python3.9/site-packages/airflow/example_dags/example_branch_labels.py
[2025-04-21T16:53:08.117-0400] {logging_mixin.py:188} INFO - [2025-04-21T16:53:08.116-0400] {dag.py:3036} INFO - Sync 1 DAGs
[2025-04-21T16:53:08.129-0400] {logging_mixin.py:188} INFO - [2025-04-21T16:53:08.128-0400] {dag.py:3823} INFO - Setting next_dagrun for example_branch_labels to 2025-04-20 00:00:00+00:00, run_after=2025-04-21 00:00:00+00:00
[2025-04-21T16:53:08.140-0400] {processor.py:183} INFO - Processing /Users/gaurav/Documents/Breast-Cancer-ML-Pipeline/venv/lib/python3.9/site-packages/airflow/example_dags/example_branch_labels.py took 0.099 seconds
[2025-04-21T16:54:26.082-0400] {processor.py:161} INFO - Started process (PID=84541) to work on /Users/gaurav/Documents/Breast-Cancer-ML-Pipeline/venv/lib/python3.9/site-packages/airflow/example_dags/example_branch_labels.py
[2025-04-21T16:54:26.084-0400] {processor.py:830} INFO - Processing file /Users/gaurav/Documents/Breast-Cancer-ML-Pipeline/venv/lib/python3.9/site-packages/airflow/example_dags/example_branch_labels.py for tasks to queue
[2025-04-21T16:54:26.084-0400] {logging_mixin.py:188} INFO - [2025-04-21T16:54:26.084-0400] {dagbag.py:538} INFO - Filling up the DagBag from /Users/gaurav/Documents/Breast-Cancer-ML-Pipeline/venv/lib/python3.9/site-packages/airflow/example_dags/example_branch_labels.py
[2025-04-21T16:54:26.091-0400] {processor.py:840} INFO - DAG(s) 'example_branch_labels' retrieved from /Users/gaurav/Documents/Breast-Cancer-ML-Pipeline/venv/lib/python3.9/site-packages/airflow/example_dags/example_branch_labels.py
[2025-04-21T16:54:26.157-0400] {logging_mixin.py:188} INFO - [2025-04-21T16:54:26.157-0400] {dag.py:3036} INFO - Sync 1 DAGs
[2025-04-21T16:54:26.169-0400] {logging_mixin.py:188} INFO - [2025-04-21T16:54:26.169-0400] {dag.py:3823} INFO - Setting next_dagrun for example_branch_labels to 2025-04-20 00:00:00+00:00, run_after=2025-04-21 00:00:00+00:00
[2025-04-21T16:54:26.181-0400] {processor.py:183} INFO - Processing /Users/gaurav/Documents/Breast-Cancer-ML-Pipeline/venv/lib/python3.9/site-packages/airflow/example_dags/example_branch_labels.py took 0.099 seconds
[2025-04-21T16:57:01.554-0400] {processor.py:161} INFO - Started process (PID=84737) to work on /Users/gaurav/Documents/Breast-Cancer-ML-Pipeline/venv/lib/python3.9/site-packages/airflow/example_dags/example_branch_labels.py
[2025-04-21T16:57:01.555-0400] {processor.py:830} INFO - Processing file /Users/gaurav/Documents/Breast-Cancer-ML-Pipeline/venv/lib/python3.9/site-packages/airflow/example_dags/example_branch_labels.py for tasks to queue
[2025-04-21T16:57:01.556-0400] {logging_mixin.py:188} INFO - [2025-04-21T16:57:01.556-0400] {dagbag.py:538} INFO - Filling up the DagBag from /Users/gaurav/Documents/Breast-Cancer-ML-Pipeline/venv/lib/python3.9/site-packages/airflow/example_dags/example_branch_labels.py
[2025-04-21T16:57:01.563-0400] {processor.py:840} INFO - DAG(s) 'example_branch_labels' retrieved from /Users/gaurav/Documents/Breast-Cancer-ML-Pipeline/venv/lib/python3.9/site-packages/airflow/example_dags/example_branch_labels.py
[2025-04-21T16:57:01.685-0400] {logging_mixin.py:188} INFO - [2025-04-21T16:57:01.685-0400] {dag.py:3036} INFO - Sync 1 DAGs
[2025-04-21T16:57:01.697-0400] {logging_mixin.py:188} INFO - [2025-04-21T16:57:01.697-0400] {dag.py:3823} INFO - Setting next_dagrun for example_branch_labels to 2025-04-20 00:00:00+00:00, run_after=2025-04-21 00:00:00+00:00
[2025-04-21T16:57:01.712-0400] {processor.py:183} INFO - Processing /Users/gaurav/Documents/Breast-Cancer-ML-Pipeline/venv/lib/python3.9/site-packages/airflow/example_dags/example_branch_labels.py took 0.159 seconds
[2025-04-21T16:58:24.506-0400] {processor.py:161} INFO - Started process (PID=84845) to work on /Users/gaurav/Documents/Breast-Cancer-ML-Pipeline/venv/lib/python3.9/site-packages/airflow/example_dags/example_branch_labels.py
[2025-04-21T16:58:24.508-0400] {processor.py:830} INFO - Processing file /Users/gaurav/Documents/Breast-Cancer-ML-Pipeline/venv/lib/python3.9/site-packages/airflow/example_dags/example_branch_labels.py for tasks to queue
[2025-04-21T16:58:24.509-0400] {logging_mixin.py:188} INFO - [2025-04-21T16:58:24.509-0400] {dagbag.py:538} INFO - Filling up the DagBag from /Users/gaurav/Documents/Breast-Cancer-ML-Pipeline/venv/lib/python3.9/site-packages/airflow/example_dags/example_branch_labels.py
[2025-04-21T16:58:24.515-0400] {processor.py:840} INFO - DAG(s) 'example_branch_labels' retrieved from /Users/gaurav/Documents/Breast-Cancer-ML-Pipeline/venv/lib/python3.9/site-packages/airflow/example_dags/example_branch_labels.py
[2025-04-21T16:58:24.584-0400] {logging_mixin.py:188} INFO - [2025-04-21T16:58:24.584-0400] {dag.py:3036} INFO - Sync 1 DAGs
[2025-04-21T16:58:24.596-0400] {logging_mixin.py:188} INFO - [2025-04-21T16:58:24.596-0400] {dag.py:3823} INFO - Setting next_dagrun for example_branch_labels to 2025-04-20 00:00:00+00:00, run_after=2025-04-21 00:00:00+00:00
[2025-04-21T16:58:24.608-0400] {processor.py:183} INFO - Processing /Users/gaurav/Documents/Breast-Cancer-ML-Pipeline/venv/lib/python3.9/site-packages/airflow/example_dags/example_branch_labels.py took 0.103 seconds
[2025-04-21T16:59:44.425-0400] {processor.py:161} INFO - Started process (PID=84930) to work on /Users/gaurav/Documents/Breast-Cancer-ML-Pipeline/venv/lib/python3.9/site-packages/airflow/example_dags/example_branch_labels.py
[2025-04-21T16:59:44.427-0400] {processor.py:830} INFO - Processing file /Users/gaurav/Documents/Breast-Cancer-ML-Pipeline/venv/lib/python3.9/site-packages/airflow/example_dags/example_branch_labels.py for tasks to queue
[2025-04-21T16:59:44.427-0400] {logging_mixin.py:188} INFO - [2025-04-21T16:59:44.427-0400] {dagbag.py:538} INFO - Filling up the DagBag from /Users/gaurav/Documents/Breast-Cancer-ML-Pipeline/venv/lib/python3.9/site-packages/airflow/example_dags/example_branch_labels.py
[2025-04-21T16:59:44.435-0400] {processor.py:840} INFO - DAG(s) 'example_branch_labels' retrieved from /Users/gaurav/Documents/Breast-Cancer-ML-Pipeline/venv/lib/python3.9/site-packages/airflow/example_dags/example_branch_labels.py
[2025-04-21T16:59:44.503-0400] {logging_mixin.py:188} INFO - [2025-04-21T16:59:44.503-0400] {dag.py:3036} INFO - Sync 1 DAGs
[2025-04-21T16:59:44.516-0400] {logging_mixin.py:188} INFO - [2025-04-21T16:59:44.516-0400] {dag.py:3823} INFO - Setting next_dagrun for example_branch_labels to 2025-04-20 00:00:00+00:00, run_after=2025-04-21 00:00:00+00:00
[2025-04-21T16:59:44.528-0400] {processor.py:183} INFO - Processing /Users/gaurav/Documents/Breast-Cancer-ML-Pipeline/venv/lib/python3.9/site-packages/airflow/example_dags/example_branch_labels.py took 0.103 seconds
[2025-04-21T17:00:56.572-0400] {processor.py:161} INFO - Started process (PID=85018) to work on /Users/gaurav/Documents/Breast-Cancer-ML-Pipeline/venv/lib/python3.9/site-packages/airflow/example_dags/example_branch_labels.py
[2025-04-21T17:00:56.574-0400] {processor.py:830} INFO - Processing file /Users/gaurav/Documents/Breast-Cancer-ML-Pipeline/venv/lib/python3.9/site-packages/airflow/example_dags/example_branch_labels.py for tasks to queue
[2025-04-21T17:00:56.575-0400] {logging_mixin.py:188} INFO - [2025-04-21T17:00:56.574-0400] {dagbag.py:538} INFO - Filling up the DagBag from /Users/gaurav/Documents/Breast-Cancer-ML-Pipeline/venv/lib/python3.9/site-packages/airflow/example_dags/example_branch_labels.py
[2025-04-21T17:00:56.581-0400] {processor.py:840} INFO - DAG(s) 'example_branch_labels' retrieved from /Users/gaurav/Documents/Breast-Cancer-ML-Pipeline/venv/lib/python3.9/site-packages/airflow/example_dags/example_branch_labels.py
[2025-04-21T17:00:56.649-0400] {logging_mixin.py:188} INFO - [2025-04-21T17:00:56.648-0400] {dag.py:3036} INFO - Sync 1 DAGs
[2025-04-21T17:00:56.661-0400] {logging_mixin.py:188} INFO - [2025-04-21T17:00:56.661-0400] {dag.py:3823} INFO - Setting next_dagrun for example_branch_labels to 2025-04-20 00:00:00+00:00, run_after=2025-04-21 00:00:00+00:00
[2025-04-21T17:00:56.672-0400] {processor.py:183} INFO - Processing /Users/gaurav/Documents/Breast-Cancer-ML-Pipeline/venv/lib/python3.9/site-packages/airflow/example_dags/example_branch_labels.py took 0.101 seconds
[2025-04-21T17:02:20.779-0400] {processor.py:161} INFO - Started process (PID=85120) to work on /Users/gaurav/Documents/Breast-Cancer-ML-Pipeline/venv/lib/python3.9/site-packages/airflow/example_dags/example_branch_labels.py
[2025-04-21T17:02:20.780-0400] {processor.py:830} INFO - Processing file /Users/gaurav/Documents/Breast-Cancer-ML-Pipeline/venv/lib/python3.9/site-packages/airflow/example_dags/example_branch_labels.py for tasks to queue
[2025-04-21T17:02:20.781-0400] {logging_mixin.py:188} INFO - [2025-04-21T17:02:20.781-0400] {dagbag.py:538} INFO - Filling up the DagBag from /Users/gaurav/Documents/Breast-Cancer-ML-Pipeline/venv/lib/python3.9/site-packages/airflow/example_dags/example_branch_labels.py
[2025-04-21T17:02:20.788-0400] {processor.py:840} INFO - DAG(s) 'example_branch_labels' retrieved from /Users/gaurav/Documents/Breast-Cancer-ML-Pipeline/venv/lib/python3.9/site-packages/airflow/example_dags/example_branch_labels.py
[2025-04-21T17:02:20.854-0400] {logging_mixin.py:188} INFO - [2025-04-21T17:02:20.854-0400] {dag.py:3036} INFO - Sync 1 DAGs
[2025-04-21T17:02:20.866-0400] {logging_mixin.py:188} INFO - [2025-04-21T17:02:20.866-0400] {dag.py:3823} INFO - Setting next_dagrun for example_branch_labels to 2025-04-20 00:00:00+00:00, run_after=2025-04-21 00:00:00+00:00
[2025-04-21T17:02:20.878-0400] {processor.py:183} INFO - Processing /Users/gaurav/Documents/Breast-Cancer-ML-Pipeline/venv/lib/python3.9/site-packages/airflow/example_dags/example_branch_labels.py took 0.101 seconds
[2025-04-21T17:03:38.646-0400] {processor.py:161} INFO - Started process (PID=85210) to work on /Users/gaurav/Documents/Breast-Cancer-ML-Pipeline/venv/lib/python3.9/site-packages/airflow/example_dags/example_branch_labels.py
[2025-04-21T17:03:38.648-0400] {processor.py:830} INFO - Processing file /Users/gaurav/Documents/Breast-Cancer-ML-Pipeline/venv/lib/python3.9/site-packages/airflow/example_dags/example_branch_labels.py for tasks to queue
[2025-04-21T17:03:38.649-0400] {logging_mixin.py:188} INFO - [2025-04-21T17:03:38.649-0400] {dagbag.py:538} INFO - Filling up the DagBag from /Users/gaurav/Documents/Breast-Cancer-ML-Pipeline/venv/lib/python3.9/site-packages/airflow/example_dags/example_branch_labels.py
[2025-04-21T17:03:38.656-0400] {processor.py:840} INFO - DAG(s) 'example_branch_labels' retrieved from /Users/gaurav/Documents/Breast-Cancer-ML-Pipeline/venv/lib/python3.9/site-packages/airflow/example_dags/example_branch_labels.py
[2025-04-21T17:03:38.722-0400] {logging_mixin.py:188} INFO - [2025-04-21T17:03:38.722-0400] {dag.py:3036} INFO - Sync 1 DAGs
[2025-04-21T17:03:38.736-0400] {logging_mixin.py:188} INFO - [2025-04-21T17:03:38.736-0400] {dag.py:3823} INFO - Setting next_dagrun for example_branch_labels to 2025-04-20 00:00:00+00:00, run_after=2025-04-21 00:00:00+00:00
[2025-04-21T17:03:38.748-0400] {processor.py:183} INFO - Processing /Users/gaurav/Documents/Breast-Cancer-ML-Pipeline/venv/lib/python3.9/site-packages/airflow/example_dags/example_branch_labels.py took 0.103 seconds
[2025-04-21T17:04:51.481-0400] {processor.py:161} INFO - Started process (PID=85311) to work on /Users/gaurav/Documents/Breast-Cancer-ML-Pipeline/venv/lib/python3.9/site-packages/airflow/example_dags/example_branch_labels.py
[2025-04-21T17:04:51.483-0400] {processor.py:830} INFO - Processing file /Users/gaurav/Documents/Breast-Cancer-ML-Pipeline/venv/lib/python3.9/site-packages/airflow/example_dags/example_branch_labels.py for tasks to queue
[2025-04-21T17:04:51.483-0400] {logging_mixin.py:188} INFO - [2025-04-21T17:04:51.483-0400] {dagbag.py:538} INFO - Filling up the DagBag from /Users/gaurav/Documents/Breast-Cancer-ML-Pipeline/venv/lib/python3.9/site-packages/airflow/example_dags/example_branch_labels.py
[2025-04-21T17:04:51.490-0400] {processor.py:840} INFO - DAG(s) 'example_branch_labels' retrieved from /Users/gaurav/Documents/Breast-Cancer-ML-Pipeline/venv/lib/python3.9/site-packages/airflow/example_dags/example_branch_labels.py
[2025-04-21T17:04:51.557-0400] {logging_mixin.py:188} INFO - [2025-04-21T17:04:51.556-0400] {dag.py:3036} INFO - Sync 1 DAGs
[2025-04-21T17:04:51.569-0400] {logging_mixin.py:188} INFO - [2025-04-21T17:04:51.569-0400] {dag.py:3823} INFO - Setting next_dagrun for example_branch_labels to 2025-04-20 00:00:00+00:00, run_after=2025-04-21 00:00:00+00:00
[2025-04-21T17:04:51.580-0400] {processor.py:183} INFO - Processing /Users/gaurav/Documents/Breast-Cancer-ML-Pipeline/venv/lib/python3.9/site-packages/airflow/example_dags/example_branch_labels.py took 0.100 seconds
[2025-04-21T17:06:02.417-0400] {processor.py:161} INFO - Started process (PID=85391) to work on /Users/gaurav/Documents/Breast-Cancer-ML-Pipeline/venv/lib/python3.9/site-packages/airflow/example_dags/example_branch_labels.py
[2025-04-21T17:06:02.419-0400] {processor.py:830} INFO - Processing file /Users/gaurav/Documents/Breast-Cancer-ML-Pipeline/venv/lib/python3.9/site-packages/airflow/example_dags/example_branch_labels.py for tasks to queue
[2025-04-21T17:06:02.419-0400] {logging_mixin.py:188} INFO - [2025-04-21T17:06:02.419-0400] {dagbag.py:538} INFO - Filling up the DagBag from /Users/gaurav/Documents/Breast-Cancer-ML-Pipeline/venv/lib/python3.9/site-packages/airflow/example_dags/example_branch_labels.py
[2025-04-21T17:06:02.426-0400] {processor.py:840} INFO - DAG(s) 'example_branch_labels' retrieved from /Users/gaurav/Documents/Breast-Cancer-ML-Pipeline/venv/lib/python3.9/site-packages/airflow/example_dags/example_branch_labels.py
[2025-04-21T17:06:02.494-0400] {logging_mixin.py:188} INFO - [2025-04-21T17:06:02.494-0400] {dag.py:3036} INFO - Sync 1 DAGs
[2025-04-21T17:06:02.508-0400] {logging_mixin.py:188} INFO - [2025-04-21T17:06:02.508-0400] {dag.py:3823} INFO - Setting next_dagrun for example_branch_labels to 2025-04-20 00:00:00+00:00, run_after=2025-04-21 00:00:00+00:00
[2025-04-21T17:06:02.520-0400] {processor.py:183} INFO - Processing /Users/gaurav/Documents/Breast-Cancer-ML-Pipeline/venv/lib/python3.9/site-packages/airflow/example_dags/example_branch_labels.py took 0.104 seconds
[2025-04-21T17:07:13.792-0400] {processor.py:161} INFO - Started process (PID=85479) to work on /Users/gaurav/Documents/Breast-Cancer-ML-Pipeline/venv/lib/python3.9/site-packages/airflow/example_dags/example_branch_labels.py
[2025-04-21T17:07:13.793-0400] {processor.py:830} INFO - Processing file /Users/gaurav/Documents/Breast-Cancer-ML-Pipeline/venv/lib/python3.9/site-packages/airflow/example_dags/example_branch_labels.py for tasks to queue
[2025-04-21T17:07:13.794-0400] {logging_mixin.py:188} INFO - [2025-04-21T17:07:13.794-0400] {dagbag.py:538} INFO - Filling up the DagBag from /Users/gaurav/Documents/Breast-Cancer-ML-Pipeline/venv/lib/python3.9/site-packages/airflow/example_dags/example_branch_labels.py
[2025-04-21T17:07:13.801-0400] {processor.py:840} INFO - DAG(s) 'example_branch_labels' retrieved from /Users/gaurav/Documents/Breast-Cancer-ML-Pipeline/venv/lib/python3.9/site-packages/airflow/example_dags/example_branch_labels.py
[2025-04-21T17:07:13.866-0400] {logging_mixin.py:188} INFO - [2025-04-21T17:07:13.866-0400] {dag.py:3036} INFO - Sync 1 DAGs
[2025-04-21T17:07:13.879-0400] {logging_mixin.py:188} INFO - [2025-04-21T17:07:13.879-0400] {dag.py:3823} INFO - Setting next_dagrun for example_branch_labels to 2025-04-20 00:00:00+00:00, run_after=2025-04-21 00:00:00+00:00
[2025-04-21T17:07:13.891-0400] {processor.py:183} INFO - Processing /Users/gaurav/Documents/Breast-Cancer-ML-Pipeline/venv/lib/python3.9/site-packages/airflow/example_dags/example_branch_labels.py took 0.100 seconds
[2025-04-21T17:08:27.262-0400] {processor.py:161} INFO - Started process (PID=85558) to work on /Users/gaurav/Documents/Breast-Cancer-ML-Pipeline/venv/lib/python3.9/site-packages/airflow/example_dags/example_branch_labels.py
[2025-04-21T17:08:27.264-0400] {processor.py:830} INFO - Processing file /Users/gaurav/Documents/Breast-Cancer-ML-Pipeline/venv/lib/python3.9/site-packages/airflow/example_dags/example_branch_labels.py for tasks to queue
[2025-04-21T17:08:27.265-0400] {logging_mixin.py:188} INFO - [2025-04-21T17:08:27.265-0400] {dagbag.py:538} INFO - Filling up the DagBag from /Users/gaurav/Documents/Breast-Cancer-ML-Pipeline/venv/lib/python3.9/site-packages/airflow/example_dags/example_branch_labels.py
[2025-04-21T17:08:27.272-0400] {processor.py:840} INFO - DAG(s) 'example_branch_labels' retrieved from /Users/gaurav/Documents/Breast-Cancer-ML-Pipeline/venv/lib/python3.9/site-packages/airflow/example_dags/example_branch_labels.py
[2025-04-21T17:08:27.335-0400] {logging_mixin.py:188} INFO - [2025-04-21T17:08:27.335-0400] {dag.py:3036} INFO - Sync 1 DAGs
[2025-04-21T17:08:27.348-0400] {logging_mixin.py:188} INFO - [2025-04-21T17:08:27.348-0400] {dag.py:3823} INFO - Setting next_dagrun for example_branch_labels to 2025-04-20 00:00:00+00:00, run_after=2025-04-21 00:00:00+00:00
[2025-04-21T17:08:27.359-0400] {processor.py:183} INFO - Processing /Users/gaurav/Documents/Breast-Cancer-ML-Pipeline/venv/lib/python3.9/site-packages/airflow/example_dags/example_branch_labels.py took 0.098 seconds
[2025-04-21T17:09:40.466-0400] {processor.py:161} INFO - Started process (PID=85638) to work on /Users/gaurav/Documents/Breast-Cancer-ML-Pipeline/venv/lib/python3.9/site-packages/airflow/example_dags/example_branch_labels.py
[2025-04-21T17:09:40.468-0400] {processor.py:830} INFO - Processing file /Users/gaurav/Documents/Breast-Cancer-ML-Pipeline/venv/lib/python3.9/site-packages/airflow/example_dags/example_branch_labels.py for tasks to queue
[2025-04-21T17:09:40.469-0400] {logging_mixin.py:188} INFO - [2025-04-21T17:09:40.468-0400] {dagbag.py:538} INFO - Filling up the DagBag from /Users/gaurav/Documents/Breast-Cancer-ML-Pipeline/venv/lib/python3.9/site-packages/airflow/example_dags/example_branch_labels.py
[2025-04-21T17:09:40.475-0400] {processor.py:840} INFO - DAG(s) 'example_branch_labels' retrieved from /Users/gaurav/Documents/Breast-Cancer-ML-Pipeline/venv/lib/python3.9/site-packages/airflow/example_dags/example_branch_labels.py
[2025-04-21T17:09:40.543-0400] {logging_mixin.py:188} INFO - [2025-04-21T17:09:40.543-0400] {dag.py:3036} INFO - Sync 1 DAGs
[2025-04-21T17:09:40.556-0400] {logging_mixin.py:188} INFO - [2025-04-21T17:09:40.556-0400] {dag.py:3823} INFO - Setting next_dagrun for example_branch_labels to 2025-04-20 00:00:00+00:00, run_after=2025-04-21 00:00:00+00:00
[2025-04-21T17:09:40.568-0400] {processor.py:183} INFO - Processing /Users/gaurav/Documents/Breast-Cancer-ML-Pipeline/venv/lib/python3.9/site-packages/airflow/example_dags/example_branch_labels.py took 0.104 seconds
[2025-04-21T17:10:54.201-0400] {processor.py:161} INFO - Started process (PID=85719) to work on /Users/gaurav/Documents/Breast-Cancer-ML-Pipeline/venv/lib/python3.9/site-packages/airflow/example_dags/example_branch_labels.py
[2025-04-21T17:10:54.203-0400] {processor.py:830} INFO - Processing file /Users/gaurav/Documents/Breast-Cancer-ML-Pipeline/venv/lib/python3.9/site-packages/airflow/example_dags/example_branch_labels.py for tasks to queue
[2025-04-21T17:10:54.204-0400] {logging_mixin.py:188} INFO - [2025-04-21T17:10:54.204-0400] {dagbag.py:538} INFO - Filling up the DagBag from /Users/gaurav/Documents/Breast-Cancer-ML-Pipeline/venv/lib/python3.9/site-packages/airflow/example_dags/example_branch_labels.py
[2025-04-21T17:10:54.210-0400] {processor.py:840} INFO - DAG(s) 'example_branch_labels' retrieved from /Users/gaurav/Documents/Breast-Cancer-ML-Pipeline/venv/lib/python3.9/site-packages/airflow/example_dags/example_branch_labels.py
[2025-04-21T17:10:54.274-0400] {logging_mixin.py:188} INFO - [2025-04-21T17:10:54.274-0400] {dag.py:3036} INFO - Sync 1 DAGs
[2025-04-21T17:10:54.287-0400] {logging_mixin.py:188} INFO - [2025-04-21T17:10:54.287-0400] {dag.py:3823} INFO - Setting next_dagrun for example_branch_labels to 2025-04-20 00:00:00+00:00, run_after=2025-04-21 00:00:00+00:00
[2025-04-21T17:10:54.298-0400] {processor.py:183} INFO - Processing /Users/gaurav/Documents/Breast-Cancer-ML-Pipeline/venv/lib/python3.9/site-packages/airflow/example_dags/example_branch_labels.py took 0.098 seconds
[2025-04-21T17:12:07.568-0400] {processor.py:161} INFO - Started process (PID=85812) to work on /Users/gaurav/Documents/Breast-Cancer-ML-Pipeline/venv/lib/python3.9/site-packages/airflow/example_dags/example_branch_labels.py
[2025-04-21T17:12:07.570-0400] {processor.py:830} INFO - Processing file /Users/gaurav/Documents/Breast-Cancer-ML-Pipeline/venv/lib/python3.9/site-packages/airflow/example_dags/example_branch_labels.py for tasks to queue
[2025-04-21T17:12:07.571-0400] {logging_mixin.py:188} INFO - [2025-04-21T17:12:07.570-0400] {dagbag.py:538} INFO - Filling up the DagBag from /Users/gaurav/Documents/Breast-Cancer-ML-Pipeline/venv/lib/python3.9/site-packages/airflow/example_dags/example_branch_labels.py
[2025-04-21T17:12:07.578-0400] {processor.py:840} INFO - DAG(s) 'example_branch_labels' retrieved from /Users/gaurav/Documents/Breast-Cancer-ML-Pipeline/venv/lib/python3.9/site-packages/airflow/example_dags/example_branch_labels.py
[2025-04-21T17:12:07.643-0400] {logging_mixin.py:188} INFO - [2025-04-21T17:12:07.642-0400] {dag.py:3036} INFO - Sync 1 DAGs
[2025-04-21T17:12:07.655-0400] {logging_mixin.py:188} INFO - [2025-04-21T17:12:07.655-0400] {dag.py:3823} INFO - Setting next_dagrun for example_branch_labels to 2025-04-20 00:00:00+00:00, run_after=2025-04-21 00:00:00+00:00
[2025-04-21T17:12:07.667-0400] {processor.py:183} INFO - Processing /Users/gaurav/Documents/Breast-Cancer-ML-Pipeline/venv/lib/python3.9/site-packages/airflow/example_dags/example_branch_labels.py took 0.100 seconds
[2025-04-21T17:13:21.246-0400] {processor.py:161} INFO - Started process (PID=85890) to work on /Users/gaurav/Documents/Breast-Cancer-ML-Pipeline/venv/lib/python3.9/site-packages/airflow/example_dags/example_branch_labels.py
[2025-04-21T17:13:21.248-0400] {processor.py:830} INFO - Processing file /Users/gaurav/Documents/Breast-Cancer-ML-Pipeline/venv/lib/python3.9/site-packages/airflow/example_dags/example_branch_labels.py for tasks to queue
[2025-04-21T17:13:21.249-0400] {logging_mixin.py:188} INFO - [2025-04-21T17:13:21.249-0400] {dagbag.py:538} INFO - Filling up the DagBag from /Users/gaurav/Documents/Breast-Cancer-ML-Pipeline/venv/lib/python3.9/site-packages/airflow/example_dags/example_branch_labels.py
[2025-04-21T17:13:21.256-0400] {processor.py:840} INFO - DAG(s) 'example_branch_labels' retrieved from /Users/gaurav/Documents/Breast-Cancer-ML-Pipeline/venv/lib/python3.9/site-packages/airflow/example_dags/example_branch_labels.py
[2025-04-21T17:13:21.325-0400] {logging_mixin.py:188} INFO - [2025-04-21T17:13:21.325-0400] {dag.py:3036} INFO - Sync 1 DAGs
[2025-04-21T17:13:21.339-0400] {logging_mixin.py:188} INFO - [2025-04-21T17:13:21.338-0400] {dag.py:3823} INFO - Setting next_dagrun for example_branch_labels to 2025-04-20 00:00:00+00:00, run_after=2025-04-21 00:00:00+00:00
[2025-04-21T17:13:21.351-0400] {processor.py:183} INFO - Processing /Users/gaurav/Documents/Breast-Cancer-ML-Pipeline/venv/lib/python3.9/site-packages/airflow/example_dags/example_branch_labels.py took 0.106 seconds
[2025-04-21T17:14:35.959-0400] {processor.py:161} INFO - Started process (PID=85989) to work on /Users/gaurav/Documents/Breast-Cancer-ML-Pipeline/venv/lib/python3.9/site-packages/airflow/example_dags/example_branch_labels.py
[2025-04-21T17:14:35.961-0400] {processor.py:830} INFO - Processing file /Users/gaurav/Documents/Breast-Cancer-ML-Pipeline/venv/lib/python3.9/site-packages/airflow/example_dags/example_branch_labels.py for tasks to queue
[2025-04-21T17:14:35.961-0400] {logging_mixin.py:188} INFO - [2025-04-21T17:14:35.961-0400] {dagbag.py:538} INFO - Filling up the DagBag from /Users/gaurav/Documents/Breast-Cancer-ML-Pipeline/venv/lib/python3.9/site-packages/airflow/example_dags/example_branch_labels.py
[2025-04-21T17:14:35.967-0400] {processor.py:840} INFO - DAG(s) 'example_branch_labels' retrieved from /Users/gaurav/Documents/Breast-Cancer-ML-Pipeline/venv/lib/python3.9/site-packages/airflow/example_dags/example_branch_labels.py
[2025-04-21T17:14:36.032-0400] {logging_mixin.py:188} INFO - [2025-04-21T17:14:36.031-0400] {dag.py:3036} INFO - Sync 1 DAGs
[2025-04-21T17:14:36.044-0400] {logging_mixin.py:188} INFO - [2025-04-21T17:14:36.044-0400] {dag.py:3823} INFO - Setting next_dagrun for example_branch_labels to 2025-04-20 00:00:00+00:00, run_after=2025-04-21 00:00:00+00:00
[2025-04-21T17:14:36.056-0400] {processor.py:183} INFO - Processing /Users/gaurav/Documents/Breast-Cancer-ML-Pipeline/venv/lib/python3.9/site-packages/airflow/example_dags/example_branch_labels.py took 0.098 seconds
[2025-04-21T17:15:47.881-0400] {processor.py:161} INFO - Started process (PID=86078) to work on /Users/gaurav/Documents/Breast-Cancer-ML-Pipeline/venv/lib/python3.9/site-packages/airflow/example_dags/example_branch_labels.py
[2025-04-21T17:15:47.883-0400] {processor.py:830} INFO - Processing file /Users/gaurav/Documents/Breast-Cancer-ML-Pipeline/venv/lib/python3.9/site-packages/airflow/example_dags/example_branch_labels.py for tasks to queue
[2025-04-21T17:15:47.883-0400] {logging_mixin.py:188} INFO - [2025-04-21T17:15:47.883-0400] {dagbag.py:538} INFO - Filling up the DagBag from /Users/gaurav/Documents/Breast-Cancer-ML-Pipeline/venv/lib/python3.9/site-packages/airflow/example_dags/example_branch_labels.py
[2025-04-21T17:15:47.890-0400] {processor.py:840} INFO - DAG(s) 'example_branch_labels' retrieved from /Users/gaurav/Documents/Breast-Cancer-ML-Pipeline/venv/lib/python3.9/site-packages/airflow/example_dags/example_branch_labels.py
[2025-04-21T17:15:47.955-0400] {logging_mixin.py:188} INFO - [2025-04-21T17:15:47.954-0400] {dag.py:3036} INFO - Sync 1 DAGs
[2025-04-21T17:15:47.967-0400] {logging_mixin.py:188} INFO - [2025-04-21T17:15:47.967-0400] {dag.py:3823} INFO - Setting next_dagrun for example_branch_labels to 2025-04-20 00:00:00+00:00, run_after=2025-04-21 00:00:00+00:00
[2025-04-21T17:15:47.979-0400] {processor.py:183} INFO - Processing /Users/gaurav/Documents/Breast-Cancer-ML-Pipeline/venv/lib/python3.9/site-packages/airflow/example_dags/example_branch_labels.py took 0.099 seconds
[2025-04-21T17:17:01.488-0400] {processor.py:161} INFO - Started process (PID=86165) to work on /Users/gaurav/Documents/Breast-Cancer-ML-Pipeline/venv/lib/python3.9/site-packages/airflow/example_dags/example_branch_labels.py
[2025-04-21T17:17:01.489-0400] {processor.py:830} INFO - Processing file /Users/gaurav/Documents/Breast-Cancer-ML-Pipeline/venv/lib/python3.9/site-packages/airflow/example_dags/example_branch_labels.py for tasks to queue
[2025-04-21T17:17:01.490-0400] {logging_mixin.py:188} INFO - [2025-04-21T17:17:01.490-0400] {dagbag.py:538} INFO - Filling up the DagBag from /Users/gaurav/Documents/Breast-Cancer-ML-Pipeline/venv/lib/python3.9/site-packages/airflow/example_dags/example_branch_labels.py
[2025-04-21T17:17:01.496-0400] {processor.py:840} INFO - DAG(s) 'example_branch_labels' retrieved from /Users/gaurav/Documents/Breast-Cancer-ML-Pipeline/venv/lib/python3.9/site-packages/airflow/example_dags/example_branch_labels.py
[2025-04-21T17:17:01.564-0400] {logging_mixin.py:188} INFO - [2025-04-21T17:17:01.564-0400] {dag.py:3036} INFO - Sync 1 DAGs
[2025-04-21T17:17:01.577-0400] {logging_mixin.py:188} INFO - [2025-04-21T17:17:01.577-0400] {dag.py:3823} INFO - Setting next_dagrun for example_branch_labels to 2025-04-20 00:00:00+00:00, run_after=2025-04-21 00:00:00+00:00
[2025-04-21T17:17:01.589-0400] {processor.py:183} INFO - Processing /Users/gaurav/Documents/Breast-Cancer-ML-Pipeline/venv/lib/python3.9/site-packages/airflow/example_dags/example_branch_labels.py took 0.102 seconds
[2025-04-21T17:18:16.043-0400] {processor.py:161} INFO - Started process (PID=86262) to work on /Users/gaurav/Documents/Breast-Cancer-ML-Pipeline/venv/lib/python3.9/site-packages/airflow/example_dags/example_branch_labels.py
[2025-04-21T17:18:16.044-0400] {processor.py:830} INFO - Processing file /Users/gaurav/Documents/Breast-Cancer-ML-Pipeline/venv/lib/python3.9/site-packages/airflow/example_dags/example_branch_labels.py for tasks to queue
[2025-04-21T17:18:16.045-0400] {logging_mixin.py:188} INFO - [2025-04-21T17:18:16.045-0400] {dagbag.py:538} INFO - Filling up the DagBag from /Users/gaurav/Documents/Breast-Cancer-ML-Pipeline/venv/lib/python3.9/site-packages/airflow/example_dags/example_branch_labels.py
[2025-04-21T17:18:16.052-0400] {processor.py:840} INFO - DAG(s) 'example_branch_labels' retrieved from /Users/gaurav/Documents/Breast-Cancer-ML-Pipeline/venv/lib/python3.9/site-packages/airflow/example_dags/example_branch_labels.py
[2025-04-21T17:18:16.117-0400] {logging_mixin.py:188} INFO - [2025-04-21T17:18:16.117-0400] {dag.py:3036} INFO - Sync 1 DAGs
[2025-04-21T17:18:16.130-0400] {logging_mixin.py:188} INFO - [2025-04-21T17:18:16.130-0400] {dag.py:3823} INFO - Setting next_dagrun for example_branch_labels to 2025-04-20 00:00:00+00:00, run_after=2025-04-21 00:00:00+00:00
[2025-04-21T17:18:16.142-0400] {processor.py:183} INFO - Processing /Users/gaurav/Documents/Breast-Cancer-ML-Pipeline/venv/lib/python3.9/site-packages/airflow/example_dags/example_branch_labels.py took 0.100 seconds
[2025-04-21T17:19:32.560-0400] {processor.py:161} INFO - Started process (PID=86363) to work on /Users/gaurav/Documents/Breast-Cancer-ML-Pipeline/venv/lib/python3.9/site-packages/airflow/example_dags/example_branch_labels.py
[2025-04-21T17:19:32.562-0400] {processor.py:830} INFO - Processing file /Users/gaurav/Documents/Breast-Cancer-ML-Pipeline/venv/lib/python3.9/site-packages/airflow/example_dags/example_branch_labels.py for tasks to queue
[2025-04-21T17:19:32.562-0400] {logging_mixin.py:188} INFO - [2025-04-21T17:19:32.562-0400] {dagbag.py:538} INFO - Filling up the DagBag from /Users/gaurav/Documents/Breast-Cancer-ML-Pipeline/venv/lib/python3.9/site-packages/airflow/example_dags/example_branch_labels.py
[2025-04-21T17:19:32.570-0400] {processor.py:840} INFO - DAG(s) 'example_branch_labels' retrieved from /Users/gaurav/Documents/Breast-Cancer-ML-Pipeline/venv/lib/python3.9/site-packages/airflow/example_dags/example_branch_labels.py
[2025-04-21T17:19:32.636-0400] {logging_mixin.py:188} INFO - [2025-04-21T17:19:32.636-0400] {dag.py:3036} INFO - Sync 1 DAGs
[2025-04-21T17:19:32.651-0400] {logging_mixin.py:188} INFO - [2025-04-21T17:19:32.650-0400] {dag.py:3823} INFO - Setting next_dagrun for example_branch_labels to 2025-04-20 00:00:00+00:00, run_after=2025-04-21 00:00:00+00:00
[2025-04-21T17:19:32.665-0400] {processor.py:183} INFO - Processing /Users/gaurav/Documents/Breast-Cancer-ML-Pipeline/venv/lib/python3.9/site-packages/airflow/example_dags/example_branch_labels.py took 0.105 seconds
[2025-04-21T17:22:36.959-0400] {processor.py:161} INFO - Started process (PID=86553) to work on /Users/gaurav/Documents/Breast-Cancer-ML-Pipeline/venv/lib/python3.9/site-packages/airflow/example_dags/example_branch_labels.py
[2025-04-21T17:22:36.962-0400] {processor.py:830} INFO - Processing file /Users/gaurav/Documents/Breast-Cancer-ML-Pipeline/venv/lib/python3.9/site-packages/airflow/example_dags/example_branch_labels.py for tasks to queue
[2025-04-21T17:22:36.963-0400] {logging_mixin.py:188} INFO - [2025-04-21T17:22:36.963-0400] {dagbag.py:538} INFO - Filling up the DagBag from /Users/gaurav/Documents/Breast-Cancer-ML-Pipeline/venv/lib/python3.9/site-packages/airflow/example_dags/example_branch_labels.py
[2025-04-21T17:22:36.970-0400] {processor.py:840} INFO - DAG(s) 'example_branch_labels' retrieved from /Users/gaurav/Documents/Breast-Cancer-ML-Pipeline/venv/lib/python3.9/site-packages/airflow/example_dags/example_branch_labels.py
[2025-04-21T17:22:37.099-0400] {logging_mixin.py:188} INFO - [2025-04-21T17:22:37.099-0400] {dag.py:3036} INFO - Sync 1 DAGs
[2025-04-21T17:22:37.111-0400] {logging_mixin.py:188} INFO - [2025-04-21T17:22:37.111-0400] {dag.py:3823} INFO - Setting next_dagrun for example_branch_labels to 2025-04-20 00:00:00+00:00, run_after=2025-04-21 00:00:00+00:00
[2025-04-21T17:22:37.124-0400] {processor.py:183} INFO - Processing /Users/gaurav/Documents/Breast-Cancer-ML-Pipeline/venv/lib/python3.9/site-packages/airflow/example_dags/example_branch_labels.py took 0.166 seconds
[2025-04-21T17:24:08.107-0400] {processor.py:161} INFO - Started process (PID=86663) to work on /Users/gaurav/Documents/Breast-Cancer-ML-Pipeline/venv/lib/python3.9/site-packages/airflow/example_dags/example_branch_labels.py
[2025-04-21T17:24:08.108-0400] {processor.py:830} INFO - Processing file /Users/gaurav/Documents/Breast-Cancer-ML-Pipeline/venv/lib/python3.9/site-packages/airflow/example_dags/example_branch_labels.py for tasks to queue
[2025-04-21T17:24:08.109-0400] {logging_mixin.py:188} INFO - [2025-04-21T17:24:08.109-0400] {dagbag.py:538} INFO - Filling up the DagBag from /Users/gaurav/Documents/Breast-Cancer-ML-Pipeline/venv/lib/python3.9/site-packages/airflow/example_dags/example_branch_labels.py
[2025-04-21T17:24:08.116-0400] {processor.py:840} INFO - DAG(s) 'example_branch_labels' retrieved from /Users/gaurav/Documents/Breast-Cancer-ML-Pipeline/venv/lib/python3.9/site-packages/airflow/example_dags/example_branch_labels.py
[2025-04-21T17:24:08.181-0400] {logging_mixin.py:188} INFO - [2025-04-21T17:24:08.180-0400] {dag.py:3036} INFO - Sync 1 DAGs
[2025-04-21T17:24:08.193-0400] {logging_mixin.py:188} INFO - [2025-04-21T17:24:08.193-0400] {dag.py:3823} INFO - Setting next_dagrun for example_branch_labels to 2025-04-20 00:00:00+00:00, run_after=2025-04-21 00:00:00+00:00
[2025-04-21T17:24:08.205-0400] {processor.py:183} INFO - Processing /Users/gaurav/Documents/Breast-Cancer-ML-Pipeline/venv/lib/python3.9/site-packages/airflow/example_dags/example_branch_labels.py took 0.099 seconds
[2025-04-21T17:25:25.171-0400] {processor.py:161} INFO - Started process (PID=86748) to work on /Users/gaurav/Documents/Breast-Cancer-ML-Pipeline/venv/lib/python3.9/site-packages/airflow/example_dags/example_branch_labels.py
[2025-04-21T17:25:25.173-0400] {processor.py:830} INFO - Processing file /Users/gaurav/Documents/Breast-Cancer-ML-Pipeline/venv/lib/python3.9/site-packages/airflow/example_dags/example_branch_labels.py for tasks to queue
[2025-04-21T17:25:25.174-0400] {logging_mixin.py:188} INFO - [2025-04-21T17:25:25.174-0400] {dagbag.py:538} INFO - Filling up the DagBag from /Users/gaurav/Documents/Breast-Cancer-ML-Pipeline/venv/lib/python3.9/site-packages/airflow/example_dags/example_branch_labels.py
[2025-04-21T17:25:25.180-0400] {processor.py:840} INFO - DAG(s) 'example_branch_labels' retrieved from /Users/gaurav/Documents/Breast-Cancer-ML-Pipeline/venv/lib/python3.9/site-packages/airflow/example_dags/example_branch_labels.py
[2025-04-21T17:25:25.245-0400] {logging_mixin.py:188} INFO - [2025-04-21T17:25:25.245-0400] {dag.py:3036} INFO - Sync 1 DAGs
[2025-04-21T17:25:25.257-0400] {logging_mixin.py:188} INFO - [2025-04-21T17:25:25.257-0400] {dag.py:3823} INFO - Setting next_dagrun for example_branch_labels to 2025-04-20 00:00:00+00:00, run_after=2025-04-21 00:00:00+00:00
[2025-04-21T17:25:25.269-0400] {processor.py:183} INFO - Processing /Users/gaurav/Documents/Breast-Cancer-ML-Pipeline/venv/lib/python3.9/site-packages/airflow/example_dags/example_branch_labels.py took 0.100 seconds
[2025-04-21T17:26:40.590-0400] {processor.py:161} INFO - Started process (PID=86860) to work on /Users/gaurav/Documents/Breast-Cancer-ML-Pipeline/venv/lib/python3.9/site-packages/airflow/example_dags/example_branch_labels.py
[2025-04-21T17:26:40.591-0400] {processor.py:830} INFO - Processing file /Users/gaurav/Documents/Breast-Cancer-ML-Pipeline/venv/lib/python3.9/site-packages/airflow/example_dags/example_branch_labels.py for tasks to queue
[2025-04-21T17:26:40.592-0400] {logging_mixin.py:188} INFO - [2025-04-21T17:26:40.592-0400] {dagbag.py:538} INFO - Filling up the DagBag from /Users/gaurav/Documents/Breast-Cancer-ML-Pipeline/venv/lib/python3.9/site-packages/airflow/example_dags/example_branch_labels.py
[2025-04-21T17:26:40.598-0400] {processor.py:840} INFO - DAG(s) 'example_branch_labels' retrieved from /Users/gaurav/Documents/Breast-Cancer-ML-Pipeline/venv/lib/python3.9/site-packages/airflow/example_dags/example_branch_labels.py
[2025-04-21T17:26:40.667-0400] {logging_mixin.py:188} INFO - [2025-04-21T17:26:40.667-0400] {dag.py:3036} INFO - Sync 1 DAGs
[2025-04-21T17:26:40.680-0400] {logging_mixin.py:188} INFO - [2025-04-21T17:26:40.680-0400] {dag.py:3823} INFO - Setting next_dagrun for example_branch_labels to 2025-04-20 00:00:00+00:00, run_after=2025-04-21 00:00:00+00:00
[2025-04-21T17:26:40.692-0400] {processor.py:183} INFO - Processing /Users/gaurav/Documents/Breast-Cancer-ML-Pipeline/venv/lib/python3.9/site-packages/airflow/example_dags/example_branch_labels.py took 0.103 seconds
[2025-04-21T17:28:54.996-0400] {processor.py:161} INFO - Started process (PID=87072) to work on /Users/gaurav/Documents/Breast-Cancer-ML-Pipeline/venv/lib/python3.9/site-packages/airflow/example_dags/example_branch_labels.py
[2025-04-21T17:28:54.997-0400] {processor.py:830} INFO - Processing file /Users/gaurav/Documents/Breast-Cancer-ML-Pipeline/venv/lib/python3.9/site-packages/airflow/example_dags/example_branch_labels.py for tasks to queue
[2025-04-21T17:28:54.998-0400] {logging_mixin.py:188} INFO - [2025-04-21T17:28:54.998-0400] {dagbag.py:538} INFO - Filling up the DagBag from /Users/gaurav/Documents/Breast-Cancer-ML-Pipeline/venv/lib/python3.9/site-packages/airflow/example_dags/example_branch_labels.py
[2025-04-21T17:28:55.004-0400] {processor.py:840} INFO - DAG(s) 'example_branch_labels' retrieved from /Users/gaurav/Documents/Breast-Cancer-ML-Pipeline/venv/lib/python3.9/site-packages/airflow/example_dags/example_branch_labels.py
[2025-04-21T17:28:55.069-0400] {logging_mixin.py:188} INFO - [2025-04-21T17:28:55.069-0400] {dag.py:3036} INFO - Sync 1 DAGs
[2025-04-21T17:28:55.081-0400] {logging_mixin.py:188} INFO - [2025-04-21T17:28:55.081-0400] {dag.py:3823} INFO - Setting next_dagrun for example_branch_labels to 2025-04-20 00:00:00+00:00, run_after=2025-04-21 00:00:00+00:00
[2025-04-21T17:28:55.093-0400] {processor.py:183} INFO - Processing /Users/gaurav/Documents/Breast-Cancer-ML-Pipeline/venv/lib/python3.9/site-packages/airflow/example_dags/example_branch_labels.py took 0.097 seconds
[2025-04-21T17:30:22.881-0400] {processor.py:161} INFO - Started process (PID=87177) to work on /Users/gaurav/Documents/Breast-Cancer-ML-Pipeline/venv/lib/python3.9/site-packages/airflow/example_dags/example_branch_labels.py
[2025-04-21T17:30:22.883-0400] {processor.py:830} INFO - Processing file /Users/gaurav/Documents/Breast-Cancer-ML-Pipeline/venv/lib/python3.9/site-packages/airflow/example_dags/example_branch_labels.py for tasks to queue
[2025-04-21T17:30:22.883-0400] {logging_mixin.py:188} INFO - [2025-04-21T17:30:22.883-0400] {dagbag.py:538} INFO - Filling up the DagBag from /Users/gaurav/Documents/Breast-Cancer-ML-Pipeline/venv/lib/python3.9/site-packages/airflow/example_dags/example_branch_labels.py
[2025-04-21T17:30:22.890-0400] {processor.py:840} INFO - DAG(s) 'example_branch_labels' retrieved from /Users/gaurav/Documents/Breast-Cancer-ML-Pipeline/venv/lib/python3.9/site-packages/airflow/example_dags/example_branch_labels.py
[2025-04-21T17:30:22.959-0400] {logging_mixin.py:188} INFO - [2025-04-21T17:30:22.959-0400] {dag.py:3036} INFO - Sync 1 DAGs
[2025-04-21T17:30:22.972-0400] {logging_mixin.py:188} INFO - [2025-04-21T17:30:22.972-0400] {dag.py:3823} INFO - Setting next_dagrun for example_branch_labels to 2025-04-20 00:00:00+00:00, run_after=2025-04-21 00:00:00+00:00
[2025-04-21T17:30:22.985-0400] {processor.py:183} INFO - Processing /Users/gaurav/Documents/Breast-Cancer-ML-Pipeline/venv/lib/python3.9/site-packages/airflow/example_dags/example_branch_labels.py took 0.105 seconds
[2025-04-21T17:31:38.434-0400] {processor.py:161} INFO - Started process (PID=87258) to work on /Users/gaurav/Documents/Breast-Cancer-ML-Pipeline/venv/lib/python3.9/site-packages/airflow/example_dags/example_branch_labels.py
[2025-04-21T17:31:38.436-0400] {processor.py:830} INFO - Processing file /Users/gaurav/Documents/Breast-Cancer-ML-Pipeline/venv/lib/python3.9/site-packages/airflow/example_dags/example_branch_labels.py for tasks to queue
[2025-04-21T17:31:38.436-0400] {logging_mixin.py:188} INFO - [2025-04-21T17:31:38.436-0400] {dagbag.py:538} INFO - Filling up the DagBag from /Users/gaurav/Documents/Breast-Cancer-ML-Pipeline/venv/lib/python3.9/site-packages/airflow/example_dags/example_branch_labels.py
[2025-04-21T17:31:38.443-0400] {processor.py:840} INFO - DAG(s) 'example_branch_labels' retrieved from /Users/gaurav/Documents/Breast-Cancer-ML-Pipeline/venv/lib/python3.9/site-packages/airflow/example_dags/example_branch_labels.py
[2025-04-21T17:31:38.507-0400] {logging_mixin.py:188} INFO - [2025-04-21T17:31:38.507-0400] {dag.py:3036} INFO - Sync 1 DAGs
[2025-04-21T17:31:38.521-0400] {logging_mixin.py:188} INFO - [2025-04-21T17:31:38.520-0400] {dag.py:3823} INFO - Setting next_dagrun for example_branch_labels to 2025-04-20 00:00:00+00:00, run_after=2025-04-21 00:00:00+00:00
[2025-04-21T17:31:38.532-0400] {processor.py:183} INFO - Processing /Users/gaurav/Documents/Breast-Cancer-ML-Pipeline/venv/lib/python3.9/site-packages/airflow/example_dags/example_branch_labels.py took 0.099 seconds
[2025-04-21T17:37:56.953-0400] {processor.py:161} INFO - Started process (PID=87826) to work on /Users/gaurav/Documents/Breast-Cancer-ML-Pipeline/venv/lib/python3.9/site-packages/airflow/example_dags/example_branch_labels.py
[2025-04-21T17:37:56.955-0400] {processor.py:830} INFO - Processing file /Users/gaurav/Documents/Breast-Cancer-ML-Pipeline/venv/lib/python3.9/site-packages/airflow/example_dags/example_branch_labels.py for tasks to queue
[2025-04-21T17:37:56.955-0400] {logging_mixin.py:188} INFO - [2025-04-21T17:37:56.955-0400] {dagbag.py:538} INFO - Filling up the DagBag from /Users/gaurav/Documents/Breast-Cancer-ML-Pipeline/venv/lib/python3.9/site-packages/airflow/example_dags/example_branch_labels.py
[2025-04-21T17:37:56.962-0400] {processor.py:840} INFO - DAG(s) 'example_branch_labels' retrieved from /Users/gaurav/Documents/Breast-Cancer-ML-Pipeline/venv/lib/python3.9/site-packages/airflow/example_dags/example_branch_labels.py
[2025-04-21T17:37:57.086-0400] {logging_mixin.py:188} INFO - [2025-04-21T17:37:57.086-0400] {dag.py:3036} INFO - Sync 1 DAGs
[2025-04-21T17:37:57.098-0400] {logging_mixin.py:188} INFO - [2025-04-21T17:37:57.098-0400] {dag.py:3823} INFO - Setting next_dagrun for example_branch_labels to 2025-04-20 00:00:00+00:00, run_after=2025-04-21 00:00:00+00:00
[2025-04-21T17:37:57.111-0400] {processor.py:183} INFO - Processing /Users/gaurav/Documents/Breast-Cancer-ML-Pipeline/venv/lib/python3.9/site-packages/airflow/example_dags/example_branch_labels.py took 0.159 seconds
[2025-04-21T17:40:29.666-0400] {processor.py:161} INFO - Started process (PID=88027) to work on /Users/gaurav/Documents/Breast-Cancer-ML-Pipeline/venv/lib/python3.9/site-packages/airflow/example_dags/example_branch_labels.py
[2025-04-21T17:40:29.668-0400] {processor.py:830} INFO - Processing file /Users/gaurav/Documents/Breast-Cancer-ML-Pipeline/venv/lib/python3.9/site-packages/airflow/example_dags/example_branch_labels.py for tasks to queue
[2025-04-21T17:40:29.668-0400] {logging_mixin.py:188} INFO - [2025-04-21T17:40:29.668-0400] {dagbag.py:538} INFO - Filling up the DagBag from /Users/gaurav/Documents/Breast-Cancer-ML-Pipeline/venv/lib/python3.9/site-packages/airflow/example_dags/example_branch_labels.py
[2025-04-21T17:40:29.674-0400] {processor.py:840} INFO - DAG(s) 'example_branch_labels' retrieved from /Users/gaurav/Documents/Breast-Cancer-ML-Pipeline/venv/lib/python3.9/site-packages/airflow/example_dags/example_branch_labels.py
[2025-04-21T17:40:29.743-0400] {logging_mixin.py:188} INFO - [2025-04-21T17:40:29.743-0400] {dag.py:3036} INFO - Sync 1 DAGs
[2025-04-21T17:40:29.756-0400] {logging_mixin.py:188} INFO - [2025-04-21T17:40:29.755-0400] {dag.py:3823} INFO - Setting next_dagrun for example_branch_labels to 2025-04-20 00:00:00+00:00, run_after=2025-04-21 00:00:00+00:00
[2025-04-21T17:40:29.768-0400] {processor.py:183} INFO - Processing /Users/gaurav/Documents/Breast-Cancer-ML-Pipeline/venv/lib/python3.9/site-packages/airflow/example_dags/example_branch_labels.py took 0.102 seconds
[2025-04-21T17:42:21.645-0400] {processor.py:161} INFO - Started process (PID=88159) to work on /Users/gaurav/Documents/Breast-Cancer-ML-Pipeline/venv/lib/python3.9/site-packages/airflow/example_dags/example_branch_labels.py
[2025-04-21T17:42:21.647-0400] {processor.py:830} INFO - Processing file /Users/gaurav/Documents/Breast-Cancer-ML-Pipeline/venv/lib/python3.9/site-packages/airflow/example_dags/example_branch_labels.py for tasks to queue
[2025-04-21T17:42:21.647-0400] {logging_mixin.py:188} INFO - [2025-04-21T17:42:21.647-0400] {dagbag.py:538} INFO - Filling up the DagBag from /Users/gaurav/Documents/Breast-Cancer-ML-Pipeline/venv/lib/python3.9/site-packages/airflow/example_dags/example_branch_labels.py
[2025-04-21T17:42:21.654-0400] {processor.py:840} INFO - DAG(s) 'example_branch_labels' retrieved from /Users/gaurav/Documents/Breast-Cancer-ML-Pipeline/venv/lib/python3.9/site-packages/airflow/example_dags/example_branch_labels.py
[2025-04-21T17:42:21.719-0400] {logging_mixin.py:188} INFO - [2025-04-21T17:42:21.719-0400] {dag.py:3036} INFO - Sync 1 DAGs
[2025-04-21T17:42:21.731-0400] {logging_mixin.py:188} INFO - [2025-04-21T17:42:21.731-0400] {dag.py:3823} INFO - Setting next_dagrun for example_branch_labels to 2025-04-20 00:00:00+00:00, run_after=2025-04-21 00:00:00+00:00
[2025-04-21T17:42:21.743-0400] {processor.py:183} INFO - Processing /Users/gaurav/Documents/Breast-Cancer-ML-Pipeline/venv/lib/python3.9/site-packages/airflow/example_dags/example_branch_labels.py took 0.099 seconds
[2025-04-21T17:43:33.267-0400] {processor.py:161} INFO - Started process (PID=88241) to work on /Users/gaurav/Documents/Breast-Cancer-ML-Pipeline/venv/lib/python3.9/site-packages/airflow/example_dags/example_branch_labels.py
[2025-04-21T17:43:33.269-0400] {processor.py:830} INFO - Processing file /Users/gaurav/Documents/Breast-Cancer-ML-Pipeline/venv/lib/python3.9/site-packages/airflow/example_dags/example_branch_labels.py for tasks to queue
[2025-04-21T17:43:33.269-0400] {logging_mixin.py:188} INFO - [2025-04-21T17:43:33.269-0400] {dagbag.py:538} INFO - Filling up the DagBag from /Users/gaurav/Documents/Breast-Cancer-ML-Pipeline/venv/lib/python3.9/site-packages/airflow/example_dags/example_branch_labels.py
[2025-04-21T17:43:33.276-0400] {processor.py:840} INFO - DAG(s) 'example_branch_labels' retrieved from /Users/gaurav/Documents/Breast-Cancer-ML-Pipeline/venv/lib/python3.9/site-packages/airflow/example_dags/example_branch_labels.py
[2025-04-21T17:43:33.342-0400] {logging_mixin.py:188} INFO - [2025-04-21T17:43:33.342-0400] {dag.py:3036} INFO - Sync 1 DAGs
[2025-04-21T17:43:33.354-0400] {logging_mixin.py:188} INFO - [2025-04-21T17:43:33.354-0400] {dag.py:3823} INFO - Setting next_dagrun for example_branch_labels to 2025-04-20 00:00:00+00:00, run_after=2025-04-21 00:00:00+00:00
[2025-04-21T17:43:33.366-0400] {processor.py:183} INFO - Processing /Users/gaurav/Documents/Breast-Cancer-ML-Pipeline/venv/lib/python3.9/site-packages/airflow/example_dags/example_branch_labels.py took 0.100 seconds
[2025-04-21T17:44:45.671-0400] {processor.py:161} INFO - Started process (PID=88333) to work on /Users/gaurav/Documents/Breast-Cancer-ML-Pipeline/venv/lib/python3.9/site-packages/airflow/example_dags/example_branch_labels.py
[2025-04-21T17:44:45.673-0400] {processor.py:830} INFO - Processing file /Users/gaurav/Documents/Breast-Cancer-ML-Pipeline/venv/lib/python3.9/site-packages/airflow/example_dags/example_branch_labels.py for tasks to queue
[2025-04-21T17:44:45.673-0400] {logging_mixin.py:188} INFO - [2025-04-21T17:44:45.673-0400] {dagbag.py:538} INFO - Filling up the DagBag from /Users/gaurav/Documents/Breast-Cancer-ML-Pipeline/venv/lib/python3.9/site-packages/airflow/example_dags/example_branch_labels.py
[2025-04-21T17:44:45.680-0400] {processor.py:840} INFO - DAG(s) 'example_branch_labels' retrieved from /Users/gaurav/Documents/Breast-Cancer-ML-Pipeline/venv/lib/python3.9/site-packages/airflow/example_dags/example_branch_labels.py
[2025-04-21T17:44:45.749-0400] {logging_mixin.py:188} INFO - [2025-04-21T17:44:45.749-0400] {dag.py:3036} INFO - Sync 1 DAGs
[2025-04-21T17:44:45.762-0400] {logging_mixin.py:188} INFO - [2025-04-21T17:44:45.762-0400] {dag.py:3823} INFO - Setting next_dagrun for example_branch_labels to 2025-04-20 00:00:00+00:00, run_after=2025-04-21 00:00:00+00:00
[2025-04-21T17:44:45.774-0400] {processor.py:183} INFO - Processing /Users/gaurav/Documents/Breast-Cancer-ML-Pipeline/venv/lib/python3.9/site-packages/airflow/example_dags/example_branch_labels.py took 0.104 seconds
[2025-04-21T17:45:40.142-0400] {processor.py:161} INFO - Started process (PID=88412) to work on /Users/gaurav/Documents/Breast-Cancer-ML-Pipeline/venv/lib/python3.9/site-packages/airflow/example_dags/example_branch_labels.py
[2025-04-21T17:45:40.144-0400] {processor.py:830} INFO - Processing file /Users/gaurav/Documents/Breast-Cancer-ML-Pipeline/venv/lib/python3.9/site-packages/airflow/example_dags/example_branch_labels.py for tasks to queue
[2025-04-21T17:45:40.145-0400] {logging_mixin.py:188} INFO - [2025-04-21T17:45:40.145-0400] {dagbag.py:538} INFO - Filling up the DagBag from /Users/gaurav/Documents/Breast-Cancer-ML-Pipeline/venv/lib/python3.9/site-packages/airflow/example_dags/example_branch_labels.py
[2025-04-21T17:45:40.150-0400] {processor.py:840} INFO - DAG(s) 'example_branch_labels' retrieved from /Users/gaurav/Documents/Breast-Cancer-ML-Pipeline/venv/lib/python3.9/site-packages/airflow/example_dags/example_branch_labels.py
[2025-04-21T17:45:40.202-0400] {logging_mixin.py:188} INFO - [2025-04-21T17:45:40.202-0400] {dag.py:3036} INFO - Sync 1 DAGs
[2025-04-21T17:45:40.211-0400] {logging_mixin.py:188} INFO - [2025-04-21T17:45:40.211-0400] {dag.py:3823} INFO - Setting next_dagrun for example_branch_labels to 2025-04-20 00:00:00+00:00, run_after=2025-04-21 00:00:00+00:00
[2025-04-21T17:45:40.221-0400] {processor.py:183} INFO - Processing /Users/gaurav/Documents/Breast-Cancer-ML-Pipeline/venv/lib/python3.9/site-packages/airflow/example_dags/example_branch_labels.py took 0.079 seconds
[2025-04-21T17:47:02.360-0400] {processor.py:161} INFO - Started process (PID=88582) to work on /Users/gaurav/Documents/Breast-Cancer-ML-Pipeline/venv/lib/python3.9/site-packages/airflow/example_dags/example_branch_labels.py
[2025-04-21T17:47:02.361-0400] {processor.py:830} INFO - Processing file /Users/gaurav/Documents/Breast-Cancer-ML-Pipeline/venv/lib/python3.9/site-packages/airflow/example_dags/example_branch_labels.py for tasks to queue
[2025-04-21T17:47:02.362-0400] {logging_mixin.py:188} INFO - [2025-04-21T17:47:02.362-0400] {dagbag.py:538} INFO - Filling up the DagBag from /Users/gaurav/Documents/Breast-Cancer-ML-Pipeline/venv/lib/python3.9/site-packages/airflow/example_dags/example_branch_labels.py
[2025-04-21T17:47:02.367-0400] {processor.py:840} INFO - DAG(s) 'example_branch_labels' retrieved from /Users/gaurav/Documents/Breast-Cancer-ML-Pipeline/venv/lib/python3.9/site-packages/airflow/example_dags/example_branch_labels.py
[2025-04-21T17:47:02.420-0400] {logging_mixin.py:188} INFO - [2025-04-21T17:47:02.419-0400] {dag.py:3036} INFO - Sync 1 DAGs
[2025-04-21T17:47:02.429-0400] {logging_mixin.py:188} INFO - [2025-04-21T17:47:02.429-0400] {dag.py:3823} INFO - Setting next_dagrun for example_branch_labels to 2025-04-20 00:00:00+00:00, run_after=2025-04-21 00:00:00+00:00
[2025-04-21T17:47:02.438-0400] {processor.py:183} INFO - Processing /Users/gaurav/Documents/Breast-Cancer-ML-Pipeline/venv/lib/python3.9/site-packages/airflow/example_dags/example_branch_labels.py took 0.079 seconds
[2025-04-21T17:48:14.403-0400] {processor.py:161} INFO - Started process (PID=88672) to work on /Users/gaurav/Documents/Breast-Cancer-ML-Pipeline/venv/lib/python3.9/site-packages/airflow/example_dags/example_branch_labels.py
[2025-04-21T17:48:14.404-0400] {processor.py:830} INFO - Processing file /Users/gaurav/Documents/Breast-Cancer-ML-Pipeline/venv/lib/python3.9/site-packages/airflow/example_dags/example_branch_labels.py for tasks to queue
[2025-04-21T17:48:14.405-0400] {logging_mixin.py:188} INFO - [2025-04-21T17:48:14.405-0400] {dagbag.py:538} INFO - Filling up the DagBag from /Users/gaurav/Documents/Breast-Cancer-ML-Pipeline/venv/lib/python3.9/site-packages/airflow/example_dags/example_branch_labels.py
[2025-04-21T17:48:14.410-0400] {processor.py:840} INFO - DAG(s) 'example_branch_labels' retrieved from /Users/gaurav/Documents/Breast-Cancer-ML-Pipeline/venv/lib/python3.9/site-packages/airflow/example_dags/example_branch_labels.py
[2025-04-21T17:48:14.461-0400] {logging_mixin.py:188} INFO - [2025-04-21T17:48:14.461-0400] {dag.py:3036} INFO - Sync 1 DAGs
[2025-04-21T17:48:14.471-0400] {logging_mixin.py:188} INFO - [2025-04-21T17:48:14.471-0400] {dag.py:3823} INFO - Setting next_dagrun for example_branch_labels to 2025-04-20 00:00:00+00:00, run_after=2025-04-21 00:00:00+00:00
[2025-04-21T17:48:14.480-0400] {processor.py:183} INFO - Processing /Users/gaurav/Documents/Breast-Cancer-ML-Pipeline/venv/lib/python3.9/site-packages/airflow/example_dags/example_branch_labels.py took 0.078 seconds
[2025-04-21T17:49:19.288-0400] {processor.py:161} INFO - Started process (PID=88765) to work on /Users/gaurav/Documents/Breast-Cancer-ML-Pipeline/venv/lib/python3.9/site-packages/airflow/example_dags/example_branch_labels.py
[2025-04-21T17:49:19.290-0400] {processor.py:830} INFO - Processing file /Users/gaurav/Documents/Breast-Cancer-ML-Pipeline/venv/lib/python3.9/site-packages/airflow/example_dags/example_branch_labels.py for tasks to queue
[2025-04-21T17:49:19.290-0400] {logging_mixin.py:188} INFO - [2025-04-21T17:49:19.290-0400] {dagbag.py:538} INFO - Filling up the DagBag from /Users/gaurav/Documents/Breast-Cancer-ML-Pipeline/venv/lib/python3.9/site-packages/airflow/example_dags/example_branch_labels.py
[2025-04-21T17:49:19.295-0400] {processor.py:840} INFO - DAG(s) 'example_branch_labels' retrieved from /Users/gaurav/Documents/Breast-Cancer-ML-Pipeline/venv/lib/python3.9/site-packages/airflow/example_dags/example_branch_labels.py
[2025-04-21T17:49:19.347-0400] {logging_mixin.py:188} INFO - [2025-04-21T17:49:19.347-0400] {dag.py:3036} INFO - Sync 1 DAGs
[2025-04-21T17:49:19.357-0400] {logging_mixin.py:188} INFO - [2025-04-21T17:49:19.357-0400] {dag.py:3823} INFO - Setting next_dagrun for example_branch_labels to 2025-04-20 00:00:00+00:00, run_after=2025-04-21 00:00:00+00:00
[2025-04-21T17:49:19.367-0400] {processor.py:183} INFO - Processing /Users/gaurav/Documents/Breast-Cancer-ML-Pipeline/venv/lib/python3.9/site-packages/airflow/example_dags/example_branch_labels.py took 0.080 seconds
[2025-04-21T17:50:29.873-0400] {processor.py:161} INFO - Started process (PID=88867) to work on /Users/gaurav/Documents/Breast-Cancer-ML-Pipeline/venv/lib/python3.9/site-packages/airflow/example_dags/example_branch_labels.py
[2025-04-21T17:50:29.875-0400] {processor.py:830} INFO - Processing file /Users/gaurav/Documents/Breast-Cancer-ML-Pipeline/venv/lib/python3.9/site-packages/airflow/example_dags/example_branch_labels.py for tasks to queue
[2025-04-21T17:50:29.875-0400] {logging_mixin.py:188} INFO - [2025-04-21T17:50:29.875-0400] {dagbag.py:538} INFO - Filling up the DagBag from /Users/gaurav/Documents/Breast-Cancer-ML-Pipeline/venv/lib/python3.9/site-packages/airflow/example_dags/example_branch_labels.py
[2025-04-21T17:50:29.880-0400] {processor.py:840} INFO - DAG(s) 'example_branch_labels' retrieved from /Users/gaurav/Documents/Breast-Cancer-ML-Pipeline/venv/lib/python3.9/site-packages/airflow/example_dags/example_branch_labels.py
[2025-04-21T17:50:29.934-0400] {logging_mixin.py:188} INFO - [2025-04-21T17:50:29.934-0400] {dag.py:3036} INFO - Sync 1 DAGs
[2025-04-21T17:50:29.945-0400] {logging_mixin.py:188} INFO - [2025-04-21T17:50:29.945-0400] {dag.py:3823} INFO - Setting next_dagrun for example_branch_labels to 2025-04-20 00:00:00+00:00, run_after=2025-04-21 00:00:00+00:00
[2025-04-21T17:50:29.956-0400] {processor.py:183} INFO - Processing /Users/gaurav/Documents/Breast-Cancer-ML-Pipeline/venv/lib/python3.9/site-packages/airflow/example_dags/example_branch_labels.py took 0.083 seconds
[2025-04-21T17:51:47.605-0400] {processor.py:161} INFO - Started process (PID=88975) to work on /Users/gaurav/Documents/Breast-Cancer-ML-Pipeline/venv/lib/python3.9/site-packages/airflow/example_dags/example_branch_labels.py
[2025-04-21T17:51:47.607-0400] {processor.py:830} INFO - Processing file /Users/gaurav/Documents/Breast-Cancer-ML-Pipeline/venv/lib/python3.9/site-packages/airflow/example_dags/example_branch_labels.py for tasks to queue
[2025-04-21T17:51:47.607-0400] {logging_mixin.py:188} INFO - [2025-04-21T17:51:47.607-0400] {dagbag.py:538} INFO - Filling up the DagBag from /Users/gaurav/Documents/Breast-Cancer-ML-Pipeline/venv/lib/python3.9/site-packages/airflow/example_dags/example_branch_labels.py
[2025-04-21T17:51:47.613-0400] {processor.py:840} INFO - DAG(s) 'example_branch_labels' retrieved from /Users/gaurav/Documents/Breast-Cancer-ML-Pipeline/venv/lib/python3.9/site-packages/airflow/example_dags/example_branch_labels.py
[2025-04-21T17:51:47.667-0400] {logging_mixin.py:188} INFO - [2025-04-21T17:51:47.666-0400] {dag.py:3036} INFO - Sync 1 DAGs
[2025-04-21T17:51:47.677-0400] {logging_mixin.py:188} INFO - [2025-04-21T17:51:47.677-0400] {dag.py:3823} INFO - Setting next_dagrun for example_branch_labels to 2025-04-20 00:00:00+00:00, run_after=2025-04-21 00:00:00+00:00
[2025-04-21T17:51:47.687-0400] {processor.py:183} INFO - Processing /Users/gaurav/Documents/Breast-Cancer-ML-Pipeline/venv/lib/python3.9/site-packages/airflow/example_dags/example_branch_labels.py took 0.083 seconds
[2025-04-21T17:53:06.456-0400] {processor.py:161} INFO - Started process (PID=89080) to work on /Users/gaurav/Documents/Breast-Cancer-ML-Pipeline/venv/lib/python3.9/site-packages/airflow/example_dags/example_branch_labels.py
[2025-04-21T17:53:06.458-0400] {processor.py:830} INFO - Processing file /Users/gaurav/Documents/Breast-Cancer-ML-Pipeline/venv/lib/python3.9/site-packages/airflow/example_dags/example_branch_labels.py for tasks to queue
[2025-04-21T17:53:06.458-0400] {logging_mixin.py:188} INFO - [2025-04-21T17:53:06.458-0400] {dagbag.py:538} INFO - Filling up the DagBag from /Users/gaurav/Documents/Breast-Cancer-ML-Pipeline/venv/lib/python3.9/site-packages/airflow/example_dags/example_branch_labels.py
[2025-04-21T17:53:06.463-0400] {processor.py:840} INFO - DAG(s) 'example_branch_labels' retrieved from /Users/gaurav/Documents/Breast-Cancer-ML-Pipeline/venv/lib/python3.9/site-packages/airflow/example_dags/example_branch_labels.py
[2025-04-21T17:53:06.517-0400] {logging_mixin.py:188} INFO - [2025-04-21T17:53:06.517-0400] {dag.py:3036} INFO - Sync 1 DAGs
[2025-04-21T17:53:06.527-0400] {logging_mixin.py:188} INFO - [2025-04-21T17:53:06.527-0400] {dag.py:3823} INFO - Setting next_dagrun for example_branch_labels to 2025-04-20 00:00:00+00:00, run_after=2025-04-21 00:00:00+00:00
[2025-04-21T17:53:06.537-0400] {processor.py:183} INFO - Processing /Users/gaurav/Documents/Breast-Cancer-ML-Pipeline/venv/lib/python3.9/site-packages/airflow/example_dags/example_branch_labels.py took 0.082 seconds
[2025-04-21T17:54:24.206-0400] {processor.py:161} INFO - Started process (PID=89192) to work on /Users/gaurav/Documents/Breast-Cancer-ML-Pipeline/venv/lib/python3.9/site-packages/airflow/example_dags/example_branch_labels.py
[2025-04-21T17:54:24.207-0400] {processor.py:830} INFO - Processing file /Users/gaurav/Documents/Breast-Cancer-ML-Pipeline/venv/lib/python3.9/site-packages/airflow/example_dags/example_branch_labels.py for tasks to queue
[2025-04-21T17:54:24.207-0400] {logging_mixin.py:188} INFO - [2025-04-21T17:54:24.207-0400] {dagbag.py:538} INFO - Filling up the DagBag from /Users/gaurav/Documents/Breast-Cancer-ML-Pipeline/venv/lib/python3.9/site-packages/airflow/example_dags/example_branch_labels.py
[2025-04-21T17:54:24.212-0400] {processor.py:840} INFO - DAG(s) 'example_branch_labels' retrieved from /Users/gaurav/Documents/Breast-Cancer-ML-Pipeline/venv/lib/python3.9/site-packages/airflow/example_dags/example_branch_labels.py
[2025-04-21T17:54:24.262-0400] {logging_mixin.py:188} INFO - [2025-04-21T17:54:24.261-0400] {dag.py:3036} INFO - Sync 1 DAGs
[2025-04-21T17:54:24.271-0400] {logging_mixin.py:188} INFO - [2025-04-21T17:54:24.271-0400] {dag.py:3823} INFO - Setting next_dagrun for example_branch_labels to 2025-04-20 00:00:00+00:00, run_after=2025-04-21 00:00:00+00:00
[2025-04-21T17:54:24.280-0400] {processor.py:183} INFO - Processing /Users/gaurav/Documents/Breast-Cancer-ML-Pipeline/venv/lib/python3.9/site-packages/airflow/example_dags/example_branch_labels.py took 0.075 seconds
