[2025-04-21T16:39:06.294-0400] {processor.py:161} INFO - Started process (PID=83539) to work on /Users/gaurav/Documents/Breast-Cancer-ML-Pipeline/venv/lib/python3.9/site-packages/airflow/example_dags/example_setup_teardown.py
[2025-04-21T16:39:06.296-0400] {processor.py:830} INFO - Processing file /Users/gaurav/Documents/Breast-Cancer-ML-Pipeline/venv/lib/python3.9/site-packages/airflow/example_dags/example_setup_teardown.py for tasks to queue
[2025-04-21T16:39:06.296-0400] {logging_mixin.py:188} INFO - [2025-04-21T16:39:06.296-0400] {dagbag.py:538} INFO - Filling up the DagBag from /Users/gaurav/Documents/Breast-Cancer-ML-Pipeline/venv/lib/python3.9/site-packages/airflow/example_dags/example_setup_teardown.py
[2025-04-21T16:39:06.302-0400] {processor.py:840} INFO - DAG(s) 'example_setup_teardown' retrieved from /Users/gaurav/Documents/Breast-Cancer-ML-Pipeline/venv/lib/python3.9/site-packages/airflow/example_dags/example_setup_teardown.py
[2025-04-21T16:39:06.428-0400] {logging_mixin.py:188} INFO - [2025-04-21T16:39:06.428-0400] {override.py:1769} INFO - Created Permission View: can read on DAG:example_setup_teardown
[2025-04-21T16:39:06.437-0400] {logging_mixin.py:188} INFO - [2025-04-21T16:39:06.437-0400] {override.py:1769} INFO - Created Permission View: can edit on DAG:example_setup_teardown
[2025-04-21T16:39:06.442-0400] {logging_mixin.py:188} INFO - [2025-04-21T16:39:06.441-0400] {override.py:1769} INFO - Created Permission View: can delete on DAG:example_setup_teardown
[2025-04-21T16:39:06.442-0400] {logging_mixin.py:188} INFO - [2025-04-21T16:39:06.442-0400] {dag.py:3036} INFO - Sync 1 DAGs
[2025-04-21T16:39:06.449-0400] {logging_mixin.py:188} INFO - [2025-04-21T16:39:06.449-0400] {dag.py:3058} INFO - Creating ORM DAG for example_setup_teardown
[2025-04-21T16:39:06.455-0400] {logging_mixin.py:188} INFO - [2025-04-21T16:39:06.455-0400] {dag.py:3823} INFO - Setting next_dagrun for example_setup_teardown to 2025-04-20 00:00:00+00:00, run_after=2025-04-21 00:00:00+00:00
[2025-04-21T16:39:06.469-0400] {processor.py:183} INFO - Processing /Users/gaurav/Documents/Breast-Cancer-ML-Pipeline/venv/lib/python3.9/site-packages/airflow/example_dags/example_setup_teardown.py took 0.176 seconds
[2025-04-21T16:40:58.731-0400] {processor.py:161} INFO - Started process (PID=83645) to work on /Users/gaurav/Documents/Breast-Cancer-ML-Pipeline/venv/lib/python3.9/site-packages/airflow/example_dags/example_setup_teardown.py
[2025-04-21T16:40:58.733-0400] {processor.py:830} INFO - Processing file /Users/gaurav/Documents/Breast-Cancer-ML-Pipeline/venv/lib/python3.9/site-packages/airflow/example_dags/example_setup_teardown.py for tasks to queue
[2025-04-21T16:40:58.734-0400] {logging_mixin.py:188} INFO - [2025-04-21T16:40:58.734-0400] {dagbag.py:538} INFO - Filling up the DagBag from /Users/gaurav/Documents/Breast-Cancer-ML-Pipeline/venv/lib/python3.9/site-packages/airflow/example_dags/example_setup_teardown.py
[2025-04-21T16:40:58.740-0400] {processor.py:840} INFO - DAG(s) 'example_setup_teardown' retrieved from /Users/gaurav/Documents/Breast-Cancer-ML-Pipeline/venv/lib/python3.9/site-packages/airflow/example_dags/example_setup_teardown.py
[2025-04-21T16:40:58.809-0400] {logging_mixin.py:188} INFO - [2025-04-21T16:40:58.809-0400] {dag.py:3036} INFO - Sync 1 DAGs
[2025-04-21T16:40:58.823-0400] {logging_mixin.py:188} INFO - [2025-04-21T16:40:58.823-0400] {dag.py:3823} INFO - Setting next_dagrun for example_setup_teardown to 2025-04-20 00:00:00+00:00, run_after=2025-04-21 00:00:00+00:00
[2025-04-21T16:40:58.836-0400] {processor.py:183} INFO - Processing /Users/gaurav/Documents/Breast-Cancer-ML-Pipeline/venv/lib/python3.9/site-packages/airflow/example_dags/example_setup_teardown.py took 0.105 seconds
[2025-04-21T16:43:41.004-0400] {processor.py:161} INFO - Started process (PID=83779) to work on /Users/gaurav/Documents/Breast-Cancer-ML-Pipeline/venv/lib/python3.9/site-packages/airflow/example_dags/example_setup_teardown.py
[2025-04-21T16:43:41.006-0400] {processor.py:830} INFO - Processing file /Users/gaurav/Documents/Breast-Cancer-ML-Pipeline/venv/lib/python3.9/site-packages/airflow/example_dags/example_setup_teardown.py for tasks to queue
[2025-04-21T16:43:41.006-0400] {logging_mixin.py:188} INFO - [2025-04-21T16:43:41.006-0400] {dagbag.py:538} INFO - Filling up the DagBag from /Users/gaurav/Documents/Breast-Cancer-ML-Pipeline/venv/lib/python3.9/site-packages/airflow/example_dags/example_setup_teardown.py
[2025-04-21T16:43:41.013-0400] {processor.py:840} INFO - DAG(s) 'example_setup_teardown' retrieved from /Users/gaurav/Documents/Breast-Cancer-ML-Pipeline/venv/lib/python3.9/site-packages/airflow/example_dags/example_setup_teardown.py
[2025-04-21T16:43:41.079-0400] {logging_mixin.py:188} INFO - [2025-04-21T16:43:41.079-0400] {dag.py:3036} INFO - Sync 1 DAGs
[2025-04-21T16:43:41.091-0400] {logging_mixin.py:188} INFO - [2025-04-21T16:43:41.091-0400] {dag.py:3823} INFO - Setting next_dagrun for example_setup_teardown to 2025-04-20 00:00:00+00:00, run_after=2025-04-21 00:00:00+00:00
[2025-04-21T16:43:41.102-0400] {processor.py:183} INFO - Processing /Users/gaurav/Documents/Breast-Cancer-ML-Pipeline/venv/lib/python3.9/site-packages/airflow/example_dags/example_setup_teardown.py took 0.099 seconds
[2025-04-21T16:46:59.144-0400] {processor.py:161} INFO - Started process (PID=84012) to work on /Users/gaurav/Documents/Breast-Cancer-ML-Pipeline/venv/lib/python3.9/site-packages/airflow/example_dags/example_setup_teardown.py
[2025-04-21T16:46:59.145-0400] {processor.py:830} INFO - Processing file /Users/gaurav/Documents/Breast-Cancer-ML-Pipeline/venv/lib/python3.9/site-packages/airflow/example_dags/example_setup_teardown.py for tasks to queue
[2025-04-21T16:46:59.146-0400] {logging_mixin.py:188} INFO - [2025-04-21T16:46:59.146-0400] {dagbag.py:538} INFO - Filling up the DagBag from /Users/gaurav/Documents/Breast-Cancer-ML-Pipeline/venv/lib/python3.9/site-packages/airflow/example_dags/example_setup_teardown.py
[2025-04-21T16:46:59.152-0400] {processor.py:840} INFO - DAG(s) 'example_setup_teardown' retrieved from /Users/gaurav/Documents/Breast-Cancer-ML-Pipeline/venv/lib/python3.9/site-packages/airflow/example_dags/example_setup_teardown.py
[2025-04-21T16:46:59.221-0400] {logging_mixin.py:188} INFO - [2025-04-21T16:46:59.221-0400] {dag.py:3036} INFO - Sync 1 DAGs
[2025-04-21T16:46:59.234-0400] {logging_mixin.py:188} INFO - [2025-04-21T16:46:59.234-0400] {dag.py:3823} INFO - Setting next_dagrun for example_setup_teardown to 2025-04-20 00:00:00+00:00, run_after=2025-04-21 00:00:00+00:00
[2025-04-21T16:46:59.247-0400] {processor.py:183} INFO - Processing /Users/gaurav/Documents/Breast-Cancer-ML-Pipeline/venv/lib/python3.9/site-packages/airflow/example_dags/example_setup_teardown.py took 0.105 seconds
[2025-04-21T16:48:13.151-0400] {processor.py:161} INFO - Started process (PID=84096) to work on /Users/gaurav/Documents/Breast-Cancer-ML-Pipeline/venv/lib/python3.9/site-packages/airflow/example_dags/example_setup_teardown.py
[2025-04-21T16:48:13.153-0400] {processor.py:830} INFO - Processing file /Users/gaurav/Documents/Breast-Cancer-ML-Pipeline/venv/lib/python3.9/site-packages/airflow/example_dags/example_setup_teardown.py for tasks to queue
[2025-04-21T16:48:13.154-0400] {logging_mixin.py:188} INFO - [2025-04-21T16:48:13.154-0400] {dagbag.py:538} INFO - Filling up the DagBag from /Users/gaurav/Documents/Breast-Cancer-ML-Pipeline/venv/lib/python3.9/site-packages/airflow/example_dags/example_setup_teardown.py
[2025-04-21T16:48:13.159-0400] {processor.py:840} INFO - DAG(s) 'example_setup_teardown' retrieved from /Users/gaurav/Documents/Breast-Cancer-ML-Pipeline/venv/lib/python3.9/site-packages/airflow/example_dags/example_setup_teardown.py
[2025-04-21T16:48:13.223-0400] {logging_mixin.py:188} INFO - [2025-04-21T16:48:13.223-0400] {dag.py:3036} INFO - Sync 1 DAGs
[2025-04-21T16:48:13.235-0400] {logging_mixin.py:188} INFO - [2025-04-21T16:48:13.235-0400] {dag.py:3823} INFO - Setting next_dagrun for example_setup_teardown to 2025-04-20 00:00:00+00:00, run_after=2025-04-21 00:00:00+00:00
[2025-04-21T16:48:13.246-0400] {processor.py:183} INFO - Processing /Users/gaurav/Documents/Breast-Cancer-ML-Pipeline/venv/lib/python3.9/site-packages/airflow/example_dags/example_setup_teardown.py took 0.096 seconds
[2025-04-21T16:49:24.445-0400] {processor.py:161} INFO - Started process (PID=84182) to work on /Users/gaurav/Documents/Breast-Cancer-ML-Pipeline/venv/lib/python3.9/site-packages/airflow/example_dags/example_setup_teardown.py
[2025-04-21T16:49:24.446-0400] {processor.py:830} INFO - Processing file /Users/gaurav/Documents/Breast-Cancer-ML-Pipeline/venv/lib/python3.9/site-packages/airflow/example_dags/example_setup_teardown.py for tasks to queue
[2025-04-21T16:49:24.447-0400] {logging_mixin.py:188} INFO - [2025-04-21T16:49:24.446-0400] {dagbag.py:538} INFO - Filling up the DagBag from /Users/gaurav/Documents/Breast-Cancer-ML-Pipeline/venv/lib/python3.9/site-packages/airflow/example_dags/example_setup_teardown.py
[2025-04-21T16:49:24.452-0400] {processor.py:840} INFO - DAG(s) 'example_setup_teardown' retrieved from /Users/gaurav/Documents/Breast-Cancer-ML-Pipeline/venv/lib/python3.9/site-packages/airflow/example_dags/example_setup_teardown.py
[2025-04-21T16:49:24.520-0400] {logging_mixin.py:188} INFO - [2025-04-21T16:49:24.520-0400] {dag.py:3036} INFO - Sync 1 DAGs
[2025-04-21T16:49:24.532-0400] {logging_mixin.py:188} INFO - [2025-04-21T16:49:24.532-0400] {dag.py:3823} INFO - Setting next_dagrun for example_setup_teardown to 2025-04-20 00:00:00+00:00, run_after=2025-04-21 00:00:00+00:00
[2025-04-21T16:49:24.545-0400] {processor.py:183} INFO - Processing /Users/gaurav/Documents/Breast-Cancer-ML-Pipeline/venv/lib/python3.9/site-packages/airflow/example_dags/example_setup_teardown.py took 0.101 seconds
[2025-04-21T16:50:38.677-0400] {processor.py:161} INFO - Started process (PID=84263) to work on /Users/gaurav/Documents/Breast-Cancer-ML-Pipeline/venv/lib/python3.9/site-packages/airflow/example_dags/example_setup_teardown.py
[2025-04-21T16:50:38.679-0400] {processor.py:830} INFO - Processing file /Users/gaurav/Documents/Breast-Cancer-ML-Pipeline/venv/lib/python3.9/site-packages/airflow/example_dags/example_setup_teardown.py for tasks to queue
[2025-04-21T16:50:38.679-0400] {logging_mixin.py:188} INFO - [2025-04-21T16:50:38.679-0400] {dagbag.py:538} INFO - Filling up the DagBag from /Users/gaurav/Documents/Breast-Cancer-ML-Pipeline/venv/lib/python3.9/site-packages/airflow/example_dags/example_setup_teardown.py
[2025-04-21T16:50:38.684-0400] {processor.py:840} INFO - DAG(s) 'example_setup_teardown' retrieved from /Users/gaurav/Documents/Breast-Cancer-ML-Pipeline/venv/lib/python3.9/site-packages/airflow/example_dags/example_setup_teardown.py
[2025-04-21T16:50:38.752-0400] {logging_mixin.py:188} INFO - [2025-04-21T16:50:38.752-0400] {dag.py:3036} INFO - Sync 1 DAGs
[2025-04-21T16:50:38.764-0400] {logging_mixin.py:188} INFO - [2025-04-21T16:50:38.763-0400] {dag.py:3823} INFO - Setting next_dagrun for example_setup_teardown to 2025-04-20 00:00:00+00:00, run_after=2025-04-21 00:00:00+00:00
[2025-04-21T16:50:38.776-0400] {processor.py:183} INFO - Processing /Users/gaurav/Documents/Breast-Cancer-ML-Pipeline/venv/lib/python3.9/site-packages/airflow/example_dags/example_setup_teardown.py took 0.099 seconds
[2025-04-21T16:52:02.265-0400] {processor.py:161} INFO - Started process (PID=84356) to work on /Users/gaurav/Documents/Breast-Cancer-ML-Pipeline/venv/lib/python3.9/site-packages/airflow/example_dags/example_setup_teardown.py
[2025-04-21T16:52:02.267-0400] {processor.py:830} INFO - Processing file /Users/gaurav/Documents/Breast-Cancer-ML-Pipeline/venv/lib/python3.9/site-packages/airflow/example_dags/example_setup_teardown.py for tasks to queue
[2025-04-21T16:52:02.268-0400] {logging_mixin.py:188} INFO - [2025-04-21T16:52:02.268-0400] {dagbag.py:538} INFO - Filling up the DagBag from /Users/gaurav/Documents/Breast-Cancer-ML-Pipeline/venv/lib/python3.9/site-packages/airflow/example_dags/example_setup_teardown.py
[2025-04-21T16:52:02.274-0400] {processor.py:840} INFO - DAG(s) 'example_setup_teardown' retrieved from /Users/gaurav/Documents/Breast-Cancer-ML-Pipeline/venv/lib/python3.9/site-packages/airflow/example_dags/example_setup_teardown.py
[2025-04-21T16:52:02.339-0400] {logging_mixin.py:188} INFO - [2025-04-21T16:52:02.339-0400] {dag.py:3036} INFO - Sync 1 DAGs
[2025-04-21T16:52:02.351-0400] {logging_mixin.py:188} INFO - [2025-04-21T16:52:02.351-0400] {dag.py:3823} INFO - Setting next_dagrun for example_setup_teardown to 2025-04-20 00:00:00+00:00, run_after=2025-04-21 00:00:00+00:00
[2025-04-21T16:52:02.363-0400] {processor.py:183} INFO - Processing /Users/gaurav/Documents/Breast-Cancer-ML-Pipeline/venv/lib/python3.9/site-packages/airflow/example_dags/example_setup_teardown.py took 0.099 seconds
[2025-04-21T16:53:24.043-0400] {processor.py:161} INFO - Started process (PID=84456) to work on /Users/gaurav/Documents/Breast-Cancer-ML-Pipeline/venv/lib/python3.9/site-packages/airflow/example_dags/example_setup_teardown.py
[2025-04-21T16:53:24.044-0400] {processor.py:830} INFO - Processing file /Users/gaurav/Documents/Breast-Cancer-ML-Pipeline/venv/lib/python3.9/site-packages/airflow/example_dags/example_setup_teardown.py for tasks to queue
[2025-04-21T16:53:24.045-0400] {logging_mixin.py:188} INFO - [2025-04-21T16:53:24.045-0400] {dagbag.py:538} INFO - Filling up the DagBag from /Users/gaurav/Documents/Breast-Cancer-ML-Pipeline/venv/lib/python3.9/site-packages/airflow/example_dags/example_setup_teardown.py
[2025-04-21T16:53:24.050-0400] {processor.py:840} INFO - DAG(s) 'example_setup_teardown' retrieved from /Users/gaurav/Documents/Breast-Cancer-ML-Pipeline/venv/lib/python3.9/site-packages/airflow/example_dags/example_setup_teardown.py
[2025-04-21T16:53:24.119-0400] {logging_mixin.py:188} INFO - [2025-04-21T16:53:24.119-0400] {dag.py:3036} INFO - Sync 1 DAGs
[2025-04-21T16:53:24.131-0400] {logging_mixin.py:188} INFO - [2025-04-21T16:53:24.131-0400] {dag.py:3823} INFO - Setting next_dagrun for example_setup_teardown to 2025-04-20 00:00:00+00:00, run_after=2025-04-21 00:00:00+00:00
[2025-04-21T16:53:24.143-0400] {processor.py:183} INFO - Processing /Users/gaurav/Documents/Breast-Cancer-ML-Pipeline/venv/lib/python3.9/site-packages/airflow/example_dags/example_setup_teardown.py took 0.100 seconds
[2025-04-21T16:56:28.487-0400] {processor.py:161} INFO - Started process (PID=84687) to work on /Users/gaurav/Documents/Breast-Cancer-ML-Pipeline/venv/lib/python3.9/site-packages/airflow/example_dags/example_setup_teardown.py
[2025-04-21T16:56:28.488-0400] {processor.py:830} INFO - Processing file /Users/gaurav/Documents/Breast-Cancer-ML-Pipeline/venv/lib/python3.9/site-packages/airflow/example_dags/example_setup_teardown.py for tasks to queue
[2025-04-21T16:56:28.489-0400] {logging_mixin.py:188} INFO - [2025-04-21T16:56:28.489-0400] {dagbag.py:538} INFO - Filling up the DagBag from /Users/gaurav/Documents/Breast-Cancer-ML-Pipeline/venv/lib/python3.9/site-packages/airflow/example_dags/example_setup_teardown.py
[2025-04-21T16:56:28.494-0400] {processor.py:840} INFO - DAG(s) 'example_setup_teardown' retrieved from /Users/gaurav/Documents/Breast-Cancer-ML-Pipeline/venv/lib/python3.9/site-packages/airflow/example_dags/example_setup_teardown.py
[2025-04-21T16:56:28.611-0400] {logging_mixin.py:188} INFO - [2025-04-21T16:56:28.611-0400] {dag.py:3036} INFO - Sync 1 DAGs
[2025-04-21T16:56:28.622-0400] {logging_mixin.py:188} INFO - [2025-04-21T16:56:28.622-0400] {dag.py:3823} INFO - Setting next_dagrun for example_setup_teardown to 2025-04-20 00:00:00+00:00, run_after=2025-04-21 00:00:00+00:00
[2025-04-21T16:56:28.635-0400] {processor.py:183} INFO - Processing /Users/gaurav/Documents/Breast-Cancer-ML-Pipeline/venv/lib/python3.9/site-packages/airflow/example_dags/example_setup_teardown.py took 0.150 seconds
[2025-04-21T16:57:40.789-0400] {processor.py:161} INFO - Started process (PID=84788) to work on /Users/gaurav/Documents/Breast-Cancer-ML-Pipeline/venv/lib/python3.9/site-packages/airflow/example_dags/example_setup_teardown.py
[2025-04-21T16:57:40.790-0400] {processor.py:830} INFO - Processing file /Users/gaurav/Documents/Breast-Cancer-ML-Pipeline/venv/lib/python3.9/site-packages/airflow/example_dags/example_setup_teardown.py for tasks to queue
[2025-04-21T16:57:40.791-0400] {logging_mixin.py:188} INFO - [2025-04-21T16:57:40.791-0400] {dagbag.py:538} INFO - Filling up the DagBag from /Users/gaurav/Documents/Breast-Cancer-ML-Pipeline/venv/lib/python3.9/site-packages/airflow/example_dags/example_setup_teardown.py
[2025-04-21T16:57:40.798-0400] {processor.py:840} INFO - DAG(s) 'example_setup_teardown' retrieved from /Users/gaurav/Documents/Breast-Cancer-ML-Pipeline/venv/lib/python3.9/site-packages/airflow/example_dags/example_setup_teardown.py
[2025-04-21T16:57:40.867-0400] {logging_mixin.py:188} INFO - [2025-04-21T16:57:40.867-0400] {dag.py:3036} INFO - Sync 1 DAGs
[2025-04-21T16:57:40.879-0400] {logging_mixin.py:188} INFO - [2025-04-21T16:57:40.879-0400] {dag.py:3823} INFO - Setting next_dagrun for example_setup_teardown to 2025-04-20 00:00:00+00:00, run_after=2025-04-21 00:00:00+00:00
[2025-04-21T16:57:40.891-0400] {processor.py:183} INFO - Processing /Users/gaurav/Documents/Breast-Cancer-ML-Pipeline/venv/lib/python3.9/site-packages/airflow/example_dags/example_setup_teardown.py took 0.102 seconds
[2025-04-21T16:59:01.753-0400] {processor.py:161} INFO - Started process (PID=84885) to work on /Users/gaurav/Documents/Breast-Cancer-ML-Pipeline/venv/lib/python3.9/site-packages/airflow/example_dags/example_setup_teardown.py
[2025-04-21T16:59:01.754-0400] {processor.py:830} INFO - Processing file /Users/gaurav/Documents/Breast-Cancer-ML-Pipeline/venv/lib/python3.9/site-packages/airflow/example_dags/example_setup_teardown.py for tasks to queue
[2025-04-21T16:59:01.755-0400] {logging_mixin.py:188} INFO - [2025-04-21T16:59:01.755-0400] {dagbag.py:538} INFO - Filling up the DagBag from /Users/gaurav/Documents/Breast-Cancer-ML-Pipeline/venv/lib/python3.9/site-packages/airflow/example_dags/example_setup_teardown.py
[2025-04-21T16:59:01.761-0400] {processor.py:840} INFO - DAG(s) 'example_setup_teardown' retrieved from /Users/gaurav/Documents/Breast-Cancer-ML-Pipeline/venv/lib/python3.9/site-packages/airflow/example_dags/example_setup_teardown.py
[2025-04-21T16:59:01.833-0400] {logging_mixin.py:188} INFO - [2025-04-21T16:59:01.833-0400] {dag.py:3036} INFO - Sync 1 DAGs
[2025-04-21T16:59:01.847-0400] {logging_mixin.py:188} INFO - [2025-04-21T16:59:01.846-0400] {dag.py:3823} INFO - Setting next_dagrun for example_setup_teardown to 2025-04-20 00:00:00+00:00, run_after=2025-04-21 00:00:00+00:00
[2025-04-21T16:59:01.860-0400] {processor.py:183} INFO - Processing /Users/gaurav/Documents/Breast-Cancer-ML-Pipeline/venv/lib/python3.9/site-packages/airflow/example_dags/example_setup_teardown.py took 0.109 seconds
[2025-04-21T17:00:18.472-0400] {processor.py:161} INFO - Started process (PID=84974) to work on /Users/gaurav/Documents/Breast-Cancer-ML-Pipeline/venv/lib/python3.9/site-packages/airflow/example_dags/example_setup_teardown.py
[2025-04-21T17:00:18.474-0400] {processor.py:830} INFO - Processing file /Users/gaurav/Documents/Breast-Cancer-ML-Pipeline/venv/lib/python3.9/site-packages/airflow/example_dags/example_setup_teardown.py for tasks to queue
[2025-04-21T17:00:18.474-0400] {logging_mixin.py:188} INFO - [2025-04-21T17:00:18.474-0400] {dagbag.py:538} INFO - Filling up the DagBag from /Users/gaurav/Documents/Breast-Cancer-ML-Pipeline/venv/lib/python3.9/site-packages/airflow/example_dags/example_setup_teardown.py
[2025-04-21T17:00:18.479-0400] {processor.py:840} INFO - DAG(s) 'example_setup_teardown' retrieved from /Users/gaurav/Documents/Breast-Cancer-ML-Pipeline/venv/lib/python3.9/site-packages/airflow/example_dags/example_setup_teardown.py
[2025-04-21T17:00:18.545-0400] {logging_mixin.py:188} INFO - [2025-04-21T17:00:18.545-0400] {dag.py:3036} INFO - Sync 1 DAGs
[2025-04-21T17:00:18.558-0400] {logging_mixin.py:188} INFO - [2025-04-21T17:00:18.558-0400] {dag.py:3823} INFO - Setting next_dagrun for example_setup_teardown to 2025-04-20 00:00:00+00:00, run_after=2025-04-21 00:00:00+00:00
[2025-04-21T17:00:18.571-0400] {processor.py:183} INFO - Processing /Users/gaurav/Documents/Breast-Cancer-ML-Pipeline/venv/lib/python3.9/site-packages/airflow/example_dags/example_setup_teardown.py took 0.100 seconds
[2025-04-21T17:01:35.217-0400] {processor.py:161} INFO - Started process (PID=85073) to work on /Users/gaurav/Documents/Breast-Cancer-ML-Pipeline/venv/lib/python3.9/site-packages/airflow/example_dags/example_setup_teardown.py
[2025-04-21T17:01:35.218-0400] {processor.py:830} INFO - Processing file /Users/gaurav/Documents/Breast-Cancer-ML-Pipeline/venv/lib/python3.9/site-packages/airflow/example_dags/example_setup_teardown.py for tasks to queue
[2025-04-21T17:01:35.218-0400] {logging_mixin.py:188} INFO - [2025-04-21T17:01:35.218-0400] {dagbag.py:538} INFO - Filling up the DagBag from /Users/gaurav/Documents/Breast-Cancer-ML-Pipeline/venv/lib/python3.9/site-packages/airflow/example_dags/example_setup_teardown.py
[2025-04-21T17:01:35.223-0400] {processor.py:840} INFO - DAG(s) 'example_setup_teardown' retrieved from /Users/gaurav/Documents/Breast-Cancer-ML-Pipeline/venv/lib/python3.9/site-packages/airflow/example_dags/example_setup_teardown.py
[2025-04-21T17:01:35.288-0400] {logging_mixin.py:188} INFO - [2025-04-21T17:01:35.288-0400] {dag.py:3036} INFO - Sync 1 DAGs
[2025-04-21T17:01:35.300-0400] {logging_mixin.py:188} INFO - [2025-04-21T17:01:35.300-0400] {dag.py:3823} INFO - Setting next_dagrun for example_setup_teardown to 2025-04-20 00:00:00+00:00, run_after=2025-04-21 00:00:00+00:00
[2025-04-21T17:01:35.311-0400] {processor.py:183} INFO - Processing /Users/gaurav/Documents/Breast-Cancer-ML-Pipeline/venv/lib/python3.9/site-packages/airflow/example_dags/example_setup_teardown.py took 0.096 seconds
[2025-04-21T17:02:57.135-0400] {processor.py:161} INFO - Started process (PID=85159) to work on /Users/gaurav/Documents/Breast-Cancer-ML-Pipeline/venv/lib/python3.9/site-packages/airflow/example_dags/example_setup_teardown.py
[2025-04-21T17:02:57.136-0400] {processor.py:830} INFO - Processing file /Users/gaurav/Documents/Breast-Cancer-ML-Pipeline/venv/lib/python3.9/site-packages/airflow/example_dags/example_setup_teardown.py for tasks to queue
[2025-04-21T17:02:57.137-0400] {logging_mixin.py:188} INFO - [2025-04-21T17:02:57.137-0400] {dagbag.py:538} INFO - Filling up the DagBag from /Users/gaurav/Documents/Breast-Cancer-ML-Pipeline/venv/lib/python3.9/site-packages/airflow/example_dags/example_setup_teardown.py
[2025-04-21T17:02:57.142-0400] {processor.py:840} INFO - DAG(s) 'example_setup_teardown' retrieved from /Users/gaurav/Documents/Breast-Cancer-ML-Pipeline/venv/lib/python3.9/site-packages/airflow/example_dags/example_setup_teardown.py
[2025-04-21T17:02:57.213-0400] {logging_mixin.py:188} INFO - [2025-04-21T17:02:57.213-0400] {dag.py:3036} INFO - Sync 1 DAGs
[2025-04-21T17:02:57.226-0400] {logging_mixin.py:188} INFO - [2025-04-21T17:02:57.226-0400] {dag.py:3823} INFO - Setting next_dagrun for example_setup_teardown to 2025-04-20 00:00:00+00:00, run_after=2025-04-21 00:00:00+00:00
[2025-04-21T17:02:57.239-0400] {processor.py:183} INFO - Processing /Users/gaurav/Documents/Breast-Cancer-ML-Pipeline/venv/lib/python3.9/site-packages/airflow/example_dags/example_setup_teardown.py took 0.105 seconds
[2025-04-21T17:04:13.642-0400] {processor.py:161} INFO - Started process (PID=85268) to work on /Users/gaurav/Documents/Breast-Cancer-ML-Pipeline/venv/lib/python3.9/site-packages/airflow/example_dags/example_setup_teardown.py
[2025-04-21T17:04:13.644-0400] {processor.py:830} INFO - Processing file /Users/gaurav/Documents/Breast-Cancer-ML-Pipeline/venv/lib/python3.9/site-packages/airflow/example_dags/example_setup_teardown.py for tasks to queue
[2025-04-21T17:04:13.644-0400] {logging_mixin.py:188} INFO - [2025-04-21T17:04:13.644-0400] {dagbag.py:538} INFO - Filling up the DagBag from /Users/gaurav/Documents/Breast-Cancer-ML-Pipeline/venv/lib/python3.9/site-packages/airflow/example_dags/example_setup_teardown.py
[2025-04-21T17:04:13.650-0400] {processor.py:840} INFO - DAG(s) 'example_setup_teardown' retrieved from /Users/gaurav/Documents/Breast-Cancer-ML-Pipeline/venv/lib/python3.9/site-packages/airflow/example_dags/example_setup_teardown.py
[2025-04-21T17:04:13.714-0400] {logging_mixin.py:188} INFO - [2025-04-21T17:04:13.714-0400] {dag.py:3036} INFO - Sync 1 DAGs
[2025-04-21T17:04:13.726-0400] {logging_mixin.py:188} INFO - [2025-04-21T17:04:13.726-0400] {dag.py:3823} INFO - Setting next_dagrun for example_setup_teardown to 2025-04-20 00:00:00+00:00, run_after=2025-04-21 00:00:00+00:00
[2025-04-21T17:04:13.738-0400] {processor.py:183} INFO - Processing /Users/gaurav/Documents/Breast-Cancer-ML-Pipeline/venv/lib/python3.9/site-packages/airflow/example_dags/example_setup_teardown.py took 0.097 seconds
[2025-04-21T17:05:23.976-0400] {processor.py:161} INFO - Started process (PID=85345) to work on /Users/gaurav/Documents/Breast-Cancer-ML-Pipeline/venv/lib/python3.9/site-packages/airflow/example_dags/example_setup_teardown.py
[2025-04-21T17:05:23.977-0400] {processor.py:830} INFO - Processing file /Users/gaurav/Documents/Breast-Cancer-ML-Pipeline/venv/lib/python3.9/site-packages/airflow/example_dags/example_setup_teardown.py for tasks to queue
[2025-04-21T17:05:23.978-0400] {logging_mixin.py:188} INFO - [2025-04-21T17:05:23.978-0400] {dagbag.py:538} INFO - Filling up the DagBag from /Users/gaurav/Documents/Breast-Cancer-ML-Pipeline/venv/lib/python3.9/site-packages/airflow/example_dags/example_setup_teardown.py
[2025-04-21T17:05:23.983-0400] {processor.py:840} INFO - DAG(s) 'example_setup_teardown' retrieved from /Users/gaurav/Documents/Breast-Cancer-ML-Pipeline/venv/lib/python3.9/site-packages/airflow/example_dags/example_setup_teardown.py
[2025-04-21T17:05:24.049-0400] {logging_mixin.py:188} INFO - [2025-04-21T17:05:24.049-0400] {dag.py:3036} INFO - Sync 1 DAGs
[2025-04-21T17:05:24.061-0400] {logging_mixin.py:188} INFO - [2025-04-21T17:05:24.061-0400] {dag.py:3823} INFO - Setting next_dagrun for example_setup_teardown to 2025-04-20 00:00:00+00:00, run_after=2025-04-21 00:00:00+00:00
[2025-04-21T17:05:24.073-0400] {processor.py:183} INFO - Processing /Users/gaurav/Documents/Breast-Cancer-ML-Pipeline/venv/lib/python3.9/site-packages/airflow/example_dags/example_setup_teardown.py took 0.098 seconds
[2025-04-21T17:06:35.104-0400] {processor.py:161} INFO - Started process (PID=85437) to work on /Users/gaurav/Documents/Breast-Cancer-ML-Pipeline/venv/lib/python3.9/site-packages/airflow/example_dags/example_setup_teardown.py
[2025-04-21T17:06:35.106-0400] {processor.py:830} INFO - Processing file /Users/gaurav/Documents/Breast-Cancer-ML-Pipeline/venv/lib/python3.9/site-packages/airflow/example_dags/example_setup_teardown.py for tasks to queue
[2025-04-21T17:06:35.106-0400] {logging_mixin.py:188} INFO - [2025-04-21T17:06:35.106-0400] {dagbag.py:538} INFO - Filling up the DagBag from /Users/gaurav/Documents/Breast-Cancer-ML-Pipeline/venv/lib/python3.9/site-packages/airflow/example_dags/example_setup_teardown.py
[2025-04-21T17:06:35.112-0400] {processor.py:840} INFO - DAG(s) 'example_setup_teardown' retrieved from /Users/gaurav/Documents/Breast-Cancer-ML-Pipeline/venv/lib/python3.9/site-packages/airflow/example_dags/example_setup_teardown.py
[2025-04-21T17:06:35.176-0400] {logging_mixin.py:188} INFO - [2025-04-21T17:06:35.176-0400] {dag.py:3036} INFO - Sync 1 DAGs
[2025-04-21T17:06:35.188-0400] {logging_mixin.py:188} INFO - [2025-04-21T17:06:35.188-0400] {dag.py:3823} INFO - Setting next_dagrun for example_setup_teardown to 2025-04-20 00:00:00+00:00, run_after=2025-04-21 00:00:00+00:00
[2025-04-21T17:06:35.200-0400] {processor.py:183} INFO - Processing /Users/gaurav/Documents/Breast-Cancer-ML-Pipeline/venv/lib/python3.9/site-packages/airflow/example_dags/example_setup_teardown.py took 0.096 seconds
[2025-04-21T17:07:46.922-0400] {processor.py:161} INFO - Started process (PID=85516) to work on /Users/gaurav/Documents/Breast-Cancer-ML-Pipeline/venv/lib/python3.9/site-packages/airflow/example_dags/example_setup_teardown.py
[2025-04-21T17:07:46.924-0400] {processor.py:830} INFO - Processing file /Users/gaurav/Documents/Breast-Cancer-ML-Pipeline/venv/lib/python3.9/site-packages/airflow/example_dags/example_setup_teardown.py for tasks to queue
[2025-04-21T17:07:46.924-0400] {logging_mixin.py:188} INFO - [2025-04-21T17:07:46.924-0400] {dagbag.py:538} INFO - Filling up the DagBag from /Users/gaurav/Documents/Breast-Cancer-ML-Pipeline/venv/lib/python3.9/site-packages/airflow/example_dags/example_setup_teardown.py
[2025-04-21T17:07:46.930-0400] {processor.py:840} INFO - DAG(s) 'example_setup_teardown' retrieved from /Users/gaurav/Documents/Breast-Cancer-ML-Pipeline/venv/lib/python3.9/site-packages/airflow/example_dags/example_setup_teardown.py
[2025-04-21T17:07:46.996-0400] {logging_mixin.py:188} INFO - [2025-04-21T17:07:46.996-0400] {dag.py:3036} INFO - Sync 1 DAGs
[2025-04-21T17:07:47.008-0400] {logging_mixin.py:188} INFO - [2025-04-21T17:07:47.008-0400] {dag.py:3823} INFO - Setting next_dagrun for example_setup_teardown to 2025-04-20 00:00:00+00:00, run_after=2025-04-21 00:00:00+00:00
[2025-04-21T17:07:47.020-0400] {processor.py:183} INFO - Processing /Users/gaurav/Documents/Breast-Cancer-ML-Pipeline/venv/lib/python3.9/site-packages/airflow/example_dags/example_setup_teardown.py took 0.100 seconds
[2025-04-21T17:09:01.880-0400] {processor.py:161} INFO - Started process (PID=85597) to work on /Users/gaurav/Documents/Breast-Cancer-ML-Pipeline/venv/lib/python3.9/site-packages/airflow/example_dags/example_setup_teardown.py
[2025-04-21T17:09:01.882-0400] {processor.py:830} INFO - Processing file /Users/gaurav/Documents/Breast-Cancer-ML-Pipeline/venv/lib/python3.9/site-packages/airflow/example_dags/example_setup_teardown.py for tasks to queue
[2025-04-21T17:09:01.883-0400] {logging_mixin.py:188} INFO - [2025-04-21T17:09:01.883-0400] {dagbag.py:538} INFO - Filling up the DagBag from /Users/gaurav/Documents/Breast-Cancer-ML-Pipeline/venv/lib/python3.9/site-packages/airflow/example_dags/example_setup_teardown.py
[2025-04-21T17:09:01.889-0400] {processor.py:840} INFO - DAG(s) 'example_setup_teardown' retrieved from /Users/gaurav/Documents/Breast-Cancer-ML-Pipeline/venv/lib/python3.9/site-packages/airflow/example_dags/example_setup_teardown.py
[2025-04-21T17:09:01.956-0400] {logging_mixin.py:188} INFO - [2025-04-21T17:09:01.956-0400] {dag.py:3036} INFO - Sync 1 DAGs
[2025-04-21T17:09:01.968-0400] {logging_mixin.py:188} INFO - [2025-04-21T17:09:01.968-0400] {dag.py:3823} INFO - Setting next_dagrun for example_setup_teardown to 2025-04-20 00:00:00+00:00, run_after=2025-04-21 00:00:00+00:00
[2025-04-21T17:09:01.981-0400] {processor.py:183} INFO - Processing /Users/gaurav/Documents/Breast-Cancer-ML-Pipeline/venv/lib/python3.9/site-packages/airflow/example_dags/example_setup_teardown.py took 0.102 seconds
[2025-04-21T17:10:13.915-0400] {processor.py:161} INFO - Started process (PID=85674) to work on /Users/gaurav/Documents/Breast-Cancer-ML-Pipeline/venv/lib/python3.9/site-packages/airflow/example_dags/example_setup_teardown.py
[2025-04-21T17:10:13.916-0400] {processor.py:830} INFO - Processing file /Users/gaurav/Documents/Breast-Cancer-ML-Pipeline/venv/lib/python3.9/site-packages/airflow/example_dags/example_setup_teardown.py for tasks to queue
[2025-04-21T17:10:13.916-0400] {logging_mixin.py:188} INFO - [2025-04-21T17:10:13.916-0400] {dagbag.py:538} INFO - Filling up the DagBag from /Users/gaurav/Documents/Breast-Cancer-ML-Pipeline/venv/lib/python3.9/site-packages/airflow/example_dags/example_setup_teardown.py
[2025-04-21T17:10:13.922-0400] {processor.py:840} INFO - DAG(s) 'example_setup_teardown' retrieved from /Users/gaurav/Documents/Breast-Cancer-ML-Pipeline/venv/lib/python3.9/site-packages/airflow/example_dags/example_setup_teardown.py
[2025-04-21T17:10:13.987-0400] {logging_mixin.py:188} INFO - [2025-04-21T17:10:13.987-0400] {dag.py:3036} INFO - Sync 1 DAGs
[2025-04-21T17:10:13.999-0400] {logging_mixin.py:188} INFO - [2025-04-21T17:10:13.999-0400] {dag.py:3823} INFO - Setting next_dagrun for example_setup_teardown to 2025-04-20 00:00:00+00:00, run_after=2025-04-21 00:00:00+00:00
[2025-04-21T17:10:14.011-0400] {processor.py:183} INFO - Processing /Users/gaurav/Documents/Breast-Cancer-ML-Pipeline/venv/lib/python3.9/site-packages/airflow/example_dags/example_setup_teardown.py took 0.097 seconds
[2025-04-21T17:11:28.664-0400] {processor.py:161} INFO - Started process (PID=85758) to work on /Users/gaurav/Documents/Breast-Cancer-ML-Pipeline/venv/lib/python3.9/site-packages/airflow/example_dags/example_setup_teardown.py
[2025-04-21T17:11:28.667-0400] {processor.py:830} INFO - Processing file /Users/gaurav/Documents/Breast-Cancer-ML-Pipeline/venv/lib/python3.9/site-packages/airflow/example_dags/example_setup_teardown.py for tasks to queue
[2025-04-21T17:11:28.667-0400] {logging_mixin.py:188} INFO - [2025-04-21T17:11:28.667-0400] {dagbag.py:538} INFO - Filling up the DagBag from /Users/gaurav/Documents/Breast-Cancer-ML-Pipeline/venv/lib/python3.9/site-packages/airflow/example_dags/example_setup_teardown.py
[2025-04-21T17:11:28.673-0400] {processor.py:840} INFO - DAG(s) 'example_setup_teardown' retrieved from /Users/gaurav/Documents/Breast-Cancer-ML-Pipeline/venv/lib/python3.9/site-packages/airflow/example_dags/example_setup_teardown.py
[2025-04-21T17:11:28.738-0400] {logging_mixin.py:188} INFO - [2025-04-21T17:11:28.737-0400] {dag.py:3036} INFO - Sync 1 DAGs
[2025-04-21T17:11:28.750-0400] {logging_mixin.py:188} INFO - [2025-04-21T17:11:28.750-0400] {dag.py:3823} INFO - Setting next_dagrun for example_setup_teardown to 2025-04-20 00:00:00+00:00, run_after=2025-04-21 00:00:00+00:00
[2025-04-21T17:11:28.762-0400] {processor.py:183} INFO - Processing /Users/gaurav/Documents/Breast-Cancer-ML-Pipeline/venv/lib/python3.9/site-packages/airflow/example_dags/example_setup_teardown.py took 0.099 seconds
[2025-04-21T17:12:42.093-0400] {processor.py:161} INFO - Started process (PID=85852) to work on /Users/gaurav/Documents/Breast-Cancer-ML-Pipeline/venv/lib/python3.9/site-packages/airflow/example_dags/example_setup_teardown.py
[2025-04-21T17:12:42.095-0400] {processor.py:830} INFO - Processing file /Users/gaurav/Documents/Breast-Cancer-ML-Pipeline/venv/lib/python3.9/site-packages/airflow/example_dags/example_setup_teardown.py for tasks to queue
[2025-04-21T17:12:42.096-0400] {logging_mixin.py:188} INFO - [2025-04-21T17:12:42.096-0400] {dagbag.py:538} INFO - Filling up the DagBag from /Users/gaurav/Documents/Breast-Cancer-ML-Pipeline/venv/lib/python3.9/site-packages/airflow/example_dags/example_setup_teardown.py
[2025-04-21T17:12:42.101-0400] {processor.py:840} INFO - DAG(s) 'example_setup_teardown' retrieved from /Users/gaurav/Documents/Breast-Cancer-ML-Pipeline/venv/lib/python3.9/site-packages/airflow/example_dags/example_setup_teardown.py
[2025-04-21T17:12:42.167-0400] {logging_mixin.py:188} INFO - [2025-04-21T17:12:42.167-0400] {dag.py:3036} INFO - Sync 1 DAGs
[2025-04-21T17:12:42.179-0400] {logging_mixin.py:188} INFO - [2025-04-21T17:12:42.178-0400] {dag.py:3823} INFO - Setting next_dagrun for example_setup_teardown to 2025-04-20 00:00:00+00:00, run_after=2025-04-21 00:00:00+00:00
[2025-04-21T17:12:42.190-0400] {processor.py:183} INFO - Processing /Users/gaurav/Documents/Breast-Cancer-ML-Pipeline/venv/lib/python3.9/site-packages/airflow/example_dags/example_setup_teardown.py took 0.098 seconds
[2025-04-21T17:13:55.942-0400] {processor.py:161} INFO - Started process (PID=85945) to work on /Users/gaurav/Documents/Breast-Cancer-ML-Pipeline/venv/lib/python3.9/site-packages/airflow/example_dags/example_setup_teardown.py
[2025-04-21T17:13:55.944-0400] {processor.py:830} INFO - Processing file /Users/gaurav/Documents/Breast-Cancer-ML-Pipeline/venv/lib/python3.9/site-packages/airflow/example_dags/example_setup_teardown.py for tasks to queue
[2025-04-21T17:13:55.945-0400] {logging_mixin.py:188} INFO - [2025-04-21T17:13:55.945-0400] {dagbag.py:538} INFO - Filling up the DagBag from /Users/gaurav/Documents/Breast-Cancer-ML-Pipeline/venv/lib/python3.9/site-packages/airflow/example_dags/example_setup_teardown.py
[2025-04-21T17:13:55.951-0400] {processor.py:840} INFO - DAG(s) 'example_setup_teardown' retrieved from /Users/gaurav/Documents/Breast-Cancer-ML-Pipeline/venv/lib/python3.9/site-packages/airflow/example_dags/example_setup_teardown.py
[2025-04-21T17:13:56.016-0400] {logging_mixin.py:188} INFO - [2025-04-21T17:13:56.016-0400] {dag.py:3036} INFO - Sync 1 DAGs
[2025-04-21T17:13:56.030-0400] {logging_mixin.py:188} INFO - [2025-04-21T17:13:56.029-0400] {dag.py:3823} INFO - Setting next_dagrun for example_setup_teardown to 2025-04-20 00:00:00+00:00, run_after=2025-04-21 00:00:00+00:00
[2025-04-21T17:13:56.042-0400] {processor.py:183} INFO - Processing /Users/gaurav/Documents/Breast-Cancer-ML-Pipeline/venv/lib/python3.9/site-packages/airflow/example_dags/example_setup_teardown.py took 0.101 seconds
[2025-04-21T17:15:09.120-0400] {processor.py:161} INFO - Started process (PID=86024) to work on /Users/gaurav/Documents/Breast-Cancer-ML-Pipeline/venv/lib/python3.9/site-packages/airflow/example_dags/example_setup_teardown.py
[2025-04-21T17:15:09.122-0400] {processor.py:830} INFO - Processing file /Users/gaurav/Documents/Breast-Cancer-ML-Pipeline/venv/lib/python3.9/site-packages/airflow/example_dags/example_setup_teardown.py for tasks to queue
[2025-04-21T17:15:09.123-0400] {logging_mixin.py:188} INFO - [2025-04-21T17:15:09.123-0400] {dagbag.py:538} INFO - Filling up the DagBag from /Users/gaurav/Documents/Breast-Cancer-ML-Pipeline/venv/lib/python3.9/site-packages/airflow/example_dags/example_setup_teardown.py
[2025-04-21T17:15:09.129-0400] {processor.py:840} INFO - DAG(s) 'example_setup_teardown' retrieved from /Users/gaurav/Documents/Breast-Cancer-ML-Pipeline/venv/lib/python3.9/site-packages/airflow/example_dags/example_setup_teardown.py
[2025-04-21T17:15:09.194-0400] {logging_mixin.py:188} INFO - [2025-04-21T17:15:09.194-0400] {dag.py:3036} INFO - Sync 1 DAGs
[2025-04-21T17:15:09.206-0400] {logging_mixin.py:188} INFO - [2025-04-21T17:15:09.206-0400] {dag.py:3823} INFO - Setting next_dagrun for example_setup_teardown to 2025-04-20 00:00:00+00:00, run_after=2025-04-21 00:00:00+00:00
[2025-04-21T17:15:09.219-0400] {processor.py:183} INFO - Processing /Users/gaurav/Documents/Breast-Cancer-ML-Pipeline/venv/lib/python3.9/site-packages/airflow/example_dags/example_setup_teardown.py took 0.099 seconds
[2025-04-21T17:16:22.484-0400] {processor.py:161} INFO - Started process (PID=86116) to work on /Users/gaurav/Documents/Breast-Cancer-ML-Pipeline/venv/lib/python3.9/site-packages/airflow/example_dags/example_setup_teardown.py
[2025-04-21T17:16:22.486-0400] {processor.py:830} INFO - Processing file /Users/gaurav/Documents/Breast-Cancer-ML-Pipeline/venv/lib/python3.9/site-packages/airflow/example_dags/example_setup_teardown.py for tasks to queue
[2025-04-21T17:16:22.487-0400] {logging_mixin.py:188} INFO - [2025-04-21T17:16:22.487-0400] {dagbag.py:538} INFO - Filling up the DagBag from /Users/gaurav/Documents/Breast-Cancer-ML-Pipeline/venv/lib/python3.9/site-packages/airflow/example_dags/example_setup_teardown.py
[2025-04-21T17:16:22.492-0400] {processor.py:840} INFO - DAG(s) 'example_setup_teardown' retrieved from /Users/gaurav/Documents/Breast-Cancer-ML-Pipeline/venv/lib/python3.9/site-packages/airflow/example_dags/example_setup_teardown.py
[2025-04-21T17:16:22.557-0400] {logging_mixin.py:188} INFO - [2025-04-21T17:16:22.557-0400] {dag.py:3036} INFO - Sync 1 DAGs
[2025-04-21T17:16:22.569-0400] {logging_mixin.py:188} INFO - [2025-04-21T17:16:22.568-0400] {dag.py:3823} INFO - Setting next_dagrun for example_setup_teardown to 2025-04-20 00:00:00+00:00, run_after=2025-04-21 00:00:00+00:00
[2025-04-21T17:16:22.581-0400] {processor.py:183} INFO - Processing /Users/gaurav/Documents/Breast-Cancer-ML-Pipeline/venv/lib/python3.9/site-packages/airflow/example_dags/example_setup_teardown.py took 0.097 seconds
[2025-04-21T17:17:36.330-0400] {processor.py:161} INFO - Started process (PID=86220) to work on /Users/gaurav/Documents/Breast-Cancer-ML-Pipeline/venv/lib/python3.9/site-packages/airflow/example_dags/example_setup_teardown.py
[2025-04-21T17:17:36.332-0400] {processor.py:830} INFO - Processing file /Users/gaurav/Documents/Breast-Cancer-ML-Pipeline/venv/lib/python3.9/site-packages/airflow/example_dags/example_setup_teardown.py for tasks to queue
[2025-04-21T17:17:36.332-0400] {logging_mixin.py:188} INFO - [2025-04-21T17:17:36.332-0400] {dagbag.py:538} INFO - Filling up the DagBag from /Users/gaurav/Documents/Breast-Cancer-ML-Pipeline/venv/lib/python3.9/site-packages/airflow/example_dags/example_setup_teardown.py
[2025-04-21T17:17:36.338-0400] {processor.py:840} INFO - DAG(s) 'example_setup_teardown' retrieved from /Users/gaurav/Documents/Breast-Cancer-ML-Pipeline/venv/lib/python3.9/site-packages/airflow/example_dags/example_setup_teardown.py
[2025-04-21T17:17:36.404-0400] {logging_mixin.py:188} INFO - [2025-04-21T17:17:36.404-0400] {dag.py:3036} INFO - Sync 1 DAGs
[2025-04-21T17:17:36.416-0400] {logging_mixin.py:188} INFO - [2025-04-21T17:17:36.416-0400] {dag.py:3823} INFO - Setting next_dagrun for example_setup_teardown to 2025-04-20 00:00:00+00:00, run_after=2025-04-21 00:00:00+00:00
[2025-04-21T17:17:36.429-0400] {processor.py:183} INFO - Processing /Users/gaurav/Documents/Breast-Cancer-ML-Pipeline/venv/lib/python3.9/site-packages/airflow/example_dags/example_setup_teardown.py took 0.099 seconds
[2025-04-21T17:18:51.984-0400] {processor.py:161} INFO - Started process (PID=86314) to work on /Users/gaurav/Documents/Breast-Cancer-ML-Pipeline/venv/lib/python3.9/site-packages/airflow/example_dags/example_setup_teardown.py
[2025-04-21T17:18:51.986-0400] {processor.py:830} INFO - Processing file /Users/gaurav/Documents/Breast-Cancer-ML-Pipeline/venv/lib/python3.9/site-packages/airflow/example_dags/example_setup_teardown.py for tasks to queue
[2025-04-21T17:18:51.987-0400] {logging_mixin.py:188} INFO - [2025-04-21T17:18:51.987-0400] {dagbag.py:538} INFO - Filling up the DagBag from /Users/gaurav/Documents/Breast-Cancer-ML-Pipeline/venv/lib/python3.9/site-packages/airflow/example_dags/example_setup_teardown.py
[2025-04-21T17:18:51.992-0400] {processor.py:840} INFO - DAG(s) 'example_setup_teardown' retrieved from /Users/gaurav/Documents/Breast-Cancer-ML-Pipeline/venv/lib/python3.9/site-packages/airflow/example_dags/example_setup_teardown.py
[2025-04-21T17:18:52.060-0400] {logging_mixin.py:188} INFO - [2025-04-21T17:18:52.060-0400] {dag.py:3036} INFO - Sync 1 DAGs
[2025-04-21T17:18:52.072-0400] {logging_mixin.py:188} INFO - [2025-04-21T17:18:52.072-0400] {dag.py:3823} INFO - Setting next_dagrun for example_setup_teardown to 2025-04-20 00:00:00+00:00, run_after=2025-04-21 00:00:00+00:00
[2025-04-21T17:18:52.084-0400] {processor.py:183} INFO - Processing /Users/gaurav/Documents/Breast-Cancer-ML-Pipeline/venv/lib/python3.9/site-packages/airflow/example_dags/example_setup_teardown.py took 0.101 seconds
[2025-04-21T17:20:07.546-0400] {processor.py:161} INFO - Started process (PID=86407) to work on /Users/gaurav/Documents/Breast-Cancer-ML-Pipeline/venv/lib/python3.9/site-packages/airflow/example_dags/example_setup_teardown.py
[2025-04-21T17:20:07.548-0400] {processor.py:830} INFO - Processing file /Users/gaurav/Documents/Breast-Cancer-ML-Pipeline/venv/lib/python3.9/site-packages/airflow/example_dags/example_setup_teardown.py for tasks to queue
[2025-04-21T17:20:07.548-0400] {logging_mixin.py:188} INFO - [2025-04-21T17:20:07.548-0400] {dagbag.py:538} INFO - Filling up the DagBag from /Users/gaurav/Documents/Breast-Cancer-ML-Pipeline/venv/lib/python3.9/site-packages/airflow/example_dags/example_setup_teardown.py
[2025-04-21T17:20:07.554-0400] {processor.py:840} INFO - DAG(s) 'example_setup_teardown' retrieved from /Users/gaurav/Documents/Breast-Cancer-ML-Pipeline/venv/lib/python3.9/site-packages/airflow/example_dags/example_setup_teardown.py
[2025-04-21T17:20:07.618-0400] {logging_mixin.py:188} INFO - [2025-04-21T17:20:07.618-0400] {dag.py:3036} INFO - Sync 1 DAGs
[2025-04-21T17:20:07.629-0400] {logging_mixin.py:188} INFO - [2025-04-21T17:20:07.629-0400] {dag.py:3823} INFO - Setting next_dagrun for example_setup_teardown to 2025-04-20 00:00:00+00:00, run_after=2025-04-21 00:00:00+00:00
[2025-04-21T17:20:07.641-0400] {processor.py:183} INFO - Processing /Users/gaurav/Documents/Breast-Cancer-ML-Pipeline/venv/lib/python3.9/site-packages/airflow/example_dags/example_setup_teardown.py took 0.096 seconds
[2025-04-21T17:21:59.931-0400] {processor.py:161} INFO - Started process (PID=86513) to work on /Users/gaurav/Documents/Breast-Cancer-ML-Pipeline/venv/lib/python3.9/site-packages/airflow/example_dags/example_setup_teardown.py
[2025-04-21T17:21:59.933-0400] {processor.py:830} INFO - Processing file /Users/gaurav/Documents/Breast-Cancer-ML-Pipeline/venv/lib/python3.9/site-packages/airflow/example_dags/example_setup_teardown.py for tasks to queue
[2025-04-21T17:21:59.934-0400] {logging_mixin.py:188} INFO - [2025-04-21T17:21:59.934-0400] {dagbag.py:538} INFO - Filling up the DagBag from /Users/gaurav/Documents/Breast-Cancer-ML-Pipeline/venv/lib/python3.9/site-packages/airflow/example_dags/example_setup_teardown.py
[2025-04-21T17:21:59.940-0400] {processor.py:840} INFO - DAG(s) 'example_setup_teardown' retrieved from /Users/gaurav/Documents/Breast-Cancer-ML-Pipeline/venv/lib/python3.9/site-packages/airflow/example_dags/example_setup_teardown.py
[2025-04-21T17:22:00.070-0400] {logging_mixin.py:188} INFO - [2025-04-21T17:22:00.069-0400] {dag.py:3036} INFO - Sync 1 DAGs
[2025-04-21T17:22:00.082-0400] {logging_mixin.py:188} INFO - [2025-04-21T17:22:00.082-0400] {dag.py:3823} INFO - Setting next_dagrun for example_setup_teardown to 2025-04-20 00:00:00+00:00, run_after=2025-04-21 00:00:00+00:00
[2025-04-21T17:22:00.095-0400] {processor.py:183} INFO - Processing /Users/gaurav/Documents/Breast-Cancer-ML-Pipeline/venv/lib/python3.9/site-packages/airflow/example_dags/example_setup_teardown.py took 0.165 seconds
[2025-04-21T17:23:22.724-0400] {processor.py:161} INFO - Started process (PID=86603) to work on /Users/gaurav/Documents/Breast-Cancer-ML-Pipeline/venv/lib/python3.9/site-packages/airflow/example_dags/example_setup_teardown.py
[2025-04-21T17:23:22.725-0400] {processor.py:830} INFO - Processing file /Users/gaurav/Documents/Breast-Cancer-ML-Pipeline/venv/lib/python3.9/site-packages/airflow/example_dags/example_setup_teardown.py for tasks to queue
[2025-04-21T17:23:22.726-0400] {logging_mixin.py:188} INFO - [2025-04-21T17:23:22.726-0400] {dagbag.py:538} INFO - Filling up the DagBag from /Users/gaurav/Documents/Breast-Cancer-ML-Pipeline/venv/lib/python3.9/site-packages/airflow/example_dags/example_setup_teardown.py
[2025-04-21T17:23:22.732-0400] {processor.py:840} INFO - DAG(s) 'example_setup_teardown' retrieved from /Users/gaurav/Documents/Breast-Cancer-ML-Pipeline/venv/lib/python3.9/site-packages/airflow/example_dags/example_setup_teardown.py
[2025-04-21T17:23:22.799-0400] {logging_mixin.py:188} INFO - [2025-04-21T17:23:22.799-0400] {dag.py:3036} INFO - Sync 1 DAGs
[2025-04-21T17:23:22.812-0400] {logging_mixin.py:188} INFO - [2025-04-21T17:23:22.812-0400] {dag.py:3823} INFO - Setting next_dagrun for example_setup_teardown to 2025-04-20 00:00:00+00:00, run_after=2025-04-21 00:00:00+00:00
[2025-04-21T17:23:22.823-0400] {processor.py:183} INFO - Processing /Users/gaurav/Documents/Breast-Cancer-ML-Pipeline/venv/lib/python3.9/site-packages/airflow/example_dags/example_setup_teardown.py took 0.101 seconds
[2025-04-21T17:24:40.487-0400] {processor.py:161} INFO - Started process (PID=86698) to work on /Users/gaurav/Documents/Breast-Cancer-ML-Pipeline/venv/lib/python3.9/site-packages/airflow/example_dags/example_setup_teardown.py
[2025-04-21T17:24:40.489-0400] {processor.py:830} INFO - Processing file /Users/gaurav/Documents/Breast-Cancer-ML-Pipeline/venv/lib/python3.9/site-packages/airflow/example_dags/example_setup_teardown.py for tasks to queue
[2025-04-21T17:24:40.489-0400] {logging_mixin.py:188} INFO - [2025-04-21T17:24:40.489-0400] {dagbag.py:538} INFO - Filling up the DagBag from /Users/gaurav/Documents/Breast-Cancer-ML-Pipeline/venv/lib/python3.9/site-packages/airflow/example_dags/example_setup_teardown.py
[2025-04-21T17:24:40.495-0400] {processor.py:840} INFO - DAG(s) 'example_setup_teardown' retrieved from /Users/gaurav/Documents/Breast-Cancer-ML-Pipeline/venv/lib/python3.9/site-packages/airflow/example_dags/example_setup_teardown.py
[2025-04-21T17:24:40.566-0400] {logging_mixin.py:188} INFO - [2025-04-21T17:24:40.566-0400] {dag.py:3036} INFO - Sync 1 DAGs
[2025-04-21T17:24:40.578-0400] {logging_mixin.py:188} INFO - [2025-04-21T17:24:40.578-0400] {dag.py:3823} INFO - Setting next_dagrun for example_setup_teardown to 2025-04-20 00:00:00+00:00, run_after=2025-04-21 00:00:00+00:00
[2025-04-21T17:24:40.592-0400] {processor.py:183} INFO - Processing /Users/gaurav/Documents/Breast-Cancer-ML-Pipeline/venv/lib/python3.9/site-packages/airflow/example_dags/example_setup_teardown.py took 0.105 seconds
[2025-04-21T17:25:58.578-0400] {processor.py:161} INFO - Started process (PID=86813) to work on /Users/gaurav/Documents/Breast-Cancer-ML-Pipeline/venv/lib/python3.9/site-packages/airflow/example_dags/example_setup_teardown.py
[2025-04-21T17:25:58.580-0400] {processor.py:830} INFO - Processing file /Users/gaurav/Documents/Breast-Cancer-ML-Pipeline/venv/lib/python3.9/site-packages/airflow/example_dags/example_setup_teardown.py for tasks to queue
[2025-04-21T17:25:58.581-0400] {logging_mixin.py:188} INFO - [2025-04-21T17:25:58.580-0400] {dagbag.py:538} INFO - Filling up the DagBag from /Users/gaurav/Documents/Breast-Cancer-ML-Pipeline/venv/lib/python3.9/site-packages/airflow/example_dags/example_setup_teardown.py
[2025-04-21T17:25:58.587-0400] {processor.py:840} INFO - DAG(s) 'example_setup_teardown' retrieved from /Users/gaurav/Documents/Breast-Cancer-ML-Pipeline/venv/lib/python3.9/site-packages/airflow/example_dags/example_setup_teardown.py
[2025-04-21T17:25:58.655-0400] {logging_mixin.py:188} INFO - [2025-04-21T17:25:58.655-0400] {dag.py:3036} INFO - Sync 1 DAGs
[2025-04-21T17:25:58.667-0400] {logging_mixin.py:188} INFO - [2025-04-21T17:25:58.667-0400] {dag.py:3823} INFO - Setting next_dagrun for example_setup_teardown to 2025-04-20 00:00:00+00:00, run_after=2025-04-21 00:00:00+00:00
[2025-04-21T17:25:58.679-0400] {processor.py:183} INFO - Processing /Users/gaurav/Documents/Breast-Cancer-ML-Pipeline/venv/lib/python3.9/site-packages/airflow/example_dags/example_setup_teardown.py took 0.102 seconds
[2025-04-21T17:27:11.639-0400] {processor.py:161} INFO - Started process (PID=86894) to work on /Users/gaurav/Documents/Breast-Cancer-ML-Pipeline/venv/lib/python3.9/site-packages/airflow/example_dags/example_setup_teardown.py
[2025-04-21T17:27:11.640-0400] {processor.py:830} INFO - Processing file /Users/gaurav/Documents/Breast-Cancer-ML-Pipeline/venv/lib/python3.9/site-packages/airflow/example_dags/example_setup_teardown.py for tasks to queue
[2025-04-21T17:27:11.640-0400] {logging_mixin.py:188} INFO - [2025-04-21T17:27:11.640-0400] {dagbag.py:538} INFO - Filling up the DagBag from /Users/gaurav/Documents/Breast-Cancer-ML-Pipeline/venv/lib/python3.9/site-packages/airflow/example_dags/example_setup_teardown.py
[2025-04-21T17:27:11.648-0400] {processor.py:840} INFO - DAG(s) 'example_setup_teardown' retrieved from /Users/gaurav/Documents/Breast-Cancer-ML-Pipeline/venv/lib/python3.9/site-packages/airflow/example_dags/example_setup_teardown.py
[2025-04-21T17:27:11.714-0400] {logging_mixin.py:188} INFO - [2025-04-21T17:27:11.714-0400] {dag.py:3036} INFO - Sync 1 DAGs
[2025-04-21T17:27:11.726-0400] {logging_mixin.py:188} INFO - [2025-04-21T17:27:11.726-0400] {dag.py:3823} INFO - Setting next_dagrun for example_setup_teardown to 2025-04-20 00:00:00+00:00, run_after=2025-04-21 00:00:00+00:00
[2025-04-21T17:27:11.739-0400] {processor.py:183} INFO - Processing /Users/gaurav/Documents/Breast-Cancer-ML-Pipeline/venv/lib/python3.9/site-packages/airflow/example_dags/example_setup_teardown.py took 0.101 seconds
[2025-04-21T17:29:31.840-0400] {processor.py:161} INFO - Started process (PID=87117) to work on /Users/gaurav/Documents/Breast-Cancer-ML-Pipeline/venv/lib/python3.9/site-packages/airflow/example_dags/example_setup_teardown.py
[2025-04-21T17:29:31.842-0400] {processor.py:830} INFO - Processing file /Users/gaurav/Documents/Breast-Cancer-ML-Pipeline/venv/lib/python3.9/site-packages/airflow/example_dags/example_setup_teardown.py for tasks to queue
[2025-04-21T17:29:31.842-0400] {logging_mixin.py:188} INFO - [2025-04-21T17:29:31.842-0400] {dagbag.py:538} INFO - Filling up the DagBag from /Users/gaurav/Documents/Breast-Cancer-ML-Pipeline/venv/lib/python3.9/site-packages/airflow/example_dags/example_setup_teardown.py
[2025-04-21T17:29:31.848-0400] {processor.py:840} INFO - DAG(s) 'example_setup_teardown' retrieved from /Users/gaurav/Documents/Breast-Cancer-ML-Pipeline/venv/lib/python3.9/site-packages/airflow/example_dags/example_setup_teardown.py
[2025-04-21T17:29:31.915-0400] {logging_mixin.py:188} INFO - [2025-04-21T17:29:31.915-0400] {dag.py:3036} INFO - Sync 1 DAGs
[2025-04-21T17:29:31.927-0400] {logging_mixin.py:188} INFO - [2025-04-21T17:29:31.927-0400] {dag.py:3823} INFO - Setting next_dagrun for example_setup_teardown to 2025-04-20 00:00:00+00:00, run_after=2025-04-21 00:00:00+00:00
[2025-04-21T17:29:31.939-0400] {processor.py:183} INFO - Processing /Users/gaurav/Documents/Breast-Cancer-ML-Pipeline/venv/lib/python3.9/site-packages/airflow/example_dags/example_setup_teardown.py took 0.100 seconds
[2025-04-21T17:30:48.694-0400] {processor.py:161} INFO - Started process (PID=87205) to work on /Users/gaurav/Documents/Breast-Cancer-ML-Pipeline/venv/lib/python3.9/site-packages/airflow/example_dags/example_setup_teardown.py
[2025-04-21T17:30:48.695-0400] {processor.py:830} INFO - Processing file /Users/gaurav/Documents/Breast-Cancer-ML-Pipeline/venv/lib/python3.9/site-packages/airflow/example_dags/example_setup_teardown.py for tasks to queue
[2025-04-21T17:30:48.695-0400] {logging_mixin.py:188} INFO - [2025-04-21T17:30:48.695-0400] {dagbag.py:538} INFO - Filling up the DagBag from /Users/gaurav/Documents/Breast-Cancer-ML-Pipeline/venv/lib/python3.9/site-packages/airflow/example_dags/example_setup_teardown.py
[2025-04-21T17:30:48.701-0400] {processor.py:840} INFO - DAG(s) 'example_setup_teardown' retrieved from /Users/gaurav/Documents/Breast-Cancer-ML-Pipeline/venv/lib/python3.9/site-packages/airflow/example_dags/example_setup_teardown.py
[2025-04-21T17:30:48.771-0400] {logging_mixin.py:188} INFO - [2025-04-21T17:30:48.770-0400] {dag.py:3036} INFO - Sync 1 DAGs
[2025-04-21T17:30:48.783-0400] {logging_mixin.py:188} INFO - [2025-04-21T17:30:48.783-0400] {dag.py:3823} INFO - Setting next_dagrun for example_setup_teardown to 2025-04-20 00:00:00+00:00, run_after=2025-04-21 00:00:00+00:00
[2025-04-21T17:30:48.795-0400] {processor.py:183} INFO - Processing /Users/gaurav/Documents/Breast-Cancer-ML-Pipeline/venv/lib/python3.9/site-packages/airflow/example_dags/example_setup_teardown.py took 0.103 seconds
[2025-04-21T17:37:05.955-0400] {processor.py:161} INFO - Started process (PID=87602) to work on /Users/gaurav/Documents/Breast-Cancer-ML-Pipeline/venv/lib/python3.9/site-packages/airflow/example_dags/example_setup_teardown.py
[2025-04-21T17:37:05.957-0400] {processor.py:830} INFO - Processing file /Users/gaurav/Documents/Breast-Cancer-ML-Pipeline/venv/lib/python3.9/site-packages/airflow/example_dags/example_setup_teardown.py for tasks to queue
[2025-04-21T17:37:05.957-0400] {logging_mixin.py:188} INFO - [2025-04-21T17:37:05.957-0400] {dagbag.py:538} INFO - Filling up the DagBag from /Users/gaurav/Documents/Breast-Cancer-ML-Pipeline/venv/lib/python3.9/site-packages/airflow/example_dags/example_setup_teardown.py
[2025-04-21T17:37:05.963-0400] {processor.py:840} INFO - DAG(s) 'example_setup_teardown' retrieved from /Users/gaurav/Documents/Breast-Cancer-ML-Pipeline/venv/lib/python3.9/site-packages/airflow/example_dags/example_setup_teardown.py
[2025-04-21T17:37:06.080-0400] {logging_mixin.py:188} INFO - [2025-04-21T17:37:06.080-0400] {dag.py:3036} INFO - Sync 1 DAGs
[2025-04-21T17:37:06.091-0400] {logging_mixin.py:188} INFO - [2025-04-21T17:37:06.091-0400] {dag.py:3823} INFO - Setting next_dagrun for example_setup_teardown to 2025-04-20 00:00:00+00:00, run_after=2025-04-21 00:00:00+00:00
[2025-04-21T17:37:06.104-0400] {processor.py:183} INFO - Processing /Users/gaurav/Documents/Breast-Cancer-ML-Pipeline/venv/lib/python3.9/site-packages/airflow/example_dags/example_setup_teardown.py took 0.150 seconds
[2025-04-21T17:38:55.899-0400] {processor.py:161} INFO - Started process (PID=87875) to work on /Users/gaurav/Documents/Breast-Cancer-ML-Pipeline/venv/lib/python3.9/site-packages/airflow/example_dags/example_setup_teardown.py
[2025-04-21T17:38:55.900-0400] {processor.py:830} INFO - Processing file /Users/gaurav/Documents/Breast-Cancer-ML-Pipeline/venv/lib/python3.9/site-packages/airflow/example_dags/example_setup_teardown.py for tasks to queue
[2025-04-21T17:38:55.901-0400] {logging_mixin.py:188} INFO - [2025-04-21T17:38:55.901-0400] {dagbag.py:538} INFO - Filling up the DagBag from /Users/gaurav/Documents/Breast-Cancer-ML-Pipeline/venv/lib/python3.9/site-packages/airflow/example_dags/example_setup_teardown.py
[2025-04-21T17:38:55.907-0400] {processor.py:840} INFO - DAG(s) 'example_setup_teardown' retrieved from /Users/gaurav/Documents/Breast-Cancer-ML-Pipeline/venv/lib/python3.9/site-packages/airflow/example_dags/example_setup_teardown.py
[2025-04-21T17:38:55.978-0400] {logging_mixin.py:188} INFO - [2025-04-21T17:38:55.978-0400] {dag.py:3036} INFO - Sync 1 DAGs
[2025-04-21T17:38:55.990-0400] {logging_mixin.py:188} INFO - [2025-04-21T17:38:55.989-0400] {dag.py:3823} INFO - Setting next_dagrun for example_setup_teardown to 2025-04-20 00:00:00+00:00, run_after=2025-04-21 00:00:00+00:00
[2025-04-21T17:38:56.001-0400] {processor.py:183} INFO - Processing /Users/gaurav/Documents/Breast-Cancer-ML-Pipeline/venv/lib/python3.9/site-packages/airflow/example_dags/example_setup_teardown.py took 0.103 seconds
[2025-04-21T17:41:33.045-0400] {processor.py:161} INFO - Started process (PID=88105) to work on /Users/gaurav/Documents/Breast-Cancer-ML-Pipeline/venv/lib/python3.9/site-packages/airflow/example_dags/example_setup_teardown.py
[2025-04-21T17:41:33.046-0400] {processor.py:830} INFO - Processing file /Users/gaurav/Documents/Breast-Cancer-ML-Pipeline/venv/lib/python3.9/site-packages/airflow/example_dags/example_setup_teardown.py for tasks to queue
[2025-04-21T17:41:33.047-0400] {logging_mixin.py:188} INFO - [2025-04-21T17:41:33.047-0400] {dagbag.py:538} INFO - Filling up the DagBag from /Users/gaurav/Documents/Breast-Cancer-ML-Pipeline/venv/lib/python3.9/site-packages/airflow/example_dags/example_setup_teardown.py
[2025-04-21T17:41:33.052-0400] {processor.py:840} INFO - DAG(s) 'example_setup_teardown' retrieved from /Users/gaurav/Documents/Breast-Cancer-ML-Pipeline/venv/lib/python3.9/site-packages/airflow/example_dags/example_setup_teardown.py
[2025-04-21T17:41:33.116-0400] {logging_mixin.py:188} INFO - [2025-04-21T17:41:33.116-0400] {dag.py:3036} INFO - Sync 1 DAGs
[2025-04-21T17:41:33.128-0400] {logging_mixin.py:188} INFO - [2025-04-21T17:41:33.128-0400] {dag.py:3823} INFO - Setting next_dagrun for example_setup_teardown to 2025-04-20 00:00:00+00:00, run_after=2025-04-21 00:00:00+00:00
[2025-04-21T17:41:33.140-0400] {processor.py:183} INFO - Processing /Users/gaurav/Documents/Breast-Cancer-ML-Pipeline/venv/lib/python3.9/site-packages/airflow/example_dags/example_setup_teardown.py took 0.095 seconds
[2025-04-21T17:42:46.297-0400] {processor.py:161} INFO - Started process (PID=88190) to work on /Users/gaurav/Documents/Breast-Cancer-ML-Pipeline/venv/lib/python3.9/site-packages/airflow/example_dags/example_setup_teardown.py
[2025-04-21T17:42:46.299-0400] {processor.py:830} INFO - Processing file /Users/gaurav/Documents/Breast-Cancer-ML-Pipeline/venv/lib/python3.9/site-packages/airflow/example_dags/example_setup_teardown.py for tasks to queue
[2025-04-21T17:42:46.300-0400] {logging_mixin.py:188} INFO - [2025-04-21T17:42:46.299-0400] {dagbag.py:538} INFO - Filling up the DagBag from /Users/gaurav/Documents/Breast-Cancer-ML-Pipeline/venv/lib/python3.9/site-packages/airflow/example_dags/example_setup_teardown.py
[2025-04-21T17:42:46.305-0400] {processor.py:840} INFO - DAG(s) 'example_setup_teardown' retrieved from /Users/gaurav/Documents/Breast-Cancer-ML-Pipeline/venv/lib/python3.9/site-packages/airflow/example_dags/example_setup_teardown.py
[2025-04-21T17:42:46.369-0400] {logging_mixin.py:188} INFO - [2025-04-21T17:42:46.369-0400] {dag.py:3036} INFO - Sync 1 DAGs
[2025-04-21T17:42:46.382-0400] {logging_mixin.py:188} INFO - [2025-04-21T17:42:46.381-0400] {dag.py:3823} INFO - Setting next_dagrun for example_setup_teardown to 2025-04-20 00:00:00+00:00, run_after=2025-04-21 00:00:00+00:00
[2025-04-21T17:42:46.394-0400] {processor.py:183} INFO - Processing /Users/gaurav/Documents/Breast-Cancer-ML-Pipeline/venv/lib/python3.9/site-packages/airflow/example_dags/example_setup_teardown.py took 0.098 seconds
[2025-04-21T17:43:58.154-0400] {processor.py:161} INFO - Started process (PID=88276) to work on /Users/gaurav/Documents/Breast-Cancer-ML-Pipeline/venv/lib/python3.9/site-packages/airflow/example_dags/example_setup_teardown.py
[2025-04-21T17:43:58.156-0400] {processor.py:830} INFO - Processing file /Users/gaurav/Documents/Breast-Cancer-ML-Pipeline/venv/lib/python3.9/site-packages/airflow/example_dags/example_setup_teardown.py for tasks to queue
[2025-04-21T17:43:58.157-0400] {logging_mixin.py:188} INFO - [2025-04-21T17:43:58.157-0400] {dagbag.py:538} INFO - Filling up the DagBag from /Users/gaurav/Documents/Breast-Cancer-ML-Pipeline/venv/lib/python3.9/site-packages/airflow/example_dags/example_setup_teardown.py
[2025-04-21T17:43:58.163-0400] {processor.py:840} INFO - DAG(s) 'example_setup_teardown' retrieved from /Users/gaurav/Documents/Breast-Cancer-ML-Pipeline/venv/lib/python3.9/site-packages/airflow/example_dags/example_setup_teardown.py
[2025-04-21T17:43:58.229-0400] {logging_mixin.py:188} INFO - [2025-04-21T17:43:58.229-0400] {dag.py:3036} INFO - Sync 1 DAGs
[2025-04-21T17:43:58.242-0400] {logging_mixin.py:188} INFO - [2025-04-21T17:43:58.242-0400] {dag.py:3823} INFO - Setting next_dagrun for example_setup_teardown to 2025-04-20 00:00:00+00:00, run_after=2025-04-21 00:00:00+00:00
[2025-04-21T17:43:58.254-0400] {processor.py:183} INFO - Processing /Users/gaurav/Documents/Breast-Cancer-ML-Pipeline/venv/lib/python3.9/site-packages/airflow/example_dags/example_setup_teardown.py took 0.101 seconds
[2025-04-21T17:45:07.569-0400] {processor.py:161} INFO - Started process (PID=88372) to work on /Users/gaurav/Documents/Breast-Cancer-ML-Pipeline/venv/lib/python3.9/site-packages/airflow/example_dags/example_setup_teardown.py
[2025-04-21T17:45:07.571-0400] {processor.py:830} INFO - Processing file /Users/gaurav/Documents/Breast-Cancer-ML-Pipeline/venv/lib/python3.9/site-packages/airflow/example_dags/example_setup_teardown.py for tasks to queue
[2025-04-21T17:45:07.571-0400] {logging_mixin.py:188} INFO - [2025-04-21T17:45:07.571-0400] {dagbag.py:538} INFO - Filling up the DagBag from /Users/gaurav/Documents/Breast-Cancer-ML-Pipeline/venv/lib/python3.9/site-packages/airflow/example_dags/example_setup_teardown.py
[2025-04-21T17:45:07.575-0400] {processor.py:840} INFO - DAG(s) 'example_setup_teardown' retrieved from /Users/gaurav/Documents/Breast-Cancer-ML-Pipeline/venv/lib/python3.9/site-packages/airflow/example_dags/example_setup_teardown.py
[2025-04-21T17:45:07.628-0400] {logging_mixin.py:188} INFO - [2025-04-21T17:45:07.628-0400] {dag.py:3036} INFO - Sync 1 DAGs
[2025-04-21T17:45:07.638-0400] {logging_mixin.py:188} INFO - [2025-04-21T17:45:07.638-0400] {dag.py:3823} INFO - Setting next_dagrun for example_setup_teardown to 2025-04-20 00:00:00+00:00, run_after=2025-04-21 00:00:00+00:00
[2025-04-21T17:45:07.647-0400] {processor.py:183} INFO - Processing /Users/gaurav/Documents/Breast-Cancer-ML-Pipeline/venv/lib/python3.9/site-packages/airflow/example_dags/example_setup_teardown.py took 0.079 seconds
[2025-04-21T17:46:01.015-0400] {processor.py:161} INFO - Started process (PID=88483) to work on /Users/gaurav/Documents/Breast-Cancer-ML-Pipeline/venv/lib/python3.9/site-packages/airflow/example_dags/example_setup_teardown.py
[2025-04-21T17:46:01.016-0400] {processor.py:830} INFO - Processing file /Users/gaurav/Documents/Breast-Cancer-ML-Pipeline/venv/lib/python3.9/site-packages/airflow/example_dags/example_setup_teardown.py for tasks to queue
[2025-04-21T17:46:01.016-0400] {logging_mixin.py:188} INFO - [2025-04-21T17:46:01.016-0400] {dagbag.py:538} INFO - Filling up the DagBag from /Users/gaurav/Documents/Breast-Cancer-ML-Pipeline/venv/lib/python3.9/site-packages/airflow/example_dags/example_setup_teardown.py
[2025-04-21T17:46:01.022-0400] {processor.py:840} INFO - DAG(s) 'example_setup_teardown' retrieved from /Users/gaurav/Documents/Breast-Cancer-ML-Pipeline/venv/lib/python3.9/site-packages/airflow/example_dags/example_setup_teardown.py
[2025-04-21T17:46:01.077-0400] {logging_mixin.py:188} INFO - [2025-04-21T17:46:01.077-0400] {dag.py:3036} INFO - Sync 1 DAGs
[2025-04-21T17:46:01.088-0400] {logging_mixin.py:188} INFO - [2025-04-21T17:46:01.088-0400] {dag.py:3823} INFO - Setting next_dagrun for example_setup_teardown to 2025-04-20 00:00:00+00:00, run_after=2025-04-21 00:00:00+00:00
[2025-04-21T17:46:01.098-0400] {processor.py:183} INFO - Processing /Users/gaurav/Documents/Breast-Cancer-ML-Pipeline/venv/lib/python3.9/site-packages/airflow/example_dags/example_setup_teardown.py took 0.084 seconds
[2025-04-21T17:46:54.510-0400] {processor.py:161} INFO - Started process (PID=88571) to work on /Users/gaurav/Documents/Breast-Cancer-ML-Pipeline/venv/lib/python3.9/site-packages/airflow/example_dags/example_setup_teardown.py
[2025-04-21T17:46:54.511-0400] {processor.py:830} INFO - Processing file /Users/gaurav/Documents/Breast-Cancer-ML-Pipeline/venv/lib/python3.9/site-packages/airflow/example_dags/example_setup_teardown.py for tasks to queue
[2025-04-21T17:46:54.511-0400] {logging_mixin.py:188} INFO - [2025-04-21T17:46:54.511-0400] {dagbag.py:538} INFO - Filling up the DagBag from /Users/gaurav/Documents/Breast-Cancer-ML-Pipeline/venv/lib/python3.9/site-packages/airflow/example_dags/example_setup_teardown.py
[2025-04-21T17:46:54.516-0400] {processor.py:840} INFO - DAG(s) 'example_setup_teardown' retrieved from /Users/gaurav/Documents/Breast-Cancer-ML-Pipeline/venv/lib/python3.9/site-packages/airflow/example_dags/example_setup_teardown.py
[2025-04-21T17:46:54.570-0400] {logging_mixin.py:188} INFO - [2025-04-21T17:46:54.570-0400] {dag.py:3036} INFO - Sync 1 DAGs
[2025-04-21T17:46:54.579-0400] {logging_mixin.py:188} INFO - [2025-04-21T17:46:54.579-0400] {dag.py:3823} INFO - Setting next_dagrun for example_setup_teardown to 2025-04-20 00:00:00+00:00, run_after=2025-04-21 00:00:00+00:00
[2025-04-21T17:46:54.589-0400] {processor.py:183} INFO - Processing /Users/gaurav/Documents/Breast-Cancer-ML-Pipeline/venv/lib/python3.9/site-packages/airflow/example_dags/example_setup_teardown.py took 0.079 seconds
[2025-04-21T17:47:48.443-0400] {processor.py:161} INFO - Started process (PID=88639) to work on /Users/gaurav/Documents/Breast-Cancer-ML-Pipeline/venv/lib/python3.9/site-packages/airflow/example_dags/example_setup_teardown.py
[2025-04-21T17:47:48.444-0400] {processor.py:830} INFO - Processing file /Users/gaurav/Documents/Breast-Cancer-ML-Pipeline/venv/lib/python3.9/site-packages/airflow/example_dags/example_setup_teardown.py for tasks to queue
[2025-04-21T17:47:48.445-0400] {logging_mixin.py:188} INFO - [2025-04-21T17:47:48.444-0400] {dagbag.py:538} INFO - Filling up the DagBag from /Users/gaurav/Documents/Breast-Cancer-ML-Pipeline/venv/lib/python3.9/site-packages/airflow/example_dags/example_setup_teardown.py
[2025-04-21T17:47:48.449-0400] {processor.py:840} INFO - DAG(s) 'example_setup_teardown' retrieved from /Users/gaurav/Documents/Breast-Cancer-ML-Pipeline/venv/lib/python3.9/site-packages/airflow/example_dags/example_setup_teardown.py
[2025-04-21T17:47:48.505-0400] {logging_mixin.py:188} INFO - [2025-04-21T17:47:48.505-0400] {dag.py:3036} INFO - Sync 1 DAGs
[2025-04-21T17:47:48.515-0400] {logging_mixin.py:188} INFO - [2025-04-21T17:47:48.515-0400] {dag.py:3823} INFO - Setting next_dagrun for example_setup_teardown to 2025-04-20 00:00:00+00:00, run_after=2025-04-21 00:00:00+00:00
[2025-04-21T17:47:48.524-0400] {processor.py:183} INFO - Processing /Users/gaurav/Documents/Breast-Cancer-ML-Pipeline/venv/lib/python3.9/site-packages/airflow/example_dags/example_setup_teardown.py took 0.082 seconds
[2025-04-21T17:48:49.479-0400] {processor.py:161} INFO - Started process (PID=88727) to work on /Users/gaurav/Documents/Breast-Cancer-ML-Pipeline/venv/lib/python3.9/site-packages/airflow/example_dags/example_setup_teardown.py
[2025-04-21T17:48:49.481-0400] {processor.py:830} INFO - Processing file /Users/gaurav/Documents/Breast-Cancer-ML-Pipeline/venv/lib/python3.9/site-packages/airflow/example_dags/example_setup_teardown.py for tasks to queue
[2025-04-21T17:48:49.481-0400] {logging_mixin.py:188} INFO - [2025-04-21T17:48:49.481-0400] {dagbag.py:538} INFO - Filling up the DagBag from /Users/gaurav/Documents/Breast-Cancer-ML-Pipeline/venv/lib/python3.9/site-packages/airflow/example_dags/example_setup_teardown.py
[2025-04-21T17:48:49.486-0400] {processor.py:840} INFO - DAG(s) 'example_setup_teardown' retrieved from /Users/gaurav/Documents/Breast-Cancer-ML-Pipeline/venv/lib/python3.9/site-packages/airflow/example_dags/example_setup_teardown.py
[2025-04-21T17:48:49.536-0400] {logging_mixin.py:188} INFO - [2025-04-21T17:48:49.536-0400] {dag.py:3036} INFO - Sync 1 DAGs
[2025-04-21T17:48:49.545-0400] {logging_mixin.py:188} INFO - [2025-04-21T17:48:49.545-0400] {dag.py:3823} INFO - Setting next_dagrun for example_setup_teardown to 2025-04-20 00:00:00+00:00, run_after=2025-04-21 00:00:00+00:00
[2025-04-21T17:48:49.554-0400] {processor.py:183} INFO - Processing /Users/gaurav/Documents/Breast-Cancer-ML-Pipeline/venv/lib/python3.9/site-packages/airflow/example_dags/example_setup_teardown.py took 0.076 seconds
[2025-04-21T17:49:34.110-0400] {processor.py:161} INFO - Started process (PID=88787) to work on /Users/gaurav/Documents/Breast-Cancer-ML-Pipeline/venv/lib/python3.9/site-packages/airflow/example_dags/example_setup_teardown.py
[2025-04-21T17:49:34.112-0400] {processor.py:830} INFO - Processing file /Users/gaurav/Documents/Breast-Cancer-ML-Pipeline/venv/lib/python3.9/site-packages/airflow/example_dags/example_setup_teardown.py for tasks to queue
[2025-04-21T17:49:34.113-0400] {logging_mixin.py:188} INFO - [2025-04-21T17:49:34.112-0400] {dagbag.py:538} INFO - Filling up the DagBag from /Users/gaurav/Documents/Breast-Cancer-ML-Pipeline/venv/lib/python3.9/site-packages/airflow/example_dags/example_setup_teardown.py
[2025-04-21T17:49:34.117-0400] {processor.py:840} INFO - DAG(s) 'example_setup_teardown' retrieved from /Users/gaurav/Documents/Breast-Cancer-ML-Pipeline/venv/lib/python3.9/site-packages/airflow/example_dags/example_setup_teardown.py
[2025-04-21T17:49:34.166-0400] {logging_mixin.py:188} INFO - [2025-04-21T17:49:34.166-0400] {dag.py:3036} INFO - Sync 1 DAGs
[2025-04-21T17:49:34.175-0400] {logging_mixin.py:188} INFO - [2025-04-21T17:49:34.175-0400] {dag.py:3823} INFO - Setting next_dagrun for example_setup_teardown to 2025-04-20 00:00:00+00:00, run_after=2025-04-21 00:00:00+00:00
[2025-04-21T17:49:34.184-0400] {processor.py:183} INFO - Processing /Users/gaurav/Documents/Breast-Cancer-ML-Pipeline/venv/lib/python3.9/site-packages/airflow/example_dags/example_setup_teardown.py took 0.074 seconds
[2025-04-21T17:50:21.371-0400] {processor.py:161} INFO - Started process (PID=88845) to work on /Users/gaurav/Documents/Breast-Cancer-ML-Pipeline/venv/lib/python3.9/site-packages/airflow/example_dags/example_setup_teardown.py
[2025-04-21T17:50:21.373-0400] {processor.py:830} INFO - Processing file /Users/gaurav/Documents/Breast-Cancer-ML-Pipeline/venv/lib/python3.9/site-packages/airflow/example_dags/example_setup_teardown.py for tasks to queue
[2025-04-21T17:50:21.374-0400] {logging_mixin.py:188} INFO - [2025-04-21T17:50:21.373-0400] {dagbag.py:538} INFO - Filling up the DagBag from /Users/gaurav/Documents/Breast-Cancer-ML-Pipeline/venv/lib/python3.9/site-packages/airflow/example_dags/example_setup_teardown.py
[2025-04-21T17:50:21.378-0400] {processor.py:840} INFO - DAG(s) 'example_setup_teardown' retrieved from /Users/gaurav/Documents/Breast-Cancer-ML-Pipeline/venv/lib/python3.9/site-packages/airflow/example_dags/example_setup_teardown.py
[2025-04-21T17:50:21.437-0400] {logging_mixin.py:188} INFO - [2025-04-21T17:50:21.436-0400] {dag.py:3036} INFO - Sync 1 DAGs
[2025-04-21T17:50:21.447-0400] {logging_mixin.py:188} INFO - [2025-04-21T17:50:21.447-0400] {dag.py:3823} INFO - Setting next_dagrun for example_setup_teardown to 2025-04-20 00:00:00+00:00, run_after=2025-04-21 00:00:00+00:00
[2025-04-21T17:50:21.457-0400] {processor.py:183} INFO - Processing /Users/gaurav/Documents/Breast-Cancer-ML-Pipeline/venv/lib/python3.9/site-packages/airflow/example_dags/example_setup_teardown.py took 0.087 seconds
[2025-04-21T17:51:13.584-0400] {processor.py:161} INFO - Started process (PID=88924) to work on /Users/gaurav/Documents/Breast-Cancer-ML-Pipeline/venv/lib/python3.9/site-packages/airflow/example_dags/example_setup_teardown.py
[2025-04-21T17:51:13.586-0400] {processor.py:830} INFO - Processing file /Users/gaurav/Documents/Breast-Cancer-ML-Pipeline/venv/lib/python3.9/site-packages/airflow/example_dags/example_setup_teardown.py for tasks to queue
[2025-04-21T17:51:13.586-0400] {logging_mixin.py:188} INFO - [2025-04-21T17:51:13.586-0400] {dagbag.py:538} INFO - Filling up the DagBag from /Users/gaurav/Documents/Breast-Cancer-ML-Pipeline/venv/lib/python3.9/site-packages/airflow/example_dags/example_setup_teardown.py
[2025-04-21T17:51:13.591-0400] {processor.py:840} INFO - DAG(s) 'example_setup_teardown' retrieved from /Users/gaurav/Documents/Breast-Cancer-ML-Pipeline/venv/lib/python3.9/site-packages/airflow/example_dags/example_setup_teardown.py
[2025-04-21T17:51:13.647-0400] {logging_mixin.py:188} INFO - [2025-04-21T17:51:13.647-0400] {dag.py:3036} INFO - Sync 1 DAGs
[2025-04-21T17:51:13.658-0400] {logging_mixin.py:188} INFO - [2025-04-21T17:51:13.658-0400] {dag.py:3823} INFO - Setting next_dagrun for example_setup_teardown to 2025-04-20 00:00:00+00:00, run_after=2025-04-21 00:00:00+00:00
[2025-04-21T17:51:13.668-0400] {processor.py:183} INFO - Processing /Users/gaurav/Documents/Breast-Cancer-ML-Pipeline/venv/lib/python3.9/site-packages/airflow/example_dags/example_setup_teardown.py took 0.085 seconds
[2025-04-21T17:52:06.260-0400] {processor.py:161} INFO - Started process (PID=88999) to work on /Users/gaurav/Documents/Breast-Cancer-ML-Pipeline/venv/lib/python3.9/site-packages/airflow/example_dags/example_setup_teardown.py
[2025-04-21T17:52:06.262-0400] {processor.py:830} INFO - Processing file /Users/gaurav/Documents/Breast-Cancer-ML-Pipeline/venv/lib/python3.9/site-packages/airflow/example_dags/example_setup_teardown.py for tasks to queue
[2025-04-21T17:52:06.262-0400] {logging_mixin.py:188} INFO - [2025-04-21T17:52:06.262-0400] {dagbag.py:538} INFO - Filling up the DagBag from /Users/gaurav/Documents/Breast-Cancer-ML-Pipeline/venv/lib/python3.9/site-packages/airflow/example_dags/example_setup_teardown.py
[2025-04-21T17:52:06.267-0400] {processor.py:840} INFO - DAG(s) 'example_setup_teardown' retrieved from /Users/gaurav/Documents/Breast-Cancer-ML-Pipeline/venv/lib/python3.9/site-packages/airflow/example_dags/example_setup_teardown.py
[2025-04-21T17:52:06.322-0400] {logging_mixin.py:188} INFO - [2025-04-21T17:52:06.322-0400] {dag.py:3036} INFO - Sync 1 DAGs
[2025-04-21T17:52:06.332-0400] {logging_mixin.py:188} INFO - [2025-04-21T17:52:06.332-0400] {dag.py:3823} INFO - Setting next_dagrun for example_setup_teardown to 2025-04-20 00:00:00+00:00, run_after=2025-04-21 00:00:00+00:00
[2025-04-21T17:52:06.344-0400] {processor.py:183} INFO - Processing /Users/gaurav/Documents/Breast-Cancer-ML-Pipeline/venv/lib/python3.9/site-packages/airflow/example_dags/example_setup_teardown.py took 0.084 seconds
[2025-04-21T17:52:58.806-0400] {processor.py:161} INFO - Started process (PID=89069) to work on /Users/gaurav/Documents/Breast-Cancer-ML-Pipeline/venv/lib/python3.9/site-packages/airflow/example_dags/example_setup_teardown.py
[2025-04-21T17:52:58.807-0400] {processor.py:830} INFO - Processing file /Users/gaurav/Documents/Breast-Cancer-ML-Pipeline/venv/lib/python3.9/site-packages/airflow/example_dags/example_setup_teardown.py for tasks to queue
[2025-04-21T17:52:58.808-0400] {logging_mixin.py:188} INFO - [2025-04-21T17:52:58.808-0400] {dagbag.py:538} INFO - Filling up the DagBag from /Users/gaurav/Documents/Breast-Cancer-ML-Pipeline/venv/lib/python3.9/site-packages/airflow/example_dags/example_setup_teardown.py
[2025-04-21T17:52:58.812-0400] {processor.py:840} INFO - DAG(s) 'example_setup_teardown' retrieved from /Users/gaurav/Documents/Breast-Cancer-ML-Pipeline/venv/lib/python3.9/site-packages/airflow/example_dags/example_setup_teardown.py
[2025-04-21T17:52:58.864-0400] {logging_mixin.py:188} INFO - [2025-04-21T17:52:58.864-0400] {dag.py:3036} INFO - Sync 1 DAGs
[2025-04-21T17:52:58.874-0400] {logging_mixin.py:188} INFO - [2025-04-21T17:52:58.874-0400] {dag.py:3823} INFO - Setting next_dagrun for example_setup_teardown to 2025-04-20 00:00:00+00:00, run_after=2025-04-21 00:00:00+00:00
[2025-04-21T17:52:58.884-0400] {processor.py:183} INFO - Processing /Users/gaurav/Documents/Breast-Cancer-ML-Pipeline/venv/lib/python3.9/site-packages/airflow/example_dags/example_setup_teardown.py took 0.079 seconds
[2025-04-21T17:53:47.985-0400] {processor.py:161} INFO - Started process (PID=89133) to work on /Users/gaurav/Documents/Breast-Cancer-ML-Pipeline/venv/lib/python3.9/site-packages/airflow/example_dags/example_setup_teardown.py
[2025-04-21T17:53:47.986-0400] {processor.py:830} INFO - Processing file /Users/gaurav/Documents/Breast-Cancer-ML-Pipeline/venv/lib/python3.9/site-packages/airflow/example_dags/example_setup_teardown.py for tasks to queue
[2025-04-21T17:53:47.986-0400] {logging_mixin.py:188} INFO - [2025-04-21T17:53:47.986-0400] {dagbag.py:538} INFO - Filling up the DagBag from /Users/gaurav/Documents/Breast-Cancer-ML-Pipeline/venv/lib/python3.9/site-packages/airflow/example_dags/example_setup_teardown.py
[2025-04-21T17:53:47.992-0400] {processor.py:840} INFO - DAG(s) 'example_setup_teardown' retrieved from /Users/gaurav/Documents/Breast-Cancer-ML-Pipeline/venv/lib/python3.9/site-packages/airflow/example_dags/example_setup_teardown.py
[2025-04-21T17:53:48.051-0400] {logging_mixin.py:188} INFO - [2025-04-21T17:53:48.051-0400] {dag.py:3036} INFO - Sync 1 DAGs
[2025-04-21T17:53:48.063-0400] {logging_mixin.py:188} INFO - [2025-04-21T17:53:48.062-0400] {dag.py:3823} INFO - Setting next_dagrun for example_setup_teardown to 2025-04-20 00:00:00+00:00, run_after=2025-04-21 00:00:00+00:00
[2025-04-21T17:53:48.075-0400] {processor.py:183} INFO - Processing /Users/gaurav/Documents/Breast-Cancer-ML-Pipeline/venv/lib/python3.9/site-packages/airflow/example_dags/example_setup_teardown.py took 0.091 seconds
[2025-04-21T17:54:40.890-0400] {processor.py:161} INFO - Started process (PID=89211) to work on /Users/gaurav/Documents/Breast-Cancer-ML-Pipeline/venv/lib/python3.9/site-packages/airflow/example_dags/example_setup_teardown.py
[2025-04-21T17:54:40.891-0400] {processor.py:830} INFO - Processing file /Users/gaurav/Documents/Breast-Cancer-ML-Pipeline/venv/lib/python3.9/site-packages/airflow/example_dags/example_setup_teardown.py for tasks to queue
[2025-04-21T17:54:40.892-0400] {logging_mixin.py:188} INFO - [2025-04-21T17:54:40.892-0400] {dagbag.py:538} INFO - Filling up the DagBag from /Users/gaurav/Documents/Breast-Cancer-ML-Pipeline/venv/lib/python3.9/site-packages/airflow/example_dags/example_setup_teardown.py
[2025-04-21T17:54:40.897-0400] {processor.py:840} INFO - DAG(s) 'example_setup_teardown' retrieved from /Users/gaurav/Documents/Breast-Cancer-ML-Pipeline/venv/lib/python3.9/site-packages/airflow/example_dags/example_setup_teardown.py
[2025-04-21T17:54:40.950-0400] {logging_mixin.py:188} INFO - [2025-04-21T17:54:40.950-0400] {dag.py:3036} INFO - Sync 1 DAGs
[2025-04-21T17:54:40.960-0400] {logging_mixin.py:188} INFO - [2025-04-21T17:54:40.960-0400] {dag.py:3823} INFO - Setting next_dagrun for example_setup_teardown to 2025-04-20 00:00:00+00:00, run_after=2025-04-21 00:00:00+00:00
[2025-04-21T17:54:40.970-0400] {processor.py:183} INFO - Processing /Users/gaurav/Documents/Breast-Cancer-ML-Pipeline/venv/lib/python3.9/site-packages/airflow/example_dags/example_setup_teardown.py took 0.081 seconds
