[2025-04-21T16:39:08.854-0400] {processor.py:161} INFO - Started process (PID=83540) to work on /Users/gaurav/Documents/Breast-Cancer-ML-Pipeline/venv/lib/python3.9/site-packages/airflow/example_dags/example_sensors.py
[2025-04-21T16:39:08.854-0400] {processor.py:830} INFO - Processing file /Users/gaurav/Documents/Breast-Cancer-ML-Pipeline/venv/lib/python3.9/site-packages/airflow/example_dags/example_sensors.py for tasks to queue
[2025-04-21T16:39:08.855-0400] {logging_mixin.py:188} INFO - [2025-04-21T16:39:08.855-0400] {dagbag.py:538} INFO - Filling up the DagBag from /Users/gaurav/Documents/Breast-Cancer-ML-Pipeline/venv/lib/python3.9/site-packages/airflow/example_dags/example_sensors.py
[2025-04-21T16:39:08.867-0400] {processor.py:840} INFO - DAG(s) 'example_sensors' retrieved from /Users/gaurav/Documents/Breast-Cancer-ML-Pipeline/venv/lib/python3.9/site-packages/airflow/example_dags/example_sensors.py
[2025-04-21T16:39:09.003-0400] {logging_mixin.py:188} INFO - [2025-04-21T16:39:09.003-0400] {override.py:1769} INFO - Created Permission View: can delete on DAG:example_sensors
[2025-04-21T16:39:09.009-0400] {logging_mixin.py:188} INFO - [2025-04-21T16:39:09.009-0400] {override.py:1769} INFO - Created Permission View: can read on DAG:example_sensors
[2025-04-21T16:39:09.012-0400] {logging_mixin.py:188} INFO - [2025-04-21T16:39:09.012-0400] {override.py:1769} INFO - Created Permission View: can edit on DAG:example_sensors
[2025-04-21T16:39:09.012-0400] {logging_mixin.py:188} INFO - [2025-04-21T16:39:09.012-0400] {dag.py:3036} INFO - Sync 1 DAGs
[2025-04-21T16:39:09.020-0400] {logging_mixin.py:188} INFO - [2025-04-21T16:39:09.019-0400] {dag.py:3058} INFO - Creating ORM DAG for example_sensors
[2025-04-21T16:39:09.020-0400] {logging_mixin.py:188} INFO - [2025-04-21T16:39:09.020-0400] {dag.py:3823} INFO - Setting next_dagrun for example_sensors to None, run_after=None
[2025-04-21T16:39:09.031-0400] {processor.py:183} INFO - Processing /Users/gaurav/Documents/Breast-Cancer-ML-Pipeline/venv/lib/python3.9/site-packages/airflow/example_dags/example_sensors.py took 0.178 seconds
[2025-04-21T16:41:01.156-0400] {processor.py:161} INFO - Started process (PID=83649) to work on /Users/gaurav/Documents/Breast-Cancer-ML-Pipeline/venv/lib/python3.9/site-packages/airflow/example_dags/example_sensors.py
[2025-04-21T16:41:01.157-0400] {processor.py:830} INFO - Processing file /Users/gaurav/Documents/Breast-Cancer-ML-Pipeline/venv/lib/python3.9/site-packages/airflow/example_dags/example_sensors.py for tasks to queue
[2025-04-21T16:41:01.158-0400] {logging_mixin.py:188} INFO - [2025-04-21T16:41:01.157-0400] {dagbag.py:538} INFO - Filling up the DagBag from /Users/gaurav/Documents/Breast-Cancer-ML-Pipeline/venv/lib/python3.9/site-packages/airflow/example_dags/example_sensors.py
[2025-04-21T16:41:01.169-0400] {processor.py:840} INFO - DAG(s) 'example_sensors' retrieved from /Users/gaurav/Documents/Breast-Cancer-ML-Pipeline/venv/lib/python3.9/site-packages/airflow/example_dags/example_sensors.py
[2025-04-21T16:41:01.263-0400] {logging_mixin.py:188} INFO - [2025-04-21T16:41:01.263-0400] {dag.py:3036} INFO - Sync 1 DAGs
[2025-04-21T16:41:01.269-0400] {logging_mixin.py:188} INFO - [2025-04-21T16:41:01.269-0400] {dag.py:3823} INFO - Setting next_dagrun for example_sensors to None, run_after=None
[2025-04-21T16:41:01.281-0400] {processor.py:183} INFO - Processing /Users/gaurav/Documents/Breast-Cancer-ML-Pipeline/venv/lib/python3.9/site-packages/airflow/example_dags/example_sensors.py took 0.126 seconds
[2025-04-21T16:43:43.504-0400] {processor.py:161} INFO - Started process (PID=83780) to work on /Users/gaurav/Documents/Breast-Cancer-ML-Pipeline/venv/lib/python3.9/site-packages/airflow/example_dags/example_sensors.py
[2025-04-21T16:43:43.505-0400] {processor.py:830} INFO - Processing file /Users/gaurav/Documents/Breast-Cancer-ML-Pipeline/venv/lib/python3.9/site-packages/airflow/example_dags/example_sensors.py for tasks to queue
[2025-04-21T16:43:43.506-0400] {logging_mixin.py:188} INFO - [2025-04-21T16:43:43.506-0400] {dagbag.py:538} INFO - Filling up the DagBag from /Users/gaurav/Documents/Breast-Cancer-ML-Pipeline/venv/lib/python3.9/site-packages/airflow/example_dags/example_sensors.py
[2025-04-21T16:43:43.518-0400] {processor.py:840} INFO - DAG(s) 'example_sensors' retrieved from /Users/gaurav/Documents/Breast-Cancer-ML-Pipeline/venv/lib/python3.9/site-packages/airflow/example_dags/example_sensors.py
[2025-04-21T16:43:43.600-0400] {logging_mixin.py:188} INFO - [2025-04-21T16:43:43.600-0400] {dag.py:3036} INFO - Sync 1 DAGs
[2025-04-21T16:43:43.608-0400] {logging_mixin.py:188} INFO - [2025-04-21T16:43:43.607-0400] {dag.py:3823} INFO - Setting next_dagrun for example_sensors to None, run_after=None
[2025-04-21T16:43:43.623-0400] {processor.py:183} INFO - Processing /Users/gaurav/Documents/Breast-Cancer-ML-Pipeline/venv/lib/python3.9/site-packages/airflow/example_dags/example_sensors.py took 0.120 seconds
[2025-04-21T16:47:00.632-0400] {processor.py:161} INFO - Started process (PID=84013) to work on /Users/gaurav/Documents/Breast-Cancer-ML-Pipeline/venv/lib/python3.9/site-packages/airflow/example_dags/example_sensors.py
[2025-04-21T16:47:00.634-0400] {processor.py:830} INFO - Processing file /Users/gaurav/Documents/Breast-Cancer-ML-Pipeline/venv/lib/python3.9/site-packages/airflow/example_dags/example_sensors.py for tasks to queue
[2025-04-21T16:47:00.634-0400] {logging_mixin.py:188} INFO - [2025-04-21T16:47:00.634-0400] {dagbag.py:538} INFO - Filling up the DagBag from /Users/gaurav/Documents/Breast-Cancer-ML-Pipeline/venv/lib/python3.9/site-packages/airflow/example_dags/example_sensors.py
[2025-04-21T16:47:00.646-0400] {processor.py:840} INFO - DAG(s) 'example_sensors' retrieved from /Users/gaurav/Documents/Breast-Cancer-ML-Pipeline/venv/lib/python3.9/site-packages/airflow/example_dags/example_sensors.py
[2025-04-21T16:47:00.731-0400] {logging_mixin.py:188} INFO - [2025-04-21T16:47:00.731-0400] {dag.py:3036} INFO - Sync 1 DAGs
[2025-04-21T16:47:00.739-0400] {logging_mixin.py:188} INFO - [2025-04-21T16:47:00.739-0400] {dag.py:3823} INFO - Setting next_dagrun for example_sensors to None, run_after=None
[2025-04-21T16:47:00.753-0400] {processor.py:183} INFO - Processing /Users/gaurav/Documents/Breast-Cancer-ML-Pipeline/venv/lib/python3.9/site-packages/airflow/example_dags/example_sensors.py took 0.123 seconds
[2025-04-21T16:48:14.495-0400] {processor.py:161} INFO - Started process (PID=84097) to work on /Users/gaurav/Documents/Breast-Cancer-ML-Pipeline/venv/lib/python3.9/site-packages/airflow/example_dags/example_sensors.py
[2025-04-21T16:48:14.497-0400] {processor.py:830} INFO - Processing file /Users/gaurav/Documents/Breast-Cancer-ML-Pipeline/venv/lib/python3.9/site-packages/airflow/example_dags/example_sensors.py for tasks to queue
[2025-04-21T16:48:14.497-0400] {logging_mixin.py:188} INFO - [2025-04-21T16:48:14.497-0400] {dagbag.py:538} INFO - Filling up the DagBag from /Users/gaurav/Documents/Breast-Cancer-ML-Pipeline/venv/lib/python3.9/site-packages/airflow/example_dags/example_sensors.py
[2025-04-21T16:48:14.508-0400] {processor.py:840} INFO - DAG(s) 'example_sensors' retrieved from /Users/gaurav/Documents/Breast-Cancer-ML-Pipeline/venv/lib/python3.9/site-packages/airflow/example_dags/example_sensors.py
[2025-04-21T16:48:14.586-0400] {logging_mixin.py:188} INFO - [2025-04-21T16:48:14.585-0400] {dag.py:3036} INFO - Sync 1 DAGs
[2025-04-21T16:48:14.592-0400] {logging_mixin.py:188} INFO - [2025-04-21T16:48:14.592-0400] {dag.py:3823} INFO - Setting next_dagrun for example_sensors to None, run_after=None
[2025-04-21T16:48:14.604-0400] {processor.py:183} INFO - Processing /Users/gaurav/Documents/Breast-Cancer-ML-Pipeline/venv/lib/python3.9/site-packages/airflow/example_dags/example_sensors.py took 0.110 seconds
[2025-04-21T16:49:25.765-0400] {processor.py:161} INFO - Started process (PID=84183) to work on /Users/gaurav/Documents/Breast-Cancer-ML-Pipeline/venv/lib/python3.9/site-packages/airflow/example_dags/example_sensors.py
[2025-04-21T16:49:25.767-0400] {processor.py:830} INFO - Processing file /Users/gaurav/Documents/Breast-Cancer-ML-Pipeline/venv/lib/python3.9/site-packages/airflow/example_dags/example_sensors.py for tasks to queue
[2025-04-21T16:49:25.768-0400] {logging_mixin.py:188} INFO - [2025-04-21T16:49:25.768-0400] {dagbag.py:538} INFO - Filling up the DagBag from /Users/gaurav/Documents/Breast-Cancer-ML-Pipeline/venv/lib/python3.9/site-packages/airflow/example_dags/example_sensors.py
[2025-04-21T16:49:25.778-0400] {processor.py:840} INFO - DAG(s) 'example_sensors' retrieved from /Users/gaurav/Documents/Breast-Cancer-ML-Pipeline/venv/lib/python3.9/site-packages/airflow/example_dags/example_sensors.py
[2025-04-21T16:49:25.856-0400] {logging_mixin.py:188} INFO - [2025-04-21T16:49:25.855-0400] {dag.py:3036} INFO - Sync 1 DAGs
[2025-04-21T16:49:25.862-0400] {logging_mixin.py:188} INFO - [2025-04-21T16:49:25.862-0400] {dag.py:3823} INFO - Setting next_dagrun for example_sensors to None, run_after=None
[2025-04-21T16:49:25.874-0400] {processor.py:183} INFO - Processing /Users/gaurav/Documents/Breast-Cancer-ML-Pipeline/venv/lib/python3.9/site-packages/airflow/example_dags/example_sensors.py took 0.109 seconds
[2025-04-21T16:50:40.021-0400] {processor.py:161} INFO - Started process (PID=84264) to work on /Users/gaurav/Documents/Breast-Cancer-ML-Pipeline/venv/lib/python3.9/site-packages/airflow/example_dags/example_sensors.py
[2025-04-21T16:50:40.023-0400] {processor.py:830} INFO - Processing file /Users/gaurav/Documents/Breast-Cancer-ML-Pipeline/venv/lib/python3.9/site-packages/airflow/example_dags/example_sensors.py for tasks to queue
[2025-04-21T16:50:40.023-0400] {logging_mixin.py:188} INFO - [2025-04-21T16:50:40.023-0400] {dagbag.py:538} INFO - Filling up the DagBag from /Users/gaurav/Documents/Breast-Cancer-ML-Pipeline/venv/lib/python3.9/site-packages/airflow/example_dags/example_sensors.py
[2025-04-21T16:50:40.034-0400] {processor.py:840} INFO - DAG(s) 'example_sensors' retrieved from /Users/gaurav/Documents/Breast-Cancer-ML-Pipeline/venv/lib/python3.9/site-packages/airflow/example_dags/example_sensors.py
[2025-04-21T16:50:40.109-0400] {logging_mixin.py:188} INFO - [2025-04-21T16:50:40.109-0400] {dag.py:3036} INFO - Sync 1 DAGs
[2025-04-21T16:50:40.116-0400] {logging_mixin.py:188} INFO - [2025-04-21T16:50:40.116-0400] {dag.py:3823} INFO - Setting next_dagrun for example_sensors to None, run_after=None
[2025-04-21T16:50:40.128-0400] {processor.py:183} INFO - Processing /Users/gaurav/Documents/Breast-Cancer-ML-Pipeline/venv/lib/python3.9/site-packages/airflow/example_dags/example_sensors.py took 0.107 seconds
[2025-04-21T16:52:03.633-0400] {processor.py:161} INFO - Started process (PID=84357) to work on /Users/gaurav/Documents/Breast-Cancer-ML-Pipeline/venv/lib/python3.9/site-packages/airflow/example_dags/example_sensors.py
[2025-04-21T16:52:03.635-0400] {processor.py:830} INFO - Processing file /Users/gaurav/Documents/Breast-Cancer-ML-Pipeline/venv/lib/python3.9/site-packages/airflow/example_dags/example_sensors.py for tasks to queue
[2025-04-21T16:52:03.636-0400] {logging_mixin.py:188} INFO - [2025-04-21T16:52:03.636-0400] {dagbag.py:538} INFO - Filling up the DagBag from /Users/gaurav/Documents/Breast-Cancer-ML-Pipeline/venv/lib/python3.9/site-packages/airflow/example_dags/example_sensors.py
[2025-04-21T16:52:03.647-0400] {processor.py:840} INFO - DAG(s) 'example_sensors' retrieved from /Users/gaurav/Documents/Breast-Cancer-ML-Pipeline/venv/lib/python3.9/site-packages/airflow/example_dags/example_sensors.py
[2025-04-21T16:52:03.723-0400] {logging_mixin.py:188} INFO - [2025-04-21T16:52:03.723-0400] {dag.py:3036} INFO - Sync 1 DAGs
[2025-04-21T16:52:03.730-0400] {logging_mixin.py:188} INFO - [2025-04-21T16:52:03.730-0400] {dag.py:3823} INFO - Setting next_dagrun for example_sensors to None, run_after=None
[2025-04-21T16:52:03.742-0400] {processor.py:183} INFO - Processing /Users/gaurav/Documents/Breast-Cancer-ML-Pipeline/venv/lib/python3.9/site-packages/airflow/example_dags/example_sensors.py took 0.109 seconds
[2025-04-21T16:53:25.397-0400] {processor.py:161} INFO - Started process (PID=84457) to work on /Users/gaurav/Documents/Breast-Cancer-ML-Pipeline/venv/lib/python3.9/site-packages/airflow/example_dags/example_sensors.py
[2025-04-21T16:53:25.399-0400] {processor.py:830} INFO - Processing file /Users/gaurav/Documents/Breast-Cancer-ML-Pipeline/venv/lib/python3.9/site-packages/airflow/example_dags/example_sensors.py for tasks to queue
[2025-04-21T16:53:25.400-0400] {logging_mixin.py:188} INFO - [2025-04-21T16:53:25.400-0400] {dagbag.py:538} INFO - Filling up the DagBag from /Users/gaurav/Documents/Breast-Cancer-ML-Pipeline/venv/lib/python3.9/site-packages/airflow/example_dags/example_sensors.py
[2025-04-21T16:53:25.411-0400] {processor.py:840} INFO - DAG(s) 'example_sensors' retrieved from /Users/gaurav/Documents/Breast-Cancer-ML-Pipeline/venv/lib/python3.9/site-packages/airflow/example_dags/example_sensors.py
[2025-04-21T16:53:25.495-0400] {logging_mixin.py:188} INFO - [2025-04-21T16:53:25.495-0400] {dag.py:3036} INFO - Sync 1 DAGs
[2025-04-21T16:53:25.502-0400] {logging_mixin.py:188} INFO - [2025-04-21T16:53:25.501-0400] {dag.py:3823} INFO - Setting next_dagrun for example_sensors to None, run_after=None
[2025-04-21T16:53:25.516-0400] {processor.py:183} INFO - Processing /Users/gaurav/Documents/Breast-Cancer-ML-Pipeline/venv/lib/python3.9/site-packages/airflow/example_dags/example_sensors.py took 0.119 seconds
[2025-04-21T16:56:29.863-0400] {processor.py:161} INFO - Started process (PID=84688) to work on /Users/gaurav/Documents/Breast-Cancer-ML-Pipeline/venv/lib/python3.9/site-packages/airflow/example_dags/example_sensors.py
[2025-04-21T16:56:29.865-0400] {processor.py:830} INFO - Processing file /Users/gaurav/Documents/Breast-Cancer-ML-Pipeline/venv/lib/python3.9/site-packages/airflow/example_dags/example_sensors.py for tasks to queue
[2025-04-21T16:56:29.866-0400] {logging_mixin.py:188} INFO - [2025-04-21T16:56:29.865-0400] {dagbag.py:538} INFO - Filling up the DagBag from /Users/gaurav/Documents/Breast-Cancer-ML-Pipeline/venv/lib/python3.9/site-packages/airflow/example_dags/example_sensors.py
[2025-04-21T16:56:29.876-0400] {processor.py:840} INFO - DAG(s) 'example_sensors' retrieved from /Users/gaurav/Documents/Breast-Cancer-ML-Pipeline/venv/lib/python3.9/site-packages/airflow/example_dags/example_sensors.py
[2025-04-21T16:56:30.011-0400] {logging_mixin.py:188} INFO - [2025-04-21T16:56:30.011-0400] {dag.py:3036} INFO - Sync 1 DAGs
[2025-04-21T16:56:30.017-0400] {logging_mixin.py:188} INFO - [2025-04-21T16:56:30.017-0400] {dag.py:3823} INFO - Setting next_dagrun for example_sensors to None, run_after=None
[2025-04-21T16:56:30.030-0400] {processor.py:183} INFO - Processing /Users/gaurav/Documents/Breast-Cancer-ML-Pipeline/venv/lib/python3.9/site-packages/airflow/example_dags/example_sensors.py took 0.168 seconds
[2025-04-21T16:57:42.237-0400] {processor.py:161} INFO - Started process (PID=84792) to work on /Users/gaurav/Documents/Breast-Cancer-ML-Pipeline/venv/lib/python3.9/site-packages/airflow/example_dags/example_sensors.py
[2025-04-21T16:57:42.239-0400] {processor.py:830} INFO - Processing file /Users/gaurav/Documents/Breast-Cancer-ML-Pipeline/venv/lib/python3.9/site-packages/airflow/example_dags/example_sensors.py for tasks to queue
[2025-04-21T16:57:42.240-0400] {logging_mixin.py:188} INFO - [2025-04-21T16:57:42.240-0400] {dagbag.py:538} INFO - Filling up the DagBag from /Users/gaurav/Documents/Breast-Cancer-ML-Pipeline/venv/lib/python3.9/site-packages/airflow/example_dags/example_sensors.py
[2025-04-21T16:57:42.251-0400] {processor.py:840} INFO - DAG(s) 'example_sensors' retrieved from /Users/gaurav/Documents/Breast-Cancer-ML-Pipeline/venv/lib/python3.9/site-packages/airflow/example_dags/example_sensors.py
[2025-04-21T16:57:42.334-0400] {logging_mixin.py:188} INFO - [2025-04-21T16:57:42.334-0400] {dag.py:3036} INFO - Sync 1 DAGs
[2025-04-21T16:57:42.341-0400] {logging_mixin.py:188} INFO - [2025-04-21T16:57:42.341-0400] {dag.py:3823} INFO - Setting next_dagrun for example_sensors to None, run_after=None
[2025-04-21T16:57:42.355-0400] {processor.py:183} INFO - Processing /Users/gaurav/Documents/Breast-Cancer-ML-Pipeline/venv/lib/python3.9/site-packages/airflow/example_dags/example_sensors.py took 0.118 seconds
[2025-04-21T16:59:03.197-0400] {processor.py:161} INFO - Started process (PID=84886) to work on /Users/gaurav/Documents/Breast-Cancer-ML-Pipeline/venv/lib/python3.9/site-packages/airflow/example_dags/example_sensors.py
[2025-04-21T16:59:03.199-0400] {processor.py:830} INFO - Processing file /Users/gaurav/Documents/Breast-Cancer-ML-Pipeline/venv/lib/python3.9/site-packages/airflow/example_dags/example_sensors.py for tasks to queue
[2025-04-21T16:59:03.200-0400] {logging_mixin.py:188} INFO - [2025-04-21T16:59:03.200-0400] {dagbag.py:538} INFO - Filling up the DagBag from /Users/gaurav/Documents/Breast-Cancer-ML-Pipeline/venv/lib/python3.9/site-packages/airflow/example_dags/example_sensors.py
[2025-04-21T16:59:03.211-0400] {processor.py:840} INFO - DAG(s) 'example_sensors' retrieved from /Users/gaurav/Documents/Breast-Cancer-ML-Pipeline/venv/lib/python3.9/site-packages/airflow/example_dags/example_sensors.py
[2025-04-21T16:59:03.291-0400] {logging_mixin.py:188} INFO - [2025-04-21T16:59:03.291-0400] {dag.py:3036} INFO - Sync 1 DAGs
[2025-04-21T16:59:03.298-0400] {logging_mixin.py:188} INFO - [2025-04-21T16:59:03.298-0400] {dag.py:3823} INFO - Setting next_dagrun for example_sensors to None, run_after=None
[2025-04-21T16:59:03.311-0400] {processor.py:183} INFO - Processing /Users/gaurav/Documents/Breast-Cancer-ML-Pipeline/venv/lib/python3.9/site-packages/airflow/example_dags/example_sensors.py took 0.115 seconds
[2025-04-21T17:00:19.837-0400] {processor.py:161} INFO - Started process (PID=84976) to work on /Users/gaurav/Documents/Breast-Cancer-ML-Pipeline/venv/lib/python3.9/site-packages/airflow/example_dags/example_sensors.py
[2025-04-21T17:00:19.839-0400] {processor.py:830} INFO - Processing file /Users/gaurav/Documents/Breast-Cancer-ML-Pipeline/venv/lib/python3.9/site-packages/airflow/example_dags/example_sensors.py for tasks to queue
[2025-04-21T17:00:19.839-0400] {logging_mixin.py:188} INFO - [2025-04-21T17:00:19.839-0400] {dagbag.py:538} INFO - Filling up the DagBag from /Users/gaurav/Documents/Breast-Cancer-ML-Pipeline/venv/lib/python3.9/site-packages/airflow/example_dags/example_sensors.py
[2025-04-21T17:00:19.851-0400] {processor.py:840} INFO - DAG(s) 'example_sensors' retrieved from /Users/gaurav/Documents/Breast-Cancer-ML-Pipeline/venv/lib/python3.9/site-packages/airflow/example_dags/example_sensors.py
[2025-04-21T17:00:19.928-0400] {logging_mixin.py:188} INFO - [2025-04-21T17:00:19.928-0400] {dag.py:3036} INFO - Sync 1 DAGs
[2025-04-21T17:00:19.935-0400] {logging_mixin.py:188} INFO - [2025-04-21T17:00:19.935-0400] {dag.py:3823} INFO - Setting next_dagrun for example_sensors to None, run_after=None
[2025-04-21T17:00:19.946-0400] {processor.py:183} INFO - Processing /Users/gaurav/Documents/Breast-Cancer-ML-Pipeline/venv/lib/python3.9/site-packages/airflow/example_dags/example_sensors.py took 0.110 seconds
[2025-04-21T17:01:36.543-0400] {processor.py:161} INFO - Started process (PID=85074) to work on /Users/gaurav/Documents/Breast-Cancer-ML-Pipeline/venv/lib/python3.9/site-packages/airflow/example_dags/example_sensors.py
[2025-04-21T17:01:36.544-0400] {processor.py:830} INFO - Processing file /Users/gaurav/Documents/Breast-Cancer-ML-Pipeline/venv/lib/python3.9/site-packages/airflow/example_dags/example_sensors.py for tasks to queue
[2025-04-21T17:01:36.545-0400] {logging_mixin.py:188} INFO - [2025-04-21T17:01:36.545-0400] {dagbag.py:538} INFO - Filling up the DagBag from /Users/gaurav/Documents/Breast-Cancer-ML-Pipeline/venv/lib/python3.9/site-packages/airflow/example_dags/example_sensors.py
[2025-04-21T17:01:36.555-0400] {processor.py:840} INFO - DAG(s) 'example_sensors' retrieved from /Users/gaurav/Documents/Breast-Cancer-ML-Pipeline/venv/lib/python3.9/site-packages/airflow/example_dags/example_sensors.py
[2025-04-21T17:01:36.640-0400] {logging_mixin.py:188} INFO - [2025-04-21T17:01:36.640-0400] {dag.py:3036} INFO - Sync 1 DAGs
[2025-04-21T17:01:36.650-0400] {logging_mixin.py:188} INFO - [2025-04-21T17:01:36.649-0400] {dag.py:3823} INFO - Setting next_dagrun for example_sensors to None, run_after=None
[2025-04-21T17:01:36.679-0400] {processor.py:183} INFO - Processing /Users/gaurav/Documents/Breast-Cancer-ML-Pipeline/venv/lib/python3.9/site-packages/airflow/example_dags/example_sensors.py took 0.137 seconds
[2025-04-21T17:02:58.553-0400] {processor.py:161} INFO - Started process (PID=85160) to work on /Users/gaurav/Documents/Breast-Cancer-ML-Pipeline/venv/lib/python3.9/site-packages/airflow/example_dags/example_sensors.py
[2025-04-21T17:02:58.554-0400] {processor.py:830} INFO - Processing file /Users/gaurav/Documents/Breast-Cancer-ML-Pipeline/venv/lib/python3.9/site-packages/airflow/example_dags/example_sensors.py for tasks to queue
[2025-04-21T17:02:58.555-0400] {logging_mixin.py:188} INFO - [2025-04-21T17:02:58.555-0400] {dagbag.py:538} INFO - Filling up the DagBag from /Users/gaurav/Documents/Breast-Cancer-ML-Pipeline/venv/lib/python3.9/site-packages/airflow/example_dags/example_sensors.py
[2025-04-21T17:02:58.567-0400] {processor.py:840} INFO - DAG(s) 'example_sensors' retrieved from /Users/gaurav/Documents/Breast-Cancer-ML-Pipeline/venv/lib/python3.9/site-packages/airflow/example_dags/example_sensors.py
[2025-04-21T17:02:58.647-0400] {logging_mixin.py:188} INFO - [2025-04-21T17:02:58.647-0400] {dag.py:3036} INFO - Sync 1 DAGs
[2025-04-21T17:02:58.654-0400] {logging_mixin.py:188} INFO - [2025-04-21T17:02:58.654-0400] {dag.py:3823} INFO - Setting next_dagrun for example_sensors to None, run_after=None
[2025-04-21T17:02:58.668-0400] {processor.py:183} INFO - Processing /Users/gaurav/Documents/Breast-Cancer-ML-Pipeline/venv/lib/python3.9/site-packages/airflow/example_dags/example_sensors.py took 0.116 seconds
[2025-04-21T17:04:14.980-0400] {processor.py:161} INFO - Started process (PID=85269) to work on /Users/gaurav/Documents/Breast-Cancer-ML-Pipeline/venv/lib/python3.9/site-packages/airflow/example_dags/example_sensors.py
[2025-04-21T17:04:14.981-0400] {processor.py:830} INFO - Processing file /Users/gaurav/Documents/Breast-Cancer-ML-Pipeline/venv/lib/python3.9/site-packages/airflow/example_dags/example_sensors.py for tasks to queue
[2025-04-21T17:04:14.982-0400] {logging_mixin.py:188} INFO - [2025-04-21T17:04:14.981-0400] {dagbag.py:538} INFO - Filling up the DagBag from /Users/gaurav/Documents/Breast-Cancer-ML-Pipeline/venv/lib/python3.9/site-packages/airflow/example_dags/example_sensors.py
[2025-04-21T17:04:14.993-0400] {processor.py:840} INFO - DAG(s) 'example_sensors' retrieved from /Users/gaurav/Documents/Breast-Cancer-ML-Pipeline/venv/lib/python3.9/site-packages/airflow/example_dags/example_sensors.py
[2025-04-21T17:04:15.071-0400] {logging_mixin.py:188} INFO - [2025-04-21T17:04:15.071-0400] {dag.py:3036} INFO - Sync 1 DAGs
[2025-04-21T17:04:15.078-0400] {logging_mixin.py:188} INFO - [2025-04-21T17:04:15.077-0400] {dag.py:3823} INFO - Setting next_dagrun for example_sensors to None, run_after=None
[2025-04-21T17:04:15.090-0400] {processor.py:183} INFO - Processing /Users/gaurav/Documents/Breast-Cancer-ML-Pipeline/venv/lib/python3.9/site-packages/airflow/example_dags/example_sensors.py took 0.110 seconds
[2025-04-21T17:05:25.286-0400] {processor.py:161} INFO - Started process (PID=85346) to work on /Users/gaurav/Documents/Breast-Cancer-ML-Pipeline/venv/lib/python3.9/site-packages/airflow/example_dags/example_sensors.py
[2025-04-21T17:05:25.287-0400] {processor.py:830} INFO - Processing file /Users/gaurav/Documents/Breast-Cancer-ML-Pipeline/venv/lib/python3.9/site-packages/airflow/example_dags/example_sensors.py for tasks to queue
[2025-04-21T17:05:25.287-0400] {logging_mixin.py:188} INFO - [2025-04-21T17:05:25.287-0400] {dagbag.py:538} INFO - Filling up the DagBag from /Users/gaurav/Documents/Breast-Cancer-ML-Pipeline/venv/lib/python3.9/site-packages/airflow/example_dags/example_sensors.py
[2025-04-21T17:05:25.297-0400] {processor.py:840} INFO - DAG(s) 'example_sensors' retrieved from /Users/gaurav/Documents/Breast-Cancer-ML-Pipeline/venv/lib/python3.9/site-packages/airflow/example_dags/example_sensors.py
[2025-04-21T17:05:25.374-0400] {logging_mixin.py:188} INFO - [2025-04-21T17:05:25.374-0400] {dag.py:3036} INFO - Sync 1 DAGs
[2025-04-21T17:05:25.380-0400] {logging_mixin.py:188} INFO - [2025-04-21T17:05:25.380-0400] {dag.py:3823} INFO - Setting next_dagrun for example_sensors to None, run_after=None
[2025-04-21T17:05:25.393-0400] {processor.py:183} INFO - Processing /Users/gaurav/Documents/Breast-Cancer-ML-Pipeline/venv/lib/python3.9/site-packages/airflow/example_dags/example_sensors.py took 0.108 seconds
[2025-04-21T17:06:36.430-0400] {processor.py:161} INFO - Started process (PID=85438) to work on /Users/gaurav/Documents/Breast-Cancer-ML-Pipeline/venv/lib/python3.9/site-packages/airflow/example_dags/example_sensors.py
[2025-04-21T17:06:36.432-0400] {processor.py:830} INFO - Processing file /Users/gaurav/Documents/Breast-Cancer-ML-Pipeline/venv/lib/python3.9/site-packages/airflow/example_dags/example_sensors.py for tasks to queue
[2025-04-21T17:06:36.433-0400] {logging_mixin.py:188} INFO - [2025-04-21T17:06:36.432-0400] {dagbag.py:538} INFO - Filling up the DagBag from /Users/gaurav/Documents/Breast-Cancer-ML-Pipeline/venv/lib/python3.9/site-packages/airflow/example_dags/example_sensors.py
[2025-04-21T17:06:36.443-0400] {processor.py:840} INFO - DAG(s) 'example_sensors' retrieved from /Users/gaurav/Documents/Breast-Cancer-ML-Pipeline/venv/lib/python3.9/site-packages/airflow/example_dags/example_sensors.py
[2025-04-21T17:06:36.518-0400] {logging_mixin.py:188} INFO - [2025-04-21T17:06:36.518-0400] {dag.py:3036} INFO - Sync 1 DAGs
[2025-04-21T17:06:36.524-0400] {logging_mixin.py:188} INFO - [2025-04-21T17:06:36.524-0400] {dag.py:3823} INFO - Setting next_dagrun for example_sensors to None, run_after=None
[2025-04-21T17:06:36.536-0400] {processor.py:183} INFO - Processing /Users/gaurav/Documents/Breast-Cancer-ML-Pipeline/venv/lib/python3.9/site-packages/airflow/example_dags/example_sensors.py took 0.107 seconds
[2025-04-21T17:07:48.288-0400] {processor.py:161} INFO - Started process (PID=85517) to work on /Users/gaurav/Documents/Breast-Cancer-ML-Pipeline/venv/lib/python3.9/site-packages/airflow/example_dags/example_sensors.py
[2025-04-21T17:07:48.290-0400] {processor.py:830} INFO - Processing file /Users/gaurav/Documents/Breast-Cancer-ML-Pipeline/venv/lib/python3.9/site-packages/airflow/example_dags/example_sensors.py for tasks to queue
[2025-04-21T17:07:48.290-0400] {logging_mixin.py:188} INFO - [2025-04-21T17:07:48.290-0400] {dagbag.py:538} INFO - Filling up the DagBag from /Users/gaurav/Documents/Breast-Cancer-ML-Pipeline/venv/lib/python3.9/site-packages/airflow/example_dags/example_sensors.py
[2025-04-21T17:07:48.302-0400] {processor.py:840} INFO - DAG(s) 'example_sensors' retrieved from /Users/gaurav/Documents/Breast-Cancer-ML-Pipeline/venv/lib/python3.9/site-packages/airflow/example_dags/example_sensors.py
[2025-04-21T17:07:48.379-0400] {logging_mixin.py:188} INFO - [2025-04-21T17:07:48.378-0400] {dag.py:3036} INFO - Sync 1 DAGs
[2025-04-21T17:07:48.385-0400] {logging_mixin.py:188} INFO - [2025-04-21T17:07:48.385-0400] {dag.py:3823} INFO - Setting next_dagrun for example_sensors to None, run_after=None
[2025-04-21T17:07:48.398-0400] {processor.py:183} INFO - Processing /Users/gaurav/Documents/Breast-Cancer-ML-Pipeline/venv/lib/python3.9/site-packages/airflow/example_dags/example_sensors.py took 0.111 seconds
[2025-04-21T17:09:03.206-0400] {processor.py:161} INFO - Started process (PID=85598) to work on /Users/gaurav/Documents/Breast-Cancer-ML-Pipeline/venv/lib/python3.9/site-packages/airflow/example_dags/example_sensors.py
[2025-04-21T17:09:03.208-0400] {processor.py:830} INFO - Processing file /Users/gaurav/Documents/Breast-Cancer-ML-Pipeline/venv/lib/python3.9/site-packages/airflow/example_dags/example_sensors.py for tasks to queue
[2025-04-21T17:09:03.209-0400] {logging_mixin.py:188} INFO - [2025-04-21T17:09:03.209-0400] {dagbag.py:538} INFO - Filling up the DagBag from /Users/gaurav/Documents/Breast-Cancer-ML-Pipeline/venv/lib/python3.9/site-packages/airflow/example_dags/example_sensors.py
[2025-04-21T17:09:03.220-0400] {processor.py:840} INFO - DAG(s) 'example_sensors' retrieved from /Users/gaurav/Documents/Breast-Cancer-ML-Pipeline/venv/lib/python3.9/site-packages/airflow/example_dags/example_sensors.py
[2025-04-21T17:09:03.295-0400] {logging_mixin.py:188} INFO - [2025-04-21T17:09:03.295-0400] {dag.py:3036} INFO - Sync 1 DAGs
[2025-04-21T17:09:03.301-0400] {logging_mixin.py:188} INFO - [2025-04-21T17:09:03.301-0400] {dag.py:3823} INFO - Setting next_dagrun for example_sensors to None, run_after=None
[2025-04-21T17:09:03.313-0400] {processor.py:183} INFO - Processing /Users/gaurav/Documents/Breast-Cancer-ML-Pipeline/venv/lib/python3.9/site-packages/airflow/example_dags/example_sensors.py took 0.108 seconds
[2025-04-21T17:10:15.230-0400] {processor.py:161} INFO - Started process (PID=85675) to work on /Users/gaurav/Documents/Breast-Cancer-ML-Pipeline/venv/lib/python3.9/site-packages/airflow/example_dags/example_sensors.py
[2025-04-21T17:10:15.232-0400] {processor.py:830} INFO - Processing file /Users/gaurav/Documents/Breast-Cancer-ML-Pipeline/venv/lib/python3.9/site-packages/airflow/example_dags/example_sensors.py for tasks to queue
[2025-04-21T17:10:15.233-0400] {logging_mixin.py:188} INFO - [2025-04-21T17:10:15.233-0400] {dagbag.py:538} INFO - Filling up the DagBag from /Users/gaurav/Documents/Breast-Cancer-ML-Pipeline/venv/lib/python3.9/site-packages/airflow/example_dags/example_sensors.py
[2025-04-21T17:10:15.243-0400] {processor.py:840} INFO - DAG(s) 'example_sensors' retrieved from /Users/gaurav/Documents/Breast-Cancer-ML-Pipeline/venv/lib/python3.9/site-packages/airflow/example_dags/example_sensors.py
[2025-04-21T17:10:15.319-0400] {logging_mixin.py:188} INFO - [2025-04-21T17:10:15.318-0400] {dag.py:3036} INFO - Sync 1 DAGs
[2025-04-21T17:10:15.325-0400] {logging_mixin.py:188} INFO - [2025-04-21T17:10:15.325-0400] {dag.py:3823} INFO - Setting next_dagrun for example_sensors to None, run_after=None
[2025-04-21T17:10:15.337-0400] {processor.py:183} INFO - Processing /Users/gaurav/Documents/Breast-Cancer-ML-Pipeline/venv/lib/python3.9/site-packages/airflow/example_dags/example_sensors.py took 0.107 seconds
[2025-04-21T17:11:30.003-0400] {processor.py:161} INFO - Started process (PID=85760) to work on /Users/gaurav/Documents/Breast-Cancer-ML-Pipeline/venv/lib/python3.9/site-packages/airflow/example_dags/example_sensors.py
[2025-04-21T17:11:30.005-0400] {processor.py:830} INFO - Processing file /Users/gaurav/Documents/Breast-Cancer-ML-Pipeline/venv/lib/python3.9/site-packages/airflow/example_dags/example_sensors.py for tasks to queue
[2025-04-21T17:11:30.005-0400] {logging_mixin.py:188} INFO - [2025-04-21T17:11:30.005-0400] {dagbag.py:538} INFO - Filling up the DagBag from /Users/gaurav/Documents/Breast-Cancer-ML-Pipeline/venv/lib/python3.9/site-packages/airflow/example_dags/example_sensors.py
[2025-04-21T17:11:30.016-0400] {processor.py:840} INFO - DAG(s) 'example_sensors' retrieved from /Users/gaurav/Documents/Breast-Cancer-ML-Pipeline/venv/lib/python3.9/site-packages/airflow/example_dags/example_sensors.py
[2025-04-21T17:11:30.092-0400] {logging_mixin.py:188} INFO - [2025-04-21T17:11:30.092-0400] {dag.py:3036} INFO - Sync 1 DAGs
[2025-04-21T17:11:30.098-0400] {logging_mixin.py:188} INFO - [2025-04-21T17:11:30.098-0400] {dag.py:3823} INFO - Setting next_dagrun for example_sensors to None, run_after=None
[2025-04-21T17:11:30.110-0400] {processor.py:183} INFO - Processing /Users/gaurav/Documents/Breast-Cancer-ML-Pipeline/venv/lib/python3.9/site-packages/airflow/example_dags/example_sensors.py took 0.108 seconds
[2025-04-21T17:12:43.434-0400] {processor.py:161} INFO - Started process (PID=85853) to work on /Users/gaurav/Documents/Breast-Cancer-ML-Pipeline/venv/lib/python3.9/site-packages/airflow/example_dags/example_sensors.py
[2025-04-21T17:12:43.436-0400] {processor.py:830} INFO - Processing file /Users/gaurav/Documents/Breast-Cancer-ML-Pipeline/venv/lib/python3.9/site-packages/airflow/example_dags/example_sensors.py for tasks to queue
[2025-04-21T17:12:43.437-0400] {logging_mixin.py:188} INFO - [2025-04-21T17:12:43.436-0400] {dagbag.py:538} INFO - Filling up the DagBag from /Users/gaurav/Documents/Breast-Cancer-ML-Pipeline/venv/lib/python3.9/site-packages/airflow/example_dags/example_sensors.py
[2025-04-21T17:12:43.447-0400] {processor.py:840} INFO - DAG(s) 'example_sensors' retrieved from /Users/gaurav/Documents/Breast-Cancer-ML-Pipeline/venv/lib/python3.9/site-packages/airflow/example_dags/example_sensors.py
[2025-04-21T17:12:43.522-0400] {logging_mixin.py:188} INFO - [2025-04-21T17:12:43.522-0400] {dag.py:3036} INFO - Sync 1 DAGs
[2025-04-21T17:12:43.529-0400] {logging_mixin.py:188} INFO - [2025-04-21T17:12:43.529-0400] {dag.py:3823} INFO - Setting next_dagrun for example_sensors to None, run_after=None
[2025-04-21T17:12:43.541-0400] {processor.py:183} INFO - Processing /Users/gaurav/Documents/Breast-Cancer-ML-Pipeline/venv/lib/python3.9/site-packages/airflow/example_dags/example_sensors.py took 0.108 seconds
[2025-04-21T17:13:57.296-0400] {processor.py:161} INFO - Started process (PID=85946) to work on /Users/gaurav/Documents/Breast-Cancer-ML-Pipeline/venv/lib/python3.9/site-packages/airflow/example_dags/example_sensors.py
[2025-04-21T17:13:57.298-0400] {processor.py:830} INFO - Processing file /Users/gaurav/Documents/Breast-Cancer-ML-Pipeline/venv/lib/python3.9/site-packages/airflow/example_dags/example_sensors.py for tasks to queue
[2025-04-21T17:13:57.298-0400] {logging_mixin.py:188} INFO - [2025-04-21T17:13:57.298-0400] {dagbag.py:538} INFO - Filling up the DagBag from /Users/gaurav/Documents/Breast-Cancer-ML-Pipeline/venv/lib/python3.9/site-packages/airflow/example_dags/example_sensors.py
[2025-04-21T17:13:57.309-0400] {processor.py:840} INFO - DAG(s) 'example_sensors' retrieved from /Users/gaurav/Documents/Breast-Cancer-ML-Pipeline/venv/lib/python3.9/site-packages/airflow/example_dags/example_sensors.py
[2025-04-21T17:13:57.385-0400] {logging_mixin.py:188} INFO - [2025-04-21T17:13:57.385-0400] {dag.py:3036} INFO - Sync 1 DAGs
[2025-04-21T17:13:57.391-0400] {logging_mixin.py:188} INFO - [2025-04-21T17:13:57.391-0400] {dag.py:3823} INFO - Setting next_dagrun for example_sensors to None, run_after=None
[2025-04-21T17:13:57.404-0400] {processor.py:183} INFO - Processing /Users/gaurav/Documents/Breast-Cancer-ML-Pipeline/venv/lib/python3.9/site-packages/airflow/example_dags/example_sensors.py took 0.109 seconds
[2025-04-21T17:15:10.461-0400] {processor.py:161} INFO - Started process (PID=86025) to work on /Users/gaurav/Documents/Breast-Cancer-ML-Pipeline/venv/lib/python3.9/site-packages/airflow/example_dags/example_sensors.py
[2025-04-21T17:15:10.463-0400] {processor.py:830} INFO - Processing file /Users/gaurav/Documents/Breast-Cancer-ML-Pipeline/venv/lib/python3.9/site-packages/airflow/example_dags/example_sensors.py for tasks to queue
[2025-04-21T17:15:10.463-0400] {logging_mixin.py:188} INFO - [2025-04-21T17:15:10.463-0400] {dagbag.py:538} INFO - Filling up the DagBag from /Users/gaurav/Documents/Breast-Cancer-ML-Pipeline/venv/lib/python3.9/site-packages/airflow/example_dags/example_sensors.py
[2025-04-21T17:15:10.475-0400] {processor.py:840} INFO - DAG(s) 'example_sensors' retrieved from /Users/gaurav/Documents/Breast-Cancer-ML-Pipeline/venv/lib/python3.9/site-packages/airflow/example_dags/example_sensors.py
[2025-04-21T17:15:10.565-0400] {logging_mixin.py:188} INFO - [2025-04-21T17:15:10.565-0400] {dag.py:3036} INFO - Sync 1 DAGs
[2025-04-21T17:15:10.572-0400] {logging_mixin.py:188} INFO - [2025-04-21T17:15:10.572-0400] {dag.py:3823} INFO - Setting next_dagrun for example_sensors to None, run_after=None
[2025-04-21T17:15:10.585-0400] {processor.py:183} INFO - Processing /Users/gaurav/Documents/Breast-Cancer-ML-Pipeline/venv/lib/python3.9/site-packages/airflow/example_dags/example_sensors.py took 0.125 seconds
[2025-04-21T17:16:23.856-0400] {processor.py:161} INFO - Started process (PID=86117) to work on /Users/gaurav/Documents/Breast-Cancer-ML-Pipeline/venv/lib/python3.9/site-packages/airflow/example_dags/example_sensors.py
[2025-04-21T17:16:23.858-0400] {processor.py:830} INFO - Processing file /Users/gaurav/Documents/Breast-Cancer-ML-Pipeline/venv/lib/python3.9/site-packages/airflow/example_dags/example_sensors.py for tasks to queue
[2025-04-21T17:16:23.858-0400] {logging_mixin.py:188} INFO - [2025-04-21T17:16:23.858-0400] {dagbag.py:538} INFO - Filling up the DagBag from /Users/gaurav/Documents/Breast-Cancer-ML-Pipeline/venv/lib/python3.9/site-packages/airflow/example_dags/example_sensors.py
[2025-04-21T17:16:23.869-0400] {processor.py:840} INFO - DAG(s) 'example_sensors' retrieved from /Users/gaurav/Documents/Breast-Cancer-ML-Pipeline/venv/lib/python3.9/site-packages/airflow/example_dags/example_sensors.py
[2025-04-21T17:16:23.946-0400] {logging_mixin.py:188} INFO - [2025-04-21T17:16:23.945-0400] {dag.py:3036} INFO - Sync 1 DAGs
[2025-04-21T17:16:23.952-0400] {logging_mixin.py:188} INFO - [2025-04-21T17:16:23.952-0400] {dag.py:3823} INFO - Setting next_dagrun for example_sensors to None, run_after=None
[2025-04-21T17:16:23.964-0400] {processor.py:183} INFO - Processing /Users/gaurav/Documents/Breast-Cancer-ML-Pipeline/venv/lib/python3.9/site-packages/airflow/example_dags/example_sensors.py took 0.109 seconds
[2025-04-21T17:17:37.641-0400] {processor.py:161} INFO - Started process (PID=86221) to work on /Users/gaurav/Documents/Breast-Cancer-ML-Pipeline/venv/lib/python3.9/site-packages/airflow/example_dags/example_sensors.py
[2025-04-21T17:17:37.643-0400] {processor.py:830} INFO - Processing file /Users/gaurav/Documents/Breast-Cancer-ML-Pipeline/venv/lib/python3.9/site-packages/airflow/example_dags/example_sensors.py for tasks to queue
[2025-04-21T17:17:37.643-0400] {logging_mixin.py:188} INFO - [2025-04-21T17:17:37.643-0400] {dagbag.py:538} INFO - Filling up the DagBag from /Users/gaurav/Documents/Breast-Cancer-ML-Pipeline/venv/lib/python3.9/site-packages/airflow/example_dags/example_sensors.py
[2025-04-21T17:17:37.654-0400] {processor.py:840} INFO - DAG(s) 'example_sensors' retrieved from /Users/gaurav/Documents/Breast-Cancer-ML-Pipeline/venv/lib/python3.9/site-packages/airflow/example_dags/example_sensors.py
[2025-04-21T17:17:37.729-0400] {logging_mixin.py:188} INFO - [2025-04-21T17:17:37.729-0400] {dag.py:3036} INFO - Sync 1 DAGs
[2025-04-21T17:17:37.736-0400] {logging_mixin.py:188} INFO - [2025-04-21T17:17:37.735-0400] {dag.py:3823} INFO - Setting next_dagrun for example_sensors to None, run_after=None
[2025-04-21T17:17:37.751-0400] {processor.py:183} INFO - Processing /Users/gaurav/Documents/Breast-Cancer-ML-Pipeline/venv/lib/python3.9/site-packages/airflow/example_dags/example_sensors.py took 0.110 seconds
[2025-04-21T17:18:53.471-0400] {processor.py:161} INFO - Started process (PID=86315) to work on /Users/gaurav/Documents/Breast-Cancer-ML-Pipeline/venv/lib/python3.9/site-packages/airflow/example_dags/example_sensors.py
[2025-04-21T17:18:53.473-0400] {processor.py:830} INFO - Processing file /Users/gaurav/Documents/Breast-Cancer-ML-Pipeline/venv/lib/python3.9/site-packages/airflow/example_dags/example_sensors.py for tasks to queue
[2025-04-21T17:18:53.473-0400] {logging_mixin.py:188} INFO - [2025-04-21T17:18:53.473-0400] {dagbag.py:538} INFO - Filling up the DagBag from /Users/gaurav/Documents/Breast-Cancer-ML-Pipeline/venv/lib/python3.9/site-packages/airflow/example_dags/example_sensors.py
[2025-04-21T17:18:53.484-0400] {processor.py:840} INFO - DAG(s) 'example_sensors' retrieved from /Users/gaurav/Documents/Breast-Cancer-ML-Pipeline/venv/lib/python3.9/site-packages/airflow/example_dags/example_sensors.py
[2025-04-21T17:18:53.563-0400] {logging_mixin.py:188} INFO - [2025-04-21T17:18:53.563-0400] {dag.py:3036} INFO - Sync 1 DAGs
[2025-04-21T17:18:53.569-0400] {logging_mixin.py:188} INFO - [2025-04-21T17:18:53.569-0400] {dag.py:3823} INFO - Setting next_dagrun for example_sensors to None, run_after=None
[2025-04-21T17:18:53.582-0400] {processor.py:183} INFO - Processing /Users/gaurav/Documents/Breast-Cancer-ML-Pipeline/venv/lib/python3.9/site-packages/airflow/example_dags/example_sensors.py took 0.112 seconds
[2025-04-21T17:20:08.860-0400] {processor.py:161} INFO - Started process (PID=86408) to work on /Users/gaurav/Documents/Breast-Cancer-ML-Pipeline/venv/lib/python3.9/site-packages/airflow/example_dags/example_sensors.py
[2025-04-21T17:20:08.862-0400] {processor.py:830} INFO - Processing file /Users/gaurav/Documents/Breast-Cancer-ML-Pipeline/venv/lib/python3.9/site-packages/airflow/example_dags/example_sensors.py for tasks to queue
[2025-04-21T17:20:08.862-0400] {logging_mixin.py:188} INFO - [2025-04-21T17:20:08.862-0400] {dagbag.py:538} INFO - Filling up the DagBag from /Users/gaurav/Documents/Breast-Cancer-ML-Pipeline/venv/lib/python3.9/site-packages/airflow/example_dags/example_sensors.py
[2025-04-21T17:20:08.873-0400] {processor.py:840} INFO - DAG(s) 'example_sensors' retrieved from /Users/gaurav/Documents/Breast-Cancer-ML-Pipeline/venv/lib/python3.9/site-packages/airflow/example_dags/example_sensors.py
[2025-04-21T17:20:08.949-0400] {logging_mixin.py:188} INFO - [2025-04-21T17:20:08.949-0400] {dag.py:3036} INFO - Sync 1 DAGs
[2025-04-21T17:20:08.955-0400] {logging_mixin.py:188} INFO - [2025-04-21T17:20:08.955-0400] {dag.py:3823} INFO - Setting next_dagrun for example_sensors to None, run_after=None
[2025-04-21T17:20:08.967-0400] {processor.py:183} INFO - Processing /Users/gaurav/Documents/Breast-Cancer-ML-Pipeline/venv/lib/python3.9/site-packages/airflow/example_dags/example_sensors.py took 0.108 seconds
[2025-04-21T17:22:02.507-0400] {processor.py:161} INFO - Started process (PID=86517) to work on /Users/gaurav/Documents/Breast-Cancer-ML-Pipeline/venv/lib/python3.9/site-packages/airflow/example_dags/example_sensors.py
[2025-04-21T17:22:02.509-0400] {processor.py:830} INFO - Processing file /Users/gaurav/Documents/Breast-Cancer-ML-Pipeline/venv/lib/python3.9/site-packages/airflow/example_dags/example_sensors.py for tasks to queue
[2025-04-21T17:22:02.509-0400] {logging_mixin.py:188} INFO - [2025-04-21T17:22:02.509-0400] {dagbag.py:538} INFO - Filling up the DagBag from /Users/gaurav/Documents/Breast-Cancer-ML-Pipeline/venv/lib/python3.9/site-packages/airflow/example_dags/example_sensors.py
[2025-04-21T17:22:02.520-0400] {processor.py:840} INFO - DAG(s) 'example_sensors' retrieved from /Users/gaurav/Documents/Breast-Cancer-ML-Pipeline/venv/lib/python3.9/site-packages/airflow/example_dags/example_sensors.py
[2025-04-21T17:22:02.660-0400] {logging_mixin.py:188} INFO - [2025-04-21T17:22:02.660-0400] {dag.py:3036} INFO - Sync 1 DAGs
[2025-04-21T17:22:02.667-0400] {logging_mixin.py:188} INFO - [2025-04-21T17:22:02.667-0400] {dag.py:3823} INFO - Setting next_dagrun for example_sensors to None, run_after=None
[2025-04-21T17:22:02.682-0400] {processor.py:183} INFO - Processing /Users/gaurav/Documents/Breast-Cancer-ML-Pipeline/venv/lib/python3.9/site-packages/airflow/example_dags/example_sensors.py took 0.176 seconds
[2025-04-21T17:23:24.444-0400] {processor.py:161} INFO - Started process (PID=86604) to work on /Users/gaurav/Documents/Breast-Cancer-ML-Pipeline/venv/lib/python3.9/site-packages/airflow/example_dags/example_sensors.py
[2025-04-21T17:23:24.445-0400] {processor.py:830} INFO - Processing file /Users/gaurav/Documents/Breast-Cancer-ML-Pipeline/venv/lib/python3.9/site-packages/airflow/example_dags/example_sensors.py for tasks to queue
[2025-04-21T17:23:24.446-0400] {logging_mixin.py:188} INFO - [2025-04-21T17:23:24.445-0400] {dagbag.py:538} INFO - Filling up the DagBag from /Users/gaurav/Documents/Breast-Cancer-ML-Pipeline/venv/lib/python3.9/site-packages/airflow/example_dags/example_sensors.py
[2025-04-21T17:23:24.459-0400] {processor.py:840} INFO - DAG(s) 'example_sensors' retrieved from /Users/gaurav/Documents/Breast-Cancer-ML-Pipeline/venv/lib/python3.9/site-packages/airflow/example_dags/example_sensors.py
[2025-04-21T17:23:24.556-0400] {logging_mixin.py:188} INFO - [2025-04-21T17:23:24.556-0400] {dag.py:3036} INFO - Sync 1 DAGs
[2025-04-21T17:23:24.570-0400] {logging_mixin.py:188} INFO - [2025-04-21T17:23:24.569-0400] {dag.py:3823} INFO - Setting next_dagrun for example_sensors to None, run_after=None
[2025-04-21T17:23:24.588-0400] {processor.py:183} INFO - Processing /Users/gaurav/Documents/Breast-Cancer-ML-Pipeline/venv/lib/python3.9/site-packages/airflow/example_dags/example_sensors.py took 0.146 seconds
[2025-04-21T17:24:41.898-0400] {processor.py:161} INFO - Started process (PID=86702) to work on /Users/gaurav/Documents/Breast-Cancer-ML-Pipeline/venv/lib/python3.9/site-packages/airflow/example_dags/example_sensors.py
[2025-04-21T17:24:41.900-0400] {processor.py:830} INFO - Processing file /Users/gaurav/Documents/Breast-Cancer-ML-Pipeline/venv/lib/python3.9/site-packages/airflow/example_dags/example_sensors.py for tasks to queue
[2025-04-21T17:24:41.900-0400] {logging_mixin.py:188} INFO - [2025-04-21T17:24:41.900-0400] {dagbag.py:538} INFO - Filling up the DagBag from /Users/gaurav/Documents/Breast-Cancer-ML-Pipeline/venv/lib/python3.9/site-packages/airflow/example_dags/example_sensors.py
[2025-04-21T17:24:41.911-0400] {processor.py:840} INFO - DAG(s) 'example_sensors' retrieved from /Users/gaurav/Documents/Breast-Cancer-ML-Pipeline/venv/lib/python3.9/site-packages/airflow/example_dags/example_sensors.py
[2025-04-21T17:24:41.996-0400] {logging_mixin.py:188} INFO - [2025-04-21T17:24:41.996-0400] {dag.py:3036} INFO - Sync 1 DAGs
[2025-04-21T17:24:42.003-0400] {logging_mixin.py:188} INFO - [2025-04-21T17:24:42.003-0400] {dag.py:3823} INFO - Setting next_dagrun for example_sensors to None, run_after=None
[2025-04-21T17:24:42.016-0400] {processor.py:183} INFO - Processing /Users/gaurav/Documents/Breast-Cancer-ML-Pipeline/venv/lib/python3.9/site-packages/airflow/example_dags/example_sensors.py took 0.120 seconds
[2025-04-21T17:25:59.892-0400] {processor.py:161} INFO - Started process (PID=86815) to work on /Users/gaurav/Documents/Breast-Cancer-ML-Pipeline/venv/lib/python3.9/site-packages/airflow/example_dags/example_sensors.py
[2025-04-21T17:25:59.894-0400] {processor.py:830} INFO - Processing file /Users/gaurav/Documents/Breast-Cancer-ML-Pipeline/venv/lib/python3.9/site-packages/airflow/example_dags/example_sensors.py for tasks to queue
[2025-04-21T17:25:59.895-0400] {logging_mixin.py:188} INFO - [2025-04-21T17:25:59.895-0400] {dagbag.py:538} INFO - Filling up the DagBag from /Users/gaurav/Documents/Breast-Cancer-ML-Pipeline/venv/lib/python3.9/site-packages/airflow/example_dags/example_sensors.py
[2025-04-21T17:25:59.906-0400] {processor.py:840} INFO - DAG(s) 'example_sensors' retrieved from /Users/gaurav/Documents/Breast-Cancer-ML-Pipeline/venv/lib/python3.9/site-packages/airflow/example_dags/example_sensors.py
[2025-04-21T17:25:59.981-0400] {logging_mixin.py:188} INFO - [2025-04-21T17:25:59.981-0400] {dag.py:3036} INFO - Sync 1 DAGs
[2025-04-21T17:25:59.988-0400] {logging_mixin.py:188} INFO - [2025-04-21T17:25:59.988-0400] {dag.py:3823} INFO - Setting next_dagrun for example_sensors to None, run_after=None
[2025-04-21T17:26:00.000-0400] {processor.py:183} INFO - Processing /Users/gaurav/Documents/Breast-Cancer-ML-Pipeline/venv/lib/python3.9/site-packages/airflow/example_dags/example_sensors.py took 0.108 seconds
[2025-04-21T17:27:15.965-0400] {processor.py:161} INFO - Started process (PID=86914) to work on /Users/gaurav/Documents/Breast-Cancer-ML-Pipeline/venv/lib/python3.9/site-packages/airflow/example_dags/example_sensors.py
[2025-04-21T17:27:15.967-0400] {processor.py:830} INFO - Processing file /Users/gaurav/Documents/Breast-Cancer-ML-Pipeline/venv/lib/python3.9/site-packages/airflow/example_dags/example_sensors.py for tasks to queue
[2025-04-21T17:27:15.967-0400] {logging_mixin.py:188} INFO - [2025-04-21T17:27:15.967-0400] {dagbag.py:538} INFO - Filling up the DagBag from /Users/gaurav/Documents/Breast-Cancer-ML-Pipeline/venv/lib/python3.9/site-packages/airflow/example_dags/example_sensors.py
[2025-04-21T17:27:15.977-0400] {processor.py:840} INFO - DAG(s) 'example_sensors' retrieved from /Users/gaurav/Documents/Breast-Cancer-ML-Pipeline/venv/lib/python3.9/site-packages/airflow/example_dags/example_sensors.py
[2025-04-21T17:27:16.051-0400] {logging_mixin.py:188} INFO - [2025-04-21T17:27:16.051-0400] {dag.py:3036} INFO - Sync 1 DAGs
[2025-04-21T17:27:16.058-0400] {logging_mixin.py:188} INFO - [2025-04-21T17:27:16.058-0400] {dag.py:3823} INFO - Setting next_dagrun for example_sensors to None, run_after=None
[2025-04-21T17:27:16.070-0400] {processor.py:183} INFO - Processing /Users/gaurav/Documents/Breast-Cancer-ML-Pipeline/venv/lib/python3.9/site-packages/airflow/example_dags/example_sensors.py took 0.105 seconds
[2025-04-21T17:29:33.260-0400] {processor.py:161} INFO - Started process (PID=87121) to work on /Users/gaurav/Documents/Breast-Cancer-ML-Pipeline/venv/lib/python3.9/site-packages/airflow/example_dags/example_sensors.py
[2025-04-21T17:29:33.262-0400] {processor.py:830} INFO - Processing file /Users/gaurav/Documents/Breast-Cancer-ML-Pipeline/venv/lib/python3.9/site-packages/airflow/example_dags/example_sensors.py for tasks to queue
[2025-04-21T17:29:33.263-0400] {logging_mixin.py:188} INFO - [2025-04-21T17:29:33.263-0400] {dagbag.py:538} INFO - Filling up the DagBag from /Users/gaurav/Documents/Breast-Cancer-ML-Pipeline/venv/lib/python3.9/site-packages/airflow/example_dags/example_sensors.py
[2025-04-21T17:29:33.274-0400] {processor.py:840} INFO - DAG(s) 'example_sensors' retrieved from /Users/gaurav/Documents/Breast-Cancer-ML-Pipeline/venv/lib/python3.9/site-packages/airflow/example_dags/example_sensors.py
[2025-04-21T17:29:33.352-0400] {logging_mixin.py:188} INFO - [2025-04-21T17:29:33.352-0400] {dag.py:3036} INFO - Sync 1 DAGs
[2025-04-21T17:29:33.358-0400] {logging_mixin.py:188} INFO - [2025-04-21T17:29:33.358-0400] {dag.py:3823} INFO - Setting next_dagrun for example_sensors to None, run_after=None
[2025-04-21T17:29:33.370-0400] {processor.py:183} INFO - Processing /Users/gaurav/Documents/Breast-Cancer-ML-Pipeline/venv/lib/python3.9/site-packages/airflow/example_dags/example_sensors.py took 0.111 seconds
[2025-04-21T17:30:50.127-0400] {processor.py:161} INFO - Started process (PID=87206) to work on /Users/gaurav/Documents/Breast-Cancer-ML-Pipeline/venv/lib/python3.9/site-packages/airflow/example_dags/example_sensors.py
[2025-04-21T17:30:50.129-0400] {processor.py:830} INFO - Processing file /Users/gaurav/Documents/Breast-Cancer-ML-Pipeline/venv/lib/python3.9/site-packages/airflow/example_dags/example_sensors.py for tasks to queue
[2025-04-21T17:30:50.130-0400] {logging_mixin.py:188} INFO - [2025-04-21T17:30:50.129-0400] {dagbag.py:538} INFO - Filling up the DagBag from /Users/gaurav/Documents/Breast-Cancer-ML-Pipeline/venv/lib/python3.9/site-packages/airflow/example_dags/example_sensors.py
[2025-04-21T17:30:50.140-0400] {processor.py:840} INFO - DAG(s) 'example_sensors' retrieved from /Users/gaurav/Documents/Breast-Cancer-ML-Pipeline/venv/lib/python3.9/site-packages/airflow/example_dags/example_sensors.py
[2025-04-21T17:30:50.222-0400] {logging_mixin.py:188} INFO - [2025-04-21T17:30:50.221-0400] {dag.py:3036} INFO - Sync 1 DAGs
[2025-04-21T17:30:50.228-0400] {logging_mixin.py:188} INFO - [2025-04-21T17:30:50.228-0400] {dag.py:3823} INFO - Setting next_dagrun for example_sensors to None, run_after=None
[2025-04-21T17:30:50.242-0400] {processor.py:183} INFO - Processing /Users/gaurav/Documents/Breast-Cancer-ML-Pipeline/venv/lib/python3.9/site-packages/airflow/example_dags/example_sensors.py took 0.116 seconds
[2025-04-21T17:37:08.412-0400] {processor.py:161} INFO - Started process (PID=87603) to work on /Users/gaurav/Documents/Breast-Cancer-ML-Pipeline/venv/lib/python3.9/site-packages/airflow/example_dags/example_sensors.py
[2025-04-21T17:37:08.414-0400] {processor.py:830} INFO - Processing file /Users/gaurav/Documents/Breast-Cancer-ML-Pipeline/venv/lib/python3.9/site-packages/airflow/example_dags/example_sensors.py for tasks to queue
[2025-04-21T17:37:08.415-0400] {logging_mixin.py:188} INFO - [2025-04-21T17:37:08.415-0400] {dagbag.py:538} INFO - Filling up the DagBag from /Users/gaurav/Documents/Breast-Cancer-ML-Pipeline/venv/lib/python3.9/site-packages/airflow/example_dags/example_sensors.py
[2025-04-21T17:37:08.425-0400] {processor.py:840} INFO - DAG(s) 'example_sensors' retrieved from /Users/gaurav/Documents/Breast-Cancer-ML-Pipeline/venv/lib/python3.9/site-packages/airflow/example_dags/example_sensors.py
[2025-04-21T17:37:08.558-0400] {logging_mixin.py:188} INFO - [2025-04-21T17:37:08.557-0400] {dag.py:3036} INFO - Sync 1 DAGs
[2025-04-21T17:37:08.564-0400] {logging_mixin.py:188} INFO - [2025-04-21T17:37:08.564-0400] {dag.py:3823} INFO - Setting next_dagrun for example_sensors to None, run_after=None
[2025-04-21T17:37:08.578-0400] {processor.py:183} INFO - Processing /Users/gaurav/Documents/Breast-Cancer-ML-Pipeline/venv/lib/python3.9/site-packages/airflow/example_dags/example_sensors.py took 0.166 seconds
[2025-04-21T17:38:57.946-0400] {processor.py:161} INFO - Started process (PID=87876) to work on /Users/gaurav/Documents/Breast-Cancer-ML-Pipeline/venv/lib/python3.9/site-packages/airflow/example_dags/example_sensors.py
[2025-04-21T17:38:57.948-0400] {processor.py:830} INFO - Processing file /Users/gaurav/Documents/Breast-Cancer-ML-Pipeline/venv/lib/python3.9/site-packages/airflow/example_dags/example_sensors.py for tasks to queue
[2025-04-21T17:38:57.949-0400] {logging_mixin.py:188} INFO - [2025-04-21T17:38:57.949-0400] {dagbag.py:538} INFO - Filling up the DagBag from /Users/gaurav/Documents/Breast-Cancer-ML-Pipeline/venv/lib/python3.9/site-packages/airflow/example_dags/example_sensors.py
[2025-04-21T17:38:57.959-0400] {processor.py:840} INFO - DAG(s) 'example_sensors' retrieved from /Users/gaurav/Documents/Breast-Cancer-ML-Pipeline/venv/lib/python3.9/site-packages/airflow/example_dags/example_sensors.py
[2025-04-21T17:38:58.033-0400] {logging_mixin.py:188} INFO - [2025-04-21T17:38:58.033-0400] {dag.py:3036} INFO - Sync 1 DAGs
[2025-04-21T17:38:58.039-0400] {logging_mixin.py:188} INFO - [2025-04-21T17:38:58.039-0400] {dag.py:3823} INFO - Setting next_dagrun for example_sensors to None, run_after=None
[2025-04-21T17:38:58.051-0400] {processor.py:183} INFO - Processing /Users/gaurav/Documents/Breast-Cancer-ML-Pipeline/venv/lib/python3.9/site-packages/airflow/example_dags/example_sensors.py took 0.105 seconds
[2025-04-21T17:41:34.341-0400] {processor.py:161} INFO - Started process (PID=88106) to work on /Users/gaurav/Documents/Breast-Cancer-ML-Pipeline/venv/lib/python3.9/site-packages/airflow/example_dags/example_sensors.py
[2025-04-21T17:41:34.342-0400] {processor.py:830} INFO - Processing file /Users/gaurav/Documents/Breast-Cancer-ML-Pipeline/venv/lib/python3.9/site-packages/airflow/example_dags/example_sensors.py for tasks to queue
[2025-04-21T17:41:34.343-0400] {logging_mixin.py:188} INFO - [2025-04-21T17:41:34.343-0400] {dagbag.py:538} INFO - Filling up the DagBag from /Users/gaurav/Documents/Breast-Cancer-ML-Pipeline/venv/lib/python3.9/site-packages/airflow/example_dags/example_sensors.py
[2025-04-21T17:41:34.353-0400] {processor.py:840} INFO - DAG(s) 'example_sensors' retrieved from /Users/gaurav/Documents/Breast-Cancer-ML-Pipeline/venv/lib/python3.9/site-packages/airflow/example_dags/example_sensors.py
[2025-04-21T17:41:34.429-0400] {logging_mixin.py:188} INFO - [2025-04-21T17:41:34.428-0400] {dag.py:3036} INFO - Sync 1 DAGs
[2025-04-21T17:41:34.435-0400] {logging_mixin.py:188} INFO - [2025-04-21T17:41:34.435-0400] {dag.py:3823} INFO - Setting next_dagrun for example_sensors to None, run_after=None
[2025-04-21T17:41:34.447-0400] {processor.py:183} INFO - Processing /Users/gaurav/Documents/Breast-Cancer-ML-Pipeline/venv/lib/python3.9/site-packages/airflow/example_dags/example_sensors.py took 0.107 seconds
[2025-04-21T17:42:47.635-0400] {processor.py:161} INFO - Started process (PID=88191) to work on /Users/gaurav/Documents/Breast-Cancer-ML-Pipeline/venv/lib/python3.9/site-packages/airflow/example_dags/example_sensors.py
[2025-04-21T17:42:47.638-0400] {processor.py:830} INFO - Processing file /Users/gaurav/Documents/Breast-Cancer-ML-Pipeline/venv/lib/python3.9/site-packages/airflow/example_dags/example_sensors.py for tasks to queue
[2025-04-21T17:42:47.638-0400] {logging_mixin.py:188} INFO - [2025-04-21T17:42:47.638-0400] {dagbag.py:538} INFO - Filling up the DagBag from /Users/gaurav/Documents/Breast-Cancer-ML-Pipeline/venv/lib/python3.9/site-packages/airflow/example_dags/example_sensors.py
[2025-04-21T17:42:47.650-0400] {processor.py:840} INFO - DAG(s) 'example_sensors' retrieved from /Users/gaurav/Documents/Breast-Cancer-ML-Pipeline/venv/lib/python3.9/site-packages/airflow/example_dags/example_sensors.py
[2025-04-21T17:42:47.726-0400] {logging_mixin.py:188} INFO - [2025-04-21T17:42:47.726-0400] {dag.py:3036} INFO - Sync 1 DAGs
[2025-04-21T17:42:47.732-0400] {logging_mixin.py:188} INFO - [2025-04-21T17:42:47.732-0400] {dag.py:3823} INFO - Setting next_dagrun for example_sensors to None, run_after=None
[2025-04-21T17:42:47.744-0400] {processor.py:183} INFO - Processing /Users/gaurav/Documents/Breast-Cancer-ML-Pipeline/venv/lib/python3.9/site-packages/airflow/example_dags/example_sensors.py took 0.109 seconds
[2025-04-21T17:43:59.485-0400] {processor.py:161} INFO - Started process (PID=88278) to work on /Users/gaurav/Documents/Breast-Cancer-ML-Pipeline/venv/lib/python3.9/site-packages/airflow/example_dags/example_sensors.py
[2025-04-21T17:43:59.487-0400] {processor.py:830} INFO - Processing file /Users/gaurav/Documents/Breast-Cancer-ML-Pipeline/venv/lib/python3.9/site-packages/airflow/example_dags/example_sensors.py for tasks to queue
[2025-04-21T17:43:59.488-0400] {logging_mixin.py:188} INFO - [2025-04-21T17:43:59.488-0400] {dagbag.py:538} INFO - Filling up the DagBag from /Users/gaurav/Documents/Breast-Cancer-ML-Pipeline/venv/lib/python3.9/site-packages/airflow/example_dags/example_sensors.py
[2025-04-21T17:43:59.502-0400] {processor.py:840} INFO - DAG(s) 'example_sensors' retrieved from /Users/gaurav/Documents/Breast-Cancer-ML-Pipeline/venv/lib/python3.9/site-packages/airflow/example_dags/example_sensors.py
[2025-04-21T17:43:59.589-0400] {logging_mixin.py:188} INFO - [2025-04-21T17:43:59.589-0400] {dag.py:3036} INFO - Sync 1 DAGs
[2025-04-21T17:43:59.596-0400] {logging_mixin.py:188} INFO - [2025-04-21T17:43:59.596-0400] {dag.py:3823} INFO - Setting next_dagrun for example_sensors to None, run_after=None
[2025-04-21T17:43:59.611-0400] {processor.py:183} INFO - Processing /Users/gaurav/Documents/Breast-Cancer-ML-Pipeline/venv/lib/python3.9/site-packages/airflow/example_dags/example_sensors.py took 0.127 seconds
[2025-04-21T17:45:08.608-0400] {processor.py:161} INFO - Started process (PID=88373) to work on /Users/gaurav/Documents/Breast-Cancer-ML-Pipeline/venv/lib/python3.9/site-packages/airflow/example_dags/example_sensors.py
[2025-04-21T17:45:08.610-0400] {processor.py:830} INFO - Processing file /Users/gaurav/Documents/Breast-Cancer-ML-Pipeline/venv/lib/python3.9/site-packages/airflow/example_dags/example_sensors.py for tasks to queue
[2025-04-21T17:45:08.610-0400] {logging_mixin.py:188} INFO - [2025-04-21T17:45:08.610-0400] {dagbag.py:538} INFO - Filling up the DagBag from /Users/gaurav/Documents/Breast-Cancer-ML-Pipeline/venv/lib/python3.9/site-packages/airflow/example_dags/example_sensors.py
[2025-04-21T17:45:08.619-0400] {processor.py:840} INFO - DAG(s) 'example_sensors' retrieved from /Users/gaurav/Documents/Breast-Cancer-ML-Pipeline/venv/lib/python3.9/site-packages/airflow/example_dags/example_sensors.py
[2025-04-21T17:45:08.679-0400] {logging_mixin.py:188} INFO - [2025-04-21T17:45:08.679-0400] {dag.py:3036} INFO - Sync 1 DAGs
[2025-04-21T17:45:08.684-0400] {logging_mixin.py:188} INFO - [2025-04-21T17:45:08.684-0400] {dag.py:3823} INFO - Setting next_dagrun for example_sensors to None, run_after=None
[2025-04-21T17:45:08.694-0400] {processor.py:183} INFO - Processing /Users/gaurav/Documents/Breast-Cancer-ML-Pipeline/venv/lib/python3.9/site-packages/airflow/example_dags/example_sensors.py took 0.086 seconds
[2025-04-21T17:46:02.184-0400] {processor.py:161} INFO - Started process (PID=88497) to work on /Users/gaurav/Documents/Breast-Cancer-ML-Pipeline/venv/lib/python3.9/site-packages/airflow/example_dags/example_sensors.py
[2025-04-21T17:46:02.185-0400] {processor.py:830} INFO - Processing file /Users/gaurav/Documents/Breast-Cancer-ML-Pipeline/venv/lib/python3.9/site-packages/airflow/example_dags/example_sensors.py for tasks to queue
[2025-04-21T17:46:02.185-0400] {logging_mixin.py:188} INFO - [2025-04-21T17:46:02.185-0400] {dagbag.py:538} INFO - Filling up the DagBag from /Users/gaurav/Documents/Breast-Cancer-ML-Pipeline/venv/lib/python3.9/site-packages/airflow/example_dags/example_sensors.py
[2025-04-21T17:46:02.194-0400] {processor.py:840} INFO - DAG(s) 'example_sensors' retrieved from /Users/gaurav/Documents/Breast-Cancer-ML-Pipeline/venv/lib/python3.9/site-packages/airflow/example_dags/example_sensors.py
[2025-04-21T17:46:02.258-0400] {logging_mixin.py:188} INFO - [2025-04-21T17:46:02.258-0400] {dag.py:3036} INFO - Sync 1 DAGs
[2025-04-21T17:46:02.263-0400] {logging_mixin.py:188} INFO - [2025-04-21T17:46:02.263-0400] {dag.py:3823} INFO - Setting next_dagrun for example_sensors to None, run_after=None
[2025-04-21T17:46:02.275-0400] {processor.py:183} INFO - Processing /Users/gaurav/Documents/Breast-Cancer-ML-Pipeline/venv/lib/python3.9/site-packages/airflow/example_dags/example_sensors.py took 0.092 seconds
[2025-04-21T17:46:55.575-0400] {processor.py:161} INFO - Started process (PID=88572) to work on /Users/gaurav/Documents/Breast-Cancer-ML-Pipeline/venv/lib/python3.9/site-packages/airflow/example_dags/example_sensors.py
[2025-04-21T17:46:55.576-0400] {processor.py:830} INFO - Processing file /Users/gaurav/Documents/Breast-Cancer-ML-Pipeline/venv/lib/python3.9/site-packages/airflow/example_dags/example_sensors.py for tasks to queue
[2025-04-21T17:46:55.576-0400] {logging_mixin.py:188} INFO - [2025-04-21T17:46:55.576-0400] {dagbag.py:538} INFO - Filling up the DagBag from /Users/gaurav/Documents/Breast-Cancer-ML-Pipeline/venv/lib/python3.9/site-packages/airflow/example_dags/example_sensors.py
[2025-04-21T17:46:55.585-0400] {processor.py:840} INFO - DAG(s) 'example_sensors' retrieved from /Users/gaurav/Documents/Breast-Cancer-ML-Pipeline/venv/lib/python3.9/site-packages/airflow/example_dags/example_sensors.py
[2025-04-21T17:46:55.644-0400] {logging_mixin.py:188} INFO - [2025-04-21T17:46:55.644-0400] {dag.py:3036} INFO - Sync 1 DAGs
[2025-04-21T17:46:55.649-0400] {logging_mixin.py:188} INFO - [2025-04-21T17:46:55.649-0400] {dag.py:3823} INFO - Setting next_dagrun for example_sensors to None, run_after=None
[2025-04-21T17:46:55.659-0400] {processor.py:183} INFO - Processing /Users/gaurav/Documents/Breast-Cancer-ML-Pipeline/venv/lib/python3.9/site-packages/airflow/example_dags/example_sensors.py took 0.085 seconds
[2025-04-21T17:47:49.522-0400] {processor.py:161} INFO - Started process (PID=88640) to work on /Users/gaurav/Documents/Breast-Cancer-ML-Pipeline/venv/lib/python3.9/site-packages/airflow/example_dags/example_sensors.py
[2025-04-21T17:47:49.524-0400] {processor.py:830} INFO - Processing file /Users/gaurav/Documents/Breast-Cancer-ML-Pipeline/venv/lib/python3.9/site-packages/airflow/example_dags/example_sensors.py for tasks to queue
[2025-04-21T17:47:49.524-0400] {logging_mixin.py:188} INFO - [2025-04-21T17:47:49.524-0400] {dagbag.py:538} INFO - Filling up the DagBag from /Users/gaurav/Documents/Breast-Cancer-ML-Pipeline/venv/lib/python3.9/site-packages/airflow/example_dags/example_sensors.py
[2025-04-21T17:47:49.533-0400] {processor.py:840} INFO - DAG(s) 'example_sensors' retrieved from /Users/gaurav/Documents/Breast-Cancer-ML-Pipeline/venv/lib/python3.9/site-packages/airflow/example_dags/example_sensors.py
[2025-04-21T17:47:49.594-0400] {logging_mixin.py:188} INFO - [2025-04-21T17:47:49.594-0400] {dag.py:3036} INFO - Sync 1 DAGs
[2025-04-21T17:47:49.599-0400] {logging_mixin.py:188} INFO - [2025-04-21T17:47:49.599-0400] {dag.py:3823} INFO - Setting next_dagrun for example_sensors to None, run_after=None
[2025-04-21T17:47:49.608-0400] {processor.py:183} INFO - Processing /Users/gaurav/Documents/Breast-Cancer-ML-Pipeline/venv/lib/python3.9/site-packages/airflow/example_dags/example_sensors.py took 0.087 seconds
[2025-04-21T17:48:50.515-0400] {processor.py:161} INFO - Started process (PID=88728) to work on /Users/gaurav/Documents/Breast-Cancer-ML-Pipeline/venv/lib/python3.9/site-packages/airflow/example_dags/example_sensors.py
[2025-04-21T17:48:50.517-0400] {processor.py:830} INFO - Processing file /Users/gaurav/Documents/Breast-Cancer-ML-Pipeline/venv/lib/python3.9/site-packages/airflow/example_dags/example_sensors.py for tasks to queue
[2025-04-21T17:48:50.517-0400] {logging_mixin.py:188} INFO - [2025-04-21T17:48:50.517-0400] {dagbag.py:538} INFO - Filling up the DagBag from /Users/gaurav/Documents/Breast-Cancer-ML-Pipeline/venv/lib/python3.9/site-packages/airflow/example_dags/example_sensors.py
[2025-04-21T17:48:50.526-0400] {processor.py:840} INFO - DAG(s) 'example_sensors' retrieved from /Users/gaurav/Documents/Breast-Cancer-ML-Pipeline/venv/lib/python3.9/site-packages/airflow/example_dags/example_sensors.py
[2025-04-21T17:48:50.583-0400] {logging_mixin.py:188} INFO - [2025-04-21T17:48:50.583-0400] {dag.py:3036} INFO - Sync 1 DAGs
[2025-04-21T17:48:50.588-0400] {logging_mixin.py:188} INFO - [2025-04-21T17:48:50.588-0400] {dag.py:3823} INFO - Setting next_dagrun for example_sensors to None, run_after=None
[2025-04-21T17:48:50.598-0400] {processor.py:183} INFO - Processing /Users/gaurav/Documents/Breast-Cancer-ML-Pipeline/venv/lib/python3.9/site-packages/airflow/example_dags/example_sensors.py took 0.083 seconds
[2025-04-21T17:49:35.152-0400] {processor.py:161} INFO - Started process (PID=88788) to work on /Users/gaurav/Documents/Breast-Cancer-ML-Pipeline/venv/lib/python3.9/site-packages/airflow/example_dags/example_sensors.py
[2025-04-21T17:49:35.153-0400] {processor.py:830} INFO - Processing file /Users/gaurav/Documents/Breast-Cancer-ML-Pipeline/venv/lib/python3.9/site-packages/airflow/example_dags/example_sensors.py for tasks to queue
[2025-04-21T17:49:35.154-0400] {logging_mixin.py:188} INFO - [2025-04-21T17:49:35.154-0400] {dagbag.py:538} INFO - Filling up the DagBag from /Users/gaurav/Documents/Breast-Cancer-ML-Pipeline/venv/lib/python3.9/site-packages/airflow/example_dags/example_sensors.py
[2025-04-21T17:49:35.162-0400] {processor.py:840} INFO - DAG(s) 'example_sensors' retrieved from /Users/gaurav/Documents/Breast-Cancer-ML-Pipeline/venv/lib/python3.9/site-packages/airflow/example_dags/example_sensors.py
[2025-04-21T17:49:35.222-0400] {logging_mixin.py:188} INFO - [2025-04-21T17:49:35.222-0400] {dag.py:3036} INFO - Sync 1 DAGs
[2025-04-21T17:49:35.227-0400] {logging_mixin.py:188} INFO - [2025-04-21T17:49:35.227-0400] {dag.py:3823} INFO - Setting next_dagrun for example_sensors to None, run_after=None
[2025-04-21T17:49:35.238-0400] {processor.py:183} INFO - Processing /Users/gaurav/Documents/Breast-Cancer-ML-Pipeline/venv/lib/python3.9/site-packages/airflow/example_dags/example_sensors.py took 0.086 seconds
[2025-04-21T17:50:22.611-0400] {processor.py:161} INFO - Started process (PID=88849) to work on /Users/gaurav/Documents/Breast-Cancer-ML-Pipeline/venv/lib/python3.9/site-packages/airflow/example_dags/example_sensors.py
[2025-04-21T17:50:22.612-0400] {processor.py:830} INFO - Processing file /Users/gaurav/Documents/Breast-Cancer-ML-Pipeline/venv/lib/python3.9/site-packages/airflow/example_dags/example_sensors.py for tasks to queue
[2025-04-21T17:50:22.612-0400] {logging_mixin.py:188} INFO - [2025-04-21T17:50:22.612-0400] {dagbag.py:538} INFO - Filling up the DagBag from /Users/gaurav/Documents/Breast-Cancer-ML-Pipeline/venv/lib/python3.9/site-packages/airflow/example_dags/example_sensors.py
[2025-04-21T17:50:22.622-0400] {processor.py:840} INFO - DAG(s) 'example_sensors' retrieved from /Users/gaurav/Documents/Breast-Cancer-ML-Pipeline/venv/lib/python3.9/site-packages/airflow/example_dags/example_sensors.py
[2025-04-21T17:50:22.687-0400] {logging_mixin.py:188} INFO - [2025-04-21T17:50:22.687-0400] {dag.py:3036} INFO - Sync 1 DAGs
[2025-04-21T17:50:22.692-0400] {logging_mixin.py:188} INFO - [2025-04-21T17:50:22.692-0400] {dag.py:3823} INFO - Setting next_dagrun for example_sensors to None, run_after=None
[2025-04-21T17:50:22.703-0400] {processor.py:183} INFO - Processing /Users/gaurav/Documents/Breast-Cancer-ML-Pipeline/venv/lib/python3.9/site-packages/airflow/example_dags/example_sensors.py took 0.093 seconds
[2025-04-21T17:51:14.696-0400] {processor.py:161} INFO - Started process (PID=88925) to work on /Users/gaurav/Documents/Breast-Cancer-ML-Pipeline/venv/lib/python3.9/site-packages/airflow/example_dags/example_sensors.py
[2025-04-21T17:51:14.698-0400] {processor.py:830} INFO - Processing file /Users/gaurav/Documents/Breast-Cancer-ML-Pipeline/venv/lib/python3.9/site-packages/airflow/example_dags/example_sensors.py for tasks to queue
[2025-04-21T17:51:14.698-0400] {logging_mixin.py:188} INFO - [2025-04-21T17:51:14.698-0400] {dagbag.py:538} INFO - Filling up the DagBag from /Users/gaurav/Documents/Breast-Cancer-ML-Pipeline/venv/lib/python3.9/site-packages/airflow/example_dags/example_sensors.py
[2025-04-21T17:51:14.707-0400] {processor.py:840} INFO - DAG(s) 'example_sensors' retrieved from /Users/gaurav/Documents/Breast-Cancer-ML-Pipeline/venv/lib/python3.9/site-packages/airflow/example_dags/example_sensors.py
[2025-04-21T17:51:14.765-0400] {logging_mixin.py:188} INFO - [2025-04-21T17:51:14.765-0400] {dag.py:3036} INFO - Sync 1 DAGs
[2025-04-21T17:51:14.770-0400] {logging_mixin.py:188} INFO - [2025-04-21T17:51:14.770-0400] {dag.py:3823} INFO - Setting next_dagrun for example_sensors to None, run_after=None
[2025-04-21T17:51:14.779-0400] {processor.py:183} INFO - Processing /Users/gaurav/Documents/Breast-Cancer-ML-Pipeline/venv/lib/python3.9/site-packages/airflow/example_dags/example_sensors.py took 0.084 seconds
[2025-04-21T17:52:07.444-0400] {processor.py:161} INFO - Started process (PID=89000) to work on /Users/gaurav/Documents/Breast-Cancer-ML-Pipeline/venv/lib/python3.9/site-packages/airflow/example_dags/example_sensors.py
[2025-04-21T17:52:07.445-0400] {processor.py:830} INFO - Processing file /Users/gaurav/Documents/Breast-Cancer-ML-Pipeline/venv/lib/python3.9/site-packages/airflow/example_dags/example_sensors.py for tasks to queue
[2025-04-21T17:52:07.446-0400] {logging_mixin.py:188} INFO - [2025-04-21T17:52:07.446-0400] {dagbag.py:538} INFO - Filling up the DagBag from /Users/gaurav/Documents/Breast-Cancer-ML-Pipeline/venv/lib/python3.9/site-packages/airflow/example_dags/example_sensors.py
[2025-04-21T17:52:07.455-0400] {processor.py:840} INFO - DAG(s) 'example_sensors' retrieved from /Users/gaurav/Documents/Breast-Cancer-ML-Pipeline/venv/lib/python3.9/site-packages/airflow/example_dags/example_sensors.py
[2025-04-21T17:52:07.517-0400] {logging_mixin.py:188} INFO - [2025-04-21T17:52:07.517-0400] {dag.py:3036} INFO - Sync 1 DAGs
[2025-04-21T17:52:07.522-0400] {logging_mixin.py:188} INFO - [2025-04-21T17:52:07.522-0400] {dag.py:3823} INFO - Setting next_dagrun for example_sensors to None, run_after=None
[2025-04-21T17:52:07.533-0400] {processor.py:183} INFO - Processing /Users/gaurav/Documents/Breast-Cancer-ML-Pipeline/venv/lib/python3.9/site-packages/airflow/example_dags/example_sensors.py took 0.090 seconds
[2025-04-21T17:52:59.919-0400] {processor.py:161} INFO - Started process (PID=89070) to work on /Users/gaurav/Documents/Breast-Cancer-ML-Pipeline/venv/lib/python3.9/site-packages/airflow/example_dags/example_sensors.py
[2025-04-21T17:52:59.920-0400] {processor.py:830} INFO - Processing file /Users/gaurav/Documents/Breast-Cancer-ML-Pipeline/venv/lib/python3.9/site-packages/airflow/example_dags/example_sensors.py for tasks to queue
[2025-04-21T17:52:59.921-0400] {logging_mixin.py:188} INFO - [2025-04-21T17:52:59.921-0400] {dagbag.py:538} INFO - Filling up the DagBag from /Users/gaurav/Documents/Breast-Cancer-ML-Pipeline/venv/lib/python3.9/site-packages/airflow/example_dags/example_sensors.py
[2025-04-21T17:52:59.930-0400] {processor.py:840} INFO - DAG(s) 'example_sensors' retrieved from /Users/gaurav/Documents/Breast-Cancer-ML-Pipeline/venv/lib/python3.9/site-packages/airflow/example_dags/example_sensors.py
[2025-04-21T17:52:59.989-0400] {logging_mixin.py:188} INFO - [2025-04-21T17:52:59.989-0400] {dag.py:3036} INFO - Sync 1 DAGs
[2025-04-21T17:52:59.994-0400] {logging_mixin.py:188} INFO - [2025-04-21T17:52:59.994-0400] {dag.py:3823} INFO - Setting next_dagrun for example_sensors to None, run_after=None
[2025-04-21T17:53:00.004-0400] {processor.py:183} INFO - Processing /Users/gaurav/Documents/Breast-Cancer-ML-Pipeline/venv/lib/python3.9/site-packages/airflow/example_dags/example_sensors.py took 0.086 seconds
[2025-04-21T17:53:49.193-0400] {processor.py:161} INFO - Started process (PID=89134) to work on /Users/gaurav/Documents/Breast-Cancer-ML-Pipeline/venv/lib/python3.9/site-packages/airflow/example_dags/example_sensors.py
[2025-04-21T17:53:49.194-0400] {processor.py:830} INFO - Processing file /Users/gaurav/Documents/Breast-Cancer-ML-Pipeline/venv/lib/python3.9/site-packages/airflow/example_dags/example_sensors.py for tasks to queue
[2025-04-21T17:53:49.195-0400] {logging_mixin.py:188} INFO - [2025-04-21T17:53:49.195-0400] {dagbag.py:538} INFO - Filling up the DagBag from /Users/gaurav/Documents/Breast-Cancer-ML-Pipeline/venv/lib/python3.9/site-packages/airflow/example_dags/example_sensors.py
[2025-04-21T17:53:49.204-0400] {processor.py:840} INFO - DAG(s) 'example_sensors' retrieved from /Users/gaurav/Documents/Breast-Cancer-ML-Pipeline/venv/lib/python3.9/site-packages/airflow/example_dags/example_sensors.py
[2025-04-21T17:53:49.266-0400] {logging_mixin.py:188} INFO - [2025-04-21T17:53:49.266-0400] {dag.py:3036} INFO - Sync 1 DAGs
[2025-04-21T17:53:49.271-0400] {logging_mixin.py:188} INFO - [2025-04-21T17:53:49.271-0400] {dag.py:3823} INFO - Setting next_dagrun for example_sensors to None, run_after=None
[2025-04-21T17:53:49.283-0400] {processor.py:183} INFO - Processing /Users/gaurav/Documents/Breast-Cancer-ML-Pipeline/venv/lib/python3.9/site-packages/airflow/example_dags/example_sensors.py took 0.091 seconds
[2025-04-21T17:54:42.035-0400] {processor.py:161} INFO - Started process (PID=89214) to work on /Users/gaurav/Documents/Breast-Cancer-ML-Pipeline/venv/lib/python3.9/site-packages/airflow/example_dags/example_sensors.py
[2025-04-21T17:54:42.037-0400] {processor.py:830} INFO - Processing file /Users/gaurav/Documents/Breast-Cancer-ML-Pipeline/venv/lib/python3.9/site-packages/airflow/example_dags/example_sensors.py for tasks to queue
[2025-04-21T17:54:42.037-0400] {logging_mixin.py:188} INFO - [2025-04-21T17:54:42.037-0400] {dagbag.py:538} INFO - Filling up the DagBag from /Users/gaurav/Documents/Breast-Cancer-ML-Pipeline/venv/lib/python3.9/site-packages/airflow/example_dags/example_sensors.py
[2025-04-21T17:54:42.047-0400] {processor.py:840} INFO - DAG(s) 'example_sensors' retrieved from /Users/gaurav/Documents/Breast-Cancer-ML-Pipeline/venv/lib/python3.9/site-packages/airflow/example_dags/example_sensors.py
[2025-04-21T17:54:42.112-0400] {logging_mixin.py:188} INFO - [2025-04-21T17:54:42.111-0400] {dag.py:3036} INFO - Sync 1 DAGs
[2025-04-21T17:54:42.117-0400] {logging_mixin.py:188} INFO - [2025-04-21T17:54:42.117-0400] {dag.py:3823} INFO - Setting next_dagrun for example_sensors to None, run_after=None
[2025-04-21T17:54:42.129-0400] {processor.py:183} INFO - Processing /Users/gaurav/Documents/Breast-Cancer-ML-Pipeline/venv/lib/python3.9/site-packages/airflow/example_dags/example_sensors.py took 0.095 seconds
