[2025-04-21T16:38:46.467-0400] {processor.py:161} INFO - Started process (PID=83524) to work on /Users/gaurav/Documents/Breast-Cancer-ML-Pipeline/venv/lib/python3.9/site-packages/airflow/example_dags/example_task_group_decorator.py
[2025-04-21T16:38:46.467-0400] {processor.py:830} INFO - Processing file /Users/gaurav/Documents/Breast-Cancer-ML-Pipeline/venv/lib/python3.9/site-packages/airflow/example_dags/example_task_group_decorator.py for tasks to queue
[2025-04-21T16:38:46.468-0400] {logging_mixin.py:188} INFO - [2025-04-21T16:38:46.468-0400] {dagbag.py:538} INFO - Filling up the DagBag from /Users/gaurav/Documents/Breast-Cancer-ML-Pipeline/venv/lib/python3.9/site-packages/airflow/example_dags/example_task_group_decorator.py
[2025-04-21T16:38:46.504-0400] {processor.py:840} INFO - DAG(s) 'example_task_group_decorator' retrieved from /Users/gaurav/Documents/Breast-Cancer-ML-Pipeline/venv/lib/python3.9/site-packages/airflow/example_dags/example_task_group_decorator.py
[2025-04-21T16:38:46.637-0400] {logging_mixin.py:188} INFO - [2025-04-21T16:38:46.637-0400] {override.py:1769} INFO - Created Permission View: can delete on DAG:example_task_group_decorator
[2025-04-21T16:38:46.644-0400] {logging_mixin.py:188} INFO - [2025-04-21T16:38:46.644-0400] {override.py:1769} INFO - Created Permission View: can edit on DAG:example_task_group_decorator
[2025-04-21T16:38:46.648-0400] {logging_mixin.py:188} INFO - [2025-04-21T16:38:46.648-0400] {override.py:1769} INFO - Created Permission View: can read on DAG:example_task_group_decorator
[2025-04-21T16:38:46.649-0400] {logging_mixin.py:188} INFO - [2025-04-21T16:38:46.648-0400] {dag.py:3036} INFO - Sync 1 DAGs
[2025-04-21T16:38:46.656-0400] {logging_mixin.py:188} INFO - [2025-04-21T16:38:46.655-0400] {dag.py:3058} INFO - Creating ORM DAG for example_task_group_decorator
[2025-04-21T16:38:46.662-0400] {logging_mixin.py:188} INFO - [2025-04-21T16:38:46.662-0400] {dag.py:3823} INFO - Setting next_dagrun for example_task_group_decorator to 2025-04-20 00:00:00+00:00, run_after=2025-04-21 00:00:00+00:00
[2025-04-21T16:38:46.676-0400] {processor.py:183} INFO - Processing /Users/gaurav/Documents/Breast-Cancer-ML-Pipeline/venv/lib/python3.9/site-packages/airflow/example_dags/example_task_group_decorator.py took 0.210 seconds
[2025-04-21T16:40:41.860-0400] {processor.py:161} INFO - Started process (PID=83634) to work on /Users/gaurav/Documents/Breast-Cancer-ML-Pipeline/venv/lib/python3.9/site-packages/airflow/example_dags/example_task_group_decorator.py
[2025-04-21T16:40:41.862-0400] {processor.py:830} INFO - Processing file /Users/gaurav/Documents/Breast-Cancer-ML-Pipeline/venv/lib/python3.9/site-packages/airflow/example_dags/example_task_group_decorator.py for tasks to queue
[2025-04-21T16:40:41.863-0400] {logging_mixin.py:188} INFO - [2025-04-21T16:40:41.862-0400] {dagbag.py:538} INFO - Filling up the DagBag from /Users/gaurav/Documents/Breast-Cancer-ML-Pipeline/venv/lib/python3.9/site-packages/airflow/example_dags/example_task_group_decorator.py
[2025-04-21T16:40:41.898-0400] {processor.py:840} INFO - DAG(s) 'example_task_group_decorator' retrieved from /Users/gaurav/Documents/Breast-Cancer-ML-Pipeline/venv/lib/python3.9/site-packages/airflow/example_dags/example_task_group_decorator.py
[2025-04-21T16:40:41.963-0400] {logging_mixin.py:188} INFO - [2025-04-21T16:40:41.963-0400] {dag.py:3036} INFO - Sync 1 DAGs
[2025-04-21T16:40:41.975-0400] {logging_mixin.py:188} INFO - [2025-04-21T16:40:41.975-0400] {dag.py:3823} INFO - Setting next_dagrun for example_task_group_decorator to 2025-04-20 00:00:00+00:00, run_after=2025-04-21 00:00:00+00:00
[2025-04-21T16:40:41.987-0400] {processor.py:183} INFO - Processing /Users/gaurav/Documents/Breast-Cancer-ML-Pipeline/venv/lib/python3.9/site-packages/airflow/example_dags/example_task_group_decorator.py took 0.128 seconds
[2025-04-21T16:42:01.847-0400] {processor.py:161} INFO - Started process (PID=83697) to work on /Users/gaurav/Documents/Breast-Cancer-ML-Pipeline/venv/lib/python3.9/site-packages/airflow/example_dags/example_task_group_decorator.py
[2025-04-21T16:42:01.848-0400] {processor.py:830} INFO - Processing file /Users/gaurav/Documents/Breast-Cancer-ML-Pipeline/venv/lib/python3.9/site-packages/airflow/example_dags/example_task_group_decorator.py for tasks to queue
[2025-04-21T16:42:01.849-0400] {logging_mixin.py:188} INFO - [2025-04-21T16:42:01.849-0400] {dagbag.py:538} INFO - Filling up the DagBag from /Users/gaurav/Documents/Breast-Cancer-ML-Pipeline/venv/lib/python3.9/site-packages/airflow/example_dags/example_task_group_decorator.py
[2025-04-21T16:42:01.880-0400] {processor.py:840} INFO - DAG(s) 'example_task_group_decorator' retrieved from /Users/gaurav/Documents/Breast-Cancer-ML-Pipeline/venv/lib/python3.9/site-packages/airflow/example_dags/example_task_group_decorator.py
[2025-04-21T16:42:01.944-0400] {logging_mixin.py:188} INFO - [2025-04-21T16:42:01.944-0400] {dag.py:3036} INFO - Sync 1 DAGs
[2025-04-21T16:42:01.956-0400] {logging_mixin.py:188} INFO - [2025-04-21T16:42:01.955-0400] {dag.py:3823} INFO - Setting next_dagrun for example_task_group_decorator to 2025-04-20 00:00:00+00:00, run_after=2025-04-21 00:00:00+00:00
[2025-04-21T16:42:01.968-0400] {processor.py:183} INFO - Processing /Users/gaurav/Documents/Breast-Cancer-ML-Pipeline/venv/lib/python3.9/site-packages/airflow/example_dags/example_task_group_decorator.py took 0.121 seconds
[2025-04-21T16:43:22.985-0400] {processor.py:161} INFO - Started process (PID=83763) to work on /Users/gaurav/Documents/Breast-Cancer-ML-Pipeline/venv/lib/python3.9/site-packages/airflow/example_dags/example_task_group_decorator.py
[2025-04-21T16:43:22.987-0400] {processor.py:830} INFO - Processing file /Users/gaurav/Documents/Breast-Cancer-ML-Pipeline/venv/lib/python3.9/site-packages/airflow/example_dags/example_task_group_decorator.py for tasks to queue
[2025-04-21T16:43:22.987-0400] {logging_mixin.py:188} INFO - [2025-04-21T16:43:22.987-0400] {dagbag.py:538} INFO - Filling up the DagBag from /Users/gaurav/Documents/Breast-Cancer-ML-Pipeline/venv/lib/python3.9/site-packages/airflow/example_dags/example_task_group_decorator.py
[2025-04-21T16:43:23.018-0400] {processor.py:840} INFO - DAG(s) 'example_task_group_decorator' retrieved from /Users/gaurav/Documents/Breast-Cancer-ML-Pipeline/venv/lib/python3.9/site-packages/airflow/example_dags/example_task_group_decorator.py
[2025-04-21T16:43:23.086-0400] {logging_mixin.py:188} INFO - [2025-04-21T16:43:23.086-0400] {dag.py:3036} INFO - Sync 1 DAGs
[2025-04-21T16:43:23.098-0400] {logging_mixin.py:188} INFO - [2025-04-21T16:43:23.097-0400] {dag.py:3823} INFO - Setting next_dagrun for example_task_group_decorator to 2025-04-20 00:00:00+00:00, run_after=2025-04-21 00:00:00+00:00
[2025-04-21T16:43:23.110-0400] {processor.py:183} INFO - Processing /Users/gaurav/Documents/Breast-Cancer-ML-Pipeline/venv/lib/python3.9/site-packages/airflow/example_dags/example_task_group_decorator.py took 0.126 seconds
[2025-04-21T16:44:45.835-0400] {processor.py:161} INFO - Started process (PID=83844) to work on /Users/gaurav/Documents/Breast-Cancer-ML-Pipeline/venv/lib/python3.9/site-packages/airflow/example_dags/example_task_group_decorator.py
[2025-04-21T16:44:45.837-0400] {processor.py:830} INFO - Processing file /Users/gaurav/Documents/Breast-Cancer-ML-Pipeline/venv/lib/python3.9/site-packages/airflow/example_dags/example_task_group_decorator.py for tasks to queue
[2025-04-21T16:44:45.837-0400] {logging_mixin.py:188} INFO - [2025-04-21T16:44:45.837-0400] {dagbag.py:538} INFO - Filling up the DagBag from /Users/gaurav/Documents/Breast-Cancer-ML-Pipeline/venv/lib/python3.9/site-packages/airflow/example_dags/example_task_group_decorator.py
[2025-04-21T16:44:45.871-0400] {processor.py:840} INFO - DAG(s) 'example_task_group_decorator' retrieved from /Users/gaurav/Documents/Breast-Cancer-ML-Pipeline/venv/lib/python3.9/site-packages/airflow/example_dags/example_task_group_decorator.py
[2025-04-21T16:44:45.939-0400] {logging_mixin.py:188} INFO - [2025-04-21T16:44:45.939-0400] {dag.py:3036} INFO - Sync 1 DAGs
[2025-04-21T16:44:45.952-0400] {logging_mixin.py:188} INFO - [2025-04-21T16:44:45.952-0400] {dag.py:3823} INFO - Setting next_dagrun for example_task_group_decorator to 2025-04-20 00:00:00+00:00, run_after=2025-04-21 00:00:00+00:00
[2025-04-21T16:44:45.965-0400] {processor.py:183} INFO - Processing /Users/gaurav/Documents/Breast-Cancer-ML-Pipeline/venv/lib/python3.9/site-packages/airflow/example_dags/example_task_group_decorator.py took 0.131 seconds
[2025-04-21T16:46:47.110-0400] {processor.py:161} INFO - Started process (PID=84001) to work on /Users/gaurav/Documents/Breast-Cancer-ML-Pipeline/venv/lib/python3.9/site-packages/airflow/example_dags/example_task_group_decorator.py
[2025-04-21T16:46:47.112-0400] {processor.py:830} INFO - Processing file /Users/gaurav/Documents/Breast-Cancer-ML-Pipeline/venv/lib/python3.9/site-packages/airflow/example_dags/example_task_group_decorator.py for tasks to queue
[2025-04-21T16:46:47.112-0400] {logging_mixin.py:188} INFO - [2025-04-21T16:46:47.112-0400] {dagbag.py:538} INFO - Filling up the DagBag from /Users/gaurav/Documents/Breast-Cancer-ML-Pipeline/venv/lib/python3.9/site-packages/airflow/example_dags/example_task_group_decorator.py
[2025-04-21T16:46:47.147-0400] {processor.py:840} INFO - DAG(s) 'example_task_group_decorator' retrieved from /Users/gaurav/Documents/Breast-Cancer-ML-Pipeline/venv/lib/python3.9/site-packages/airflow/example_dags/example_task_group_decorator.py
[2025-04-21T16:46:47.217-0400] {logging_mixin.py:188} INFO - [2025-04-21T16:46:47.216-0400] {dag.py:3036} INFO - Sync 1 DAGs
[2025-04-21T16:46:47.230-0400] {logging_mixin.py:188} INFO - [2025-04-21T16:46:47.229-0400] {dag.py:3823} INFO - Setting next_dagrun for example_task_group_decorator to 2025-04-20 00:00:00+00:00, run_after=2025-04-21 00:00:00+00:00
[2025-04-21T16:46:47.243-0400] {processor.py:183} INFO - Processing /Users/gaurav/Documents/Breast-Cancer-ML-Pipeline/venv/lib/python3.9/site-packages/airflow/example_dags/example_task_group_decorator.py took 0.134 seconds
[2025-04-21T16:47:49.208-0400] {processor.py:161} INFO - Started process (PID=84067) to work on /Users/gaurav/Documents/Breast-Cancer-ML-Pipeline/venv/lib/python3.9/site-packages/airflow/example_dags/example_task_group_decorator.py
[2025-04-21T16:47:49.210-0400] {processor.py:830} INFO - Processing file /Users/gaurav/Documents/Breast-Cancer-ML-Pipeline/venv/lib/python3.9/site-packages/airflow/example_dags/example_task_group_decorator.py for tasks to queue
[2025-04-21T16:47:49.211-0400] {logging_mixin.py:188} INFO - [2025-04-21T16:47:49.211-0400] {dagbag.py:538} INFO - Filling up the DagBag from /Users/gaurav/Documents/Breast-Cancer-ML-Pipeline/venv/lib/python3.9/site-packages/airflow/example_dags/example_task_group_decorator.py
[2025-04-21T16:47:49.242-0400] {processor.py:840} INFO - DAG(s) 'example_task_group_decorator' retrieved from /Users/gaurav/Documents/Breast-Cancer-ML-Pipeline/venv/lib/python3.9/site-packages/airflow/example_dags/example_task_group_decorator.py
[2025-04-21T16:47:49.309-0400] {logging_mixin.py:188} INFO - [2025-04-21T16:47:49.308-0400] {dag.py:3036} INFO - Sync 1 DAGs
[2025-04-21T16:47:49.321-0400] {logging_mixin.py:188} INFO - [2025-04-21T16:47:49.321-0400] {dag.py:3823} INFO - Setting next_dagrun for example_task_group_decorator to 2025-04-20 00:00:00+00:00, run_after=2025-04-21 00:00:00+00:00
[2025-04-21T16:47:49.335-0400] {processor.py:183} INFO - Processing /Users/gaurav/Documents/Breast-Cancer-ML-Pipeline/venv/lib/python3.9/site-packages/airflow/example_dags/example_task_group_decorator.py took 0.128 seconds
[2025-04-21T16:49:00.980-0400] {processor.py:161} INFO - Started process (PID=84149) to work on /Users/gaurav/Documents/Breast-Cancer-ML-Pipeline/venv/lib/python3.9/site-packages/airflow/example_dags/example_task_group_decorator.py
[2025-04-21T16:49:00.982-0400] {processor.py:830} INFO - Processing file /Users/gaurav/Documents/Breast-Cancer-ML-Pipeline/venv/lib/python3.9/site-packages/airflow/example_dags/example_task_group_decorator.py for tasks to queue
[2025-04-21T16:49:00.982-0400] {logging_mixin.py:188} INFO - [2025-04-21T16:49:00.982-0400] {dagbag.py:538} INFO - Filling up the DagBag from /Users/gaurav/Documents/Breast-Cancer-ML-Pipeline/venv/lib/python3.9/site-packages/airflow/example_dags/example_task_group_decorator.py
[2025-04-21T16:49:01.014-0400] {processor.py:840} INFO - DAG(s) 'example_task_group_decorator' retrieved from /Users/gaurav/Documents/Breast-Cancer-ML-Pipeline/venv/lib/python3.9/site-packages/airflow/example_dags/example_task_group_decorator.py
[2025-04-21T16:49:01.080-0400] {logging_mixin.py:188} INFO - [2025-04-21T16:49:01.080-0400] {dag.py:3036} INFO - Sync 1 DAGs
[2025-04-21T16:49:01.092-0400] {logging_mixin.py:188} INFO - [2025-04-21T16:49:01.092-0400] {dag.py:3823} INFO - Setting next_dagrun for example_task_group_decorator to 2025-04-20 00:00:00+00:00, run_after=2025-04-21 00:00:00+00:00
[2025-04-21T16:49:01.105-0400] {processor.py:183} INFO - Processing /Users/gaurav/Documents/Breast-Cancer-ML-Pipeline/venv/lib/python3.9/site-packages/airflow/example_dags/example_task_group_decorator.py took 0.125 seconds
[2025-04-21T16:50:12.977-0400] {processor.py:161} INFO - Started process (PID=84234) to work on /Users/gaurav/Documents/Breast-Cancer-ML-Pipeline/venv/lib/python3.9/site-packages/airflow/example_dags/example_task_group_decorator.py
[2025-04-21T16:50:12.979-0400] {processor.py:830} INFO - Processing file /Users/gaurav/Documents/Breast-Cancer-ML-Pipeline/venv/lib/python3.9/site-packages/airflow/example_dags/example_task_group_decorator.py for tasks to queue
[2025-04-21T16:50:12.979-0400] {logging_mixin.py:188} INFO - [2025-04-21T16:50:12.979-0400] {dagbag.py:538} INFO - Filling up the DagBag from /Users/gaurav/Documents/Breast-Cancer-ML-Pipeline/venv/lib/python3.9/site-packages/airflow/example_dags/example_task_group_decorator.py
[2025-04-21T16:50:13.013-0400] {processor.py:840} INFO - DAG(s) 'example_task_group_decorator' retrieved from /Users/gaurav/Documents/Breast-Cancer-ML-Pipeline/venv/lib/python3.9/site-packages/airflow/example_dags/example_task_group_decorator.py
[2025-04-21T16:50:13.083-0400] {logging_mixin.py:188} INFO - [2025-04-21T16:50:13.083-0400] {dag.py:3036} INFO - Sync 1 DAGs
[2025-04-21T16:50:13.095-0400] {logging_mixin.py:188} INFO - [2025-04-21T16:50:13.095-0400] {dag.py:3823} INFO - Setting next_dagrun for example_task_group_decorator to 2025-04-20 00:00:00+00:00, run_after=2025-04-21 00:00:00+00:00
[2025-04-21T16:50:13.109-0400] {processor.py:183} INFO - Processing /Users/gaurav/Documents/Breast-Cancer-ML-Pipeline/venv/lib/python3.9/site-packages/airflow/example_dags/example_task_group_decorator.py took 0.133 seconds
[2025-04-21T16:51:33.624-0400] {processor.py:161} INFO - Started process (PID=84324) to work on /Users/gaurav/Documents/Breast-Cancer-ML-Pipeline/venv/lib/python3.9/site-packages/airflow/example_dags/example_task_group_decorator.py
[2025-04-21T16:51:33.626-0400] {processor.py:830} INFO - Processing file /Users/gaurav/Documents/Breast-Cancer-ML-Pipeline/venv/lib/python3.9/site-packages/airflow/example_dags/example_task_group_decorator.py for tasks to queue
[2025-04-21T16:51:33.627-0400] {logging_mixin.py:188} INFO - [2025-04-21T16:51:33.627-0400] {dagbag.py:538} INFO - Filling up the DagBag from /Users/gaurav/Documents/Breast-Cancer-ML-Pipeline/venv/lib/python3.9/site-packages/airflow/example_dags/example_task_group_decorator.py
[2025-04-21T16:51:33.657-0400] {processor.py:840} INFO - DAG(s) 'example_task_group_decorator' retrieved from /Users/gaurav/Documents/Breast-Cancer-ML-Pipeline/venv/lib/python3.9/site-packages/airflow/example_dags/example_task_group_decorator.py
[2025-04-21T16:51:33.722-0400] {logging_mixin.py:188} INFO - [2025-04-21T16:51:33.722-0400] {dag.py:3036} INFO - Sync 1 DAGs
[2025-04-21T16:51:33.732-0400] {logging_mixin.py:188} INFO - [2025-04-21T16:51:33.732-0400] {dag.py:3823} INFO - Setting next_dagrun for example_task_group_decorator to 2025-04-20 00:00:00+00:00, run_after=2025-04-21 00:00:00+00:00
[2025-04-21T16:51:33.745-0400] {processor.py:183} INFO - Processing /Users/gaurav/Documents/Breast-Cancer-ML-Pipeline/venv/lib/python3.9/site-packages/airflow/example_dags/example_task_group_decorator.py took 0.122 seconds
[2025-04-21T16:52:55.180-0400] {processor.py:161} INFO - Started process (PID=84426) to work on /Users/gaurav/Documents/Breast-Cancer-ML-Pipeline/venv/lib/python3.9/site-packages/airflow/example_dags/example_task_group_decorator.py
[2025-04-21T16:52:55.182-0400] {processor.py:830} INFO - Processing file /Users/gaurav/Documents/Breast-Cancer-ML-Pipeline/venv/lib/python3.9/site-packages/airflow/example_dags/example_task_group_decorator.py for tasks to queue
[2025-04-21T16:52:55.182-0400] {logging_mixin.py:188} INFO - [2025-04-21T16:52:55.182-0400] {dagbag.py:538} INFO - Filling up the DagBag from /Users/gaurav/Documents/Breast-Cancer-ML-Pipeline/venv/lib/python3.9/site-packages/airflow/example_dags/example_task_group_decorator.py
[2025-04-21T16:52:55.214-0400] {processor.py:840} INFO - DAG(s) 'example_task_group_decorator' retrieved from /Users/gaurav/Documents/Breast-Cancer-ML-Pipeline/venv/lib/python3.9/site-packages/airflow/example_dags/example_task_group_decorator.py
[2025-04-21T16:52:55.280-0400] {logging_mixin.py:188} INFO - [2025-04-21T16:52:55.280-0400] {dag.py:3036} INFO - Sync 1 DAGs
[2025-04-21T16:52:55.292-0400] {logging_mixin.py:188} INFO - [2025-04-21T16:52:55.291-0400] {dag.py:3823} INFO - Setting next_dagrun for example_task_group_decorator to 2025-04-20 00:00:00+00:00, run_after=2025-04-21 00:00:00+00:00
[2025-04-21T16:52:55.304-0400] {processor.py:183} INFO - Processing /Users/gaurav/Documents/Breast-Cancer-ML-Pipeline/venv/lib/python3.9/site-packages/airflow/example_dags/example_task_group_decorator.py took 0.126 seconds
[2025-04-21T16:54:13.958-0400] {processor.py:161} INFO - Started process (PID=84528) to work on /Users/gaurav/Documents/Breast-Cancer-ML-Pipeline/venv/lib/python3.9/site-packages/airflow/example_dags/example_task_group_decorator.py
[2025-04-21T16:54:13.960-0400] {processor.py:830} INFO - Processing file /Users/gaurav/Documents/Breast-Cancer-ML-Pipeline/venv/lib/python3.9/site-packages/airflow/example_dags/example_task_group_decorator.py for tasks to queue
[2025-04-21T16:54:13.961-0400] {logging_mixin.py:188} INFO - [2025-04-21T16:54:13.961-0400] {dagbag.py:538} INFO - Filling up the DagBag from /Users/gaurav/Documents/Breast-Cancer-ML-Pipeline/venv/lib/python3.9/site-packages/airflow/example_dags/example_task_group_decorator.py
[2025-04-21T16:54:13.993-0400] {processor.py:840} INFO - DAG(s) 'example_task_group_decorator' retrieved from /Users/gaurav/Documents/Breast-Cancer-ML-Pipeline/venv/lib/python3.9/site-packages/airflow/example_dags/example_task_group_decorator.py
[2025-04-21T16:54:14.060-0400] {logging_mixin.py:188} INFO - [2025-04-21T16:54:14.059-0400] {dag.py:3036} INFO - Sync 1 DAGs
[2025-04-21T16:54:14.071-0400] {logging_mixin.py:188} INFO - [2025-04-21T16:54:14.070-0400] {dag.py:3823} INFO - Setting next_dagrun for example_task_group_decorator to 2025-04-20 00:00:00+00:00, run_after=2025-04-21 00:00:00+00:00
[2025-04-21T16:54:14.083-0400] {processor.py:183} INFO - Processing /Users/gaurav/Documents/Breast-Cancer-ML-Pipeline/venv/lib/python3.9/site-packages/airflow/example_dags/example_task_group_decorator.py took 0.126 seconds
[2025-04-21T16:56:05.458-0400] {processor.py:161} INFO - Started process (PID=84658) to work on /Users/gaurav/Documents/Breast-Cancer-ML-Pipeline/venv/lib/python3.9/site-packages/airflow/example_dags/example_task_group_decorator.py
[2025-04-21T16:56:05.460-0400] {processor.py:830} INFO - Processing file /Users/gaurav/Documents/Breast-Cancer-ML-Pipeline/venv/lib/python3.9/site-packages/airflow/example_dags/example_task_group_decorator.py for tasks to queue
[2025-04-21T16:56:05.460-0400] {logging_mixin.py:188} INFO - [2025-04-21T16:56:05.460-0400] {dagbag.py:538} INFO - Filling up the DagBag from /Users/gaurav/Documents/Breast-Cancer-ML-Pipeline/venv/lib/python3.9/site-packages/airflow/example_dags/example_task_group_decorator.py
[2025-04-21T16:56:05.498-0400] {processor.py:840} INFO - DAG(s) 'example_task_group_decorator' retrieved from /Users/gaurav/Documents/Breast-Cancer-ML-Pipeline/venv/lib/python3.9/site-packages/airflow/example_dags/example_task_group_decorator.py
[2025-04-21T16:56:05.635-0400] {logging_mixin.py:188} INFO - [2025-04-21T16:56:05.635-0400] {dag.py:3036} INFO - Sync 1 DAGs
[2025-04-21T16:56:05.646-0400] {logging_mixin.py:188} INFO - [2025-04-21T16:56:05.646-0400] {dag.py:3823} INFO - Setting next_dagrun for example_task_group_decorator to 2025-04-20 00:00:00+00:00, run_after=2025-04-21 00:00:00+00:00
[2025-04-21T16:56:05.659-0400] {processor.py:183} INFO - Processing /Users/gaurav/Documents/Breast-Cancer-ML-Pipeline/venv/lib/python3.9/site-packages/airflow/example_dags/example_task_group_decorator.py took 0.202 seconds
[2025-04-21T16:57:29.464-0400] {processor.py:161} INFO - Started process (PID=84775) to work on /Users/gaurav/Documents/Breast-Cancer-ML-Pipeline/venv/lib/python3.9/site-packages/airflow/example_dags/example_task_group_decorator.py
[2025-04-21T16:57:29.466-0400] {processor.py:830} INFO - Processing file /Users/gaurav/Documents/Breast-Cancer-ML-Pipeline/venv/lib/python3.9/site-packages/airflow/example_dags/example_task_group_decorator.py for tasks to queue
[2025-04-21T16:57:29.466-0400] {logging_mixin.py:188} INFO - [2025-04-21T16:57:29.466-0400] {dagbag.py:538} INFO - Filling up the DagBag from /Users/gaurav/Documents/Breast-Cancer-ML-Pipeline/venv/lib/python3.9/site-packages/airflow/example_dags/example_task_group_decorator.py
[2025-04-21T16:57:29.498-0400] {processor.py:840} INFO - DAG(s) 'example_task_group_decorator' retrieved from /Users/gaurav/Documents/Breast-Cancer-ML-Pipeline/venv/lib/python3.9/site-packages/airflow/example_dags/example_task_group_decorator.py
[2025-04-21T16:57:29.571-0400] {logging_mixin.py:188} INFO - [2025-04-21T16:57:29.571-0400] {dag.py:3036} INFO - Sync 1 DAGs
[2025-04-21T16:57:29.583-0400] {logging_mixin.py:188} INFO - [2025-04-21T16:57:29.583-0400] {dag.py:3823} INFO - Setting next_dagrun for example_task_group_decorator to 2025-04-20 00:00:00+00:00, run_after=2025-04-21 00:00:00+00:00
[2025-04-21T16:57:29.597-0400] {processor.py:183} INFO - Processing /Users/gaurav/Documents/Breast-Cancer-ML-Pipeline/venv/lib/python3.9/site-packages/airflow/example_dags/example_task_group_decorator.py took 0.134 seconds
[2025-04-21T16:58:49.835-0400] {processor.py:161} INFO - Started process (PID=84871) to work on /Users/gaurav/Documents/Breast-Cancer-ML-Pipeline/venv/lib/python3.9/site-packages/airflow/example_dags/example_task_group_decorator.py
[2025-04-21T16:58:49.836-0400] {processor.py:830} INFO - Processing file /Users/gaurav/Documents/Breast-Cancer-ML-Pipeline/venv/lib/python3.9/site-packages/airflow/example_dags/example_task_group_decorator.py for tasks to queue
[2025-04-21T16:58:49.836-0400] {logging_mixin.py:188} INFO - [2025-04-21T16:58:49.836-0400] {dagbag.py:538} INFO - Filling up the DagBag from /Users/gaurav/Documents/Breast-Cancer-ML-Pipeline/venv/lib/python3.9/site-packages/airflow/example_dags/example_task_group_decorator.py
[2025-04-21T16:58:49.872-0400] {processor.py:840} INFO - DAG(s) 'example_task_group_decorator' retrieved from /Users/gaurav/Documents/Breast-Cancer-ML-Pipeline/venv/lib/python3.9/site-packages/airflow/example_dags/example_task_group_decorator.py
[2025-04-21T16:58:49.951-0400] {logging_mixin.py:188} INFO - [2025-04-21T16:58:49.950-0400] {dag.py:3036} INFO - Sync 1 DAGs
[2025-04-21T16:58:49.963-0400] {logging_mixin.py:188} INFO - [2025-04-21T16:58:49.963-0400] {dag.py:3823} INFO - Setting next_dagrun for example_task_group_decorator to 2025-04-20 00:00:00+00:00, run_after=2025-04-21 00:00:00+00:00
[2025-04-21T16:58:49.980-0400] {processor.py:183} INFO - Processing /Users/gaurav/Documents/Breast-Cancer-ML-Pipeline/venv/lib/python3.9/site-packages/airflow/example_dags/example_task_group_decorator.py took 0.146 seconds
[2025-04-21T17:00:07.790-0400] {processor.py:161} INFO - Started process (PID=84958) to work on /Users/gaurav/Documents/Breast-Cancer-ML-Pipeline/venv/lib/python3.9/site-packages/airflow/example_dags/example_task_group_decorator.py
[2025-04-21T17:00:07.792-0400] {processor.py:830} INFO - Processing file /Users/gaurav/Documents/Breast-Cancer-ML-Pipeline/venv/lib/python3.9/site-packages/airflow/example_dags/example_task_group_decorator.py for tasks to queue
[2025-04-21T17:00:07.793-0400] {logging_mixin.py:188} INFO - [2025-04-21T17:00:07.792-0400] {dagbag.py:538} INFO - Filling up the DagBag from /Users/gaurav/Documents/Breast-Cancer-ML-Pipeline/venv/lib/python3.9/site-packages/airflow/example_dags/example_task_group_decorator.py
[2025-04-21T17:00:07.825-0400] {processor.py:840} INFO - DAG(s) 'example_task_group_decorator' retrieved from /Users/gaurav/Documents/Breast-Cancer-ML-Pipeline/venv/lib/python3.9/site-packages/airflow/example_dags/example_task_group_decorator.py
[2025-04-21T17:00:07.891-0400] {logging_mixin.py:188} INFO - [2025-04-21T17:00:07.890-0400] {dag.py:3036} INFO - Sync 1 DAGs
[2025-04-21T17:00:07.902-0400] {logging_mixin.py:188} INFO - [2025-04-21T17:00:07.902-0400] {dag.py:3823} INFO - Setting next_dagrun for example_task_group_decorator to 2025-04-20 00:00:00+00:00, run_after=2025-04-21 00:00:00+00:00
[2025-04-21T17:00:07.915-0400] {processor.py:183} INFO - Processing /Users/gaurav/Documents/Breast-Cancer-ML-Pipeline/venv/lib/python3.9/site-packages/airflow/example_dags/example_task_group_decorator.py took 0.126 seconds
[2025-04-21T17:01:18.374-0400] {processor.py:161} INFO - Started process (PID=85052) to work on /Users/gaurav/Documents/Breast-Cancer-ML-Pipeline/venv/lib/python3.9/site-packages/airflow/example_dags/example_task_group_decorator.py
[2025-04-21T17:01:18.375-0400] {processor.py:830} INFO - Processing file /Users/gaurav/Documents/Breast-Cancer-ML-Pipeline/venv/lib/python3.9/site-packages/airflow/example_dags/example_task_group_decorator.py for tasks to queue
[2025-04-21T17:01:18.375-0400] {logging_mixin.py:188} INFO - [2025-04-21T17:01:18.375-0400] {dagbag.py:538} INFO - Filling up the DagBag from /Users/gaurav/Documents/Breast-Cancer-ML-Pipeline/venv/lib/python3.9/site-packages/airflow/example_dags/example_task_group_decorator.py
[2025-04-21T17:01:18.409-0400] {processor.py:840} INFO - DAG(s) 'example_task_group_decorator' retrieved from /Users/gaurav/Documents/Breast-Cancer-ML-Pipeline/venv/lib/python3.9/site-packages/airflow/example_dags/example_task_group_decorator.py
[2025-04-21T17:01:18.478-0400] {logging_mixin.py:188} INFO - [2025-04-21T17:01:18.478-0400] {dag.py:3036} INFO - Sync 1 DAGs
[2025-04-21T17:01:18.490-0400] {logging_mixin.py:188} INFO - [2025-04-21T17:01:18.489-0400] {dag.py:3823} INFO - Setting next_dagrun for example_task_group_decorator to 2025-04-20 00:00:00+00:00, run_after=2025-04-21 00:00:00+00:00
[2025-04-21T17:01:18.503-0400] {processor.py:183} INFO - Processing /Users/gaurav/Documents/Breast-Cancer-ML-Pipeline/venv/lib/python3.9/site-packages/airflow/example_dags/example_task_group_decorator.py took 0.130 seconds
[2025-04-21T17:02:45.474-0400] {processor.py:161} INFO - Started process (PID=85148) to work on /Users/gaurav/Documents/Breast-Cancer-ML-Pipeline/venv/lib/python3.9/site-packages/airflow/example_dags/example_task_group_decorator.py
[2025-04-21T17:02:45.476-0400] {processor.py:830} INFO - Processing file /Users/gaurav/Documents/Breast-Cancer-ML-Pipeline/venv/lib/python3.9/site-packages/airflow/example_dags/example_task_group_decorator.py for tasks to queue
[2025-04-21T17:02:45.476-0400] {logging_mixin.py:188} INFO - [2025-04-21T17:02:45.476-0400] {dagbag.py:538} INFO - Filling up the DagBag from /Users/gaurav/Documents/Breast-Cancer-ML-Pipeline/venv/lib/python3.9/site-packages/airflow/example_dags/example_task_group_decorator.py
[2025-04-21T17:02:45.516-0400] {processor.py:840} INFO - DAG(s) 'example_task_group_decorator' retrieved from /Users/gaurav/Documents/Breast-Cancer-ML-Pipeline/venv/lib/python3.9/site-packages/airflow/example_dags/example_task_group_decorator.py
[2025-04-21T17:02:45.589-0400] {logging_mixin.py:188} INFO - [2025-04-21T17:02:45.589-0400] {dag.py:3036} INFO - Sync 1 DAGs
[2025-04-21T17:02:45.602-0400] {logging_mixin.py:188} INFO - [2025-04-21T17:02:45.601-0400] {dag.py:3823} INFO - Setting next_dagrun for example_task_group_decorator to 2025-04-20 00:00:00+00:00, run_after=2025-04-21 00:00:00+00:00
[2025-04-21T17:02:45.615-0400] {processor.py:183} INFO - Processing /Users/gaurav/Documents/Breast-Cancer-ML-Pipeline/venv/lib/python3.9/site-packages/airflow/example_dags/example_task_group_decorator.py took 0.142 seconds
[2025-04-21T17:04:02.746-0400] {processor.py:161} INFO - Started process (PID=85257) to work on /Users/gaurav/Documents/Breast-Cancer-ML-Pipeline/venv/lib/python3.9/site-packages/airflow/example_dags/example_task_group_decorator.py
[2025-04-21T17:04:02.748-0400] {processor.py:830} INFO - Processing file /Users/gaurav/Documents/Breast-Cancer-ML-Pipeline/venv/lib/python3.9/site-packages/airflow/example_dags/example_task_group_decorator.py for tasks to queue
[2025-04-21T17:04:02.748-0400] {logging_mixin.py:188} INFO - [2025-04-21T17:04:02.748-0400] {dagbag.py:538} INFO - Filling up the DagBag from /Users/gaurav/Documents/Breast-Cancer-ML-Pipeline/venv/lib/python3.9/site-packages/airflow/example_dags/example_task_group_decorator.py
[2025-04-21T17:04:02.780-0400] {processor.py:840} INFO - DAG(s) 'example_task_group_decorator' retrieved from /Users/gaurav/Documents/Breast-Cancer-ML-Pipeline/venv/lib/python3.9/site-packages/airflow/example_dags/example_task_group_decorator.py
[2025-04-21T17:04:02.844-0400] {logging_mixin.py:188} INFO - [2025-04-21T17:04:02.844-0400] {dag.py:3036} INFO - Sync 1 DAGs
[2025-04-21T17:04:02.856-0400] {logging_mixin.py:188} INFO - [2025-04-21T17:04:02.856-0400] {dag.py:3823} INFO - Setting next_dagrun for example_task_group_decorator to 2025-04-20 00:00:00+00:00, run_after=2025-04-21 00:00:00+00:00
[2025-04-21T17:04:02.869-0400] {processor.py:183} INFO - Processing /Users/gaurav/Documents/Breast-Cancer-ML-Pipeline/venv/lib/python3.9/site-packages/airflow/example_dags/example_task_group_decorator.py took 0.124 seconds
[2025-04-21T17:05:13.275-0400] {processor.py:161} INFO - Started process (PID=85333) to work on /Users/gaurav/Documents/Breast-Cancer-ML-Pipeline/venv/lib/python3.9/site-packages/airflow/example_dags/example_task_group_decorator.py
[2025-04-21T17:05:13.277-0400] {processor.py:830} INFO - Processing file /Users/gaurav/Documents/Breast-Cancer-ML-Pipeline/venv/lib/python3.9/site-packages/airflow/example_dags/example_task_group_decorator.py for tasks to queue
[2025-04-21T17:05:13.277-0400] {logging_mixin.py:188} INFO - [2025-04-21T17:05:13.277-0400] {dagbag.py:538} INFO - Filling up the DagBag from /Users/gaurav/Documents/Breast-Cancer-ML-Pipeline/venv/lib/python3.9/site-packages/airflow/example_dags/example_task_group_decorator.py
[2025-04-21T17:05:13.307-0400] {processor.py:840} INFO - DAG(s) 'example_task_group_decorator' retrieved from /Users/gaurav/Documents/Breast-Cancer-ML-Pipeline/venv/lib/python3.9/site-packages/airflow/example_dags/example_task_group_decorator.py
[2025-04-21T17:05:13.372-0400] {logging_mixin.py:188} INFO - [2025-04-21T17:05:13.372-0400] {dag.py:3036} INFO - Sync 1 DAGs
[2025-04-21T17:05:13.384-0400] {logging_mixin.py:188} INFO - [2025-04-21T17:05:13.383-0400] {dag.py:3823} INFO - Setting next_dagrun for example_task_group_decorator to 2025-04-20 00:00:00+00:00, run_after=2025-04-21 00:00:00+00:00
[2025-04-21T17:05:13.396-0400] {processor.py:183} INFO - Processing /Users/gaurav/Documents/Breast-Cancer-ML-Pipeline/venv/lib/python3.9/site-packages/airflow/example_dags/example_task_group_decorator.py took 0.122 seconds
[2025-04-21T17:06:24.163-0400] {processor.py:161} INFO - Started process (PID=85426) to work on /Users/gaurav/Documents/Breast-Cancer-ML-Pipeline/venv/lib/python3.9/site-packages/airflow/example_dags/example_task_group_decorator.py
[2025-04-21T17:06:24.164-0400] {processor.py:830} INFO - Processing file /Users/gaurav/Documents/Breast-Cancer-ML-Pipeline/venv/lib/python3.9/site-packages/airflow/example_dags/example_task_group_decorator.py for tasks to queue
[2025-04-21T17:06:24.165-0400] {logging_mixin.py:188} INFO - [2025-04-21T17:06:24.164-0400] {dagbag.py:538} INFO - Filling up the DagBag from /Users/gaurav/Documents/Breast-Cancer-ML-Pipeline/venv/lib/python3.9/site-packages/airflow/example_dags/example_task_group_decorator.py
[2025-04-21T17:06:24.195-0400] {processor.py:840} INFO - DAG(s) 'example_task_group_decorator' retrieved from /Users/gaurav/Documents/Breast-Cancer-ML-Pipeline/venv/lib/python3.9/site-packages/airflow/example_dags/example_task_group_decorator.py
[2025-04-21T17:06:24.260-0400] {logging_mixin.py:188} INFO - [2025-04-21T17:06:24.260-0400] {dag.py:3036} INFO - Sync 1 DAGs
[2025-04-21T17:06:24.272-0400] {logging_mixin.py:188} INFO - [2025-04-21T17:06:24.272-0400] {dag.py:3823} INFO - Setting next_dagrun for example_task_group_decorator to 2025-04-20 00:00:00+00:00, run_after=2025-04-21 00:00:00+00:00
[2025-04-21T17:06:24.285-0400] {processor.py:183} INFO - Processing /Users/gaurav/Documents/Breast-Cancer-ML-Pipeline/venv/lib/python3.9/site-packages/airflow/example_dags/example_task_group_decorator.py took 0.122 seconds
[2025-04-21T17:07:35.977-0400] {processor.py:161} INFO - Started process (PID=85503) to work on /Users/gaurav/Documents/Breast-Cancer-ML-Pipeline/venv/lib/python3.9/site-packages/airflow/example_dags/example_task_group_decorator.py
[2025-04-21T17:07:35.979-0400] {processor.py:830} INFO - Processing file /Users/gaurav/Documents/Breast-Cancer-ML-Pipeline/venv/lib/python3.9/site-packages/airflow/example_dags/example_task_group_decorator.py for tasks to queue
[2025-04-21T17:07:35.979-0400] {logging_mixin.py:188} INFO - [2025-04-21T17:07:35.979-0400] {dagbag.py:538} INFO - Filling up the DagBag from /Users/gaurav/Documents/Breast-Cancer-ML-Pipeline/venv/lib/python3.9/site-packages/airflow/example_dags/example_task_group_decorator.py
[2025-04-21T17:07:36.009-0400] {processor.py:840} INFO - DAG(s) 'example_task_group_decorator' retrieved from /Users/gaurav/Documents/Breast-Cancer-ML-Pipeline/venv/lib/python3.9/site-packages/airflow/example_dags/example_task_group_decorator.py
[2025-04-21T17:07:36.073-0400] {logging_mixin.py:188} INFO - [2025-04-21T17:07:36.073-0400] {dag.py:3036} INFO - Sync 1 DAGs
[2025-04-21T17:07:36.085-0400] {logging_mixin.py:188} INFO - [2025-04-21T17:07:36.085-0400] {dag.py:3823} INFO - Setting next_dagrun for example_task_group_decorator to 2025-04-20 00:00:00+00:00, run_after=2025-04-21 00:00:00+00:00
[2025-04-21T17:07:36.098-0400] {processor.py:183} INFO - Processing /Users/gaurav/Documents/Breast-Cancer-ML-Pipeline/venv/lib/python3.9/site-packages/airflow/example_dags/example_task_group_decorator.py took 0.122 seconds
[2025-04-21T17:08:50.806-0400] {processor.py:161} INFO - Started process (PID=85583) to work on /Users/gaurav/Documents/Breast-Cancer-ML-Pipeline/venv/lib/python3.9/site-packages/airflow/example_dags/example_task_group_decorator.py
[2025-04-21T17:08:50.808-0400] {processor.py:830} INFO - Processing file /Users/gaurav/Documents/Breast-Cancer-ML-Pipeline/venv/lib/python3.9/site-packages/airflow/example_dags/example_task_group_decorator.py for tasks to queue
[2025-04-21T17:08:50.809-0400] {logging_mixin.py:188} INFO - [2025-04-21T17:08:50.808-0400] {dagbag.py:538} INFO - Filling up the DagBag from /Users/gaurav/Documents/Breast-Cancer-ML-Pipeline/venv/lib/python3.9/site-packages/airflow/example_dags/example_task_group_decorator.py
[2025-04-21T17:08:50.839-0400] {processor.py:840} INFO - DAG(s) 'example_task_group_decorator' retrieved from /Users/gaurav/Documents/Breast-Cancer-ML-Pipeline/venv/lib/python3.9/site-packages/airflow/example_dags/example_task_group_decorator.py
[2025-04-21T17:08:50.904-0400] {logging_mixin.py:188} INFO - [2025-04-21T17:08:50.904-0400] {dag.py:3036} INFO - Sync 1 DAGs
[2025-04-21T17:08:50.916-0400] {logging_mixin.py:188} INFO - [2025-04-21T17:08:50.916-0400] {dag.py:3823} INFO - Setting next_dagrun for example_task_group_decorator to 2025-04-20 00:00:00+00:00, run_after=2025-04-21 00:00:00+00:00
[2025-04-21T17:08:50.928-0400] {processor.py:183} INFO - Processing /Users/gaurav/Documents/Breast-Cancer-ML-Pipeline/venv/lib/python3.9/site-packages/airflow/example_dags/example_task_group_decorator.py took 0.123 seconds
[2025-04-21T17:10:02.995-0400] {processor.py:161} INFO - Started process (PID=85663) to work on /Users/gaurav/Documents/Breast-Cancer-ML-Pipeline/venv/lib/python3.9/site-packages/airflow/example_dags/example_task_group_decorator.py
[2025-04-21T17:10:02.997-0400] {processor.py:830} INFO - Processing file /Users/gaurav/Documents/Breast-Cancer-ML-Pipeline/venv/lib/python3.9/site-packages/airflow/example_dags/example_task_group_decorator.py for tasks to queue
[2025-04-21T17:10:02.997-0400] {logging_mixin.py:188} INFO - [2025-04-21T17:10:02.997-0400] {dagbag.py:538} INFO - Filling up the DagBag from /Users/gaurav/Documents/Breast-Cancer-ML-Pipeline/venv/lib/python3.9/site-packages/airflow/example_dags/example_task_group_decorator.py
[2025-04-21T17:10:03.028-0400] {processor.py:840} INFO - DAG(s) 'example_task_group_decorator' retrieved from /Users/gaurav/Documents/Breast-Cancer-ML-Pipeline/venv/lib/python3.9/site-packages/airflow/example_dags/example_task_group_decorator.py
[2025-04-21T17:10:03.092-0400] {logging_mixin.py:188} INFO - [2025-04-21T17:10:03.092-0400] {dag.py:3036} INFO - Sync 1 DAGs
[2025-04-21T17:10:03.104-0400] {logging_mixin.py:188} INFO - [2025-04-21T17:10:03.104-0400] {dag.py:3823} INFO - Setting next_dagrun for example_task_group_decorator to 2025-04-20 00:00:00+00:00, run_after=2025-04-21 00:00:00+00:00
[2025-04-21T17:10:03.117-0400] {processor.py:183} INFO - Processing /Users/gaurav/Documents/Breast-Cancer-ML-Pipeline/venv/lib/python3.9/site-packages/airflow/example_dags/example_task_group_decorator.py took 0.123 seconds
[2025-04-21T17:11:17.743-0400] {processor.py:161} INFO - Started process (PID=85745) to work on /Users/gaurav/Documents/Breast-Cancer-ML-Pipeline/venv/lib/python3.9/site-packages/airflow/example_dags/example_task_group_decorator.py
[2025-04-21T17:11:17.745-0400] {processor.py:830} INFO - Processing file /Users/gaurav/Documents/Breast-Cancer-ML-Pipeline/venv/lib/python3.9/site-packages/airflow/example_dags/example_task_group_decorator.py for tasks to queue
[2025-04-21T17:11:17.745-0400] {logging_mixin.py:188} INFO - [2025-04-21T17:11:17.745-0400] {dagbag.py:538} INFO - Filling up the DagBag from /Users/gaurav/Documents/Breast-Cancer-ML-Pipeline/venv/lib/python3.9/site-packages/airflow/example_dags/example_task_group_decorator.py
[2025-04-21T17:11:17.775-0400] {processor.py:840} INFO - DAG(s) 'example_task_group_decorator' retrieved from /Users/gaurav/Documents/Breast-Cancer-ML-Pipeline/venv/lib/python3.9/site-packages/airflow/example_dags/example_task_group_decorator.py
[2025-04-21T17:11:17.841-0400] {logging_mixin.py:188} INFO - [2025-04-21T17:11:17.840-0400] {dag.py:3036} INFO - Sync 1 DAGs
[2025-04-21T17:11:17.853-0400] {logging_mixin.py:188} INFO - [2025-04-21T17:11:17.853-0400] {dag.py:3823} INFO - Setting next_dagrun for example_task_group_decorator to 2025-04-20 00:00:00+00:00, run_after=2025-04-21 00:00:00+00:00
[2025-04-21T17:11:17.866-0400] {processor.py:183} INFO - Processing /Users/gaurav/Documents/Breast-Cancer-ML-Pipeline/venv/lib/python3.9/site-packages/airflow/example_dags/example_task_group_decorator.py took 0.124 seconds
[2025-04-21T17:12:31.100-0400] {processor.py:161} INFO - Started process (PID=85836) to work on /Users/gaurav/Documents/Breast-Cancer-ML-Pipeline/venv/lib/python3.9/site-packages/airflow/example_dags/example_task_group_decorator.py
[2025-04-21T17:12:31.102-0400] {processor.py:830} INFO - Processing file /Users/gaurav/Documents/Breast-Cancer-ML-Pipeline/venv/lib/python3.9/site-packages/airflow/example_dags/example_task_group_decorator.py for tasks to queue
[2025-04-21T17:12:31.103-0400] {logging_mixin.py:188} INFO - [2025-04-21T17:12:31.103-0400] {dagbag.py:538} INFO - Filling up the DagBag from /Users/gaurav/Documents/Breast-Cancer-ML-Pipeline/venv/lib/python3.9/site-packages/airflow/example_dags/example_task_group_decorator.py
[2025-04-21T17:12:31.135-0400] {processor.py:840} INFO - DAG(s) 'example_task_group_decorator' retrieved from /Users/gaurav/Documents/Breast-Cancer-ML-Pipeline/venv/lib/python3.9/site-packages/airflow/example_dags/example_task_group_decorator.py
[2025-04-21T17:12:31.201-0400] {logging_mixin.py:188} INFO - [2025-04-21T17:12:31.201-0400] {dag.py:3036} INFO - Sync 1 DAGs
[2025-04-21T17:12:31.213-0400] {logging_mixin.py:188} INFO - [2025-04-21T17:12:31.213-0400] {dag.py:3823} INFO - Setting next_dagrun for example_task_group_decorator to 2025-04-20 00:00:00+00:00, run_after=2025-04-21 00:00:00+00:00
[2025-04-21T17:12:31.226-0400] {processor.py:183} INFO - Processing /Users/gaurav/Documents/Breast-Cancer-ML-Pipeline/venv/lib/python3.9/site-packages/airflow/example_dags/example_task_group_decorator.py took 0.126 seconds
[2025-04-21T17:13:44.894-0400] {processor.py:161} INFO - Started process (PID=85932) to work on /Users/gaurav/Documents/Breast-Cancer-ML-Pipeline/venv/lib/python3.9/site-packages/airflow/example_dags/example_task_group_decorator.py
[2025-04-21T17:13:44.896-0400] {processor.py:830} INFO - Processing file /Users/gaurav/Documents/Breast-Cancer-ML-Pipeline/venv/lib/python3.9/site-packages/airflow/example_dags/example_task_group_decorator.py for tasks to queue
[2025-04-21T17:13:44.896-0400] {logging_mixin.py:188} INFO - [2025-04-21T17:13:44.896-0400] {dagbag.py:538} INFO - Filling up the DagBag from /Users/gaurav/Documents/Breast-Cancer-ML-Pipeline/venv/lib/python3.9/site-packages/airflow/example_dags/example_task_group_decorator.py
[2025-04-21T17:13:44.926-0400] {processor.py:840} INFO - DAG(s) 'example_task_group_decorator' retrieved from /Users/gaurav/Documents/Breast-Cancer-ML-Pipeline/venv/lib/python3.9/site-packages/airflow/example_dags/example_task_group_decorator.py
[2025-04-21T17:13:44.991-0400] {logging_mixin.py:188} INFO - [2025-04-21T17:13:44.991-0400] {dag.py:3036} INFO - Sync 1 DAGs
[2025-04-21T17:13:45.003-0400] {logging_mixin.py:188} INFO - [2025-04-21T17:13:45.003-0400] {dag.py:3823} INFO - Setting next_dagrun for example_task_group_decorator to 2025-04-20 00:00:00+00:00, run_after=2025-04-21 00:00:00+00:00
[2025-04-21T17:13:45.015-0400] {processor.py:183} INFO - Processing /Users/gaurav/Documents/Breast-Cancer-ML-Pipeline/venv/lib/python3.9/site-packages/airflow/example_dags/example_task_group_decorator.py took 0.122 seconds
[2025-04-21T17:14:58.204-0400] {processor.py:161} INFO - Started process (PID=86013) to work on /Users/gaurav/Documents/Breast-Cancer-ML-Pipeline/venv/lib/python3.9/site-packages/airflow/example_dags/example_task_group_decorator.py
[2025-04-21T17:14:58.206-0400] {processor.py:830} INFO - Processing file /Users/gaurav/Documents/Breast-Cancer-ML-Pipeline/venv/lib/python3.9/site-packages/airflow/example_dags/example_task_group_decorator.py for tasks to queue
[2025-04-21T17:14:58.207-0400] {logging_mixin.py:188} INFO - [2025-04-21T17:14:58.206-0400] {dagbag.py:538} INFO - Filling up the DagBag from /Users/gaurav/Documents/Breast-Cancer-ML-Pipeline/venv/lib/python3.9/site-packages/airflow/example_dags/example_task_group_decorator.py
[2025-04-21T17:14:58.237-0400] {processor.py:840} INFO - DAG(s) 'example_task_group_decorator' retrieved from /Users/gaurav/Documents/Breast-Cancer-ML-Pipeline/venv/lib/python3.9/site-packages/airflow/example_dags/example_task_group_decorator.py
[2025-04-21T17:14:58.306-0400] {logging_mixin.py:188} INFO - [2025-04-21T17:14:58.306-0400] {dag.py:3036} INFO - Sync 1 DAGs
[2025-04-21T17:14:58.318-0400] {logging_mixin.py:188} INFO - [2025-04-21T17:14:58.318-0400] {dag.py:3823} INFO - Setting next_dagrun for example_task_group_decorator to 2025-04-20 00:00:00+00:00, run_after=2025-04-21 00:00:00+00:00
[2025-04-21T17:14:58.331-0400] {processor.py:183} INFO - Processing /Users/gaurav/Documents/Breast-Cancer-ML-Pipeline/venv/lib/python3.9/site-packages/airflow/example_dags/example_task_group_decorator.py took 0.128 seconds
[2025-04-21T17:16:11.563-0400] {processor.py:161} INFO - Started process (PID=86101) to work on /Users/gaurav/Documents/Breast-Cancer-ML-Pipeline/venv/lib/python3.9/site-packages/airflow/example_dags/example_task_group_decorator.py
[2025-04-21T17:16:11.565-0400] {processor.py:830} INFO - Processing file /Users/gaurav/Documents/Breast-Cancer-ML-Pipeline/venv/lib/python3.9/site-packages/airflow/example_dags/example_task_group_decorator.py for tasks to queue
[2025-04-21T17:16:11.565-0400] {logging_mixin.py:188} INFO - [2025-04-21T17:16:11.565-0400] {dagbag.py:538} INFO - Filling up the DagBag from /Users/gaurav/Documents/Breast-Cancer-ML-Pipeline/venv/lib/python3.9/site-packages/airflow/example_dags/example_task_group_decorator.py
[2025-04-21T17:16:11.596-0400] {processor.py:840} INFO - DAG(s) 'example_task_group_decorator' retrieved from /Users/gaurav/Documents/Breast-Cancer-ML-Pipeline/venv/lib/python3.9/site-packages/airflow/example_dags/example_task_group_decorator.py
[2025-04-21T17:16:11.662-0400] {logging_mixin.py:188} INFO - [2025-04-21T17:16:11.661-0400] {dag.py:3036} INFO - Sync 1 DAGs
[2025-04-21T17:16:11.674-0400] {logging_mixin.py:188} INFO - [2025-04-21T17:16:11.673-0400] {dag.py:3823} INFO - Setting next_dagrun for example_task_group_decorator to 2025-04-20 00:00:00+00:00, run_after=2025-04-21 00:00:00+00:00
[2025-04-21T17:16:11.686-0400] {processor.py:183} INFO - Processing /Users/gaurav/Documents/Breast-Cancer-ML-Pipeline/venv/lib/python3.9/site-packages/airflow/example_dags/example_task_group_decorator.py took 0.124 seconds
[2025-04-21T17:17:25.509-0400] {processor.py:161} INFO - Started process (PID=86201) to work on /Users/gaurav/Documents/Breast-Cancer-ML-Pipeline/venv/lib/python3.9/site-packages/airflow/example_dags/example_task_group_decorator.py
[2025-04-21T17:17:25.511-0400] {processor.py:830} INFO - Processing file /Users/gaurav/Documents/Breast-Cancer-ML-Pipeline/venv/lib/python3.9/site-packages/airflow/example_dags/example_task_group_decorator.py for tasks to queue
[2025-04-21T17:17:25.511-0400] {logging_mixin.py:188} INFO - [2025-04-21T17:17:25.511-0400] {dagbag.py:538} INFO - Filling up the DagBag from /Users/gaurav/Documents/Breast-Cancer-ML-Pipeline/venv/lib/python3.9/site-packages/airflow/example_dags/example_task_group_decorator.py
[2025-04-21T17:17:25.543-0400] {processor.py:840} INFO - DAG(s) 'example_task_group_decorator' retrieved from /Users/gaurav/Documents/Breast-Cancer-ML-Pipeline/venv/lib/python3.9/site-packages/airflow/example_dags/example_task_group_decorator.py
[2025-04-21T17:17:25.610-0400] {logging_mixin.py:188} INFO - [2025-04-21T17:17:25.610-0400] {dag.py:3036} INFO - Sync 1 DAGs
[2025-04-21T17:17:25.621-0400] {logging_mixin.py:188} INFO - [2025-04-21T17:17:25.621-0400] {dag.py:3823} INFO - Setting next_dagrun for example_task_group_decorator to 2025-04-20 00:00:00+00:00, run_after=2025-04-21 00:00:00+00:00
[2025-04-21T17:17:25.634-0400] {processor.py:183} INFO - Processing /Users/gaurav/Documents/Breast-Cancer-ML-Pipeline/venv/lib/python3.9/site-packages/airflow/example_dags/example_task_group_decorator.py took 0.125 seconds
[2025-04-21T17:18:41.130-0400] {processor.py:161} INFO - Started process (PID=86298) to work on /Users/gaurav/Documents/Breast-Cancer-ML-Pipeline/venv/lib/python3.9/site-packages/airflow/example_dags/example_task_group_decorator.py
[2025-04-21T17:18:41.132-0400] {processor.py:830} INFO - Processing file /Users/gaurav/Documents/Breast-Cancer-ML-Pipeline/venv/lib/python3.9/site-packages/airflow/example_dags/example_task_group_decorator.py for tasks to queue
[2025-04-21T17:18:41.132-0400] {logging_mixin.py:188} INFO - [2025-04-21T17:18:41.132-0400] {dagbag.py:538} INFO - Filling up the DagBag from /Users/gaurav/Documents/Breast-Cancer-ML-Pipeline/venv/lib/python3.9/site-packages/airflow/example_dags/example_task_group_decorator.py
[2025-04-21T17:18:41.167-0400] {processor.py:840} INFO - DAG(s) 'example_task_group_decorator' retrieved from /Users/gaurav/Documents/Breast-Cancer-ML-Pipeline/venv/lib/python3.9/site-packages/airflow/example_dags/example_task_group_decorator.py
[2025-04-21T17:18:41.239-0400] {logging_mixin.py:188} INFO - [2025-04-21T17:18:41.238-0400] {dag.py:3036} INFO - Sync 1 DAGs
[2025-04-21T17:18:41.253-0400] {logging_mixin.py:188} INFO - [2025-04-21T17:18:41.253-0400] {dag.py:3823} INFO - Setting next_dagrun for example_task_group_decorator to 2025-04-20 00:00:00+00:00, run_after=2025-04-21 00:00:00+00:00
[2025-04-21T17:18:41.269-0400] {processor.py:183} INFO - Processing /Users/gaurav/Documents/Breast-Cancer-ML-Pipeline/venv/lib/python3.9/site-packages/airflow/example_dags/example_task_group_decorator.py took 0.140 seconds
[2025-04-21T17:19:56.381-0400] {processor.py:161} INFO - Started process (PID=86395) to work on /Users/gaurav/Documents/Breast-Cancer-ML-Pipeline/venv/lib/python3.9/site-packages/airflow/example_dags/example_task_group_decorator.py
[2025-04-21T17:19:56.383-0400] {processor.py:830} INFO - Processing file /Users/gaurav/Documents/Breast-Cancer-ML-Pipeline/venv/lib/python3.9/site-packages/airflow/example_dags/example_task_group_decorator.py for tasks to queue
[2025-04-21T17:19:56.383-0400] {logging_mixin.py:188} INFO - [2025-04-21T17:19:56.383-0400] {dagbag.py:538} INFO - Filling up the DagBag from /Users/gaurav/Documents/Breast-Cancer-ML-Pipeline/venv/lib/python3.9/site-packages/airflow/example_dags/example_task_group_decorator.py
[2025-04-21T17:19:56.419-0400] {processor.py:840} INFO - DAG(s) 'example_task_group_decorator' retrieved from /Users/gaurav/Documents/Breast-Cancer-ML-Pipeline/venv/lib/python3.9/site-packages/airflow/example_dags/example_task_group_decorator.py
[2025-04-21T17:19:56.489-0400] {logging_mixin.py:188} INFO - [2025-04-21T17:19:56.489-0400] {dag.py:3036} INFO - Sync 1 DAGs
[2025-04-21T17:19:56.501-0400] {logging_mixin.py:188} INFO - [2025-04-21T17:19:56.500-0400] {dag.py:3823} INFO - Setting next_dagrun for example_task_group_decorator to 2025-04-20 00:00:00+00:00, run_after=2025-04-21 00:00:00+00:00
[2025-04-21T17:19:56.514-0400] {processor.py:183} INFO - Processing /Users/gaurav/Documents/Breast-Cancer-ML-Pipeline/venv/lib/python3.9/site-packages/airflow/example_dags/example_task_group_decorator.py took 0.134 seconds
[2025-04-21T17:21:41.586-0400] {processor.py:161} INFO - Started process (PID=86499) to work on /Users/gaurav/Documents/Breast-Cancer-ML-Pipeline/venv/lib/python3.9/site-packages/airflow/example_dags/example_task_group_decorator.py
[2025-04-21T17:21:41.588-0400] {processor.py:830} INFO - Processing file /Users/gaurav/Documents/Breast-Cancer-ML-Pipeline/venv/lib/python3.9/site-packages/airflow/example_dags/example_task_group_decorator.py for tasks to queue
[2025-04-21T17:21:41.588-0400] {logging_mixin.py:188} INFO - [2025-04-21T17:21:41.588-0400] {dagbag.py:538} INFO - Filling up the DagBag from /Users/gaurav/Documents/Breast-Cancer-ML-Pipeline/venv/lib/python3.9/site-packages/airflow/example_dags/example_task_group_decorator.py
[2025-04-21T17:21:41.619-0400] {processor.py:840} INFO - DAG(s) 'example_task_group_decorator' retrieved from /Users/gaurav/Documents/Breast-Cancer-ML-Pipeline/venv/lib/python3.9/site-packages/airflow/example_dags/example_task_group_decorator.py
[2025-04-21T17:21:41.743-0400] {logging_mixin.py:188} INFO - [2025-04-21T17:21:41.742-0400] {dag.py:3036} INFO - Sync 1 DAGs
[2025-04-21T17:21:41.755-0400] {logging_mixin.py:188} INFO - [2025-04-21T17:21:41.755-0400] {dag.py:3823} INFO - Setting next_dagrun for example_task_group_decorator to 2025-04-20 00:00:00+00:00, run_after=2025-04-21 00:00:00+00:00
[2025-04-21T17:21:41.768-0400] {processor.py:183} INFO - Processing /Users/gaurav/Documents/Breast-Cancer-ML-Pipeline/venv/lib/python3.9/site-packages/airflow/example_dags/example_task_group_decorator.py took 0.183 seconds
[2025-04-21T17:23:11.688-0400] {processor.py:161} INFO - Started process (PID=86588) to work on /Users/gaurav/Documents/Breast-Cancer-ML-Pipeline/venv/lib/python3.9/site-packages/airflow/example_dags/example_task_group_decorator.py
[2025-04-21T17:23:11.689-0400] {processor.py:830} INFO - Processing file /Users/gaurav/Documents/Breast-Cancer-ML-Pipeline/venv/lib/python3.9/site-packages/airflow/example_dags/example_task_group_decorator.py for tasks to queue
[2025-04-21T17:23:11.690-0400] {logging_mixin.py:188} INFO - [2025-04-21T17:23:11.690-0400] {dagbag.py:538} INFO - Filling up the DagBag from /Users/gaurav/Documents/Breast-Cancer-ML-Pipeline/venv/lib/python3.9/site-packages/airflow/example_dags/example_task_group_decorator.py
[2025-04-21T17:23:11.722-0400] {processor.py:840} INFO - DAG(s) 'example_task_group_decorator' retrieved from /Users/gaurav/Documents/Breast-Cancer-ML-Pipeline/venv/lib/python3.9/site-packages/airflow/example_dags/example_task_group_decorator.py
[2025-04-21T17:23:11.789-0400] {logging_mixin.py:188} INFO - [2025-04-21T17:23:11.789-0400] {dag.py:3036} INFO - Sync 1 DAGs
[2025-04-21T17:23:11.801-0400] {logging_mixin.py:188} INFO - [2025-04-21T17:23:11.801-0400] {dag.py:3823} INFO - Setting next_dagrun for example_task_group_decorator to 2025-04-20 00:00:00+00:00, run_after=2025-04-21 00:00:00+00:00
[2025-04-21T17:23:11.814-0400] {processor.py:183} INFO - Processing /Users/gaurav/Documents/Breast-Cancer-ML-Pipeline/venv/lib/python3.9/site-packages/airflow/example_dags/example_task_group_decorator.py took 0.127 seconds
[2025-04-21T17:24:29.346-0400] {processor.py:161} INFO - Started process (PID=86685) to work on /Users/gaurav/Documents/Breast-Cancer-ML-Pipeline/venv/lib/python3.9/site-packages/airflow/example_dags/example_task_group_decorator.py
[2025-04-21T17:24:29.349-0400] {processor.py:830} INFO - Processing file /Users/gaurav/Documents/Breast-Cancer-ML-Pipeline/venv/lib/python3.9/site-packages/airflow/example_dags/example_task_group_decorator.py for tasks to queue
[2025-04-21T17:24:29.349-0400] {logging_mixin.py:188} INFO - [2025-04-21T17:24:29.349-0400] {dagbag.py:538} INFO - Filling up the DagBag from /Users/gaurav/Documents/Breast-Cancer-ML-Pipeline/venv/lib/python3.9/site-packages/airflow/example_dags/example_task_group_decorator.py
[2025-04-21T17:24:29.379-0400] {processor.py:840} INFO - DAG(s) 'example_task_group_decorator' retrieved from /Users/gaurav/Documents/Breast-Cancer-ML-Pipeline/venv/lib/python3.9/site-packages/airflow/example_dags/example_task_group_decorator.py
[2025-04-21T17:24:29.448-0400] {logging_mixin.py:188} INFO - [2025-04-21T17:24:29.447-0400] {dag.py:3036} INFO - Sync 1 DAGs
[2025-04-21T17:24:29.459-0400] {logging_mixin.py:188} INFO - [2025-04-21T17:24:29.459-0400] {dag.py:3823} INFO - Setting next_dagrun for example_task_group_decorator to 2025-04-20 00:00:00+00:00, run_after=2025-04-21 00:00:00+00:00
[2025-04-21T17:24:29.472-0400] {processor.py:183} INFO - Processing /Users/gaurav/Documents/Breast-Cancer-ML-Pipeline/venv/lib/python3.9/site-packages/airflow/example_dags/example_task_group_decorator.py took 0.126 seconds
[2025-04-21T17:25:46.990-0400] {processor.py:161} INFO - Started process (PID=86793) to work on /Users/gaurav/Documents/Breast-Cancer-ML-Pipeline/venv/lib/python3.9/site-packages/airflow/example_dags/example_task_group_decorator.py
[2025-04-21T17:25:46.992-0400] {processor.py:830} INFO - Processing file /Users/gaurav/Documents/Breast-Cancer-ML-Pipeline/venv/lib/python3.9/site-packages/airflow/example_dags/example_task_group_decorator.py for tasks to queue
[2025-04-21T17:25:46.992-0400] {logging_mixin.py:188} INFO - [2025-04-21T17:25:46.992-0400] {dagbag.py:538} INFO - Filling up the DagBag from /Users/gaurav/Documents/Breast-Cancer-ML-Pipeline/venv/lib/python3.9/site-packages/airflow/example_dags/example_task_group_decorator.py
[2025-04-21T17:25:47.024-0400] {processor.py:840} INFO - DAG(s) 'example_task_group_decorator' retrieved from /Users/gaurav/Documents/Breast-Cancer-ML-Pipeline/venv/lib/python3.9/site-packages/airflow/example_dags/example_task_group_decorator.py
[2025-04-21T17:25:47.103-0400] {logging_mixin.py:188} INFO - [2025-04-21T17:25:47.103-0400] {dag.py:3036} INFO - Sync 1 DAGs
[2025-04-21T17:25:47.116-0400] {logging_mixin.py:188} INFO - [2025-04-21T17:25:47.116-0400] {dag.py:3823} INFO - Setting next_dagrun for example_task_group_decorator to 2025-04-20 00:00:00+00:00, run_after=2025-04-21 00:00:00+00:00
[2025-04-21T17:25:47.130-0400] {processor.py:183} INFO - Processing /Users/gaurav/Documents/Breast-Cancer-ML-Pipeline/venv/lib/python3.9/site-packages/airflow/example_dags/example_task_group_decorator.py took 0.141 seconds
[2025-04-21T17:27:00.771-0400] {processor.py:161} INFO - Started process (PID=86883) to work on /Users/gaurav/Documents/Breast-Cancer-ML-Pipeline/venv/lib/python3.9/site-packages/airflow/example_dags/example_task_group_decorator.py
[2025-04-21T17:27:00.773-0400] {processor.py:830} INFO - Processing file /Users/gaurav/Documents/Breast-Cancer-ML-Pipeline/venv/lib/python3.9/site-packages/airflow/example_dags/example_task_group_decorator.py for tasks to queue
[2025-04-21T17:27:00.773-0400] {logging_mixin.py:188} INFO - [2025-04-21T17:27:00.773-0400] {dagbag.py:538} INFO - Filling up the DagBag from /Users/gaurav/Documents/Breast-Cancer-ML-Pipeline/venv/lib/python3.9/site-packages/airflow/example_dags/example_task_group_decorator.py
[2025-04-21T17:27:00.813-0400] {processor.py:840} INFO - DAG(s) 'example_task_group_decorator' retrieved from /Users/gaurav/Documents/Breast-Cancer-ML-Pipeline/venv/lib/python3.9/site-packages/airflow/example_dags/example_task_group_decorator.py
[2025-04-21T17:27:00.900-0400] {logging_mixin.py:188} INFO - [2025-04-21T17:27:00.900-0400] {dag.py:3036} INFO - Sync 1 DAGs
[2025-04-21T17:27:00.911-0400] {logging_mixin.py:188} INFO - [2025-04-21T17:27:00.911-0400] {dag.py:3823} INFO - Setting next_dagrun for example_task_group_decorator to 2025-04-20 00:00:00+00:00, run_after=2025-04-21 00:00:00+00:00
[2025-04-21T17:27:00.924-0400] {processor.py:183} INFO - Processing /Users/gaurav/Documents/Breast-Cancer-ML-Pipeline/venv/lib/python3.9/site-packages/airflow/example_dags/example_task_group_decorator.py took 0.154 seconds
[2025-04-21T17:29:20.628-0400] {processor.py:161} INFO - Started process (PID=87105) to work on /Users/gaurav/Documents/Breast-Cancer-ML-Pipeline/venv/lib/python3.9/site-packages/airflow/example_dags/example_task_group_decorator.py
[2025-04-21T17:29:20.629-0400] {processor.py:830} INFO - Processing file /Users/gaurav/Documents/Breast-Cancer-ML-Pipeline/venv/lib/python3.9/site-packages/airflow/example_dags/example_task_group_decorator.py for tasks to queue
[2025-04-21T17:29:20.630-0400] {logging_mixin.py:188} INFO - [2025-04-21T17:29:20.630-0400] {dagbag.py:538} INFO - Filling up the DagBag from /Users/gaurav/Documents/Breast-Cancer-ML-Pipeline/venv/lib/python3.9/site-packages/airflow/example_dags/example_task_group_decorator.py
[2025-04-21T17:29:20.661-0400] {processor.py:840} INFO - DAG(s) 'example_task_group_decorator' retrieved from /Users/gaurav/Documents/Breast-Cancer-ML-Pipeline/venv/lib/python3.9/site-packages/airflow/example_dags/example_task_group_decorator.py
[2025-04-21T17:29:20.725-0400] {logging_mixin.py:188} INFO - [2025-04-21T17:29:20.725-0400] {dag.py:3036} INFO - Sync 1 DAGs
[2025-04-21T17:29:20.736-0400] {logging_mixin.py:188} INFO - [2025-04-21T17:29:20.736-0400] {dag.py:3823} INFO - Setting next_dagrun for example_task_group_decorator to 2025-04-20 00:00:00+00:00, run_after=2025-04-21 00:00:00+00:00
[2025-04-21T17:29:20.749-0400] {processor.py:183} INFO - Processing /Users/gaurav/Documents/Breast-Cancer-ML-Pipeline/venv/lib/python3.9/site-packages/airflow/example_dags/example_task_group_decorator.py took 0.122 seconds
[2025-04-21T17:30:37.222-0400] {processor.py:161} INFO - Started process (PID=87192) to work on /Users/gaurav/Documents/Breast-Cancer-ML-Pipeline/venv/lib/python3.9/site-packages/airflow/example_dags/example_task_group_decorator.py
[2025-04-21T17:30:37.224-0400] {processor.py:830} INFO - Processing file /Users/gaurav/Documents/Breast-Cancer-ML-Pipeline/venv/lib/python3.9/site-packages/airflow/example_dags/example_task_group_decorator.py for tasks to queue
[2025-04-21T17:30:37.224-0400] {logging_mixin.py:188} INFO - [2025-04-21T17:30:37.224-0400] {dagbag.py:538} INFO - Filling up the DagBag from /Users/gaurav/Documents/Breast-Cancer-ML-Pipeline/venv/lib/python3.9/site-packages/airflow/example_dags/example_task_group_decorator.py
[2025-04-21T17:30:37.261-0400] {processor.py:840} INFO - DAG(s) 'example_task_group_decorator' retrieved from /Users/gaurav/Documents/Breast-Cancer-ML-Pipeline/venv/lib/python3.9/site-packages/airflow/example_dags/example_task_group_decorator.py
[2025-04-21T17:30:37.330-0400] {logging_mixin.py:188} INFO - [2025-04-21T17:30:37.330-0400] {dag.py:3036} INFO - Sync 1 DAGs
[2025-04-21T17:30:37.343-0400] {logging_mixin.py:188} INFO - [2025-04-21T17:30:37.343-0400] {dag.py:3823} INFO - Setting next_dagrun for example_task_group_decorator to 2025-04-20 00:00:00+00:00, run_after=2025-04-21 00:00:00+00:00
[2025-04-21T17:30:37.357-0400] {processor.py:183} INFO - Processing /Users/gaurav/Documents/Breast-Cancer-ML-Pipeline/venv/lib/python3.9/site-packages/airflow/example_dags/example_task_group_decorator.py took 0.135 seconds
[2025-04-21T17:31:50.790-0400] {processor.py:161} INFO - Started process (PID=87272) to work on /Users/gaurav/Documents/Breast-Cancer-ML-Pipeline/venv/lib/python3.9/site-packages/airflow/example_dags/example_task_group_decorator.py
[2025-04-21T17:31:50.791-0400] {processor.py:830} INFO - Processing file /Users/gaurav/Documents/Breast-Cancer-ML-Pipeline/venv/lib/python3.9/site-packages/airflow/example_dags/example_task_group_decorator.py for tasks to queue
[2025-04-21T17:31:50.792-0400] {logging_mixin.py:188} INFO - [2025-04-21T17:31:50.792-0400] {dagbag.py:538} INFO - Filling up the DagBag from /Users/gaurav/Documents/Breast-Cancer-ML-Pipeline/venv/lib/python3.9/site-packages/airflow/example_dags/example_task_group_decorator.py
[2025-04-21T17:31:50.827-0400] {processor.py:840} INFO - DAG(s) 'example_task_group_decorator' retrieved from /Users/gaurav/Documents/Breast-Cancer-ML-Pipeline/venv/lib/python3.9/site-packages/airflow/example_dags/example_task_group_decorator.py
[2025-04-21T17:31:50.892-0400] {logging_mixin.py:188} INFO - [2025-04-21T17:31:50.892-0400] {dag.py:3036} INFO - Sync 1 DAGs
[2025-04-21T17:31:50.904-0400] {logging_mixin.py:188} INFO - [2025-04-21T17:31:50.904-0400] {dag.py:3823} INFO - Setting next_dagrun for example_task_group_decorator to 2025-04-20 00:00:00+00:00, run_after=2025-04-21 00:00:00+00:00
[2025-04-21T17:31:50.917-0400] {processor.py:183} INFO - Processing /Users/gaurav/Documents/Breast-Cancer-ML-Pipeline/venv/lib/python3.9/site-packages/airflow/example_dags/example_task_group_decorator.py took 0.128 seconds
[2025-04-21T17:35:57.905-0400] {processor.py:161} INFO - Started process (PID=87472) to work on /Users/gaurav/Documents/Breast-Cancer-ML-Pipeline/venv/lib/python3.9/site-packages/airflow/example_dags/example_task_group_decorator.py
[2025-04-21T17:35:57.907-0400] {processor.py:830} INFO - Processing file /Users/gaurav/Documents/Breast-Cancer-ML-Pipeline/venv/lib/python3.9/site-packages/airflow/example_dags/example_task_group_decorator.py for tasks to queue
[2025-04-21T17:35:57.907-0400] {logging_mixin.py:188} INFO - [2025-04-21T17:35:57.907-0400] {dagbag.py:538} INFO - Filling up the DagBag from /Users/gaurav/Documents/Breast-Cancer-ML-Pipeline/venv/lib/python3.9/site-packages/airflow/example_dags/example_task_group_decorator.py
[2025-04-21T17:35:57.937-0400] {processor.py:840} INFO - DAG(s) 'example_task_group_decorator' retrieved from /Users/gaurav/Documents/Breast-Cancer-ML-Pipeline/venv/lib/python3.9/site-packages/airflow/example_dags/example_task_group_decorator.py
[2025-04-21T17:35:58.063-0400] {logging_mixin.py:188} INFO - [2025-04-21T17:35:58.063-0400] {dag.py:3036} INFO - Sync 1 DAGs
[2025-04-21T17:35:58.077-0400] {logging_mixin.py:188} INFO - [2025-04-21T17:35:58.077-0400] {dag.py:3823} INFO - Setting next_dagrun for example_task_group_decorator to 2025-04-20 00:00:00+00:00, run_after=2025-04-21 00:00:00+00:00
[2025-04-21T17:35:58.091-0400] {processor.py:183} INFO - Processing /Users/gaurav/Documents/Breast-Cancer-ML-Pipeline/venv/lib/python3.9/site-packages/airflow/example_dags/example_task_group_decorator.py took 0.187 seconds
[2025-04-21T17:38:40.158-0400] {processor.py:161} INFO - Started process (PID=87859) to work on /Users/gaurav/Documents/Breast-Cancer-ML-Pipeline/venv/lib/python3.9/site-packages/airflow/example_dags/example_task_group_decorator.py
[2025-04-21T17:38:40.160-0400] {processor.py:830} INFO - Processing file /Users/gaurav/Documents/Breast-Cancer-ML-Pipeline/venv/lib/python3.9/site-packages/airflow/example_dags/example_task_group_decorator.py for tasks to queue
[2025-04-21T17:38:40.160-0400] {logging_mixin.py:188} INFO - [2025-04-21T17:38:40.160-0400] {dagbag.py:538} INFO - Filling up the DagBag from /Users/gaurav/Documents/Breast-Cancer-ML-Pipeline/venv/lib/python3.9/site-packages/airflow/example_dags/example_task_group_decorator.py
[2025-04-21T17:38:40.191-0400] {processor.py:840} INFO - DAG(s) 'example_task_group_decorator' retrieved from /Users/gaurav/Documents/Breast-Cancer-ML-Pipeline/venv/lib/python3.9/site-packages/airflow/example_dags/example_task_group_decorator.py
[2025-04-21T17:38:40.259-0400] {logging_mixin.py:188} INFO - [2025-04-21T17:38:40.259-0400] {dag.py:3036} INFO - Sync 1 DAGs
[2025-04-21T17:38:40.270-0400] {logging_mixin.py:188} INFO - [2025-04-21T17:38:40.270-0400] {dag.py:3823} INFO - Setting next_dagrun for example_task_group_decorator to 2025-04-20 00:00:00+00:00, run_after=2025-04-21 00:00:00+00:00
[2025-04-21T17:38:40.282-0400] {processor.py:183} INFO - Processing /Users/gaurav/Documents/Breast-Cancer-ML-Pipeline/venv/lib/python3.9/site-packages/airflow/example_dags/example_task_group_decorator.py took 0.125 seconds
[2025-04-21T17:39:54.583-0400] {processor.py:161} INFO - Started process (PID=87932) to work on /Users/gaurav/Documents/Breast-Cancer-ML-Pipeline/venv/lib/python3.9/site-packages/airflow/example_dags/example_task_group_decorator.py
[2025-04-21T17:39:54.584-0400] {processor.py:830} INFO - Processing file /Users/gaurav/Documents/Breast-Cancer-ML-Pipeline/venv/lib/python3.9/site-packages/airflow/example_dags/example_task_group_decorator.py for tasks to queue
[2025-04-21T17:39:54.585-0400] {logging_mixin.py:188} INFO - [2025-04-21T17:39:54.585-0400] {dagbag.py:538} INFO - Filling up the DagBag from /Users/gaurav/Documents/Breast-Cancer-ML-Pipeline/venv/lib/python3.9/site-packages/airflow/example_dags/example_task_group_decorator.py
[2025-04-21T17:39:54.615-0400] {processor.py:840} INFO - DAG(s) 'example_task_group_decorator' retrieved from /Users/gaurav/Documents/Breast-Cancer-ML-Pipeline/venv/lib/python3.9/site-packages/airflow/example_dags/example_task_group_decorator.py
[2025-04-21T17:39:54.680-0400] {logging_mixin.py:188} INFO - [2025-04-21T17:39:54.680-0400] {dag.py:3036} INFO - Sync 1 DAGs
[2025-04-21T17:39:54.692-0400] {logging_mixin.py:188} INFO - [2025-04-21T17:39:54.692-0400] {dag.py:3823} INFO - Setting next_dagrun for example_task_group_decorator to 2025-04-20 00:00:00+00:00, run_after=2025-04-21 00:00:00+00:00
[2025-04-21T17:39:54.704-0400] {processor.py:183} INFO - Processing /Users/gaurav/Documents/Breast-Cancer-ML-Pipeline/venv/lib/python3.9/site-packages/airflow/example_dags/example_task_group_decorator.py took 0.122 seconds
[2025-04-21T17:41:19.172-0400] {processor.py:161} INFO - Started process (PID=88085) to work on /Users/gaurav/Documents/Breast-Cancer-ML-Pipeline/venv/lib/python3.9/site-packages/airflow/example_dags/example_task_group_decorator.py
[2025-04-21T17:41:19.173-0400] {processor.py:830} INFO - Processing file /Users/gaurav/Documents/Breast-Cancer-ML-Pipeline/venv/lib/python3.9/site-packages/airflow/example_dags/example_task_group_decorator.py for tasks to queue
[2025-04-21T17:41:19.174-0400] {logging_mixin.py:188} INFO - [2025-04-21T17:41:19.173-0400] {dagbag.py:538} INFO - Filling up the DagBag from /Users/gaurav/Documents/Breast-Cancer-ML-Pipeline/venv/lib/python3.9/site-packages/airflow/example_dags/example_task_group_decorator.py
[2025-04-21T17:41:19.204-0400] {processor.py:840} INFO - DAG(s) 'example_task_group_decorator' retrieved from /Users/gaurav/Documents/Breast-Cancer-ML-Pipeline/venv/lib/python3.9/site-packages/airflow/example_dags/example_task_group_decorator.py
[2025-04-21T17:41:19.270-0400] {logging_mixin.py:188} INFO - [2025-04-21T17:41:19.269-0400] {dag.py:3036} INFO - Sync 1 DAGs
[2025-04-21T17:41:19.281-0400] {logging_mixin.py:188} INFO - [2025-04-21T17:41:19.281-0400] {dag.py:3823} INFO - Setting next_dagrun for example_task_group_decorator to 2025-04-20 00:00:00+00:00, run_after=2025-04-21 00:00:00+00:00
[2025-04-21T17:41:19.293-0400] {processor.py:183} INFO - Processing /Users/gaurav/Documents/Breast-Cancer-ML-Pipeline/venv/lib/python3.9/site-packages/airflow/example_dags/example_task_group_decorator.py took 0.122 seconds
[2025-04-21T17:42:35.308-0400] {processor.py:161} INFO - Started process (PID=88176) to work on /Users/gaurav/Documents/Breast-Cancer-ML-Pipeline/venv/lib/python3.9/site-packages/airflow/example_dags/example_task_group_decorator.py
[2025-04-21T17:42:35.310-0400] {processor.py:830} INFO - Processing file /Users/gaurav/Documents/Breast-Cancer-ML-Pipeline/venv/lib/python3.9/site-packages/airflow/example_dags/example_task_group_decorator.py for tasks to queue
[2025-04-21T17:42:35.310-0400] {logging_mixin.py:188} INFO - [2025-04-21T17:42:35.310-0400] {dagbag.py:538} INFO - Filling up the DagBag from /Users/gaurav/Documents/Breast-Cancer-ML-Pipeline/venv/lib/python3.9/site-packages/airflow/example_dags/example_task_group_decorator.py
[2025-04-21T17:42:35.340-0400] {processor.py:840} INFO - DAG(s) 'example_task_group_decorator' retrieved from /Users/gaurav/Documents/Breast-Cancer-ML-Pipeline/venv/lib/python3.9/site-packages/airflow/example_dags/example_task_group_decorator.py
[2025-04-21T17:42:35.404-0400] {logging_mixin.py:188} INFO - [2025-04-21T17:42:35.404-0400] {dag.py:3036} INFO - Sync 1 DAGs
[2025-04-21T17:42:35.416-0400] {logging_mixin.py:188} INFO - [2025-04-21T17:42:35.416-0400] {dag.py:3823} INFO - Setting next_dagrun for example_task_group_decorator to 2025-04-20 00:00:00+00:00, run_after=2025-04-21 00:00:00+00:00
[2025-04-21T17:42:35.428-0400] {processor.py:183} INFO - Processing /Users/gaurav/Documents/Breast-Cancer-ML-Pipeline/venv/lib/python3.9/site-packages/airflow/example_dags/example_task_group_decorator.py took 0.121 seconds
[2025-04-21T17:43:47.234-0400] {processor.py:161} INFO - Started process (PID=88256) to work on /Users/gaurav/Documents/Breast-Cancer-ML-Pipeline/venv/lib/python3.9/site-packages/airflow/example_dags/example_task_group_decorator.py
[2025-04-21T17:43:47.236-0400] {processor.py:830} INFO - Processing file /Users/gaurav/Documents/Breast-Cancer-ML-Pipeline/venv/lib/python3.9/site-packages/airflow/example_dags/example_task_group_decorator.py for tasks to queue
[2025-04-21T17:43:47.237-0400] {logging_mixin.py:188} INFO - [2025-04-21T17:43:47.237-0400] {dagbag.py:538} INFO - Filling up the DagBag from /Users/gaurav/Documents/Breast-Cancer-ML-Pipeline/venv/lib/python3.9/site-packages/airflow/example_dags/example_task_group_decorator.py
[2025-04-21T17:43:47.267-0400] {processor.py:840} INFO - DAG(s) 'example_task_group_decorator' retrieved from /Users/gaurav/Documents/Breast-Cancer-ML-Pipeline/venv/lib/python3.9/site-packages/airflow/example_dags/example_task_group_decorator.py
[2025-04-21T17:43:47.332-0400] {logging_mixin.py:188} INFO - [2025-04-21T17:43:47.332-0400] {dag.py:3036} INFO - Sync 1 DAGs
[2025-04-21T17:43:47.344-0400] {logging_mixin.py:188} INFO - [2025-04-21T17:43:47.344-0400] {dag.py:3823} INFO - Setting next_dagrun for example_task_group_decorator to 2025-04-20 00:00:00+00:00, run_after=2025-04-21 00:00:00+00:00
[2025-04-21T17:43:47.357-0400] {processor.py:183} INFO - Processing /Users/gaurav/Documents/Breast-Cancer-ML-Pipeline/venv/lib/python3.9/site-packages/airflow/example_dags/example_task_group_decorator.py took 0.124 seconds
[2025-04-21T17:44:58.816-0400] {processor.py:161} INFO - Started process (PID=88361) to work on /Users/gaurav/Documents/Breast-Cancer-ML-Pipeline/venv/lib/python3.9/site-packages/airflow/example_dags/example_task_group_decorator.py
[2025-04-21T17:44:58.817-0400] {processor.py:830} INFO - Processing file /Users/gaurav/Documents/Breast-Cancer-ML-Pipeline/venv/lib/python3.9/site-packages/airflow/example_dags/example_task_group_decorator.py for tasks to queue
[2025-04-21T17:44:58.817-0400] {logging_mixin.py:188} INFO - [2025-04-21T17:44:58.817-0400] {dagbag.py:538} INFO - Filling up the DagBag from /Users/gaurav/Documents/Breast-Cancer-ML-Pipeline/venv/lib/python3.9/site-packages/airflow/example_dags/example_task_group_decorator.py
[2025-04-21T17:44:58.845-0400] {processor.py:840} INFO - DAG(s) 'example_task_group_decorator' retrieved from /Users/gaurav/Documents/Breast-Cancer-ML-Pipeline/venv/lib/python3.9/site-packages/airflow/example_dags/example_task_group_decorator.py
[2025-04-21T17:44:58.900-0400] {logging_mixin.py:188} INFO - [2025-04-21T17:44:58.899-0400] {dag.py:3036} INFO - Sync 1 DAGs
[2025-04-21T17:44:58.908-0400] {logging_mixin.py:188} INFO - [2025-04-21T17:44:58.908-0400] {dag.py:3823} INFO - Setting next_dagrun for example_task_group_decorator to 2025-04-20 00:00:00+00:00, run_after=2025-04-21 00:00:00+00:00
[2025-04-21T17:44:58.920-0400] {processor.py:183} INFO - Processing /Users/gaurav/Documents/Breast-Cancer-ML-Pipeline/venv/lib/python3.9/site-packages/airflow/example_dags/example_task_group_decorator.py took 0.105 seconds
[2025-04-21T17:45:51.392-0400] {processor.py:161} INFO - Started process (PID=88427) to work on /Users/gaurav/Documents/Breast-Cancer-ML-Pipeline/venv/lib/python3.9/site-packages/airflow/example_dags/example_task_group_decorator.py
[2025-04-21T17:45:51.393-0400] {processor.py:830} INFO - Processing file /Users/gaurav/Documents/Breast-Cancer-ML-Pipeline/venv/lib/python3.9/site-packages/airflow/example_dags/example_task_group_decorator.py for tasks to queue
[2025-04-21T17:45:51.393-0400] {logging_mixin.py:188} INFO - [2025-04-21T17:45:51.393-0400] {dagbag.py:538} INFO - Filling up the DagBag from /Users/gaurav/Documents/Breast-Cancer-ML-Pipeline/venv/lib/python3.9/site-packages/airflow/example_dags/example_task_group_decorator.py
[2025-04-21T17:45:51.425-0400] {processor.py:840} INFO - DAG(s) 'example_task_group_decorator' retrieved from /Users/gaurav/Documents/Breast-Cancer-ML-Pipeline/venv/lib/python3.9/site-packages/airflow/example_dags/example_task_group_decorator.py
[2025-04-21T17:45:51.481-0400] {logging_mixin.py:188} INFO - [2025-04-21T17:45:51.481-0400] {dag.py:3036} INFO - Sync 1 DAGs
[2025-04-21T17:45:51.492-0400] {logging_mixin.py:188} INFO - [2025-04-21T17:45:51.491-0400] {dag.py:3823} INFO - Setting next_dagrun for example_task_group_decorator to 2025-04-20 00:00:00+00:00, run_after=2025-04-21 00:00:00+00:00
[2025-04-21T17:45:51.505-0400] {processor.py:183} INFO - Processing /Users/gaurav/Documents/Breast-Cancer-ML-Pipeline/venv/lib/python3.9/site-packages/airflow/example_dags/example_task_group_decorator.py took 0.114 seconds
[2025-04-21T17:46:45.654-0400] {processor.py:161} INFO - Started process (PID=88560) to work on /Users/gaurav/Documents/Breast-Cancer-ML-Pipeline/venv/lib/python3.9/site-packages/airflow/example_dags/example_task_group_decorator.py
[2025-04-21T17:46:45.655-0400] {processor.py:830} INFO - Processing file /Users/gaurav/Documents/Breast-Cancer-ML-Pipeline/venv/lib/python3.9/site-packages/airflow/example_dags/example_task_group_decorator.py for tasks to queue
[2025-04-21T17:46:45.655-0400] {logging_mixin.py:188} INFO - [2025-04-21T17:46:45.655-0400] {dagbag.py:538} INFO - Filling up the DagBag from /Users/gaurav/Documents/Breast-Cancer-ML-Pipeline/venv/lib/python3.9/site-packages/airflow/example_dags/example_task_group_decorator.py
[2025-04-21T17:46:45.680-0400] {processor.py:840} INFO - DAG(s) 'example_task_group_decorator' retrieved from /Users/gaurav/Documents/Breast-Cancer-ML-Pipeline/venv/lib/python3.9/site-packages/airflow/example_dags/example_task_group_decorator.py
[2025-04-21T17:46:45.732-0400] {logging_mixin.py:188} INFO - [2025-04-21T17:46:45.732-0400] {dag.py:3036} INFO - Sync 1 DAGs
[2025-04-21T17:46:45.741-0400] {logging_mixin.py:188} INFO - [2025-04-21T17:46:45.741-0400] {dag.py:3823} INFO - Setting next_dagrun for example_task_group_decorator to 2025-04-20 00:00:00+00:00, run_after=2025-04-21 00:00:00+00:00
[2025-04-21T17:46:45.751-0400] {processor.py:183} INFO - Processing /Users/gaurav/Documents/Breast-Cancer-ML-Pipeline/venv/lib/python3.9/site-packages/airflow/example_dags/example_task_group_decorator.py took 0.097 seconds
[2025-04-21T17:47:39.811-0400] {processor.py:161} INFO - Started process (PID=88626) to work on /Users/gaurav/Documents/Breast-Cancer-ML-Pipeline/venv/lib/python3.9/site-packages/airflow/example_dags/example_task_group_decorator.py
[2025-04-21T17:47:39.812-0400] {processor.py:830} INFO - Processing file /Users/gaurav/Documents/Breast-Cancer-ML-Pipeline/venv/lib/python3.9/site-packages/airflow/example_dags/example_task_group_decorator.py for tasks to queue
[2025-04-21T17:47:39.812-0400] {logging_mixin.py:188} INFO - [2025-04-21T17:47:39.812-0400] {dagbag.py:538} INFO - Filling up the DagBag from /Users/gaurav/Documents/Breast-Cancer-ML-Pipeline/venv/lib/python3.9/site-packages/airflow/example_dags/example_task_group_decorator.py
[2025-04-21T17:47:39.836-0400] {processor.py:840} INFO - DAG(s) 'example_task_group_decorator' retrieved from /Users/gaurav/Documents/Breast-Cancer-ML-Pipeline/venv/lib/python3.9/site-packages/airflow/example_dags/example_task_group_decorator.py
[2025-04-21T17:47:39.889-0400] {logging_mixin.py:188} INFO - [2025-04-21T17:47:39.889-0400] {dag.py:3036} INFO - Sync 1 DAGs
[2025-04-21T17:47:39.898-0400] {logging_mixin.py:188} INFO - [2025-04-21T17:47:39.898-0400] {dag.py:3823} INFO - Setting next_dagrun for example_task_group_decorator to 2025-04-20 00:00:00+00:00, run_after=2025-04-21 00:00:00+00:00
[2025-04-21T17:47:39.908-0400] {processor.py:183} INFO - Processing /Users/gaurav/Documents/Breast-Cancer-ML-Pipeline/venv/lib/python3.9/site-packages/airflow/example_dags/example_task_group_decorator.py took 0.098 seconds
[2025-04-21T17:48:25.221-0400] {processor.py:161} INFO - Started process (PID=88686) to work on /Users/gaurav/Documents/Breast-Cancer-ML-Pipeline/venv/lib/python3.9/site-packages/airflow/example_dags/example_task_group_decorator.py
[2025-04-21T17:48:25.223-0400] {processor.py:830} INFO - Processing file /Users/gaurav/Documents/Breast-Cancer-ML-Pipeline/venv/lib/python3.9/site-packages/airflow/example_dags/example_task_group_decorator.py for tasks to queue
[2025-04-21T17:48:25.223-0400] {logging_mixin.py:188} INFO - [2025-04-21T17:48:25.223-0400] {dagbag.py:538} INFO - Filling up the DagBag from /Users/gaurav/Documents/Breast-Cancer-ML-Pipeline/venv/lib/python3.9/site-packages/airflow/example_dags/example_task_group_decorator.py
[2025-04-21T17:48:25.248-0400] {processor.py:840} INFO - DAG(s) 'example_task_group_decorator' retrieved from /Users/gaurav/Documents/Breast-Cancer-ML-Pipeline/venv/lib/python3.9/site-packages/airflow/example_dags/example_task_group_decorator.py
[2025-04-21T17:48:25.298-0400] {logging_mixin.py:188} INFO - [2025-04-21T17:48:25.298-0400] {dag.py:3036} INFO - Sync 1 DAGs
[2025-04-21T17:48:25.308-0400] {logging_mixin.py:188} INFO - [2025-04-21T17:48:25.308-0400] {dag.py:3823} INFO - Setting next_dagrun for example_task_group_decorator to 2025-04-20 00:00:00+00:00, run_after=2025-04-21 00:00:00+00:00
[2025-04-21T17:48:25.318-0400] {processor.py:183} INFO - Processing /Users/gaurav/Documents/Breast-Cancer-ML-Pipeline/venv/lib/python3.9/site-packages/airflow/example_dags/example_task_group_decorator.py took 0.098 seconds
[2025-04-21T17:49:08.895-0400] {processor.py:161} INFO - Started process (PID=88752) to work on /Users/gaurav/Documents/Breast-Cancer-ML-Pipeline/venv/lib/python3.9/site-packages/airflow/example_dags/example_task_group_decorator.py
[2025-04-21T17:49:08.897-0400] {processor.py:830} INFO - Processing file /Users/gaurav/Documents/Breast-Cancer-ML-Pipeline/venv/lib/python3.9/site-packages/airflow/example_dags/example_task_group_decorator.py for tasks to queue
[2025-04-21T17:49:08.897-0400] {logging_mixin.py:188} INFO - [2025-04-21T17:49:08.897-0400] {dagbag.py:538} INFO - Filling up the DagBag from /Users/gaurav/Documents/Breast-Cancer-ML-Pipeline/venv/lib/python3.9/site-packages/airflow/example_dags/example_task_group_decorator.py
[2025-04-21T17:49:08.922-0400] {processor.py:840} INFO - DAG(s) 'example_task_group_decorator' retrieved from /Users/gaurav/Documents/Breast-Cancer-ML-Pipeline/venv/lib/python3.9/site-packages/airflow/example_dags/example_task_group_decorator.py
[2025-04-21T17:49:08.973-0400] {logging_mixin.py:188} INFO - [2025-04-21T17:49:08.973-0400] {dag.py:3036} INFO - Sync 1 DAGs
[2025-04-21T17:49:08.983-0400] {logging_mixin.py:188} INFO - [2025-04-21T17:49:08.983-0400] {dag.py:3823} INFO - Setting next_dagrun for example_task_group_decorator to 2025-04-20 00:00:00+00:00, run_after=2025-04-21 00:00:00+00:00
[2025-04-21T17:49:08.993-0400] {processor.py:183} INFO - Processing /Users/gaurav/Documents/Breast-Cancer-ML-Pipeline/venv/lib/python3.9/site-packages/airflow/example_dags/example_task_group_decorator.py took 0.098 seconds
[2025-04-21T17:49:52.112-0400] {processor.py:161} INFO - Started process (PID=88809) to work on /Users/gaurav/Documents/Breast-Cancer-ML-Pipeline/venv/lib/python3.9/site-packages/airflow/example_dags/example_task_group_decorator.py
[2025-04-21T17:49:52.114-0400] {processor.py:830} INFO - Processing file /Users/gaurav/Documents/Breast-Cancer-ML-Pipeline/venv/lib/python3.9/site-packages/airflow/example_dags/example_task_group_decorator.py for tasks to queue
[2025-04-21T17:49:52.114-0400] {logging_mixin.py:188} INFO - [2025-04-21T17:49:52.114-0400] {dagbag.py:538} INFO - Filling up the DagBag from /Users/gaurav/Documents/Breast-Cancer-ML-Pipeline/venv/lib/python3.9/site-packages/airflow/example_dags/example_task_group_decorator.py
[2025-04-21T17:49:52.140-0400] {processor.py:840} INFO - DAG(s) 'example_task_group_decorator' retrieved from /Users/gaurav/Documents/Breast-Cancer-ML-Pipeline/venv/lib/python3.9/site-packages/airflow/example_dags/example_task_group_decorator.py
[2025-04-21T17:49:52.192-0400] {logging_mixin.py:188} INFO - [2025-04-21T17:49:52.191-0400] {dag.py:3036} INFO - Sync 1 DAGs
[2025-04-21T17:49:52.202-0400] {logging_mixin.py:188} INFO - [2025-04-21T17:49:52.202-0400] {dag.py:3823} INFO - Setting next_dagrun for example_task_group_decorator to 2025-04-20 00:00:00+00:00, run_after=2025-04-21 00:00:00+00:00
[2025-04-21T17:49:52.212-0400] {processor.py:183} INFO - Processing /Users/gaurav/Documents/Breast-Cancer-ML-Pipeline/venv/lib/python3.9/site-packages/airflow/example_dags/example_task_group_decorator.py took 0.101 seconds
[2025-04-21T17:50:41.730-0400] {processor.py:161} INFO - Started process (PID=88882) to work on /Users/gaurav/Documents/Breast-Cancer-ML-Pipeline/venv/lib/python3.9/site-packages/airflow/example_dags/example_task_group_decorator.py
[2025-04-21T17:50:41.731-0400] {processor.py:830} INFO - Processing file /Users/gaurav/Documents/Breast-Cancer-ML-Pipeline/venv/lib/python3.9/site-packages/airflow/example_dags/example_task_group_decorator.py for tasks to queue
[2025-04-21T17:50:41.732-0400] {logging_mixin.py:188} INFO - [2025-04-21T17:50:41.732-0400] {dagbag.py:538} INFO - Filling up the DagBag from /Users/gaurav/Documents/Breast-Cancer-ML-Pipeline/venv/lib/python3.9/site-packages/airflow/example_dags/example_task_group_decorator.py
[2025-04-21T17:50:41.758-0400] {processor.py:840} INFO - DAG(s) 'example_task_group_decorator' retrieved from /Users/gaurav/Documents/Breast-Cancer-ML-Pipeline/venv/lib/python3.9/site-packages/airflow/example_dags/example_task_group_decorator.py
[2025-04-21T17:50:41.815-0400] {logging_mixin.py:188} INFO - [2025-04-21T17:50:41.815-0400] {dag.py:3036} INFO - Sync 1 DAGs
[2025-04-21T17:50:41.827-0400] {logging_mixin.py:188} INFO - [2025-04-21T17:50:41.827-0400] {dag.py:3823} INFO - Setting next_dagrun for example_task_group_decorator to 2025-04-20 00:00:00+00:00, run_after=2025-04-21 00:00:00+00:00
[2025-04-21T17:50:41.839-0400] {processor.py:183} INFO - Processing /Users/gaurav/Documents/Breast-Cancer-ML-Pipeline/venv/lib/python3.9/site-packages/airflow/example_dags/example_task_group_decorator.py took 0.110 seconds
[2025-04-21T17:51:33.836-0400] {processor.py:161} INFO - Started process (PID=88958) to work on /Users/gaurav/Documents/Breast-Cancer-ML-Pipeline/venv/lib/python3.9/site-packages/airflow/example_dags/example_task_group_decorator.py
[2025-04-21T17:51:33.838-0400] {processor.py:830} INFO - Processing file /Users/gaurav/Documents/Breast-Cancer-ML-Pipeline/venv/lib/python3.9/site-packages/airflow/example_dags/example_task_group_decorator.py for tasks to queue
[2025-04-21T17:51:33.839-0400] {logging_mixin.py:188} INFO - [2025-04-21T17:51:33.838-0400] {dagbag.py:538} INFO - Filling up the DagBag from /Users/gaurav/Documents/Breast-Cancer-ML-Pipeline/venv/lib/python3.9/site-packages/airflow/example_dags/example_task_group_decorator.py
[2025-04-21T17:51:33.863-0400] {processor.py:840} INFO - DAG(s) 'example_task_group_decorator' retrieved from /Users/gaurav/Documents/Breast-Cancer-ML-Pipeline/venv/lib/python3.9/site-packages/airflow/example_dags/example_task_group_decorator.py
[2025-04-21T17:51:33.913-0400] {logging_mixin.py:188} INFO - [2025-04-21T17:51:33.913-0400] {dag.py:3036} INFO - Sync 1 DAGs
[2025-04-21T17:51:33.923-0400] {logging_mixin.py:188} INFO - [2025-04-21T17:51:33.923-0400] {dag.py:3823} INFO - Setting next_dagrun for example_task_group_decorator to 2025-04-20 00:00:00+00:00, run_after=2025-04-21 00:00:00+00:00
[2025-04-21T17:51:33.933-0400] {processor.py:183} INFO - Processing /Users/gaurav/Documents/Breast-Cancer-ML-Pipeline/venv/lib/python3.9/site-packages/airflow/example_dags/example_task_group_decorator.py took 0.097 seconds
[2025-04-21T17:52:25.642-0400] {processor.py:161} INFO - Started process (PID=89024) to work on /Users/gaurav/Documents/Breast-Cancer-ML-Pipeline/venv/lib/python3.9/site-packages/airflow/example_dags/example_task_group_decorator.py
[2025-04-21T17:52:25.644-0400] {processor.py:830} INFO - Processing file /Users/gaurav/Documents/Breast-Cancer-ML-Pipeline/venv/lib/python3.9/site-packages/airflow/example_dags/example_task_group_decorator.py for tasks to queue
[2025-04-21T17:52:25.644-0400] {logging_mixin.py:188} INFO - [2025-04-21T17:52:25.644-0400] {dagbag.py:538} INFO - Filling up the DagBag from /Users/gaurav/Documents/Breast-Cancer-ML-Pipeline/venv/lib/python3.9/site-packages/airflow/example_dags/example_task_group_decorator.py
[2025-04-21T17:52:25.668-0400] {processor.py:840} INFO - DAG(s) 'example_task_group_decorator' retrieved from /Users/gaurav/Documents/Breast-Cancer-ML-Pipeline/venv/lib/python3.9/site-packages/airflow/example_dags/example_task_group_decorator.py
[2025-04-21T17:52:25.719-0400] {logging_mixin.py:188} INFO - [2025-04-21T17:52:25.718-0400] {dag.py:3036} INFO - Sync 1 DAGs
[2025-04-21T17:52:25.729-0400] {logging_mixin.py:188} INFO - [2025-04-21T17:52:25.728-0400] {dag.py:3823} INFO - Setting next_dagrun for example_task_group_decorator to 2025-04-20 00:00:00+00:00, run_after=2025-04-21 00:00:00+00:00
[2025-04-21T17:52:25.738-0400] {processor.py:183} INFO - Processing /Users/gaurav/Documents/Breast-Cancer-ML-Pipeline/venv/lib/python3.9/site-packages/airflow/example_dags/example_task_group_decorator.py took 0.097 seconds
[2025-04-21T17:53:17.906-0400] {processor.py:161} INFO - Started process (PID=89094) to work on /Users/gaurav/Documents/Breast-Cancer-ML-Pipeline/venv/lib/python3.9/site-packages/airflow/example_dags/example_task_group_decorator.py
[2025-04-21T17:53:17.908-0400] {processor.py:830} INFO - Processing file /Users/gaurav/Documents/Breast-Cancer-ML-Pipeline/venv/lib/python3.9/site-packages/airflow/example_dags/example_task_group_decorator.py for tasks to queue
[2025-04-21T17:53:17.908-0400] {logging_mixin.py:188} INFO - [2025-04-21T17:53:17.908-0400] {dagbag.py:538} INFO - Filling up the DagBag from /Users/gaurav/Documents/Breast-Cancer-ML-Pipeline/venv/lib/python3.9/site-packages/airflow/example_dags/example_task_group_decorator.py
[2025-04-21T17:53:17.933-0400] {processor.py:840} INFO - DAG(s) 'example_task_group_decorator' retrieved from /Users/gaurav/Documents/Breast-Cancer-ML-Pipeline/venv/lib/python3.9/site-packages/airflow/example_dags/example_task_group_decorator.py
[2025-04-21T17:53:17.988-0400] {logging_mixin.py:188} INFO - [2025-04-21T17:53:17.988-0400] {dag.py:3036} INFO - Sync 1 DAGs
[2025-04-21T17:53:17.998-0400] {logging_mixin.py:188} INFO - [2025-04-21T17:53:17.997-0400] {dag.py:3823} INFO - Setting next_dagrun for example_task_group_decorator to 2025-04-20 00:00:00+00:00, run_after=2025-04-21 00:00:00+00:00
[2025-04-21T17:53:18.007-0400] {processor.py:183} INFO - Processing /Users/gaurav/Documents/Breast-Cancer-ML-Pipeline/venv/lib/python3.9/site-packages/airflow/example_dags/example_task_group_decorator.py took 0.102 seconds
[2025-04-21T17:54:09.028-0400] {processor.py:161} INFO - Started process (PID=89164) to work on /Users/gaurav/Documents/Breast-Cancer-ML-Pipeline/venv/lib/python3.9/site-packages/airflow/example_dags/example_task_group_decorator.py
[2025-04-21T17:54:09.029-0400] {processor.py:830} INFO - Processing file /Users/gaurav/Documents/Breast-Cancer-ML-Pipeline/venv/lib/python3.9/site-packages/airflow/example_dags/example_task_group_decorator.py for tasks to queue
[2025-04-21T17:54:09.030-0400] {logging_mixin.py:188} INFO - [2025-04-21T17:54:09.030-0400] {dagbag.py:538} INFO - Filling up the DagBag from /Users/gaurav/Documents/Breast-Cancer-ML-Pipeline/venv/lib/python3.9/site-packages/airflow/example_dags/example_task_group_decorator.py
[2025-04-21T17:54:09.057-0400] {processor.py:840} INFO - DAG(s) 'example_task_group_decorator' retrieved from /Users/gaurav/Documents/Breast-Cancer-ML-Pipeline/venv/lib/python3.9/site-packages/airflow/example_dags/example_task_group_decorator.py
[2025-04-21T17:54:09.112-0400] {logging_mixin.py:188} INFO - [2025-04-21T17:54:09.111-0400] {dag.py:3036} INFO - Sync 1 DAGs
[2025-04-21T17:54:09.121-0400] {logging_mixin.py:188} INFO - [2025-04-21T17:54:09.121-0400] {dag.py:3823} INFO - Setting next_dagrun for example_task_group_decorator to 2025-04-20 00:00:00+00:00, run_after=2025-04-21 00:00:00+00:00
[2025-04-21T17:54:09.131-0400] {processor.py:183} INFO - Processing /Users/gaurav/Documents/Breast-Cancer-ML-Pipeline/venv/lib/python3.9/site-packages/airflow/example_dags/example_task_group_decorator.py took 0.104 seconds
[2025-04-21T17:55:03.357-0400] {processor.py:161} INFO - Started process (PID=89293) to work on /Users/gaurav/Documents/Breast-Cancer-ML-Pipeline/venv/lib/python3.9/site-packages/airflow/example_dags/example_task_group_decorator.py
[2025-04-21T17:55:03.358-0400] {processor.py:830} INFO - Processing file /Users/gaurav/Documents/Breast-Cancer-ML-Pipeline/venv/lib/python3.9/site-packages/airflow/example_dags/example_task_group_decorator.py for tasks to queue
[2025-04-21T17:55:03.358-0400] {logging_mixin.py:188} INFO - [2025-04-21T17:55:03.358-0400] {dagbag.py:538} INFO - Filling up the DagBag from /Users/gaurav/Documents/Breast-Cancer-ML-Pipeline/venv/lib/python3.9/site-packages/airflow/example_dags/example_task_group_decorator.py
[2025-04-21T17:55:03.388-0400] {processor.py:840} INFO - DAG(s) 'example_task_group_decorator' retrieved from /Users/gaurav/Documents/Breast-Cancer-ML-Pipeline/venv/lib/python3.9/site-packages/airflow/example_dags/example_task_group_decorator.py
[2025-04-21T17:55:03.445-0400] {logging_mixin.py:188} INFO - [2025-04-21T17:55:03.445-0400] {dag.py:3036} INFO - Sync 1 DAGs
[2025-04-21T17:55:03.455-0400] {logging_mixin.py:188} INFO - [2025-04-21T17:55:03.455-0400] {dag.py:3823} INFO - Setting next_dagrun for example_task_group_decorator to 2025-04-20 00:00:00+00:00, run_after=2025-04-21 00:00:00+00:00
[2025-04-21T17:55:03.467-0400] {processor.py:183} INFO - Processing /Users/gaurav/Documents/Breast-Cancer-ML-Pipeline/venv/lib/python3.9/site-packages/airflow/example_dags/example_task_group_decorator.py took 0.111 seconds
