[2025-04-21T16:39:26.829-0400] {processor.py:161} INFO - Started process (PID=83555) to work on /Users/gaurav/Documents/Breast-Cancer-ML-Pipeline/venv/lib/python3.9/site-packages/airflow/example_dags/example_nested_branch_dag.py
[2025-04-21T16:39:26.830-0400] {processor.py:830} INFO - Processing file /Users/gaurav/Documents/Breast-Cancer-ML-Pipeline/venv/lib/python3.9/site-packages/airflow/example_dags/example_nested_branch_dag.py for tasks to queue
[2025-04-21T16:39:26.831-0400] {logging_mixin.py:188} INFO - [2025-04-21T16:39:26.831-0400] {dagbag.py:538} INFO - Filling up the DagBag from /Users/gaurav/Documents/Breast-Cancer-ML-Pipeline/venv/lib/python3.9/site-packages/airflow/example_dags/example_nested_branch_dag.py
[2025-04-21T16:39:26.861-0400] {processor.py:840} INFO - DAG(s) 'example_nested_branch_dag' retrieved from /Users/gaurav/Documents/Breast-Cancer-ML-Pipeline/venv/lib/python3.9/site-packages/airflow/example_dags/example_nested_branch_dag.py
[2025-04-21T16:39:26.981-0400] {logging_mixin.py:188} INFO - [2025-04-21T16:39:26.981-0400] {override.py:1769} INFO - Created Permission View: can edit on DAG:example_nested_branch_dag
[2025-04-21T16:39:26.986-0400] {logging_mixin.py:188} INFO - [2025-04-21T16:39:26.986-0400] {override.py:1769} INFO - Created Permission View: can delete on DAG:example_nested_branch_dag
[2025-04-21T16:39:26.990-0400] {logging_mixin.py:188} INFO - [2025-04-21T16:39:26.990-0400] {override.py:1769} INFO - Created Permission View: can read on DAG:example_nested_branch_dag
[2025-04-21T16:39:26.990-0400] {logging_mixin.py:188} INFO - [2025-04-21T16:39:26.990-0400] {dag.py:3036} INFO - Sync 1 DAGs
[2025-04-21T16:39:26.997-0400] {logging_mixin.py:188} INFO - [2025-04-21T16:39:26.997-0400] {dag.py:3058} INFO - Creating ORM DAG for example_nested_branch_dag
[2025-04-21T16:39:27.003-0400] {logging_mixin.py:188} INFO - [2025-04-21T16:39:27.003-0400] {dag.py:3823} INFO - Setting next_dagrun for example_nested_branch_dag to 2025-04-20 00:00:00+00:00, run_after=2025-04-21 00:00:00+00:00
[2025-04-21T16:39:27.014-0400] {processor.py:183} INFO - Processing /Users/gaurav/Documents/Breast-Cancer-ML-Pipeline/venv/lib/python3.9/site-packages/airflow/example_dags/example_nested_branch_dag.py took 0.185 seconds
[2025-04-21T16:41:16.460-0400] {processor.py:161} INFO - Started process (PID=83659) to work on /Users/gaurav/Documents/Breast-Cancer-ML-Pipeline/venv/lib/python3.9/site-packages/airflow/example_dags/example_nested_branch_dag.py
[2025-04-21T16:41:16.461-0400] {processor.py:830} INFO - Processing file /Users/gaurav/Documents/Breast-Cancer-ML-Pipeline/venv/lib/python3.9/site-packages/airflow/example_dags/example_nested_branch_dag.py for tasks to queue
[2025-04-21T16:41:16.462-0400] {logging_mixin.py:188} INFO - [2025-04-21T16:41:16.462-0400] {dagbag.py:538} INFO - Filling up the DagBag from /Users/gaurav/Documents/Breast-Cancer-ML-Pipeline/venv/lib/python3.9/site-packages/airflow/example_dags/example_nested_branch_dag.py
[2025-04-21T16:41:16.491-0400] {processor.py:840} INFO - DAG(s) 'example_nested_branch_dag' retrieved from /Users/gaurav/Documents/Breast-Cancer-ML-Pipeline/venv/lib/python3.9/site-packages/airflow/example_dags/example_nested_branch_dag.py
[2025-04-21T16:41:16.558-0400] {logging_mixin.py:188} INFO - [2025-04-21T16:41:16.558-0400] {dag.py:3036} INFO - Sync 1 DAGs
[2025-04-21T16:41:16.571-0400] {logging_mixin.py:188} INFO - [2025-04-21T16:41:16.571-0400] {dag.py:3823} INFO - Setting next_dagrun for example_nested_branch_dag to 2025-04-20 00:00:00+00:00, run_after=2025-04-21 00:00:00+00:00
[2025-04-21T16:41:16.584-0400] {processor.py:183} INFO - Processing /Users/gaurav/Documents/Breast-Cancer-ML-Pipeline/venv/lib/python3.9/site-packages/airflow/example_dags/example_nested_branch_dag.py took 0.124 seconds
[2025-04-21T16:44:00.188-0400] {processor.py:161} INFO - Started process (PID=83797) to work on /Users/gaurav/Documents/Breast-Cancer-ML-Pipeline/venv/lib/python3.9/site-packages/airflow/example_dags/example_nested_branch_dag.py
[2025-04-21T16:44:00.189-0400] {processor.py:830} INFO - Processing file /Users/gaurav/Documents/Breast-Cancer-ML-Pipeline/venv/lib/python3.9/site-packages/airflow/example_dags/example_nested_branch_dag.py for tasks to queue
[2025-04-21T16:44:00.190-0400] {logging_mixin.py:188} INFO - [2025-04-21T16:44:00.189-0400] {dagbag.py:538} INFO - Filling up the DagBag from /Users/gaurav/Documents/Breast-Cancer-ML-Pipeline/venv/lib/python3.9/site-packages/airflow/example_dags/example_nested_branch_dag.py
[2025-04-21T16:44:00.219-0400] {processor.py:840} INFO - DAG(s) 'example_nested_branch_dag' retrieved from /Users/gaurav/Documents/Breast-Cancer-ML-Pipeline/venv/lib/python3.9/site-packages/airflow/example_dags/example_nested_branch_dag.py
[2025-04-21T16:44:00.288-0400] {logging_mixin.py:188} INFO - [2025-04-21T16:44:00.288-0400] {dag.py:3036} INFO - Sync 1 DAGs
[2025-04-21T16:44:00.300-0400] {logging_mixin.py:188} INFO - [2025-04-21T16:44:00.300-0400] {dag.py:3823} INFO - Setting next_dagrun for example_nested_branch_dag to 2025-04-20 00:00:00+00:00, run_after=2025-04-21 00:00:00+00:00
[2025-04-21T16:44:00.315-0400] {processor.py:183} INFO - Processing /Users/gaurav/Documents/Breast-Cancer-ML-Pipeline/venv/lib/python3.9/site-packages/airflow/example_dags/example_nested_branch_dag.py took 0.128 seconds
[2025-04-21T16:47:10.701-0400] {processor.py:161} INFO - Started process (PID=84023) to work on /Users/gaurav/Documents/Breast-Cancer-ML-Pipeline/venv/lib/python3.9/site-packages/airflow/example_dags/example_nested_branch_dag.py
[2025-04-21T16:47:10.703-0400] {processor.py:830} INFO - Processing file /Users/gaurav/Documents/Breast-Cancer-ML-Pipeline/venv/lib/python3.9/site-packages/airflow/example_dags/example_nested_branch_dag.py for tasks to queue
[2025-04-21T16:47:10.704-0400] {logging_mixin.py:188} INFO - [2025-04-21T16:47:10.704-0400] {dagbag.py:538} INFO - Filling up the DagBag from /Users/gaurav/Documents/Breast-Cancer-ML-Pipeline/venv/lib/python3.9/site-packages/airflow/example_dags/example_nested_branch_dag.py
[2025-04-21T16:47:10.733-0400] {processor.py:840} INFO - DAG(s) 'example_nested_branch_dag' retrieved from /Users/gaurav/Documents/Breast-Cancer-ML-Pipeline/venv/lib/python3.9/site-packages/airflow/example_dags/example_nested_branch_dag.py
[2025-04-21T16:47:10.799-0400] {logging_mixin.py:188} INFO - [2025-04-21T16:47:10.798-0400] {dag.py:3036} INFO - Sync 1 DAGs
[2025-04-21T16:47:10.810-0400] {logging_mixin.py:188} INFO - [2025-04-21T16:47:10.810-0400] {dag.py:3823} INFO - Setting next_dagrun for example_nested_branch_dag to 2025-04-20 00:00:00+00:00, run_after=2025-04-21 00:00:00+00:00
[2025-04-21T16:47:10.823-0400] {processor.py:183} INFO - Processing /Users/gaurav/Documents/Breast-Cancer-ML-Pipeline/venv/lib/python3.9/site-packages/airflow/example_dags/example_nested_branch_dag.py took 0.122 seconds
[2025-04-21T16:48:23.994-0400] {processor.py:161} INFO - Started process (PID=84108) to work on /Users/gaurav/Documents/Breast-Cancer-ML-Pipeline/venv/lib/python3.9/site-packages/airflow/example_dags/example_nested_branch_dag.py
[2025-04-21T16:48:23.995-0400] {processor.py:830} INFO - Processing file /Users/gaurav/Documents/Breast-Cancer-ML-Pipeline/venv/lib/python3.9/site-packages/airflow/example_dags/example_nested_branch_dag.py for tasks to queue
[2025-04-21T16:48:23.996-0400] {logging_mixin.py:188} INFO - [2025-04-21T16:48:23.995-0400] {dagbag.py:538} INFO - Filling up the DagBag from /Users/gaurav/Documents/Breast-Cancer-ML-Pipeline/venv/lib/python3.9/site-packages/airflow/example_dags/example_nested_branch_dag.py
[2025-04-21T16:48:24.025-0400] {processor.py:840} INFO - DAG(s) 'example_nested_branch_dag' retrieved from /Users/gaurav/Documents/Breast-Cancer-ML-Pipeline/venv/lib/python3.9/site-packages/airflow/example_dags/example_nested_branch_dag.py
[2025-04-21T16:48:24.090-0400] {logging_mixin.py:188} INFO - [2025-04-21T16:48:24.090-0400] {dag.py:3036} INFO - Sync 1 DAGs
[2025-04-21T16:48:24.102-0400] {logging_mixin.py:188} INFO - [2025-04-21T16:48:24.102-0400] {dag.py:3823} INFO - Setting next_dagrun for example_nested_branch_dag to 2025-04-20 00:00:00+00:00, run_after=2025-04-21 00:00:00+00:00
[2025-04-21T16:48:24.115-0400] {processor.py:183} INFO - Processing /Users/gaurav/Documents/Breast-Cancer-ML-Pipeline/venv/lib/python3.9/site-packages/airflow/example_dags/example_nested_branch_dag.py took 0.122 seconds
[2025-04-21T16:49:35.123-0400] {processor.py:161} INFO - Started process (PID=84193) to work on /Users/gaurav/Documents/Breast-Cancer-ML-Pipeline/venv/lib/python3.9/site-packages/airflow/example_dags/example_nested_branch_dag.py
[2025-04-21T16:49:35.125-0400] {processor.py:830} INFO - Processing file /Users/gaurav/Documents/Breast-Cancer-ML-Pipeline/venv/lib/python3.9/site-packages/airflow/example_dags/example_nested_branch_dag.py for tasks to queue
[2025-04-21T16:49:35.126-0400] {logging_mixin.py:188} INFO - [2025-04-21T16:49:35.126-0400] {dagbag.py:538} INFO - Filling up the DagBag from /Users/gaurav/Documents/Breast-Cancer-ML-Pipeline/venv/lib/python3.9/site-packages/airflow/example_dags/example_nested_branch_dag.py
[2025-04-21T16:49:35.153-0400] {processor.py:840} INFO - DAG(s) 'example_nested_branch_dag' retrieved from /Users/gaurav/Documents/Breast-Cancer-ML-Pipeline/venv/lib/python3.9/site-packages/airflow/example_dags/example_nested_branch_dag.py
[2025-04-21T16:49:35.217-0400] {logging_mixin.py:188} INFO - [2025-04-21T16:49:35.216-0400] {dag.py:3036} INFO - Sync 1 DAGs
[2025-04-21T16:49:35.228-0400] {logging_mixin.py:188} INFO - [2025-04-21T16:49:35.228-0400] {dag.py:3823} INFO - Setting next_dagrun for example_nested_branch_dag to 2025-04-20 00:00:00+00:00, run_after=2025-04-21 00:00:00+00:00
[2025-04-21T16:49:35.241-0400] {processor.py:183} INFO - Processing /Users/gaurav/Documents/Breast-Cancer-ML-Pipeline/venv/lib/python3.9/site-packages/airflow/example_dags/example_nested_branch_dag.py took 0.118 seconds
[2025-04-21T16:50:49.900-0400] {processor.py:161} INFO - Started process (PID=84274) to work on /Users/gaurav/Documents/Breast-Cancer-ML-Pipeline/venv/lib/python3.9/site-packages/airflow/example_dags/example_nested_branch_dag.py
[2025-04-21T16:50:49.902-0400] {processor.py:830} INFO - Processing file /Users/gaurav/Documents/Breast-Cancer-ML-Pipeline/venv/lib/python3.9/site-packages/airflow/example_dags/example_nested_branch_dag.py for tasks to queue
[2025-04-21T16:50:49.902-0400] {logging_mixin.py:188} INFO - [2025-04-21T16:50:49.902-0400] {dagbag.py:538} INFO - Filling up the DagBag from /Users/gaurav/Documents/Breast-Cancer-ML-Pipeline/venv/lib/python3.9/site-packages/airflow/example_dags/example_nested_branch_dag.py
[2025-04-21T16:50:49.934-0400] {processor.py:840} INFO - DAG(s) 'example_nested_branch_dag' retrieved from /Users/gaurav/Documents/Breast-Cancer-ML-Pipeline/venv/lib/python3.9/site-packages/airflow/example_dags/example_nested_branch_dag.py
[2025-04-21T16:50:50.001-0400] {logging_mixin.py:188} INFO - [2025-04-21T16:50:50.000-0400] {dag.py:3036} INFO - Sync 1 DAGs
[2025-04-21T16:50:50.012-0400] {logging_mixin.py:188} INFO - [2025-04-21T16:50:50.012-0400] {dag.py:3823} INFO - Setting next_dagrun for example_nested_branch_dag to 2025-04-20 00:00:00+00:00, run_after=2025-04-21 00:00:00+00:00
[2025-04-21T16:50:50.025-0400] {processor.py:183} INFO - Processing /Users/gaurav/Documents/Breast-Cancer-ML-Pipeline/venv/lib/python3.9/site-packages/airflow/example_dags/example_nested_branch_dag.py took 0.126 seconds
[2025-04-21T16:52:13.106-0400] {processor.py:161} INFO - Started process (PID=84367) to work on /Users/gaurav/Documents/Breast-Cancer-ML-Pipeline/venv/lib/python3.9/site-packages/airflow/example_dags/example_nested_branch_dag.py
[2025-04-21T16:52:13.108-0400] {processor.py:830} INFO - Processing file /Users/gaurav/Documents/Breast-Cancer-ML-Pipeline/venv/lib/python3.9/site-packages/airflow/example_dags/example_nested_branch_dag.py for tasks to queue
[2025-04-21T16:52:13.108-0400] {logging_mixin.py:188} INFO - [2025-04-21T16:52:13.108-0400] {dagbag.py:538} INFO - Filling up the DagBag from /Users/gaurav/Documents/Breast-Cancer-ML-Pipeline/venv/lib/python3.9/site-packages/airflow/example_dags/example_nested_branch_dag.py
[2025-04-21T16:52:13.135-0400] {processor.py:840} INFO - DAG(s) 'example_nested_branch_dag' retrieved from /Users/gaurav/Documents/Breast-Cancer-ML-Pipeline/venv/lib/python3.9/site-packages/airflow/example_dags/example_nested_branch_dag.py
[2025-04-21T16:52:13.198-0400] {logging_mixin.py:188} INFO - [2025-04-21T16:52:13.197-0400] {dag.py:3036} INFO - Sync 1 DAGs
[2025-04-21T16:52:13.209-0400] {logging_mixin.py:188} INFO - [2025-04-21T16:52:13.209-0400] {dag.py:3823} INFO - Setting next_dagrun for example_nested_branch_dag to 2025-04-20 00:00:00+00:00, run_after=2025-04-21 00:00:00+00:00
[2025-04-21T16:52:13.222-0400] {processor.py:183} INFO - Processing /Users/gaurav/Documents/Breast-Cancer-ML-Pipeline/venv/lib/python3.9/site-packages/airflow/example_dags/example_nested_branch_dag.py took 0.117 seconds
[2025-04-21T16:53:35.314-0400] {processor.py:161} INFO - Started process (PID=84475) to work on /Users/gaurav/Documents/Breast-Cancer-ML-Pipeline/venv/lib/python3.9/site-packages/airflow/example_dags/example_nested_branch_dag.py
[2025-04-21T16:53:35.315-0400] {processor.py:830} INFO - Processing file /Users/gaurav/Documents/Breast-Cancer-ML-Pipeline/venv/lib/python3.9/site-packages/airflow/example_dags/example_nested_branch_dag.py for tasks to queue
[2025-04-21T16:53:35.316-0400] {logging_mixin.py:188} INFO - [2025-04-21T16:53:35.315-0400] {dagbag.py:538} INFO - Filling up the DagBag from /Users/gaurav/Documents/Breast-Cancer-ML-Pipeline/venv/lib/python3.9/site-packages/airflow/example_dags/example_nested_branch_dag.py
[2025-04-21T16:53:35.345-0400] {processor.py:840} INFO - DAG(s) 'example_nested_branch_dag' retrieved from /Users/gaurav/Documents/Breast-Cancer-ML-Pipeline/venv/lib/python3.9/site-packages/airflow/example_dags/example_nested_branch_dag.py
[2025-04-21T16:53:35.408-0400] {logging_mixin.py:188} INFO - [2025-04-21T16:53:35.408-0400] {dag.py:3036} INFO - Sync 1 DAGs
[2025-04-21T16:53:35.420-0400] {logging_mixin.py:188} INFO - [2025-04-21T16:53:35.419-0400] {dag.py:3823} INFO - Setting next_dagrun for example_nested_branch_dag to 2025-04-20 00:00:00+00:00, run_after=2025-04-21 00:00:00+00:00
[2025-04-21T16:53:35.432-0400] {processor.py:183} INFO - Processing /Users/gaurav/Documents/Breast-Cancer-ML-Pipeline/venv/lib/python3.9/site-packages/airflow/example_dags/example_nested_branch_dag.py took 0.119 seconds
[2025-04-21T16:56:39.971-0400] {processor.py:161} INFO - Started process (PID=84705) to work on /Users/gaurav/Documents/Breast-Cancer-ML-Pipeline/venv/lib/python3.9/site-packages/airflow/example_dags/example_nested_branch_dag.py
[2025-04-21T16:56:39.973-0400] {processor.py:830} INFO - Processing file /Users/gaurav/Documents/Breast-Cancer-ML-Pipeline/venv/lib/python3.9/site-packages/airflow/example_dags/example_nested_branch_dag.py for tasks to queue
[2025-04-21T16:56:39.973-0400] {logging_mixin.py:188} INFO - [2025-04-21T16:56:39.973-0400] {dagbag.py:538} INFO - Filling up the DagBag from /Users/gaurav/Documents/Breast-Cancer-ML-Pipeline/venv/lib/python3.9/site-packages/airflow/example_dags/example_nested_branch_dag.py
[2025-04-21T16:56:40.004-0400] {processor.py:840} INFO - DAG(s) 'example_nested_branch_dag' retrieved from /Users/gaurav/Documents/Breast-Cancer-ML-Pipeline/venv/lib/python3.9/site-packages/airflow/example_dags/example_nested_branch_dag.py
[2025-04-21T16:56:40.143-0400] {logging_mixin.py:188} INFO - [2025-04-21T16:56:40.143-0400] {dag.py:3036} INFO - Sync 1 DAGs
[2025-04-21T16:56:40.157-0400] {logging_mixin.py:188} INFO - [2025-04-21T16:56:40.157-0400] {dag.py:3823} INFO - Setting next_dagrun for example_nested_branch_dag to 2025-04-20 00:00:00+00:00, run_after=2025-04-21 00:00:00+00:00
[2025-04-21T16:56:40.171-0400] {processor.py:183} INFO - Processing /Users/gaurav/Documents/Breast-Cancer-ML-Pipeline/venv/lib/python3.9/site-packages/airflow/example_dags/example_nested_branch_dag.py took 0.202 seconds
[2025-04-21T16:58:04.251-0400] {processor.py:161} INFO - Started process (PID=84821) to work on /Users/gaurav/Documents/Breast-Cancer-ML-Pipeline/venv/lib/python3.9/site-packages/airflow/example_dags/example_nested_branch_dag.py
[2025-04-21T16:58:04.253-0400] {processor.py:830} INFO - Processing file /Users/gaurav/Documents/Breast-Cancer-ML-Pipeline/venv/lib/python3.9/site-packages/airflow/example_dags/example_nested_branch_dag.py for tasks to queue
[2025-04-21T16:58:04.253-0400] {logging_mixin.py:188} INFO - [2025-04-21T16:58:04.253-0400] {dagbag.py:538} INFO - Filling up the DagBag from /Users/gaurav/Documents/Breast-Cancer-ML-Pipeline/venv/lib/python3.9/site-packages/airflow/example_dags/example_nested_branch_dag.py
[2025-04-21T16:58:04.282-0400] {processor.py:840} INFO - DAG(s) 'example_nested_branch_dag' retrieved from /Users/gaurav/Documents/Breast-Cancer-ML-Pipeline/venv/lib/python3.9/site-packages/airflow/example_dags/example_nested_branch_dag.py
[2025-04-21T16:58:04.346-0400] {logging_mixin.py:188} INFO - [2025-04-21T16:58:04.345-0400] {dag.py:3036} INFO - Sync 1 DAGs
[2025-04-21T16:58:04.358-0400] {logging_mixin.py:188} INFO - [2025-04-21T16:58:04.358-0400] {dag.py:3823} INFO - Setting next_dagrun for example_nested_branch_dag to 2025-04-20 00:00:00+00:00, run_after=2025-04-21 00:00:00+00:00
[2025-04-21T16:58:04.372-0400] {processor.py:183} INFO - Processing /Users/gaurav/Documents/Breast-Cancer-ML-Pipeline/venv/lib/python3.9/site-packages/airflow/example_dags/example_nested_branch_dag.py took 0.121 seconds
[2025-04-21T16:59:25.274-0400] {processor.py:161} INFO - Started process (PID=84908) to work on /Users/gaurav/Documents/Breast-Cancer-ML-Pipeline/venv/lib/python3.9/site-packages/airflow/example_dags/example_nested_branch_dag.py
[2025-04-21T16:59:25.276-0400] {processor.py:830} INFO - Processing file /Users/gaurav/Documents/Breast-Cancer-ML-Pipeline/venv/lib/python3.9/site-packages/airflow/example_dags/example_nested_branch_dag.py for tasks to queue
[2025-04-21T16:59:25.277-0400] {logging_mixin.py:188} INFO - [2025-04-21T16:59:25.277-0400] {dagbag.py:538} INFO - Filling up the DagBag from /Users/gaurav/Documents/Breast-Cancer-ML-Pipeline/venv/lib/python3.9/site-packages/airflow/example_dags/example_nested_branch_dag.py
[2025-04-21T16:59:25.306-0400] {processor.py:840} INFO - DAG(s) 'example_nested_branch_dag' retrieved from /Users/gaurav/Documents/Breast-Cancer-ML-Pipeline/venv/lib/python3.9/site-packages/airflow/example_dags/example_nested_branch_dag.py
[2025-04-21T16:59:25.373-0400] {logging_mixin.py:188} INFO - [2025-04-21T16:59:25.373-0400] {dag.py:3036} INFO - Sync 1 DAGs
[2025-04-21T16:59:25.386-0400] {logging_mixin.py:188} INFO - [2025-04-21T16:59:25.386-0400] {dag.py:3823} INFO - Setting next_dagrun for example_nested_branch_dag to 2025-04-20 00:00:00+00:00, run_after=2025-04-21 00:00:00+00:00
[2025-04-21T16:59:25.402-0400] {processor.py:183} INFO - Processing /Users/gaurav/Documents/Breast-Cancer-ML-Pipeline/venv/lib/python3.9/site-packages/airflow/example_dags/example_nested_branch_dag.py took 0.128 seconds
[2025-04-21T17:00:37.946-0400] {processor.py:161} INFO - Started process (PID=84998) to work on /Users/gaurav/Documents/Breast-Cancer-ML-Pipeline/venv/lib/python3.9/site-packages/airflow/example_dags/example_nested_branch_dag.py
[2025-04-21T17:00:37.948-0400] {processor.py:830} INFO - Processing file /Users/gaurav/Documents/Breast-Cancer-ML-Pipeline/venv/lib/python3.9/site-packages/airflow/example_dags/example_nested_branch_dag.py for tasks to queue
[2025-04-21T17:00:37.948-0400] {logging_mixin.py:188} INFO - [2025-04-21T17:00:37.948-0400] {dagbag.py:538} INFO - Filling up the DagBag from /Users/gaurav/Documents/Breast-Cancer-ML-Pipeline/venv/lib/python3.9/site-packages/airflow/example_dags/example_nested_branch_dag.py
[2025-04-21T17:00:37.977-0400] {processor.py:840} INFO - DAG(s) 'example_nested_branch_dag' retrieved from /Users/gaurav/Documents/Breast-Cancer-ML-Pipeline/venv/lib/python3.9/site-packages/airflow/example_dags/example_nested_branch_dag.py
[2025-04-21T17:00:38.040-0400] {logging_mixin.py:188} INFO - [2025-04-21T17:00:38.040-0400] {dag.py:3036} INFO - Sync 1 DAGs
[2025-04-21T17:00:38.051-0400] {logging_mixin.py:188} INFO - [2025-04-21T17:00:38.051-0400] {dag.py:3823} INFO - Setting next_dagrun for example_nested_branch_dag to 2025-04-20 00:00:00+00:00, run_after=2025-04-21 00:00:00+00:00
[2025-04-21T17:00:38.065-0400] {processor.py:183} INFO - Processing /Users/gaurav/Documents/Breast-Cancer-ML-Pipeline/venv/lib/python3.9/site-packages/airflow/example_dags/example_nested_branch_dag.py took 0.120 seconds
[2025-04-21T17:02:01.329-0400] {processor.py:161} INFO - Started process (PID=85102) to work on /Users/gaurav/Documents/Breast-Cancer-ML-Pipeline/venv/lib/python3.9/site-packages/airflow/example_dags/example_nested_branch_dag.py
[2025-04-21T17:02:01.330-0400] {processor.py:830} INFO - Processing file /Users/gaurav/Documents/Breast-Cancer-ML-Pipeline/venv/lib/python3.9/site-packages/airflow/example_dags/example_nested_branch_dag.py for tasks to queue
[2025-04-21T17:02:01.330-0400] {logging_mixin.py:188} INFO - [2025-04-21T17:02:01.330-0400] {dagbag.py:538} INFO - Filling up the DagBag from /Users/gaurav/Documents/Breast-Cancer-ML-Pipeline/venv/lib/python3.9/site-packages/airflow/example_dags/example_nested_branch_dag.py
[2025-04-21T17:02:01.360-0400] {processor.py:840} INFO - DAG(s) 'example_nested_branch_dag' retrieved from /Users/gaurav/Documents/Breast-Cancer-ML-Pipeline/venv/lib/python3.9/site-packages/airflow/example_dags/example_nested_branch_dag.py
[2025-04-21T17:02:01.428-0400] {logging_mixin.py:188} INFO - [2025-04-21T17:02:01.428-0400] {dag.py:3036} INFO - Sync 1 DAGs
[2025-04-21T17:02:01.440-0400] {logging_mixin.py:188} INFO - [2025-04-21T17:02:01.440-0400] {dag.py:3823} INFO - Setting next_dagrun for example_nested_branch_dag to 2025-04-20 00:00:00+00:00, run_after=2025-04-21 00:00:00+00:00
[2025-04-21T17:02:01.453-0400] {processor.py:183} INFO - Processing /Users/gaurav/Documents/Breast-Cancer-ML-Pipeline/venv/lib/python3.9/site-packages/airflow/example_dags/example_nested_branch_dag.py took 0.125 seconds
[2025-04-21T17:03:19.745-0400] {processor.py:161} INFO - Started process (PID=85188) to work on /Users/gaurav/Documents/Breast-Cancer-ML-Pipeline/venv/lib/python3.9/site-packages/airflow/example_dags/example_nested_branch_dag.py
[2025-04-21T17:03:19.747-0400] {processor.py:830} INFO - Processing file /Users/gaurav/Documents/Breast-Cancer-ML-Pipeline/venv/lib/python3.9/site-packages/airflow/example_dags/example_nested_branch_dag.py for tasks to queue
[2025-04-21T17:03:19.747-0400] {logging_mixin.py:188} INFO - [2025-04-21T17:03:19.747-0400] {dagbag.py:538} INFO - Filling up the DagBag from /Users/gaurav/Documents/Breast-Cancer-ML-Pipeline/venv/lib/python3.9/site-packages/airflow/example_dags/example_nested_branch_dag.py
[2025-04-21T17:03:19.775-0400] {processor.py:840} INFO - DAG(s) 'example_nested_branch_dag' retrieved from /Users/gaurav/Documents/Breast-Cancer-ML-Pipeline/venv/lib/python3.9/site-packages/airflow/example_dags/example_nested_branch_dag.py
[2025-04-21T17:03:19.843-0400] {logging_mixin.py:188} INFO - [2025-04-21T17:03:19.843-0400] {dag.py:3036} INFO - Sync 1 DAGs
[2025-04-21T17:03:19.855-0400] {logging_mixin.py:188} INFO - [2025-04-21T17:03:19.855-0400] {dag.py:3823} INFO - Setting next_dagrun for example_nested_branch_dag to 2025-04-20 00:00:00+00:00, run_after=2025-04-21 00:00:00+00:00
[2025-04-21T17:03:19.868-0400] {processor.py:183} INFO - Processing /Users/gaurav/Documents/Breast-Cancer-ML-Pipeline/venv/lib/python3.9/site-packages/airflow/example_dags/example_nested_branch_dag.py took 0.123 seconds
[2025-04-21T17:04:32.898-0400] {processor.py:161} INFO - Started process (PID=85289) to work on /Users/gaurav/Documents/Breast-Cancer-ML-Pipeline/venv/lib/python3.9/site-packages/airflow/example_dags/example_nested_branch_dag.py
[2025-04-21T17:04:32.900-0400] {processor.py:830} INFO - Processing file /Users/gaurav/Documents/Breast-Cancer-ML-Pipeline/venv/lib/python3.9/site-packages/airflow/example_dags/example_nested_branch_dag.py for tasks to queue
[2025-04-21T17:04:32.901-0400] {logging_mixin.py:188} INFO - [2025-04-21T17:04:32.900-0400] {dagbag.py:538} INFO - Filling up the DagBag from /Users/gaurav/Documents/Breast-Cancer-ML-Pipeline/venv/lib/python3.9/site-packages/airflow/example_dags/example_nested_branch_dag.py
[2025-04-21T17:04:32.930-0400] {processor.py:840} INFO - DAG(s) 'example_nested_branch_dag' retrieved from /Users/gaurav/Documents/Breast-Cancer-ML-Pipeline/venv/lib/python3.9/site-packages/airflow/example_dags/example_nested_branch_dag.py
[2025-04-21T17:04:32.992-0400] {logging_mixin.py:188} INFO - [2025-04-21T17:04:32.992-0400] {dag.py:3036} INFO - Sync 1 DAGs
[2025-04-21T17:04:33.004-0400] {logging_mixin.py:188} INFO - [2025-04-21T17:04:33.004-0400] {dag.py:3823} INFO - Setting next_dagrun for example_nested_branch_dag to 2025-04-20 00:00:00+00:00, run_after=2025-04-21 00:00:00+00:00
[2025-04-21T17:04:33.016-0400] {processor.py:183} INFO - Processing /Users/gaurav/Documents/Breast-Cancer-ML-Pipeline/venv/lib/python3.9/site-packages/airflow/example_dags/example_nested_branch_dag.py took 0.119 seconds
[2025-04-21T17:05:43.103-0400] {processor.py:161} INFO - Started process (PID=85367) to work on /Users/gaurav/Documents/Breast-Cancer-ML-Pipeline/venv/lib/python3.9/site-packages/airflow/example_dags/example_nested_branch_dag.py
[2025-04-21T17:05:43.105-0400] {processor.py:830} INFO - Processing file /Users/gaurav/Documents/Breast-Cancer-ML-Pipeline/venv/lib/python3.9/site-packages/airflow/example_dags/example_nested_branch_dag.py for tasks to queue
[2025-04-21T17:05:43.105-0400] {logging_mixin.py:188} INFO - [2025-04-21T17:05:43.105-0400] {dagbag.py:538} INFO - Filling up the DagBag from /Users/gaurav/Documents/Breast-Cancer-ML-Pipeline/venv/lib/python3.9/site-packages/airflow/example_dags/example_nested_branch_dag.py
[2025-04-21T17:05:43.133-0400] {processor.py:840} INFO - DAG(s) 'example_nested_branch_dag' retrieved from /Users/gaurav/Documents/Breast-Cancer-ML-Pipeline/venv/lib/python3.9/site-packages/airflow/example_dags/example_nested_branch_dag.py
[2025-04-21T17:05:43.196-0400] {logging_mixin.py:188} INFO - [2025-04-21T17:05:43.196-0400] {dag.py:3036} INFO - Sync 1 DAGs
[2025-04-21T17:05:43.208-0400] {logging_mixin.py:188} INFO - [2025-04-21T17:05:43.207-0400] {dag.py:3823} INFO - Setting next_dagrun for example_nested_branch_dag to 2025-04-20 00:00:00+00:00, run_after=2025-04-21 00:00:00+00:00
[2025-04-21T17:05:43.220-0400] {processor.py:183} INFO - Processing /Users/gaurav/Documents/Breast-Cancer-ML-Pipeline/venv/lib/python3.9/site-packages/airflow/example_dags/example_nested_branch_dag.py took 0.118 seconds
[2025-04-21T17:06:54.792-0400] {processor.py:161} INFO - Started process (PID=85459) to work on /Users/gaurav/Documents/Breast-Cancer-ML-Pipeline/venv/lib/python3.9/site-packages/airflow/example_dags/example_nested_branch_dag.py
[2025-04-21T17:06:54.794-0400] {processor.py:830} INFO - Processing file /Users/gaurav/Documents/Breast-Cancer-ML-Pipeline/venv/lib/python3.9/site-packages/airflow/example_dags/example_nested_branch_dag.py for tasks to queue
[2025-04-21T17:06:54.795-0400] {logging_mixin.py:188} INFO - [2025-04-21T17:06:54.794-0400] {dagbag.py:538} INFO - Filling up the DagBag from /Users/gaurav/Documents/Breast-Cancer-ML-Pipeline/venv/lib/python3.9/site-packages/airflow/example_dags/example_nested_branch_dag.py
[2025-04-21T17:06:54.824-0400] {processor.py:840} INFO - DAG(s) 'example_nested_branch_dag' retrieved from /Users/gaurav/Documents/Breast-Cancer-ML-Pipeline/venv/lib/python3.9/site-packages/airflow/example_dags/example_nested_branch_dag.py
[2025-04-21T17:06:54.887-0400] {logging_mixin.py:188} INFO - [2025-04-21T17:06:54.887-0400] {dag.py:3036} INFO - Sync 1 DAGs
[2025-04-21T17:06:54.898-0400] {logging_mixin.py:188} INFO - [2025-04-21T17:06:54.898-0400] {dag.py:3823} INFO - Setting next_dagrun for example_nested_branch_dag to 2025-04-20 00:00:00+00:00, run_after=2025-04-21 00:00:00+00:00
[2025-04-21T17:06:54.911-0400] {processor.py:183} INFO - Processing /Users/gaurav/Documents/Breast-Cancer-ML-Pipeline/venv/lib/python3.9/site-packages/airflow/example_dags/example_nested_branch_dag.py took 0.120 seconds
[2025-04-21T17:08:07.893-0400] {processor.py:161} INFO - Started process (PID=85537) to work on /Users/gaurav/Documents/Breast-Cancer-ML-Pipeline/venv/lib/python3.9/site-packages/airflow/example_dags/example_nested_branch_dag.py
[2025-04-21T17:08:07.895-0400] {processor.py:830} INFO - Processing file /Users/gaurav/Documents/Breast-Cancer-ML-Pipeline/venv/lib/python3.9/site-packages/airflow/example_dags/example_nested_branch_dag.py for tasks to queue
[2025-04-21T17:08:07.895-0400] {logging_mixin.py:188} INFO - [2025-04-21T17:08:07.895-0400] {dagbag.py:538} INFO - Filling up the DagBag from /Users/gaurav/Documents/Breast-Cancer-ML-Pipeline/venv/lib/python3.9/site-packages/airflow/example_dags/example_nested_branch_dag.py
[2025-04-21T17:08:07.923-0400] {processor.py:840} INFO - DAG(s) 'example_nested_branch_dag' retrieved from /Users/gaurav/Documents/Breast-Cancer-ML-Pipeline/venv/lib/python3.9/site-packages/airflow/example_dags/example_nested_branch_dag.py
[2025-04-21T17:08:07.986-0400] {logging_mixin.py:188} INFO - [2025-04-21T17:08:07.986-0400] {dag.py:3036} INFO - Sync 1 DAGs
[2025-04-21T17:08:07.998-0400] {logging_mixin.py:188} INFO - [2025-04-21T17:08:07.997-0400] {dag.py:3823} INFO - Setting next_dagrun for example_nested_branch_dag to 2025-04-20 00:00:00+00:00, run_after=2025-04-21 00:00:00+00:00
[2025-04-21T17:08:08.011-0400] {processor.py:183} INFO - Processing /Users/gaurav/Documents/Breast-Cancer-ML-Pipeline/venv/lib/python3.9/site-packages/airflow/example_dags/example_nested_branch_dag.py took 0.119 seconds
[2025-04-21T17:09:21.397-0400] {processor.py:161} INFO - Started process (PID=85618) to work on /Users/gaurav/Documents/Breast-Cancer-ML-Pipeline/venv/lib/python3.9/site-packages/airflow/example_dags/example_nested_branch_dag.py
[2025-04-21T17:09:21.399-0400] {processor.py:830} INFO - Processing file /Users/gaurav/Documents/Breast-Cancer-ML-Pipeline/venv/lib/python3.9/site-packages/airflow/example_dags/example_nested_branch_dag.py for tasks to queue
[2025-04-21T17:09:21.400-0400] {logging_mixin.py:188} INFO - [2025-04-21T17:09:21.399-0400] {dagbag.py:538} INFO - Filling up the DagBag from /Users/gaurav/Documents/Breast-Cancer-ML-Pipeline/venv/lib/python3.9/site-packages/airflow/example_dags/example_nested_branch_dag.py
[2025-04-21T17:09:21.427-0400] {processor.py:840} INFO - DAG(s) 'example_nested_branch_dag' retrieved from /Users/gaurav/Documents/Breast-Cancer-ML-Pipeline/venv/lib/python3.9/site-packages/airflow/example_dags/example_nested_branch_dag.py
[2025-04-21T17:09:21.489-0400] {logging_mixin.py:188} INFO - [2025-04-21T17:09:21.489-0400] {dag.py:3036} INFO - Sync 1 DAGs
[2025-04-21T17:09:21.501-0400] {logging_mixin.py:188} INFO - [2025-04-21T17:09:21.500-0400] {dag.py:3823} INFO - Setting next_dagrun for example_nested_branch_dag to 2025-04-20 00:00:00+00:00, run_after=2025-04-21 00:00:00+00:00
[2025-04-21T17:09:21.514-0400] {processor.py:183} INFO - Processing /Users/gaurav/Documents/Breast-Cancer-ML-Pipeline/venv/lib/python3.9/site-packages/airflow/example_dags/example_nested_branch_dag.py took 0.117 seconds
[2025-04-21T17:10:35.007-0400] {processor.py:161} INFO - Started process (PID=85697) to work on /Users/gaurav/Documents/Breast-Cancer-ML-Pipeline/venv/lib/python3.9/site-packages/airflow/example_dags/example_nested_branch_dag.py
[2025-04-21T17:10:35.008-0400] {processor.py:830} INFO - Processing file /Users/gaurav/Documents/Breast-Cancer-ML-Pipeline/venv/lib/python3.9/site-packages/airflow/example_dags/example_nested_branch_dag.py for tasks to queue
[2025-04-21T17:10:35.009-0400] {logging_mixin.py:188} INFO - [2025-04-21T17:10:35.009-0400] {dagbag.py:538} INFO - Filling up the DagBag from /Users/gaurav/Documents/Breast-Cancer-ML-Pipeline/venv/lib/python3.9/site-packages/airflow/example_dags/example_nested_branch_dag.py
[2025-04-21T17:10:35.036-0400] {processor.py:840} INFO - DAG(s) 'example_nested_branch_dag' retrieved from /Users/gaurav/Documents/Breast-Cancer-ML-Pipeline/venv/lib/python3.9/site-packages/airflow/example_dags/example_nested_branch_dag.py
[2025-04-21T17:10:35.099-0400] {logging_mixin.py:188} INFO - [2025-04-21T17:10:35.099-0400] {dag.py:3036} INFO - Sync 1 DAGs
[2025-04-21T17:10:35.111-0400] {logging_mixin.py:188} INFO - [2025-04-21T17:10:35.111-0400] {dag.py:3823} INFO - Setting next_dagrun for example_nested_branch_dag to 2025-04-20 00:00:00+00:00, run_after=2025-04-21 00:00:00+00:00
[2025-04-21T17:10:35.124-0400] {processor.py:183} INFO - Processing /Users/gaurav/Documents/Breast-Cancer-ML-Pipeline/venv/lib/python3.9/site-packages/airflow/example_dags/example_nested_branch_dag.py took 0.118 seconds
[2025-04-21T17:11:48.316-0400] {processor.py:161} INFO - Started process (PID=85788) to work on /Users/gaurav/Documents/Breast-Cancer-ML-Pipeline/venv/lib/python3.9/site-packages/airflow/example_dags/example_nested_branch_dag.py
[2025-04-21T17:11:48.318-0400] {processor.py:830} INFO - Processing file /Users/gaurav/Documents/Breast-Cancer-ML-Pipeline/venv/lib/python3.9/site-packages/airflow/example_dags/example_nested_branch_dag.py for tasks to queue
[2025-04-21T17:11:48.318-0400] {logging_mixin.py:188} INFO - [2025-04-21T17:11:48.318-0400] {dagbag.py:538} INFO - Filling up the DagBag from /Users/gaurav/Documents/Breast-Cancer-ML-Pipeline/venv/lib/python3.9/site-packages/airflow/example_dags/example_nested_branch_dag.py
[2025-04-21T17:11:48.346-0400] {processor.py:840} INFO - DAG(s) 'example_nested_branch_dag' retrieved from /Users/gaurav/Documents/Breast-Cancer-ML-Pipeline/venv/lib/python3.9/site-packages/airflow/example_dags/example_nested_branch_dag.py
[2025-04-21T17:11:48.409-0400] {logging_mixin.py:188} INFO - [2025-04-21T17:11:48.409-0400] {dag.py:3036} INFO - Sync 1 DAGs
[2025-04-21T17:11:48.421-0400] {logging_mixin.py:188} INFO - [2025-04-21T17:11:48.421-0400] {dag.py:3823} INFO - Setting next_dagrun for example_nested_branch_dag to 2025-04-20 00:00:00+00:00, run_after=2025-04-21 00:00:00+00:00
[2025-04-21T17:11:48.436-0400] {processor.py:183} INFO - Processing /Users/gaurav/Documents/Breast-Cancer-ML-Pipeline/venv/lib/python3.9/site-packages/airflow/example_dags/example_nested_branch_dag.py took 0.121 seconds
[2025-04-21T17:13:01.842-0400] {processor.py:161} INFO - Started process (PID=85872) to work on /Users/gaurav/Documents/Breast-Cancer-ML-Pipeline/venv/lib/python3.9/site-packages/airflow/example_dags/example_nested_branch_dag.py
[2025-04-21T17:13:01.845-0400] {processor.py:830} INFO - Processing file /Users/gaurav/Documents/Breast-Cancer-ML-Pipeline/venv/lib/python3.9/site-packages/airflow/example_dags/example_nested_branch_dag.py for tasks to queue
[2025-04-21T17:13:01.845-0400] {logging_mixin.py:188} INFO - [2025-04-21T17:13:01.845-0400] {dagbag.py:538} INFO - Filling up the DagBag from /Users/gaurav/Documents/Breast-Cancer-ML-Pipeline/venv/lib/python3.9/site-packages/airflow/example_dags/example_nested_branch_dag.py
[2025-04-21T17:13:01.874-0400] {processor.py:840} INFO - DAG(s) 'example_nested_branch_dag' retrieved from /Users/gaurav/Documents/Breast-Cancer-ML-Pipeline/venv/lib/python3.9/site-packages/airflow/example_dags/example_nested_branch_dag.py
[2025-04-21T17:13:01.938-0400] {logging_mixin.py:188} INFO - [2025-04-21T17:13:01.938-0400] {dag.py:3036} INFO - Sync 1 DAGs
[2025-04-21T17:13:01.950-0400] {logging_mixin.py:188} INFO - [2025-04-21T17:13:01.950-0400] {dag.py:3823} INFO - Setting next_dagrun for example_nested_branch_dag to 2025-04-20 00:00:00+00:00, run_after=2025-04-21 00:00:00+00:00
[2025-04-21T17:13:01.963-0400] {processor.py:183} INFO - Processing /Users/gaurav/Documents/Breast-Cancer-ML-Pipeline/venv/lib/python3.9/site-packages/airflow/example_dags/example_nested_branch_dag.py took 0.121 seconds
[2025-04-21T17:14:16.941-0400] {processor.py:161} INFO - Started process (PID=85968) to work on /Users/gaurav/Documents/Breast-Cancer-ML-Pipeline/venv/lib/python3.9/site-packages/airflow/example_dags/example_nested_branch_dag.py
[2025-04-21T17:14:16.942-0400] {processor.py:830} INFO - Processing file /Users/gaurav/Documents/Breast-Cancer-ML-Pipeline/venv/lib/python3.9/site-packages/airflow/example_dags/example_nested_branch_dag.py for tasks to queue
[2025-04-21T17:14:16.943-0400] {logging_mixin.py:188} INFO - [2025-04-21T17:14:16.943-0400] {dagbag.py:538} INFO - Filling up the DagBag from /Users/gaurav/Documents/Breast-Cancer-ML-Pipeline/venv/lib/python3.9/site-packages/airflow/example_dags/example_nested_branch_dag.py
[2025-04-21T17:14:16.971-0400] {processor.py:840} INFO - DAG(s) 'example_nested_branch_dag' retrieved from /Users/gaurav/Documents/Breast-Cancer-ML-Pipeline/venv/lib/python3.9/site-packages/airflow/example_dags/example_nested_branch_dag.py
[2025-04-21T17:14:17.034-0400] {logging_mixin.py:188} INFO - [2025-04-21T17:14:17.034-0400] {dag.py:3036} INFO - Sync 1 DAGs
[2025-04-21T17:14:17.046-0400] {logging_mixin.py:188} INFO - [2025-04-21T17:14:17.046-0400] {dag.py:3823} INFO - Setting next_dagrun for example_nested_branch_dag to 2025-04-20 00:00:00+00:00, run_after=2025-04-21 00:00:00+00:00
[2025-04-21T17:14:17.058-0400] {processor.py:183} INFO - Processing /Users/gaurav/Documents/Breast-Cancer-ML-Pipeline/venv/lib/python3.9/site-packages/airflow/example_dags/example_nested_branch_dag.py took 0.117 seconds
[2025-04-21T17:15:28.752-0400] {processor.py:161} INFO - Started process (PID=86051) to work on /Users/gaurav/Documents/Breast-Cancer-ML-Pipeline/venv/lib/python3.9/site-packages/airflow/example_dags/example_nested_branch_dag.py
[2025-04-21T17:15:28.754-0400] {processor.py:830} INFO - Processing file /Users/gaurav/Documents/Breast-Cancer-ML-Pipeline/venv/lib/python3.9/site-packages/airflow/example_dags/example_nested_branch_dag.py for tasks to queue
[2025-04-21T17:15:28.754-0400] {logging_mixin.py:188} INFO - [2025-04-21T17:15:28.754-0400] {dagbag.py:538} INFO - Filling up the DagBag from /Users/gaurav/Documents/Breast-Cancer-ML-Pipeline/venv/lib/python3.9/site-packages/airflow/example_dags/example_nested_branch_dag.py
[2025-04-21T17:15:28.783-0400] {processor.py:840} INFO - DAG(s) 'example_nested_branch_dag' retrieved from /Users/gaurav/Documents/Breast-Cancer-ML-Pipeline/venv/lib/python3.9/site-packages/airflow/example_dags/example_nested_branch_dag.py
[2025-04-21T17:15:28.846-0400] {logging_mixin.py:188} INFO - [2025-04-21T17:15:28.845-0400] {dag.py:3036} INFO - Sync 1 DAGs
[2025-04-21T17:15:28.858-0400] {logging_mixin.py:188} INFO - [2025-04-21T17:15:28.858-0400] {dag.py:3823} INFO - Setting next_dagrun for example_nested_branch_dag to 2025-04-20 00:00:00+00:00, run_after=2025-04-21 00:00:00+00:00
[2025-04-21T17:15:28.870-0400] {processor.py:183} INFO - Processing /Users/gaurav/Documents/Breast-Cancer-ML-Pipeline/venv/lib/python3.9/site-packages/airflow/example_dags/example_nested_branch_dag.py took 0.120 seconds
[2025-04-21T17:16:42.259-0400] {processor.py:161} INFO - Started process (PID=86139) to work on /Users/gaurav/Documents/Breast-Cancer-ML-Pipeline/venv/lib/python3.9/site-packages/airflow/example_dags/example_nested_branch_dag.py
[2025-04-21T17:16:42.261-0400] {processor.py:830} INFO - Processing file /Users/gaurav/Documents/Breast-Cancer-ML-Pipeline/venv/lib/python3.9/site-packages/airflow/example_dags/example_nested_branch_dag.py for tasks to queue
[2025-04-21T17:16:42.262-0400] {logging_mixin.py:188} INFO - [2025-04-21T17:16:42.262-0400] {dagbag.py:538} INFO - Filling up the DagBag from /Users/gaurav/Documents/Breast-Cancer-ML-Pipeline/venv/lib/python3.9/site-packages/airflow/example_dags/example_nested_branch_dag.py
[2025-04-21T17:16:42.289-0400] {processor.py:840} INFO - DAG(s) 'example_nested_branch_dag' retrieved from /Users/gaurav/Documents/Breast-Cancer-ML-Pipeline/venv/lib/python3.9/site-packages/airflow/example_dags/example_nested_branch_dag.py
[2025-04-21T17:16:42.354-0400] {logging_mixin.py:188} INFO - [2025-04-21T17:16:42.354-0400] {dag.py:3036} INFO - Sync 1 DAGs
[2025-04-21T17:16:42.366-0400] {logging_mixin.py:188} INFO - [2025-04-21T17:16:42.366-0400] {dag.py:3823} INFO - Setting next_dagrun for example_nested_branch_dag to 2025-04-20 00:00:00+00:00, run_after=2025-04-21 00:00:00+00:00
[2025-04-21T17:16:42.380-0400] {processor.py:183} INFO - Processing /Users/gaurav/Documents/Breast-Cancer-ML-Pipeline/venv/lib/python3.9/site-packages/airflow/example_dags/example_nested_branch_dag.py took 0.121 seconds
[2025-04-21T17:17:56.239-0400] {processor.py:161} INFO - Started process (PID=86242) to work on /Users/gaurav/Documents/Breast-Cancer-ML-Pipeline/venv/lib/python3.9/site-packages/airflow/example_dags/example_nested_branch_dag.py
[2025-04-21T17:17:56.241-0400] {processor.py:830} INFO - Processing file /Users/gaurav/Documents/Breast-Cancer-ML-Pipeline/venv/lib/python3.9/site-packages/airflow/example_dags/example_nested_branch_dag.py for tasks to queue
[2025-04-21T17:17:56.241-0400] {logging_mixin.py:188} INFO - [2025-04-21T17:17:56.241-0400] {dagbag.py:538} INFO - Filling up the DagBag from /Users/gaurav/Documents/Breast-Cancer-ML-Pipeline/venv/lib/python3.9/site-packages/airflow/example_dags/example_nested_branch_dag.py
[2025-04-21T17:17:56.271-0400] {processor.py:840} INFO - DAG(s) 'example_nested_branch_dag' retrieved from /Users/gaurav/Documents/Breast-Cancer-ML-Pipeline/venv/lib/python3.9/site-packages/airflow/example_dags/example_nested_branch_dag.py
[2025-04-21T17:17:56.336-0400] {logging_mixin.py:188} INFO - [2025-04-21T17:17:56.335-0400] {dag.py:3036} INFO - Sync 1 DAGs
[2025-04-21T17:17:56.348-0400] {logging_mixin.py:188} INFO - [2025-04-21T17:17:56.347-0400] {dag.py:3823} INFO - Setting next_dagrun for example_nested_branch_dag to 2025-04-20 00:00:00+00:00, run_after=2025-04-21 00:00:00+00:00
[2025-04-21T17:17:56.361-0400] {processor.py:183} INFO - Processing /Users/gaurav/Documents/Breast-Cancer-ML-Pipeline/venv/lib/python3.9/site-packages/airflow/example_dags/example_nested_branch_dag.py took 0.123 seconds
[2025-04-21T17:19:13.047-0400] {processor.py:161} INFO - Started process (PID=86342) to work on /Users/gaurav/Documents/Breast-Cancer-ML-Pipeline/venv/lib/python3.9/site-packages/airflow/example_dags/example_nested_branch_dag.py
[2025-04-21T17:19:13.049-0400] {processor.py:830} INFO - Processing file /Users/gaurav/Documents/Breast-Cancer-ML-Pipeline/venv/lib/python3.9/site-packages/airflow/example_dags/example_nested_branch_dag.py for tasks to queue
[2025-04-21T17:19:13.049-0400] {logging_mixin.py:188} INFO - [2025-04-21T17:19:13.049-0400] {dagbag.py:538} INFO - Filling up the DagBag from /Users/gaurav/Documents/Breast-Cancer-ML-Pipeline/venv/lib/python3.9/site-packages/airflow/example_dags/example_nested_branch_dag.py
[2025-04-21T17:19:13.077-0400] {processor.py:840} INFO - DAG(s) 'example_nested_branch_dag' retrieved from /Users/gaurav/Documents/Breast-Cancer-ML-Pipeline/venv/lib/python3.9/site-packages/airflow/example_dags/example_nested_branch_dag.py
[2025-04-21T17:19:13.141-0400] {logging_mixin.py:188} INFO - [2025-04-21T17:19:13.141-0400] {dag.py:3036} INFO - Sync 1 DAGs
[2025-04-21T17:19:13.153-0400] {logging_mixin.py:188} INFO - [2025-04-21T17:19:13.152-0400] {dag.py:3823} INFO - Setting next_dagrun for example_nested_branch_dag to 2025-04-20 00:00:00+00:00, run_after=2025-04-21 00:00:00+00:00
[2025-04-21T17:19:13.167-0400] {processor.py:183} INFO - Processing /Users/gaurav/Documents/Breast-Cancer-ML-Pipeline/venv/lib/python3.9/site-packages/airflow/example_dags/example_nested_branch_dag.py took 0.121 seconds
[2025-04-21T17:20:28.798-0400] {processor.py:161} INFO - Started process (PID=86431) to work on /Users/gaurav/Documents/Breast-Cancer-ML-Pipeline/venv/lib/python3.9/site-packages/airflow/example_dags/example_nested_branch_dag.py
[2025-04-21T17:20:28.799-0400] {processor.py:830} INFO - Processing file /Users/gaurav/Documents/Breast-Cancer-ML-Pipeline/venv/lib/python3.9/site-packages/airflow/example_dags/example_nested_branch_dag.py for tasks to queue
[2025-04-21T17:20:28.800-0400] {logging_mixin.py:188} INFO - [2025-04-21T17:20:28.800-0400] {dagbag.py:538} INFO - Filling up the DagBag from /Users/gaurav/Documents/Breast-Cancer-ML-Pipeline/venv/lib/python3.9/site-packages/airflow/example_dags/example_nested_branch_dag.py
[2025-04-21T17:20:28.831-0400] {processor.py:840} INFO - DAG(s) 'example_nested_branch_dag' retrieved from /Users/gaurav/Documents/Breast-Cancer-ML-Pipeline/venv/lib/python3.9/site-packages/airflow/example_dags/example_nested_branch_dag.py
[2025-04-21T17:20:28.899-0400] {logging_mixin.py:188} INFO - [2025-04-21T17:20:28.899-0400] {dag.py:3036} INFO - Sync 1 DAGs
[2025-04-21T17:20:28.911-0400] {logging_mixin.py:188} INFO - [2025-04-21T17:20:28.911-0400] {dag.py:3823} INFO - Setting next_dagrun for example_nested_branch_dag to 2025-04-20 00:00:00+00:00, run_after=2025-04-21 00:00:00+00:00
[2025-04-21T17:20:28.925-0400] {processor.py:183} INFO - Processing /Users/gaurav/Documents/Breast-Cancer-ML-Pipeline/venv/lib/python3.9/site-packages/airflow/example_dags/example_nested_branch_dag.py took 0.127 seconds
[2025-04-21T17:22:17.216-0400] {processor.py:161} INFO - Started process (PID=86532) to work on /Users/gaurav/Documents/Breast-Cancer-ML-Pipeline/venv/lib/python3.9/site-packages/airflow/example_dags/example_nested_branch_dag.py
[2025-04-21T17:22:17.218-0400] {processor.py:830} INFO - Processing file /Users/gaurav/Documents/Breast-Cancer-ML-Pipeline/venv/lib/python3.9/site-packages/airflow/example_dags/example_nested_branch_dag.py for tasks to queue
[2025-04-21T17:22:17.219-0400] {logging_mixin.py:188} INFO - [2025-04-21T17:22:17.219-0400] {dagbag.py:538} INFO - Filling up the DagBag from /Users/gaurav/Documents/Breast-Cancer-ML-Pipeline/venv/lib/python3.9/site-packages/airflow/example_dags/example_nested_branch_dag.py
[2025-04-21T17:22:17.247-0400] {processor.py:840} INFO - DAG(s) 'example_nested_branch_dag' retrieved from /Users/gaurav/Documents/Breast-Cancer-ML-Pipeline/venv/lib/python3.9/site-packages/airflow/example_dags/example_nested_branch_dag.py
[2025-04-21T17:22:17.365-0400] {logging_mixin.py:188} INFO - [2025-04-21T17:22:17.364-0400] {dag.py:3036} INFO - Sync 1 DAGs
[2025-04-21T17:22:17.376-0400] {logging_mixin.py:188} INFO - [2025-04-21T17:22:17.376-0400] {dag.py:3823} INFO - Setting next_dagrun for example_nested_branch_dag to 2025-04-20 00:00:00+00:00, run_after=2025-04-21 00:00:00+00:00
[2025-04-21T17:22:17.388-0400] {processor.py:183} INFO - Processing /Users/gaurav/Documents/Breast-Cancer-ML-Pipeline/venv/lib/python3.9/site-packages/airflow/example_dags/example_nested_branch_dag.py took 0.173 seconds
[2025-04-21T17:23:48.854-0400] {processor.py:161} INFO - Started process (PID=86642) to work on /Users/gaurav/Documents/Breast-Cancer-ML-Pipeline/venv/lib/python3.9/site-packages/airflow/example_dags/example_nested_branch_dag.py
[2025-04-21T17:23:48.856-0400] {processor.py:830} INFO - Processing file /Users/gaurav/Documents/Breast-Cancer-ML-Pipeline/venv/lib/python3.9/site-packages/airflow/example_dags/example_nested_branch_dag.py for tasks to queue
[2025-04-21T17:23:48.856-0400] {logging_mixin.py:188} INFO - [2025-04-21T17:23:48.856-0400] {dagbag.py:538} INFO - Filling up the DagBag from /Users/gaurav/Documents/Breast-Cancer-ML-Pipeline/venv/lib/python3.9/site-packages/airflow/example_dags/example_nested_branch_dag.py
[2025-04-21T17:23:48.884-0400] {processor.py:840} INFO - DAG(s) 'example_nested_branch_dag' retrieved from /Users/gaurav/Documents/Breast-Cancer-ML-Pipeline/venv/lib/python3.9/site-packages/airflow/example_dags/example_nested_branch_dag.py
[2025-04-21T17:23:48.951-0400] {logging_mixin.py:188} INFO - [2025-04-21T17:23:48.951-0400] {dag.py:3036} INFO - Sync 1 DAGs
[2025-04-21T17:23:48.967-0400] {logging_mixin.py:188} INFO - [2025-04-21T17:23:48.967-0400] {dag.py:3823} INFO - Setting next_dagrun for example_nested_branch_dag to 2025-04-20 00:00:00+00:00, run_after=2025-04-21 00:00:00+00:00
[2025-04-21T17:23:48.980-0400] {processor.py:183} INFO - Processing /Users/gaurav/Documents/Breast-Cancer-ML-Pipeline/venv/lib/python3.9/site-packages/airflow/example_dags/example_nested_branch_dag.py took 0.127 seconds
[2025-04-21T17:25:05.734-0400] {processor.py:161} INFO - Started process (PID=86725) to work on /Users/gaurav/Documents/Breast-Cancer-ML-Pipeline/venv/lib/python3.9/site-packages/airflow/example_dags/example_nested_branch_dag.py
[2025-04-21T17:25:05.736-0400] {processor.py:830} INFO - Processing file /Users/gaurav/Documents/Breast-Cancer-ML-Pipeline/venv/lib/python3.9/site-packages/airflow/example_dags/example_nested_branch_dag.py for tasks to queue
[2025-04-21T17:25:05.737-0400] {logging_mixin.py:188} INFO - [2025-04-21T17:25:05.737-0400] {dagbag.py:538} INFO - Filling up the DagBag from /Users/gaurav/Documents/Breast-Cancer-ML-Pipeline/venv/lib/python3.9/site-packages/airflow/example_dags/example_nested_branch_dag.py
[2025-04-21T17:25:05.765-0400] {processor.py:840} INFO - DAG(s) 'example_nested_branch_dag' retrieved from /Users/gaurav/Documents/Breast-Cancer-ML-Pipeline/venv/lib/python3.9/site-packages/airflow/example_dags/example_nested_branch_dag.py
[2025-04-21T17:25:05.828-0400] {logging_mixin.py:188} INFO - [2025-04-21T17:25:05.828-0400] {dag.py:3036} INFO - Sync 1 DAGs
[2025-04-21T17:25:05.839-0400] {logging_mixin.py:188} INFO - [2025-04-21T17:25:05.839-0400] {dag.py:3823} INFO - Setting next_dagrun for example_nested_branch_dag to 2025-04-20 00:00:00+00:00, run_after=2025-04-21 00:00:00+00:00
[2025-04-21T17:25:05.852-0400] {processor.py:183} INFO - Processing /Users/gaurav/Documents/Breast-Cancer-ML-Pipeline/venv/lib/python3.9/site-packages/airflow/example_dags/example_nested_branch_dag.py took 0.119 seconds
[2025-04-21T17:26:21.812-0400] {processor.py:161} INFO - Started process (PID=86837) to work on /Users/gaurav/Documents/Breast-Cancer-ML-Pipeline/venv/lib/python3.9/site-packages/airflow/example_dags/example_nested_branch_dag.py
[2025-04-21T17:26:21.814-0400] {processor.py:830} INFO - Processing file /Users/gaurav/Documents/Breast-Cancer-ML-Pipeline/venv/lib/python3.9/site-packages/airflow/example_dags/example_nested_branch_dag.py for tasks to queue
[2025-04-21T17:26:21.814-0400] {logging_mixin.py:188} INFO - [2025-04-21T17:26:21.814-0400] {dagbag.py:538} INFO - Filling up the DagBag from /Users/gaurav/Documents/Breast-Cancer-ML-Pipeline/venv/lib/python3.9/site-packages/airflow/example_dags/example_nested_branch_dag.py
[2025-04-21T17:26:21.843-0400] {processor.py:840} INFO - DAG(s) 'example_nested_branch_dag' retrieved from /Users/gaurav/Documents/Breast-Cancer-ML-Pipeline/venv/lib/python3.9/site-packages/airflow/example_dags/example_nested_branch_dag.py
[2025-04-21T17:26:21.906-0400] {logging_mixin.py:188} INFO - [2025-04-21T17:26:21.906-0400] {dag.py:3036} INFO - Sync 1 DAGs
[2025-04-21T17:26:21.919-0400] {logging_mixin.py:188} INFO - [2025-04-21T17:26:21.919-0400] {dag.py:3823} INFO - Setting next_dagrun for example_nested_branch_dag to 2025-04-20 00:00:00+00:00, run_after=2025-04-21 00:00:00+00:00
[2025-04-21T17:26:21.932-0400] {processor.py:183} INFO - Processing /Users/gaurav/Documents/Breast-Cancer-ML-Pipeline/venv/lib/python3.9/site-packages/airflow/example_dags/example_nested_branch_dag.py took 0.120 seconds
[2025-04-21T17:27:40.578-0400] {processor.py:161} INFO - Started process (PID=86954) to work on /Users/gaurav/Documents/Breast-Cancer-ML-Pipeline/venv/lib/python3.9/site-packages/airflow/example_dags/example_nested_branch_dag.py
[2025-04-21T17:27:40.579-0400] {processor.py:830} INFO - Processing file /Users/gaurav/Documents/Breast-Cancer-ML-Pipeline/venv/lib/python3.9/site-packages/airflow/example_dags/example_nested_branch_dag.py for tasks to queue
[2025-04-21T17:27:40.580-0400] {logging_mixin.py:188} INFO - [2025-04-21T17:27:40.580-0400] {dagbag.py:538} INFO - Filling up the DagBag from /Users/gaurav/Documents/Breast-Cancer-ML-Pipeline/venv/lib/python3.9/site-packages/airflow/example_dags/example_nested_branch_dag.py
[2025-04-21T17:27:40.610-0400] {processor.py:840} INFO - DAG(s) 'example_nested_branch_dag' retrieved from /Users/gaurav/Documents/Breast-Cancer-ML-Pipeline/venv/lib/python3.9/site-packages/airflow/example_dags/example_nested_branch_dag.py
[2025-04-21T17:27:40.674-0400] {logging_mixin.py:188} INFO - [2025-04-21T17:27:40.674-0400] {dag.py:3036} INFO - Sync 1 DAGs
[2025-04-21T17:27:40.685-0400] {logging_mixin.py:188} INFO - [2025-04-21T17:27:40.685-0400] {dag.py:3823} INFO - Setting next_dagrun for example_nested_branch_dag to 2025-04-20 00:00:00+00:00, run_after=2025-04-21 00:00:00+00:00
[2025-04-21T17:27:40.698-0400] {processor.py:183} INFO - Processing /Users/gaurav/Documents/Breast-Cancer-ML-Pipeline/venv/lib/python3.9/site-packages/airflow/example_dags/example_nested_branch_dag.py took 0.122 seconds
[2025-04-21T17:29:43.289-0400] {processor.py:161} INFO - Started process (PID=87133) to work on /Users/gaurav/Documents/Breast-Cancer-ML-Pipeline/venv/lib/python3.9/site-packages/airflow/example_dags/example_nested_branch_dag.py
[2025-04-21T17:29:43.290-0400] {processor.py:830} INFO - Processing file /Users/gaurav/Documents/Breast-Cancer-ML-Pipeline/venv/lib/python3.9/site-packages/airflow/example_dags/example_nested_branch_dag.py for tasks to queue
[2025-04-21T17:29:43.291-0400] {logging_mixin.py:188} INFO - [2025-04-21T17:29:43.291-0400] {dagbag.py:538} INFO - Filling up the DagBag from /Users/gaurav/Documents/Breast-Cancer-ML-Pipeline/venv/lib/python3.9/site-packages/airflow/example_dags/example_nested_branch_dag.py
[2025-04-21T17:29:43.319-0400] {processor.py:840} INFO - DAG(s) 'example_nested_branch_dag' retrieved from /Users/gaurav/Documents/Breast-Cancer-ML-Pipeline/venv/lib/python3.9/site-packages/airflow/example_dags/example_nested_branch_dag.py
[2025-04-21T17:29:43.381-0400] {logging_mixin.py:188} INFO - [2025-04-21T17:29:43.381-0400] {dag.py:3036} INFO - Sync 1 DAGs
[2025-04-21T17:29:43.393-0400] {logging_mixin.py:188} INFO - [2025-04-21T17:29:43.392-0400] {dag.py:3823} INFO - Setting next_dagrun for example_nested_branch_dag to 2025-04-20 00:00:00+00:00, run_after=2025-04-21 00:00:00+00:00
[2025-04-21T17:29:43.405-0400] {processor.py:183} INFO - Processing /Users/gaurav/Documents/Breast-Cancer-ML-Pipeline/venv/lib/python3.9/site-packages/airflow/example_dags/example_nested_branch_dag.py took 0.117 seconds
[2025-04-21T17:31:00.134-0400] {processor.py:161} INFO - Started process (PID=87216) to work on /Users/gaurav/Documents/Breast-Cancer-ML-Pipeline/venv/lib/python3.9/site-packages/airflow/example_dags/example_nested_branch_dag.py
[2025-04-21T17:31:00.135-0400] {processor.py:830} INFO - Processing file /Users/gaurav/Documents/Breast-Cancer-ML-Pipeline/venv/lib/python3.9/site-packages/airflow/example_dags/example_nested_branch_dag.py for tasks to queue
[2025-04-21T17:31:00.136-0400] {logging_mixin.py:188} INFO - [2025-04-21T17:31:00.136-0400] {dagbag.py:538} INFO - Filling up the DagBag from /Users/gaurav/Documents/Breast-Cancer-ML-Pipeline/venv/lib/python3.9/site-packages/airflow/example_dags/example_nested_branch_dag.py
[2025-04-21T17:31:00.164-0400] {processor.py:840} INFO - DAG(s) 'example_nested_branch_dag' retrieved from /Users/gaurav/Documents/Breast-Cancer-ML-Pipeline/venv/lib/python3.9/site-packages/airflow/example_dags/example_nested_branch_dag.py
[2025-04-21T17:31:00.230-0400] {logging_mixin.py:188} INFO - [2025-04-21T17:31:00.230-0400] {dag.py:3036} INFO - Sync 1 DAGs
[2025-04-21T17:31:00.242-0400] {logging_mixin.py:188} INFO - [2025-04-21T17:31:00.242-0400] {dag.py:3823} INFO - Setting next_dagrun for example_nested_branch_dag to 2025-04-20 00:00:00+00:00, run_after=2025-04-21 00:00:00+00:00
[2025-04-21T17:31:00.256-0400] {processor.py:183} INFO - Processing /Users/gaurav/Documents/Breast-Cancer-ML-Pipeline/venv/lib/python3.9/site-packages/airflow/example_dags/example_nested_branch_dag.py took 0.123 seconds
[2025-04-21T17:37:24.934-0400] {processor.py:161} INFO - Started process (PID=87705) to work on /Users/gaurav/Documents/Breast-Cancer-ML-Pipeline/venv/lib/python3.9/site-packages/airflow/example_dags/example_nested_branch_dag.py
[2025-04-21T17:37:24.935-0400] {processor.py:830} INFO - Processing file /Users/gaurav/Documents/Breast-Cancer-ML-Pipeline/venv/lib/python3.9/site-packages/airflow/example_dags/example_nested_branch_dag.py for tasks to queue
[2025-04-21T17:37:24.935-0400] {logging_mixin.py:188} INFO - [2025-04-21T17:37:24.935-0400] {dagbag.py:538} INFO - Filling up the DagBag from /Users/gaurav/Documents/Breast-Cancer-ML-Pipeline/venv/lib/python3.9/site-packages/airflow/example_dags/example_nested_branch_dag.py
[2025-04-21T17:37:24.963-0400] {processor.py:840} INFO - DAG(s) 'example_nested_branch_dag' retrieved from /Users/gaurav/Documents/Breast-Cancer-ML-Pipeline/venv/lib/python3.9/site-packages/airflow/example_dags/example_nested_branch_dag.py
[2025-04-21T17:37:25.079-0400] {logging_mixin.py:188} INFO - [2025-04-21T17:37:25.079-0400] {dag.py:3036} INFO - Sync 1 DAGs
[2025-04-21T17:37:25.091-0400] {logging_mixin.py:188} INFO - [2025-04-21T17:37:25.091-0400] {dag.py:3823} INFO - Setting next_dagrun for example_nested_branch_dag to 2025-04-20 00:00:00+00:00, run_after=2025-04-21 00:00:00+00:00
[2025-04-21T17:37:25.103-0400] {processor.py:183} INFO - Processing /Users/gaurav/Documents/Breast-Cancer-ML-Pipeline/venv/lib/python3.9/site-packages/airflow/example_dags/example_nested_branch_dag.py took 0.170 seconds
[2025-04-21T17:39:13.154-0400] {processor.py:161} INFO - Started process (PID=87889) to work on /Users/gaurav/Documents/Breast-Cancer-ML-Pipeline/venv/lib/python3.9/site-packages/airflow/example_dags/example_nested_branch_dag.py
[2025-04-21T17:39:13.155-0400] {processor.py:830} INFO - Processing file /Users/gaurav/Documents/Breast-Cancer-ML-Pipeline/venv/lib/python3.9/site-packages/airflow/example_dags/example_nested_branch_dag.py for tasks to queue
[2025-04-21T17:39:13.155-0400] {logging_mixin.py:188} INFO - [2025-04-21T17:39:13.155-0400] {dagbag.py:538} INFO - Filling up the DagBag from /Users/gaurav/Documents/Breast-Cancer-ML-Pipeline/venv/lib/python3.9/site-packages/airflow/example_dags/example_nested_branch_dag.py
[2025-04-21T17:39:13.183-0400] {processor.py:840} INFO - DAG(s) 'example_nested_branch_dag' retrieved from /Users/gaurav/Documents/Breast-Cancer-ML-Pipeline/venv/lib/python3.9/site-packages/airflow/example_dags/example_nested_branch_dag.py
[2025-04-21T17:39:13.247-0400] {logging_mixin.py:188} INFO - [2025-04-21T17:39:13.247-0400] {dag.py:3036} INFO - Sync 1 DAGs
[2025-04-21T17:39:13.259-0400] {logging_mixin.py:188} INFO - [2025-04-21T17:39:13.259-0400] {dag.py:3823} INFO - Setting next_dagrun for example_nested_branch_dag to 2025-04-20 00:00:00+00:00, run_after=2025-04-21 00:00:00+00:00
[2025-04-21T17:39:13.275-0400] {processor.py:183} INFO - Processing /Users/gaurav/Documents/Breast-Cancer-ML-Pipeline/venv/lib/python3.9/site-packages/airflow/example_dags/example_nested_branch_dag.py took 0.122 seconds
[2025-04-21T17:41:43.730-0400] {processor.py:161} INFO - Started process (PID=88118) to work on /Users/gaurav/Documents/Breast-Cancer-ML-Pipeline/venv/lib/python3.9/site-packages/airflow/example_dags/example_nested_branch_dag.py
[2025-04-21T17:41:43.731-0400] {processor.py:830} INFO - Processing file /Users/gaurav/Documents/Breast-Cancer-ML-Pipeline/venv/lib/python3.9/site-packages/airflow/example_dags/example_nested_branch_dag.py for tasks to queue
[2025-04-21T17:41:43.732-0400] {logging_mixin.py:188} INFO - [2025-04-21T17:41:43.732-0400] {dagbag.py:538} INFO - Filling up the DagBag from /Users/gaurav/Documents/Breast-Cancer-ML-Pipeline/venv/lib/python3.9/site-packages/airflow/example_dags/example_nested_branch_dag.py
[2025-04-21T17:41:43.760-0400] {processor.py:840} INFO - DAG(s) 'example_nested_branch_dag' retrieved from /Users/gaurav/Documents/Breast-Cancer-ML-Pipeline/venv/lib/python3.9/site-packages/airflow/example_dags/example_nested_branch_dag.py
[2025-04-21T17:41:43.826-0400] {logging_mixin.py:188} INFO - [2025-04-21T17:41:43.825-0400] {dag.py:3036} INFO - Sync 1 DAGs
[2025-04-21T17:41:43.839-0400] {logging_mixin.py:188} INFO - [2025-04-21T17:41:43.839-0400] {dag.py:3823} INFO - Setting next_dagrun for example_nested_branch_dag to 2025-04-20 00:00:00+00:00, run_after=2025-04-21 00:00:00+00:00
[2025-04-21T17:41:43.860-0400] {processor.py:183} INFO - Processing /Users/gaurav/Documents/Breast-Cancer-ML-Pipeline/venv/lib/python3.9/site-packages/airflow/example_dags/example_nested_branch_dag.py took 0.132 seconds
[2025-04-21T17:42:57.263-0400] {processor.py:161} INFO - Started process (PID=88202) to work on /Users/gaurav/Documents/Breast-Cancer-ML-Pipeline/venv/lib/python3.9/site-packages/airflow/example_dags/example_nested_branch_dag.py
[2025-04-21T17:42:57.265-0400] {processor.py:830} INFO - Processing file /Users/gaurav/Documents/Breast-Cancer-ML-Pipeline/venv/lib/python3.9/site-packages/airflow/example_dags/example_nested_branch_dag.py for tasks to queue
[2025-04-21T17:42:57.265-0400] {logging_mixin.py:188} INFO - [2025-04-21T17:42:57.265-0400] {dagbag.py:538} INFO - Filling up the DagBag from /Users/gaurav/Documents/Breast-Cancer-ML-Pipeline/venv/lib/python3.9/site-packages/airflow/example_dags/example_nested_branch_dag.py
[2025-04-21T17:42:57.292-0400] {processor.py:840} INFO - DAG(s) 'example_nested_branch_dag' retrieved from /Users/gaurav/Documents/Breast-Cancer-ML-Pipeline/venv/lib/python3.9/site-packages/airflow/example_dags/example_nested_branch_dag.py
[2025-04-21T17:42:57.354-0400] {logging_mixin.py:188} INFO - [2025-04-21T17:42:57.354-0400] {dag.py:3036} INFO - Sync 1 DAGs
[2025-04-21T17:42:57.366-0400] {logging_mixin.py:188} INFO - [2025-04-21T17:42:57.366-0400] {dag.py:3823} INFO - Setting next_dagrun for example_nested_branch_dag to 2025-04-20 00:00:00+00:00, run_after=2025-04-21 00:00:00+00:00
[2025-04-21T17:42:57.379-0400] {processor.py:183} INFO - Processing /Users/gaurav/Documents/Breast-Cancer-ML-Pipeline/venv/lib/python3.9/site-packages/airflow/example_dags/example_nested_branch_dag.py took 0.116 seconds
[2025-04-21T17:44:09.141-0400] {processor.py:161} INFO - Started process (PID=88289) to work on /Users/gaurav/Documents/Breast-Cancer-ML-Pipeline/venv/lib/python3.9/site-packages/airflow/example_dags/example_nested_branch_dag.py
[2025-04-21T17:44:09.143-0400] {processor.py:830} INFO - Processing file /Users/gaurav/Documents/Breast-Cancer-ML-Pipeline/venv/lib/python3.9/site-packages/airflow/example_dags/example_nested_branch_dag.py for tasks to queue
[2025-04-21T17:44:09.144-0400] {logging_mixin.py:188} INFO - [2025-04-21T17:44:09.144-0400] {dagbag.py:538} INFO - Filling up the DagBag from /Users/gaurav/Documents/Breast-Cancer-ML-Pipeline/venv/lib/python3.9/site-packages/airflow/example_dags/example_nested_branch_dag.py
[2025-04-21T17:44:09.171-0400] {processor.py:840} INFO - DAG(s) 'example_nested_branch_dag' retrieved from /Users/gaurav/Documents/Breast-Cancer-ML-Pipeline/venv/lib/python3.9/site-packages/airflow/example_dags/example_nested_branch_dag.py
[2025-04-21T17:44:09.234-0400] {logging_mixin.py:188} INFO - [2025-04-21T17:44:09.234-0400] {dag.py:3036} INFO - Sync 1 DAGs
[2025-04-21T17:44:09.247-0400] {logging_mixin.py:188} INFO - [2025-04-21T17:44:09.247-0400] {dag.py:3823} INFO - Setting next_dagrun for example_nested_branch_dag to 2025-04-20 00:00:00+00:00, run_after=2025-04-21 00:00:00+00:00
[2025-04-21T17:44:09.259-0400] {processor.py:183} INFO - Processing /Users/gaurav/Documents/Breast-Cancer-ML-Pipeline/venv/lib/python3.9/site-packages/airflow/example_dags/example_nested_branch_dag.py took 0.118 seconds
[2025-04-21T17:45:16.180-0400] {processor.py:161} INFO - Started process (PID=88383) to work on /Users/gaurav/Documents/Breast-Cancer-ML-Pipeline/venv/lib/python3.9/site-packages/airflow/example_dags/example_nested_branch_dag.py
[2025-04-21T17:45:16.182-0400] {processor.py:830} INFO - Processing file /Users/gaurav/Documents/Breast-Cancer-ML-Pipeline/venv/lib/python3.9/site-packages/airflow/example_dags/example_nested_branch_dag.py for tasks to queue
[2025-04-21T17:45:16.182-0400] {logging_mixin.py:188} INFO - [2025-04-21T17:45:16.182-0400] {dagbag.py:538} INFO - Filling up the DagBag from /Users/gaurav/Documents/Breast-Cancer-ML-Pipeline/venv/lib/python3.9/site-packages/airflow/example_dags/example_nested_branch_dag.py
[2025-04-21T17:45:16.204-0400] {processor.py:840} INFO - DAG(s) 'example_nested_branch_dag' retrieved from /Users/gaurav/Documents/Breast-Cancer-ML-Pipeline/venv/lib/python3.9/site-packages/airflow/example_dags/example_nested_branch_dag.py
[2025-04-21T17:45:16.254-0400] {logging_mixin.py:188} INFO - [2025-04-21T17:45:16.254-0400] {dag.py:3036} INFO - Sync 1 DAGs
[2025-04-21T17:45:16.263-0400] {logging_mixin.py:188} INFO - [2025-04-21T17:45:16.263-0400] {dag.py:3823} INFO - Setting next_dagrun for example_nested_branch_dag to 2025-04-20 00:00:00+00:00, run_after=2025-04-21 00:00:00+00:00
[2025-04-21T17:45:16.273-0400] {processor.py:183} INFO - Processing /Users/gaurav/Documents/Breast-Cancer-ML-Pipeline/venv/lib/python3.9/site-packages/airflow/example_dags/example_nested_branch_dag.py took 0.093 seconds
[2025-04-21T17:46:19.918-0400] {processor.py:161} INFO - Started process (PID=88527) to work on /Users/gaurav/Documents/Breast-Cancer-ML-Pipeline/venv/lib/python3.9/site-packages/airflow/example_dags/example_nested_branch_dag.py
[2025-04-21T17:46:19.919-0400] {processor.py:830} INFO - Processing file /Users/gaurav/Documents/Breast-Cancer-ML-Pipeline/venv/lib/python3.9/site-packages/airflow/example_dags/example_nested_branch_dag.py for tasks to queue
[2025-04-21T17:46:19.920-0400] {logging_mixin.py:188} INFO - [2025-04-21T17:46:19.920-0400] {dagbag.py:538} INFO - Filling up the DagBag from /Users/gaurav/Documents/Breast-Cancer-ML-Pipeline/venv/lib/python3.9/site-packages/airflow/example_dags/example_nested_branch_dag.py
[2025-04-21T17:46:19.943-0400] {processor.py:840} INFO - DAG(s) 'example_nested_branch_dag' retrieved from /Users/gaurav/Documents/Breast-Cancer-ML-Pipeline/venv/lib/python3.9/site-packages/airflow/example_dags/example_nested_branch_dag.py
[2025-04-21T17:46:19.991-0400] {logging_mixin.py:188} INFO - [2025-04-21T17:46:19.991-0400] {dag.py:3036} INFO - Sync 1 DAGs
[2025-04-21T17:46:20.000-0400] {logging_mixin.py:188} INFO - [2025-04-21T17:46:20.000-0400] {dag.py:3823} INFO - Setting next_dagrun for example_nested_branch_dag to 2025-04-20 00:00:00+00:00, run_after=2025-04-21 00:00:00+00:00
[2025-04-21T17:46:20.010-0400] {processor.py:183} INFO - Processing /Users/gaurav/Documents/Breast-Cancer-ML-Pipeline/venv/lib/python3.9/site-packages/airflow/example_dags/example_nested_branch_dag.py took 0.092 seconds
[2025-04-21T17:47:18.726-0400] {processor.py:161} INFO - Started process (PID=88600) to work on /Users/gaurav/Documents/Breast-Cancer-ML-Pipeline/venv/lib/python3.9/site-packages/airflow/example_dags/example_nested_branch_dag.py
[2025-04-21T17:47:18.726-0400] {processor.py:830} INFO - Processing file /Users/gaurav/Documents/Breast-Cancer-ML-Pipeline/venv/lib/python3.9/site-packages/airflow/example_dags/example_nested_branch_dag.py for tasks to queue
[2025-04-21T17:47:18.727-0400] {logging_mixin.py:188} INFO - [2025-04-21T17:47:18.727-0400] {dagbag.py:538} INFO - Filling up the DagBag from /Users/gaurav/Documents/Breast-Cancer-ML-Pipeline/venv/lib/python3.9/site-packages/airflow/example_dags/example_nested_branch_dag.py
[2025-04-21T17:47:18.749-0400] {processor.py:840} INFO - DAG(s) 'example_nested_branch_dag' retrieved from /Users/gaurav/Documents/Breast-Cancer-ML-Pipeline/venv/lib/python3.9/site-packages/airflow/example_dags/example_nested_branch_dag.py
[2025-04-21T17:47:18.799-0400] {logging_mixin.py:188} INFO - [2025-04-21T17:47:18.799-0400] {dag.py:3036} INFO - Sync 1 DAGs
[2025-04-21T17:47:18.808-0400] {logging_mixin.py:188} INFO - [2025-04-21T17:47:18.808-0400] {dag.py:3823} INFO - Setting next_dagrun for example_nested_branch_dag to 2025-04-20 00:00:00+00:00, run_after=2025-04-21 00:00:00+00:00
[2025-04-21T17:47:18.817-0400] {processor.py:183} INFO - Processing /Users/gaurav/Documents/Breast-Cancer-ML-Pipeline/venv/lib/python3.9/site-packages/airflow/example_dags/example_nested_branch_dag.py took 0.092 seconds
[2025-04-21T17:48:08.133-0400] {processor.py:161} INFO - Started process (PID=88663) to work on /Users/gaurav/Documents/Breast-Cancer-ML-Pipeline/venv/lib/python3.9/site-packages/airflow/example_dags/example_nested_branch_dag.py
[2025-04-21T17:48:08.135-0400] {processor.py:830} INFO - Processing file /Users/gaurav/Documents/Breast-Cancer-ML-Pipeline/venv/lib/python3.9/site-packages/airflow/example_dags/example_nested_branch_dag.py for tasks to queue
[2025-04-21T17:48:08.135-0400] {logging_mixin.py:188} INFO - [2025-04-21T17:48:08.135-0400] {dagbag.py:538} INFO - Filling up the DagBag from /Users/gaurav/Documents/Breast-Cancer-ML-Pipeline/venv/lib/python3.9/site-packages/airflow/example_dags/example_nested_branch_dag.py
[2025-04-21T17:48:08.156-0400] {processor.py:840} INFO - DAG(s) 'example_nested_branch_dag' retrieved from /Users/gaurav/Documents/Breast-Cancer-ML-Pipeline/venv/lib/python3.9/site-packages/airflow/example_dags/example_nested_branch_dag.py
[2025-04-21T17:48:08.205-0400] {logging_mixin.py:188} INFO - [2025-04-21T17:48:08.205-0400] {dag.py:3036} INFO - Sync 1 DAGs
[2025-04-21T17:48:08.215-0400] {logging_mixin.py:188} INFO - [2025-04-21T17:48:08.215-0400] {dag.py:3823} INFO - Setting next_dagrun for example_nested_branch_dag to 2025-04-20 00:00:00+00:00, run_after=2025-04-21 00:00:00+00:00
[2025-04-21T17:48:08.225-0400] {processor.py:183} INFO - Processing /Users/gaurav/Documents/Breast-Cancer-ML-Pipeline/venv/lib/python3.9/site-packages/airflow/example_dags/example_nested_branch_dag.py took 0.092 seconds
[2025-04-21T17:48:57.979-0400] {processor.py:161} INFO - Started process (PID=88738) to work on /Users/gaurav/Documents/Breast-Cancer-ML-Pipeline/venv/lib/python3.9/site-packages/airflow/example_dags/example_nested_branch_dag.py
[2025-04-21T17:48:57.980-0400] {processor.py:830} INFO - Processing file /Users/gaurav/Documents/Breast-Cancer-ML-Pipeline/venv/lib/python3.9/site-packages/airflow/example_dags/example_nested_branch_dag.py for tasks to queue
[2025-04-21T17:48:57.981-0400] {logging_mixin.py:188} INFO - [2025-04-21T17:48:57.981-0400] {dagbag.py:538} INFO - Filling up the DagBag from /Users/gaurav/Documents/Breast-Cancer-ML-Pipeline/venv/lib/python3.9/site-packages/airflow/example_dags/example_nested_branch_dag.py
[2025-04-21T17:48:58.002-0400] {processor.py:840} INFO - DAG(s) 'example_nested_branch_dag' retrieved from /Users/gaurav/Documents/Breast-Cancer-ML-Pipeline/venv/lib/python3.9/site-packages/airflow/example_dags/example_nested_branch_dag.py
[2025-04-21T17:48:58.050-0400] {logging_mixin.py:188} INFO - [2025-04-21T17:48:58.050-0400] {dag.py:3036} INFO - Sync 1 DAGs
[2025-04-21T17:48:58.059-0400] {logging_mixin.py:188} INFO - [2025-04-21T17:48:58.059-0400] {dag.py:3823} INFO - Setting next_dagrun for example_nested_branch_dag to 2025-04-20 00:00:00+00:00, run_after=2025-04-21 00:00:00+00:00
[2025-04-21T17:48:58.069-0400] {processor.py:183} INFO - Processing /Users/gaurav/Documents/Breast-Cancer-ML-Pipeline/venv/lib/python3.9/site-packages/airflow/example_dags/example_nested_branch_dag.py took 0.091 seconds
[2025-04-21T17:50:03.567-0400] {processor.py:161} INFO - Started process (PID=88826) to work on /Users/gaurav/Documents/Breast-Cancer-ML-Pipeline/venv/lib/python3.9/site-packages/airflow/example_dags/example_nested_branch_dag.py
[2025-04-21T17:50:03.569-0400] {processor.py:830} INFO - Processing file /Users/gaurav/Documents/Breast-Cancer-ML-Pipeline/venv/lib/python3.9/site-packages/airflow/example_dags/example_nested_branch_dag.py for tasks to queue
[2025-04-21T17:50:03.569-0400] {logging_mixin.py:188} INFO - [2025-04-21T17:50:03.569-0400] {dagbag.py:538} INFO - Filling up the DagBag from /Users/gaurav/Documents/Breast-Cancer-ML-Pipeline/venv/lib/python3.9/site-packages/airflow/example_dags/example_nested_branch_dag.py
[2025-04-21T17:50:03.591-0400] {processor.py:840} INFO - DAG(s) 'example_nested_branch_dag' retrieved from /Users/gaurav/Documents/Breast-Cancer-ML-Pipeline/venv/lib/python3.9/site-packages/airflow/example_dags/example_nested_branch_dag.py
[2025-04-21T17:50:03.639-0400] {logging_mixin.py:188} INFO - [2025-04-21T17:50:03.639-0400] {dag.py:3036} INFO - Sync 1 DAGs
[2025-04-21T17:50:03.648-0400] {logging_mixin.py:188} INFO - [2025-04-21T17:50:03.648-0400] {dag.py:3823} INFO - Setting next_dagrun for example_nested_branch_dag to 2025-04-20 00:00:00+00:00, run_after=2025-04-21 00:00:00+00:00
[2025-04-21T17:50:03.658-0400] {processor.py:183} INFO - Processing /Users/gaurav/Documents/Breast-Cancer-ML-Pipeline/venv/lib/python3.9/site-packages/airflow/example_dags/example_nested_branch_dag.py took 0.092 seconds
[2025-04-21T17:51:16.940-0400] {processor.py:161} INFO - Started process (PID=88927) to work on /Users/gaurav/Documents/Breast-Cancer-ML-Pipeline/venv/lib/python3.9/site-packages/airflow/example_dags/example_nested_branch_dag.py
[2025-04-21T17:51:16.941-0400] {processor.py:830} INFO - Processing file /Users/gaurav/Documents/Breast-Cancer-ML-Pipeline/venv/lib/python3.9/site-packages/airflow/example_dags/example_nested_branch_dag.py for tasks to queue
[2025-04-21T17:51:16.942-0400] {logging_mixin.py:188} INFO - [2025-04-21T17:51:16.942-0400] {dagbag.py:538} INFO - Filling up the DagBag from /Users/gaurav/Documents/Breast-Cancer-ML-Pipeline/venv/lib/python3.9/site-packages/airflow/example_dags/example_nested_branch_dag.py
[2025-04-21T17:51:16.972-0400] {processor.py:840} INFO - DAG(s) 'example_nested_branch_dag' retrieved from /Users/gaurav/Documents/Breast-Cancer-ML-Pipeline/venv/lib/python3.9/site-packages/airflow/example_dags/example_nested_branch_dag.py
[2025-04-21T17:51:17.025-0400] {logging_mixin.py:188} INFO - [2025-04-21T17:51:17.025-0400] {dag.py:3036} INFO - Sync 1 DAGs
[2025-04-21T17:51:17.035-0400] {logging_mixin.py:188} INFO - [2025-04-21T17:51:17.035-0400] {dag.py:3823} INFO - Setting next_dagrun for example_nested_branch_dag to 2025-04-20 00:00:00+00:00, run_after=2025-04-21 00:00:00+00:00
[2025-04-21T17:51:17.045-0400] {processor.py:183} INFO - Processing /Users/gaurav/Documents/Breast-Cancer-ML-Pipeline/venv/lib/python3.9/site-packages/airflow/example_dags/example_nested_branch_dag.py took 0.106 seconds
[2025-04-21T17:52:09.637-0400] {processor.py:161} INFO - Started process (PID=89002) to work on /Users/gaurav/Documents/Breast-Cancer-ML-Pipeline/venv/lib/python3.9/site-packages/airflow/example_dags/example_nested_branch_dag.py
[2025-04-21T17:52:09.638-0400] {processor.py:830} INFO - Processing file /Users/gaurav/Documents/Breast-Cancer-ML-Pipeline/venv/lib/python3.9/site-packages/airflow/example_dags/example_nested_branch_dag.py for tasks to queue
[2025-04-21T17:52:09.639-0400] {logging_mixin.py:188} INFO - [2025-04-21T17:52:09.639-0400] {dagbag.py:538} INFO - Filling up the DagBag from /Users/gaurav/Documents/Breast-Cancer-ML-Pipeline/venv/lib/python3.9/site-packages/airflow/example_dags/example_nested_branch_dag.py
[2025-04-21T17:52:09.662-0400] {processor.py:840} INFO - DAG(s) 'example_nested_branch_dag' retrieved from /Users/gaurav/Documents/Breast-Cancer-ML-Pipeline/venv/lib/python3.9/site-packages/airflow/example_dags/example_nested_branch_dag.py
[2025-04-21T17:52:09.713-0400] {logging_mixin.py:188} INFO - [2025-04-21T17:52:09.713-0400] {dag.py:3036} INFO - Sync 1 DAGs
[2025-04-21T17:52:09.722-0400] {logging_mixin.py:188} INFO - [2025-04-21T17:52:09.722-0400] {dag.py:3823} INFO - Setting next_dagrun for example_nested_branch_dag to 2025-04-20 00:00:00+00:00, run_after=2025-04-21 00:00:00+00:00
[2025-04-21T17:52:09.732-0400] {processor.py:183} INFO - Processing /Users/gaurav/Documents/Breast-Cancer-ML-Pipeline/venv/lib/python3.9/site-packages/airflow/example_dags/example_nested_branch_dag.py took 0.095 seconds
[2025-04-21T17:53:02.216-0400] {processor.py:161} INFO - Started process (PID=89072) to work on /Users/gaurav/Documents/Breast-Cancer-ML-Pipeline/venv/lib/python3.9/site-packages/airflow/example_dags/example_nested_branch_dag.py
[2025-04-21T17:53:02.218-0400] {processor.py:830} INFO - Processing file /Users/gaurav/Documents/Breast-Cancer-ML-Pipeline/venv/lib/python3.9/site-packages/airflow/example_dags/example_nested_branch_dag.py for tasks to queue
[2025-04-21T17:53:02.218-0400] {logging_mixin.py:188} INFO - [2025-04-21T17:53:02.218-0400] {dagbag.py:538} INFO - Filling up the DagBag from /Users/gaurav/Documents/Breast-Cancer-ML-Pipeline/venv/lib/python3.9/site-packages/airflow/example_dags/example_nested_branch_dag.py
[2025-04-21T17:53:02.244-0400] {processor.py:840} INFO - DAG(s) 'example_nested_branch_dag' retrieved from /Users/gaurav/Documents/Breast-Cancer-ML-Pipeline/venv/lib/python3.9/site-packages/airflow/example_dags/example_nested_branch_dag.py
[2025-04-21T17:53:02.294-0400] {logging_mixin.py:188} INFO - [2025-04-21T17:53:02.294-0400] {dag.py:3036} INFO - Sync 1 DAGs
[2025-04-21T17:53:02.303-0400] {logging_mixin.py:188} INFO - [2025-04-21T17:53:02.303-0400] {dag.py:3823} INFO - Setting next_dagrun for example_nested_branch_dag to 2025-04-20 00:00:00+00:00, run_after=2025-04-21 00:00:00+00:00
[2025-04-21T17:53:02.313-0400] {processor.py:183} INFO - Processing /Users/gaurav/Documents/Breast-Cancer-ML-Pipeline/venv/lib/python3.9/site-packages/airflow/example_dags/example_nested_branch_dag.py took 0.097 seconds
[2025-04-21T17:53:51.535-0400] {processor.py:161} INFO - Started process (PID=89136) to work on /Users/gaurav/Documents/Breast-Cancer-ML-Pipeline/venv/lib/python3.9/site-packages/airflow/example_dags/example_nested_branch_dag.py
[2025-04-21T17:53:51.537-0400] {processor.py:830} INFO - Processing file /Users/gaurav/Documents/Breast-Cancer-ML-Pipeline/venv/lib/python3.9/site-packages/airflow/example_dags/example_nested_branch_dag.py for tasks to queue
[2025-04-21T17:53:51.538-0400] {logging_mixin.py:188} INFO - [2025-04-21T17:53:51.537-0400] {dagbag.py:538} INFO - Filling up the DagBag from /Users/gaurav/Documents/Breast-Cancer-ML-Pipeline/venv/lib/python3.9/site-packages/airflow/example_dags/example_nested_branch_dag.py
[2025-04-21T17:53:51.567-0400] {processor.py:840} INFO - DAG(s) 'example_nested_branch_dag' retrieved from /Users/gaurav/Documents/Breast-Cancer-ML-Pipeline/venv/lib/python3.9/site-packages/airflow/example_dags/example_nested_branch_dag.py
[2025-04-21T17:53:51.631-0400] {logging_mixin.py:188} INFO - [2025-04-21T17:53:51.631-0400] {dag.py:3036} INFO - Sync 1 DAGs
[2025-04-21T17:53:51.641-0400] {logging_mixin.py:188} INFO - [2025-04-21T17:53:51.641-0400] {dag.py:3823} INFO - Setting next_dagrun for example_nested_branch_dag to 2025-04-20 00:00:00+00:00, run_after=2025-04-21 00:00:00+00:00
[2025-04-21T17:53:51.654-0400] {processor.py:183} INFO - Processing /Users/gaurav/Documents/Breast-Cancer-ML-Pipeline/venv/lib/python3.9/site-packages/airflow/example_dags/example_nested_branch_dag.py took 0.120 seconds
[2025-04-21T17:54:44.369-0400] {processor.py:161} INFO - Started process (PID=89219) to work on /Users/gaurav/Documents/Breast-Cancer-ML-Pipeline/venv/lib/python3.9/site-packages/airflow/example_dags/example_nested_branch_dag.py
[2025-04-21T17:54:44.371-0400] {processor.py:830} INFO - Processing file /Users/gaurav/Documents/Breast-Cancer-ML-Pipeline/venv/lib/python3.9/site-packages/airflow/example_dags/example_nested_branch_dag.py for tasks to queue
[2025-04-21T17:54:44.372-0400] {logging_mixin.py:188} INFO - [2025-04-21T17:54:44.371-0400] {dagbag.py:538} INFO - Filling up the DagBag from /Users/gaurav/Documents/Breast-Cancer-ML-Pipeline/venv/lib/python3.9/site-packages/airflow/example_dags/example_nested_branch_dag.py
[2025-04-21T17:54:44.397-0400] {processor.py:840} INFO - DAG(s) 'example_nested_branch_dag' retrieved from /Users/gaurav/Documents/Breast-Cancer-ML-Pipeline/venv/lib/python3.9/site-packages/airflow/example_dags/example_nested_branch_dag.py
[2025-04-21T17:54:44.450-0400] {logging_mixin.py:188} INFO - [2025-04-21T17:54:44.450-0400] {dag.py:3036} INFO - Sync 1 DAGs
[2025-04-21T17:54:44.461-0400] {logging_mixin.py:188} INFO - [2025-04-21T17:54:44.461-0400] {dag.py:3823} INFO - Setting next_dagrun for example_nested_branch_dag to 2025-04-20 00:00:00+00:00, run_after=2025-04-21 00:00:00+00:00
[2025-04-21T17:54:44.472-0400] {processor.py:183} INFO - Processing /Users/gaurav/Documents/Breast-Cancer-ML-Pipeline/venv/lib/python3.9/site-packages/airflow/example_dags/example_nested_branch_dag.py took 0.104 seconds
