[2025-04-21T16:39:36.116-0400] {processor.py:161} INFO - Started process (PID=83572) to work on /Users/gaurav/Documents/Breast-Cancer-ML-Pipeline/venv/lib/python3.9/site-packages/airflow/example_dags/example_kubernetes_executor.py
[2025-04-21T16:39:36.117-0400] {processor.py:830} INFO - Processing file /Users/gaurav/Documents/Breast-Cancer-ML-Pipeline/venv/lib/python3.9/site-packages/airflow/example_dags/example_kubernetes_executor.py for tasks to queue
[2025-04-21T16:39:36.118-0400] {logging_mixin.py:188} INFO - [2025-04-21T16:39:36.118-0400] {dagbag.py:538} INFO - Filling up the DagBag from /Users/gaurav/Documents/Breast-Cancer-ML-Pipeline/venv/lib/python3.9/site-packages/airflow/example_dags/example_kubernetes_executor.py
[2025-04-21T16:39:36.145-0400] {logging_mixin.py:188} INFO - [2025-04-21T16:39:36.145-0400] {example_kubernetes_executor.py:38} WARNING - The example_kubernetes_executor example DAG requires the kubernetes provider. Please install it with: pip install apache-airflow[cncf.kubernetes]
[2025-04-21T16:39:36.145-0400] {processor.py:842} WARNING - No viable dags retrieved from /Users/gaurav/Documents/Breast-Cancer-ML-Pipeline/venv/lib/python3.9/site-packages/airflow/example_dags/example_kubernetes_executor.py
[2025-04-21T16:39:36.213-0400] {processor.py:183} INFO - Processing /Users/gaurav/Documents/Breast-Cancer-ML-Pipeline/venv/lib/python3.9/site-packages/airflow/example_dags/example_kubernetes_executor.py took 0.097 seconds
[2025-04-21T16:41:24.592-0400] {processor.py:161} INFO - Started process (PID=83667) to work on /Users/gaurav/Documents/Breast-Cancer-ML-Pipeline/venv/lib/python3.9/site-packages/airflow/example_dags/example_kubernetes_executor.py
[2025-04-21T16:41:24.593-0400] {processor.py:830} INFO - Processing file /Users/gaurav/Documents/Breast-Cancer-ML-Pipeline/venv/lib/python3.9/site-packages/airflow/example_dags/example_kubernetes_executor.py for tasks to queue
[2025-04-21T16:41:24.594-0400] {logging_mixin.py:188} INFO - [2025-04-21T16:41:24.594-0400] {dagbag.py:538} INFO - Filling up the DagBag from /Users/gaurav/Documents/Breast-Cancer-ML-Pipeline/venv/lib/python3.9/site-packages/airflow/example_dags/example_kubernetes_executor.py
[2025-04-21T16:41:24.620-0400] {logging_mixin.py:188} INFO - [2025-04-21T16:41:24.620-0400] {example_kubernetes_executor.py:38} WARNING - The example_kubernetes_executor example DAG requires the kubernetes provider. Please install it with: pip install apache-airflow[cncf.kubernetes]
[2025-04-21T16:41:24.620-0400] {processor.py:842} WARNING - No viable dags retrieved from /Users/gaurav/Documents/Breast-Cancer-ML-Pipeline/venv/lib/python3.9/site-packages/airflow/example_dags/example_kubernetes_executor.py
[2025-04-21T16:41:24.672-0400] {processor.py:183} INFO - Processing /Users/gaurav/Documents/Breast-Cancer-ML-Pipeline/venv/lib/python3.9/site-packages/airflow/example_dags/example_kubernetes_executor.py took 0.081 seconds
[2025-04-21T16:44:09.183-0400] {processor.py:161} INFO - Started process (PID=83805) to work on /Users/gaurav/Documents/Breast-Cancer-ML-Pipeline/venv/lib/python3.9/site-packages/airflow/example_dags/example_kubernetes_executor.py
[2025-04-21T16:44:09.185-0400] {processor.py:830} INFO - Processing file /Users/gaurav/Documents/Breast-Cancer-ML-Pipeline/venv/lib/python3.9/site-packages/airflow/example_dags/example_kubernetes_executor.py for tasks to queue
[2025-04-21T16:44:09.186-0400] {logging_mixin.py:188} INFO - [2025-04-21T16:44:09.186-0400] {dagbag.py:538} INFO - Filling up the DagBag from /Users/gaurav/Documents/Breast-Cancer-ML-Pipeline/venv/lib/python3.9/site-packages/airflow/example_dags/example_kubernetes_executor.py
[2025-04-21T16:44:09.213-0400] {logging_mixin.py:188} INFO - [2025-04-21T16:44:09.213-0400] {example_kubernetes_executor.py:38} WARNING - The example_kubernetes_executor example DAG requires the kubernetes provider. Please install it with: pip install apache-airflow[cncf.kubernetes]
[2025-04-21T16:44:09.213-0400] {processor.py:842} WARNING - No viable dags retrieved from /Users/gaurav/Documents/Breast-Cancer-ML-Pipeline/venv/lib/python3.9/site-packages/airflow/example_dags/example_kubernetes_executor.py
[2025-04-21T16:44:09.270-0400] {processor.py:183} INFO - Processing /Users/gaurav/Documents/Breast-Cancer-ML-Pipeline/venv/lib/python3.9/site-packages/airflow/example_dags/example_kubernetes_executor.py took 0.088 seconds
[2025-04-21T16:47:16.113-0400] {processor.py:161} INFO - Started process (PID=84030) to work on /Users/gaurav/Documents/Breast-Cancer-ML-Pipeline/venv/lib/python3.9/site-packages/airflow/example_dags/example_kubernetes_executor.py
[2025-04-21T16:47:16.114-0400] {processor.py:830} INFO - Processing file /Users/gaurav/Documents/Breast-Cancer-ML-Pipeline/venv/lib/python3.9/site-packages/airflow/example_dags/example_kubernetes_executor.py for tasks to queue
[2025-04-21T16:47:16.115-0400] {logging_mixin.py:188} INFO - [2025-04-21T16:47:16.115-0400] {dagbag.py:538} INFO - Filling up the DagBag from /Users/gaurav/Documents/Breast-Cancer-ML-Pipeline/venv/lib/python3.9/site-packages/airflow/example_dags/example_kubernetes_executor.py
[2025-04-21T16:47:16.140-0400] {logging_mixin.py:188} INFO - [2025-04-21T16:47:16.140-0400] {example_kubernetes_executor.py:38} WARNING - The example_kubernetes_executor example DAG requires the kubernetes provider. Please install it with: pip install apache-airflow[cncf.kubernetes]
[2025-04-21T16:47:16.141-0400] {processor.py:842} WARNING - No viable dags retrieved from /Users/gaurav/Documents/Breast-Cancer-ML-Pipeline/venv/lib/python3.9/site-packages/airflow/example_dags/example_kubernetes_executor.py
[2025-04-21T16:47:16.194-0400] {processor.py:183} INFO - Processing /Users/gaurav/Documents/Breast-Cancer-ML-Pipeline/venv/lib/python3.9/site-packages/airflow/example_dags/example_kubernetes_executor.py took 0.081 seconds
[2025-04-21T16:48:29.209-0400] {processor.py:161} INFO - Started process (PID=84112) to work on /Users/gaurav/Documents/Breast-Cancer-ML-Pipeline/venv/lib/python3.9/site-packages/airflow/example_dags/example_kubernetes_executor.py
[2025-04-21T16:48:29.211-0400] {processor.py:830} INFO - Processing file /Users/gaurav/Documents/Breast-Cancer-ML-Pipeline/venv/lib/python3.9/site-packages/airflow/example_dags/example_kubernetes_executor.py for tasks to queue
[2025-04-21T16:48:29.212-0400] {logging_mixin.py:188} INFO - [2025-04-21T16:48:29.212-0400] {dagbag.py:538} INFO - Filling up the DagBag from /Users/gaurav/Documents/Breast-Cancer-ML-Pipeline/venv/lib/python3.9/site-packages/airflow/example_dags/example_kubernetes_executor.py
[2025-04-21T16:48:29.236-0400] {logging_mixin.py:188} INFO - [2025-04-21T16:48:29.236-0400] {example_kubernetes_executor.py:38} WARNING - The example_kubernetes_executor example DAG requires the kubernetes provider. Please install it with: pip install apache-airflow[cncf.kubernetes]
[2025-04-21T16:48:29.236-0400] {processor.py:842} WARNING - No viable dags retrieved from /Users/gaurav/Documents/Breast-Cancer-ML-Pipeline/venv/lib/python3.9/site-packages/airflow/example_dags/example_kubernetes_executor.py
[2025-04-21T16:48:29.289-0400] {processor.py:183} INFO - Processing /Users/gaurav/Documents/Breast-Cancer-ML-Pipeline/venv/lib/python3.9/site-packages/airflow/example_dags/example_kubernetes_executor.py took 0.081 seconds
[2025-04-21T16:49:40.356-0400] {processor.py:161} INFO - Started process (PID=84199) to work on /Users/gaurav/Documents/Breast-Cancer-ML-Pipeline/venv/lib/python3.9/site-packages/airflow/example_dags/example_kubernetes_executor.py
[2025-04-21T16:49:40.358-0400] {processor.py:830} INFO - Processing file /Users/gaurav/Documents/Breast-Cancer-ML-Pipeline/venv/lib/python3.9/site-packages/airflow/example_dags/example_kubernetes_executor.py for tasks to queue
[2025-04-21T16:49:40.358-0400] {logging_mixin.py:188} INFO - [2025-04-21T16:49:40.358-0400] {dagbag.py:538} INFO - Filling up the DagBag from /Users/gaurav/Documents/Breast-Cancer-ML-Pipeline/venv/lib/python3.9/site-packages/airflow/example_dags/example_kubernetes_executor.py
[2025-04-21T16:49:40.383-0400] {logging_mixin.py:188} INFO - [2025-04-21T16:49:40.383-0400] {example_kubernetes_executor.py:38} WARNING - The example_kubernetes_executor example DAG requires the kubernetes provider. Please install it with: pip install apache-airflow[cncf.kubernetes]
[2025-04-21T16:49:40.383-0400] {processor.py:842} WARNING - No viable dags retrieved from /Users/gaurav/Documents/Breast-Cancer-ML-Pipeline/venv/lib/python3.9/site-packages/airflow/example_dags/example_kubernetes_executor.py
[2025-04-21T16:49:40.436-0400] {processor.py:183} INFO - Processing /Users/gaurav/Documents/Breast-Cancer-ML-Pipeline/venv/lib/python3.9/site-packages/airflow/example_dags/example_kubernetes_executor.py took 0.081 seconds
[2025-04-21T16:50:55.387-0400] {processor.py:161} INFO - Started process (PID=84281) to work on /Users/gaurav/Documents/Breast-Cancer-ML-Pipeline/venv/lib/python3.9/site-packages/airflow/example_dags/example_kubernetes_executor.py
[2025-04-21T16:50:55.389-0400] {processor.py:830} INFO - Processing file /Users/gaurav/Documents/Breast-Cancer-ML-Pipeline/venv/lib/python3.9/site-packages/airflow/example_dags/example_kubernetes_executor.py for tasks to queue
[2025-04-21T16:50:55.390-0400] {logging_mixin.py:188} INFO - [2025-04-21T16:50:55.390-0400] {dagbag.py:538} INFO - Filling up the DagBag from /Users/gaurav/Documents/Breast-Cancer-ML-Pipeline/venv/lib/python3.9/site-packages/airflow/example_dags/example_kubernetes_executor.py
[2025-04-21T16:50:55.414-0400] {logging_mixin.py:188} INFO - [2025-04-21T16:50:55.414-0400] {example_kubernetes_executor.py:38} WARNING - The example_kubernetes_executor example DAG requires the kubernetes provider. Please install it with: pip install apache-airflow[cncf.kubernetes]
[2025-04-21T16:50:55.414-0400] {processor.py:842} WARNING - No viable dags retrieved from /Users/gaurav/Documents/Breast-Cancer-ML-Pipeline/venv/lib/python3.9/site-packages/airflow/example_dags/example_kubernetes_executor.py
[2025-04-21T16:50:55.468-0400] {processor.py:183} INFO - Processing /Users/gaurav/Documents/Breast-Cancer-ML-Pipeline/venv/lib/python3.9/site-packages/airflow/example_dags/example_kubernetes_executor.py took 0.082 seconds
[2025-04-21T16:52:19.082-0400] {processor.py:161} INFO - Started process (PID=84372) to work on /Users/gaurav/Documents/Breast-Cancer-ML-Pipeline/venv/lib/python3.9/site-packages/airflow/example_dags/example_kubernetes_executor.py
[2025-04-21T16:52:19.083-0400] {processor.py:830} INFO - Processing file /Users/gaurav/Documents/Breast-Cancer-ML-Pipeline/venv/lib/python3.9/site-packages/airflow/example_dags/example_kubernetes_executor.py for tasks to queue
[2025-04-21T16:52:19.083-0400] {logging_mixin.py:188} INFO - [2025-04-21T16:52:19.083-0400] {dagbag.py:538} INFO - Filling up the DagBag from /Users/gaurav/Documents/Breast-Cancer-ML-Pipeline/venv/lib/python3.9/site-packages/airflow/example_dags/example_kubernetes_executor.py
[2025-04-21T16:52:19.110-0400] {logging_mixin.py:188} INFO - [2025-04-21T16:52:19.110-0400] {example_kubernetes_executor.py:38} WARNING - The example_kubernetes_executor example DAG requires the kubernetes provider. Please install it with: pip install apache-airflow[cncf.kubernetes]
[2025-04-21T16:52:19.110-0400] {processor.py:842} WARNING - No viable dags retrieved from /Users/gaurav/Documents/Breast-Cancer-ML-Pipeline/venv/lib/python3.9/site-packages/airflow/example_dags/example_kubernetes_executor.py
[2025-04-21T16:52:19.167-0400] {processor.py:183} INFO - Processing /Users/gaurav/Documents/Breast-Cancer-ML-Pipeline/venv/lib/python3.9/site-packages/airflow/example_dags/example_kubernetes_executor.py took 0.086 seconds
[2025-04-21T16:53:40.657-0400] {processor.py:161} INFO - Started process (PID=84483) to work on /Users/gaurav/Documents/Breast-Cancer-ML-Pipeline/venv/lib/python3.9/site-packages/airflow/example_dags/example_kubernetes_executor.py
[2025-04-21T16:53:40.659-0400] {processor.py:830} INFO - Processing file /Users/gaurav/Documents/Breast-Cancer-ML-Pipeline/venv/lib/python3.9/site-packages/airflow/example_dags/example_kubernetes_executor.py for tasks to queue
[2025-04-21T16:53:40.660-0400] {logging_mixin.py:188} INFO - [2025-04-21T16:53:40.660-0400] {dagbag.py:538} INFO - Filling up the DagBag from /Users/gaurav/Documents/Breast-Cancer-ML-Pipeline/venv/lib/python3.9/site-packages/airflow/example_dags/example_kubernetes_executor.py
[2025-04-21T16:53:40.686-0400] {logging_mixin.py:188} INFO - [2025-04-21T16:53:40.685-0400] {example_kubernetes_executor.py:38} WARNING - The example_kubernetes_executor example DAG requires the kubernetes provider. Please install it with: pip install apache-airflow[cncf.kubernetes]
[2025-04-21T16:53:40.686-0400] {processor.py:842} WARNING - No viable dags retrieved from /Users/gaurav/Documents/Breast-Cancer-ML-Pipeline/venv/lib/python3.9/site-packages/airflow/example_dags/example_kubernetes_executor.py
[2025-04-21T16:53:40.742-0400] {processor.py:183} INFO - Processing /Users/gaurav/Documents/Breast-Cancer-ML-Pipeline/venv/lib/python3.9/site-packages/airflow/example_dags/example_kubernetes_executor.py took 0.086 seconds
[2025-04-21T16:56:45.987-0400] {processor.py:161} INFO - Started process (PID=84719) to work on /Users/gaurav/Documents/Breast-Cancer-ML-Pipeline/venv/lib/python3.9/site-packages/airflow/example_dags/example_kubernetes_executor.py
[2025-04-21T16:56:45.989-0400] {processor.py:830} INFO - Processing file /Users/gaurav/Documents/Breast-Cancer-ML-Pipeline/venv/lib/python3.9/site-packages/airflow/example_dags/example_kubernetes_executor.py for tasks to queue
[2025-04-21T16:56:45.989-0400] {logging_mixin.py:188} INFO - [2025-04-21T16:56:45.989-0400] {dagbag.py:538} INFO - Filling up the DagBag from /Users/gaurav/Documents/Breast-Cancer-ML-Pipeline/venv/lib/python3.9/site-packages/airflow/example_dags/example_kubernetes_executor.py
[2025-04-21T16:56:46.015-0400] {logging_mixin.py:188} INFO - [2025-04-21T16:56:46.014-0400] {example_kubernetes_executor.py:38} WARNING - The example_kubernetes_executor example DAG requires the kubernetes provider. Please install it with: pip install apache-airflow[cncf.kubernetes]
[2025-04-21T16:56:46.015-0400] {processor.py:842} WARNING - No viable dags retrieved from /Users/gaurav/Documents/Breast-Cancer-ML-Pipeline/venv/lib/python3.9/site-packages/airflow/example_dags/example_kubernetes_executor.py
[2025-04-21T16:56:46.068-0400] {processor.py:183} INFO - Processing /Users/gaurav/Documents/Breast-Cancer-ML-Pipeline/venv/lib/python3.9/site-packages/airflow/example_dags/example_kubernetes_executor.py took 0.082 seconds
[2025-04-21T16:58:10.084-0400] {processor.py:161} INFO - Started process (PID=84828) to work on /Users/gaurav/Documents/Breast-Cancer-ML-Pipeline/venv/lib/python3.9/site-packages/airflow/example_dags/example_kubernetes_executor.py
[2025-04-21T16:58:10.086-0400] {processor.py:830} INFO - Processing file /Users/gaurav/Documents/Breast-Cancer-ML-Pipeline/venv/lib/python3.9/site-packages/airflow/example_dags/example_kubernetes_executor.py for tasks to queue
[2025-04-21T16:58:10.087-0400] {logging_mixin.py:188} INFO - [2025-04-21T16:58:10.087-0400] {dagbag.py:538} INFO - Filling up the DagBag from /Users/gaurav/Documents/Breast-Cancer-ML-Pipeline/venv/lib/python3.9/site-packages/airflow/example_dags/example_kubernetes_executor.py
[2025-04-21T16:58:10.113-0400] {logging_mixin.py:188} INFO - [2025-04-21T16:58:10.113-0400] {example_kubernetes_executor.py:38} WARNING - The example_kubernetes_executor example DAG requires the kubernetes provider. Please install it with: pip install apache-airflow[cncf.kubernetes]
[2025-04-21T16:58:10.113-0400] {processor.py:842} WARNING - No viable dags retrieved from /Users/gaurav/Documents/Breast-Cancer-ML-Pipeline/venv/lib/python3.9/site-packages/airflow/example_dags/example_kubernetes_executor.py
[2025-04-21T16:58:10.171-0400] {processor.py:183} INFO - Processing /Users/gaurav/Documents/Breast-Cancer-ML-Pipeline/venv/lib/python3.9/site-packages/airflow/example_dags/example_kubernetes_executor.py took 0.089 seconds
[2025-04-21T16:59:30.995-0400] {processor.py:161} INFO - Started process (PID=84912) to work on /Users/gaurav/Documents/Breast-Cancer-ML-Pipeline/venv/lib/python3.9/site-packages/airflow/example_dags/example_kubernetes_executor.py
[2025-04-21T16:59:30.997-0400] {processor.py:830} INFO - Processing file /Users/gaurav/Documents/Breast-Cancer-ML-Pipeline/venv/lib/python3.9/site-packages/airflow/example_dags/example_kubernetes_executor.py for tasks to queue
[2025-04-21T16:59:30.998-0400] {logging_mixin.py:188} INFO - [2025-04-21T16:59:30.998-0400] {dagbag.py:538} INFO - Filling up the DagBag from /Users/gaurav/Documents/Breast-Cancer-ML-Pipeline/venv/lib/python3.9/site-packages/airflow/example_dags/example_kubernetes_executor.py
[2025-04-21T16:59:31.024-0400] {logging_mixin.py:188} INFO - [2025-04-21T16:59:31.024-0400] {example_kubernetes_executor.py:38} WARNING - The example_kubernetes_executor example DAG requires the kubernetes provider. Please install it with: pip install apache-airflow[cncf.kubernetes]
[2025-04-21T16:59:31.025-0400] {processor.py:842} WARNING - No viable dags retrieved from /Users/gaurav/Documents/Breast-Cancer-ML-Pipeline/venv/lib/python3.9/site-packages/airflow/example_dags/example_kubernetes_executor.py
[2025-04-21T16:59:31.085-0400] {processor.py:183} INFO - Processing /Users/gaurav/Documents/Breast-Cancer-ML-Pipeline/venv/lib/python3.9/site-packages/airflow/example_dags/example_kubernetes_executor.py took 0.091 seconds
[2025-04-21T17:00:43.208-0400] {processor.py:161} INFO - Started process (PID=85005) to work on /Users/gaurav/Documents/Breast-Cancer-ML-Pipeline/venv/lib/python3.9/site-packages/airflow/example_dags/example_kubernetes_executor.py
[2025-04-21T17:00:43.209-0400] {processor.py:830} INFO - Processing file /Users/gaurav/Documents/Breast-Cancer-ML-Pipeline/venv/lib/python3.9/site-packages/airflow/example_dags/example_kubernetes_executor.py for tasks to queue
[2025-04-21T17:00:43.210-0400] {logging_mixin.py:188} INFO - [2025-04-21T17:00:43.210-0400] {dagbag.py:538} INFO - Filling up the DagBag from /Users/gaurav/Documents/Breast-Cancer-ML-Pipeline/venv/lib/python3.9/site-packages/airflow/example_dags/example_kubernetes_executor.py
[2025-04-21T17:00:43.235-0400] {logging_mixin.py:188} INFO - [2025-04-21T17:00:43.235-0400] {example_kubernetes_executor.py:38} WARNING - The example_kubernetes_executor example DAG requires the kubernetes provider. Please install it with: pip install apache-airflow[cncf.kubernetes]
[2025-04-21T17:00:43.236-0400] {processor.py:842} WARNING - No viable dags retrieved from /Users/gaurav/Documents/Breast-Cancer-ML-Pipeline/venv/lib/python3.9/site-packages/airflow/example_dags/example_kubernetes_executor.py
[2025-04-21T17:00:43.290-0400] {processor.py:183} INFO - Processing /Users/gaurav/Documents/Breast-Cancer-ML-Pipeline/venv/lib/python3.9/site-packages/airflow/example_dags/example_kubernetes_executor.py took 0.083 seconds
[2025-04-21T17:02:06.705-0400] {processor.py:161} INFO - Started process (PID=85106) to work on /Users/gaurav/Documents/Breast-Cancer-ML-Pipeline/venv/lib/python3.9/site-packages/airflow/example_dags/example_kubernetes_executor.py
[2025-04-21T17:02:06.706-0400] {processor.py:830} INFO - Processing file /Users/gaurav/Documents/Breast-Cancer-ML-Pipeline/venv/lib/python3.9/site-packages/airflow/example_dags/example_kubernetes_executor.py for tasks to queue
[2025-04-21T17:02:06.706-0400] {logging_mixin.py:188} INFO - [2025-04-21T17:02:06.706-0400] {dagbag.py:538} INFO - Filling up the DagBag from /Users/gaurav/Documents/Breast-Cancer-ML-Pipeline/venv/lib/python3.9/site-packages/airflow/example_dags/example_kubernetes_executor.py
[2025-04-21T17:02:06.731-0400] {logging_mixin.py:188} INFO - [2025-04-21T17:02:06.731-0400] {example_kubernetes_executor.py:38} WARNING - The example_kubernetes_executor example DAG requires the kubernetes provider. Please install it with: pip install apache-airflow[cncf.kubernetes]
[2025-04-21T17:02:06.731-0400] {processor.py:842} WARNING - No viable dags retrieved from /Users/gaurav/Documents/Breast-Cancer-ML-Pipeline/venv/lib/python3.9/site-packages/airflow/example_dags/example_kubernetes_executor.py
[2025-04-21T17:02:06.783-0400] {processor.py:183} INFO - Processing /Users/gaurav/Documents/Breast-Cancer-ML-Pipeline/venv/lib/python3.9/site-packages/airflow/example_dags/example_kubernetes_executor.py took 0.079 seconds
[2025-04-21T17:03:25.179-0400] {processor.py:161} INFO - Started process (PID=85195) to work on /Users/gaurav/Documents/Breast-Cancer-ML-Pipeline/venv/lib/python3.9/site-packages/airflow/example_dags/example_kubernetes_executor.py
[2025-04-21T17:03:25.181-0400] {processor.py:830} INFO - Processing file /Users/gaurav/Documents/Breast-Cancer-ML-Pipeline/venv/lib/python3.9/site-packages/airflow/example_dags/example_kubernetes_executor.py for tasks to queue
[2025-04-21T17:03:25.182-0400] {logging_mixin.py:188} INFO - [2025-04-21T17:03:25.181-0400] {dagbag.py:538} INFO - Filling up the DagBag from /Users/gaurav/Documents/Breast-Cancer-ML-Pipeline/venv/lib/python3.9/site-packages/airflow/example_dags/example_kubernetes_executor.py
[2025-04-21T17:03:25.206-0400] {logging_mixin.py:188} INFO - [2025-04-21T17:03:25.206-0400] {example_kubernetes_executor.py:38} WARNING - The example_kubernetes_executor example DAG requires the kubernetes provider. Please install it with: pip install apache-airflow[cncf.kubernetes]
[2025-04-21T17:03:25.206-0400] {processor.py:842} WARNING - No viable dags retrieved from /Users/gaurav/Documents/Breast-Cancer-ML-Pipeline/venv/lib/python3.9/site-packages/airflow/example_dags/example_kubernetes_executor.py
[2025-04-21T17:03:25.261-0400] {processor.py:183} INFO - Processing /Users/gaurav/Documents/Breast-Cancer-ML-Pipeline/venv/lib/python3.9/site-packages/airflow/example_dags/example_kubernetes_executor.py took 0.083 seconds
[2025-04-21T17:04:38.154-0400] {processor.py:161} INFO - Started process (PID=85295) to work on /Users/gaurav/Documents/Breast-Cancer-ML-Pipeline/venv/lib/python3.9/site-packages/airflow/example_dags/example_kubernetes_executor.py
[2025-04-21T17:04:38.156-0400] {processor.py:830} INFO - Processing file /Users/gaurav/Documents/Breast-Cancer-ML-Pipeline/venv/lib/python3.9/site-packages/airflow/example_dags/example_kubernetes_executor.py for tasks to queue
[2025-04-21T17:04:38.157-0400] {logging_mixin.py:188} INFO - [2025-04-21T17:04:38.157-0400] {dagbag.py:538} INFO - Filling up the DagBag from /Users/gaurav/Documents/Breast-Cancer-ML-Pipeline/venv/lib/python3.9/site-packages/airflow/example_dags/example_kubernetes_executor.py
[2025-04-21T17:04:38.182-0400] {logging_mixin.py:188} INFO - [2025-04-21T17:04:38.182-0400] {example_kubernetes_executor.py:38} WARNING - The example_kubernetes_executor example DAG requires the kubernetes provider. Please install it with: pip install apache-airflow[cncf.kubernetes]
[2025-04-21T17:04:38.182-0400] {processor.py:842} WARNING - No viable dags retrieved from /Users/gaurav/Documents/Breast-Cancer-ML-Pipeline/venv/lib/python3.9/site-packages/airflow/example_dags/example_kubernetes_executor.py
[2025-04-21T17:04:38.236-0400] {processor.py:183} INFO - Processing /Users/gaurav/Documents/Breast-Cancer-ML-Pipeline/venv/lib/python3.9/site-packages/airflow/example_dags/example_kubernetes_executor.py took 0.083 seconds
[2025-04-21T17:05:48.568-0400] {processor.py:161} INFO - Started process (PID=85371) to work on /Users/gaurav/Documents/Breast-Cancer-ML-Pipeline/venv/lib/python3.9/site-packages/airflow/example_dags/example_kubernetes_executor.py
[2025-04-21T17:05:48.569-0400] {processor.py:830} INFO - Processing file /Users/gaurav/Documents/Breast-Cancer-ML-Pipeline/venv/lib/python3.9/site-packages/airflow/example_dags/example_kubernetes_executor.py for tasks to queue
[2025-04-21T17:05:48.570-0400] {logging_mixin.py:188} INFO - [2025-04-21T17:05:48.570-0400] {dagbag.py:538} INFO - Filling up the DagBag from /Users/gaurav/Documents/Breast-Cancer-ML-Pipeline/venv/lib/python3.9/site-packages/airflow/example_dags/example_kubernetes_executor.py
[2025-04-21T17:05:48.594-0400] {logging_mixin.py:188} INFO - [2025-04-21T17:05:48.594-0400] {example_kubernetes_executor.py:38} WARNING - The example_kubernetes_executor example DAG requires the kubernetes provider. Please install it with: pip install apache-airflow[cncf.kubernetes]
[2025-04-21T17:05:48.595-0400] {processor.py:842} WARNING - No viable dags retrieved from /Users/gaurav/Documents/Breast-Cancer-ML-Pipeline/venv/lib/python3.9/site-packages/airflow/example_dags/example_kubernetes_executor.py
[2025-04-21T17:05:48.647-0400] {processor.py:183} INFO - Processing /Users/gaurav/Documents/Breast-Cancer-ML-Pipeline/venv/lib/python3.9/site-packages/airflow/example_dags/example_kubernetes_executor.py took 0.080 seconds
[2025-04-21T17:07:00.112-0400] {processor.py:161} INFO - Started process (PID=85463) to work on /Users/gaurav/Documents/Breast-Cancer-ML-Pipeline/venv/lib/python3.9/site-packages/airflow/example_dags/example_kubernetes_executor.py
[2025-04-21T17:07:00.113-0400] {processor.py:830} INFO - Processing file /Users/gaurav/Documents/Breast-Cancer-ML-Pipeline/venv/lib/python3.9/site-packages/airflow/example_dags/example_kubernetes_executor.py for tasks to queue
[2025-04-21T17:07:00.113-0400] {logging_mixin.py:188} INFO - [2025-04-21T17:07:00.113-0400] {dagbag.py:538} INFO - Filling up the DagBag from /Users/gaurav/Documents/Breast-Cancer-ML-Pipeline/venv/lib/python3.9/site-packages/airflow/example_dags/example_kubernetes_executor.py
[2025-04-21T17:07:00.137-0400] {logging_mixin.py:188} INFO - [2025-04-21T17:07:00.136-0400] {example_kubernetes_executor.py:38} WARNING - The example_kubernetes_executor example DAG requires the kubernetes provider. Please install it with: pip install apache-airflow[cncf.kubernetes]
[2025-04-21T17:07:00.137-0400] {processor.py:842} WARNING - No viable dags retrieved from /Users/gaurav/Documents/Breast-Cancer-ML-Pipeline/venv/lib/python3.9/site-packages/airflow/example_dags/example_kubernetes_executor.py
[2025-04-21T17:07:00.200-0400] {processor.py:183} INFO - Processing /Users/gaurav/Documents/Breast-Cancer-ML-Pipeline/venv/lib/python3.9/site-packages/airflow/example_dags/example_kubernetes_executor.py took 0.089 seconds
[2025-04-21T17:08:13.257-0400] {processor.py:161} INFO - Started process (PID=85544) to work on /Users/gaurav/Documents/Breast-Cancer-ML-Pipeline/venv/lib/python3.9/site-packages/airflow/example_dags/example_kubernetes_executor.py
[2025-04-21T17:08:13.259-0400] {processor.py:830} INFO - Processing file /Users/gaurav/Documents/Breast-Cancer-ML-Pipeline/venv/lib/python3.9/site-packages/airflow/example_dags/example_kubernetes_executor.py for tasks to queue
[2025-04-21T17:08:13.259-0400] {logging_mixin.py:188} INFO - [2025-04-21T17:08:13.259-0400] {dagbag.py:538} INFO - Filling up the DagBag from /Users/gaurav/Documents/Breast-Cancer-ML-Pipeline/venv/lib/python3.9/site-packages/airflow/example_dags/example_kubernetes_executor.py
[2025-04-21T17:08:13.283-0400] {logging_mixin.py:188} INFO - [2025-04-21T17:08:13.283-0400] {example_kubernetes_executor.py:38} WARNING - The example_kubernetes_executor example DAG requires the kubernetes provider. Please install it with: pip install apache-airflow[cncf.kubernetes]
[2025-04-21T17:08:13.283-0400] {processor.py:842} WARNING - No viable dags retrieved from /Users/gaurav/Documents/Breast-Cancer-ML-Pipeline/venv/lib/python3.9/site-packages/airflow/example_dags/example_kubernetes_executor.py
[2025-04-21T17:08:13.337-0400] {processor.py:183} INFO - Processing /Users/gaurav/Documents/Breast-Cancer-ML-Pipeline/venv/lib/python3.9/site-packages/airflow/example_dags/example_kubernetes_executor.py took 0.081 seconds
[2025-04-21T17:09:26.812-0400] {processor.py:161} INFO - Started process (PID=85623) to work on /Users/gaurav/Documents/Breast-Cancer-ML-Pipeline/venv/lib/python3.9/site-packages/airflow/example_dags/example_kubernetes_executor.py
[2025-04-21T17:09:26.815-0400] {processor.py:830} INFO - Processing file /Users/gaurav/Documents/Breast-Cancer-ML-Pipeline/venv/lib/python3.9/site-packages/airflow/example_dags/example_kubernetes_executor.py for tasks to queue
[2025-04-21T17:09:26.815-0400] {logging_mixin.py:188} INFO - [2025-04-21T17:09:26.815-0400] {dagbag.py:538} INFO - Filling up the DagBag from /Users/gaurav/Documents/Breast-Cancer-ML-Pipeline/venv/lib/python3.9/site-packages/airflow/example_dags/example_kubernetes_executor.py
[2025-04-21T17:09:26.841-0400] {logging_mixin.py:188} INFO - [2025-04-21T17:09:26.840-0400] {example_kubernetes_executor.py:38} WARNING - The example_kubernetes_executor example DAG requires the kubernetes provider. Please install it with: pip install apache-airflow[cncf.kubernetes]
[2025-04-21T17:09:26.841-0400] {processor.py:842} WARNING - No viable dags retrieved from /Users/gaurav/Documents/Breast-Cancer-ML-Pipeline/venv/lib/python3.9/site-packages/airflow/example_dags/example_kubernetes_executor.py
[2025-04-21T17:09:26.893-0400] {processor.py:183} INFO - Processing /Users/gaurav/Documents/Breast-Cancer-ML-Pipeline/venv/lib/python3.9/site-packages/airflow/example_dags/example_kubernetes_executor.py took 0.082 seconds
[2025-04-21T17:10:40.369-0400] {processor.py:161} INFO - Started process (PID=85703) to work on /Users/gaurav/Documents/Breast-Cancer-ML-Pipeline/venv/lib/python3.9/site-packages/airflow/example_dags/example_kubernetes_executor.py
[2025-04-21T17:10:40.373-0400] {processor.py:830} INFO - Processing file /Users/gaurav/Documents/Breast-Cancer-ML-Pipeline/venv/lib/python3.9/site-packages/airflow/example_dags/example_kubernetes_executor.py for tasks to queue
[2025-04-21T17:10:40.373-0400] {logging_mixin.py:188} INFO - [2025-04-21T17:10:40.373-0400] {dagbag.py:538} INFO - Filling up the DagBag from /Users/gaurav/Documents/Breast-Cancer-ML-Pipeline/venv/lib/python3.9/site-packages/airflow/example_dags/example_kubernetes_executor.py
[2025-04-21T17:10:40.399-0400] {logging_mixin.py:188} INFO - [2025-04-21T17:10:40.399-0400] {example_kubernetes_executor.py:38} WARNING - The example_kubernetes_executor example DAG requires the kubernetes provider. Please install it with: pip install apache-airflow[cncf.kubernetes]
[2025-04-21T17:10:40.399-0400] {processor.py:842} WARNING - No viable dags retrieved from /Users/gaurav/Documents/Breast-Cancer-ML-Pipeline/venv/lib/python3.9/site-packages/airflow/example_dags/example_kubernetes_executor.py
[2025-04-21T17:10:40.452-0400] {processor.py:183} INFO - Processing /Users/gaurav/Documents/Breast-Cancer-ML-Pipeline/venv/lib/python3.9/site-packages/airflow/example_dags/example_kubernetes_executor.py took 0.084 seconds
[2025-04-21T17:11:53.842-0400] {processor.py:161} INFO - Started process (PID=85796) to work on /Users/gaurav/Documents/Breast-Cancer-ML-Pipeline/venv/lib/python3.9/site-packages/airflow/example_dags/example_kubernetes_executor.py
[2025-04-21T17:11:53.843-0400] {processor.py:830} INFO - Processing file /Users/gaurav/Documents/Breast-Cancer-ML-Pipeline/venv/lib/python3.9/site-packages/airflow/example_dags/example_kubernetes_executor.py for tasks to queue
[2025-04-21T17:11:53.844-0400] {logging_mixin.py:188} INFO - [2025-04-21T17:11:53.844-0400] {dagbag.py:538} INFO - Filling up the DagBag from /Users/gaurav/Documents/Breast-Cancer-ML-Pipeline/venv/lib/python3.9/site-packages/airflow/example_dags/example_kubernetes_executor.py
[2025-04-21T17:11:53.869-0400] {logging_mixin.py:188} INFO - [2025-04-21T17:11:53.869-0400] {example_kubernetes_executor.py:38} WARNING - The example_kubernetes_executor example DAG requires the kubernetes provider. Please install it with: pip install apache-airflow[cncf.kubernetes]
[2025-04-21T17:11:53.869-0400] {processor.py:842} WARNING - No viable dags retrieved from /Users/gaurav/Documents/Breast-Cancer-ML-Pipeline/venv/lib/python3.9/site-packages/airflow/example_dags/example_kubernetes_executor.py
[2025-04-21T17:11:53.922-0400] {processor.py:183} INFO - Processing /Users/gaurav/Documents/Breast-Cancer-ML-Pipeline/venv/lib/python3.9/site-packages/airflow/example_dags/example_kubernetes_executor.py took 0.081 seconds
[2025-04-21T17:13:07.233-0400] {processor.py:161} INFO - Started process (PID=85876) to work on /Users/gaurav/Documents/Breast-Cancer-ML-Pipeline/venv/lib/python3.9/site-packages/airflow/example_dags/example_kubernetes_executor.py
[2025-04-21T17:13:07.235-0400] {processor.py:830} INFO - Processing file /Users/gaurav/Documents/Breast-Cancer-ML-Pipeline/venv/lib/python3.9/site-packages/airflow/example_dags/example_kubernetes_executor.py for tasks to queue
[2025-04-21T17:13:07.235-0400] {logging_mixin.py:188} INFO - [2025-04-21T17:13:07.235-0400] {dagbag.py:538} INFO - Filling up the DagBag from /Users/gaurav/Documents/Breast-Cancer-ML-Pipeline/venv/lib/python3.9/site-packages/airflow/example_dags/example_kubernetes_executor.py
[2025-04-21T17:13:07.258-0400] {logging_mixin.py:188} INFO - [2025-04-21T17:13:07.258-0400] {example_kubernetes_executor.py:38} WARNING - The example_kubernetes_executor example DAG requires the kubernetes provider. Please install it with: pip install apache-airflow[cncf.kubernetes]
[2025-04-21T17:13:07.259-0400] {processor.py:842} WARNING - No viable dags retrieved from /Users/gaurav/Documents/Breast-Cancer-ML-Pipeline/venv/lib/python3.9/site-packages/airflow/example_dags/example_kubernetes_executor.py
[2025-04-21T17:13:07.312-0400] {processor.py:183} INFO - Processing /Users/gaurav/Documents/Breast-Cancer-ML-Pipeline/venv/lib/python3.9/site-packages/airflow/example_dags/example_kubernetes_executor.py took 0.080 seconds
[2025-04-21T17:14:22.320-0400] {processor.py:161} INFO - Started process (PID=85976) to work on /Users/gaurav/Documents/Breast-Cancer-ML-Pipeline/venv/lib/python3.9/site-packages/airflow/example_dags/example_kubernetes_executor.py
[2025-04-21T17:14:22.322-0400] {processor.py:830} INFO - Processing file /Users/gaurav/Documents/Breast-Cancer-ML-Pipeline/venv/lib/python3.9/site-packages/airflow/example_dags/example_kubernetes_executor.py for tasks to queue
[2025-04-21T17:14:22.322-0400] {logging_mixin.py:188} INFO - [2025-04-21T17:14:22.322-0400] {dagbag.py:538} INFO - Filling up the DagBag from /Users/gaurav/Documents/Breast-Cancer-ML-Pipeline/venv/lib/python3.9/site-packages/airflow/example_dags/example_kubernetes_executor.py
[2025-04-21T17:14:22.346-0400] {logging_mixin.py:188} INFO - [2025-04-21T17:14:22.346-0400] {example_kubernetes_executor.py:38} WARNING - The example_kubernetes_executor example DAG requires the kubernetes provider. Please install it with: pip install apache-airflow[cncf.kubernetes]
[2025-04-21T17:14:22.346-0400] {processor.py:842} WARNING - No viable dags retrieved from /Users/gaurav/Documents/Breast-Cancer-ML-Pipeline/venv/lib/python3.9/site-packages/airflow/example_dags/example_kubernetes_executor.py
[2025-04-21T17:14:22.398-0400] {processor.py:183} INFO - Processing /Users/gaurav/Documents/Breast-Cancer-ML-Pipeline/venv/lib/python3.9/site-packages/airflow/example_dags/example_kubernetes_executor.py took 0.079 seconds
[2025-04-21T17:15:34.171-0400] {processor.py:161} INFO - Started process (PID=86061) to work on /Users/gaurav/Documents/Breast-Cancer-ML-Pipeline/venv/lib/python3.9/site-packages/airflow/example_dags/example_kubernetes_executor.py
[2025-04-21T17:15:34.174-0400] {processor.py:830} INFO - Processing file /Users/gaurav/Documents/Breast-Cancer-ML-Pipeline/venv/lib/python3.9/site-packages/airflow/example_dags/example_kubernetes_executor.py for tasks to queue
[2025-04-21T17:15:34.174-0400] {logging_mixin.py:188} INFO - [2025-04-21T17:15:34.174-0400] {dagbag.py:538} INFO - Filling up the DagBag from /Users/gaurav/Documents/Breast-Cancer-ML-Pipeline/venv/lib/python3.9/site-packages/airflow/example_dags/example_kubernetes_executor.py
[2025-04-21T17:15:34.198-0400] {logging_mixin.py:188} INFO - [2025-04-21T17:15:34.198-0400] {example_kubernetes_executor.py:38} WARNING - The example_kubernetes_executor example DAG requires the kubernetes provider. Please install it with: pip install apache-airflow[cncf.kubernetes]
[2025-04-21T17:15:34.199-0400] {processor.py:842} WARNING - No viable dags retrieved from /Users/gaurav/Documents/Breast-Cancer-ML-Pipeline/venv/lib/python3.9/site-packages/airflow/example_dags/example_kubernetes_executor.py
[2025-04-21T17:15:34.251-0400] {processor.py:183} INFO - Processing /Users/gaurav/Documents/Breast-Cancer-ML-Pipeline/venv/lib/python3.9/site-packages/airflow/example_dags/example_kubernetes_executor.py took 0.080 seconds
[2025-04-21T17:16:47.613-0400] {processor.py:161} INFO - Started process (PID=86147) to work on /Users/gaurav/Documents/Breast-Cancer-ML-Pipeline/venv/lib/python3.9/site-packages/airflow/example_dags/example_kubernetes_executor.py
[2025-04-21T17:16:47.615-0400] {processor.py:830} INFO - Processing file /Users/gaurav/Documents/Breast-Cancer-ML-Pipeline/venv/lib/python3.9/site-packages/airflow/example_dags/example_kubernetes_executor.py for tasks to queue
[2025-04-21T17:16:47.615-0400] {logging_mixin.py:188} INFO - [2025-04-21T17:16:47.615-0400] {dagbag.py:538} INFO - Filling up the DagBag from /Users/gaurav/Documents/Breast-Cancer-ML-Pipeline/venv/lib/python3.9/site-packages/airflow/example_dags/example_kubernetes_executor.py
[2025-04-21T17:16:47.639-0400] {logging_mixin.py:188} INFO - [2025-04-21T17:16:47.639-0400] {example_kubernetes_executor.py:38} WARNING - The example_kubernetes_executor example DAG requires the kubernetes provider. Please install it with: pip install apache-airflow[cncf.kubernetes]
[2025-04-21T17:16:47.640-0400] {processor.py:842} WARNING - No viable dags retrieved from /Users/gaurav/Documents/Breast-Cancer-ML-Pipeline/venv/lib/python3.9/site-packages/airflow/example_dags/example_kubernetes_executor.py
[2025-04-21T17:16:47.692-0400] {processor.py:183} INFO - Processing /Users/gaurav/Documents/Breast-Cancer-ML-Pipeline/venv/lib/python3.9/site-packages/airflow/example_dags/example_kubernetes_executor.py took 0.080 seconds
[2025-04-21T17:18:02.097-0400] {processor.py:161} INFO - Started process (PID=86249) to work on /Users/gaurav/Documents/Breast-Cancer-ML-Pipeline/venv/lib/python3.9/site-packages/airflow/example_dags/example_kubernetes_executor.py
[2025-04-21T17:18:02.099-0400] {processor.py:830} INFO - Processing file /Users/gaurav/Documents/Breast-Cancer-ML-Pipeline/venv/lib/python3.9/site-packages/airflow/example_dags/example_kubernetes_executor.py for tasks to queue
[2025-04-21T17:18:02.099-0400] {logging_mixin.py:188} INFO - [2025-04-21T17:18:02.099-0400] {dagbag.py:538} INFO - Filling up the DagBag from /Users/gaurav/Documents/Breast-Cancer-ML-Pipeline/venv/lib/python3.9/site-packages/airflow/example_dags/example_kubernetes_executor.py
[2025-04-21T17:18:02.124-0400] {logging_mixin.py:188} INFO - [2025-04-21T17:18:02.124-0400] {example_kubernetes_executor.py:38} WARNING - The example_kubernetes_executor example DAG requires the kubernetes provider. Please install it with: pip install apache-airflow[cncf.kubernetes]
[2025-04-21T17:18:02.125-0400] {processor.py:842} WARNING - No viable dags retrieved from /Users/gaurav/Documents/Breast-Cancer-ML-Pipeline/venv/lib/python3.9/site-packages/airflow/example_dags/example_kubernetes_executor.py
[2025-04-21T17:18:02.177-0400] {processor.py:183} INFO - Processing /Users/gaurav/Documents/Breast-Cancer-ML-Pipeline/venv/lib/python3.9/site-packages/airflow/example_dags/example_kubernetes_executor.py took 0.081 seconds
[2025-04-21T17:19:18.414-0400] {processor.py:161} INFO - Started process (PID=86346) to work on /Users/gaurav/Documents/Breast-Cancer-ML-Pipeline/venv/lib/python3.9/site-packages/airflow/example_dags/example_kubernetes_executor.py
[2025-04-21T17:19:18.416-0400] {processor.py:830} INFO - Processing file /Users/gaurav/Documents/Breast-Cancer-ML-Pipeline/venv/lib/python3.9/site-packages/airflow/example_dags/example_kubernetes_executor.py for tasks to queue
[2025-04-21T17:19:18.416-0400] {logging_mixin.py:188} INFO - [2025-04-21T17:19:18.416-0400] {dagbag.py:538} INFO - Filling up the DagBag from /Users/gaurav/Documents/Breast-Cancer-ML-Pipeline/venv/lib/python3.9/site-packages/airflow/example_dags/example_kubernetes_executor.py
[2025-04-21T17:19:18.441-0400] {logging_mixin.py:188} INFO - [2025-04-21T17:19:18.441-0400] {example_kubernetes_executor.py:38} WARNING - The example_kubernetes_executor example DAG requires the kubernetes provider. Please install it with: pip install apache-airflow[cncf.kubernetes]
[2025-04-21T17:19:18.441-0400] {processor.py:842} WARNING - No viable dags retrieved from /Users/gaurav/Documents/Breast-Cancer-ML-Pipeline/venv/lib/python3.9/site-packages/airflow/example_dags/example_kubernetes_executor.py
[2025-04-21T17:19:18.496-0400] {processor.py:183} INFO - Processing /Users/gaurav/Documents/Breast-Cancer-ML-Pipeline/venv/lib/python3.9/site-packages/airflow/example_dags/example_kubernetes_executor.py took 0.083 seconds
[2025-04-21T17:22:22.699-0400] {processor.py:161} INFO - Started process (PID=86540) to work on /Users/gaurav/Documents/Breast-Cancer-ML-Pipeline/venv/lib/python3.9/site-packages/airflow/example_dags/example_kubernetes_executor.py
[2025-04-21T17:22:22.701-0400] {processor.py:830} INFO - Processing file /Users/gaurav/Documents/Breast-Cancer-ML-Pipeline/venv/lib/python3.9/site-packages/airflow/example_dags/example_kubernetes_executor.py for tasks to queue
[2025-04-21T17:22:22.702-0400] {logging_mixin.py:188} INFO - [2025-04-21T17:22:22.701-0400] {dagbag.py:538} INFO - Filling up the DagBag from /Users/gaurav/Documents/Breast-Cancer-ML-Pipeline/venv/lib/python3.9/site-packages/airflow/example_dags/example_kubernetes_executor.py
[2025-04-21T17:22:22.726-0400] {logging_mixin.py:188} INFO - [2025-04-21T17:22:22.726-0400] {example_kubernetes_executor.py:38} WARNING - The example_kubernetes_executor example DAG requires the kubernetes provider. Please install it with: pip install apache-airflow[cncf.kubernetes]
[2025-04-21T17:22:22.726-0400] {processor.py:842} WARNING - No viable dags retrieved from /Users/gaurav/Documents/Breast-Cancer-ML-Pipeline/venv/lib/python3.9/site-packages/airflow/example_dags/example_kubernetes_executor.py
[2025-04-21T17:22:22.779-0400] {processor.py:183} INFO - Processing /Users/gaurav/Documents/Breast-Cancer-ML-Pipeline/venv/lib/python3.9/site-packages/airflow/example_dags/example_kubernetes_executor.py took 0.081 seconds
[2025-04-21T17:23:54.517-0400] {processor.py:161} INFO - Started process (PID=86649) to work on /Users/gaurav/Documents/Breast-Cancer-ML-Pipeline/venv/lib/python3.9/site-packages/airflow/example_dags/example_kubernetes_executor.py
[2025-04-21T17:23:54.519-0400] {processor.py:830} INFO - Processing file /Users/gaurav/Documents/Breast-Cancer-ML-Pipeline/venv/lib/python3.9/site-packages/airflow/example_dags/example_kubernetes_executor.py for tasks to queue
[2025-04-21T17:23:54.519-0400] {logging_mixin.py:188} INFO - [2025-04-21T17:23:54.519-0400] {dagbag.py:538} INFO - Filling up the DagBag from /Users/gaurav/Documents/Breast-Cancer-ML-Pipeline/venv/lib/python3.9/site-packages/airflow/example_dags/example_kubernetes_executor.py
[2025-04-21T17:23:54.543-0400] {logging_mixin.py:188} INFO - [2025-04-21T17:23:54.543-0400] {example_kubernetes_executor.py:38} WARNING - The example_kubernetes_executor example DAG requires the kubernetes provider. Please install it with: pip install apache-airflow[cncf.kubernetes]
[2025-04-21T17:23:54.543-0400] {processor.py:842} WARNING - No viable dags retrieved from /Users/gaurav/Documents/Breast-Cancer-ML-Pipeline/venv/lib/python3.9/site-packages/airflow/example_dags/example_kubernetes_executor.py
[2025-04-21T17:23:54.595-0400] {processor.py:183} INFO - Processing /Users/gaurav/Documents/Breast-Cancer-ML-Pipeline/venv/lib/python3.9/site-packages/airflow/example_dags/example_kubernetes_executor.py took 0.080 seconds
[2025-04-21T17:25:11.040-0400] {processor.py:161} INFO - Started process (PID=86729) to work on /Users/gaurav/Documents/Breast-Cancer-ML-Pipeline/venv/lib/python3.9/site-packages/airflow/example_dags/example_kubernetes_executor.py
[2025-04-21T17:25:11.042-0400] {processor.py:830} INFO - Processing file /Users/gaurav/Documents/Breast-Cancer-ML-Pipeline/venv/lib/python3.9/site-packages/airflow/example_dags/example_kubernetes_executor.py for tasks to queue
[2025-04-21T17:25:11.042-0400] {logging_mixin.py:188} INFO - [2025-04-21T17:25:11.042-0400] {dagbag.py:538} INFO - Filling up the DagBag from /Users/gaurav/Documents/Breast-Cancer-ML-Pipeline/venv/lib/python3.9/site-packages/airflow/example_dags/example_kubernetes_executor.py
[2025-04-21T17:25:11.067-0400] {logging_mixin.py:188} INFO - [2025-04-21T17:25:11.067-0400] {example_kubernetes_executor.py:38} WARNING - The example_kubernetes_executor example DAG requires the kubernetes provider. Please install it with: pip install apache-airflow[cncf.kubernetes]
[2025-04-21T17:25:11.068-0400] {processor.py:842} WARNING - No viable dags retrieved from /Users/gaurav/Documents/Breast-Cancer-ML-Pipeline/venv/lib/python3.9/site-packages/airflow/example_dags/example_kubernetes_executor.py
[2025-04-21T17:25:11.123-0400] {processor.py:183} INFO - Processing /Users/gaurav/Documents/Breast-Cancer-ML-Pipeline/venv/lib/python3.9/site-packages/airflow/example_dags/example_kubernetes_executor.py took 0.084 seconds
[2025-04-21T17:26:27.053-0400] {processor.py:161} INFO - Started process (PID=86845) to work on /Users/gaurav/Documents/Breast-Cancer-ML-Pipeline/venv/lib/python3.9/site-packages/airflow/example_dags/example_kubernetes_executor.py
[2025-04-21T17:26:27.055-0400] {processor.py:830} INFO - Processing file /Users/gaurav/Documents/Breast-Cancer-ML-Pipeline/venv/lib/python3.9/site-packages/airflow/example_dags/example_kubernetes_executor.py for tasks to queue
[2025-04-21T17:26:27.056-0400] {logging_mixin.py:188} INFO - [2025-04-21T17:26:27.055-0400] {dagbag.py:538} INFO - Filling up the DagBag from /Users/gaurav/Documents/Breast-Cancer-ML-Pipeline/venv/lib/python3.9/site-packages/airflow/example_dags/example_kubernetes_executor.py
[2025-04-21T17:26:27.080-0400] {logging_mixin.py:188} INFO - [2025-04-21T17:26:27.080-0400] {example_kubernetes_executor.py:38} WARNING - The example_kubernetes_executor example DAG requires the kubernetes provider. Please install it with: pip install apache-airflow[cncf.kubernetes]
[2025-04-21T17:26:27.080-0400] {processor.py:842} WARNING - No viable dags retrieved from /Users/gaurav/Documents/Breast-Cancer-ML-Pipeline/venv/lib/python3.9/site-packages/airflow/example_dags/example_kubernetes_executor.py
[2025-04-21T17:26:27.133-0400] {processor.py:183} INFO - Processing /Users/gaurav/Documents/Breast-Cancer-ML-Pipeline/venv/lib/python3.9/site-packages/airflow/example_dags/example_kubernetes_executor.py took 0.080 seconds
[2025-04-21T17:27:47.552-0400] {processor.py:161} INFO - Started process (PID=86964) to work on /Users/gaurav/Documents/Breast-Cancer-ML-Pipeline/venv/lib/python3.9/site-packages/airflow/example_dags/example_kubernetes_executor.py
[2025-04-21T17:27:47.554-0400] {processor.py:830} INFO - Processing file /Users/gaurav/Documents/Breast-Cancer-ML-Pipeline/venv/lib/python3.9/site-packages/airflow/example_dags/example_kubernetes_executor.py for tasks to queue
[2025-04-21T17:27:47.554-0400] {logging_mixin.py:188} INFO - [2025-04-21T17:27:47.554-0400] {dagbag.py:538} INFO - Filling up the DagBag from /Users/gaurav/Documents/Breast-Cancer-ML-Pipeline/venv/lib/python3.9/site-packages/airflow/example_dags/example_kubernetes_executor.py
[2025-04-21T17:27:47.579-0400] {logging_mixin.py:188} INFO - [2025-04-21T17:27:47.578-0400] {example_kubernetes_executor.py:38} WARNING - The example_kubernetes_executor example DAG requires the kubernetes provider. Please install it with: pip install apache-airflow[cncf.kubernetes]
[2025-04-21T17:27:47.579-0400] {processor.py:842} WARNING - No viable dags retrieved from /Users/gaurav/Documents/Breast-Cancer-ML-Pipeline/venv/lib/python3.9/site-packages/airflow/example_dags/example_kubernetes_executor.py
[2025-04-21T17:27:47.632-0400] {processor.py:183} INFO - Processing /Users/gaurav/Documents/Breast-Cancer-ML-Pipeline/venv/lib/python3.9/site-packages/airflow/example_dags/example_kubernetes_executor.py took 0.081 seconds
[2025-04-21T17:29:48.637-0400] {processor.py:161} INFO - Started process (PID=87137) to work on /Users/gaurav/Documents/Breast-Cancer-ML-Pipeline/venv/lib/python3.9/site-packages/airflow/example_dags/example_kubernetes_executor.py
[2025-04-21T17:29:48.638-0400] {processor.py:830} INFO - Processing file /Users/gaurav/Documents/Breast-Cancer-ML-Pipeline/venv/lib/python3.9/site-packages/airflow/example_dags/example_kubernetes_executor.py for tasks to queue
[2025-04-21T17:29:48.639-0400] {logging_mixin.py:188} INFO - [2025-04-21T17:29:48.638-0400] {dagbag.py:538} INFO - Filling up the DagBag from /Users/gaurav/Documents/Breast-Cancer-ML-Pipeline/venv/lib/python3.9/site-packages/airflow/example_dags/example_kubernetes_executor.py
[2025-04-21T17:29:48.664-0400] {logging_mixin.py:188} INFO - [2025-04-21T17:29:48.664-0400] {example_kubernetes_executor.py:38} WARNING - The example_kubernetes_executor example DAG requires the kubernetes provider. Please install it with: pip install apache-airflow[cncf.kubernetes]
[2025-04-21T17:29:48.665-0400] {processor.py:842} WARNING - No viable dags retrieved from /Users/gaurav/Documents/Breast-Cancer-ML-Pipeline/venv/lib/python3.9/site-packages/airflow/example_dags/example_kubernetes_executor.py
[2025-04-21T17:29:48.719-0400] {processor.py:183} INFO - Processing /Users/gaurav/Documents/Breast-Cancer-ML-Pipeline/venv/lib/python3.9/site-packages/airflow/example_dags/example_kubernetes_executor.py took 0.084 seconds
[2025-04-21T17:31:05.566-0400] {processor.py:161} INFO - Started process (PID=87223) to work on /Users/gaurav/Documents/Breast-Cancer-ML-Pipeline/venv/lib/python3.9/site-packages/airflow/example_dags/example_kubernetes_executor.py
[2025-04-21T17:31:05.568-0400] {processor.py:830} INFO - Processing file /Users/gaurav/Documents/Breast-Cancer-ML-Pipeline/venv/lib/python3.9/site-packages/airflow/example_dags/example_kubernetes_executor.py for tasks to queue
[2025-04-21T17:31:05.568-0400] {logging_mixin.py:188} INFO - [2025-04-21T17:31:05.568-0400] {dagbag.py:538} INFO - Filling up the DagBag from /Users/gaurav/Documents/Breast-Cancer-ML-Pipeline/venv/lib/python3.9/site-packages/airflow/example_dags/example_kubernetes_executor.py
[2025-04-21T17:31:05.592-0400] {logging_mixin.py:188} INFO - [2025-04-21T17:31:05.592-0400] {example_kubernetes_executor.py:38} WARNING - The example_kubernetes_executor example DAG requires the kubernetes provider. Please install it with: pip install apache-airflow[cncf.kubernetes]
[2025-04-21T17:31:05.592-0400] {processor.py:842} WARNING - No viable dags retrieved from /Users/gaurav/Documents/Breast-Cancer-ML-Pipeline/venv/lib/python3.9/site-packages/airflow/example_dags/example_kubernetes_executor.py
[2025-04-21T17:31:05.646-0400] {processor.py:183} INFO - Processing /Users/gaurav/Documents/Breast-Cancer-ML-Pipeline/venv/lib/python3.9/site-packages/airflow/example_dags/example_kubernetes_executor.py took 0.080 seconds
[2025-04-21T17:37:34.511-0400] {processor.py:161} INFO - Started process (PID=87720) to work on /Users/gaurav/Documents/Breast-Cancer-ML-Pipeline/venv/lib/python3.9/site-packages/airflow/example_dags/example_kubernetes_executor.py
[2025-04-21T17:37:34.512-0400] {processor.py:830} INFO - Processing file /Users/gaurav/Documents/Breast-Cancer-ML-Pipeline/venv/lib/python3.9/site-packages/airflow/example_dags/example_kubernetes_executor.py for tasks to queue
[2025-04-21T17:37:34.513-0400] {logging_mixin.py:188} INFO - [2025-04-21T17:37:34.512-0400] {dagbag.py:538} INFO - Filling up the DagBag from /Users/gaurav/Documents/Breast-Cancer-ML-Pipeline/venv/lib/python3.9/site-packages/airflow/example_dags/example_kubernetes_executor.py
[2025-04-21T17:37:34.544-0400] {logging_mixin.py:188} INFO - [2025-04-21T17:37:34.544-0400] {example_kubernetes_executor.py:38} WARNING - The example_kubernetes_executor example DAG requires the kubernetes provider. Please install it with: pip install apache-airflow[cncf.kubernetes]
[2025-04-21T17:37:34.545-0400] {processor.py:842} WARNING - No viable dags retrieved from /Users/gaurav/Documents/Breast-Cancer-ML-Pipeline/venv/lib/python3.9/site-packages/airflow/example_dags/example_kubernetes_executor.py
[2025-04-21T17:37:34.603-0400] {processor.py:183} INFO - Processing /Users/gaurav/Documents/Breast-Cancer-ML-Pipeline/venv/lib/python3.9/site-packages/airflow/example_dags/example_kubernetes_executor.py took 0.093 seconds
[2025-04-21T17:40:08.647-0400] {processor.py:161} INFO - Started process (PID=87990) to work on /Users/gaurav/Documents/Breast-Cancer-ML-Pipeline/venv/lib/python3.9/site-packages/airflow/example_dags/example_kubernetes_executor.py
[2025-04-21T17:40:08.648-0400] {processor.py:830} INFO - Processing file /Users/gaurav/Documents/Breast-Cancer-ML-Pipeline/venv/lib/python3.9/site-packages/airflow/example_dags/example_kubernetes_executor.py for tasks to queue
[2025-04-21T17:40:08.649-0400] {logging_mixin.py:188} INFO - [2025-04-21T17:40:08.649-0400] {dagbag.py:538} INFO - Filling up the DagBag from /Users/gaurav/Documents/Breast-Cancer-ML-Pipeline/venv/lib/python3.9/site-packages/airflow/example_dags/example_kubernetes_executor.py
[2025-04-21T17:40:08.673-0400] {logging_mixin.py:188} INFO - [2025-04-21T17:40:08.673-0400] {example_kubernetes_executor.py:38} WARNING - The example_kubernetes_executor example DAG requires the kubernetes provider. Please install it with: pip install apache-airflow[cncf.kubernetes]
[2025-04-21T17:40:08.673-0400] {processor.py:842} WARNING - No viable dags retrieved from /Users/gaurav/Documents/Breast-Cancer-ML-Pipeline/venv/lib/python3.9/site-packages/airflow/example_dags/example_kubernetes_executor.py
[2025-04-21T17:40:08.726-0400] {processor.py:183} INFO - Processing /Users/gaurav/Documents/Breast-Cancer-ML-Pipeline/venv/lib/python3.9/site-packages/airflow/example_dags/example_kubernetes_executor.py took 0.079 seconds
[2025-04-21T17:42:08.220-0400] {processor.py:161} INFO - Started process (PID=88145) to work on /Users/gaurav/Documents/Breast-Cancer-ML-Pipeline/venv/lib/python3.9/site-packages/airflow/example_dags/example_kubernetes_executor.py
[2025-04-21T17:42:08.222-0400] {processor.py:830} INFO - Processing file /Users/gaurav/Documents/Breast-Cancer-ML-Pipeline/venv/lib/python3.9/site-packages/airflow/example_dags/example_kubernetes_executor.py for tasks to queue
[2025-04-21T17:42:08.223-0400] {logging_mixin.py:188} INFO - [2025-04-21T17:42:08.223-0400] {dagbag.py:538} INFO - Filling up the DagBag from /Users/gaurav/Documents/Breast-Cancer-ML-Pipeline/venv/lib/python3.9/site-packages/airflow/example_dags/example_kubernetes_executor.py
[2025-04-21T17:42:08.248-0400] {logging_mixin.py:188} INFO - [2025-04-21T17:42:08.248-0400] {example_kubernetes_executor.py:38} WARNING - The example_kubernetes_executor example DAG requires the kubernetes provider. Please install it with: pip install apache-airflow[cncf.kubernetes]
[2025-04-21T17:42:08.248-0400] {processor.py:842} WARNING - No viable dags retrieved from /Users/gaurav/Documents/Breast-Cancer-ML-Pipeline/venv/lib/python3.9/site-packages/airflow/example_dags/example_kubernetes_executor.py
[2025-04-21T17:42:08.300-0400] {processor.py:183} INFO - Processing /Users/gaurav/Documents/Breast-Cancer-ML-Pipeline/venv/lib/python3.9/site-packages/airflow/example_dags/example_kubernetes_executor.py took 0.080 seconds
[2025-04-21T17:43:19.578-0400] {processor.py:161} INFO - Started process (PID=88224) to work on /Users/gaurav/Documents/Breast-Cancer-ML-Pipeline/venv/lib/python3.9/site-packages/airflow/example_dags/example_kubernetes_executor.py
[2025-04-21T17:43:19.579-0400] {processor.py:830} INFO - Processing file /Users/gaurav/Documents/Breast-Cancer-ML-Pipeline/venv/lib/python3.9/site-packages/airflow/example_dags/example_kubernetes_executor.py for tasks to queue
[2025-04-21T17:43:19.579-0400] {logging_mixin.py:188} INFO - [2025-04-21T17:43:19.579-0400] {dagbag.py:538} INFO - Filling up the DagBag from /Users/gaurav/Documents/Breast-Cancer-ML-Pipeline/venv/lib/python3.9/site-packages/airflow/example_dags/example_kubernetes_executor.py
[2025-04-21T17:43:19.605-0400] {logging_mixin.py:188} INFO - [2025-04-21T17:43:19.604-0400] {example_kubernetes_executor.py:38} WARNING - The example_kubernetes_executor example DAG requires the kubernetes provider. Please install it with: pip install apache-airflow[cncf.kubernetes]
[2025-04-21T17:43:19.605-0400] {processor.py:842} WARNING - No viable dags retrieved from /Users/gaurav/Documents/Breast-Cancer-ML-Pipeline/venv/lib/python3.9/site-packages/airflow/example_dags/example_kubernetes_executor.py
[2025-04-21T17:43:19.657-0400] {processor.py:183} INFO - Processing /Users/gaurav/Documents/Breast-Cancer-ML-Pipeline/venv/lib/python3.9/site-packages/airflow/example_dags/example_kubernetes_executor.py took 0.080 seconds
[2025-04-21T17:44:31.347-0400] {processor.py:161} INFO - Started process (PID=88312) to work on /Users/gaurav/Documents/Breast-Cancer-ML-Pipeline/venv/lib/python3.9/site-packages/airflow/example_dags/example_kubernetes_executor.py
[2025-04-21T17:44:31.349-0400] {processor.py:830} INFO - Processing file /Users/gaurav/Documents/Breast-Cancer-ML-Pipeline/venv/lib/python3.9/site-packages/airflow/example_dags/example_kubernetes_executor.py for tasks to queue
[2025-04-21T17:44:31.349-0400] {logging_mixin.py:188} INFO - [2025-04-21T17:44:31.349-0400] {dagbag.py:538} INFO - Filling up the DagBag from /Users/gaurav/Documents/Breast-Cancer-ML-Pipeline/venv/lib/python3.9/site-packages/airflow/example_dags/example_kubernetes_executor.py
[2025-04-21T17:44:31.377-0400] {logging_mixin.py:188} INFO - [2025-04-21T17:44:31.377-0400] {example_kubernetes_executor.py:38} WARNING - The example_kubernetes_executor example DAG requires the kubernetes provider. Please install it with: pip install apache-airflow[cncf.kubernetes]
[2025-04-21T17:44:31.377-0400] {processor.py:842} WARNING - No viable dags retrieved from /Users/gaurav/Documents/Breast-Cancer-ML-Pipeline/venv/lib/python3.9/site-packages/airflow/example_dags/example_kubernetes_executor.py
[2025-04-21T17:44:31.434-0400] {processor.py:183} INFO - Processing /Users/gaurav/Documents/Breast-Cancer-ML-Pipeline/venv/lib/python3.9/site-packages/airflow/example_dags/example_kubernetes_executor.py took 0.088 seconds
[2025-04-21T17:45:29.164-0400] {processor.py:161} INFO - Started process (PID=88399) to work on /Users/gaurav/Documents/Breast-Cancer-ML-Pipeline/venv/lib/python3.9/site-packages/airflow/example_dags/example_kubernetes_executor.py
[2025-04-21T17:45:29.166-0400] {processor.py:830} INFO - Processing file /Users/gaurav/Documents/Breast-Cancer-ML-Pipeline/venv/lib/python3.9/site-packages/airflow/example_dags/example_kubernetes_executor.py for tasks to queue
[2025-04-21T17:45:29.166-0400] {logging_mixin.py:188} INFO - [2025-04-21T17:45:29.166-0400] {dagbag.py:538} INFO - Filling up the DagBag from /Users/gaurav/Documents/Breast-Cancer-ML-Pipeline/venv/lib/python3.9/site-packages/airflow/example_dags/example_kubernetes_executor.py
[2025-04-21T17:45:29.186-0400] {logging_mixin.py:188} INFO - [2025-04-21T17:45:29.186-0400] {example_kubernetes_executor.py:38} WARNING - The example_kubernetes_executor example DAG requires the kubernetes provider. Please install it with: pip install apache-airflow[cncf.kubernetes]
[2025-04-21T17:45:29.186-0400] {processor.py:842} WARNING - No viable dags retrieved from /Users/gaurav/Documents/Breast-Cancer-ML-Pipeline/venv/lib/python3.9/site-packages/airflow/example_dags/example_kubernetes_executor.py
[2025-04-21T17:45:29.228-0400] {processor.py:183} INFO - Processing /Users/gaurav/Documents/Breast-Cancer-ML-Pipeline/venv/lib/python3.9/site-packages/airflow/example_dags/example_kubernetes_executor.py took 0.065 seconds
[2025-04-21T17:46:24.324-0400] {processor.py:161} INFO - Started process (PID=88535) to work on /Users/gaurav/Documents/Breast-Cancer-ML-Pipeline/venv/lib/python3.9/site-packages/airflow/example_dags/example_kubernetes_executor.py
[2025-04-21T17:46:24.325-0400] {processor.py:830} INFO - Processing file /Users/gaurav/Documents/Breast-Cancer-ML-Pipeline/venv/lib/python3.9/site-packages/airflow/example_dags/example_kubernetes_executor.py for tasks to queue
[2025-04-21T17:46:24.325-0400] {logging_mixin.py:188} INFO - [2025-04-21T17:46:24.325-0400] {dagbag.py:538} INFO - Filling up the DagBag from /Users/gaurav/Documents/Breast-Cancer-ML-Pipeline/venv/lib/python3.9/site-packages/airflow/example_dags/example_kubernetes_executor.py
[2025-04-21T17:46:24.344-0400] {logging_mixin.py:188} INFO - [2025-04-21T17:46:24.344-0400] {example_kubernetes_executor.py:38} WARNING - The example_kubernetes_executor example DAG requires the kubernetes provider. Please install it with: pip install apache-airflow[cncf.kubernetes]
[2025-04-21T17:46:24.344-0400] {processor.py:842} WARNING - No viable dags retrieved from /Users/gaurav/Documents/Breast-Cancer-ML-Pipeline/venv/lib/python3.9/site-packages/airflow/example_dags/example_kubernetes_executor.py
[2025-04-21T17:46:24.386-0400] {processor.py:183} INFO - Processing /Users/gaurav/Documents/Breast-Cancer-ML-Pipeline/venv/lib/python3.9/site-packages/airflow/example_dags/example_kubernetes_executor.py took 0.063 seconds
[2025-04-21T17:47:23.028-0400] {processor.py:161} INFO - Started process (PID=88607) to work on /Users/gaurav/Documents/Breast-Cancer-ML-Pipeline/venv/lib/python3.9/site-packages/airflow/example_dags/example_kubernetes_executor.py
[2025-04-21T17:47:23.029-0400] {processor.py:830} INFO - Processing file /Users/gaurav/Documents/Breast-Cancer-ML-Pipeline/venv/lib/python3.9/site-packages/airflow/example_dags/example_kubernetes_executor.py for tasks to queue
[2025-04-21T17:47:23.029-0400] {logging_mixin.py:188} INFO - [2025-04-21T17:47:23.029-0400] {dagbag.py:538} INFO - Filling up the DagBag from /Users/gaurav/Documents/Breast-Cancer-ML-Pipeline/venv/lib/python3.9/site-packages/airflow/example_dags/example_kubernetes_executor.py
[2025-04-21T17:47:23.048-0400] {logging_mixin.py:188} INFO - [2025-04-21T17:47:23.048-0400] {example_kubernetes_executor.py:38} WARNING - The example_kubernetes_executor example DAG requires the kubernetes provider. Please install it with: pip install apache-airflow[cncf.kubernetes]
[2025-04-21T17:47:23.048-0400] {processor.py:842} WARNING - No viable dags retrieved from /Users/gaurav/Documents/Breast-Cancer-ML-Pipeline/venv/lib/python3.9/site-packages/airflow/example_dags/example_kubernetes_executor.py
[2025-04-21T17:47:23.090-0400] {processor.py:183} INFO - Processing /Users/gaurav/Documents/Breast-Cancer-ML-Pipeline/venv/lib/python3.9/site-packages/airflow/example_dags/example_kubernetes_executor.py took 0.062 seconds
[2025-04-21T17:48:12.324-0400] {processor.py:161} INFO - Started process (PID=88670) to work on /Users/gaurav/Documents/Breast-Cancer-ML-Pipeline/venv/lib/python3.9/site-packages/airflow/example_dags/example_kubernetes_executor.py
[2025-04-21T17:48:12.326-0400] {processor.py:830} INFO - Processing file /Users/gaurav/Documents/Breast-Cancer-ML-Pipeline/venv/lib/python3.9/site-packages/airflow/example_dags/example_kubernetes_executor.py for tasks to queue
[2025-04-21T17:48:12.326-0400] {logging_mixin.py:188} INFO - [2025-04-21T17:48:12.326-0400] {dagbag.py:538} INFO - Filling up the DagBag from /Users/gaurav/Documents/Breast-Cancer-ML-Pipeline/venv/lib/python3.9/site-packages/airflow/example_dags/example_kubernetes_executor.py
[2025-04-21T17:48:12.346-0400] {logging_mixin.py:188} INFO - [2025-04-21T17:48:12.346-0400] {example_kubernetes_executor.py:38} WARNING - The example_kubernetes_executor example DAG requires the kubernetes provider. Please install it with: pip install apache-airflow[cncf.kubernetes]
[2025-04-21T17:48:12.346-0400] {processor.py:842} WARNING - No viable dags retrieved from /Users/gaurav/Documents/Breast-Cancer-ML-Pipeline/venv/lib/python3.9/site-packages/airflow/example_dags/example_kubernetes_executor.py
[2025-04-21T17:48:12.390-0400] {processor.py:183} INFO - Processing /Users/gaurav/Documents/Breast-Cancer-ML-Pipeline/venv/lib/python3.9/site-packages/airflow/example_dags/example_kubernetes_executor.py took 0.067 seconds
[2025-04-21T17:49:17.243-0400] {processor.py:161} INFO - Started process (PID=88763) to work on /Users/gaurav/Documents/Breast-Cancer-ML-Pipeline/venv/lib/python3.9/site-packages/airflow/example_dags/example_kubernetes_executor.py
[2025-04-21T17:49:17.245-0400] {processor.py:830} INFO - Processing file /Users/gaurav/Documents/Breast-Cancer-ML-Pipeline/venv/lib/python3.9/site-packages/airflow/example_dags/example_kubernetes_executor.py for tasks to queue
[2025-04-21T17:49:17.245-0400] {logging_mixin.py:188} INFO - [2025-04-21T17:49:17.245-0400] {dagbag.py:538} INFO - Filling up the DagBag from /Users/gaurav/Documents/Breast-Cancer-ML-Pipeline/venv/lib/python3.9/site-packages/airflow/example_dags/example_kubernetes_executor.py
[2025-04-21T17:49:17.263-0400] {logging_mixin.py:188} INFO - [2025-04-21T17:49:17.263-0400] {example_kubernetes_executor.py:38} WARNING - The example_kubernetes_executor example DAG requires the kubernetes provider. Please install it with: pip install apache-airflow[cncf.kubernetes]
[2025-04-21T17:49:17.264-0400] {processor.py:842} WARNING - No viable dags retrieved from /Users/gaurav/Documents/Breast-Cancer-ML-Pipeline/venv/lib/python3.9/site-packages/airflow/example_dags/example_kubernetes_executor.py
[2025-04-21T17:49:17.304-0400] {processor.py:183} INFO - Processing /Users/gaurav/Documents/Breast-Cancer-ML-Pipeline/venv/lib/python3.9/site-packages/airflow/example_dags/example_kubernetes_executor.py took 0.061 seconds
[2025-04-21T17:50:27.569-0400] {processor.py:161} INFO - Started process (PID=88864) to work on /Users/gaurav/Documents/Breast-Cancer-ML-Pipeline/venv/lib/python3.9/site-packages/airflow/example_dags/example_kubernetes_executor.py
[2025-04-21T17:50:27.571-0400] {processor.py:830} INFO - Processing file /Users/gaurav/Documents/Breast-Cancer-ML-Pipeline/venv/lib/python3.9/site-packages/airflow/example_dags/example_kubernetes_executor.py for tasks to queue
[2025-04-21T17:50:27.571-0400] {logging_mixin.py:188} INFO - [2025-04-21T17:50:27.571-0400] {dagbag.py:538} INFO - Filling up the DagBag from /Users/gaurav/Documents/Breast-Cancer-ML-Pipeline/venv/lib/python3.9/site-packages/airflow/example_dags/example_kubernetes_executor.py
[2025-04-21T17:50:27.591-0400] {logging_mixin.py:188} INFO - [2025-04-21T17:50:27.591-0400] {example_kubernetes_executor.py:38} WARNING - The example_kubernetes_executor example DAG requires the kubernetes provider. Please install it with: pip install apache-airflow[cncf.kubernetes]
[2025-04-21T17:50:27.591-0400] {processor.py:842} WARNING - No viable dags retrieved from /Users/gaurav/Documents/Breast-Cancer-ML-Pipeline/venv/lib/python3.9/site-packages/airflow/example_dags/example_kubernetes_executor.py
[2025-04-21T17:50:27.636-0400] {processor.py:183} INFO - Processing /Users/gaurav/Documents/Breast-Cancer-ML-Pipeline/venv/lib/python3.9/site-packages/airflow/example_dags/example_kubernetes_executor.py took 0.068 seconds
[2025-04-21T17:51:21.441-0400] {processor.py:161} INFO - Started process (PID=88935) to work on /Users/gaurav/Documents/Breast-Cancer-ML-Pipeline/venv/lib/python3.9/site-packages/airflow/example_dags/example_kubernetes_executor.py
[2025-04-21T17:51:21.443-0400] {processor.py:830} INFO - Processing file /Users/gaurav/Documents/Breast-Cancer-ML-Pipeline/venv/lib/python3.9/site-packages/airflow/example_dags/example_kubernetes_executor.py for tasks to queue
[2025-04-21T17:51:21.443-0400] {logging_mixin.py:188} INFO - [2025-04-21T17:51:21.443-0400] {dagbag.py:538} INFO - Filling up the DagBag from /Users/gaurav/Documents/Breast-Cancer-ML-Pipeline/venv/lib/python3.9/site-packages/airflow/example_dags/example_kubernetes_executor.py
[2025-04-21T17:51:21.463-0400] {logging_mixin.py:188} INFO - [2025-04-21T17:51:21.463-0400] {example_kubernetes_executor.py:38} WARNING - The example_kubernetes_executor example DAG requires the kubernetes provider. Please install it with: pip install apache-airflow[cncf.kubernetes]
[2025-04-21T17:51:21.463-0400] {processor.py:842} WARNING - No viable dags retrieved from /Users/gaurav/Documents/Breast-Cancer-ML-Pipeline/venv/lib/python3.9/site-packages/airflow/example_dags/example_kubernetes_executor.py
[2025-04-21T17:51:21.505-0400] {processor.py:183} INFO - Processing /Users/gaurav/Documents/Breast-Cancer-ML-Pipeline/venv/lib/python3.9/site-packages/airflow/example_dags/example_kubernetes_executor.py took 0.064 seconds
[2025-04-21T17:52:37.265-0400] {processor.py:161} INFO - Started process (PID=89038) to work on /Users/gaurav/Documents/Breast-Cancer-ML-Pipeline/venv/lib/python3.9/site-packages/airflow/example_dags/example_kubernetes_executor.py
[2025-04-21T17:52:37.267-0400] {processor.py:830} INFO - Processing file /Users/gaurav/Documents/Breast-Cancer-ML-Pipeline/venv/lib/python3.9/site-packages/airflow/example_dags/example_kubernetes_executor.py for tasks to queue
[2025-04-21T17:52:37.268-0400] {logging_mixin.py:188} INFO - [2025-04-21T17:52:37.267-0400] {dagbag.py:538} INFO - Filling up the DagBag from /Users/gaurav/Documents/Breast-Cancer-ML-Pipeline/venv/lib/python3.9/site-packages/airflow/example_dags/example_kubernetes_executor.py
[2025-04-21T17:52:37.287-0400] {logging_mixin.py:188} INFO - [2025-04-21T17:52:37.286-0400] {example_kubernetes_executor.py:38} WARNING - The example_kubernetes_executor example DAG requires the kubernetes provider. Please install it with: pip install apache-airflow[cncf.kubernetes]
[2025-04-21T17:52:37.287-0400] {processor.py:842} WARNING - No viable dags retrieved from /Users/gaurav/Documents/Breast-Cancer-ML-Pipeline/venv/lib/python3.9/site-packages/airflow/example_dags/example_kubernetes_executor.py
[2025-04-21T17:52:37.328-0400] {processor.py:183} INFO - Processing /Users/gaurav/Documents/Breast-Cancer-ML-Pipeline/venv/lib/python3.9/site-packages/airflow/example_dags/example_kubernetes_executor.py took 0.063 seconds
[2025-04-21T17:53:28.896-0400] {processor.py:161} INFO - Started process (PID=89108) to work on /Users/gaurav/Documents/Breast-Cancer-ML-Pipeline/venv/lib/python3.9/site-packages/airflow/example_dags/example_kubernetes_executor.py
[2025-04-21T17:53:28.898-0400] {processor.py:830} INFO - Processing file /Users/gaurav/Documents/Breast-Cancer-ML-Pipeline/venv/lib/python3.9/site-packages/airflow/example_dags/example_kubernetes_executor.py for tasks to queue
[2025-04-21T17:53:28.898-0400] {logging_mixin.py:188} INFO - [2025-04-21T17:53:28.898-0400] {dagbag.py:538} INFO - Filling up the DagBag from /Users/gaurav/Documents/Breast-Cancer-ML-Pipeline/venv/lib/python3.9/site-packages/airflow/example_dags/example_kubernetes_executor.py
[2025-04-21T17:53:28.918-0400] {logging_mixin.py:188} INFO - [2025-04-21T17:53:28.918-0400] {example_kubernetes_executor.py:38} WARNING - The example_kubernetes_executor example DAG requires the kubernetes provider. Please install it with: pip install apache-airflow[cncf.kubernetes]
[2025-04-21T17:53:28.918-0400] {processor.py:842} WARNING - No viable dags retrieved from /Users/gaurav/Documents/Breast-Cancer-ML-Pipeline/venv/lib/python3.9/site-packages/airflow/example_dags/example_kubernetes_executor.py
[2025-04-21T17:53:28.961-0400] {processor.py:183} INFO - Processing /Users/gaurav/Documents/Breast-Cancer-ML-Pipeline/venv/lib/python3.9/site-packages/airflow/example_dags/example_kubernetes_executor.py took 0.065 seconds
[2025-04-21T17:54:22.011-0400] {processor.py:161} INFO - Started process (PID=89185) to work on /Users/gaurav/Documents/Breast-Cancer-ML-Pipeline/venv/lib/python3.9/site-packages/airflow/example_dags/example_kubernetes_executor.py
[2025-04-21T17:54:22.012-0400] {processor.py:830} INFO - Processing file /Users/gaurav/Documents/Breast-Cancer-ML-Pipeline/venv/lib/python3.9/site-packages/airflow/example_dags/example_kubernetes_executor.py for tasks to queue
[2025-04-21T17:54:22.013-0400] {logging_mixin.py:188} INFO - [2025-04-21T17:54:22.012-0400] {dagbag.py:538} INFO - Filling up the DagBag from /Users/gaurav/Documents/Breast-Cancer-ML-Pipeline/venv/lib/python3.9/site-packages/airflow/example_dags/example_kubernetes_executor.py
[2025-04-21T17:54:22.034-0400] {logging_mixin.py:188} INFO - [2025-04-21T17:54:22.034-0400] {example_kubernetes_executor.py:38} WARNING - The example_kubernetes_executor example DAG requires the kubernetes provider. Please install it with: pip install apache-airflow[cncf.kubernetes]
[2025-04-21T17:54:22.034-0400] {processor.py:842} WARNING - No viable dags retrieved from /Users/gaurav/Documents/Breast-Cancer-ML-Pipeline/venv/lib/python3.9/site-packages/airflow/example_dags/example_kubernetes_executor.py
[2025-04-21T17:54:22.080-0400] {processor.py:183} INFO - Processing /Users/gaurav/Documents/Breast-Cancer-ML-Pipeline/venv/lib/python3.9/site-packages/airflow/example_dags/example_kubernetes_executor.py took 0.069 seconds
[2025-04-21T17:55:16.900-0400] {processor.py:161} INFO - Started process (PID=89335) to work on /Users/gaurav/Documents/Breast-Cancer-ML-Pipeline/venv/lib/python3.9/site-packages/airflow/example_dags/example_kubernetes_executor.py
[2025-04-21T17:55:16.901-0400] {processor.py:830} INFO - Processing file /Users/gaurav/Documents/Breast-Cancer-ML-Pipeline/venv/lib/python3.9/site-packages/airflow/example_dags/example_kubernetes_executor.py for tasks to queue
[2025-04-21T17:55:16.902-0400] {logging_mixin.py:188} INFO - [2025-04-21T17:55:16.902-0400] {dagbag.py:538} INFO - Filling up the DagBag from /Users/gaurav/Documents/Breast-Cancer-ML-Pipeline/venv/lib/python3.9/site-packages/airflow/example_dags/example_kubernetes_executor.py
[2025-04-21T17:55:16.923-0400] {logging_mixin.py:188} INFO - [2025-04-21T17:55:16.923-0400] {example_kubernetes_executor.py:38} WARNING - The example_kubernetes_executor example DAG requires the kubernetes provider. Please install it with: pip install apache-airflow[cncf.kubernetes]
[2025-04-21T17:55:16.923-0400] {processor.py:842} WARNING - No viable dags retrieved from /Users/gaurav/Documents/Breast-Cancer-ML-Pipeline/venv/lib/python3.9/site-packages/airflow/example_dags/example_kubernetes_executor.py
[2025-04-21T17:55:16.965-0400] {processor.py:183} INFO - Processing /Users/gaurav/Documents/Breast-Cancer-ML-Pipeline/venv/lib/python3.9/site-packages/airflow/example_dags/example_kubernetes_executor.py took 0.065 seconds
