[2025-04-21T16:39:38.602-0400] {processor.py:161} INFO - Started process (PID=83576) to work on /Users/gaurav/Documents/Breast-Cancer-ML-Pipeline/venv/lib/python3.9/site-packages/airflow/example_dags/example_external_task_marker_dag.py
[2025-04-21T16:39:38.603-0400] {processor.py:830} INFO - Processing file /Users/gaurav/Documents/Breast-Cancer-ML-Pipeline/venv/lib/python3.9/site-packages/airflow/example_dags/example_external_task_marker_dag.py for tasks to queue
[2025-04-21T16:39:38.603-0400] {logging_mixin.py:188} INFO - [2025-04-21T16:39:38.603-0400] {dagbag.py:538} INFO - Filling up the DagBag from /Users/gaurav/Documents/Breast-Cancer-ML-Pipeline/venv/lib/python3.9/site-packages/airflow/example_dags/example_external_task_marker_dag.py
[2025-04-21T16:39:38.613-0400] {processor.py:840} INFO - DAG(s) 'example_external_task_marker_child', 'example_external_task_marker_parent' retrieved from /Users/gaurav/Documents/Breast-Cancer-ML-Pipeline/venv/lib/python3.9/site-packages/airflow/example_dags/example_external_task_marker_dag.py
[2025-04-21T16:39:38.741-0400] {logging_mixin.py:188} INFO - [2025-04-21T16:39:38.740-0400] {override.py:1769} INFO - Created Permission View: can read on DAG:example_external_task_marker_child
[2025-04-21T16:39:38.748-0400] {logging_mixin.py:188} INFO - [2025-04-21T16:39:38.747-0400] {override.py:1769} INFO - Created Permission View: can delete on DAG:example_external_task_marker_child
[2025-04-21T16:39:38.752-0400] {logging_mixin.py:188} INFO - [2025-04-21T16:39:38.752-0400] {override.py:1769} INFO - Created Permission View: can edit on DAG:example_external_task_marker_child
[2025-04-21T16:39:38.759-0400] {logging_mixin.py:188} INFO - [2025-04-21T16:39:38.759-0400] {override.py:1769} INFO - Created Permission View: can read on DAG:example_external_task_marker_parent
[2025-04-21T16:39:38.763-0400] {logging_mixin.py:188} INFO - [2025-04-21T16:39:38.763-0400] {override.py:1769} INFO - Created Permission View: can delete on DAG:example_external_task_marker_parent
[2025-04-21T16:39:38.766-0400] {logging_mixin.py:188} INFO - [2025-04-21T16:39:38.766-0400] {override.py:1769} INFO - Created Permission View: can edit on DAG:example_external_task_marker_parent
[2025-04-21T16:39:38.766-0400] {logging_mixin.py:188} INFO - [2025-04-21T16:39:38.766-0400] {dag.py:3036} INFO - Sync 2 DAGs
[2025-04-21T16:39:38.773-0400] {logging_mixin.py:188} INFO - [2025-04-21T16:39:38.773-0400] {dag.py:3058} INFO - Creating ORM DAG for example_external_task_marker_child
[2025-04-21T16:39:38.773-0400] {logging_mixin.py:188} INFO - [2025-04-21T16:39:38.773-0400] {dag.py:3058} INFO - Creating ORM DAG for example_external_task_marker_parent
[2025-04-21T16:39:38.774-0400] {logging_mixin.py:188} INFO - [2025-04-21T16:39:38.774-0400] {dag.py:3823} INFO - Setting next_dagrun for example_external_task_marker_child to None, run_after=None
[2025-04-21T16:39:38.774-0400] {logging_mixin.py:188} INFO - [2025-04-21T16:39:38.774-0400] {dag.py:3823} INFO - Setting next_dagrun for example_external_task_marker_parent to None, run_after=None
[2025-04-21T16:39:38.786-0400] {processor.py:183} INFO - Processing /Users/gaurav/Documents/Breast-Cancer-ML-Pipeline/venv/lib/python3.9/site-packages/airflow/example_dags/example_external_task_marker_dag.py took 0.185 seconds
[2025-04-21T16:42:17.861-0400] {processor.py:161} INFO - Started process (PID=83709) to work on /Users/gaurav/Documents/Breast-Cancer-ML-Pipeline/venv/lib/python3.9/site-packages/airflow/example_dags/example_external_task_marker_dag.py
[2025-04-21T16:42:17.863-0400] {processor.py:830} INFO - Processing file /Users/gaurav/Documents/Breast-Cancer-ML-Pipeline/venv/lib/python3.9/site-packages/airflow/example_dags/example_external_task_marker_dag.py for tasks to queue
[2025-04-21T16:42:17.863-0400] {logging_mixin.py:188} INFO - [2025-04-21T16:42:17.863-0400] {dagbag.py:538} INFO - Filling up the DagBag from /Users/gaurav/Documents/Breast-Cancer-ML-Pipeline/venv/lib/python3.9/site-packages/airflow/example_dags/example_external_task_marker_dag.py
[2025-04-21T16:42:17.872-0400] {processor.py:840} INFO - DAG(s) 'example_external_task_marker_parent', 'example_external_task_marker_child' retrieved from /Users/gaurav/Documents/Breast-Cancer-ML-Pipeline/venv/lib/python3.9/site-packages/airflow/example_dags/example_external_task_marker_dag.py
[2025-04-21T16:42:17.944-0400] {logging_mixin.py:188} INFO - [2025-04-21T16:42:17.944-0400] {dag.py:3036} INFO - Sync 2 DAGs
[2025-04-21T16:42:17.951-0400] {logging_mixin.py:188} INFO - [2025-04-21T16:42:17.951-0400] {dag.py:3823} INFO - Setting next_dagrun for example_external_task_marker_child to None, run_after=None
[2025-04-21T16:42:17.953-0400] {logging_mixin.py:188} INFO - [2025-04-21T16:42:17.953-0400] {dag.py:3823} INFO - Setting next_dagrun for example_external_task_marker_parent to None, run_after=None
[2025-04-21T16:42:17.966-0400] {processor.py:183} INFO - Processing /Users/gaurav/Documents/Breast-Cancer-ML-Pipeline/venv/lib/python3.9/site-packages/airflow/example_dags/example_external_task_marker_dag.py took 0.106 seconds
[2025-04-21T16:45:04.998-0400] {processor.py:161} INFO - Started process (PID=83858) to work on /Users/gaurav/Documents/Breast-Cancer-ML-Pipeline/venv/lib/python3.9/site-packages/airflow/example_dags/example_external_task_marker_dag.py
[2025-04-21T16:45:05.000-0400] {processor.py:830} INFO - Processing file /Users/gaurav/Documents/Breast-Cancer-ML-Pipeline/venv/lib/python3.9/site-packages/airflow/example_dags/example_external_task_marker_dag.py for tasks to queue
[2025-04-21T16:45:05.001-0400] {logging_mixin.py:188} INFO - [2025-04-21T16:45:05.000-0400] {dagbag.py:538} INFO - Filling up the DagBag from /Users/gaurav/Documents/Breast-Cancer-ML-Pipeline/venv/lib/python3.9/site-packages/airflow/example_dags/example_external_task_marker_dag.py
[2025-04-21T16:45:05.010-0400] {processor.py:840} INFO - DAG(s) 'example_external_task_marker_child', 'example_external_task_marker_parent' retrieved from /Users/gaurav/Documents/Breast-Cancer-ML-Pipeline/venv/lib/python3.9/site-packages/airflow/example_dags/example_external_task_marker_dag.py
[2025-04-21T16:45:05.085-0400] {logging_mixin.py:188} INFO - [2025-04-21T16:45:05.085-0400] {dag.py:3036} INFO - Sync 2 DAGs
[2025-04-21T16:45:05.093-0400] {logging_mixin.py:188} INFO - [2025-04-21T16:45:05.092-0400] {dag.py:3823} INFO - Setting next_dagrun for example_external_task_marker_child to None, run_after=None
[2025-04-21T16:45:05.095-0400] {logging_mixin.py:188} INFO - [2025-04-21T16:45:05.094-0400] {dag.py:3823} INFO - Setting next_dagrun for example_external_task_marker_parent to None, run_after=None
[2025-04-21T16:45:05.106-0400] {processor.py:183} INFO - Processing /Users/gaurav/Documents/Breast-Cancer-ML-Pipeline/venv/lib/python3.9/site-packages/airflow/example_dags/example_external_task_marker_dag.py took 0.109 seconds
[2025-04-21T16:47:17.421-0400] {processor.py:161} INFO - Started process (PID=84032) to work on /Users/gaurav/Documents/Breast-Cancer-ML-Pipeline/venv/lib/python3.9/site-packages/airflow/example_dags/example_external_task_marker_dag.py
[2025-04-21T16:47:17.423-0400] {processor.py:830} INFO - Processing file /Users/gaurav/Documents/Breast-Cancer-ML-Pipeline/venv/lib/python3.9/site-packages/airflow/example_dags/example_external_task_marker_dag.py for tasks to queue
[2025-04-21T16:47:17.423-0400] {logging_mixin.py:188} INFO - [2025-04-21T16:47:17.423-0400] {dagbag.py:538} INFO - Filling up the DagBag from /Users/gaurav/Documents/Breast-Cancer-ML-Pipeline/venv/lib/python3.9/site-packages/airflow/example_dags/example_external_task_marker_dag.py
[2025-04-21T16:47:17.432-0400] {processor.py:840} INFO - DAG(s) 'example_external_task_marker_parent', 'example_external_task_marker_child' retrieved from /Users/gaurav/Documents/Breast-Cancer-ML-Pipeline/venv/lib/python3.9/site-packages/airflow/example_dags/example_external_task_marker_dag.py
[2025-04-21T16:47:17.505-0400] {logging_mixin.py:188} INFO - [2025-04-21T16:47:17.505-0400] {dag.py:3036} INFO - Sync 2 DAGs
[2025-04-21T16:47:17.512-0400] {logging_mixin.py:188} INFO - [2025-04-21T16:47:17.512-0400] {dag.py:3823} INFO - Setting next_dagrun for example_external_task_marker_child to None, run_after=None
[2025-04-21T16:47:17.514-0400] {logging_mixin.py:188} INFO - [2025-04-21T16:47:17.514-0400] {dag.py:3823} INFO - Setting next_dagrun for example_external_task_marker_parent to None, run_after=None
[2025-04-21T16:47:17.525-0400] {processor.py:183} INFO - Processing /Users/gaurav/Documents/Breast-Cancer-ML-Pipeline/venv/lib/python3.9/site-packages/airflow/example_dags/example_external_task_marker_dag.py took 0.105 seconds
[2025-04-21T16:48:30.529-0400] {processor.py:161} INFO - Started process (PID=84113) to work on /Users/gaurav/Documents/Breast-Cancer-ML-Pipeline/venv/lib/python3.9/site-packages/airflow/example_dags/example_external_task_marker_dag.py
[2025-04-21T16:48:30.531-0400] {processor.py:830} INFO - Processing file /Users/gaurav/Documents/Breast-Cancer-ML-Pipeline/venv/lib/python3.9/site-packages/airflow/example_dags/example_external_task_marker_dag.py for tasks to queue
[2025-04-21T16:48:30.531-0400] {logging_mixin.py:188} INFO - [2025-04-21T16:48:30.531-0400] {dagbag.py:538} INFO - Filling up the DagBag from /Users/gaurav/Documents/Breast-Cancer-ML-Pipeline/venv/lib/python3.9/site-packages/airflow/example_dags/example_external_task_marker_dag.py
[2025-04-21T16:48:30.540-0400] {processor.py:840} INFO - DAG(s) 'example_external_task_marker_parent', 'example_external_task_marker_child' retrieved from /Users/gaurav/Documents/Breast-Cancer-ML-Pipeline/venv/lib/python3.9/site-packages/airflow/example_dags/example_external_task_marker_dag.py
[2025-04-21T16:48:30.612-0400] {logging_mixin.py:188} INFO - [2025-04-21T16:48:30.612-0400] {dag.py:3036} INFO - Sync 2 DAGs
[2025-04-21T16:48:30.619-0400] {logging_mixin.py:188} INFO - [2025-04-21T16:48:30.619-0400] {dag.py:3823} INFO - Setting next_dagrun for example_external_task_marker_child to None, run_after=None
[2025-04-21T16:48:30.621-0400] {logging_mixin.py:188} INFO - [2025-04-21T16:48:30.621-0400] {dag.py:3823} INFO - Setting next_dagrun for example_external_task_marker_parent to None, run_after=None
[2025-04-21T16:48:30.632-0400] {processor.py:183} INFO - Processing /Users/gaurav/Documents/Breast-Cancer-ML-Pipeline/venv/lib/python3.9/site-packages/airflow/example_dags/example_external_task_marker_dag.py took 0.104 seconds
[2025-04-21T16:49:41.672-0400] {processor.py:161} INFO - Started process (PID=84203) to work on /Users/gaurav/Documents/Breast-Cancer-ML-Pipeline/venv/lib/python3.9/site-packages/airflow/example_dags/example_external_task_marker_dag.py
[2025-04-21T16:49:41.674-0400] {processor.py:830} INFO - Processing file /Users/gaurav/Documents/Breast-Cancer-ML-Pipeline/venv/lib/python3.9/site-packages/airflow/example_dags/example_external_task_marker_dag.py for tasks to queue
[2025-04-21T16:49:41.675-0400] {logging_mixin.py:188} INFO - [2025-04-21T16:49:41.674-0400] {dagbag.py:538} INFO - Filling up the DagBag from /Users/gaurav/Documents/Breast-Cancer-ML-Pipeline/venv/lib/python3.9/site-packages/airflow/example_dags/example_external_task_marker_dag.py
[2025-04-21T16:49:41.683-0400] {processor.py:840} INFO - DAG(s) 'example_external_task_marker_parent', 'example_external_task_marker_child' retrieved from /Users/gaurav/Documents/Breast-Cancer-ML-Pipeline/venv/lib/python3.9/site-packages/airflow/example_dags/example_external_task_marker_dag.py
[2025-04-21T16:49:41.758-0400] {logging_mixin.py:188} INFO - [2025-04-21T16:49:41.757-0400] {dag.py:3036} INFO - Sync 2 DAGs
[2025-04-21T16:49:41.765-0400] {logging_mixin.py:188} INFO - [2025-04-21T16:49:41.764-0400] {dag.py:3823} INFO - Setting next_dagrun for example_external_task_marker_child to None, run_after=None
[2025-04-21T16:49:41.766-0400] {logging_mixin.py:188} INFO - [2025-04-21T16:49:41.766-0400] {dag.py:3823} INFO - Setting next_dagrun for example_external_task_marker_parent to None, run_after=None
[2025-04-21T16:49:41.778-0400] {processor.py:183} INFO - Processing /Users/gaurav/Documents/Breast-Cancer-ML-Pipeline/venv/lib/python3.9/site-packages/airflow/example_dags/example_external_task_marker_dag.py took 0.106 seconds
[2025-04-21T16:50:56.775-0400] {processor.py:161} INFO - Started process (PID=84282) to work on /Users/gaurav/Documents/Breast-Cancer-ML-Pipeline/venv/lib/python3.9/site-packages/airflow/example_dags/example_external_task_marker_dag.py
[2025-04-21T16:50:56.777-0400] {processor.py:830} INFO - Processing file /Users/gaurav/Documents/Breast-Cancer-ML-Pipeline/venv/lib/python3.9/site-packages/airflow/example_dags/example_external_task_marker_dag.py for tasks to queue
[2025-04-21T16:50:56.777-0400] {logging_mixin.py:188} INFO - [2025-04-21T16:50:56.777-0400] {dagbag.py:538} INFO - Filling up the DagBag from /Users/gaurav/Documents/Breast-Cancer-ML-Pipeline/venv/lib/python3.9/site-packages/airflow/example_dags/example_external_task_marker_dag.py
[2025-04-21T16:50:56.786-0400] {processor.py:840} INFO - DAG(s) 'example_external_task_marker_parent', 'example_external_task_marker_child' retrieved from /Users/gaurav/Documents/Breast-Cancer-ML-Pipeline/venv/lib/python3.9/site-packages/airflow/example_dags/example_external_task_marker_dag.py
[2025-04-21T16:50:56.858-0400] {logging_mixin.py:188} INFO - [2025-04-21T16:50:56.857-0400] {dag.py:3036} INFO - Sync 2 DAGs
[2025-04-21T16:50:56.865-0400] {logging_mixin.py:188} INFO - [2025-04-21T16:50:56.864-0400] {dag.py:3823} INFO - Setting next_dagrun for example_external_task_marker_child to None, run_after=None
[2025-04-21T16:50:56.867-0400] {logging_mixin.py:188} INFO - [2025-04-21T16:50:56.866-0400] {dag.py:3823} INFO - Setting next_dagrun for example_external_task_marker_parent to None, run_after=None
[2025-04-21T16:50:56.879-0400] {processor.py:183} INFO - Processing /Users/gaurav/Documents/Breast-Cancer-ML-Pipeline/venv/lib/python3.9/site-packages/airflow/example_dags/example_external_task_marker_dag.py took 0.105 seconds
[2025-04-21T16:52:20.514-0400] {processor.py:161} INFO - Started process (PID=84373) to work on /Users/gaurav/Documents/Breast-Cancer-ML-Pipeline/venv/lib/python3.9/site-packages/airflow/example_dags/example_external_task_marker_dag.py
[2025-04-21T16:52:20.518-0400] {processor.py:830} INFO - Processing file /Users/gaurav/Documents/Breast-Cancer-ML-Pipeline/venv/lib/python3.9/site-packages/airflow/example_dags/example_external_task_marker_dag.py for tasks to queue
[2025-04-21T16:52:20.518-0400] {logging_mixin.py:188} INFO - [2025-04-21T16:52:20.518-0400] {dagbag.py:538} INFO - Filling up the DagBag from /Users/gaurav/Documents/Breast-Cancer-ML-Pipeline/venv/lib/python3.9/site-packages/airflow/example_dags/example_external_task_marker_dag.py
[2025-04-21T16:52:20.527-0400] {processor.py:840} INFO - DAG(s) 'example_external_task_marker_child', 'example_external_task_marker_parent' retrieved from /Users/gaurav/Documents/Breast-Cancer-ML-Pipeline/venv/lib/python3.9/site-packages/airflow/example_dags/example_external_task_marker_dag.py
[2025-04-21T16:52:20.602-0400] {logging_mixin.py:188} INFO - [2025-04-21T16:52:20.602-0400] {dag.py:3036} INFO - Sync 2 DAGs
[2025-04-21T16:52:20.611-0400] {logging_mixin.py:188} INFO - [2025-04-21T16:52:20.611-0400] {dag.py:3823} INFO - Setting next_dagrun for example_external_task_marker_child to None, run_after=None
[2025-04-21T16:52:20.614-0400] {logging_mixin.py:188} INFO - [2025-04-21T16:52:20.614-0400] {dag.py:3823} INFO - Setting next_dagrun for example_external_task_marker_parent to None, run_after=None
[2025-04-21T16:52:20.629-0400] {processor.py:183} INFO - Processing /Users/gaurav/Documents/Breast-Cancer-ML-Pipeline/venv/lib/python3.9/site-packages/airflow/example_dags/example_external_task_marker_dag.py took 0.117 seconds
[2025-04-21T16:53:41.979-0400] {processor.py:161} INFO - Started process (PID=84487) to work on /Users/gaurav/Documents/Breast-Cancer-ML-Pipeline/venv/lib/python3.9/site-packages/airflow/example_dags/example_external_task_marker_dag.py
[2025-04-21T16:53:41.981-0400] {processor.py:830} INFO - Processing file /Users/gaurav/Documents/Breast-Cancer-ML-Pipeline/venv/lib/python3.9/site-packages/airflow/example_dags/example_external_task_marker_dag.py for tasks to queue
[2025-04-21T16:53:41.982-0400] {logging_mixin.py:188} INFO - [2025-04-21T16:53:41.982-0400] {dagbag.py:538} INFO - Filling up the DagBag from /Users/gaurav/Documents/Breast-Cancer-ML-Pipeline/venv/lib/python3.9/site-packages/airflow/example_dags/example_external_task_marker_dag.py
[2025-04-21T16:53:41.991-0400] {processor.py:840} INFO - DAG(s) 'example_external_task_marker_child', 'example_external_task_marker_parent' retrieved from /Users/gaurav/Documents/Breast-Cancer-ML-Pipeline/venv/lib/python3.9/site-packages/airflow/example_dags/example_external_task_marker_dag.py
[2025-04-21T16:53:42.065-0400] {logging_mixin.py:188} INFO - [2025-04-21T16:53:42.065-0400] {dag.py:3036} INFO - Sync 2 DAGs
[2025-04-21T16:53:42.072-0400] {logging_mixin.py:188} INFO - [2025-04-21T16:53:42.072-0400] {dag.py:3823} INFO - Setting next_dagrun for example_external_task_marker_child to None, run_after=None
[2025-04-21T16:53:42.074-0400] {logging_mixin.py:188} INFO - [2025-04-21T16:53:42.074-0400] {dag.py:3823} INFO - Setting next_dagrun for example_external_task_marker_parent to None, run_after=None
[2025-04-21T16:53:42.085-0400] {processor.py:183} INFO - Processing /Users/gaurav/Documents/Breast-Cancer-ML-Pipeline/venv/lib/python3.9/site-packages/airflow/example_dags/example_external_task_marker_dag.py took 0.107 seconds
[2025-04-21T16:56:47.393-0400] {processor.py:161} INFO - Started process (PID=84720) to work on /Users/gaurav/Documents/Breast-Cancer-ML-Pipeline/venv/lib/python3.9/site-packages/airflow/example_dags/example_external_task_marker_dag.py
[2025-04-21T16:56:47.394-0400] {processor.py:830} INFO - Processing file /Users/gaurav/Documents/Breast-Cancer-ML-Pipeline/venv/lib/python3.9/site-packages/airflow/example_dags/example_external_task_marker_dag.py for tasks to queue
[2025-04-21T16:56:47.395-0400] {logging_mixin.py:188} INFO - [2025-04-21T16:56:47.394-0400] {dagbag.py:538} INFO - Filling up the DagBag from /Users/gaurav/Documents/Breast-Cancer-ML-Pipeline/venv/lib/python3.9/site-packages/airflow/example_dags/example_external_task_marker_dag.py
[2025-04-21T16:56:47.404-0400] {processor.py:840} INFO - DAG(s) 'example_external_task_marker_child', 'example_external_task_marker_parent' retrieved from /Users/gaurav/Documents/Breast-Cancer-ML-Pipeline/venv/lib/python3.9/site-packages/airflow/example_dags/example_external_task_marker_dag.py
[2025-04-21T16:56:47.548-0400] {logging_mixin.py:188} INFO - [2025-04-21T16:56:47.548-0400] {dag.py:3036} INFO - Sync 2 DAGs
[2025-04-21T16:56:47.555-0400] {logging_mixin.py:188} INFO - [2025-04-21T16:56:47.555-0400] {dag.py:3823} INFO - Setting next_dagrun for example_external_task_marker_child to None, run_after=None
[2025-04-21T16:56:47.557-0400] {logging_mixin.py:188} INFO - [2025-04-21T16:56:47.557-0400] {dag.py:3823} INFO - Setting next_dagrun for example_external_task_marker_parent to None, run_after=None
[2025-04-21T16:56:47.570-0400] {processor.py:183} INFO - Processing /Users/gaurav/Documents/Breast-Cancer-ML-Pipeline/venv/lib/python3.9/site-packages/airflow/example_dags/example_external_task_marker_dag.py took 0.179 seconds
[2025-04-21T16:58:11.510-0400] {processor.py:161} INFO - Started process (PID=84832) to work on /Users/gaurav/Documents/Breast-Cancer-ML-Pipeline/venv/lib/python3.9/site-packages/airflow/example_dags/example_external_task_marker_dag.py
[2025-04-21T16:58:11.511-0400] {processor.py:830} INFO - Processing file /Users/gaurav/Documents/Breast-Cancer-ML-Pipeline/venv/lib/python3.9/site-packages/airflow/example_dags/example_external_task_marker_dag.py for tasks to queue
[2025-04-21T16:58:11.512-0400] {logging_mixin.py:188} INFO - [2025-04-21T16:58:11.512-0400] {dagbag.py:538} INFO - Filling up the DagBag from /Users/gaurav/Documents/Breast-Cancer-ML-Pipeline/venv/lib/python3.9/site-packages/airflow/example_dags/example_external_task_marker_dag.py
[2025-04-21T16:58:11.521-0400] {processor.py:840} INFO - DAG(s) 'example_external_task_marker_parent', 'example_external_task_marker_child' retrieved from /Users/gaurav/Documents/Breast-Cancer-ML-Pipeline/venv/lib/python3.9/site-packages/airflow/example_dags/example_external_task_marker_dag.py
[2025-04-21T16:58:11.599-0400] {logging_mixin.py:188} INFO - [2025-04-21T16:58:11.599-0400] {dag.py:3036} INFO - Sync 2 DAGs
[2025-04-21T16:58:11.607-0400] {logging_mixin.py:188} INFO - [2025-04-21T16:58:11.607-0400] {dag.py:3823} INFO - Setting next_dagrun for example_external_task_marker_child to None, run_after=None
[2025-04-21T16:58:11.609-0400] {logging_mixin.py:188} INFO - [2025-04-21T16:58:11.609-0400] {dag.py:3823} INFO - Setting next_dagrun for example_external_task_marker_parent to None, run_after=None
[2025-04-21T16:58:11.621-0400] {processor.py:183} INFO - Processing /Users/gaurav/Documents/Breast-Cancer-ML-Pipeline/venv/lib/python3.9/site-packages/airflow/example_dags/example_external_task_marker_dag.py took 0.113 seconds
[2025-04-21T16:59:32.321-0400] {processor.py:161} INFO - Started process (PID=84916) to work on /Users/gaurav/Documents/Breast-Cancer-ML-Pipeline/venv/lib/python3.9/site-packages/airflow/example_dags/example_external_task_marker_dag.py
[2025-04-21T16:59:32.322-0400] {processor.py:830} INFO - Processing file /Users/gaurav/Documents/Breast-Cancer-ML-Pipeline/venv/lib/python3.9/site-packages/airflow/example_dags/example_external_task_marker_dag.py for tasks to queue
[2025-04-21T16:59:32.323-0400] {logging_mixin.py:188} INFO - [2025-04-21T16:59:32.323-0400] {dagbag.py:538} INFO - Filling up the DagBag from /Users/gaurav/Documents/Breast-Cancer-ML-Pipeline/venv/lib/python3.9/site-packages/airflow/example_dags/example_external_task_marker_dag.py
[2025-04-21T16:59:32.332-0400] {processor.py:840} INFO - DAG(s) 'example_external_task_marker_parent', 'example_external_task_marker_child' retrieved from /Users/gaurav/Documents/Breast-Cancer-ML-Pipeline/venv/lib/python3.9/site-packages/airflow/example_dags/example_external_task_marker_dag.py
[2025-04-21T16:59:32.403-0400] {logging_mixin.py:188} INFO - [2025-04-21T16:59:32.403-0400] {dag.py:3036} INFO - Sync 2 DAGs
[2025-04-21T16:59:32.411-0400] {logging_mixin.py:188} INFO - [2025-04-21T16:59:32.410-0400] {dag.py:3823} INFO - Setting next_dagrun for example_external_task_marker_child to None, run_after=None
[2025-04-21T16:59:32.413-0400] {logging_mixin.py:188} INFO - [2025-04-21T16:59:32.412-0400] {dag.py:3823} INFO - Setting next_dagrun for example_external_task_marker_parent to None, run_after=None
[2025-04-21T16:59:32.425-0400] {processor.py:183} INFO - Processing /Users/gaurav/Documents/Breast-Cancer-ML-Pipeline/venv/lib/python3.9/site-packages/airflow/example_dags/example_external_task_marker_dag.py took 0.106 seconds
[2025-04-21T17:00:44.495-0400] {processor.py:161} INFO - Started process (PID=85006) to work on /Users/gaurav/Documents/Breast-Cancer-ML-Pipeline/venv/lib/python3.9/site-packages/airflow/example_dags/example_external_task_marker_dag.py
[2025-04-21T17:00:44.496-0400] {processor.py:830} INFO - Processing file /Users/gaurav/Documents/Breast-Cancer-ML-Pipeline/venv/lib/python3.9/site-packages/airflow/example_dags/example_external_task_marker_dag.py for tasks to queue
[2025-04-21T17:00:44.497-0400] {logging_mixin.py:188} INFO - [2025-04-21T17:00:44.497-0400] {dagbag.py:538} INFO - Filling up the DagBag from /Users/gaurav/Documents/Breast-Cancer-ML-Pipeline/venv/lib/python3.9/site-packages/airflow/example_dags/example_external_task_marker_dag.py
[2025-04-21T17:00:44.506-0400] {processor.py:840} INFO - DAG(s) 'example_external_task_marker_parent', 'example_external_task_marker_child' retrieved from /Users/gaurav/Documents/Breast-Cancer-ML-Pipeline/venv/lib/python3.9/site-packages/airflow/example_dags/example_external_task_marker_dag.py
[2025-04-21T17:00:44.578-0400] {logging_mixin.py:188} INFO - [2025-04-21T17:00:44.577-0400] {dag.py:3036} INFO - Sync 2 DAGs
[2025-04-21T17:00:44.585-0400] {logging_mixin.py:188} INFO - [2025-04-21T17:00:44.584-0400] {dag.py:3823} INFO - Setting next_dagrun for example_external_task_marker_child to None, run_after=None
[2025-04-21T17:00:44.587-0400] {logging_mixin.py:188} INFO - [2025-04-21T17:00:44.586-0400] {dag.py:3823} INFO - Setting next_dagrun for example_external_task_marker_parent to None, run_after=None
[2025-04-21T17:00:44.598-0400] {processor.py:183} INFO - Processing /Users/gaurav/Documents/Breast-Cancer-ML-Pipeline/venv/lib/python3.9/site-packages/airflow/example_dags/example_external_task_marker_dag.py took 0.104 seconds
[2025-04-21T17:02:08.042-0400] {processor.py:161} INFO - Started process (PID=85107) to work on /Users/gaurav/Documents/Breast-Cancer-ML-Pipeline/venv/lib/python3.9/site-packages/airflow/example_dags/example_external_task_marker_dag.py
[2025-04-21T17:02:08.044-0400] {processor.py:830} INFO - Processing file /Users/gaurav/Documents/Breast-Cancer-ML-Pipeline/venv/lib/python3.9/site-packages/airflow/example_dags/example_external_task_marker_dag.py for tasks to queue
[2025-04-21T17:02:08.045-0400] {logging_mixin.py:188} INFO - [2025-04-21T17:02:08.044-0400] {dagbag.py:538} INFO - Filling up the DagBag from /Users/gaurav/Documents/Breast-Cancer-ML-Pipeline/venv/lib/python3.9/site-packages/airflow/example_dags/example_external_task_marker_dag.py
[2025-04-21T17:02:08.054-0400] {processor.py:840} INFO - DAG(s) 'example_external_task_marker_parent', 'example_external_task_marker_child' retrieved from /Users/gaurav/Documents/Breast-Cancer-ML-Pipeline/venv/lib/python3.9/site-packages/airflow/example_dags/example_external_task_marker_dag.py
[2025-04-21T17:02:08.126-0400] {logging_mixin.py:188} INFO - [2025-04-21T17:02:08.126-0400] {dag.py:3036} INFO - Sync 2 DAGs
[2025-04-21T17:02:08.133-0400] {logging_mixin.py:188} INFO - [2025-04-21T17:02:08.133-0400] {dag.py:3823} INFO - Setting next_dagrun for example_external_task_marker_child to None, run_after=None
[2025-04-21T17:02:08.135-0400] {logging_mixin.py:188} INFO - [2025-04-21T17:02:08.135-0400] {dag.py:3823} INFO - Setting next_dagrun for example_external_task_marker_parent to None, run_after=None
[2025-04-21T17:02:08.147-0400] {processor.py:183} INFO - Processing /Users/gaurav/Documents/Breast-Cancer-ML-Pipeline/venv/lib/python3.9/site-packages/airflow/example_dags/example_external_task_marker_dag.py took 0.106 seconds
[2025-04-21T17:03:26.500-0400] {processor.py:161} INFO - Started process (PID=85196) to work on /Users/gaurav/Documents/Breast-Cancer-ML-Pipeline/venv/lib/python3.9/site-packages/airflow/example_dags/example_external_task_marker_dag.py
[2025-04-21T17:03:26.501-0400] {processor.py:830} INFO - Processing file /Users/gaurav/Documents/Breast-Cancer-ML-Pipeline/venv/lib/python3.9/site-packages/airflow/example_dags/example_external_task_marker_dag.py for tasks to queue
[2025-04-21T17:03:26.502-0400] {logging_mixin.py:188} INFO - [2025-04-21T17:03:26.502-0400] {dagbag.py:538} INFO - Filling up the DagBag from /Users/gaurav/Documents/Breast-Cancer-ML-Pipeline/venv/lib/python3.9/site-packages/airflow/example_dags/example_external_task_marker_dag.py
[2025-04-21T17:03:26.511-0400] {processor.py:840} INFO - DAG(s) 'example_external_task_marker_child', 'example_external_task_marker_parent' retrieved from /Users/gaurav/Documents/Breast-Cancer-ML-Pipeline/venv/lib/python3.9/site-packages/airflow/example_dags/example_external_task_marker_dag.py
[2025-04-21T17:03:26.582-0400] {logging_mixin.py:188} INFO - [2025-04-21T17:03:26.581-0400] {dag.py:3036} INFO - Sync 2 DAGs
[2025-04-21T17:03:26.588-0400] {logging_mixin.py:188} INFO - [2025-04-21T17:03:26.588-0400] {dag.py:3823} INFO - Setting next_dagrun for example_external_task_marker_child to None, run_after=None
[2025-04-21T17:03:26.590-0400] {logging_mixin.py:188} INFO - [2025-04-21T17:03:26.590-0400] {dag.py:3823} INFO - Setting next_dagrun for example_external_task_marker_parent to None, run_after=None
[2025-04-21T17:03:26.603-0400] {processor.py:183} INFO - Processing /Users/gaurav/Documents/Breast-Cancer-ML-Pipeline/venv/lib/python3.9/site-packages/airflow/example_dags/example_external_task_marker_dag.py took 0.104 seconds
[2025-04-21T17:04:39.425-0400] {processor.py:161} INFO - Started process (PID=85296) to work on /Users/gaurav/Documents/Breast-Cancer-ML-Pipeline/venv/lib/python3.9/site-packages/airflow/example_dags/example_external_task_marker_dag.py
[2025-04-21T17:04:39.426-0400] {processor.py:830} INFO - Processing file /Users/gaurav/Documents/Breast-Cancer-ML-Pipeline/venv/lib/python3.9/site-packages/airflow/example_dags/example_external_task_marker_dag.py for tasks to queue
[2025-04-21T17:04:39.427-0400] {logging_mixin.py:188} INFO - [2025-04-21T17:04:39.427-0400] {dagbag.py:538} INFO - Filling up the DagBag from /Users/gaurav/Documents/Breast-Cancer-ML-Pipeline/venv/lib/python3.9/site-packages/airflow/example_dags/example_external_task_marker_dag.py
[2025-04-21T17:04:39.436-0400] {processor.py:840} INFO - DAG(s) 'example_external_task_marker_parent', 'example_external_task_marker_child' retrieved from /Users/gaurav/Documents/Breast-Cancer-ML-Pipeline/venv/lib/python3.9/site-packages/airflow/example_dags/example_external_task_marker_dag.py
[2025-04-21T17:04:39.507-0400] {logging_mixin.py:188} INFO - [2025-04-21T17:04:39.506-0400] {dag.py:3036} INFO - Sync 2 DAGs
[2025-04-21T17:04:39.514-0400] {logging_mixin.py:188} INFO - [2025-04-21T17:04:39.513-0400] {dag.py:3823} INFO - Setting next_dagrun for example_external_task_marker_child to None, run_after=None
[2025-04-21T17:04:39.516-0400] {logging_mixin.py:188} INFO - [2025-04-21T17:04:39.515-0400] {dag.py:3823} INFO - Setting next_dagrun for example_external_task_marker_parent to None, run_after=None
[2025-04-21T17:04:39.527-0400] {processor.py:183} INFO - Processing /Users/gaurav/Documents/Breast-Cancer-ML-Pipeline/venv/lib/python3.9/site-packages/airflow/example_dags/example_external_task_marker_dag.py took 0.103 seconds
[2025-04-21T17:05:49.850-0400] {processor.py:161} INFO - Started process (PID=85372) to work on /Users/gaurav/Documents/Breast-Cancer-ML-Pipeline/venv/lib/python3.9/site-packages/airflow/example_dags/example_external_task_marker_dag.py
[2025-04-21T17:05:49.853-0400] {processor.py:830} INFO - Processing file /Users/gaurav/Documents/Breast-Cancer-ML-Pipeline/venv/lib/python3.9/site-packages/airflow/example_dags/example_external_task_marker_dag.py for tasks to queue
[2025-04-21T17:05:49.853-0400] {logging_mixin.py:188} INFO - [2025-04-21T17:05:49.853-0400] {dagbag.py:538} INFO - Filling up the DagBag from /Users/gaurav/Documents/Breast-Cancer-ML-Pipeline/venv/lib/python3.9/site-packages/airflow/example_dags/example_external_task_marker_dag.py
[2025-04-21T17:05:49.862-0400] {processor.py:840} INFO - DAG(s) 'example_external_task_marker_parent', 'example_external_task_marker_child' retrieved from /Users/gaurav/Documents/Breast-Cancer-ML-Pipeline/venv/lib/python3.9/site-packages/airflow/example_dags/example_external_task_marker_dag.py
[2025-04-21T17:05:49.935-0400] {logging_mixin.py:188} INFO - [2025-04-21T17:05:49.935-0400] {dag.py:3036} INFO - Sync 2 DAGs
[2025-04-21T17:05:49.942-0400] {logging_mixin.py:188} INFO - [2025-04-21T17:05:49.942-0400] {dag.py:3823} INFO - Setting next_dagrun for example_external_task_marker_child to None, run_after=None
[2025-04-21T17:05:49.944-0400] {logging_mixin.py:188} INFO - [2025-04-21T17:05:49.944-0400] {dag.py:3823} INFO - Setting next_dagrun for example_external_task_marker_parent to None, run_after=None
[2025-04-21T17:05:49.955-0400] {processor.py:183} INFO - Processing /Users/gaurav/Documents/Breast-Cancer-ML-Pipeline/venv/lib/python3.9/site-packages/airflow/example_dags/example_external_task_marker_dag.py took 0.105 seconds
[2025-04-21T17:07:01.455-0400] {processor.py:161} INFO - Started process (PID=85467) to work on /Users/gaurav/Documents/Breast-Cancer-ML-Pipeline/venv/lib/python3.9/site-packages/airflow/example_dags/example_external_task_marker_dag.py
[2025-04-21T17:07:01.457-0400] {processor.py:830} INFO - Processing file /Users/gaurav/Documents/Breast-Cancer-ML-Pipeline/venv/lib/python3.9/site-packages/airflow/example_dags/example_external_task_marker_dag.py for tasks to queue
[2025-04-21T17:07:01.458-0400] {logging_mixin.py:188} INFO - [2025-04-21T17:07:01.458-0400] {dagbag.py:538} INFO - Filling up the DagBag from /Users/gaurav/Documents/Breast-Cancer-ML-Pipeline/venv/lib/python3.9/site-packages/airflow/example_dags/example_external_task_marker_dag.py
[2025-04-21T17:07:01.467-0400] {processor.py:840} INFO - DAG(s) 'example_external_task_marker_parent', 'example_external_task_marker_child' retrieved from /Users/gaurav/Documents/Breast-Cancer-ML-Pipeline/venv/lib/python3.9/site-packages/airflow/example_dags/example_external_task_marker_dag.py
[2025-04-21T17:07:01.537-0400] {logging_mixin.py:188} INFO - [2025-04-21T17:07:01.537-0400] {dag.py:3036} INFO - Sync 2 DAGs
[2025-04-21T17:07:01.544-0400] {logging_mixin.py:188} INFO - [2025-04-21T17:07:01.544-0400] {dag.py:3823} INFO - Setting next_dagrun for example_external_task_marker_child to None, run_after=None
[2025-04-21T17:07:01.546-0400] {logging_mixin.py:188} INFO - [2025-04-21T17:07:01.545-0400] {dag.py:3823} INFO - Setting next_dagrun for example_external_task_marker_parent to None, run_after=None
[2025-04-21T17:07:01.559-0400] {processor.py:183} INFO - Processing /Users/gaurav/Documents/Breast-Cancer-ML-Pipeline/venv/lib/python3.9/site-packages/airflow/example_dags/example_external_task_marker_dag.py took 0.104 seconds
[2025-04-21T17:08:14.563-0400] {processor.py:161} INFO - Started process (PID=85545) to work on /Users/gaurav/Documents/Breast-Cancer-ML-Pipeline/venv/lib/python3.9/site-packages/airflow/example_dags/example_external_task_marker_dag.py
[2025-04-21T17:08:14.564-0400] {processor.py:830} INFO - Processing file /Users/gaurav/Documents/Breast-Cancer-ML-Pipeline/venv/lib/python3.9/site-packages/airflow/example_dags/example_external_task_marker_dag.py for tasks to queue
[2025-04-21T17:08:14.565-0400] {logging_mixin.py:188} INFO - [2025-04-21T17:08:14.565-0400] {dagbag.py:538} INFO - Filling up the DagBag from /Users/gaurav/Documents/Breast-Cancer-ML-Pipeline/venv/lib/python3.9/site-packages/airflow/example_dags/example_external_task_marker_dag.py
[2025-04-21T17:08:14.573-0400] {processor.py:840} INFO - DAG(s) 'example_external_task_marker_parent', 'example_external_task_marker_child' retrieved from /Users/gaurav/Documents/Breast-Cancer-ML-Pipeline/venv/lib/python3.9/site-packages/airflow/example_dags/example_external_task_marker_dag.py
[2025-04-21T17:08:14.643-0400] {logging_mixin.py:188} INFO - [2025-04-21T17:08:14.643-0400] {dag.py:3036} INFO - Sync 2 DAGs
[2025-04-21T17:08:14.650-0400] {logging_mixin.py:188} INFO - [2025-04-21T17:08:14.650-0400] {dag.py:3823} INFO - Setting next_dagrun for example_external_task_marker_child to None, run_after=None
[2025-04-21T17:08:14.653-0400] {logging_mixin.py:188} INFO - [2025-04-21T17:08:14.652-0400] {dag.py:3823} INFO - Setting next_dagrun for example_external_task_marker_parent to None, run_after=None
[2025-04-21T17:08:14.664-0400] {processor.py:183} INFO - Processing /Users/gaurav/Documents/Breast-Cancer-ML-Pipeline/venv/lib/python3.9/site-packages/airflow/example_dags/example_external_task_marker_dag.py took 0.102 seconds
[2025-04-21T17:09:28.135-0400] {processor.py:161} INFO - Started process (PID=85624) to work on /Users/gaurav/Documents/Breast-Cancer-ML-Pipeline/venv/lib/python3.9/site-packages/airflow/example_dags/example_external_task_marker_dag.py
[2025-04-21T17:09:28.137-0400] {processor.py:830} INFO - Processing file /Users/gaurav/Documents/Breast-Cancer-ML-Pipeline/venv/lib/python3.9/site-packages/airflow/example_dags/example_external_task_marker_dag.py for tasks to queue
[2025-04-21T17:09:28.137-0400] {logging_mixin.py:188} INFO - [2025-04-21T17:09:28.137-0400] {dagbag.py:538} INFO - Filling up the DagBag from /Users/gaurav/Documents/Breast-Cancer-ML-Pipeline/venv/lib/python3.9/site-packages/airflow/example_dags/example_external_task_marker_dag.py
[2025-04-21T17:09:28.146-0400] {processor.py:840} INFO - DAG(s) 'example_external_task_marker_child', 'example_external_task_marker_parent' retrieved from /Users/gaurav/Documents/Breast-Cancer-ML-Pipeline/venv/lib/python3.9/site-packages/airflow/example_dags/example_external_task_marker_dag.py
[2025-04-21T17:09:28.217-0400] {logging_mixin.py:188} INFO - [2025-04-21T17:09:28.217-0400] {dag.py:3036} INFO - Sync 2 DAGs
[2025-04-21T17:09:28.224-0400] {logging_mixin.py:188} INFO - [2025-04-21T17:09:28.224-0400] {dag.py:3823} INFO - Setting next_dagrun for example_external_task_marker_child to None, run_after=None
[2025-04-21T17:09:28.226-0400] {logging_mixin.py:188} INFO - [2025-04-21T17:09:28.226-0400] {dag.py:3823} INFO - Setting next_dagrun for example_external_task_marker_parent to None, run_after=None
[2025-04-21T17:09:28.237-0400] {processor.py:183} INFO - Processing /Users/gaurav/Documents/Breast-Cancer-ML-Pipeline/venv/lib/python3.9/site-packages/airflow/example_dags/example_external_task_marker_dag.py took 0.102 seconds
[2025-04-21T17:10:41.691-0400] {processor.py:161} INFO - Started process (PID=85707) to work on /Users/gaurav/Documents/Breast-Cancer-ML-Pipeline/venv/lib/python3.9/site-packages/airflow/example_dags/example_external_task_marker_dag.py
[2025-04-21T17:10:41.693-0400] {processor.py:830} INFO - Processing file /Users/gaurav/Documents/Breast-Cancer-ML-Pipeline/venv/lib/python3.9/site-packages/airflow/example_dags/example_external_task_marker_dag.py for tasks to queue
[2025-04-21T17:10:41.693-0400] {logging_mixin.py:188} INFO - [2025-04-21T17:10:41.693-0400] {dagbag.py:538} INFO - Filling up the DagBag from /Users/gaurav/Documents/Breast-Cancer-ML-Pipeline/venv/lib/python3.9/site-packages/airflow/example_dags/example_external_task_marker_dag.py
[2025-04-21T17:10:41.702-0400] {processor.py:840} INFO - DAG(s) 'example_external_task_marker_child', 'example_external_task_marker_parent' retrieved from /Users/gaurav/Documents/Breast-Cancer-ML-Pipeline/venv/lib/python3.9/site-packages/airflow/example_dags/example_external_task_marker_dag.py
[2025-04-21T17:10:41.773-0400] {logging_mixin.py:188} INFO - [2025-04-21T17:10:41.773-0400] {dag.py:3036} INFO - Sync 2 DAGs
[2025-04-21T17:10:41.780-0400] {logging_mixin.py:188} INFO - [2025-04-21T17:10:41.780-0400] {dag.py:3823} INFO - Setting next_dagrun for example_external_task_marker_child to None, run_after=None
[2025-04-21T17:10:41.782-0400] {logging_mixin.py:188} INFO - [2025-04-21T17:10:41.782-0400] {dag.py:3823} INFO - Setting next_dagrun for example_external_task_marker_parent to None, run_after=None
[2025-04-21T17:10:41.793-0400] {processor.py:183} INFO - Processing /Users/gaurav/Documents/Breast-Cancer-ML-Pipeline/venv/lib/python3.9/site-packages/airflow/example_dags/example_external_task_marker_dag.py took 0.103 seconds
[2025-04-21T17:11:55.166-0400] {processor.py:161} INFO - Started process (PID=85798) to work on /Users/gaurav/Documents/Breast-Cancer-ML-Pipeline/venv/lib/python3.9/site-packages/airflow/example_dags/example_external_task_marker_dag.py
[2025-04-21T17:11:55.168-0400] {processor.py:830} INFO - Processing file /Users/gaurav/Documents/Breast-Cancer-ML-Pipeline/venv/lib/python3.9/site-packages/airflow/example_dags/example_external_task_marker_dag.py for tasks to queue
[2025-04-21T17:11:55.169-0400] {logging_mixin.py:188} INFO - [2025-04-21T17:11:55.169-0400] {dagbag.py:538} INFO - Filling up the DagBag from /Users/gaurav/Documents/Breast-Cancer-ML-Pipeline/venv/lib/python3.9/site-packages/airflow/example_dags/example_external_task_marker_dag.py
[2025-04-21T17:11:55.178-0400] {processor.py:840} INFO - DAG(s) 'example_external_task_marker_parent', 'example_external_task_marker_child' retrieved from /Users/gaurav/Documents/Breast-Cancer-ML-Pipeline/venv/lib/python3.9/site-packages/airflow/example_dags/example_external_task_marker_dag.py
[2025-04-21T17:11:55.250-0400] {logging_mixin.py:188} INFO - [2025-04-21T17:11:55.250-0400] {dag.py:3036} INFO - Sync 2 DAGs
[2025-04-21T17:11:55.259-0400] {logging_mixin.py:188} INFO - [2025-04-21T17:11:55.258-0400] {dag.py:3823} INFO - Setting next_dagrun for example_external_task_marker_child to None, run_after=None
[2025-04-21T17:11:55.261-0400] {logging_mixin.py:188} INFO - [2025-04-21T17:11:55.260-0400] {dag.py:3823} INFO - Setting next_dagrun for example_external_task_marker_parent to None, run_after=None
[2025-04-21T17:11:55.271-0400] {processor.py:183} INFO - Processing /Users/gaurav/Documents/Breast-Cancer-ML-Pipeline/venv/lib/python3.9/site-packages/airflow/example_dags/example_external_task_marker_dag.py took 0.106 seconds
[2025-04-21T17:13:08.547-0400] {processor.py:161} INFO - Started process (PID=85877) to work on /Users/gaurav/Documents/Breast-Cancer-ML-Pipeline/venv/lib/python3.9/site-packages/airflow/example_dags/example_external_task_marker_dag.py
[2025-04-21T17:13:08.549-0400] {processor.py:830} INFO - Processing file /Users/gaurav/Documents/Breast-Cancer-ML-Pipeline/venv/lib/python3.9/site-packages/airflow/example_dags/example_external_task_marker_dag.py for tasks to queue
[2025-04-21T17:13:08.550-0400] {logging_mixin.py:188} INFO - [2025-04-21T17:13:08.550-0400] {dagbag.py:538} INFO - Filling up the DagBag from /Users/gaurav/Documents/Breast-Cancer-ML-Pipeline/venv/lib/python3.9/site-packages/airflow/example_dags/example_external_task_marker_dag.py
[2025-04-21T17:13:08.558-0400] {processor.py:840} INFO - DAG(s) 'example_external_task_marker_parent', 'example_external_task_marker_child' retrieved from /Users/gaurav/Documents/Breast-Cancer-ML-Pipeline/venv/lib/python3.9/site-packages/airflow/example_dags/example_external_task_marker_dag.py
[2025-04-21T17:13:08.629-0400] {logging_mixin.py:188} INFO - [2025-04-21T17:13:08.628-0400] {dag.py:3036} INFO - Sync 2 DAGs
[2025-04-21T17:13:08.636-0400] {logging_mixin.py:188} INFO - [2025-04-21T17:13:08.636-0400] {dag.py:3823} INFO - Setting next_dagrun for example_external_task_marker_child to None, run_after=None
[2025-04-21T17:13:08.638-0400] {logging_mixin.py:188} INFO - [2025-04-21T17:13:08.638-0400] {dag.py:3823} INFO - Setting next_dagrun for example_external_task_marker_parent to None, run_after=None
[2025-04-21T17:13:08.649-0400] {processor.py:183} INFO - Processing /Users/gaurav/Documents/Breast-Cancer-ML-Pipeline/venv/lib/python3.9/site-packages/airflow/example_dags/example_external_task_marker_dag.py took 0.103 seconds
[2025-04-21T17:14:23.621-0400] {processor.py:161} INFO - Started process (PID=85977) to work on /Users/gaurav/Documents/Breast-Cancer-ML-Pipeline/venv/lib/python3.9/site-packages/airflow/example_dags/example_external_task_marker_dag.py
[2025-04-21T17:14:23.623-0400] {processor.py:830} INFO - Processing file /Users/gaurav/Documents/Breast-Cancer-ML-Pipeline/venv/lib/python3.9/site-packages/airflow/example_dags/example_external_task_marker_dag.py for tasks to queue
[2025-04-21T17:14:23.623-0400] {logging_mixin.py:188} INFO - [2025-04-21T17:14:23.623-0400] {dagbag.py:538} INFO - Filling up the DagBag from /Users/gaurav/Documents/Breast-Cancer-ML-Pipeline/venv/lib/python3.9/site-packages/airflow/example_dags/example_external_task_marker_dag.py
[2025-04-21T17:14:23.632-0400] {processor.py:840} INFO - DAG(s) 'example_external_task_marker_child', 'example_external_task_marker_parent' retrieved from /Users/gaurav/Documents/Breast-Cancer-ML-Pipeline/venv/lib/python3.9/site-packages/airflow/example_dags/example_external_task_marker_dag.py
[2025-04-21T17:14:23.703-0400] {logging_mixin.py:188} INFO - [2025-04-21T17:14:23.703-0400] {dag.py:3036} INFO - Sync 2 DAGs
[2025-04-21T17:14:23.710-0400] {logging_mixin.py:188} INFO - [2025-04-21T17:14:23.710-0400] {dag.py:3823} INFO - Setting next_dagrun for example_external_task_marker_child to None, run_after=None
[2025-04-21T17:14:23.712-0400] {logging_mixin.py:188} INFO - [2025-04-21T17:14:23.712-0400] {dag.py:3823} INFO - Setting next_dagrun for example_external_task_marker_parent to None, run_after=None
[2025-04-21T17:14:23.723-0400] {processor.py:183} INFO - Processing /Users/gaurav/Documents/Breast-Cancer-ML-Pipeline/venv/lib/python3.9/site-packages/airflow/example_dags/example_external_task_marker_dag.py took 0.104 seconds
[2025-04-21T17:15:35.481-0400] {processor.py:161} INFO - Started process (PID=86064) to work on /Users/gaurav/Documents/Breast-Cancer-ML-Pipeline/venv/lib/python3.9/site-packages/airflow/example_dags/example_external_task_marker_dag.py
[2025-04-21T17:15:35.484-0400] {processor.py:830} INFO - Processing file /Users/gaurav/Documents/Breast-Cancer-ML-Pipeline/venv/lib/python3.9/site-packages/airflow/example_dags/example_external_task_marker_dag.py for tasks to queue
[2025-04-21T17:15:35.485-0400] {logging_mixin.py:188} INFO - [2025-04-21T17:15:35.485-0400] {dagbag.py:538} INFO - Filling up the DagBag from /Users/gaurav/Documents/Breast-Cancer-ML-Pipeline/venv/lib/python3.9/site-packages/airflow/example_dags/example_external_task_marker_dag.py
[2025-04-21T17:15:35.494-0400] {processor.py:840} INFO - DAG(s) 'example_external_task_marker_parent', 'example_external_task_marker_child' retrieved from /Users/gaurav/Documents/Breast-Cancer-ML-Pipeline/venv/lib/python3.9/site-packages/airflow/example_dags/example_external_task_marker_dag.py
[2025-04-21T17:15:35.568-0400] {logging_mixin.py:188} INFO - [2025-04-21T17:15:35.567-0400] {dag.py:3036} INFO - Sync 2 DAGs
[2025-04-21T17:15:35.575-0400] {logging_mixin.py:188} INFO - [2025-04-21T17:15:35.575-0400] {dag.py:3823} INFO - Setting next_dagrun for example_external_task_marker_child to None, run_after=None
[2025-04-21T17:15:35.577-0400] {logging_mixin.py:188} INFO - [2025-04-21T17:15:35.577-0400] {dag.py:3823} INFO - Setting next_dagrun for example_external_task_marker_parent to None, run_after=None
[2025-04-21T17:15:35.588-0400] {processor.py:183} INFO - Processing /Users/gaurav/Documents/Breast-Cancer-ML-Pipeline/venv/lib/python3.9/site-packages/airflow/example_dags/example_external_task_marker_dag.py took 0.108 seconds
[2025-04-21T17:16:48.934-0400] {processor.py:161} INFO - Started process (PID=86150) to work on /Users/gaurav/Documents/Breast-Cancer-ML-Pipeline/venv/lib/python3.9/site-packages/airflow/example_dags/example_external_task_marker_dag.py
[2025-04-21T17:16:48.936-0400] {processor.py:830} INFO - Processing file /Users/gaurav/Documents/Breast-Cancer-ML-Pipeline/venv/lib/python3.9/site-packages/airflow/example_dags/example_external_task_marker_dag.py for tasks to queue
[2025-04-21T17:16:48.937-0400] {logging_mixin.py:188} INFO - [2025-04-21T17:16:48.936-0400] {dagbag.py:538} INFO - Filling up the DagBag from /Users/gaurav/Documents/Breast-Cancer-ML-Pipeline/venv/lib/python3.9/site-packages/airflow/example_dags/example_external_task_marker_dag.py
[2025-04-21T17:16:48.946-0400] {processor.py:840} INFO - DAG(s) 'example_external_task_marker_child', 'example_external_task_marker_parent' retrieved from /Users/gaurav/Documents/Breast-Cancer-ML-Pipeline/venv/lib/python3.9/site-packages/airflow/example_dags/example_external_task_marker_dag.py
[2025-04-21T17:16:49.018-0400] {logging_mixin.py:188} INFO - [2025-04-21T17:16:49.018-0400] {dag.py:3036} INFO - Sync 2 DAGs
[2025-04-21T17:16:49.025-0400] {logging_mixin.py:188} INFO - [2025-04-21T17:16:49.024-0400] {dag.py:3823} INFO - Setting next_dagrun for example_external_task_marker_child to None, run_after=None
[2025-04-21T17:16:49.026-0400] {logging_mixin.py:188} INFO - [2025-04-21T17:16:49.026-0400] {dag.py:3823} INFO - Setting next_dagrun for example_external_task_marker_parent to None, run_after=None
[2025-04-21T17:16:49.038-0400] {processor.py:183} INFO - Processing /Users/gaurav/Documents/Breast-Cancer-ML-Pipeline/venv/lib/python3.9/site-packages/airflow/example_dags/example_external_task_marker_dag.py took 0.105 seconds
[2025-04-21T17:18:03.480-0400] {processor.py:161} INFO - Started process (PID=86250) to work on /Users/gaurav/Documents/Breast-Cancer-ML-Pipeline/venv/lib/python3.9/site-packages/airflow/example_dags/example_external_task_marker_dag.py
[2025-04-21T17:18:03.482-0400] {processor.py:830} INFO - Processing file /Users/gaurav/Documents/Breast-Cancer-ML-Pipeline/venv/lib/python3.9/site-packages/airflow/example_dags/example_external_task_marker_dag.py for tasks to queue
[2025-04-21T17:18:03.483-0400] {logging_mixin.py:188} INFO - [2025-04-21T17:18:03.483-0400] {dagbag.py:538} INFO - Filling up the DagBag from /Users/gaurav/Documents/Breast-Cancer-ML-Pipeline/venv/lib/python3.9/site-packages/airflow/example_dags/example_external_task_marker_dag.py
[2025-04-21T17:18:03.492-0400] {processor.py:840} INFO - DAG(s) 'example_external_task_marker_child', 'example_external_task_marker_parent' retrieved from /Users/gaurav/Documents/Breast-Cancer-ML-Pipeline/venv/lib/python3.9/site-packages/airflow/example_dags/example_external_task_marker_dag.py
[2025-04-21T17:18:03.565-0400] {logging_mixin.py:188} INFO - [2025-04-21T17:18:03.564-0400] {dag.py:3036} INFO - Sync 2 DAGs
[2025-04-21T17:18:03.573-0400] {logging_mixin.py:188} INFO - [2025-04-21T17:18:03.572-0400] {dag.py:3823} INFO - Setting next_dagrun for example_external_task_marker_child to None, run_after=None
[2025-04-21T17:18:03.574-0400] {logging_mixin.py:188} INFO - [2025-04-21T17:18:03.574-0400] {dag.py:3823} INFO - Setting next_dagrun for example_external_task_marker_parent to None, run_after=None
[2025-04-21T17:18:03.585-0400] {processor.py:183} INFO - Processing /Users/gaurav/Documents/Breast-Cancer-ML-Pipeline/venv/lib/python3.9/site-packages/airflow/example_dags/example_external_task_marker_dag.py took 0.106 seconds
[2025-04-21T17:19:19.967-0400] {processor.py:161} INFO - Started process (PID=86347) to work on /Users/gaurav/Documents/Breast-Cancer-ML-Pipeline/venv/lib/python3.9/site-packages/airflow/example_dags/example_external_task_marker_dag.py
[2025-04-21T17:19:19.968-0400] {processor.py:830} INFO - Processing file /Users/gaurav/Documents/Breast-Cancer-ML-Pipeline/venv/lib/python3.9/site-packages/airflow/example_dags/example_external_task_marker_dag.py for tasks to queue
[2025-04-21T17:19:19.969-0400] {logging_mixin.py:188} INFO - [2025-04-21T17:19:19.969-0400] {dagbag.py:538} INFO - Filling up the DagBag from /Users/gaurav/Documents/Breast-Cancer-ML-Pipeline/venv/lib/python3.9/site-packages/airflow/example_dags/example_external_task_marker_dag.py
[2025-04-21T17:19:19.983-0400] {processor.py:840} INFO - DAG(s) 'example_external_task_marker_parent', 'example_external_task_marker_child' retrieved from /Users/gaurav/Documents/Breast-Cancer-ML-Pipeline/venv/lib/python3.9/site-packages/airflow/example_dags/example_external_task_marker_dag.py
[2025-04-21T17:19:20.063-0400] {logging_mixin.py:188} INFO - [2025-04-21T17:19:20.062-0400] {dag.py:3036} INFO - Sync 2 DAGs
[2025-04-21T17:19:20.071-0400] {logging_mixin.py:188} INFO - [2025-04-21T17:19:20.070-0400] {dag.py:3823} INFO - Setting next_dagrun for example_external_task_marker_child to None, run_after=None
[2025-04-21T17:19:20.073-0400] {logging_mixin.py:188} INFO - [2025-04-21T17:19:20.073-0400] {dag.py:3823} INFO - Setting next_dagrun for example_external_task_marker_parent to None, run_after=None
[2025-04-21T17:19:20.086-0400] {processor.py:183} INFO - Processing /Users/gaurav/Documents/Breast-Cancer-ML-Pipeline/venv/lib/python3.9/site-packages/airflow/example_dags/example_external_task_marker_dag.py took 0.121 seconds
[2025-04-21T17:22:24.007-0400] {processor.py:161} INFO - Started process (PID=86541) to work on /Users/gaurav/Documents/Breast-Cancer-ML-Pipeline/venv/lib/python3.9/site-packages/airflow/example_dags/example_external_task_marker_dag.py
[2025-04-21T17:22:24.008-0400] {processor.py:830} INFO - Processing file /Users/gaurav/Documents/Breast-Cancer-ML-Pipeline/venv/lib/python3.9/site-packages/airflow/example_dags/example_external_task_marker_dag.py for tasks to queue
[2025-04-21T17:22:24.009-0400] {logging_mixin.py:188} INFO - [2025-04-21T17:22:24.009-0400] {dagbag.py:538} INFO - Filling up the DagBag from /Users/gaurav/Documents/Breast-Cancer-ML-Pipeline/venv/lib/python3.9/site-packages/airflow/example_dags/example_external_task_marker_dag.py
[2025-04-21T17:22:24.017-0400] {processor.py:840} INFO - DAG(s) 'example_external_task_marker_parent', 'example_external_task_marker_child' retrieved from /Users/gaurav/Documents/Breast-Cancer-ML-Pipeline/venv/lib/python3.9/site-packages/airflow/example_dags/example_external_task_marker_dag.py
[2025-04-21T17:22:24.142-0400] {logging_mixin.py:188} INFO - [2025-04-21T17:22:24.142-0400] {dag.py:3036} INFO - Sync 2 DAGs
[2025-04-21T17:22:24.148-0400] {logging_mixin.py:188} INFO - [2025-04-21T17:22:24.148-0400] {dag.py:3823} INFO - Setting next_dagrun for example_external_task_marker_child to None, run_after=None
[2025-04-21T17:22:24.149-0400] {logging_mixin.py:188} INFO - [2025-04-21T17:22:24.149-0400] {dag.py:3823} INFO - Setting next_dagrun for example_external_task_marker_parent to None, run_after=None
[2025-04-21T17:22:24.162-0400] {processor.py:183} INFO - Processing /Users/gaurav/Documents/Breast-Cancer-ML-Pipeline/venv/lib/python3.9/site-packages/airflow/example_dags/example_external_task_marker_dag.py took 0.155 seconds
[2025-04-21T17:23:55.799-0400] {processor.py:161} INFO - Started process (PID=86650) to work on /Users/gaurav/Documents/Breast-Cancer-ML-Pipeline/venv/lib/python3.9/site-packages/airflow/example_dags/example_external_task_marker_dag.py
[2025-04-21T17:23:55.801-0400] {processor.py:830} INFO - Processing file /Users/gaurav/Documents/Breast-Cancer-ML-Pipeline/venv/lib/python3.9/site-packages/airflow/example_dags/example_external_task_marker_dag.py for tasks to queue
[2025-04-21T17:23:55.801-0400] {logging_mixin.py:188} INFO - [2025-04-21T17:23:55.801-0400] {dagbag.py:538} INFO - Filling up the DagBag from /Users/gaurav/Documents/Breast-Cancer-ML-Pipeline/venv/lib/python3.9/site-packages/airflow/example_dags/example_external_task_marker_dag.py
[2025-04-21T17:23:55.810-0400] {processor.py:840} INFO - DAG(s) 'example_external_task_marker_parent', 'example_external_task_marker_child' retrieved from /Users/gaurav/Documents/Breast-Cancer-ML-Pipeline/venv/lib/python3.9/site-packages/airflow/example_dags/example_external_task_marker_dag.py
[2025-04-21T17:23:55.883-0400] {logging_mixin.py:188} INFO - [2025-04-21T17:23:55.882-0400] {dag.py:3036} INFO - Sync 2 DAGs
[2025-04-21T17:23:55.889-0400] {logging_mixin.py:188} INFO - [2025-04-21T17:23:55.889-0400] {dag.py:3823} INFO - Setting next_dagrun for example_external_task_marker_child to None, run_after=None
[2025-04-21T17:23:55.891-0400] {logging_mixin.py:188} INFO - [2025-04-21T17:23:55.891-0400] {dag.py:3823} INFO - Setting next_dagrun for example_external_task_marker_parent to None, run_after=None
[2025-04-21T17:23:55.902-0400] {processor.py:183} INFO - Processing /Users/gaurav/Documents/Breast-Cancer-ML-Pipeline/venv/lib/python3.9/site-packages/airflow/example_dags/example_external_task_marker_dag.py took 0.104 seconds
[2025-04-21T17:25:12.382-0400] {processor.py:161} INFO - Started process (PID=86733) to work on /Users/gaurav/Documents/Breast-Cancer-ML-Pipeline/venv/lib/python3.9/site-packages/airflow/example_dags/example_external_task_marker_dag.py
[2025-04-21T17:25:12.384-0400] {processor.py:830} INFO - Processing file /Users/gaurav/Documents/Breast-Cancer-ML-Pipeline/venv/lib/python3.9/site-packages/airflow/example_dags/example_external_task_marker_dag.py for tasks to queue
[2025-04-21T17:25:12.384-0400] {logging_mixin.py:188} INFO - [2025-04-21T17:25:12.384-0400] {dagbag.py:538} INFO - Filling up the DagBag from /Users/gaurav/Documents/Breast-Cancer-ML-Pipeline/venv/lib/python3.9/site-packages/airflow/example_dags/example_external_task_marker_dag.py
[2025-04-21T17:25:12.393-0400] {processor.py:840} INFO - DAG(s) 'example_external_task_marker_child', 'example_external_task_marker_parent' retrieved from /Users/gaurav/Documents/Breast-Cancer-ML-Pipeline/venv/lib/python3.9/site-packages/airflow/example_dags/example_external_task_marker_dag.py
[2025-04-21T17:25:12.463-0400] {logging_mixin.py:188} INFO - [2025-04-21T17:25:12.463-0400] {dag.py:3036} INFO - Sync 2 DAGs
[2025-04-21T17:25:12.470-0400] {logging_mixin.py:188} INFO - [2025-04-21T17:25:12.470-0400] {dag.py:3823} INFO - Setting next_dagrun for example_external_task_marker_child to None, run_after=None
[2025-04-21T17:25:12.472-0400] {logging_mixin.py:188} INFO - [2025-04-21T17:25:12.472-0400] {dag.py:3823} INFO - Setting next_dagrun for example_external_task_marker_parent to None, run_after=None
[2025-04-21T17:25:12.483-0400] {processor.py:183} INFO - Processing /Users/gaurav/Documents/Breast-Cancer-ML-Pipeline/venv/lib/python3.9/site-packages/airflow/example_dags/example_external_task_marker_dag.py took 0.102 seconds
[2025-04-21T17:26:28.361-0400] {processor.py:161} INFO - Started process (PID=86846) to work on /Users/gaurav/Documents/Breast-Cancer-ML-Pipeline/venv/lib/python3.9/site-packages/airflow/example_dags/example_external_task_marker_dag.py
[2025-04-21T17:26:28.362-0400] {processor.py:830} INFO - Processing file /Users/gaurav/Documents/Breast-Cancer-ML-Pipeline/venv/lib/python3.9/site-packages/airflow/example_dags/example_external_task_marker_dag.py for tasks to queue
[2025-04-21T17:26:28.363-0400] {logging_mixin.py:188} INFO - [2025-04-21T17:26:28.362-0400] {dagbag.py:538} INFO - Filling up the DagBag from /Users/gaurav/Documents/Breast-Cancer-ML-Pipeline/venv/lib/python3.9/site-packages/airflow/example_dags/example_external_task_marker_dag.py
[2025-04-21T17:26:28.371-0400] {processor.py:840} INFO - DAG(s) 'example_external_task_marker_child', 'example_external_task_marker_parent' retrieved from /Users/gaurav/Documents/Breast-Cancer-ML-Pipeline/venv/lib/python3.9/site-packages/airflow/example_dags/example_external_task_marker_dag.py
[2025-04-21T17:26:28.440-0400] {logging_mixin.py:188} INFO - [2025-04-21T17:26:28.440-0400] {dag.py:3036} INFO - Sync 2 DAGs
[2025-04-21T17:26:28.447-0400] {logging_mixin.py:188} INFO - [2025-04-21T17:26:28.446-0400] {dag.py:3823} INFO - Setting next_dagrun for example_external_task_marker_child to None, run_after=None
[2025-04-21T17:26:28.448-0400] {logging_mixin.py:188} INFO - [2025-04-21T17:26:28.448-0400] {dag.py:3823} INFO - Setting next_dagrun for example_external_task_marker_parent to None, run_after=None
[2025-04-21T17:26:28.459-0400] {processor.py:183} INFO - Processing /Users/gaurav/Documents/Breast-Cancer-ML-Pipeline/venv/lib/python3.9/site-packages/airflow/example_dags/example_external_task_marker_dag.py took 0.099 seconds
[2025-04-21T17:28:36.474-0400] {processor.py:161} INFO - Started process (PID=87049) to work on /Users/gaurav/Documents/Breast-Cancer-ML-Pipeline/venv/lib/python3.9/site-packages/airflow/example_dags/example_external_task_marker_dag.py
[2025-04-21T17:28:36.476-0400] {processor.py:830} INFO - Processing file /Users/gaurav/Documents/Breast-Cancer-ML-Pipeline/venv/lib/python3.9/site-packages/airflow/example_dags/example_external_task_marker_dag.py for tasks to queue
[2025-04-21T17:28:36.477-0400] {logging_mixin.py:188} INFO - [2025-04-21T17:28:36.477-0400] {dagbag.py:538} INFO - Filling up the DagBag from /Users/gaurav/Documents/Breast-Cancer-ML-Pipeline/venv/lib/python3.9/site-packages/airflow/example_dags/example_external_task_marker_dag.py
[2025-04-21T17:28:36.489-0400] {processor.py:840} INFO - DAG(s) 'example_external_task_marker_child', 'example_external_task_marker_parent' retrieved from /Users/gaurav/Documents/Breast-Cancer-ML-Pipeline/venv/lib/python3.9/site-packages/airflow/example_dags/example_external_task_marker_dag.py
[2025-04-21T17:28:36.563-0400] {logging_mixin.py:188} INFO - [2025-04-21T17:28:36.563-0400] {dag.py:3036} INFO - Sync 2 DAGs
[2025-04-21T17:28:36.570-0400] {logging_mixin.py:188} INFO - [2025-04-21T17:28:36.570-0400] {dag.py:3823} INFO - Setting next_dagrun for example_external_task_marker_child to None, run_after=None
[2025-04-21T17:28:36.572-0400] {logging_mixin.py:188} INFO - [2025-04-21T17:28:36.572-0400] {dag.py:3823} INFO - Setting next_dagrun for example_external_task_marker_parent to None, run_after=None
[2025-04-21T17:28:36.583-0400] {processor.py:183} INFO - Processing /Users/gaurav/Documents/Breast-Cancer-ML-Pipeline/venv/lib/python3.9/site-packages/airflow/example_dags/example_external_task_marker_dag.py took 0.110 seconds
[2025-04-21T17:30:09.932-0400] {processor.py:161} INFO - Started process (PID=87159) to work on /Users/gaurav/Documents/Breast-Cancer-ML-Pipeline/venv/lib/python3.9/site-packages/airflow/example_dags/example_external_task_marker_dag.py
[2025-04-21T17:30:09.933-0400] {processor.py:830} INFO - Processing file /Users/gaurav/Documents/Breast-Cancer-ML-Pipeline/venv/lib/python3.9/site-packages/airflow/example_dags/example_external_task_marker_dag.py for tasks to queue
[2025-04-21T17:30:09.934-0400] {logging_mixin.py:188} INFO - [2025-04-21T17:30:09.933-0400] {dagbag.py:538} INFO - Filling up the DagBag from /Users/gaurav/Documents/Breast-Cancer-ML-Pipeline/venv/lib/python3.9/site-packages/airflow/example_dags/example_external_task_marker_dag.py
[2025-04-21T17:30:09.942-0400] {processor.py:840} INFO - DAG(s) 'example_external_task_marker_parent', 'example_external_task_marker_child' retrieved from /Users/gaurav/Documents/Breast-Cancer-ML-Pipeline/venv/lib/python3.9/site-packages/airflow/example_dags/example_external_task_marker_dag.py
[2025-04-21T17:30:10.019-0400] {logging_mixin.py:188} INFO - [2025-04-21T17:30:10.019-0400] {dag.py:3036} INFO - Sync 2 DAGs
[2025-04-21T17:30:10.027-0400] {logging_mixin.py:188} INFO - [2025-04-21T17:30:10.026-0400] {dag.py:3823} INFO - Setting next_dagrun for example_external_task_marker_child to None, run_after=None
[2025-04-21T17:30:10.029-0400] {logging_mixin.py:188} INFO - [2025-04-21T17:30:10.028-0400] {dag.py:3823} INFO - Setting next_dagrun for example_external_task_marker_parent to None, run_after=None
[2025-04-21T17:30:10.040-0400] {processor.py:183} INFO - Processing /Users/gaurav/Documents/Breast-Cancer-ML-Pipeline/venv/lib/python3.9/site-packages/airflow/example_dags/example_external_task_marker_dag.py took 0.109 seconds
[2025-04-21T17:31:26.210-0400] {processor.py:161} INFO - Started process (PID=87246) to work on /Users/gaurav/Documents/Breast-Cancer-ML-Pipeline/venv/lib/python3.9/site-packages/airflow/example_dags/example_external_task_marker_dag.py
[2025-04-21T17:31:26.212-0400] {processor.py:830} INFO - Processing file /Users/gaurav/Documents/Breast-Cancer-ML-Pipeline/venv/lib/python3.9/site-packages/airflow/example_dags/example_external_task_marker_dag.py for tasks to queue
[2025-04-21T17:31:26.212-0400] {logging_mixin.py:188} INFO - [2025-04-21T17:31:26.212-0400] {dagbag.py:538} INFO - Filling up the DagBag from /Users/gaurav/Documents/Breast-Cancer-ML-Pipeline/venv/lib/python3.9/site-packages/airflow/example_dags/example_external_task_marker_dag.py
[2025-04-21T17:31:26.221-0400] {processor.py:840} INFO - DAG(s) 'example_external_task_marker_parent', 'example_external_task_marker_child' retrieved from /Users/gaurav/Documents/Breast-Cancer-ML-Pipeline/venv/lib/python3.9/site-packages/airflow/example_dags/example_external_task_marker_dag.py
[2025-04-21T17:31:26.291-0400] {logging_mixin.py:188} INFO - [2025-04-21T17:31:26.291-0400] {dag.py:3036} INFO - Sync 2 DAGs
[2025-04-21T17:31:26.298-0400] {logging_mixin.py:188} INFO - [2025-04-21T17:31:26.298-0400] {dag.py:3823} INFO - Setting next_dagrun for example_external_task_marker_child to None, run_after=None
[2025-04-21T17:31:26.300-0400] {logging_mixin.py:188} INFO - [2025-04-21T17:31:26.300-0400] {dag.py:3823} INFO - Setting next_dagrun for example_external_task_marker_parent to None, run_after=None
[2025-04-21T17:31:26.311-0400] {processor.py:183} INFO - Processing /Users/gaurav/Documents/Breast-Cancer-ML-Pipeline/venv/lib/python3.9/site-packages/airflow/example_dags/example_external_task_marker_dag.py took 0.102 seconds
[2025-04-21T17:37:36.969-0400] {processor.py:161} INFO - Started process (PID=87742) to work on /Users/gaurav/Documents/Breast-Cancer-ML-Pipeline/venv/lib/python3.9/site-packages/airflow/example_dags/example_external_task_marker_dag.py
[2025-04-21T17:37:36.970-0400] {processor.py:830} INFO - Processing file /Users/gaurav/Documents/Breast-Cancer-ML-Pipeline/venv/lib/python3.9/site-packages/airflow/example_dags/example_external_task_marker_dag.py for tasks to queue
[2025-04-21T17:37:36.971-0400] {logging_mixin.py:188} INFO - [2025-04-21T17:37:36.971-0400] {dagbag.py:538} INFO - Filling up the DagBag from /Users/gaurav/Documents/Breast-Cancer-ML-Pipeline/venv/lib/python3.9/site-packages/airflow/example_dags/example_external_task_marker_dag.py
[2025-04-21T17:37:36.980-0400] {processor.py:840} INFO - DAG(s) 'example_external_task_marker_child', 'example_external_task_marker_parent' retrieved from /Users/gaurav/Documents/Breast-Cancer-ML-Pipeline/venv/lib/python3.9/site-packages/airflow/example_dags/example_external_task_marker_dag.py
[2025-04-21T17:37:37.112-0400] {logging_mixin.py:188} INFO - [2025-04-21T17:37:37.111-0400] {dag.py:3036} INFO - Sync 2 DAGs
[2025-04-21T17:37:37.118-0400] {logging_mixin.py:188} INFO - [2025-04-21T17:37:37.118-0400] {dag.py:3823} INFO - Setting next_dagrun for example_external_task_marker_child to None, run_after=None
[2025-04-21T17:37:37.120-0400] {logging_mixin.py:188} INFO - [2025-04-21T17:37:37.120-0400] {dag.py:3823} INFO - Setting next_dagrun for example_external_task_marker_parent to None, run_after=None
[2025-04-21T17:37:37.138-0400] {processor.py:183} INFO - Processing /Users/gaurav/Documents/Breast-Cancer-ML-Pipeline/venv/lib/python3.9/site-packages/airflow/example_dags/example_external_task_marker_dag.py took 0.169 seconds
[2025-04-21T17:40:10.183-0400] {processor.py:161} INFO - Started process (PID=87992) to work on /Users/gaurav/Documents/Breast-Cancer-ML-Pipeline/venv/lib/python3.9/site-packages/airflow/example_dags/example_external_task_marker_dag.py
[2025-04-21T17:40:10.185-0400] {processor.py:830} INFO - Processing file /Users/gaurav/Documents/Breast-Cancer-ML-Pipeline/venv/lib/python3.9/site-packages/airflow/example_dags/example_external_task_marker_dag.py for tasks to queue
[2025-04-21T17:40:10.185-0400] {logging_mixin.py:188} INFO - [2025-04-21T17:40:10.185-0400] {dagbag.py:538} INFO - Filling up the DagBag from /Users/gaurav/Documents/Breast-Cancer-ML-Pipeline/venv/lib/python3.9/site-packages/airflow/example_dags/example_external_task_marker_dag.py
[2025-04-21T17:40:10.194-0400] {processor.py:840} INFO - DAG(s) 'example_external_task_marker_parent', 'example_external_task_marker_child' retrieved from /Users/gaurav/Documents/Breast-Cancer-ML-Pipeline/venv/lib/python3.9/site-packages/airflow/example_dags/example_external_task_marker_dag.py
[2025-04-21T17:40:10.264-0400] {logging_mixin.py:188} INFO - [2025-04-21T17:40:10.264-0400] {dag.py:3036} INFO - Sync 2 DAGs
[2025-04-21T17:40:10.271-0400] {logging_mixin.py:188} INFO - [2025-04-21T17:40:10.271-0400] {dag.py:3823} INFO - Setting next_dagrun for example_external_task_marker_child to None, run_after=None
[2025-04-21T17:40:10.273-0400] {logging_mixin.py:188} INFO - [2025-04-21T17:40:10.273-0400] {dag.py:3823} INFO - Setting next_dagrun for example_external_task_marker_parent to None, run_after=None
[2025-04-21T17:40:10.284-0400] {processor.py:183} INFO - Processing /Users/gaurav/Documents/Breast-Cancer-ML-Pipeline/venv/lib/python3.9/site-packages/airflow/example_dags/example_external_task_marker_dag.py took 0.102 seconds
[2025-04-21T17:42:09.501-0400] {processor.py:161} INFO - Started process (PID=88146) to work on /Users/gaurav/Documents/Breast-Cancer-ML-Pipeline/venv/lib/python3.9/site-packages/airflow/example_dags/example_external_task_marker_dag.py
[2025-04-21T17:42:09.503-0400] {processor.py:830} INFO - Processing file /Users/gaurav/Documents/Breast-Cancer-ML-Pipeline/venv/lib/python3.9/site-packages/airflow/example_dags/example_external_task_marker_dag.py for tasks to queue
[2025-04-21T17:42:09.503-0400] {logging_mixin.py:188} INFO - [2025-04-21T17:42:09.503-0400] {dagbag.py:538} INFO - Filling up the DagBag from /Users/gaurav/Documents/Breast-Cancer-ML-Pipeline/venv/lib/python3.9/site-packages/airflow/example_dags/example_external_task_marker_dag.py
[2025-04-21T17:42:09.512-0400] {processor.py:840} INFO - DAG(s) 'example_external_task_marker_child', 'example_external_task_marker_parent' retrieved from /Users/gaurav/Documents/Breast-Cancer-ML-Pipeline/venv/lib/python3.9/site-packages/airflow/example_dags/example_external_task_marker_dag.py
[2025-04-21T17:42:09.583-0400] {logging_mixin.py:188} INFO - [2025-04-21T17:42:09.582-0400] {dag.py:3036} INFO - Sync 2 DAGs
[2025-04-21T17:42:09.590-0400] {logging_mixin.py:188} INFO - [2025-04-21T17:42:09.589-0400] {dag.py:3823} INFO - Setting next_dagrun for example_external_task_marker_child to None, run_after=None
[2025-04-21T17:42:09.591-0400] {logging_mixin.py:188} INFO - [2025-04-21T17:42:09.591-0400] {dag.py:3823} INFO - Setting next_dagrun for example_external_task_marker_parent to None, run_after=None
[2025-04-21T17:42:09.603-0400] {processor.py:183} INFO - Processing /Users/gaurav/Documents/Breast-Cancer-ML-Pipeline/venv/lib/python3.9/site-packages/airflow/example_dags/example_external_task_marker_dag.py took 0.102 seconds
[2025-04-21T17:43:20.893-0400] {processor.py:161} INFO - Started process (PID=88225) to work on /Users/gaurav/Documents/Breast-Cancer-ML-Pipeline/venv/lib/python3.9/site-packages/airflow/example_dags/example_external_task_marker_dag.py
[2025-04-21T17:43:20.895-0400] {processor.py:830} INFO - Processing file /Users/gaurav/Documents/Breast-Cancer-ML-Pipeline/venv/lib/python3.9/site-packages/airflow/example_dags/example_external_task_marker_dag.py for tasks to queue
[2025-04-21T17:43:20.895-0400] {logging_mixin.py:188} INFO - [2025-04-21T17:43:20.895-0400] {dagbag.py:538} INFO - Filling up the DagBag from /Users/gaurav/Documents/Breast-Cancer-ML-Pipeline/venv/lib/python3.9/site-packages/airflow/example_dags/example_external_task_marker_dag.py
[2025-04-21T17:43:20.904-0400] {processor.py:840} INFO - DAG(s) 'example_external_task_marker_parent', 'example_external_task_marker_child' retrieved from /Users/gaurav/Documents/Breast-Cancer-ML-Pipeline/venv/lib/python3.9/site-packages/airflow/example_dags/example_external_task_marker_dag.py
[2025-04-21T17:43:20.977-0400] {logging_mixin.py:188} INFO - [2025-04-21T17:43:20.976-0400] {dag.py:3036} INFO - Sync 2 DAGs
[2025-04-21T17:43:20.984-0400] {logging_mixin.py:188} INFO - [2025-04-21T17:43:20.984-0400] {dag.py:3823} INFO - Setting next_dagrun for example_external_task_marker_child to None, run_after=None
[2025-04-21T17:43:20.986-0400] {logging_mixin.py:188} INFO - [2025-04-21T17:43:20.986-0400] {dag.py:3823} INFO - Setting next_dagrun for example_external_task_marker_parent to None, run_after=None
[2025-04-21T17:43:20.998-0400] {processor.py:183} INFO - Processing /Users/gaurav/Documents/Breast-Cancer-ML-Pipeline/venv/lib/python3.9/site-packages/airflow/example_dags/example_external_task_marker_dag.py took 0.105 seconds
[2025-04-21T17:44:32.689-0400] {processor.py:161} INFO - Started process (PID=88316) to work on /Users/gaurav/Documents/Breast-Cancer-ML-Pipeline/venv/lib/python3.9/site-packages/airflow/example_dags/example_external_task_marker_dag.py
[2025-04-21T17:44:32.690-0400] {processor.py:830} INFO - Processing file /Users/gaurav/Documents/Breast-Cancer-ML-Pipeline/venv/lib/python3.9/site-packages/airflow/example_dags/example_external_task_marker_dag.py for tasks to queue
[2025-04-21T17:44:32.690-0400] {logging_mixin.py:188} INFO - [2025-04-21T17:44:32.690-0400] {dagbag.py:538} INFO - Filling up the DagBag from /Users/gaurav/Documents/Breast-Cancer-ML-Pipeline/venv/lib/python3.9/site-packages/airflow/example_dags/example_external_task_marker_dag.py
[2025-04-21T17:44:32.699-0400] {processor.py:840} INFO - DAG(s) 'example_external_task_marker_parent', 'example_external_task_marker_child' retrieved from /Users/gaurav/Documents/Breast-Cancer-ML-Pipeline/venv/lib/python3.9/site-packages/airflow/example_dags/example_external_task_marker_dag.py
[2025-04-21T17:44:32.772-0400] {logging_mixin.py:188} INFO - [2025-04-21T17:44:32.772-0400] {dag.py:3036} INFO - Sync 2 DAGs
[2025-04-21T17:44:32.779-0400] {logging_mixin.py:188} INFO - [2025-04-21T17:44:32.778-0400] {dag.py:3823} INFO - Setting next_dagrun for example_external_task_marker_child to None, run_after=None
[2025-04-21T17:44:32.780-0400] {logging_mixin.py:188} INFO - [2025-04-21T17:44:32.780-0400] {dag.py:3823} INFO - Setting next_dagrun for example_external_task_marker_parent to None, run_after=None
[2025-04-21T17:44:32.791-0400] {processor.py:183} INFO - Processing /Users/gaurav/Documents/Breast-Cancer-ML-Pipeline/venv/lib/python3.9/site-packages/airflow/example_dags/example_external_task_marker_dag.py took 0.103 seconds
[2025-04-21T17:45:30.203-0400] {processor.py:161} INFO - Started process (PID=88400) to work on /Users/gaurav/Documents/Breast-Cancer-ML-Pipeline/venv/lib/python3.9/site-packages/airflow/example_dags/example_external_task_marker_dag.py
[2025-04-21T17:45:30.205-0400] {processor.py:830} INFO - Processing file /Users/gaurav/Documents/Breast-Cancer-ML-Pipeline/venv/lib/python3.9/site-packages/airflow/example_dags/example_external_task_marker_dag.py for tasks to queue
[2025-04-21T17:45:30.205-0400] {logging_mixin.py:188} INFO - [2025-04-21T17:45:30.205-0400] {dagbag.py:538} INFO - Filling up the DagBag from /Users/gaurav/Documents/Breast-Cancer-ML-Pipeline/venv/lib/python3.9/site-packages/airflow/example_dags/example_external_task_marker_dag.py
[2025-04-21T17:45:30.212-0400] {processor.py:840} INFO - DAG(s) 'example_external_task_marker_child', 'example_external_task_marker_parent' retrieved from /Users/gaurav/Documents/Breast-Cancer-ML-Pipeline/venv/lib/python3.9/site-packages/airflow/example_dags/example_external_task_marker_dag.py
[2025-04-21T17:45:30.267-0400] {logging_mixin.py:188} INFO - [2025-04-21T17:45:30.267-0400] {dag.py:3036} INFO - Sync 2 DAGs
[2025-04-21T17:45:30.272-0400] {logging_mixin.py:188} INFO - [2025-04-21T17:45:30.272-0400] {dag.py:3823} INFO - Setting next_dagrun for example_external_task_marker_child to None, run_after=None
[2025-04-21T17:45:30.274-0400] {logging_mixin.py:188} INFO - [2025-04-21T17:45:30.273-0400] {dag.py:3823} INFO - Setting next_dagrun for example_external_task_marker_parent to None, run_after=None
[2025-04-21T17:45:30.282-0400] {processor.py:183} INFO - Processing /Users/gaurav/Documents/Breast-Cancer-ML-Pipeline/venv/lib/python3.9/site-packages/airflow/example_dags/example_external_task_marker_dag.py took 0.080 seconds
[2025-04-21T17:46:25.380-0400] {processor.py:161} INFO - Started process (PID=88536) to work on /Users/gaurav/Documents/Breast-Cancer-ML-Pipeline/venv/lib/python3.9/site-packages/airflow/example_dags/example_external_task_marker_dag.py
[2025-04-21T17:46:25.382-0400] {processor.py:830} INFO - Processing file /Users/gaurav/Documents/Breast-Cancer-ML-Pipeline/venv/lib/python3.9/site-packages/airflow/example_dags/example_external_task_marker_dag.py for tasks to queue
[2025-04-21T17:46:25.382-0400] {logging_mixin.py:188} INFO - [2025-04-21T17:46:25.382-0400] {dagbag.py:538} INFO - Filling up the DagBag from /Users/gaurav/Documents/Breast-Cancer-ML-Pipeline/venv/lib/python3.9/site-packages/airflow/example_dags/example_external_task_marker_dag.py
[2025-04-21T17:46:25.389-0400] {processor.py:840} INFO - DAG(s) 'example_external_task_marker_parent', 'example_external_task_marker_child' retrieved from /Users/gaurav/Documents/Breast-Cancer-ML-Pipeline/venv/lib/python3.9/site-packages/airflow/example_dags/example_external_task_marker_dag.py
[2025-04-21T17:46:25.448-0400] {logging_mixin.py:188} INFO - [2025-04-21T17:46:25.448-0400] {dag.py:3036} INFO - Sync 2 DAGs
[2025-04-21T17:46:25.454-0400] {logging_mixin.py:188} INFO - [2025-04-21T17:46:25.453-0400] {dag.py:3823} INFO - Setting next_dagrun for example_external_task_marker_child to None, run_after=None
[2025-04-21T17:46:25.455-0400] {logging_mixin.py:188} INFO - [2025-04-21T17:46:25.455-0400] {dag.py:3823} INFO - Setting next_dagrun for example_external_task_marker_parent to None, run_after=None
[2025-04-21T17:46:25.464-0400] {processor.py:183} INFO - Processing /Users/gaurav/Documents/Breast-Cancer-ML-Pipeline/venv/lib/python3.9/site-packages/airflow/example_dags/example_external_task_marker_dag.py took 0.084 seconds
[2025-04-21T17:47:24.123-0400] {processor.py:161} INFO - Started process (PID=88609) to work on /Users/gaurav/Documents/Breast-Cancer-ML-Pipeline/venv/lib/python3.9/site-packages/airflow/example_dags/example_external_task_marker_dag.py
[2025-04-21T17:47:24.124-0400] {processor.py:830} INFO - Processing file /Users/gaurav/Documents/Breast-Cancer-ML-Pipeline/venv/lib/python3.9/site-packages/airflow/example_dags/example_external_task_marker_dag.py for tasks to queue
[2025-04-21T17:47:24.125-0400] {logging_mixin.py:188} INFO - [2025-04-21T17:47:24.125-0400] {dagbag.py:538} INFO - Filling up the DagBag from /Users/gaurav/Documents/Breast-Cancer-ML-Pipeline/venv/lib/python3.9/site-packages/airflow/example_dags/example_external_task_marker_dag.py
[2025-04-21T17:47:24.132-0400] {processor.py:840} INFO - DAG(s) 'example_external_task_marker_child', 'example_external_task_marker_parent' retrieved from /Users/gaurav/Documents/Breast-Cancer-ML-Pipeline/venv/lib/python3.9/site-packages/airflow/example_dags/example_external_task_marker_dag.py
[2025-04-21T17:47:24.187-0400] {logging_mixin.py:188} INFO - [2025-04-21T17:47:24.187-0400] {dag.py:3036} INFO - Sync 2 DAGs
[2025-04-21T17:47:24.192-0400] {logging_mixin.py:188} INFO - [2025-04-21T17:47:24.192-0400] {dag.py:3823} INFO - Setting next_dagrun for example_external_task_marker_child to None, run_after=None
[2025-04-21T17:47:24.194-0400] {logging_mixin.py:188} INFO - [2025-04-21T17:47:24.194-0400] {dag.py:3823} INFO - Setting next_dagrun for example_external_task_marker_parent to None, run_after=None
[2025-04-21T17:47:24.202-0400] {processor.py:183} INFO - Processing /Users/gaurav/Documents/Breast-Cancer-ML-Pipeline/venv/lib/python3.9/site-packages/airflow/example_dags/example_external_task_marker_dag.py took 0.080 seconds
[2025-04-21T17:48:32.536-0400] {processor.py:161} INFO - Started process (PID=88696) to work on /Users/gaurav/Documents/Breast-Cancer-ML-Pipeline/venv/lib/python3.9/site-packages/airflow/example_dags/example_external_task_marker_dag.py
[2025-04-21T17:48:32.538-0400] {processor.py:830} INFO - Processing file /Users/gaurav/Documents/Breast-Cancer-ML-Pipeline/venv/lib/python3.9/site-packages/airflow/example_dags/example_external_task_marker_dag.py for tasks to queue
[2025-04-21T17:48:32.538-0400] {logging_mixin.py:188} INFO - [2025-04-21T17:48:32.538-0400] {dagbag.py:538} INFO - Filling up the DagBag from /Users/gaurav/Documents/Breast-Cancer-ML-Pipeline/venv/lib/python3.9/site-packages/airflow/example_dags/example_external_task_marker_dag.py
[2025-04-21T17:48:32.545-0400] {processor.py:840} INFO - DAG(s) 'example_external_task_marker_child', 'example_external_task_marker_parent' retrieved from /Users/gaurav/Documents/Breast-Cancer-ML-Pipeline/venv/lib/python3.9/site-packages/airflow/example_dags/example_external_task_marker_dag.py
[2025-04-21T17:48:32.601-0400] {logging_mixin.py:188} INFO - [2025-04-21T17:48:32.600-0400] {dag.py:3036} INFO - Sync 2 DAGs
[2025-04-21T17:48:32.606-0400] {logging_mixin.py:188} INFO - [2025-04-21T17:48:32.606-0400] {dag.py:3823} INFO - Setting next_dagrun for example_external_task_marker_child to None, run_after=None
[2025-04-21T17:48:32.607-0400] {logging_mixin.py:188} INFO - [2025-04-21T17:48:32.607-0400] {dag.py:3823} INFO - Setting next_dagrun for example_external_task_marker_parent to None, run_after=None
[2025-04-21T17:48:32.616-0400] {processor.py:183} INFO - Processing /Users/gaurav/Documents/Breast-Cancer-ML-Pipeline/venv/lib/python3.9/site-packages/airflow/example_dags/example_external_task_marker_dag.py took 0.081 seconds
[2025-04-21T17:49:36.201-0400] {processor.py:161} INFO - Started process (PID=88789) to work on /Users/gaurav/Documents/Breast-Cancer-ML-Pipeline/venv/lib/python3.9/site-packages/airflow/example_dags/example_external_task_marker_dag.py
[2025-04-21T17:49:36.202-0400] {processor.py:830} INFO - Processing file /Users/gaurav/Documents/Breast-Cancer-ML-Pipeline/venv/lib/python3.9/site-packages/airflow/example_dags/example_external_task_marker_dag.py for tasks to queue
[2025-04-21T17:49:36.203-0400] {logging_mixin.py:188} INFO - [2025-04-21T17:49:36.202-0400] {dagbag.py:538} INFO - Filling up the DagBag from /Users/gaurav/Documents/Breast-Cancer-ML-Pipeline/venv/lib/python3.9/site-packages/airflow/example_dags/example_external_task_marker_dag.py
[2025-04-21T17:49:36.209-0400] {processor.py:840} INFO - DAG(s) 'example_external_task_marker_parent', 'example_external_task_marker_child' retrieved from /Users/gaurav/Documents/Breast-Cancer-ML-Pipeline/venv/lib/python3.9/site-packages/airflow/example_dags/example_external_task_marker_dag.py
[2025-04-21T17:49:36.263-0400] {logging_mixin.py:188} INFO - [2025-04-21T17:49:36.263-0400] {dag.py:3036} INFO - Sync 2 DAGs
[2025-04-21T17:49:36.268-0400] {logging_mixin.py:188} INFO - [2025-04-21T17:49:36.268-0400] {dag.py:3823} INFO - Setting next_dagrun for example_external_task_marker_child to None, run_after=None
[2025-04-21T17:49:36.270-0400] {logging_mixin.py:188} INFO - [2025-04-21T17:49:36.269-0400] {dag.py:3823} INFO - Setting next_dagrun for example_external_task_marker_parent to None, run_after=None
[2025-04-21T17:49:36.278-0400] {processor.py:183} INFO - Processing /Users/gaurav/Documents/Breast-Cancer-ML-Pipeline/venv/lib/python3.9/site-packages/airflow/example_dags/example_external_task_marker_dag.py took 0.078 seconds
[2025-04-21T17:50:52.064-0400] {processor.py:161} INFO - Started process (PID=88894) to work on /Users/gaurav/Documents/Breast-Cancer-ML-Pipeline/venv/lib/python3.9/site-packages/airflow/example_dags/example_external_task_marker_dag.py
[2025-04-21T17:50:52.066-0400] {processor.py:830} INFO - Processing file /Users/gaurav/Documents/Breast-Cancer-ML-Pipeline/venv/lib/python3.9/site-packages/airflow/example_dags/example_external_task_marker_dag.py for tasks to queue
[2025-04-21T17:50:52.066-0400] {logging_mixin.py:188} INFO - [2025-04-21T17:50:52.066-0400] {dagbag.py:538} INFO - Filling up the DagBag from /Users/gaurav/Documents/Breast-Cancer-ML-Pipeline/venv/lib/python3.9/site-packages/airflow/example_dags/example_external_task_marker_dag.py
[2025-04-21T17:50:52.073-0400] {processor.py:840} INFO - DAG(s) 'example_external_task_marker_parent', 'example_external_task_marker_child' retrieved from /Users/gaurav/Documents/Breast-Cancer-ML-Pipeline/venv/lib/python3.9/site-packages/airflow/example_dags/example_external_task_marker_dag.py
[2025-04-21T17:50:52.128-0400] {logging_mixin.py:188} INFO - [2025-04-21T17:50:52.128-0400] {dag.py:3036} INFO - Sync 2 DAGs
[2025-04-21T17:50:52.133-0400] {logging_mixin.py:188} INFO - [2025-04-21T17:50:52.133-0400] {dag.py:3823} INFO - Setting next_dagrun for example_external_task_marker_child to None, run_after=None
[2025-04-21T17:50:52.135-0400] {logging_mixin.py:188} INFO - [2025-04-21T17:50:52.134-0400] {dag.py:3823} INFO - Setting next_dagrun for example_external_task_marker_parent to None, run_after=None
[2025-04-21T17:50:52.143-0400] {processor.py:183} INFO - Processing /Users/gaurav/Documents/Breast-Cancer-ML-Pipeline/venv/lib/python3.9/site-packages/airflow/example_dags/example_external_task_marker_dag.py took 0.080 seconds
[2025-04-21T17:51:43.794-0400] {processor.py:161} INFO - Started process (PID=88972) to work on /Users/gaurav/Documents/Breast-Cancer-ML-Pipeline/venv/lib/python3.9/site-packages/airflow/example_dags/example_external_task_marker_dag.py
[2025-04-21T17:51:43.796-0400] {processor.py:830} INFO - Processing file /Users/gaurav/Documents/Breast-Cancer-ML-Pipeline/venv/lib/python3.9/site-packages/airflow/example_dags/example_external_task_marker_dag.py for tasks to queue
[2025-04-21T17:51:43.796-0400] {logging_mixin.py:188} INFO - [2025-04-21T17:51:43.796-0400] {dagbag.py:538} INFO - Filling up the DagBag from /Users/gaurav/Documents/Breast-Cancer-ML-Pipeline/venv/lib/python3.9/site-packages/airflow/example_dags/example_external_task_marker_dag.py
[2025-04-21T17:51:43.803-0400] {processor.py:840} INFO - DAG(s) 'example_external_task_marker_child', 'example_external_task_marker_parent' retrieved from /Users/gaurav/Documents/Breast-Cancer-ML-Pipeline/venv/lib/python3.9/site-packages/airflow/example_dags/example_external_task_marker_dag.py
[2025-04-21T17:51:43.862-0400] {logging_mixin.py:188} INFO - [2025-04-21T17:51:43.862-0400] {dag.py:3036} INFO - Sync 2 DAGs
[2025-04-21T17:51:43.870-0400] {logging_mixin.py:188} INFO - [2025-04-21T17:51:43.870-0400] {dag.py:3823} INFO - Setting next_dagrun for example_external_task_marker_child to None, run_after=None
[2025-04-21T17:51:43.872-0400] {logging_mixin.py:188} INFO - [2025-04-21T17:51:43.872-0400] {dag.py:3823} INFO - Setting next_dagrun for example_external_task_marker_parent to None, run_after=None
[2025-04-21T17:51:43.883-0400] {processor.py:183} INFO - Processing /Users/gaurav/Documents/Breast-Cancer-ML-Pipeline/venv/lib/python3.9/site-packages/airflow/example_dags/example_external_task_marker_dag.py took 0.089 seconds
[2025-04-21T17:52:38.326-0400] {processor.py:161} INFO - Started process (PID=89039) to work on /Users/gaurav/Documents/Breast-Cancer-ML-Pipeline/venv/lib/python3.9/site-packages/airflow/example_dags/example_external_task_marker_dag.py
[2025-04-21T17:52:38.328-0400] {processor.py:830} INFO - Processing file /Users/gaurav/Documents/Breast-Cancer-ML-Pipeline/venv/lib/python3.9/site-packages/airflow/example_dags/example_external_task_marker_dag.py for tasks to queue
[2025-04-21T17:52:38.328-0400] {logging_mixin.py:188} INFO - [2025-04-21T17:52:38.328-0400] {dagbag.py:538} INFO - Filling up the DagBag from /Users/gaurav/Documents/Breast-Cancer-ML-Pipeline/venv/lib/python3.9/site-packages/airflow/example_dags/example_external_task_marker_dag.py
[2025-04-21T17:52:38.336-0400] {processor.py:840} INFO - DAG(s) 'example_external_task_marker_child', 'example_external_task_marker_parent' retrieved from /Users/gaurav/Documents/Breast-Cancer-ML-Pipeline/venv/lib/python3.9/site-packages/airflow/example_dags/example_external_task_marker_dag.py
[2025-04-21T17:52:38.395-0400] {logging_mixin.py:188} INFO - [2025-04-21T17:52:38.395-0400] {dag.py:3036} INFO - Sync 2 DAGs
[2025-04-21T17:52:38.401-0400] {logging_mixin.py:188} INFO - [2025-04-21T17:52:38.401-0400] {dag.py:3823} INFO - Setting next_dagrun for example_external_task_marker_child to None, run_after=None
[2025-04-21T17:52:38.402-0400] {logging_mixin.py:188} INFO - [2025-04-21T17:52:38.402-0400] {dag.py:3823} INFO - Setting next_dagrun for example_external_task_marker_parent to None, run_after=None
[2025-04-21T17:52:38.417-0400] {processor.py:183} INFO - Processing /Users/gaurav/Documents/Breast-Cancer-ML-Pipeline/venv/lib/python3.9/site-packages/airflow/example_dags/example_external_task_marker_dag.py took 0.092 seconds
[2025-04-21T17:53:29.941-0400] {processor.py:161} INFO - Started process (PID=89109) to work on /Users/gaurav/Documents/Breast-Cancer-ML-Pipeline/venv/lib/python3.9/site-packages/airflow/example_dags/example_external_task_marker_dag.py
[2025-04-21T17:53:29.943-0400] {processor.py:830} INFO - Processing file /Users/gaurav/Documents/Breast-Cancer-ML-Pipeline/venv/lib/python3.9/site-packages/airflow/example_dags/example_external_task_marker_dag.py for tasks to queue
[2025-04-21T17:53:29.944-0400] {logging_mixin.py:188} INFO - [2025-04-21T17:53:29.944-0400] {dagbag.py:538} INFO - Filling up the DagBag from /Users/gaurav/Documents/Breast-Cancer-ML-Pipeline/venv/lib/python3.9/site-packages/airflow/example_dags/example_external_task_marker_dag.py
[2025-04-21T17:53:29.951-0400] {processor.py:840} INFO - DAG(s) 'example_external_task_marker_child', 'example_external_task_marker_parent' retrieved from /Users/gaurav/Documents/Breast-Cancer-ML-Pipeline/venv/lib/python3.9/site-packages/airflow/example_dags/example_external_task_marker_dag.py
[2025-04-21T17:53:30.006-0400] {logging_mixin.py:188} INFO - [2025-04-21T17:53:30.005-0400] {dag.py:3036} INFO - Sync 2 DAGs
[2025-04-21T17:53:30.011-0400] {logging_mixin.py:188} INFO - [2025-04-21T17:53:30.011-0400] {dag.py:3823} INFO - Setting next_dagrun for example_external_task_marker_child to None, run_after=None
[2025-04-21T17:53:30.013-0400] {logging_mixin.py:188} INFO - [2025-04-21T17:53:30.013-0400] {dag.py:3823} INFO - Setting next_dagrun for example_external_task_marker_parent to None, run_after=None
[2025-04-21T17:53:30.022-0400] {processor.py:183} INFO - Processing /Users/gaurav/Documents/Breast-Cancer-ML-Pipeline/venv/lib/python3.9/site-packages/airflow/example_dags/example_external_task_marker_dag.py took 0.081 seconds
[2025-04-21T17:54:46.552-0400] {processor.py:161} INFO - Started process (PID=89221) to work on /Users/gaurav/Documents/Breast-Cancer-ML-Pipeline/venv/lib/python3.9/site-packages/airflow/example_dags/example_external_task_marker_dag.py
[2025-04-21T17:54:46.554-0400] {processor.py:830} INFO - Processing file /Users/gaurav/Documents/Breast-Cancer-ML-Pipeline/venv/lib/python3.9/site-packages/airflow/example_dags/example_external_task_marker_dag.py for tasks to queue
[2025-04-21T17:54:46.554-0400] {logging_mixin.py:188} INFO - [2025-04-21T17:54:46.554-0400] {dagbag.py:538} INFO - Filling up the DagBag from /Users/gaurav/Documents/Breast-Cancer-ML-Pipeline/venv/lib/python3.9/site-packages/airflow/example_dags/example_external_task_marker_dag.py
[2025-04-21T17:54:46.561-0400] {processor.py:840} INFO - DAG(s) 'example_external_task_marker_child', 'example_external_task_marker_parent' retrieved from /Users/gaurav/Documents/Breast-Cancer-ML-Pipeline/venv/lib/python3.9/site-packages/airflow/example_dags/example_external_task_marker_dag.py
[2025-04-21T17:54:46.621-0400] {logging_mixin.py:188} INFO - [2025-04-21T17:54:46.620-0400] {dag.py:3036} INFO - Sync 2 DAGs
[2025-04-21T17:54:46.626-0400] {logging_mixin.py:188} INFO - [2025-04-21T17:54:46.626-0400] {dag.py:3823} INFO - Setting next_dagrun for example_external_task_marker_child to None, run_after=None
[2025-04-21T17:54:46.628-0400] {logging_mixin.py:188} INFO - [2025-04-21T17:54:46.628-0400] {dag.py:3823} INFO - Setting next_dagrun for example_external_task_marker_parent to None, run_after=None
[2025-04-21T17:54:46.636-0400] {processor.py:183} INFO - Processing /Users/gaurav/Documents/Breast-Cancer-ML-Pipeline/venv/lib/python3.9/site-packages/airflow/example_dags/example_external_task_marker_dag.py took 0.085 seconds
