[2025-04-21T16:38:49.047-0400] {processor.py:161} INFO - Started process (PID=83525) to work on /Users/gaurav/Documents/Breast-Cancer-ML-Pipeline/venv/lib/python3.9/site-packages/airflow/example_dags/example_task_group.py
[2025-04-21T16:38:49.048-0400] {processor.py:830} INFO - Processing file /Users/gaurav/Documents/Breast-Cancer-ML-Pipeline/venv/lib/python3.9/site-packages/airflow/example_dags/example_task_group.py for tasks to queue
[2025-04-21T16:38:49.049-0400] {logging_mixin.py:188} INFO - [2025-04-21T16:38:49.049-0400] {dagbag.py:538} INFO - Filling up the DagBag from /Users/gaurav/Documents/Breast-Cancer-ML-Pipeline/venv/lib/python3.9/site-packages/airflow/example_dags/example_task_group.py
[2025-04-21T16:38:49.056-0400] {processor.py:840} INFO - DAG(s) 'example_task_group' retrieved from /Users/gaurav/Documents/Breast-Cancer-ML-Pipeline/venv/lib/python3.9/site-packages/airflow/example_dags/example_task_group.py
[2025-04-21T16:38:49.183-0400] {logging_mixin.py:188} INFO - [2025-04-21T16:38:49.182-0400] {override.py:1769} INFO - Created Permission View: can edit on DAG:example_task_group
[2025-04-21T16:38:49.188-0400] {logging_mixin.py:188} INFO - [2025-04-21T16:38:49.188-0400] {override.py:1769} INFO - Created Permission View: can read on DAG:example_task_group
[2025-04-21T16:38:49.192-0400] {logging_mixin.py:188} INFO - [2025-04-21T16:38:49.192-0400] {override.py:1769} INFO - Created Permission View: can delete on DAG:example_task_group
[2025-04-21T16:38:49.192-0400] {logging_mixin.py:188} INFO - [2025-04-21T16:38:49.192-0400] {dag.py:3036} INFO - Sync 1 DAGs
[2025-04-21T16:38:49.198-0400] {logging_mixin.py:188} INFO - [2025-04-21T16:38:49.198-0400] {dag.py:3058} INFO - Creating ORM DAG for example_task_group
[2025-04-21T16:38:49.204-0400] {logging_mixin.py:188} INFO - [2025-04-21T16:38:49.204-0400] {dag.py:3823} INFO - Setting next_dagrun for example_task_group to 2025-04-20 00:00:00+00:00, run_after=2025-04-21 00:00:00+00:00
[2025-04-21T16:38:49.216-0400] {processor.py:183} INFO - Processing /Users/gaurav/Documents/Breast-Cancer-ML-Pipeline/venv/lib/python3.9/site-packages/airflow/example_dags/example_task_group.py took 0.169 seconds
[2025-04-21T16:40:44.295-0400] {processor.py:161} INFO - Started process (PID=83635) to work on /Users/gaurav/Documents/Breast-Cancer-ML-Pipeline/venv/lib/python3.9/site-packages/airflow/example_dags/example_task_group.py
[2025-04-21T16:40:44.297-0400] {processor.py:830} INFO - Processing file /Users/gaurav/Documents/Breast-Cancer-ML-Pipeline/venv/lib/python3.9/site-packages/airflow/example_dags/example_task_group.py for tasks to queue
[2025-04-21T16:40:44.297-0400] {logging_mixin.py:188} INFO - [2025-04-21T16:40:44.297-0400] {dagbag.py:538} INFO - Filling up the DagBag from /Users/gaurav/Documents/Breast-Cancer-ML-Pipeline/venv/lib/python3.9/site-packages/airflow/example_dags/example_task_group.py
[2025-04-21T16:40:44.304-0400] {processor.py:840} INFO - DAG(s) 'example_task_group' retrieved from /Users/gaurav/Documents/Breast-Cancer-ML-Pipeline/venv/lib/python3.9/site-packages/airflow/example_dags/example_task_group.py
[2025-04-21T16:40:44.370-0400] {logging_mixin.py:188} INFO - [2025-04-21T16:40:44.370-0400] {dag.py:3036} INFO - Sync 1 DAGs
[2025-04-21T16:40:44.381-0400] {logging_mixin.py:188} INFO - [2025-04-21T16:40:44.381-0400] {dag.py:3823} INFO - Setting next_dagrun for example_task_group to 2025-04-20 00:00:00+00:00, run_after=2025-04-21 00:00:00+00:00
[2025-04-21T16:40:44.393-0400] {processor.py:183} INFO - Processing /Users/gaurav/Documents/Breast-Cancer-ML-Pipeline/venv/lib/python3.9/site-packages/airflow/example_dags/example_task_group.py took 0.099 seconds
[2025-04-21T16:42:04.317-0400] {processor.py:161} INFO - Started process (PID=83698) to work on /Users/gaurav/Documents/Breast-Cancer-ML-Pipeline/venv/lib/python3.9/site-packages/airflow/example_dags/example_task_group.py
[2025-04-21T16:42:04.319-0400] {processor.py:830} INFO - Processing file /Users/gaurav/Documents/Breast-Cancer-ML-Pipeline/venv/lib/python3.9/site-packages/airflow/example_dags/example_task_group.py for tasks to queue
[2025-04-21T16:42:04.320-0400] {logging_mixin.py:188} INFO - [2025-04-21T16:42:04.319-0400] {dagbag.py:538} INFO - Filling up the DagBag from /Users/gaurav/Documents/Breast-Cancer-ML-Pipeline/venv/lib/python3.9/site-packages/airflow/example_dags/example_task_group.py
[2025-04-21T16:42:04.326-0400] {processor.py:840} INFO - DAG(s) 'example_task_group' retrieved from /Users/gaurav/Documents/Breast-Cancer-ML-Pipeline/venv/lib/python3.9/site-packages/airflow/example_dags/example_task_group.py
[2025-04-21T16:42:04.399-0400] {logging_mixin.py:188} INFO - [2025-04-21T16:42:04.399-0400] {dag.py:3036} INFO - Sync 1 DAGs
[2025-04-21T16:42:04.412-0400] {logging_mixin.py:188} INFO - [2025-04-21T16:42:04.412-0400] {dag.py:3823} INFO - Setting next_dagrun for example_task_group to 2025-04-20 00:00:00+00:00, run_after=2025-04-21 00:00:00+00:00
[2025-04-21T16:42:04.425-0400] {processor.py:183} INFO - Processing /Users/gaurav/Documents/Breast-Cancer-ML-Pipeline/venv/lib/python3.9/site-packages/airflow/example_dags/example_task_group.py took 0.109 seconds
[2025-04-21T16:43:25.430-0400] {processor.py:161} INFO - Started process (PID=83764) to work on /Users/gaurav/Documents/Breast-Cancer-ML-Pipeline/venv/lib/python3.9/site-packages/airflow/example_dags/example_task_group.py
[2025-04-21T16:43:25.432-0400] {processor.py:830} INFO - Processing file /Users/gaurav/Documents/Breast-Cancer-ML-Pipeline/venv/lib/python3.9/site-packages/airflow/example_dags/example_task_group.py for tasks to queue
[2025-04-21T16:43:25.433-0400] {logging_mixin.py:188} INFO - [2025-04-21T16:43:25.433-0400] {dagbag.py:538} INFO - Filling up the DagBag from /Users/gaurav/Documents/Breast-Cancer-ML-Pipeline/venv/lib/python3.9/site-packages/airflow/example_dags/example_task_group.py
[2025-04-21T16:43:25.439-0400] {processor.py:840} INFO - DAG(s) 'example_task_group' retrieved from /Users/gaurav/Documents/Breast-Cancer-ML-Pipeline/venv/lib/python3.9/site-packages/airflow/example_dags/example_task_group.py
[2025-04-21T16:43:25.516-0400] {logging_mixin.py:188} INFO - [2025-04-21T16:43:25.515-0400] {dag.py:3036} INFO - Sync 1 DAGs
[2025-04-21T16:43:25.530-0400] {logging_mixin.py:188} INFO - [2025-04-21T16:43:25.530-0400] {dag.py:3823} INFO - Setting next_dagrun for example_task_group to 2025-04-20 00:00:00+00:00, run_after=2025-04-21 00:00:00+00:00
[2025-04-21T16:43:25.545-0400] {processor.py:183} INFO - Processing /Users/gaurav/Documents/Breast-Cancer-ML-Pipeline/venv/lib/python3.9/site-packages/airflow/example_dags/example_task_group.py took 0.116 seconds
[2025-04-21T16:44:48.579-0400] {processor.py:161} INFO - Started process (PID=83845) to work on /Users/gaurav/Documents/Breast-Cancer-ML-Pipeline/venv/lib/python3.9/site-packages/airflow/example_dags/example_task_group.py
[2025-04-21T16:44:48.580-0400] {processor.py:830} INFO - Processing file /Users/gaurav/Documents/Breast-Cancer-ML-Pipeline/venv/lib/python3.9/site-packages/airflow/example_dags/example_task_group.py for tasks to queue
[2025-04-21T16:44:48.581-0400] {logging_mixin.py:188} INFO - [2025-04-21T16:44:48.581-0400] {dagbag.py:538} INFO - Filling up the DagBag from /Users/gaurav/Documents/Breast-Cancer-ML-Pipeline/venv/lib/python3.9/site-packages/airflow/example_dags/example_task_group.py
[2025-04-21T16:44:48.588-0400] {processor.py:840} INFO - DAG(s) 'example_task_group' retrieved from /Users/gaurav/Documents/Breast-Cancer-ML-Pipeline/venv/lib/python3.9/site-packages/airflow/example_dags/example_task_group.py
[2025-04-21T16:44:48.662-0400] {logging_mixin.py:188} INFO - [2025-04-21T16:44:48.661-0400] {dag.py:3036} INFO - Sync 1 DAGs
[2025-04-21T16:44:48.676-0400] {logging_mixin.py:188} INFO - [2025-04-21T16:44:48.676-0400] {dag.py:3823} INFO - Setting next_dagrun for example_task_group to 2025-04-20 00:00:00+00:00, run_after=2025-04-21 00:00:00+00:00
[2025-04-21T16:44:48.689-0400] {processor.py:183} INFO - Processing /Users/gaurav/Documents/Breast-Cancer-ML-Pipeline/venv/lib/python3.9/site-packages/airflow/example_dags/example_task_group.py took 0.112 seconds
[2025-04-21T16:46:48.550-0400] {processor.py:161} INFO - Started process (PID=84002) to work on /Users/gaurav/Documents/Breast-Cancer-ML-Pipeline/venv/lib/python3.9/site-packages/airflow/example_dags/example_task_group.py
[2025-04-21T16:46:48.551-0400] {processor.py:830} INFO - Processing file /Users/gaurav/Documents/Breast-Cancer-ML-Pipeline/venv/lib/python3.9/site-packages/airflow/example_dags/example_task_group.py for tasks to queue
[2025-04-21T16:46:48.552-0400] {logging_mixin.py:188} INFO - [2025-04-21T16:46:48.552-0400] {dagbag.py:538} INFO - Filling up the DagBag from /Users/gaurav/Documents/Breast-Cancer-ML-Pipeline/venv/lib/python3.9/site-packages/airflow/example_dags/example_task_group.py
[2025-04-21T16:46:48.558-0400] {processor.py:840} INFO - DAG(s) 'example_task_group' retrieved from /Users/gaurav/Documents/Breast-Cancer-ML-Pipeline/venv/lib/python3.9/site-packages/airflow/example_dags/example_task_group.py
[2025-04-21T16:46:48.628-0400] {logging_mixin.py:188} INFO - [2025-04-21T16:46:48.628-0400] {dag.py:3036} INFO - Sync 1 DAGs
[2025-04-21T16:46:48.641-0400] {logging_mixin.py:188} INFO - [2025-04-21T16:46:48.641-0400] {dag.py:3823} INFO - Setting next_dagrun for example_task_group to 2025-04-20 00:00:00+00:00, run_after=2025-04-21 00:00:00+00:00
[2025-04-21T16:46:48.655-0400] {processor.py:183} INFO - Processing /Users/gaurav/Documents/Breast-Cancer-ML-Pipeline/venv/lib/python3.9/site-packages/airflow/example_dags/example_task_group.py took 0.106 seconds
[2025-04-21T16:47:50.619-0400] {processor.py:161} INFO - Started process (PID=84068) to work on /Users/gaurav/Documents/Breast-Cancer-ML-Pipeline/venv/lib/python3.9/site-packages/airflow/example_dags/example_task_group.py
[2025-04-21T16:47:50.620-0400] {processor.py:830} INFO - Processing file /Users/gaurav/Documents/Breast-Cancer-ML-Pipeline/venv/lib/python3.9/site-packages/airflow/example_dags/example_task_group.py for tasks to queue
[2025-04-21T16:47:50.620-0400] {logging_mixin.py:188} INFO - [2025-04-21T16:47:50.620-0400] {dagbag.py:538} INFO - Filling up the DagBag from /Users/gaurav/Documents/Breast-Cancer-ML-Pipeline/venv/lib/python3.9/site-packages/airflow/example_dags/example_task_group.py
[2025-04-21T16:47:50.627-0400] {processor.py:840} INFO - DAG(s) 'example_task_group' retrieved from /Users/gaurav/Documents/Breast-Cancer-ML-Pipeline/venv/lib/python3.9/site-packages/airflow/example_dags/example_task_group.py
[2025-04-21T16:47:50.695-0400] {logging_mixin.py:188} INFO - [2025-04-21T16:47:50.695-0400] {dag.py:3036} INFO - Sync 1 DAGs
[2025-04-21T16:47:50.707-0400] {logging_mixin.py:188} INFO - [2025-04-21T16:47:50.707-0400] {dag.py:3823} INFO - Setting next_dagrun for example_task_group to 2025-04-20 00:00:00+00:00, run_after=2025-04-21 00:00:00+00:00
[2025-04-21T16:47:50.719-0400] {processor.py:183} INFO - Processing /Users/gaurav/Documents/Breast-Cancer-ML-Pipeline/venv/lib/python3.9/site-packages/airflow/example_dags/example_task_group.py took 0.101 seconds
[2025-04-21T16:49:02.352-0400] {processor.py:161} INFO - Started process (PID=84150) to work on /Users/gaurav/Documents/Breast-Cancer-ML-Pipeline/venv/lib/python3.9/site-packages/airflow/example_dags/example_task_group.py
[2025-04-21T16:49:02.354-0400] {processor.py:830} INFO - Processing file /Users/gaurav/Documents/Breast-Cancer-ML-Pipeline/venv/lib/python3.9/site-packages/airflow/example_dags/example_task_group.py for tasks to queue
[2025-04-21T16:49:02.354-0400] {logging_mixin.py:188} INFO - [2025-04-21T16:49:02.354-0400] {dagbag.py:538} INFO - Filling up the DagBag from /Users/gaurav/Documents/Breast-Cancer-ML-Pipeline/venv/lib/python3.9/site-packages/airflow/example_dags/example_task_group.py
[2025-04-21T16:49:02.360-0400] {processor.py:840} INFO - DAG(s) 'example_task_group' retrieved from /Users/gaurav/Documents/Breast-Cancer-ML-Pipeline/venv/lib/python3.9/site-packages/airflow/example_dags/example_task_group.py
[2025-04-21T16:49:02.425-0400] {logging_mixin.py:188} INFO - [2025-04-21T16:49:02.425-0400] {dag.py:3036} INFO - Sync 1 DAGs
[2025-04-21T16:49:02.437-0400] {logging_mixin.py:188} INFO - [2025-04-21T16:49:02.437-0400] {dag.py:3823} INFO - Setting next_dagrun for example_task_group to 2025-04-20 00:00:00+00:00, run_after=2025-04-21 00:00:00+00:00
[2025-04-21T16:49:02.449-0400] {processor.py:183} INFO - Processing /Users/gaurav/Documents/Breast-Cancer-ML-Pipeline/venv/lib/python3.9/site-packages/airflow/example_dags/example_task_group.py took 0.098 seconds
[2025-04-21T16:50:14.391-0400] {processor.py:161} INFO - Started process (PID=84235) to work on /Users/gaurav/Documents/Breast-Cancer-ML-Pipeline/venv/lib/python3.9/site-packages/airflow/example_dags/example_task_group.py
[2025-04-21T16:50:14.393-0400] {processor.py:830} INFO - Processing file /Users/gaurav/Documents/Breast-Cancer-ML-Pipeline/venv/lib/python3.9/site-packages/airflow/example_dags/example_task_group.py for tasks to queue
[2025-04-21T16:50:14.393-0400] {logging_mixin.py:188} INFO - [2025-04-21T16:50:14.393-0400] {dagbag.py:538} INFO - Filling up the DagBag from /Users/gaurav/Documents/Breast-Cancer-ML-Pipeline/venv/lib/python3.9/site-packages/airflow/example_dags/example_task_group.py
[2025-04-21T16:50:14.400-0400] {processor.py:840} INFO - DAG(s) 'example_task_group' retrieved from /Users/gaurav/Documents/Breast-Cancer-ML-Pipeline/venv/lib/python3.9/site-packages/airflow/example_dags/example_task_group.py
[2025-04-21T16:50:14.472-0400] {logging_mixin.py:188} INFO - [2025-04-21T16:50:14.472-0400] {dag.py:3036} INFO - Sync 1 DAGs
[2025-04-21T16:50:14.485-0400] {logging_mixin.py:188} INFO - [2025-04-21T16:50:14.484-0400] {dag.py:3823} INFO - Setting next_dagrun for example_task_group to 2025-04-20 00:00:00+00:00, run_after=2025-04-21 00:00:00+00:00
[2025-04-21T16:50:14.497-0400] {processor.py:183} INFO - Processing /Users/gaurav/Documents/Breast-Cancer-ML-Pipeline/venv/lib/python3.9/site-packages/airflow/example_dags/example_task_group.py took 0.107 seconds
[2025-04-21T16:51:35.027-0400] {processor.py:161} INFO - Started process (PID=84325) to work on /Users/gaurav/Documents/Breast-Cancer-ML-Pipeline/venv/lib/python3.9/site-packages/airflow/example_dags/example_task_group.py
[2025-04-21T16:51:35.029-0400] {processor.py:830} INFO - Processing file /Users/gaurav/Documents/Breast-Cancer-ML-Pipeline/venv/lib/python3.9/site-packages/airflow/example_dags/example_task_group.py for tasks to queue
[2025-04-21T16:51:35.029-0400] {logging_mixin.py:188} INFO - [2025-04-21T16:51:35.029-0400] {dagbag.py:538} INFO - Filling up the DagBag from /Users/gaurav/Documents/Breast-Cancer-ML-Pipeline/venv/lib/python3.9/site-packages/airflow/example_dags/example_task_group.py
[2025-04-21T16:51:35.036-0400] {processor.py:840} INFO - DAG(s) 'example_task_group' retrieved from /Users/gaurav/Documents/Breast-Cancer-ML-Pipeline/venv/lib/python3.9/site-packages/airflow/example_dags/example_task_group.py
[2025-04-21T16:51:35.103-0400] {logging_mixin.py:188} INFO - [2025-04-21T16:51:35.103-0400] {dag.py:3036} INFO - Sync 1 DAGs
[2025-04-21T16:51:35.116-0400] {logging_mixin.py:188} INFO - [2025-04-21T16:51:35.116-0400] {dag.py:3823} INFO - Setting next_dagrun for example_task_group to 2025-04-20 00:00:00+00:00, run_after=2025-04-21 00:00:00+00:00
[2025-04-21T16:51:35.128-0400] {processor.py:183} INFO - Processing /Users/gaurav/Documents/Breast-Cancer-ML-Pipeline/venv/lib/python3.9/site-packages/airflow/example_dags/example_task_group.py took 0.102 seconds
[2025-04-21T16:52:56.637-0400] {processor.py:161} INFO - Started process (PID=84427) to work on /Users/gaurav/Documents/Breast-Cancer-ML-Pipeline/venv/lib/python3.9/site-packages/airflow/example_dags/example_task_group.py
[2025-04-21T16:52:56.638-0400] {processor.py:830} INFO - Processing file /Users/gaurav/Documents/Breast-Cancer-ML-Pipeline/venv/lib/python3.9/site-packages/airflow/example_dags/example_task_group.py for tasks to queue
[2025-04-21T16:52:56.639-0400] {logging_mixin.py:188} INFO - [2025-04-21T16:52:56.639-0400] {dagbag.py:538} INFO - Filling up the DagBag from /Users/gaurav/Documents/Breast-Cancer-ML-Pipeline/venv/lib/python3.9/site-packages/airflow/example_dags/example_task_group.py
[2025-04-21T16:52:56.646-0400] {processor.py:840} INFO - DAG(s) 'example_task_group' retrieved from /Users/gaurav/Documents/Breast-Cancer-ML-Pipeline/venv/lib/python3.9/site-packages/airflow/example_dags/example_task_group.py
[2025-04-21T16:52:56.714-0400] {logging_mixin.py:188} INFO - [2025-04-21T16:52:56.714-0400] {dag.py:3036} INFO - Sync 1 DAGs
[2025-04-21T16:52:56.728-0400] {logging_mixin.py:188} INFO - [2025-04-21T16:52:56.728-0400] {dag.py:3823} INFO - Setting next_dagrun for example_task_group to 2025-04-20 00:00:00+00:00, run_after=2025-04-21 00:00:00+00:00
[2025-04-21T16:52:56.740-0400] {processor.py:183} INFO - Processing /Users/gaurav/Documents/Breast-Cancer-ML-Pipeline/venv/lib/python3.9/site-packages/airflow/example_dags/example_task_group.py took 0.104 seconds
[2025-04-21T16:54:15.309-0400] {processor.py:161} INFO - Started process (PID=84529) to work on /Users/gaurav/Documents/Breast-Cancer-ML-Pipeline/venv/lib/python3.9/site-packages/airflow/example_dags/example_task_group.py
[2025-04-21T16:54:15.311-0400] {processor.py:830} INFO - Processing file /Users/gaurav/Documents/Breast-Cancer-ML-Pipeline/venv/lib/python3.9/site-packages/airflow/example_dags/example_task_group.py for tasks to queue
[2025-04-21T16:54:15.312-0400] {logging_mixin.py:188} INFO - [2025-04-21T16:54:15.312-0400] {dagbag.py:538} INFO - Filling up the DagBag from /Users/gaurav/Documents/Breast-Cancer-ML-Pipeline/venv/lib/python3.9/site-packages/airflow/example_dags/example_task_group.py
[2025-04-21T16:54:15.318-0400] {processor.py:840} INFO - DAG(s) 'example_task_group' retrieved from /Users/gaurav/Documents/Breast-Cancer-ML-Pipeline/venv/lib/python3.9/site-packages/airflow/example_dags/example_task_group.py
[2025-04-21T16:54:15.389-0400] {logging_mixin.py:188} INFO - [2025-04-21T16:54:15.389-0400] {dag.py:3036} INFO - Sync 1 DAGs
[2025-04-21T16:54:15.401-0400] {logging_mixin.py:188} INFO - [2025-04-21T16:54:15.401-0400] {dag.py:3823} INFO - Setting next_dagrun for example_task_group to 2025-04-20 00:00:00+00:00, run_after=2025-04-21 00:00:00+00:00
[2025-04-21T16:54:15.413-0400] {processor.py:183} INFO - Processing /Users/gaurav/Documents/Breast-Cancer-ML-Pipeline/venv/lib/python3.9/site-packages/airflow/example_dags/example_task_group.py took 0.105 seconds
[2025-04-21T16:56:12.511-0400] {processor.py:161} INFO - Started process (PID=84668) to work on /Users/gaurav/Documents/Breast-Cancer-ML-Pipeline/venv/lib/python3.9/site-packages/airflow/example_dags/example_task_group.py
[2025-04-21T16:56:12.513-0400] {processor.py:830} INFO - Processing file /Users/gaurav/Documents/Breast-Cancer-ML-Pipeline/venv/lib/python3.9/site-packages/airflow/example_dags/example_task_group.py for tasks to queue
[2025-04-21T16:56:12.513-0400] {logging_mixin.py:188} INFO - [2025-04-21T16:56:12.513-0400] {dagbag.py:538} INFO - Filling up the DagBag from /Users/gaurav/Documents/Breast-Cancer-ML-Pipeline/venv/lib/python3.9/site-packages/airflow/example_dags/example_task_group.py
[2025-04-21T16:56:12.519-0400] {processor.py:840} INFO - DAG(s) 'example_task_group' retrieved from /Users/gaurav/Documents/Breast-Cancer-ML-Pipeline/venv/lib/python3.9/site-packages/airflow/example_dags/example_task_group.py
[2025-04-21T16:56:12.651-0400] {logging_mixin.py:188} INFO - [2025-04-21T16:56:12.651-0400] {dag.py:3036} INFO - Sync 1 DAGs
[2025-04-21T16:56:12.663-0400] {logging_mixin.py:188} INFO - [2025-04-21T16:56:12.663-0400] {dag.py:3823} INFO - Setting next_dagrun for example_task_group to 2025-04-20 00:00:00+00:00, run_after=2025-04-21 00:00:00+00:00
[2025-04-21T16:56:12.678-0400] {processor.py:183} INFO - Processing /Users/gaurav/Documents/Breast-Cancer-ML-Pipeline/venv/lib/python3.9/site-packages/airflow/example_dags/example_task_group.py took 0.168 seconds
[2025-04-21T16:57:30.972-0400] {processor.py:161} INFO - Started process (PID=84776) to work on /Users/gaurav/Documents/Breast-Cancer-ML-Pipeline/venv/lib/python3.9/site-packages/airflow/example_dags/example_task_group.py
[2025-04-21T16:57:30.974-0400] {processor.py:830} INFO - Processing file /Users/gaurav/Documents/Breast-Cancer-ML-Pipeline/venv/lib/python3.9/site-packages/airflow/example_dags/example_task_group.py for tasks to queue
[2025-04-21T16:57:30.974-0400] {logging_mixin.py:188} INFO - [2025-04-21T16:57:30.974-0400] {dagbag.py:538} INFO - Filling up the DagBag from /Users/gaurav/Documents/Breast-Cancer-ML-Pipeline/venv/lib/python3.9/site-packages/airflow/example_dags/example_task_group.py
[2025-04-21T16:57:30.981-0400] {processor.py:840} INFO - DAG(s) 'example_task_group' retrieved from /Users/gaurav/Documents/Breast-Cancer-ML-Pipeline/venv/lib/python3.9/site-packages/airflow/example_dags/example_task_group.py
[2025-04-21T16:57:31.051-0400] {logging_mixin.py:188} INFO - [2025-04-21T16:57:31.050-0400] {dag.py:3036} INFO - Sync 1 DAGs
[2025-04-21T16:57:31.063-0400] {logging_mixin.py:188} INFO - [2025-04-21T16:57:31.063-0400] {dag.py:3823} INFO - Setting next_dagrun for example_task_group to 2025-04-20 00:00:00+00:00, run_after=2025-04-21 00:00:00+00:00
[2025-04-21T16:57:31.076-0400] {processor.py:183} INFO - Processing /Users/gaurav/Documents/Breast-Cancer-ML-Pipeline/venv/lib/python3.9/site-packages/airflow/example_dags/example_task_group.py took 0.107 seconds
[2025-04-21T16:58:51.222-0400] {processor.py:161} INFO - Started process (PID=84875) to work on /Users/gaurav/Documents/Breast-Cancer-ML-Pipeline/venv/lib/python3.9/site-packages/airflow/example_dags/example_task_group.py
[2025-04-21T16:58:51.224-0400] {processor.py:830} INFO - Processing file /Users/gaurav/Documents/Breast-Cancer-ML-Pipeline/venv/lib/python3.9/site-packages/airflow/example_dags/example_task_group.py for tasks to queue
[2025-04-21T16:58:51.224-0400] {logging_mixin.py:188} INFO - [2025-04-21T16:58:51.224-0400] {dagbag.py:538} INFO - Filling up the DagBag from /Users/gaurav/Documents/Breast-Cancer-ML-Pipeline/venv/lib/python3.9/site-packages/airflow/example_dags/example_task_group.py
[2025-04-21T16:58:51.230-0400] {processor.py:840} INFO - DAG(s) 'example_task_group' retrieved from /Users/gaurav/Documents/Breast-Cancer-ML-Pipeline/venv/lib/python3.9/site-packages/airflow/example_dags/example_task_group.py
[2025-04-21T16:58:51.298-0400] {logging_mixin.py:188} INFO - [2025-04-21T16:58:51.298-0400] {dag.py:3036} INFO - Sync 1 DAGs
[2025-04-21T16:58:51.310-0400] {logging_mixin.py:188} INFO - [2025-04-21T16:58:51.310-0400] {dag.py:3823} INFO - Setting next_dagrun for example_task_group to 2025-04-20 00:00:00+00:00, run_after=2025-04-21 00:00:00+00:00
[2025-04-21T16:58:51.322-0400] {processor.py:183} INFO - Processing /Users/gaurav/Documents/Breast-Cancer-ML-Pipeline/venv/lib/python3.9/site-packages/airflow/example_dags/example_task_group.py took 0.100 seconds
[2025-04-21T17:00:09.134-0400] {processor.py:161} INFO - Started process (PID=84962) to work on /Users/gaurav/Documents/Breast-Cancer-ML-Pipeline/venv/lib/python3.9/site-packages/airflow/example_dags/example_task_group.py
[2025-04-21T17:00:09.135-0400] {processor.py:830} INFO - Processing file /Users/gaurav/Documents/Breast-Cancer-ML-Pipeline/venv/lib/python3.9/site-packages/airflow/example_dags/example_task_group.py for tasks to queue
[2025-04-21T17:00:09.136-0400] {logging_mixin.py:188} INFO - [2025-04-21T17:00:09.136-0400] {dagbag.py:538} INFO - Filling up the DagBag from /Users/gaurav/Documents/Breast-Cancer-ML-Pipeline/venv/lib/python3.9/site-packages/airflow/example_dags/example_task_group.py
[2025-04-21T17:00:09.142-0400] {processor.py:840} INFO - DAG(s) 'example_task_group' retrieved from /Users/gaurav/Documents/Breast-Cancer-ML-Pipeline/venv/lib/python3.9/site-packages/airflow/example_dags/example_task_group.py
[2025-04-21T17:00:09.208-0400] {logging_mixin.py:188} INFO - [2025-04-21T17:00:09.208-0400] {dag.py:3036} INFO - Sync 1 DAGs
[2025-04-21T17:00:09.219-0400] {logging_mixin.py:188} INFO - [2025-04-21T17:00:09.219-0400] {dag.py:3823} INFO - Setting next_dagrun for example_task_group to 2025-04-20 00:00:00+00:00, run_after=2025-04-21 00:00:00+00:00
[2025-04-21T17:00:09.231-0400] {processor.py:183} INFO - Processing /Users/gaurav/Documents/Breast-Cancer-ML-Pipeline/venv/lib/python3.9/site-packages/airflow/example_dags/example_task_group.py took 0.099 seconds
[2025-04-21T17:01:20.275-0400] {processor.py:161} INFO - Started process (PID=85055) to work on /Users/gaurav/Documents/Breast-Cancer-ML-Pipeline/venv/lib/python3.9/site-packages/airflow/example_dags/example_task_group.py
[2025-04-21T17:01:20.276-0400] {processor.py:830} INFO - Processing file /Users/gaurav/Documents/Breast-Cancer-ML-Pipeline/venv/lib/python3.9/site-packages/airflow/example_dags/example_task_group.py for tasks to queue
[2025-04-21T17:01:20.277-0400] {logging_mixin.py:188} INFO - [2025-04-21T17:01:20.276-0400] {dagbag.py:538} INFO - Filling up the DagBag from /Users/gaurav/Documents/Breast-Cancer-ML-Pipeline/venv/lib/python3.9/site-packages/airflow/example_dags/example_task_group.py
[2025-04-21T17:01:20.283-0400] {processor.py:840} INFO - DAG(s) 'example_task_group' retrieved from /Users/gaurav/Documents/Breast-Cancer-ML-Pipeline/venv/lib/python3.9/site-packages/airflow/example_dags/example_task_group.py
[2025-04-21T17:01:20.357-0400] {logging_mixin.py:188} INFO - [2025-04-21T17:01:20.357-0400] {dag.py:3036} INFO - Sync 1 DAGs
[2025-04-21T17:01:20.371-0400] {logging_mixin.py:188} INFO - [2025-04-21T17:01:20.371-0400] {dag.py:3823} INFO - Setting next_dagrun for example_task_group to 2025-04-20 00:00:00+00:00, run_after=2025-04-21 00:00:00+00:00
[2025-04-21T17:01:20.384-0400] {processor.py:183} INFO - Processing /Users/gaurav/Documents/Breast-Cancer-ML-Pipeline/venv/lib/python3.9/site-packages/airflow/example_dags/example_task_group.py took 0.111 seconds
[2025-04-21T17:02:46.957-0400] {processor.py:161} INFO - Started process (PID=85149) to work on /Users/gaurav/Documents/Breast-Cancer-ML-Pipeline/venv/lib/python3.9/site-packages/airflow/example_dags/example_task_group.py
[2025-04-21T17:02:46.960-0400] {processor.py:830} INFO - Processing file /Users/gaurav/Documents/Breast-Cancer-ML-Pipeline/venv/lib/python3.9/site-packages/airflow/example_dags/example_task_group.py for tasks to queue
[2025-04-21T17:02:46.960-0400] {logging_mixin.py:188} INFO - [2025-04-21T17:02:46.960-0400] {dagbag.py:538} INFO - Filling up the DagBag from /Users/gaurav/Documents/Breast-Cancer-ML-Pipeline/venv/lib/python3.9/site-packages/airflow/example_dags/example_task_group.py
[2025-04-21T17:02:46.967-0400] {processor.py:840} INFO - DAG(s) 'example_task_group' retrieved from /Users/gaurav/Documents/Breast-Cancer-ML-Pipeline/venv/lib/python3.9/site-packages/airflow/example_dags/example_task_group.py
[2025-04-21T17:02:47.038-0400] {logging_mixin.py:188} INFO - [2025-04-21T17:02:47.038-0400] {dag.py:3036} INFO - Sync 1 DAGs
[2025-04-21T17:02:47.051-0400] {logging_mixin.py:188} INFO - [2025-04-21T17:02:47.051-0400] {dag.py:3823} INFO - Setting next_dagrun for example_task_group to 2025-04-20 00:00:00+00:00, run_after=2025-04-21 00:00:00+00:00
[2025-04-21T17:02:47.063-0400] {processor.py:183} INFO - Processing /Users/gaurav/Documents/Breast-Cancer-ML-Pipeline/venv/lib/python3.9/site-packages/airflow/example_dags/example_task_group.py took 0.107 seconds
[2025-04-21T17:04:04.077-0400] {processor.py:161} INFO - Started process (PID=85258) to work on /Users/gaurav/Documents/Breast-Cancer-ML-Pipeline/venv/lib/python3.9/site-packages/airflow/example_dags/example_task_group.py
[2025-04-21T17:04:04.079-0400] {processor.py:830} INFO - Processing file /Users/gaurav/Documents/Breast-Cancer-ML-Pipeline/venv/lib/python3.9/site-packages/airflow/example_dags/example_task_group.py for tasks to queue
[2025-04-21T17:04:04.080-0400] {logging_mixin.py:188} INFO - [2025-04-21T17:04:04.079-0400] {dagbag.py:538} INFO - Filling up the DagBag from /Users/gaurav/Documents/Breast-Cancer-ML-Pipeline/venv/lib/python3.9/site-packages/airflow/example_dags/example_task_group.py
[2025-04-21T17:04:04.086-0400] {processor.py:840} INFO - DAG(s) 'example_task_group' retrieved from /Users/gaurav/Documents/Breast-Cancer-ML-Pipeline/venv/lib/python3.9/site-packages/airflow/example_dags/example_task_group.py
[2025-04-21T17:04:04.153-0400] {logging_mixin.py:188} INFO - [2025-04-21T17:04:04.152-0400] {dag.py:3036} INFO - Sync 1 DAGs
[2025-04-21T17:04:04.164-0400] {logging_mixin.py:188} INFO - [2025-04-21T17:04:04.164-0400] {dag.py:3823} INFO - Setting next_dagrun for example_task_group to 2025-04-20 00:00:00+00:00, run_after=2025-04-21 00:00:00+00:00
[2025-04-21T17:04:04.177-0400] {processor.py:183} INFO - Processing /Users/gaurav/Documents/Breast-Cancer-ML-Pipeline/venv/lib/python3.9/site-packages/airflow/example_dags/example_task_group.py took 0.101 seconds
[2025-04-21T17:05:14.595-0400] {processor.py:161} INFO - Started process (PID=85334) to work on /Users/gaurav/Documents/Breast-Cancer-ML-Pipeline/venv/lib/python3.9/site-packages/airflow/example_dags/example_task_group.py
[2025-04-21T17:05:14.597-0400] {processor.py:830} INFO - Processing file /Users/gaurav/Documents/Breast-Cancer-ML-Pipeline/venv/lib/python3.9/site-packages/airflow/example_dags/example_task_group.py for tasks to queue
[2025-04-21T17:05:14.597-0400] {logging_mixin.py:188} INFO - [2025-04-21T17:05:14.597-0400] {dagbag.py:538} INFO - Filling up the DagBag from /Users/gaurav/Documents/Breast-Cancer-ML-Pipeline/venv/lib/python3.9/site-packages/airflow/example_dags/example_task_group.py
[2025-04-21T17:05:14.604-0400] {processor.py:840} INFO - DAG(s) 'example_task_group' retrieved from /Users/gaurav/Documents/Breast-Cancer-ML-Pipeline/venv/lib/python3.9/site-packages/airflow/example_dags/example_task_group.py
[2025-04-21T17:05:14.670-0400] {logging_mixin.py:188} INFO - [2025-04-21T17:05:14.669-0400] {dag.py:3036} INFO - Sync 1 DAGs
[2025-04-21T17:05:14.681-0400] {logging_mixin.py:188} INFO - [2025-04-21T17:05:14.681-0400] {dag.py:3823} INFO - Setting next_dagrun for example_task_group to 2025-04-20 00:00:00+00:00, run_after=2025-04-21 00:00:00+00:00
[2025-04-21T17:05:14.693-0400] {processor.py:183} INFO - Processing /Users/gaurav/Documents/Breast-Cancer-ML-Pipeline/venv/lib/python3.9/site-packages/airflow/example_dags/example_task_group.py took 0.099 seconds
[2025-04-21T17:06:25.539-0400] {processor.py:161} INFO - Started process (PID=85427) to work on /Users/gaurav/Documents/Breast-Cancer-ML-Pipeline/venv/lib/python3.9/site-packages/airflow/example_dags/example_task_group.py
[2025-04-21T17:06:25.541-0400] {processor.py:830} INFO - Processing file /Users/gaurav/Documents/Breast-Cancer-ML-Pipeline/venv/lib/python3.9/site-packages/airflow/example_dags/example_task_group.py for tasks to queue
[2025-04-21T17:06:25.541-0400] {logging_mixin.py:188} INFO - [2025-04-21T17:06:25.541-0400] {dagbag.py:538} INFO - Filling up the DagBag from /Users/gaurav/Documents/Breast-Cancer-ML-Pipeline/venv/lib/python3.9/site-packages/airflow/example_dags/example_task_group.py
[2025-04-21T17:06:25.548-0400] {processor.py:840} INFO - DAG(s) 'example_task_group' retrieved from /Users/gaurav/Documents/Breast-Cancer-ML-Pipeline/venv/lib/python3.9/site-packages/airflow/example_dags/example_task_group.py
[2025-04-21T17:06:25.614-0400] {logging_mixin.py:188} INFO - [2025-04-21T17:06:25.614-0400] {dag.py:3036} INFO - Sync 1 DAGs
[2025-04-21T17:06:25.626-0400] {logging_mixin.py:188} INFO - [2025-04-21T17:06:25.626-0400] {dag.py:3823} INFO - Setting next_dagrun for example_task_group to 2025-04-20 00:00:00+00:00, run_after=2025-04-21 00:00:00+00:00
[2025-04-21T17:06:25.638-0400] {processor.py:183} INFO - Processing /Users/gaurav/Documents/Breast-Cancer-ML-Pipeline/venv/lib/python3.9/site-packages/airflow/example_dags/example_task_group.py took 0.100 seconds
[2025-04-21T17:07:37.332-0400] {processor.py:161} INFO - Started process (PID=85504) to work on /Users/gaurav/Documents/Breast-Cancer-ML-Pipeline/venv/lib/python3.9/site-packages/airflow/example_dags/example_task_group.py
[2025-04-21T17:07:37.334-0400] {processor.py:830} INFO - Processing file /Users/gaurav/Documents/Breast-Cancer-ML-Pipeline/venv/lib/python3.9/site-packages/airflow/example_dags/example_task_group.py for tasks to queue
[2025-04-21T17:07:37.334-0400] {logging_mixin.py:188} INFO - [2025-04-21T17:07:37.334-0400] {dagbag.py:538} INFO - Filling up the DagBag from /Users/gaurav/Documents/Breast-Cancer-ML-Pipeline/venv/lib/python3.9/site-packages/airflow/example_dags/example_task_group.py
[2025-04-21T17:07:37.341-0400] {processor.py:840} INFO - DAG(s) 'example_task_group' retrieved from /Users/gaurav/Documents/Breast-Cancer-ML-Pipeline/venv/lib/python3.9/site-packages/airflow/example_dags/example_task_group.py
[2025-04-21T17:07:37.408-0400] {logging_mixin.py:188} INFO - [2025-04-21T17:07:37.408-0400] {dag.py:3036} INFO - Sync 1 DAGs
[2025-04-21T17:07:37.421-0400] {logging_mixin.py:188} INFO - [2025-04-21T17:07:37.421-0400] {dag.py:3823} INFO - Setting next_dagrun for example_task_group to 2025-04-20 00:00:00+00:00, run_after=2025-04-21 00:00:00+00:00
[2025-04-21T17:07:37.435-0400] {processor.py:183} INFO - Processing /Users/gaurav/Documents/Breast-Cancer-ML-Pipeline/venv/lib/python3.9/site-packages/airflow/example_dags/example_task_group.py took 0.104 seconds
[2025-04-21T17:08:52.198-0400] {processor.py:161} INFO - Started process (PID=85587) to work on /Users/gaurav/Documents/Breast-Cancer-ML-Pipeline/venv/lib/python3.9/site-packages/airflow/example_dags/example_task_group.py
[2025-04-21T17:08:52.200-0400] {processor.py:830} INFO - Processing file /Users/gaurav/Documents/Breast-Cancer-ML-Pipeline/venv/lib/python3.9/site-packages/airflow/example_dags/example_task_group.py for tasks to queue
[2025-04-21T17:08:52.201-0400] {logging_mixin.py:188} INFO - [2025-04-21T17:08:52.200-0400] {dagbag.py:538} INFO - Filling up the DagBag from /Users/gaurav/Documents/Breast-Cancer-ML-Pipeline/venv/lib/python3.9/site-packages/airflow/example_dags/example_task_group.py
[2025-04-21T17:08:52.207-0400] {processor.py:840} INFO - DAG(s) 'example_task_group' retrieved from /Users/gaurav/Documents/Breast-Cancer-ML-Pipeline/venv/lib/python3.9/site-packages/airflow/example_dags/example_task_group.py
[2025-04-21T17:08:52.274-0400] {logging_mixin.py:188} INFO - [2025-04-21T17:08:52.274-0400] {dag.py:3036} INFO - Sync 1 DAGs
[2025-04-21T17:08:52.286-0400] {logging_mixin.py:188} INFO - [2025-04-21T17:08:52.286-0400] {dag.py:3823} INFO - Setting next_dagrun for example_task_group to 2025-04-20 00:00:00+00:00, run_after=2025-04-21 00:00:00+00:00
[2025-04-21T17:08:52.298-0400] {processor.py:183} INFO - Processing /Users/gaurav/Documents/Breast-Cancer-ML-Pipeline/venv/lib/python3.9/site-packages/airflow/example_dags/example_task_group.py took 0.101 seconds
[2025-04-21T17:10:04.359-0400] {processor.py:161} INFO - Started process (PID=85664) to work on /Users/gaurav/Documents/Breast-Cancer-ML-Pipeline/venv/lib/python3.9/site-packages/airflow/example_dags/example_task_group.py
[2025-04-21T17:10:04.361-0400] {processor.py:830} INFO - Processing file /Users/gaurav/Documents/Breast-Cancer-ML-Pipeline/venv/lib/python3.9/site-packages/airflow/example_dags/example_task_group.py for tasks to queue
[2025-04-21T17:10:04.362-0400] {logging_mixin.py:188} INFO - [2025-04-21T17:10:04.362-0400] {dagbag.py:538} INFO - Filling up the DagBag from /Users/gaurav/Documents/Breast-Cancer-ML-Pipeline/venv/lib/python3.9/site-packages/airflow/example_dags/example_task_group.py
[2025-04-21T17:10:04.368-0400] {processor.py:840} INFO - DAG(s) 'example_task_group' retrieved from /Users/gaurav/Documents/Breast-Cancer-ML-Pipeline/venv/lib/python3.9/site-packages/airflow/example_dags/example_task_group.py
[2025-04-21T17:10:04.432-0400] {logging_mixin.py:188} INFO - [2025-04-21T17:10:04.432-0400] {dag.py:3036} INFO - Sync 1 DAGs
[2025-04-21T17:10:04.444-0400] {logging_mixin.py:188} INFO - [2025-04-21T17:10:04.444-0400] {dag.py:3823} INFO - Setting next_dagrun for example_task_group to 2025-04-20 00:00:00+00:00, run_after=2025-04-21 00:00:00+00:00
[2025-04-21T17:10:04.456-0400] {processor.py:183} INFO - Processing /Users/gaurav/Documents/Breast-Cancer-ML-Pipeline/venv/lib/python3.9/site-packages/airflow/example_dags/example_task_group.py took 0.098 seconds
[2025-04-21T17:11:19.100-0400] {processor.py:161} INFO - Started process (PID=85746) to work on /Users/gaurav/Documents/Breast-Cancer-ML-Pipeline/venv/lib/python3.9/site-packages/airflow/example_dags/example_task_group.py
[2025-04-21T17:11:19.102-0400] {processor.py:830} INFO - Processing file /Users/gaurav/Documents/Breast-Cancer-ML-Pipeline/venv/lib/python3.9/site-packages/airflow/example_dags/example_task_group.py for tasks to queue
[2025-04-21T17:11:19.102-0400] {logging_mixin.py:188} INFO - [2025-04-21T17:11:19.102-0400] {dagbag.py:538} INFO - Filling up the DagBag from /Users/gaurav/Documents/Breast-Cancer-ML-Pipeline/venv/lib/python3.9/site-packages/airflow/example_dags/example_task_group.py
[2025-04-21T17:11:19.109-0400] {processor.py:840} INFO - DAG(s) 'example_task_group' retrieved from /Users/gaurav/Documents/Breast-Cancer-ML-Pipeline/venv/lib/python3.9/site-packages/airflow/example_dags/example_task_group.py
[2025-04-21T17:11:19.175-0400] {logging_mixin.py:188} INFO - [2025-04-21T17:11:19.175-0400] {dag.py:3036} INFO - Sync 1 DAGs
[2025-04-21T17:11:19.188-0400] {logging_mixin.py:188} INFO - [2025-04-21T17:11:19.188-0400] {dag.py:3823} INFO - Setting next_dagrun for example_task_group to 2025-04-20 00:00:00+00:00, run_after=2025-04-21 00:00:00+00:00
[2025-04-21T17:11:19.199-0400] {processor.py:183} INFO - Processing /Users/gaurav/Documents/Breast-Cancer-ML-Pipeline/venv/lib/python3.9/site-packages/airflow/example_dags/example_task_group.py took 0.100 seconds
[2025-04-21T17:12:32.472-0400] {processor.py:161} INFO - Started process (PID=85840) to work on /Users/gaurav/Documents/Breast-Cancer-ML-Pipeline/venv/lib/python3.9/site-packages/airflow/example_dags/example_task_group.py
[2025-04-21T17:12:32.474-0400] {processor.py:830} INFO - Processing file /Users/gaurav/Documents/Breast-Cancer-ML-Pipeline/venv/lib/python3.9/site-packages/airflow/example_dags/example_task_group.py for tasks to queue
[2025-04-21T17:12:32.475-0400] {logging_mixin.py:188} INFO - [2025-04-21T17:12:32.474-0400] {dagbag.py:538} INFO - Filling up the DagBag from /Users/gaurav/Documents/Breast-Cancer-ML-Pipeline/venv/lib/python3.9/site-packages/airflow/example_dags/example_task_group.py
[2025-04-21T17:12:32.481-0400] {processor.py:840} INFO - DAG(s) 'example_task_group' retrieved from /Users/gaurav/Documents/Breast-Cancer-ML-Pipeline/venv/lib/python3.9/site-packages/airflow/example_dags/example_task_group.py
[2025-04-21T17:12:32.547-0400] {logging_mixin.py:188} INFO - [2025-04-21T17:12:32.547-0400] {dag.py:3036} INFO - Sync 1 DAGs
[2025-04-21T17:12:32.559-0400] {logging_mixin.py:188} INFO - [2025-04-21T17:12:32.558-0400] {dag.py:3823} INFO - Setting next_dagrun for example_task_group to 2025-04-20 00:00:00+00:00, run_after=2025-04-21 00:00:00+00:00
[2025-04-21T17:12:32.570-0400] {processor.py:183} INFO - Processing /Users/gaurav/Documents/Breast-Cancer-ML-Pipeline/venv/lib/python3.9/site-packages/airflow/example_dags/example_task_group.py took 0.100 seconds
[2025-04-21T17:13:46.269-0400] {processor.py:161} INFO - Started process (PID=85935) to work on /Users/gaurav/Documents/Breast-Cancer-ML-Pipeline/venv/lib/python3.9/site-packages/airflow/example_dags/example_task_group.py
[2025-04-21T17:13:46.271-0400] {processor.py:830} INFO - Processing file /Users/gaurav/Documents/Breast-Cancer-ML-Pipeline/venv/lib/python3.9/site-packages/airflow/example_dags/example_task_group.py for tasks to queue
[2025-04-21T17:13:46.272-0400] {logging_mixin.py:188} INFO - [2025-04-21T17:13:46.272-0400] {dagbag.py:538} INFO - Filling up the DagBag from /Users/gaurav/Documents/Breast-Cancer-ML-Pipeline/venv/lib/python3.9/site-packages/airflow/example_dags/example_task_group.py
[2025-04-21T17:13:46.278-0400] {processor.py:840} INFO - DAG(s) 'example_task_group' retrieved from /Users/gaurav/Documents/Breast-Cancer-ML-Pipeline/venv/lib/python3.9/site-packages/airflow/example_dags/example_task_group.py
[2025-04-21T17:13:46.346-0400] {logging_mixin.py:188} INFO - [2025-04-21T17:13:46.345-0400] {dag.py:3036} INFO - Sync 1 DAGs
[2025-04-21T17:13:46.358-0400] {logging_mixin.py:188} INFO - [2025-04-21T17:13:46.358-0400] {dag.py:3823} INFO - Setting next_dagrun for example_task_group to 2025-04-20 00:00:00+00:00, run_after=2025-04-21 00:00:00+00:00
[2025-04-21T17:13:46.371-0400] {processor.py:183} INFO - Processing /Users/gaurav/Documents/Breast-Cancer-ML-Pipeline/venv/lib/python3.9/site-packages/airflow/example_dags/example_task_group.py took 0.103 seconds
[2025-04-21T17:14:59.615-0400] {processor.py:161} INFO - Started process (PID=86014) to work on /Users/gaurav/Documents/Breast-Cancer-ML-Pipeline/venv/lib/python3.9/site-packages/airflow/example_dags/example_task_group.py
[2025-04-21T17:14:59.618-0400] {processor.py:830} INFO - Processing file /Users/gaurav/Documents/Breast-Cancer-ML-Pipeline/venv/lib/python3.9/site-packages/airflow/example_dags/example_task_group.py for tasks to queue
[2025-04-21T17:14:59.618-0400] {logging_mixin.py:188} INFO - [2025-04-21T17:14:59.618-0400] {dagbag.py:538} INFO - Filling up the DagBag from /Users/gaurav/Documents/Breast-Cancer-ML-Pipeline/venv/lib/python3.9/site-packages/airflow/example_dags/example_task_group.py
[2025-04-21T17:14:59.624-0400] {processor.py:840} INFO - DAG(s) 'example_task_group' retrieved from /Users/gaurav/Documents/Breast-Cancer-ML-Pipeline/venv/lib/python3.9/site-packages/airflow/example_dags/example_task_group.py
[2025-04-21T17:14:59.688-0400] {logging_mixin.py:188} INFO - [2025-04-21T17:14:59.688-0400] {dag.py:3036} INFO - Sync 1 DAGs
[2025-04-21T17:14:59.700-0400] {logging_mixin.py:188} INFO - [2025-04-21T17:14:59.700-0400] {dag.py:3823} INFO - Setting next_dagrun for example_task_group to 2025-04-20 00:00:00+00:00, run_after=2025-04-21 00:00:00+00:00
[2025-04-21T17:14:59.714-0400] {processor.py:183} INFO - Processing /Users/gaurav/Documents/Breast-Cancer-ML-Pipeline/venv/lib/python3.9/site-packages/airflow/example_dags/example_task_group.py took 0.100 seconds
[2025-04-21T17:16:12.963-0400] {processor.py:161} INFO - Started process (PID=86105) to work on /Users/gaurav/Documents/Breast-Cancer-ML-Pipeline/venv/lib/python3.9/site-packages/airflow/example_dags/example_task_group.py
[2025-04-21T17:16:12.965-0400] {processor.py:830} INFO - Processing file /Users/gaurav/Documents/Breast-Cancer-ML-Pipeline/venv/lib/python3.9/site-packages/airflow/example_dags/example_task_group.py for tasks to queue
[2025-04-21T17:16:12.965-0400] {logging_mixin.py:188} INFO - [2025-04-21T17:16:12.965-0400] {dagbag.py:538} INFO - Filling up the DagBag from /Users/gaurav/Documents/Breast-Cancer-ML-Pipeline/venv/lib/python3.9/site-packages/airflow/example_dags/example_task_group.py
[2025-04-21T17:16:12.971-0400] {processor.py:840} INFO - DAG(s) 'example_task_group' retrieved from /Users/gaurav/Documents/Breast-Cancer-ML-Pipeline/venv/lib/python3.9/site-packages/airflow/example_dags/example_task_group.py
[2025-04-21T17:16:13.036-0400] {logging_mixin.py:188} INFO - [2025-04-21T17:16:13.036-0400] {dag.py:3036} INFO - Sync 1 DAGs
[2025-04-21T17:16:13.048-0400] {logging_mixin.py:188} INFO - [2025-04-21T17:16:13.048-0400] {dag.py:3823} INFO - Setting next_dagrun for example_task_group to 2025-04-20 00:00:00+00:00, run_after=2025-04-21 00:00:00+00:00
[2025-04-21T17:16:13.060-0400] {processor.py:183} INFO - Processing /Users/gaurav/Documents/Breast-Cancer-ML-Pipeline/venv/lib/python3.9/site-packages/airflow/example_dags/example_task_group.py took 0.098 seconds
[2025-04-21T17:17:26.860-0400] {processor.py:161} INFO - Started process (PID=86203) to work on /Users/gaurav/Documents/Breast-Cancer-ML-Pipeline/venv/lib/python3.9/site-packages/airflow/example_dags/example_task_group.py
[2025-04-21T17:17:26.862-0400] {processor.py:830} INFO - Processing file /Users/gaurav/Documents/Breast-Cancer-ML-Pipeline/venv/lib/python3.9/site-packages/airflow/example_dags/example_task_group.py for tasks to queue
[2025-04-21T17:17:26.863-0400] {logging_mixin.py:188} INFO - [2025-04-21T17:17:26.863-0400] {dagbag.py:538} INFO - Filling up the DagBag from /Users/gaurav/Documents/Breast-Cancer-ML-Pipeline/venv/lib/python3.9/site-packages/airflow/example_dags/example_task_group.py
[2025-04-21T17:17:26.869-0400] {processor.py:840} INFO - DAG(s) 'example_task_group' retrieved from /Users/gaurav/Documents/Breast-Cancer-ML-Pipeline/venv/lib/python3.9/site-packages/airflow/example_dags/example_task_group.py
[2025-04-21T17:17:26.936-0400] {logging_mixin.py:188} INFO - [2025-04-21T17:17:26.936-0400] {dag.py:3036} INFO - Sync 1 DAGs
[2025-04-21T17:17:26.948-0400] {logging_mixin.py:188} INFO - [2025-04-21T17:17:26.948-0400] {dag.py:3823} INFO - Setting next_dagrun for example_task_group to 2025-04-20 00:00:00+00:00, run_after=2025-04-21 00:00:00+00:00
[2025-04-21T17:17:26.961-0400] {processor.py:183} INFO - Processing /Users/gaurav/Documents/Breast-Cancer-ML-Pipeline/venv/lib/python3.9/site-packages/airflow/example_dags/example_task_group.py took 0.102 seconds
[2025-04-21T17:18:42.540-0400] {processor.py:161} INFO - Started process (PID=86302) to work on /Users/gaurav/Documents/Breast-Cancer-ML-Pipeline/venv/lib/python3.9/site-packages/airflow/example_dags/example_task_group.py
[2025-04-21T17:18:42.542-0400] {processor.py:830} INFO - Processing file /Users/gaurav/Documents/Breast-Cancer-ML-Pipeline/venv/lib/python3.9/site-packages/airflow/example_dags/example_task_group.py for tasks to queue
[2025-04-21T17:18:42.542-0400] {logging_mixin.py:188} INFO - [2025-04-21T17:18:42.542-0400] {dagbag.py:538} INFO - Filling up the DagBag from /Users/gaurav/Documents/Breast-Cancer-ML-Pipeline/venv/lib/python3.9/site-packages/airflow/example_dags/example_task_group.py
[2025-04-21T17:18:42.549-0400] {processor.py:840} INFO - DAG(s) 'example_task_group' retrieved from /Users/gaurav/Documents/Breast-Cancer-ML-Pipeline/venv/lib/python3.9/site-packages/airflow/example_dags/example_task_group.py
[2025-04-21T17:18:42.615-0400] {logging_mixin.py:188} INFO - [2025-04-21T17:18:42.615-0400] {dag.py:3036} INFO - Sync 1 DAGs
[2025-04-21T17:18:42.627-0400] {logging_mixin.py:188} INFO - [2025-04-21T17:18:42.627-0400] {dag.py:3823} INFO - Setting next_dagrun for example_task_group to 2025-04-20 00:00:00+00:00, run_after=2025-04-21 00:00:00+00:00
[2025-04-21T17:18:42.639-0400] {processor.py:183} INFO - Processing /Users/gaurav/Documents/Breast-Cancer-ML-Pipeline/venv/lib/python3.9/site-packages/airflow/example_dags/example_task_group.py took 0.101 seconds
[2025-04-21T17:19:57.734-0400] {processor.py:161} INFO - Started process (PID=86396) to work on /Users/gaurav/Documents/Breast-Cancer-ML-Pipeline/venv/lib/python3.9/site-packages/airflow/example_dags/example_task_group.py
[2025-04-21T17:19:57.736-0400] {processor.py:830} INFO - Processing file /Users/gaurav/Documents/Breast-Cancer-ML-Pipeline/venv/lib/python3.9/site-packages/airflow/example_dags/example_task_group.py for tasks to queue
[2025-04-21T17:19:57.737-0400] {logging_mixin.py:188} INFO - [2025-04-21T17:19:57.737-0400] {dagbag.py:538} INFO - Filling up the DagBag from /Users/gaurav/Documents/Breast-Cancer-ML-Pipeline/venv/lib/python3.9/site-packages/airflow/example_dags/example_task_group.py
[2025-04-21T17:19:57.743-0400] {processor.py:840} INFO - DAG(s) 'example_task_group' retrieved from /Users/gaurav/Documents/Breast-Cancer-ML-Pipeline/venv/lib/python3.9/site-packages/airflow/example_dags/example_task_group.py
[2025-04-21T17:19:57.808-0400] {logging_mixin.py:188} INFO - [2025-04-21T17:19:57.808-0400] {dag.py:3036} INFO - Sync 1 DAGs
[2025-04-21T17:19:57.820-0400] {logging_mixin.py:188} INFO - [2025-04-21T17:19:57.819-0400] {dag.py:3823} INFO - Setting next_dagrun for example_task_group to 2025-04-20 00:00:00+00:00, run_after=2025-04-21 00:00:00+00:00
[2025-04-21T17:19:57.831-0400] {processor.py:183} INFO - Processing /Users/gaurav/Documents/Breast-Cancer-ML-Pipeline/venv/lib/python3.9/site-packages/airflow/example_dags/example_task_group.py took 0.098 seconds
[2025-04-21T17:21:44.097-0400] {processor.py:161} INFO - Started process (PID=86503) to work on /Users/gaurav/Documents/Breast-Cancer-ML-Pipeline/venv/lib/python3.9/site-packages/airflow/example_dags/example_task_group.py
[2025-04-21T17:21:44.099-0400] {processor.py:830} INFO - Processing file /Users/gaurav/Documents/Breast-Cancer-ML-Pipeline/venv/lib/python3.9/site-packages/airflow/example_dags/example_task_group.py for tasks to queue
[2025-04-21T17:21:44.099-0400] {logging_mixin.py:188} INFO - [2025-04-21T17:21:44.099-0400] {dagbag.py:538} INFO - Filling up the DagBag from /Users/gaurav/Documents/Breast-Cancer-ML-Pipeline/venv/lib/python3.9/site-packages/airflow/example_dags/example_task_group.py
[2025-04-21T17:21:44.105-0400] {processor.py:840} INFO - DAG(s) 'example_task_group' retrieved from /Users/gaurav/Documents/Breast-Cancer-ML-Pipeline/venv/lib/python3.9/site-packages/airflow/example_dags/example_task_group.py
[2025-04-21T17:21:44.224-0400] {logging_mixin.py:188} INFO - [2025-04-21T17:21:44.224-0400] {dag.py:3036} INFO - Sync 1 DAGs
[2025-04-21T17:21:44.235-0400] {logging_mixin.py:188} INFO - [2025-04-21T17:21:44.235-0400] {dag.py:3823} INFO - Setting next_dagrun for example_task_group to 2025-04-20 00:00:00+00:00, run_after=2025-04-21 00:00:00+00:00
[2025-04-21T17:21:44.249-0400] {processor.py:183} INFO - Processing /Users/gaurav/Documents/Breast-Cancer-ML-Pipeline/venv/lib/python3.9/site-packages/airflow/example_dags/example_task_group.py took 0.153 seconds
[2025-04-21T17:23:13.103-0400] {processor.py:161} INFO - Started process (PID=86592) to work on /Users/gaurav/Documents/Breast-Cancer-ML-Pipeline/venv/lib/python3.9/site-packages/airflow/example_dags/example_task_group.py
[2025-04-21T17:23:13.104-0400] {processor.py:830} INFO - Processing file /Users/gaurav/Documents/Breast-Cancer-ML-Pipeline/venv/lib/python3.9/site-packages/airflow/example_dags/example_task_group.py for tasks to queue
[2025-04-21T17:23:13.104-0400] {logging_mixin.py:188} INFO - [2025-04-21T17:23:13.104-0400] {dagbag.py:538} INFO - Filling up the DagBag from /Users/gaurav/Documents/Breast-Cancer-ML-Pipeline/venv/lib/python3.9/site-packages/airflow/example_dags/example_task_group.py
[2025-04-21T17:23:13.111-0400] {processor.py:840} INFO - DAG(s) 'example_task_group' retrieved from /Users/gaurav/Documents/Breast-Cancer-ML-Pipeline/venv/lib/python3.9/site-packages/airflow/example_dags/example_task_group.py
[2025-04-21T17:23:13.178-0400] {logging_mixin.py:188} INFO - [2025-04-21T17:23:13.178-0400] {dag.py:3036} INFO - Sync 1 DAGs
[2025-04-21T17:23:13.190-0400] {logging_mixin.py:188} INFO - [2025-04-21T17:23:13.190-0400] {dag.py:3823} INFO - Setting next_dagrun for example_task_group to 2025-04-20 00:00:00+00:00, run_after=2025-04-21 00:00:00+00:00
[2025-04-21T17:23:13.202-0400] {processor.py:183} INFO - Processing /Users/gaurav/Documents/Breast-Cancer-ML-Pipeline/venv/lib/python3.9/site-packages/airflow/example_dags/example_task_group.py took 0.101 seconds
[2025-04-21T17:24:30.762-0400] {processor.py:161} INFO - Started process (PID=86686) to work on /Users/gaurav/Documents/Breast-Cancer-ML-Pipeline/venv/lib/python3.9/site-packages/airflow/example_dags/example_task_group.py
[2025-04-21T17:24:30.764-0400] {processor.py:830} INFO - Processing file /Users/gaurav/Documents/Breast-Cancer-ML-Pipeline/venv/lib/python3.9/site-packages/airflow/example_dags/example_task_group.py for tasks to queue
[2025-04-21T17:24:30.764-0400] {logging_mixin.py:188} INFO - [2025-04-21T17:24:30.764-0400] {dagbag.py:538} INFO - Filling up the DagBag from /Users/gaurav/Documents/Breast-Cancer-ML-Pipeline/venv/lib/python3.9/site-packages/airflow/example_dags/example_task_group.py
[2025-04-21T17:24:30.771-0400] {processor.py:840} INFO - DAG(s) 'example_task_group' retrieved from /Users/gaurav/Documents/Breast-Cancer-ML-Pipeline/venv/lib/python3.9/site-packages/airflow/example_dags/example_task_group.py
[2025-04-21T17:24:30.836-0400] {logging_mixin.py:188} INFO - [2025-04-21T17:24:30.836-0400] {dag.py:3036} INFO - Sync 1 DAGs
[2025-04-21T17:24:30.847-0400] {logging_mixin.py:188} INFO - [2025-04-21T17:24:30.847-0400] {dag.py:3823} INFO - Setting next_dagrun for example_task_group to 2025-04-20 00:00:00+00:00, run_after=2025-04-21 00:00:00+00:00
[2025-04-21T17:24:30.861-0400] {processor.py:183} INFO - Processing /Users/gaurav/Documents/Breast-Cancer-ML-Pipeline/venv/lib/python3.9/site-packages/airflow/example_dags/example_task_group.py took 0.099 seconds
[2025-04-21T17:25:48.403-0400] {processor.py:161} INFO - Started process (PID=86794) to work on /Users/gaurav/Documents/Breast-Cancer-ML-Pipeline/venv/lib/python3.9/site-packages/airflow/example_dags/example_task_group.py
[2025-04-21T17:25:48.405-0400] {processor.py:830} INFO - Processing file /Users/gaurav/Documents/Breast-Cancer-ML-Pipeline/venv/lib/python3.9/site-packages/airflow/example_dags/example_task_group.py for tasks to queue
[2025-04-21T17:25:48.405-0400] {logging_mixin.py:188} INFO - [2025-04-21T17:25:48.405-0400] {dagbag.py:538} INFO - Filling up the DagBag from /Users/gaurav/Documents/Breast-Cancer-ML-Pipeline/venv/lib/python3.9/site-packages/airflow/example_dags/example_task_group.py
[2025-04-21T17:25:48.412-0400] {processor.py:840} INFO - DAG(s) 'example_task_group' retrieved from /Users/gaurav/Documents/Breast-Cancer-ML-Pipeline/venv/lib/python3.9/site-packages/airflow/example_dags/example_task_group.py
[2025-04-21T17:25:48.493-0400] {logging_mixin.py:188} INFO - [2025-04-21T17:25:48.492-0400] {dag.py:3036} INFO - Sync 1 DAGs
[2025-04-21T17:25:48.506-0400] {logging_mixin.py:188} INFO - [2025-04-21T17:25:48.506-0400] {dag.py:3823} INFO - Setting next_dagrun for example_task_group to 2025-04-20 00:00:00+00:00, run_after=2025-04-21 00:00:00+00:00
[2025-04-21T17:25:48.518-0400] {processor.py:183} INFO - Processing /Users/gaurav/Documents/Breast-Cancer-ML-Pipeline/venv/lib/python3.9/site-packages/airflow/example_dags/example_task_group.py took 0.115 seconds
[2025-04-21T17:27:02.132-0400] {processor.py:161} INFO - Started process (PID=86887) to work on /Users/gaurav/Documents/Breast-Cancer-ML-Pipeline/venv/lib/python3.9/site-packages/airflow/example_dags/example_task_group.py
[2025-04-21T17:27:02.135-0400] {processor.py:830} INFO - Processing file /Users/gaurav/Documents/Breast-Cancer-ML-Pipeline/venv/lib/python3.9/site-packages/airflow/example_dags/example_task_group.py for tasks to queue
[2025-04-21T17:27:02.135-0400] {logging_mixin.py:188} INFO - [2025-04-21T17:27:02.135-0400] {dagbag.py:538} INFO - Filling up the DagBag from /Users/gaurav/Documents/Breast-Cancer-ML-Pipeline/venv/lib/python3.9/site-packages/airflow/example_dags/example_task_group.py
[2025-04-21T17:27:02.141-0400] {processor.py:840} INFO - DAG(s) 'example_task_group' retrieved from /Users/gaurav/Documents/Breast-Cancer-ML-Pipeline/venv/lib/python3.9/site-packages/airflow/example_dags/example_task_group.py
[2025-04-21T17:27:02.212-0400] {logging_mixin.py:188} INFO - [2025-04-21T17:27:02.212-0400] {dag.py:3036} INFO - Sync 1 DAGs
[2025-04-21T17:27:02.224-0400] {logging_mixin.py:188} INFO - [2025-04-21T17:27:02.224-0400] {dag.py:3823} INFO - Setting next_dagrun for example_task_group to 2025-04-20 00:00:00+00:00, run_after=2025-04-21 00:00:00+00:00
[2025-04-21T17:27:02.236-0400] {processor.py:183} INFO - Processing /Users/gaurav/Documents/Breast-Cancer-ML-Pipeline/venv/lib/python3.9/site-packages/airflow/example_dags/example_task_group.py took 0.105 seconds
[2025-04-21T17:29:22.003-0400] {processor.py:161} INFO - Started process (PID=87109) to work on /Users/gaurav/Documents/Breast-Cancer-ML-Pipeline/venv/lib/python3.9/site-packages/airflow/example_dags/example_task_group.py
[2025-04-21T17:29:22.005-0400] {processor.py:830} INFO - Processing file /Users/gaurav/Documents/Breast-Cancer-ML-Pipeline/venv/lib/python3.9/site-packages/airflow/example_dags/example_task_group.py for tasks to queue
[2025-04-21T17:29:22.005-0400] {logging_mixin.py:188} INFO - [2025-04-21T17:29:22.005-0400] {dagbag.py:538} INFO - Filling up the DagBag from /Users/gaurav/Documents/Breast-Cancer-ML-Pipeline/venv/lib/python3.9/site-packages/airflow/example_dags/example_task_group.py
[2025-04-21T17:29:22.012-0400] {processor.py:840} INFO - DAG(s) 'example_task_group' retrieved from /Users/gaurav/Documents/Breast-Cancer-ML-Pipeline/venv/lib/python3.9/site-packages/airflow/example_dags/example_task_group.py
[2025-04-21T17:29:22.075-0400] {logging_mixin.py:188} INFO - [2025-04-21T17:29:22.075-0400] {dag.py:3036} INFO - Sync 1 DAGs
[2025-04-21T17:29:22.087-0400] {logging_mixin.py:188} INFO - [2025-04-21T17:29:22.087-0400] {dag.py:3823} INFO - Setting next_dagrun for example_task_group to 2025-04-20 00:00:00+00:00, run_after=2025-04-21 00:00:00+00:00
[2025-04-21T17:29:22.099-0400] {processor.py:183} INFO - Processing /Users/gaurav/Documents/Breast-Cancer-ML-Pipeline/venv/lib/python3.9/site-packages/airflow/example_dags/example_task_group.py took 0.097 seconds
[2025-04-21T17:30:38.650-0400] {processor.py:161} INFO - Started process (PID=87193) to work on /Users/gaurav/Documents/Breast-Cancer-ML-Pipeline/venv/lib/python3.9/site-packages/airflow/example_dags/example_task_group.py
[2025-04-21T17:30:38.652-0400] {processor.py:830} INFO - Processing file /Users/gaurav/Documents/Breast-Cancer-ML-Pipeline/venv/lib/python3.9/site-packages/airflow/example_dags/example_task_group.py for tasks to queue
[2025-04-21T17:30:38.652-0400] {logging_mixin.py:188} INFO - [2025-04-21T17:30:38.652-0400] {dagbag.py:538} INFO - Filling up the DagBag from /Users/gaurav/Documents/Breast-Cancer-ML-Pipeline/venv/lib/python3.9/site-packages/airflow/example_dags/example_task_group.py
[2025-04-21T17:30:38.659-0400] {processor.py:840} INFO - DAG(s) 'example_task_group' retrieved from /Users/gaurav/Documents/Breast-Cancer-ML-Pipeline/venv/lib/python3.9/site-packages/airflow/example_dags/example_task_group.py
[2025-04-21T17:30:38.728-0400] {logging_mixin.py:188} INFO - [2025-04-21T17:30:38.727-0400] {dag.py:3036} INFO - Sync 1 DAGs
[2025-04-21T17:30:38.740-0400] {logging_mixin.py:188} INFO - [2025-04-21T17:30:38.739-0400] {dag.py:3823} INFO - Setting next_dagrun for example_task_group to 2025-04-20 00:00:00+00:00, run_after=2025-04-21 00:00:00+00:00
[2025-04-21T17:30:38.753-0400] {processor.py:183} INFO - Processing /Users/gaurav/Documents/Breast-Cancer-ML-Pipeline/venv/lib/python3.9/site-packages/airflow/example_dags/example_task_group.py took 0.104 seconds
[2025-04-21T17:31:52.208-0400] {processor.py:161} INFO - Started process (PID=87276) to work on /Users/gaurav/Documents/Breast-Cancer-ML-Pipeline/venv/lib/python3.9/site-packages/airflow/example_dags/example_task_group.py
[2025-04-21T17:31:52.210-0400] {processor.py:830} INFO - Processing file /Users/gaurav/Documents/Breast-Cancer-ML-Pipeline/venv/lib/python3.9/site-packages/airflow/example_dags/example_task_group.py for tasks to queue
[2025-04-21T17:31:52.210-0400] {logging_mixin.py:188} INFO - [2025-04-21T17:31:52.210-0400] {dagbag.py:538} INFO - Filling up the DagBag from /Users/gaurav/Documents/Breast-Cancer-ML-Pipeline/venv/lib/python3.9/site-packages/airflow/example_dags/example_task_group.py
[2025-04-21T17:31:52.216-0400] {processor.py:840} INFO - DAG(s) 'example_task_group' retrieved from /Users/gaurav/Documents/Breast-Cancer-ML-Pipeline/venv/lib/python3.9/site-packages/airflow/example_dags/example_task_group.py
[2025-04-21T17:31:52.285-0400] {logging_mixin.py:188} INFO - [2025-04-21T17:31:52.284-0400] {dag.py:3036} INFO - Sync 1 DAGs
[2025-04-21T17:31:52.297-0400] {logging_mixin.py:188} INFO - [2025-04-21T17:31:52.297-0400] {dag.py:3823} INFO - Setting next_dagrun for example_task_group to 2025-04-20 00:00:00+00:00, run_after=2025-04-21 00:00:00+00:00
[2025-04-21T17:31:52.308-0400] {processor.py:183} INFO - Processing /Users/gaurav/Documents/Breast-Cancer-ML-Pipeline/venv/lib/python3.9/site-packages/airflow/example_dags/example_task_group.py took 0.102 seconds
[2025-04-21T17:36:02.271-0400] {processor.py:161} INFO - Started process (PID=87475) to work on /Users/gaurav/Documents/Breast-Cancer-ML-Pipeline/venv/lib/python3.9/site-packages/airflow/example_dags/example_task_group.py
[2025-04-21T17:36:02.273-0400] {processor.py:830} INFO - Processing file /Users/gaurav/Documents/Breast-Cancer-ML-Pipeline/venv/lib/python3.9/site-packages/airflow/example_dags/example_task_group.py for tasks to queue
[2025-04-21T17:36:02.274-0400] {logging_mixin.py:188} INFO - [2025-04-21T17:36:02.274-0400] {dagbag.py:538} INFO - Filling up the DagBag from /Users/gaurav/Documents/Breast-Cancer-ML-Pipeline/venv/lib/python3.9/site-packages/airflow/example_dags/example_task_group.py
[2025-04-21T17:36:02.280-0400] {processor.py:840} INFO - DAG(s) 'example_task_group' retrieved from /Users/gaurav/Documents/Breast-Cancer-ML-Pipeline/venv/lib/python3.9/site-packages/airflow/example_dags/example_task_group.py
[2025-04-21T17:36:02.401-0400] {logging_mixin.py:188} INFO - [2025-04-21T17:36:02.401-0400] {dag.py:3036} INFO - Sync 1 DAGs
[2025-04-21T17:36:02.412-0400] {logging_mixin.py:188} INFO - [2025-04-21T17:36:02.412-0400] {dag.py:3823} INFO - Setting next_dagrun for example_task_group to 2025-04-20 00:00:00+00:00, run_after=2025-04-21 00:00:00+00:00
[2025-04-21T17:36:02.425-0400] {processor.py:183} INFO - Processing /Users/gaurav/Documents/Breast-Cancer-ML-Pipeline/venv/lib/python3.9/site-packages/airflow/example_dags/example_task_group.py took 0.155 seconds
[2025-04-21T17:38:41.730-0400] {processor.py:161} INFO - Started process (PID=87862) to work on /Users/gaurav/Documents/Breast-Cancer-ML-Pipeline/venv/lib/python3.9/site-packages/airflow/example_dags/example_task_group.py
[2025-04-21T17:38:41.732-0400] {processor.py:830} INFO - Processing file /Users/gaurav/Documents/Breast-Cancer-ML-Pipeline/venv/lib/python3.9/site-packages/airflow/example_dags/example_task_group.py for tasks to queue
[2025-04-21T17:38:41.733-0400] {logging_mixin.py:188} INFO - [2025-04-21T17:38:41.732-0400] {dagbag.py:538} INFO - Filling up the DagBag from /Users/gaurav/Documents/Breast-Cancer-ML-Pipeline/venv/lib/python3.9/site-packages/airflow/example_dags/example_task_group.py
[2025-04-21T17:38:41.739-0400] {processor.py:840} INFO - DAG(s) 'example_task_group' retrieved from /Users/gaurav/Documents/Breast-Cancer-ML-Pipeline/venv/lib/python3.9/site-packages/airflow/example_dags/example_task_group.py
[2025-04-21T17:38:41.825-0400] {logging_mixin.py:188} INFO - [2025-04-21T17:38:41.825-0400] {dag.py:3036} INFO - Sync 1 DAGs
[2025-04-21T17:38:41.839-0400] {logging_mixin.py:188} INFO - [2025-04-21T17:38:41.839-0400] {dag.py:3823} INFO - Setting next_dagrun for example_task_group to 2025-04-20 00:00:00+00:00, run_after=2025-04-21 00:00:00+00:00
[2025-04-21T17:38:41.852-0400] {processor.py:183} INFO - Processing /Users/gaurav/Documents/Breast-Cancer-ML-Pipeline/venv/lib/python3.9/site-packages/airflow/example_dags/example_task_group.py took 0.123 seconds
[2025-04-21T17:39:57.007-0400] {processor.py:161} INFO - Started process (PID=87933) to work on /Users/gaurav/Documents/Breast-Cancer-ML-Pipeline/venv/lib/python3.9/site-packages/airflow/example_dags/example_task_group.py
[2025-04-21T17:39:57.009-0400] {processor.py:830} INFO - Processing file /Users/gaurav/Documents/Breast-Cancer-ML-Pipeline/venv/lib/python3.9/site-packages/airflow/example_dags/example_task_group.py for tasks to queue
[2025-04-21T17:39:57.009-0400] {logging_mixin.py:188} INFO - [2025-04-21T17:39:57.009-0400] {dagbag.py:538} INFO - Filling up the DagBag from /Users/gaurav/Documents/Breast-Cancer-ML-Pipeline/venv/lib/python3.9/site-packages/airflow/example_dags/example_task_group.py
[2025-04-21T17:39:57.016-0400] {processor.py:840} INFO - DAG(s) 'example_task_group' retrieved from /Users/gaurav/Documents/Breast-Cancer-ML-Pipeline/venv/lib/python3.9/site-packages/airflow/example_dags/example_task_group.py
[2025-04-21T17:39:57.081-0400] {logging_mixin.py:188} INFO - [2025-04-21T17:39:57.081-0400] {dag.py:3036} INFO - Sync 1 DAGs
[2025-04-21T17:39:57.093-0400] {logging_mixin.py:188} INFO - [2025-04-21T17:39:57.093-0400] {dag.py:3823} INFO - Setting next_dagrun for example_task_group to 2025-04-20 00:00:00+00:00, run_after=2025-04-21 00:00:00+00:00
[2025-04-21T17:39:57.105-0400] {processor.py:183} INFO - Processing /Users/gaurav/Documents/Breast-Cancer-ML-Pipeline/venv/lib/python3.9/site-packages/airflow/example_dags/example_task_group.py took 0.099 seconds
[2025-04-21T17:41:20.953-0400] {processor.py:161} INFO - Started process (PID=88087) to work on /Users/gaurav/Documents/Breast-Cancer-ML-Pipeline/venv/lib/python3.9/site-packages/airflow/example_dags/example_task_group.py
[2025-04-21T17:41:20.955-0400] {processor.py:830} INFO - Processing file /Users/gaurav/Documents/Breast-Cancer-ML-Pipeline/venv/lib/python3.9/site-packages/airflow/example_dags/example_task_group.py for tasks to queue
[2025-04-21T17:41:20.956-0400] {logging_mixin.py:188} INFO - [2025-04-21T17:41:20.956-0400] {dagbag.py:538} INFO - Filling up the DagBag from /Users/gaurav/Documents/Breast-Cancer-ML-Pipeline/venv/lib/python3.9/site-packages/airflow/example_dags/example_task_group.py
[2025-04-21T17:41:20.962-0400] {processor.py:840} INFO - DAG(s) 'example_task_group' retrieved from /Users/gaurav/Documents/Breast-Cancer-ML-Pipeline/venv/lib/python3.9/site-packages/airflow/example_dags/example_task_group.py
[2025-04-21T17:41:21.026-0400] {logging_mixin.py:188} INFO - [2025-04-21T17:41:21.025-0400] {dag.py:3036} INFO - Sync 1 DAGs
[2025-04-21T17:41:21.037-0400] {logging_mixin.py:188} INFO - [2025-04-21T17:41:21.037-0400] {dag.py:3823} INFO - Setting next_dagrun for example_task_group to 2025-04-20 00:00:00+00:00, run_after=2025-04-21 00:00:00+00:00
[2025-04-21T17:41:21.049-0400] {processor.py:183} INFO - Processing /Users/gaurav/Documents/Breast-Cancer-ML-Pipeline/venv/lib/python3.9/site-packages/airflow/example_dags/example_task_group.py took 0.096 seconds
[2025-04-21T17:42:36.630-0400] {processor.py:161} INFO - Started process (PID=88177) to work on /Users/gaurav/Documents/Breast-Cancer-ML-Pipeline/venv/lib/python3.9/site-packages/airflow/example_dags/example_task_group.py
[2025-04-21T17:42:36.631-0400] {processor.py:830} INFO - Processing file /Users/gaurav/Documents/Breast-Cancer-ML-Pipeline/venv/lib/python3.9/site-packages/airflow/example_dags/example_task_group.py for tasks to queue
[2025-04-21T17:42:36.632-0400] {logging_mixin.py:188} INFO - [2025-04-21T17:42:36.632-0400] {dagbag.py:538} INFO - Filling up the DagBag from /Users/gaurav/Documents/Breast-Cancer-ML-Pipeline/venv/lib/python3.9/site-packages/airflow/example_dags/example_task_group.py
[2025-04-21T17:42:36.638-0400] {processor.py:840} INFO - DAG(s) 'example_task_group' retrieved from /Users/gaurav/Documents/Breast-Cancer-ML-Pipeline/venv/lib/python3.9/site-packages/airflow/example_dags/example_task_group.py
[2025-04-21T17:42:36.702-0400] {logging_mixin.py:188} INFO - [2025-04-21T17:42:36.702-0400] {dag.py:3036} INFO - Sync 1 DAGs
[2025-04-21T17:42:36.714-0400] {logging_mixin.py:188} INFO - [2025-04-21T17:42:36.714-0400] {dag.py:3823} INFO - Setting next_dagrun for example_task_group to 2025-04-20 00:00:00+00:00, run_after=2025-04-21 00:00:00+00:00
[2025-04-21T17:42:36.726-0400] {processor.py:183} INFO - Processing /Users/gaurav/Documents/Breast-Cancer-ML-Pipeline/venv/lib/python3.9/site-packages/airflow/example_dags/example_task_group.py took 0.097 seconds
[2025-04-21T17:43:48.609-0400] {processor.py:161} INFO - Started process (PID=88257) to work on /Users/gaurav/Documents/Breast-Cancer-ML-Pipeline/venv/lib/python3.9/site-packages/airflow/example_dags/example_task_group.py
[2025-04-21T17:43:48.611-0400] {processor.py:830} INFO - Processing file /Users/gaurav/Documents/Breast-Cancer-ML-Pipeline/venv/lib/python3.9/site-packages/airflow/example_dags/example_task_group.py for tasks to queue
[2025-04-21T17:43:48.611-0400] {logging_mixin.py:188} INFO - [2025-04-21T17:43:48.611-0400] {dagbag.py:538} INFO - Filling up the DagBag from /Users/gaurav/Documents/Breast-Cancer-ML-Pipeline/venv/lib/python3.9/site-packages/airflow/example_dags/example_task_group.py
[2025-04-21T17:43:48.617-0400] {processor.py:840} INFO - DAG(s) 'example_task_group' retrieved from /Users/gaurav/Documents/Breast-Cancer-ML-Pipeline/venv/lib/python3.9/site-packages/airflow/example_dags/example_task_group.py
[2025-04-21T17:43:48.683-0400] {logging_mixin.py:188} INFO - [2025-04-21T17:43:48.683-0400] {dag.py:3036} INFO - Sync 1 DAGs
[2025-04-21T17:43:48.695-0400] {logging_mixin.py:188} INFO - [2025-04-21T17:43:48.695-0400] {dag.py:3823} INFO - Setting next_dagrun for example_task_group to 2025-04-20 00:00:00+00:00, run_after=2025-04-21 00:00:00+00:00
[2025-04-21T17:43:48.707-0400] {processor.py:183} INFO - Processing /Users/gaurav/Documents/Breast-Cancer-ML-Pipeline/venv/lib/python3.9/site-packages/airflow/example_dags/example_task_group.py took 0.099 seconds
[2025-04-21T17:44:59.917-0400] {processor.py:161} INFO - Started process (PID=88362) to work on /Users/gaurav/Documents/Breast-Cancer-ML-Pipeline/venv/lib/python3.9/site-packages/airflow/example_dags/example_task_group.py
[2025-04-21T17:44:59.918-0400] {processor.py:830} INFO - Processing file /Users/gaurav/Documents/Breast-Cancer-ML-Pipeline/venv/lib/python3.9/site-packages/airflow/example_dags/example_task_group.py for tasks to queue
[2025-04-21T17:44:59.919-0400] {logging_mixin.py:188} INFO - [2025-04-21T17:44:59.919-0400] {dagbag.py:538} INFO - Filling up the DagBag from /Users/gaurav/Documents/Breast-Cancer-ML-Pipeline/venv/lib/python3.9/site-packages/airflow/example_dags/example_task_group.py
[2025-04-21T17:44:59.924-0400] {processor.py:840} INFO - DAG(s) 'example_task_group' retrieved from /Users/gaurav/Documents/Breast-Cancer-ML-Pipeline/venv/lib/python3.9/site-packages/airflow/example_dags/example_task_group.py
[2025-04-21T17:44:59.978-0400] {logging_mixin.py:188} INFO - [2025-04-21T17:44:59.978-0400] {dag.py:3036} INFO - Sync 1 DAGs
[2025-04-21T17:44:59.987-0400] {logging_mixin.py:188} INFO - [2025-04-21T17:44:59.987-0400] {dag.py:3823} INFO - Setting next_dagrun for example_task_group to 2025-04-20 00:00:00+00:00, run_after=2025-04-21 00:00:00+00:00
[2025-04-21T17:44:59.997-0400] {processor.py:183} INFO - Processing /Users/gaurav/Documents/Breast-Cancer-ML-Pipeline/venv/lib/python3.9/site-packages/airflow/example_dags/example_task_group.py took 0.081 seconds
[2025-04-21T17:45:52.716-0400] {processor.py:161} INFO - Started process (PID=88440) to work on /Users/gaurav/Documents/Breast-Cancer-ML-Pipeline/venv/lib/python3.9/site-packages/airflow/example_dags/example_task_group.py
[2025-04-21T17:45:52.718-0400] {processor.py:830} INFO - Processing file /Users/gaurav/Documents/Breast-Cancer-ML-Pipeline/venv/lib/python3.9/site-packages/airflow/example_dags/example_task_group.py for tasks to queue
[2025-04-21T17:45:52.718-0400] {logging_mixin.py:188} INFO - [2025-04-21T17:45:52.718-0400] {dagbag.py:538} INFO - Filling up the DagBag from /Users/gaurav/Documents/Breast-Cancer-ML-Pipeline/venv/lib/python3.9/site-packages/airflow/example_dags/example_task_group.py
[2025-04-21T17:45:52.724-0400] {processor.py:840} INFO - DAG(s) 'example_task_group' retrieved from /Users/gaurav/Documents/Breast-Cancer-ML-Pipeline/venv/lib/python3.9/site-packages/airflow/example_dags/example_task_group.py
[2025-04-21T17:45:52.781-0400] {logging_mixin.py:188} INFO - [2025-04-21T17:45:52.781-0400] {dag.py:3036} INFO - Sync 1 DAGs
[2025-04-21T17:45:52.791-0400] {logging_mixin.py:188} INFO - [2025-04-21T17:45:52.791-0400] {dag.py:3823} INFO - Setting next_dagrun for example_task_group to 2025-04-20 00:00:00+00:00, run_after=2025-04-21 00:00:00+00:00
[2025-04-21T17:45:52.801-0400] {processor.py:183} INFO - Processing /Users/gaurav/Documents/Breast-Cancer-ML-Pipeline/venv/lib/python3.9/site-packages/airflow/example_dags/example_task_group.py took 0.086 seconds
[2025-04-21T17:46:46.729-0400] {processor.py:161} INFO - Started process (PID=88561) to work on /Users/gaurav/Documents/Breast-Cancer-ML-Pipeline/venv/lib/python3.9/site-packages/airflow/example_dags/example_task_group.py
[2025-04-21T17:46:46.730-0400] {processor.py:830} INFO - Processing file /Users/gaurav/Documents/Breast-Cancer-ML-Pipeline/venv/lib/python3.9/site-packages/airflow/example_dags/example_task_group.py for tasks to queue
[2025-04-21T17:46:46.731-0400] {logging_mixin.py:188} INFO - [2025-04-21T17:46:46.731-0400] {dagbag.py:538} INFO - Filling up the DagBag from /Users/gaurav/Documents/Breast-Cancer-ML-Pipeline/venv/lib/python3.9/site-packages/airflow/example_dags/example_task_group.py
[2025-04-21T17:46:46.736-0400] {processor.py:840} INFO - DAG(s) 'example_task_group' retrieved from /Users/gaurav/Documents/Breast-Cancer-ML-Pipeline/venv/lib/python3.9/site-packages/airflow/example_dags/example_task_group.py
[2025-04-21T17:46:46.787-0400] {logging_mixin.py:188} INFO - [2025-04-21T17:46:46.787-0400] {dag.py:3036} INFO - Sync 1 DAGs
[2025-04-21T17:46:46.796-0400] {logging_mixin.py:188} INFO - [2025-04-21T17:46:46.796-0400] {dag.py:3823} INFO - Setting next_dagrun for example_task_group to 2025-04-20 00:00:00+00:00, run_after=2025-04-21 00:00:00+00:00
[2025-04-21T17:46:46.805-0400] {processor.py:183} INFO - Processing /Users/gaurav/Documents/Breast-Cancer-ML-Pipeline/venv/lib/python3.9/site-packages/airflow/example_dags/example_task_group.py took 0.077 seconds
[2025-04-21T17:47:40.890-0400] {processor.py:161} INFO - Started process (PID=88627) to work on /Users/gaurav/Documents/Breast-Cancer-ML-Pipeline/venv/lib/python3.9/site-packages/airflow/example_dags/example_task_group.py
[2025-04-21T17:47:40.892-0400] {processor.py:830} INFO - Processing file /Users/gaurav/Documents/Breast-Cancer-ML-Pipeline/venv/lib/python3.9/site-packages/airflow/example_dags/example_task_group.py for tasks to queue
[2025-04-21T17:47:40.892-0400] {logging_mixin.py:188} INFO - [2025-04-21T17:47:40.892-0400] {dagbag.py:538} INFO - Filling up the DagBag from /Users/gaurav/Documents/Breast-Cancer-ML-Pipeline/venv/lib/python3.9/site-packages/airflow/example_dags/example_task_group.py
[2025-04-21T17:47:40.897-0400] {processor.py:840} INFO - DAG(s) 'example_task_group' retrieved from /Users/gaurav/Documents/Breast-Cancer-ML-Pipeline/venv/lib/python3.9/site-packages/airflow/example_dags/example_task_group.py
[2025-04-21T17:47:40.953-0400] {logging_mixin.py:188} INFO - [2025-04-21T17:47:40.952-0400] {dag.py:3036} INFO - Sync 1 DAGs
[2025-04-21T17:47:40.962-0400] {logging_mixin.py:188} INFO - [2025-04-21T17:47:40.962-0400] {dag.py:3823} INFO - Setting next_dagrun for example_task_group to 2025-04-20 00:00:00+00:00, run_after=2025-04-21 00:00:00+00:00
[2025-04-21T17:47:40.972-0400] {processor.py:183} INFO - Processing /Users/gaurav/Documents/Breast-Cancer-ML-Pipeline/venv/lib/python3.9/site-packages/airflow/example_dags/example_task_group.py took 0.082 seconds
[2025-04-21T17:48:26.270-0400] {processor.py:161} INFO - Started process (PID=88687) to work on /Users/gaurav/Documents/Breast-Cancer-ML-Pipeline/venv/lib/python3.9/site-packages/airflow/example_dags/example_task_group.py
[2025-04-21T17:48:26.272-0400] {processor.py:830} INFO - Processing file /Users/gaurav/Documents/Breast-Cancer-ML-Pipeline/venv/lib/python3.9/site-packages/airflow/example_dags/example_task_group.py for tasks to queue
[2025-04-21T17:48:26.272-0400] {logging_mixin.py:188} INFO - [2025-04-21T17:48:26.272-0400] {dagbag.py:538} INFO - Filling up the DagBag from /Users/gaurav/Documents/Breast-Cancer-ML-Pipeline/venv/lib/python3.9/site-packages/airflow/example_dags/example_task_group.py
[2025-04-21T17:48:26.277-0400] {processor.py:840} INFO - DAG(s) 'example_task_group' retrieved from /Users/gaurav/Documents/Breast-Cancer-ML-Pipeline/venv/lib/python3.9/site-packages/airflow/example_dags/example_task_group.py
[2025-04-21T17:48:26.328-0400] {logging_mixin.py:188} INFO - [2025-04-21T17:48:26.327-0400] {dag.py:3036} INFO - Sync 1 DAGs
[2025-04-21T17:48:26.337-0400] {logging_mixin.py:188} INFO - [2025-04-21T17:48:26.337-0400] {dag.py:3823} INFO - Setting next_dagrun for example_task_group to 2025-04-20 00:00:00+00:00, run_after=2025-04-21 00:00:00+00:00
[2025-04-21T17:48:26.346-0400] {processor.py:183} INFO - Processing /Users/gaurav/Documents/Breast-Cancer-ML-Pipeline/venv/lib/python3.9/site-packages/airflow/example_dags/example_task_group.py took 0.077 seconds
[2025-04-21T17:49:09.962-0400] {processor.py:161} INFO - Started process (PID=88753) to work on /Users/gaurav/Documents/Breast-Cancer-ML-Pipeline/venv/lib/python3.9/site-packages/airflow/example_dags/example_task_group.py
[2025-04-21T17:49:09.963-0400] {processor.py:830} INFO - Processing file /Users/gaurav/Documents/Breast-Cancer-ML-Pipeline/venv/lib/python3.9/site-packages/airflow/example_dags/example_task_group.py for tasks to queue
[2025-04-21T17:49:09.964-0400] {logging_mixin.py:188} INFO - [2025-04-21T17:49:09.964-0400] {dagbag.py:538} INFO - Filling up the DagBag from /Users/gaurav/Documents/Breast-Cancer-ML-Pipeline/venv/lib/python3.9/site-packages/airflow/example_dags/example_task_group.py
[2025-04-21T17:49:09.969-0400] {processor.py:840} INFO - DAG(s) 'example_task_group' retrieved from /Users/gaurav/Documents/Breast-Cancer-ML-Pipeline/venv/lib/python3.9/site-packages/airflow/example_dags/example_task_group.py
[2025-04-21T17:49:10.020-0400] {logging_mixin.py:188} INFO - [2025-04-21T17:49:10.020-0400] {dag.py:3036} INFO - Sync 1 DAGs
[2025-04-21T17:49:10.029-0400] {logging_mixin.py:188} INFO - [2025-04-21T17:49:10.029-0400] {dag.py:3823} INFO - Setting next_dagrun for example_task_group to 2025-04-20 00:00:00+00:00, run_after=2025-04-21 00:00:00+00:00
[2025-04-21T17:49:10.039-0400] {processor.py:183} INFO - Processing /Users/gaurav/Documents/Breast-Cancer-ML-Pipeline/venv/lib/python3.9/site-packages/airflow/example_dags/example_task_group.py took 0.077 seconds
[2025-04-21T17:49:53.489-0400] {processor.py:161} INFO - Started process (PID=88813) to work on /Users/gaurav/Documents/Breast-Cancer-ML-Pipeline/venv/lib/python3.9/site-packages/airflow/example_dags/example_task_group.py
[2025-04-21T17:49:53.491-0400] {processor.py:830} INFO - Processing file /Users/gaurav/Documents/Breast-Cancer-ML-Pipeline/venv/lib/python3.9/site-packages/airflow/example_dags/example_task_group.py for tasks to queue
[2025-04-21T17:49:53.492-0400] {logging_mixin.py:188} INFO - [2025-04-21T17:49:53.492-0400] {dagbag.py:538} INFO - Filling up the DagBag from /Users/gaurav/Documents/Breast-Cancer-ML-Pipeline/venv/lib/python3.9/site-packages/airflow/example_dags/example_task_group.py
[2025-04-21T17:49:53.498-0400] {processor.py:840} INFO - DAG(s) 'example_task_group' retrieved from /Users/gaurav/Documents/Breast-Cancer-ML-Pipeline/venv/lib/python3.9/site-packages/airflow/example_dags/example_task_group.py
[2025-04-21T17:49:53.554-0400] {logging_mixin.py:188} INFO - [2025-04-21T17:49:53.553-0400] {dag.py:3036} INFO - Sync 1 DAGs
[2025-04-21T17:49:53.563-0400] {logging_mixin.py:188} INFO - [2025-04-21T17:49:53.563-0400] {dag.py:3823} INFO - Setting next_dagrun for example_task_group to 2025-04-20 00:00:00+00:00, run_after=2025-04-21 00:00:00+00:00
[2025-04-21T17:49:53.576-0400] {processor.py:183} INFO - Processing /Users/gaurav/Documents/Breast-Cancer-ML-Pipeline/venv/lib/python3.9/site-packages/airflow/example_dags/example_task_group.py took 0.088 seconds
[2025-04-21T17:50:42.896-0400] {processor.py:161} INFO - Started process (PID=88886) to work on /Users/gaurav/Documents/Breast-Cancer-ML-Pipeline/venv/lib/python3.9/site-packages/airflow/example_dags/example_task_group.py
[2025-04-21T17:50:42.897-0400] {processor.py:830} INFO - Processing file /Users/gaurav/Documents/Breast-Cancer-ML-Pipeline/venv/lib/python3.9/site-packages/airflow/example_dags/example_task_group.py for tasks to queue
[2025-04-21T17:50:42.898-0400] {logging_mixin.py:188} INFO - [2025-04-21T17:50:42.898-0400] {dagbag.py:538} INFO - Filling up the DagBag from /Users/gaurav/Documents/Breast-Cancer-ML-Pipeline/venv/lib/python3.9/site-packages/airflow/example_dags/example_task_group.py
[2025-04-21T17:50:42.903-0400] {processor.py:840} INFO - DAG(s) 'example_task_group' retrieved from /Users/gaurav/Documents/Breast-Cancer-ML-Pipeline/venv/lib/python3.9/site-packages/airflow/example_dags/example_task_group.py
[2025-04-21T17:50:42.958-0400] {logging_mixin.py:188} INFO - [2025-04-21T17:50:42.958-0400] {dag.py:3036} INFO - Sync 1 DAGs
[2025-04-21T17:50:42.968-0400] {logging_mixin.py:188} INFO - [2025-04-21T17:50:42.968-0400] {dag.py:3823} INFO - Setting next_dagrun for example_task_group to 2025-04-20 00:00:00+00:00, run_after=2025-04-21 00:00:00+00:00
[2025-04-21T17:50:42.978-0400] {processor.py:183} INFO - Processing /Users/gaurav/Documents/Breast-Cancer-ML-Pipeline/venv/lib/python3.9/site-packages/airflow/example_dags/example_task_group.py took 0.083 seconds
[2025-04-21T17:51:34.924-0400] {processor.py:161} INFO - Started process (PID=88959) to work on /Users/gaurav/Documents/Breast-Cancer-ML-Pipeline/venv/lib/python3.9/site-packages/airflow/example_dags/example_task_group.py
[2025-04-21T17:51:34.926-0400] {processor.py:830} INFO - Processing file /Users/gaurav/Documents/Breast-Cancer-ML-Pipeline/venv/lib/python3.9/site-packages/airflow/example_dags/example_task_group.py for tasks to queue
[2025-04-21T17:51:34.927-0400] {logging_mixin.py:188} INFO - [2025-04-21T17:51:34.926-0400] {dagbag.py:538} INFO - Filling up the DagBag from /Users/gaurav/Documents/Breast-Cancer-ML-Pipeline/venv/lib/python3.9/site-packages/airflow/example_dags/example_task_group.py
[2025-04-21T17:51:34.932-0400] {processor.py:840} INFO - DAG(s) 'example_task_group' retrieved from /Users/gaurav/Documents/Breast-Cancer-ML-Pipeline/venv/lib/python3.9/site-packages/airflow/example_dags/example_task_group.py
[2025-04-21T17:51:34.984-0400] {logging_mixin.py:188} INFO - [2025-04-21T17:51:34.984-0400] {dag.py:3036} INFO - Sync 1 DAGs
[2025-04-21T17:51:34.993-0400] {logging_mixin.py:188} INFO - [2025-04-21T17:51:34.993-0400] {dag.py:3823} INFO - Setting next_dagrun for example_task_group to 2025-04-20 00:00:00+00:00, run_after=2025-04-21 00:00:00+00:00
[2025-04-21T17:51:35.003-0400] {processor.py:183} INFO - Processing /Users/gaurav/Documents/Breast-Cancer-ML-Pipeline/venv/lib/python3.9/site-packages/airflow/example_dags/example_task_group.py took 0.079 seconds
[2025-04-21T17:52:26.868-0400] {processor.py:161} INFO - Started process (PID=89025) to work on /Users/gaurav/Documents/Breast-Cancer-ML-Pipeline/venv/lib/python3.9/site-packages/airflow/example_dags/example_task_group.py
[2025-04-21T17:52:26.875-0400] {processor.py:830} INFO - Processing file /Users/gaurav/Documents/Breast-Cancer-ML-Pipeline/venv/lib/python3.9/site-packages/airflow/example_dags/example_task_group.py for tasks to queue
[2025-04-21T17:52:26.876-0400] {logging_mixin.py:188} INFO - [2025-04-21T17:52:26.876-0400] {dagbag.py:538} INFO - Filling up the DagBag from /Users/gaurav/Documents/Breast-Cancer-ML-Pipeline/venv/lib/python3.9/site-packages/airflow/example_dags/example_task_group.py
[2025-04-21T17:52:26.893-0400] {processor.py:840} INFO - DAG(s) 'example_task_group' retrieved from /Users/gaurav/Documents/Breast-Cancer-ML-Pipeline/venv/lib/python3.9/site-packages/airflow/example_dags/example_task_group.py
[2025-04-21T17:52:26.948-0400] {logging_mixin.py:188} INFO - [2025-04-21T17:52:26.947-0400] {dag.py:3036} INFO - Sync 1 DAGs
[2025-04-21T17:52:26.957-0400] {logging_mixin.py:188} INFO - [2025-04-21T17:52:26.957-0400] {dag.py:3823} INFO - Setting next_dagrun for example_task_group to 2025-04-20 00:00:00+00:00, run_after=2025-04-21 00:00:00+00:00
[2025-04-21T17:52:26.968-0400] {processor.py:183} INFO - Processing /Users/gaurav/Documents/Breast-Cancer-ML-Pipeline/venv/lib/python3.9/site-packages/airflow/example_dags/example_task_group.py took 0.105 seconds
[2025-04-21T17:53:18.997-0400] {processor.py:161} INFO - Started process (PID=89095) to work on /Users/gaurav/Documents/Breast-Cancer-ML-Pipeline/venv/lib/python3.9/site-packages/airflow/example_dags/example_task_group.py
[2025-04-21T17:53:18.999-0400] {processor.py:830} INFO - Processing file /Users/gaurav/Documents/Breast-Cancer-ML-Pipeline/venv/lib/python3.9/site-packages/airflow/example_dags/example_task_group.py for tasks to queue
[2025-04-21T17:53:19.000-0400] {logging_mixin.py:188} INFO - [2025-04-21T17:53:19.000-0400] {dagbag.py:538} INFO - Filling up the DagBag from /Users/gaurav/Documents/Breast-Cancer-ML-Pipeline/venv/lib/python3.9/site-packages/airflow/example_dags/example_task_group.py
[2025-04-21T17:53:19.005-0400] {processor.py:840} INFO - DAG(s) 'example_task_group' retrieved from /Users/gaurav/Documents/Breast-Cancer-ML-Pipeline/venv/lib/python3.9/site-packages/airflow/example_dags/example_task_group.py
[2025-04-21T17:53:19.062-0400] {logging_mixin.py:188} INFO - [2025-04-21T17:53:19.062-0400] {dag.py:3036} INFO - Sync 1 DAGs
[2025-04-21T17:53:19.072-0400] {logging_mixin.py:188} INFO - [2025-04-21T17:53:19.071-0400] {dag.py:3823} INFO - Setting next_dagrun for example_task_group to 2025-04-20 00:00:00+00:00, run_after=2025-04-21 00:00:00+00:00
[2025-04-21T17:53:19.081-0400] {processor.py:183} INFO - Processing /Users/gaurav/Documents/Breast-Cancer-ML-Pipeline/venv/lib/python3.9/site-packages/airflow/example_dags/example_task_group.py took 0.085 seconds
[2025-04-21T17:54:10.202-0400] {processor.py:161} INFO - Started process (PID=89165) to work on /Users/gaurav/Documents/Breast-Cancer-ML-Pipeline/venv/lib/python3.9/site-packages/airflow/example_dags/example_task_group.py
[2025-04-21T17:54:10.204-0400] {processor.py:830} INFO - Processing file /Users/gaurav/Documents/Breast-Cancer-ML-Pipeline/venv/lib/python3.9/site-packages/airflow/example_dags/example_task_group.py for tasks to queue
[2025-04-21T17:54:10.204-0400] {logging_mixin.py:188} INFO - [2025-04-21T17:54:10.204-0400] {dagbag.py:538} INFO - Filling up the DagBag from /Users/gaurav/Documents/Breast-Cancer-ML-Pipeline/venv/lib/python3.9/site-packages/airflow/example_dags/example_task_group.py
[2025-04-21T17:54:10.210-0400] {processor.py:840} INFO - DAG(s) 'example_task_group' retrieved from /Users/gaurav/Documents/Breast-Cancer-ML-Pipeline/venv/lib/python3.9/site-packages/airflow/example_dags/example_task_group.py
[2025-04-21T17:54:10.266-0400] {logging_mixin.py:188} INFO - [2025-04-21T17:54:10.266-0400] {dag.py:3036} INFO - Sync 1 DAGs
[2025-04-21T17:54:10.276-0400] {logging_mixin.py:188} INFO - [2025-04-21T17:54:10.276-0400] {dag.py:3823} INFO - Setting next_dagrun for example_task_group to 2025-04-20 00:00:00+00:00, run_after=2025-04-21 00:00:00+00:00
[2025-04-21T17:54:10.287-0400] {processor.py:183} INFO - Processing /Users/gaurav/Documents/Breast-Cancer-ML-Pipeline/venv/lib/python3.9/site-packages/airflow/example_dags/example_task_group.py took 0.085 seconds
[2025-04-21T17:55:04.584-0400] {processor.py:161} INFO - Started process (PID=89297) to work on /Users/gaurav/Documents/Breast-Cancer-ML-Pipeline/venv/lib/python3.9/site-packages/airflow/example_dags/example_task_group.py
[2025-04-21T17:55:04.585-0400] {processor.py:830} INFO - Processing file /Users/gaurav/Documents/Breast-Cancer-ML-Pipeline/venv/lib/python3.9/site-packages/airflow/example_dags/example_task_group.py for tasks to queue
[2025-04-21T17:55:04.585-0400] {logging_mixin.py:188} INFO - [2025-04-21T17:55:04.585-0400] {dagbag.py:538} INFO - Filling up the DagBag from /Users/gaurav/Documents/Breast-Cancer-ML-Pipeline/venv/lib/python3.9/site-packages/airflow/example_dags/example_task_group.py
[2025-04-21T17:55:04.592-0400] {processor.py:840} INFO - DAG(s) 'example_task_group' retrieved from /Users/gaurav/Documents/Breast-Cancer-ML-Pipeline/venv/lib/python3.9/site-packages/airflow/example_dags/example_task_group.py
[2025-04-21T17:55:04.647-0400] {logging_mixin.py:188} INFO - [2025-04-21T17:55:04.647-0400] {dag.py:3036} INFO - Sync 1 DAGs
[2025-04-21T17:55:04.657-0400] {logging_mixin.py:188} INFO - [2025-04-21T17:55:04.657-0400] {dag.py:3823} INFO - Setting next_dagrun for example_task_group to 2025-04-20 00:00:00+00:00, run_after=2025-04-21 00:00:00+00:00
[2025-04-21T17:55:04.668-0400] {processor.py:183} INFO - Processing /Users/gaurav/Documents/Breast-Cancer-ML-Pipeline/venv/lib/python3.9/site-packages/airflow/example_dags/example_task_group.py took 0.084 seconds
