[2025-04-21T16:39:33.383-0400] {processor.py:161} INFO - Started process (PID=83566) to work on /Users/gaurav/Documents/Breast-Cancer-ML-Pipeline/venv/lib/python3.9/site-packages/airflow/example_dags/example_latest_only.py
[2025-04-21T16:39:33.384-0400] {processor.py:830} INFO - Processing file /Users/gaurav/Documents/Breast-Cancer-ML-Pipeline/venv/lib/python3.9/site-packages/airflow/example_dags/example_latest_only.py for tasks to queue
[2025-04-21T16:39:33.384-0400] {logging_mixin.py:188} INFO - [2025-04-21T16:39:33.384-0400] {dagbag.py:538} INFO - Filling up the DagBag from /Users/gaurav/Documents/Breast-Cancer-ML-Pipeline/venv/lib/python3.9/site-packages/airflow/example_dags/example_latest_only.py
[2025-04-21T16:39:33.389-0400] {processor.py:840} INFO - DAG(s) 'latest_only' retrieved from /Users/gaurav/Documents/Breast-Cancer-ML-Pipeline/venv/lib/python3.9/site-packages/airflow/example_dags/example_latest_only.py
[2025-04-21T16:39:33.510-0400] {logging_mixin.py:188} INFO - [2025-04-21T16:39:33.509-0400] {override.py:1769} INFO - Created Permission View: can delete on DAG:latest_only
[2025-04-21T16:39:33.515-0400] {logging_mixin.py:188} INFO - [2025-04-21T16:39:33.515-0400] {override.py:1769} INFO - Created Permission View: can read on DAG:latest_only
[2025-04-21T16:39:33.518-0400] {logging_mixin.py:188} INFO - [2025-04-21T16:39:33.518-0400] {override.py:1769} INFO - Created Permission View: can edit on DAG:latest_only
[2025-04-21T16:39:33.519-0400] {logging_mixin.py:188} INFO - [2025-04-21T16:39:33.519-0400] {dag.py:3036} INFO - Sync 1 DAGs
[2025-04-21T16:39:33.525-0400] {logging_mixin.py:188} INFO - [2025-04-21T16:39:33.525-0400] {dag.py:3058} INFO - Creating ORM DAG for latest_only
[2025-04-21T16:39:33.532-0400] {logging_mixin.py:188} INFO - [2025-04-21T16:39:33.532-0400] {dag.py:3823} INFO - Setting next_dagrun for latest_only to 2025-04-21 16:00:00+00:00, run_after=2025-04-21 20:00:00+00:00
[2025-04-21T16:39:33.545-0400] {processor.py:183} INFO - Processing /Users/gaurav/Documents/Breast-Cancer-ML-Pipeline/venv/lib/python3.9/site-packages/airflow/example_dags/example_latest_only.py took 0.163 seconds
[2025-04-21T16:41:22.468-0400] {processor.py:161} INFO - Started process (PID=83666) to work on /Users/gaurav/Documents/Breast-Cancer-ML-Pipeline/venv/lib/python3.9/site-packages/airflow/example_dags/example_latest_only.py
[2025-04-21T16:41:22.470-0400] {processor.py:830} INFO - Processing file /Users/gaurav/Documents/Breast-Cancer-ML-Pipeline/venv/lib/python3.9/site-packages/airflow/example_dags/example_latest_only.py for tasks to queue
[2025-04-21T16:41:22.471-0400] {logging_mixin.py:188} INFO - [2025-04-21T16:41:22.471-0400] {dagbag.py:538} INFO - Filling up the DagBag from /Users/gaurav/Documents/Breast-Cancer-ML-Pipeline/venv/lib/python3.9/site-packages/airflow/example_dags/example_latest_only.py
[2025-04-21T16:41:22.476-0400] {processor.py:840} INFO - DAG(s) 'latest_only' retrieved from /Users/gaurav/Documents/Breast-Cancer-ML-Pipeline/venv/lib/python3.9/site-packages/airflow/example_dags/example_latest_only.py
[2025-04-21T16:41:22.541-0400] {logging_mixin.py:188} INFO - [2025-04-21T16:41:22.541-0400] {dag.py:3036} INFO - Sync 1 DAGs
[2025-04-21T16:41:22.553-0400] {logging_mixin.py:188} INFO - [2025-04-21T16:41:22.553-0400] {dag.py:3823} INFO - Setting next_dagrun for latest_only to 2025-04-21 16:00:00+00:00, run_after=2025-04-21 20:00:00+00:00
[2025-04-21T16:41:22.566-0400] {processor.py:183} INFO - Processing /Users/gaurav/Documents/Breast-Cancer-ML-Pipeline/venv/lib/python3.9/site-packages/airflow/example_dags/example_latest_only.py took 0.099 seconds
[2025-04-21T16:44:06.686-0400] {processor.py:161} INFO - Started process (PID=83804) to work on /Users/gaurav/Documents/Breast-Cancer-ML-Pipeline/venv/lib/python3.9/site-packages/airflow/example_dags/example_latest_only.py
[2025-04-21T16:44:06.688-0400] {processor.py:830} INFO - Processing file /Users/gaurav/Documents/Breast-Cancer-ML-Pipeline/venv/lib/python3.9/site-packages/airflow/example_dags/example_latest_only.py for tasks to queue
[2025-04-21T16:44:06.689-0400] {logging_mixin.py:188} INFO - [2025-04-21T16:44:06.689-0400] {dagbag.py:538} INFO - Filling up the DagBag from /Users/gaurav/Documents/Breast-Cancer-ML-Pipeline/venv/lib/python3.9/site-packages/airflow/example_dags/example_latest_only.py
[2025-04-21T16:44:06.694-0400] {processor.py:840} INFO - DAG(s) 'latest_only' retrieved from /Users/gaurav/Documents/Breast-Cancer-ML-Pipeline/venv/lib/python3.9/site-packages/airflow/example_dags/example_latest_only.py
[2025-04-21T16:44:06.761-0400] {logging_mixin.py:188} INFO - [2025-04-21T16:44:06.761-0400] {dag.py:3036} INFO - Sync 1 DAGs
[2025-04-21T16:44:06.774-0400] {logging_mixin.py:188} INFO - [2025-04-21T16:44:06.774-0400] {dag.py:3823} INFO - Setting next_dagrun for latest_only to 2025-04-21 16:00:00+00:00, run_after=2025-04-21 20:00:00+00:00
[2025-04-21T16:44:06.786-0400] {processor.py:183} INFO - Processing /Users/gaurav/Documents/Breast-Cancer-ML-Pipeline/venv/lib/python3.9/site-packages/airflow/example_dags/example_latest_only.py took 0.100 seconds
[2025-04-21T16:47:14.739-0400] {processor.py:161} INFO - Started process (PID=84029) to work on /Users/gaurav/Documents/Breast-Cancer-ML-Pipeline/venv/lib/python3.9/site-packages/airflow/example_dags/example_latest_only.py
[2025-04-21T16:47:14.741-0400] {processor.py:830} INFO - Processing file /Users/gaurav/Documents/Breast-Cancer-ML-Pipeline/venv/lib/python3.9/site-packages/airflow/example_dags/example_latest_only.py for tasks to queue
[2025-04-21T16:47:14.741-0400] {logging_mixin.py:188} INFO - [2025-04-21T16:47:14.741-0400] {dagbag.py:538} INFO - Filling up the DagBag from /Users/gaurav/Documents/Breast-Cancer-ML-Pipeline/venv/lib/python3.9/site-packages/airflow/example_dags/example_latest_only.py
[2025-04-21T16:47:14.746-0400] {processor.py:840} INFO - DAG(s) 'latest_only' retrieved from /Users/gaurav/Documents/Breast-Cancer-ML-Pipeline/venv/lib/python3.9/site-packages/airflow/example_dags/example_latest_only.py
[2025-04-21T16:47:14.813-0400] {logging_mixin.py:188} INFO - [2025-04-21T16:47:14.813-0400] {dag.py:3036} INFO - Sync 1 DAGs
[2025-04-21T16:47:14.825-0400] {logging_mixin.py:188} INFO - [2025-04-21T16:47:14.825-0400] {dag.py:3823} INFO - Setting next_dagrun for latest_only to 2025-04-21 16:00:00+00:00, run_after=2025-04-21 20:00:00+00:00
[2025-04-21T16:47:14.837-0400] {processor.py:183} INFO - Processing /Users/gaurav/Documents/Breast-Cancer-ML-Pipeline/venv/lib/python3.9/site-packages/airflow/example_dags/example_latest_only.py took 0.099 seconds
[2025-04-21T16:48:27.926-0400] {processor.py:161} INFO - Started process (PID=84111) to work on /Users/gaurav/Documents/Breast-Cancer-ML-Pipeline/venv/lib/python3.9/site-packages/airflow/example_dags/example_latest_only.py
[2025-04-21T16:48:27.928-0400] {processor.py:830} INFO - Processing file /Users/gaurav/Documents/Breast-Cancer-ML-Pipeline/venv/lib/python3.9/site-packages/airflow/example_dags/example_latest_only.py for tasks to queue
[2025-04-21T16:48:27.928-0400] {logging_mixin.py:188} INFO - [2025-04-21T16:48:27.928-0400] {dagbag.py:538} INFO - Filling up the DagBag from /Users/gaurav/Documents/Breast-Cancer-ML-Pipeline/venv/lib/python3.9/site-packages/airflow/example_dags/example_latest_only.py
[2025-04-21T16:48:27.933-0400] {processor.py:840} INFO - DAG(s) 'latest_only' retrieved from /Users/gaurav/Documents/Breast-Cancer-ML-Pipeline/venv/lib/python3.9/site-packages/airflow/example_dags/example_latest_only.py
[2025-04-21T16:48:27.997-0400] {logging_mixin.py:188} INFO - [2025-04-21T16:48:27.996-0400] {dag.py:3036} INFO - Sync 1 DAGs
[2025-04-21T16:48:28.008-0400] {logging_mixin.py:188} INFO - [2025-04-21T16:48:28.008-0400] {dag.py:3823} INFO - Setting next_dagrun for latest_only to 2025-04-21 16:00:00+00:00, run_after=2025-04-21 20:00:00+00:00
[2025-04-21T16:48:28.021-0400] {processor.py:183} INFO - Processing /Users/gaurav/Documents/Breast-Cancer-ML-Pipeline/venv/lib/python3.9/site-packages/airflow/example_dags/example_latest_only.py took 0.096 seconds
[2025-04-21T16:49:39.045-0400] {processor.py:161} INFO - Started process (PID=84198) to work on /Users/gaurav/Documents/Breast-Cancer-ML-Pipeline/venv/lib/python3.9/site-packages/airflow/example_dags/example_latest_only.py
[2025-04-21T16:49:39.047-0400] {processor.py:830} INFO - Processing file /Users/gaurav/Documents/Breast-Cancer-ML-Pipeline/venv/lib/python3.9/site-packages/airflow/example_dags/example_latest_only.py for tasks to queue
[2025-04-21T16:49:39.047-0400] {logging_mixin.py:188} INFO - [2025-04-21T16:49:39.047-0400] {dagbag.py:538} INFO - Filling up the DagBag from /Users/gaurav/Documents/Breast-Cancer-ML-Pipeline/venv/lib/python3.9/site-packages/airflow/example_dags/example_latest_only.py
[2025-04-21T16:49:39.053-0400] {processor.py:840} INFO - DAG(s) 'latest_only' retrieved from /Users/gaurav/Documents/Breast-Cancer-ML-Pipeline/venv/lib/python3.9/site-packages/airflow/example_dags/example_latest_only.py
[2025-04-21T16:49:39.117-0400] {logging_mixin.py:188} INFO - [2025-04-21T16:49:39.116-0400] {dag.py:3036} INFO - Sync 1 DAGs
[2025-04-21T16:49:39.128-0400] {logging_mixin.py:188} INFO - [2025-04-21T16:49:39.128-0400] {dag.py:3823} INFO - Setting next_dagrun for latest_only to 2025-04-21 16:00:00+00:00, run_after=2025-04-21 20:00:00+00:00
[2025-04-21T16:49:39.141-0400] {processor.py:183} INFO - Processing /Users/gaurav/Documents/Breast-Cancer-ML-Pipeline/venv/lib/python3.9/site-packages/airflow/example_dags/example_latest_only.py took 0.096 seconds
[2025-04-21T16:50:54.043-0400] {processor.py:161} INFO - Started process (PID=84280) to work on /Users/gaurav/Documents/Breast-Cancer-ML-Pipeline/venv/lib/python3.9/site-packages/airflow/example_dags/example_latest_only.py
[2025-04-21T16:50:54.045-0400] {processor.py:830} INFO - Processing file /Users/gaurav/Documents/Breast-Cancer-ML-Pipeline/venv/lib/python3.9/site-packages/airflow/example_dags/example_latest_only.py for tasks to queue
[2025-04-21T16:50:54.045-0400] {logging_mixin.py:188} INFO - [2025-04-21T16:50:54.045-0400] {dagbag.py:538} INFO - Filling up the DagBag from /Users/gaurav/Documents/Breast-Cancer-ML-Pipeline/venv/lib/python3.9/site-packages/airflow/example_dags/example_latest_only.py
[2025-04-21T16:50:54.050-0400] {processor.py:840} INFO - DAG(s) 'latest_only' retrieved from /Users/gaurav/Documents/Breast-Cancer-ML-Pipeline/venv/lib/python3.9/site-packages/airflow/example_dags/example_latest_only.py
[2025-04-21T16:50:54.119-0400] {logging_mixin.py:188} INFO - [2025-04-21T16:50:54.118-0400] {dag.py:3036} INFO - Sync 1 DAGs
[2025-04-21T16:50:54.131-0400] {logging_mixin.py:188} INFO - [2025-04-21T16:50:54.130-0400] {dag.py:3823} INFO - Setting next_dagrun for latest_only to 2025-04-21 16:00:00+00:00, run_after=2025-04-21 20:00:00+00:00
[2025-04-21T16:50:54.143-0400] {processor.py:183} INFO - Processing /Users/gaurav/Documents/Breast-Cancer-ML-Pipeline/venv/lib/python3.9/site-packages/airflow/example_dags/example_latest_only.py took 0.100 seconds
[2025-04-21T16:52:17.589-0400] {processor.py:161} INFO - Started process (PID=84370) to work on /Users/gaurav/Documents/Breast-Cancer-ML-Pipeline/venv/lib/python3.9/site-packages/airflow/example_dags/example_latest_only.py
[2025-04-21T16:52:17.590-0400] {processor.py:830} INFO - Processing file /Users/gaurav/Documents/Breast-Cancer-ML-Pipeline/venv/lib/python3.9/site-packages/airflow/example_dags/example_latest_only.py for tasks to queue
[2025-04-21T16:52:17.591-0400] {logging_mixin.py:188} INFO - [2025-04-21T16:52:17.591-0400] {dagbag.py:538} INFO - Filling up the DagBag from /Users/gaurav/Documents/Breast-Cancer-ML-Pipeline/venv/lib/python3.9/site-packages/airflow/example_dags/example_latest_only.py
[2025-04-21T16:52:17.597-0400] {processor.py:840} INFO - DAG(s) 'latest_only' retrieved from /Users/gaurav/Documents/Breast-Cancer-ML-Pipeline/venv/lib/python3.9/site-packages/airflow/example_dags/example_latest_only.py
[2025-04-21T16:52:17.669-0400] {logging_mixin.py:188} INFO - [2025-04-21T16:52:17.668-0400] {dag.py:3036} INFO - Sync 1 DAGs
[2025-04-21T16:52:17.683-0400] {logging_mixin.py:188} INFO - [2025-04-21T16:52:17.683-0400] {dag.py:3823} INFO - Setting next_dagrun for latest_only to 2025-04-21 16:00:00+00:00, run_after=2025-04-21 20:00:00+00:00
[2025-04-21T16:52:17.696-0400] {processor.py:183} INFO - Processing /Users/gaurav/Documents/Breast-Cancer-ML-Pipeline/venv/lib/python3.9/site-packages/airflow/example_dags/example_latest_only.py took 0.109 seconds
[2025-04-21T16:53:39.309-0400] {processor.py:161} INFO - Started process (PID=84482) to work on /Users/gaurav/Documents/Breast-Cancer-ML-Pipeline/venv/lib/python3.9/site-packages/airflow/example_dags/example_latest_only.py
[2025-04-21T16:53:39.312-0400] {processor.py:830} INFO - Processing file /Users/gaurav/Documents/Breast-Cancer-ML-Pipeline/venv/lib/python3.9/site-packages/airflow/example_dags/example_latest_only.py for tasks to queue
[2025-04-21T16:53:39.313-0400] {logging_mixin.py:188} INFO - [2025-04-21T16:53:39.312-0400] {dagbag.py:538} INFO - Filling up the DagBag from /Users/gaurav/Documents/Breast-Cancer-ML-Pipeline/venv/lib/python3.9/site-packages/airflow/example_dags/example_latest_only.py
[2025-04-21T16:53:39.318-0400] {processor.py:840} INFO - DAG(s) 'latest_only' retrieved from /Users/gaurav/Documents/Breast-Cancer-ML-Pipeline/venv/lib/python3.9/site-packages/airflow/example_dags/example_latest_only.py
[2025-04-21T16:53:39.387-0400] {logging_mixin.py:188} INFO - [2025-04-21T16:53:39.387-0400] {dag.py:3036} INFO - Sync 1 DAGs
[2025-04-21T16:53:39.399-0400] {logging_mixin.py:188} INFO - [2025-04-21T16:53:39.399-0400] {dag.py:3823} INFO - Setting next_dagrun for latest_only to 2025-04-21 16:00:00+00:00, run_after=2025-04-21 20:00:00+00:00
[2025-04-21T16:53:39.411-0400] {processor.py:183} INFO - Processing /Users/gaurav/Documents/Breast-Cancer-ML-Pipeline/venv/lib/python3.9/site-packages/airflow/example_dags/example_latest_only.py took 0.102 seconds
[2025-04-21T16:56:44.525-0400] {processor.py:161} INFO - Started process (PID=84717) to work on /Users/gaurav/Documents/Breast-Cancer-ML-Pipeline/venv/lib/python3.9/site-packages/airflow/example_dags/example_latest_only.py
[2025-04-21T16:56:44.527-0400] {processor.py:830} INFO - Processing file /Users/gaurav/Documents/Breast-Cancer-ML-Pipeline/venv/lib/python3.9/site-packages/airflow/example_dags/example_latest_only.py for tasks to queue
[2025-04-21T16:56:44.527-0400] {logging_mixin.py:188} INFO - [2025-04-21T16:56:44.527-0400] {dagbag.py:538} INFO - Filling up the DagBag from /Users/gaurav/Documents/Breast-Cancer-ML-Pipeline/venv/lib/python3.9/site-packages/airflow/example_dags/example_latest_only.py
[2025-04-21T16:56:44.533-0400] {processor.py:840} INFO - DAG(s) 'latest_only' retrieved from /Users/gaurav/Documents/Breast-Cancer-ML-Pipeline/venv/lib/python3.9/site-packages/airflow/example_dags/example_latest_only.py
[2025-04-21T16:56:44.656-0400] {logging_mixin.py:188} INFO - [2025-04-21T16:56:44.655-0400] {dag.py:3036} INFO - Sync 1 DAGs
[2025-04-21T16:56:44.666-0400] {logging_mixin.py:188} INFO - [2025-04-21T16:56:44.666-0400] {dag.py:3823} INFO - Setting next_dagrun for latest_only to 2025-04-21 16:00:00+00:00, run_after=2025-04-21 20:00:00+00:00
[2025-04-21T16:56:44.680-0400] {processor.py:183} INFO - Processing /Users/gaurav/Documents/Breast-Cancer-ML-Pipeline/venv/lib/python3.9/site-packages/airflow/example_dags/example_latest_only.py took 0.156 seconds
[2025-04-21T16:58:08.518-0400] {processor.py:161} INFO - Started process (PID=84826) to work on /Users/gaurav/Documents/Breast-Cancer-ML-Pipeline/venv/lib/python3.9/site-packages/airflow/example_dags/example_latest_only.py
[2025-04-21T16:58:08.520-0400] {processor.py:830} INFO - Processing file /Users/gaurav/Documents/Breast-Cancer-ML-Pipeline/venv/lib/python3.9/site-packages/airflow/example_dags/example_latest_only.py for tasks to queue
[2025-04-21T16:58:08.521-0400] {logging_mixin.py:188} INFO - [2025-04-21T16:58:08.521-0400] {dagbag.py:538} INFO - Filling up the DagBag from /Users/gaurav/Documents/Breast-Cancer-ML-Pipeline/venv/lib/python3.9/site-packages/airflow/example_dags/example_latest_only.py
[2025-04-21T16:58:08.526-0400] {processor.py:840} INFO - DAG(s) 'latest_only' retrieved from /Users/gaurav/Documents/Breast-Cancer-ML-Pipeline/venv/lib/python3.9/site-packages/airflow/example_dags/example_latest_only.py
[2025-04-21T16:58:08.593-0400] {logging_mixin.py:188} INFO - [2025-04-21T16:58:08.593-0400] {dag.py:3036} INFO - Sync 1 DAGs
[2025-04-21T16:58:08.605-0400] {logging_mixin.py:188} INFO - [2025-04-21T16:58:08.605-0400] {dag.py:3823} INFO - Setting next_dagrun for latest_only to 2025-04-21 16:00:00+00:00, run_after=2025-04-21 20:00:00+00:00
[2025-04-21T16:58:08.617-0400] {processor.py:183} INFO - Processing /Users/gaurav/Documents/Breast-Cancer-ML-Pipeline/venv/lib/python3.9/site-packages/airflow/example_dags/example_latest_only.py took 0.100 seconds
[2025-04-21T16:59:29.541-0400] {processor.py:161} INFO - Started process (PID=84911) to work on /Users/gaurav/Documents/Breast-Cancer-ML-Pipeline/venv/lib/python3.9/site-packages/airflow/example_dags/example_latest_only.py
[2025-04-21T16:59:29.543-0400] {processor.py:830} INFO - Processing file /Users/gaurav/Documents/Breast-Cancer-ML-Pipeline/venv/lib/python3.9/site-packages/airflow/example_dags/example_latest_only.py for tasks to queue
[2025-04-21T16:59:29.543-0400] {logging_mixin.py:188} INFO - [2025-04-21T16:59:29.543-0400] {dagbag.py:538} INFO - Filling up the DagBag from /Users/gaurav/Documents/Breast-Cancer-ML-Pipeline/venv/lib/python3.9/site-packages/airflow/example_dags/example_latest_only.py
[2025-04-21T16:59:29.548-0400] {processor.py:840} INFO - DAG(s) 'latest_only' retrieved from /Users/gaurav/Documents/Breast-Cancer-ML-Pipeline/venv/lib/python3.9/site-packages/airflow/example_dags/example_latest_only.py
[2025-04-21T16:59:29.615-0400] {logging_mixin.py:188} INFO - [2025-04-21T16:59:29.615-0400] {dag.py:3036} INFO - Sync 1 DAGs
[2025-04-21T16:59:29.628-0400] {logging_mixin.py:188} INFO - [2025-04-21T16:59:29.628-0400] {dag.py:3823} INFO - Setting next_dagrun for latest_only to 2025-04-21 16:00:00+00:00, run_after=2025-04-21 20:00:00+00:00
[2025-04-21T16:59:29.640-0400] {processor.py:183} INFO - Processing /Users/gaurav/Documents/Breast-Cancer-ML-Pipeline/venv/lib/python3.9/site-packages/airflow/example_dags/example_latest_only.py took 0.100 seconds
[2025-04-21T17:00:41.904-0400] {processor.py:161} INFO - Started process (PID=85004) to work on /Users/gaurav/Documents/Breast-Cancer-ML-Pipeline/venv/lib/python3.9/site-packages/airflow/example_dags/example_latest_only.py
[2025-04-21T17:00:41.906-0400] {processor.py:830} INFO - Processing file /Users/gaurav/Documents/Breast-Cancer-ML-Pipeline/venv/lib/python3.9/site-packages/airflow/example_dags/example_latest_only.py for tasks to queue
[2025-04-21T17:00:41.906-0400] {logging_mixin.py:188} INFO - [2025-04-21T17:00:41.906-0400] {dagbag.py:538} INFO - Filling up the DagBag from /Users/gaurav/Documents/Breast-Cancer-ML-Pipeline/venv/lib/python3.9/site-packages/airflow/example_dags/example_latest_only.py
[2025-04-21T17:00:41.911-0400] {processor.py:840} INFO - DAG(s) 'latest_only' retrieved from /Users/gaurav/Documents/Breast-Cancer-ML-Pipeline/venv/lib/python3.9/site-packages/airflow/example_dags/example_latest_only.py
[2025-04-21T17:00:41.977-0400] {logging_mixin.py:188} INFO - [2025-04-21T17:00:41.977-0400] {dag.py:3036} INFO - Sync 1 DAGs
[2025-04-21T17:00:41.989-0400] {logging_mixin.py:188} INFO - [2025-04-21T17:00:41.989-0400] {dag.py:3823} INFO - Setting next_dagrun for latest_only to 2025-04-21 16:00:00+00:00, run_after=2025-04-21 20:00:00+00:00
[2025-04-21T17:00:42.001-0400] {processor.py:183} INFO - Processing /Users/gaurav/Documents/Breast-Cancer-ML-Pipeline/venv/lib/python3.9/site-packages/airflow/example_dags/example_latest_only.py took 0.098 seconds
[2025-04-21T17:02:05.396-0400] {processor.py:161} INFO - Started process (PID=85105) to work on /Users/gaurav/Documents/Breast-Cancer-ML-Pipeline/venv/lib/python3.9/site-packages/airflow/example_dags/example_latest_only.py
[2025-04-21T17:02:05.398-0400] {processor.py:830} INFO - Processing file /Users/gaurav/Documents/Breast-Cancer-ML-Pipeline/venv/lib/python3.9/site-packages/airflow/example_dags/example_latest_only.py for tasks to queue
[2025-04-21T17:02:05.398-0400] {logging_mixin.py:188} INFO - [2025-04-21T17:02:05.398-0400] {dagbag.py:538} INFO - Filling up the DagBag from /Users/gaurav/Documents/Breast-Cancer-ML-Pipeline/venv/lib/python3.9/site-packages/airflow/example_dags/example_latest_only.py
[2025-04-21T17:02:05.403-0400] {processor.py:840} INFO - DAG(s) 'latest_only' retrieved from /Users/gaurav/Documents/Breast-Cancer-ML-Pipeline/venv/lib/python3.9/site-packages/airflow/example_dags/example_latest_only.py
[2025-04-21T17:02:05.469-0400] {logging_mixin.py:188} INFO - [2025-04-21T17:02:05.469-0400] {dag.py:3036} INFO - Sync 1 DAGs
[2025-04-21T17:02:05.481-0400] {logging_mixin.py:188} INFO - [2025-04-21T17:02:05.481-0400] {dag.py:3823} INFO - Setting next_dagrun for latest_only to 2025-04-21 16:00:00+00:00, run_after=2025-04-21 20:00:00+00:00
[2025-04-21T17:02:05.493-0400] {processor.py:183} INFO - Processing /Users/gaurav/Documents/Breast-Cancer-ML-Pipeline/venv/lib/python3.9/site-packages/airflow/example_dags/example_latest_only.py took 0.098 seconds
[2025-04-21T17:03:23.846-0400] {processor.py:161} INFO - Started process (PID=85194) to work on /Users/gaurav/Documents/Breast-Cancer-ML-Pipeline/venv/lib/python3.9/site-packages/airflow/example_dags/example_latest_only.py
[2025-04-21T17:03:23.848-0400] {processor.py:830} INFO - Processing file /Users/gaurav/Documents/Breast-Cancer-ML-Pipeline/venv/lib/python3.9/site-packages/airflow/example_dags/example_latest_only.py for tasks to queue
[2025-04-21T17:03:23.848-0400] {logging_mixin.py:188} INFO - [2025-04-21T17:03:23.848-0400] {dagbag.py:538} INFO - Filling up the DagBag from /Users/gaurav/Documents/Breast-Cancer-ML-Pipeline/venv/lib/python3.9/site-packages/airflow/example_dags/example_latest_only.py
[2025-04-21T17:03:23.853-0400] {processor.py:840} INFO - DAG(s) 'latest_only' retrieved from /Users/gaurav/Documents/Breast-Cancer-ML-Pipeline/venv/lib/python3.9/site-packages/airflow/example_dags/example_latest_only.py
[2025-04-21T17:03:23.916-0400] {logging_mixin.py:188} INFO - [2025-04-21T17:03:23.915-0400] {dag.py:3036} INFO - Sync 1 DAGs
[2025-04-21T17:03:23.927-0400] {logging_mixin.py:188} INFO - [2025-04-21T17:03:23.927-0400] {dag.py:3823} INFO - Setting next_dagrun for latest_only to 2025-04-21 16:00:00+00:00, run_after=2025-04-21 20:00:00+00:00
[2025-04-21T17:03:23.939-0400] {processor.py:183} INFO - Processing /Users/gaurav/Documents/Breast-Cancer-ML-Pipeline/venv/lib/python3.9/site-packages/airflow/example_dags/example_latest_only.py took 0.094 seconds
[2025-04-21T17:04:36.808-0400] {processor.py:161} INFO - Started process (PID=85292) to work on /Users/gaurav/Documents/Breast-Cancer-ML-Pipeline/venv/lib/python3.9/site-packages/airflow/example_dags/example_latest_only.py
[2025-04-21T17:04:36.810-0400] {processor.py:830} INFO - Processing file /Users/gaurav/Documents/Breast-Cancer-ML-Pipeline/venv/lib/python3.9/site-packages/airflow/example_dags/example_latest_only.py for tasks to queue
[2025-04-21T17:04:36.810-0400] {logging_mixin.py:188} INFO - [2025-04-21T17:04:36.810-0400] {dagbag.py:538} INFO - Filling up the DagBag from /Users/gaurav/Documents/Breast-Cancer-ML-Pipeline/venv/lib/python3.9/site-packages/airflow/example_dags/example_latest_only.py
[2025-04-21T17:04:36.816-0400] {processor.py:840} INFO - DAG(s) 'latest_only' retrieved from /Users/gaurav/Documents/Breast-Cancer-ML-Pipeline/venv/lib/python3.9/site-packages/airflow/example_dags/example_latest_only.py
[2025-04-21T17:04:36.882-0400] {logging_mixin.py:188} INFO - [2025-04-21T17:04:36.881-0400] {dag.py:3036} INFO - Sync 1 DAGs
[2025-04-21T17:04:36.893-0400] {logging_mixin.py:188} INFO - [2025-04-21T17:04:36.893-0400] {dag.py:3823} INFO - Setting next_dagrun for latest_only to 2025-04-21 16:00:00+00:00, run_after=2025-04-21 20:00:00+00:00
[2025-04-21T17:04:36.906-0400] {processor.py:183} INFO - Processing /Users/gaurav/Documents/Breast-Cancer-ML-Pipeline/venv/lib/python3.9/site-packages/airflow/example_dags/example_latest_only.py took 0.098 seconds
[2025-04-21T17:05:47.187-0400] {processor.py:161} INFO - Started process (PID=85370) to work on /Users/gaurav/Documents/Breast-Cancer-ML-Pipeline/venv/lib/python3.9/site-packages/airflow/example_dags/example_latest_only.py
[2025-04-21T17:05:47.189-0400] {processor.py:830} INFO - Processing file /Users/gaurav/Documents/Breast-Cancer-ML-Pipeline/venv/lib/python3.9/site-packages/airflow/example_dags/example_latest_only.py for tasks to queue
[2025-04-21T17:05:47.189-0400] {logging_mixin.py:188} INFO - [2025-04-21T17:05:47.189-0400] {dagbag.py:538} INFO - Filling up the DagBag from /Users/gaurav/Documents/Breast-Cancer-ML-Pipeline/venv/lib/python3.9/site-packages/airflow/example_dags/example_latest_only.py
[2025-04-21T17:05:47.195-0400] {processor.py:840} INFO - DAG(s) 'latest_only' retrieved from /Users/gaurav/Documents/Breast-Cancer-ML-Pipeline/venv/lib/python3.9/site-packages/airflow/example_dags/example_latest_only.py
[2025-04-21T17:05:47.299-0400] {logging_mixin.py:188} INFO - [2025-04-21T17:05:47.298-0400] {dag.py:3036} INFO - Sync 1 DAGs
[2025-04-21T17:05:47.312-0400] {logging_mixin.py:188} INFO - [2025-04-21T17:05:47.312-0400] {dag.py:3823} INFO - Setting next_dagrun for latest_only to 2025-04-21 16:00:00+00:00, run_after=2025-04-21 20:00:00+00:00
[2025-04-21T17:05:47.324-0400] {processor.py:183} INFO - Processing /Users/gaurav/Documents/Breast-Cancer-ML-Pipeline/venv/lib/python3.9/site-packages/airflow/example_dags/example_latest_only.py took 0.138 seconds
[2025-04-21T17:06:58.776-0400] {processor.py:161} INFO - Started process (PID=85462) to work on /Users/gaurav/Documents/Breast-Cancer-ML-Pipeline/venv/lib/python3.9/site-packages/airflow/example_dags/example_latest_only.py
[2025-04-21T17:06:58.778-0400] {processor.py:830} INFO - Processing file /Users/gaurav/Documents/Breast-Cancer-ML-Pipeline/venv/lib/python3.9/site-packages/airflow/example_dags/example_latest_only.py for tasks to queue
[2025-04-21T17:06:58.779-0400] {logging_mixin.py:188} INFO - [2025-04-21T17:06:58.778-0400] {dagbag.py:538} INFO - Filling up the DagBag from /Users/gaurav/Documents/Breast-Cancer-ML-Pipeline/venv/lib/python3.9/site-packages/airflow/example_dags/example_latest_only.py
[2025-04-21T17:06:58.783-0400] {processor.py:840} INFO - DAG(s) 'latest_only' retrieved from /Users/gaurav/Documents/Breast-Cancer-ML-Pipeline/venv/lib/python3.9/site-packages/airflow/example_dags/example_latest_only.py
[2025-04-21T17:06:58.846-0400] {logging_mixin.py:188} INFO - [2025-04-21T17:06:58.846-0400] {dag.py:3036} INFO - Sync 1 DAGs
[2025-04-21T17:06:58.858-0400] {logging_mixin.py:188} INFO - [2025-04-21T17:06:58.858-0400] {dag.py:3823} INFO - Setting next_dagrun for latest_only to 2025-04-21 16:00:00+00:00, run_after=2025-04-21 20:00:00+00:00
[2025-04-21T17:06:58.870-0400] {processor.py:183} INFO - Processing /Users/gaurav/Documents/Breast-Cancer-ML-Pipeline/venv/lib/python3.9/site-packages/airflow/example_dags/example_latest_only.py took 0.095 seconds
[2025-04-21T17:08:11.899-0400] {processor.py:161} INFO - Started process (PID=85543) to work on /Users/gaurav/Documents/Breast-Cancer-ML-Pipeline/venv/lib/python3.9/site-packages/airflow/example_dags/example_latest_only.py
[2025-04-21T17:08:11.901-0400] {processor.py:830} INFO - Processing file /Users/gaurav/Documents/Breast-Cancer-ML-Pipeline/venv/lib/python3.9/site-packages/airflow/example_dags/example_latest_only.py for tasks to queue
[2025-04-21T17:08:11.901-0400] {logging_mixin.py:188} INFO - [2025-04-21T17:08:11.901-0400] {dagbag.py:538} INFO - Filling up the DagBag from /Users/gaurav/Documents/Breast-Cancer-ML-Pipeline/venv/lib/python3.9/site-packages/airflow/example_dags/example_latest_only.py
[2025-04-21T17:08:11.906-0400] {processor.py:840} INFO - DAG(s) 'latest_only' retrieved from /Users/gaurav/Documents/Breast-Cancer-ML-Pipeline/venv/lib/python3.9/site-packages/airflow/example_dags/example_latest_only.py
[2025-04-21T17:08:11.970-0400] {logging_mixin.py:188} INFO - [2025-04-21T17:08:11.969-0400] {dag.py:3036} INFO - Sync 1 DAGs
[2025-04-21T17:08:11.981-0400] {logging_mixin.py:188} INFO - [2025-04-21T17:08:11.981-0400] {dag.py:3823} INFO - Setting next_dagrun for latest_only to 2025-04-21 16:00:00+00:00, run_after=2025-04-21 20:00:00+00:00
[2025-04-21T17:08:11.994-0400] {processor.py:183} INFO - Processing /Users/gaurav/Documents/Breast-Cancer-ML-Pipeline/venv/lib/python3.9/site-packages/airflow/example_dags/example_latest_only.py took 0.096 seconds
[2025-04-21T17:09:25.471-0400] {processor.py:161} INFO - Started process (PID=85622) to work on /Users/gaurav/Documents/Breast-Cancer-ML-Pipeline/venv/lib/python3.9/site-packages/airflow/example_dags/example_latest_only.py
[2025-04-21T17:09:25.473-0400] {processor.py:830} INFO - Processing file /Users/gaurav/Documents/Breast-Cancer-ML-Pipeline/venv/lib/python3.9/site-packages/airflow/example_dags/example_latest_only.py for tasks to queue
[2025-04-21T17:09:25.474-0400] {logging_mixin.py:188} INFO - [2025-04-21T17:09:25.474-0400] {dagbag.py:538} INFO - Filling up the DagBag from /Users/gaurav/Documents/Breast-Cancer-ML-Pipeline/venv/lib/python3.9/site-packages/airflow/example_dags/example_latest_only.py
[2025-04-21T17:09:25.479-0400] {processor.py:840} INFO - DAG(s) 'latest_only' retrieved from /Users/gaurav/Documents/Breast-Cancer-ML-Pipeline/venv/lib/python3.9/site-packages/airflow/example_dags/example_latest_only.py
[2025-04-21T17:09:25.544-0400] {logging_mixin.py:188} INFO - [2025-04-21T17:09:25.544-0400] {dag.py:3036} INFO - Sync 1 DAGs
[2025-04-21T17:09:25.556-0400] {logging_mixin.py:188} INFO - [2025-04-21T17:09:25.556-0400] {dag.py:3823} INFO - Setting next_dagrun for latest_only to 2025-04-21 16:00:00+00:00, run_after=2025-04-21 20:00:00+00:00
[2025-04-21T17:09:25.570-0400] {processor.py:183} INFO - Processing /Users/gaurav/Documents/Breast-Cancer-ML-Pipeline/venv/lib/python3.9/site-packages/airflow/example_dags/example_latest_only.py took 0.099 seconds
[2025-04-21T17:10:39.005-0400] {processor.py:161} INFO - Started process (PID=85702) to work on /Users/gaurav/Documents/Breast-Cancer-ML-Pipeline/venv/lib/python3.9/site-packages/airflow/example_dags/example_latest_only.py
[2025-04-21T17:10:39.007-0400] {processor.py:830} INFO - Processing file /Users/gaurav/Documents/Breast-Cancer-ML-Pipeline/venv/lib/python3.9/site-packages/airflow/example_dags/example_latest_only.py for tasks to queue
[2025-04-21T17:10:39.007-0400] {logging_mixin.py:188} INFO - [2025-04-21T17:10:39.007-0400] {dagbag.py:538} INFO - Filling up the DagBag from /Users/gaurav/Documents/Breast-Cancer-ML-Pipeline/venv/lib/python3.9/site-packages/airflow/example_dags/example_latest_only.py
[2025-04-21T17:10:39.013-0400] {processor.py:840} INFO - DAG(s) 'latest_only' retrieved from /Users/gaurav/Documents/Breast-Cancer-ML-Pipeline/venv/lib/python3.9/site-packages/airflow/example_dags/example_latest_only.py
[2025-04-21T17:10:39.080-0400] {logging_mixin.py:188} INFO - [2025-04-21T17:10:39.080-0400] {dag.py:3036} INFO - Sync 1 DAGs
[2025-04-21T17:10:39.092-0400] {logging_mixin.py:188} INFO - [2025-04-21T17:10:39.092-0400] {dag.py:3823} INFO - Setting next_dagrun for latest_only to 2025-04-21 16:00:00+00:00, run_after=2025-04-21 20:00:00+00:00
[2025-04-21T17:10:39.105-0400] {processor.py:183} INFO - Processing /Users/gaurav/Documents/Breast-Cancer-ML-Pipeline/venv/lib/python3.9/site-packages/airflow/example_dags/example_latest_only.py took 0.101 seconds
[2025-04-21T17:11:52.499-0400] {processor.py:161} INFO - Started process (PID=85795) to work on /Users/gaurav/Documents/Breast-Cancer-ML-Pipeline/venv/lib/python3.9/site-packages/airflow/example_dags/example_latest_only.py
[2025-04-21T17:11:52.500-0400] {processor.py:830} INFO - Processing file /Users/gaurav/Documents/Breast-Cancer-ML-Pipeline/venv/lib/python3.9/site-packages/airflow/example_dags/example_latest_only.py for tasks to queue
[2025-04-21T17:11:52.501-0400] {logging_mixin.py:188} INFO - [2025-04-21T17:11:52.501-0400] {dagbag.py:538} INFO - Filling up the DagBag from /Users/gaurav/Documents/Breast-Cancer-ML-Pipeline/venv/lib/python3.9/site-packages/airflow/example_dags/example_latest_only.py
[2025-04-21T17:11:52.507-0400] {processor.py:840} INFO - DAG(s) 'latest_only' retrieved from /Users/gaurav/Documents/Breast-Cancer-ML-Pipeline/venv/lib/python3.9/site-packages/airflow/example_dags/example_latest_only.py
[2025-04-21T17:11:52.576-0400] {logging_mixin.py:188} INFO - [2025-04-21T17:11:52.575-0400] {dag.py:3036} INFO - Sync 1 DAGs
[2025-04-21T17:11:52.591-0400] {logging_mixin.py:188} INFO - [2025-04-21T17:11:52.590-0400] {dag.py:3823} INFO - Setting next_dagrun for latest_only to 2025-04-21 16:00:00+00:00, run_after=2025-04-21 20:00:00+00:00
[2025-04-21T17:11:52.605-0400] {processor.py:183} INFO - Processing /Users/gaurav/Documents/Breast-Cancer-ML-Pipeline/venv/lib/python3.9/site-packages/airflow/example_dags/example_latest_only.py took 0.108 seconds
[2025-04-21T17:13:05.894-0400] {processor.py:161} INFO - Started process (PID=85875) to work on /Users/gaurav/Documents/Breast-Cancer-ML-Pipeline/venv/lib/python3.9/site-packages/airflow/example_dags/example_latest_only.py
[2025-04-21T17:13:05.896-0400] {processor.py:830} INFO - Processing file /Users/gaurav/Documents/Breast-Cancer-ML-Pipeline/venv/lib/python3.9/site-packages/airflow/example_dags/example_latest_only.py for tasks to queue
[2025-04-21T17:13:05.896-0400] {logging_mixin.py:188} INFO - [2025-04-21T17:13:05.896-0400] {dagbag.py:538} INFO - Filling up the DagBag from /Users/gaurav/Documents/Breast-Cancer-ML-Pipeline/venv/lib/python3.9/site-packages/airflow/example_dags/example_latest_only.py
[2025-04-21T17:13:05.901-0400] {processor.py:840} INFO - DAG(s) 'latest_only' retrieved from /Users/gaurav/Documents/Breast-Cancer-ML-Pipeline/venv/lib/python3.9/site-packages/airflow/example_dags/example_latest_only.py
[2025-04-21T17:13:05.966-0400] {logging_mixin.py:188} INFO - [2025-04-21T17:13:05.965-0400] {dag.py:3036} INFO - Sync 1 DAGs
[2025-04-21T17:13:05.978-0400] {logging_mixin.py:188} INFO - [2025-04-21T17:13:05.978-0400] {dag.py:3823} INFO - Setting next_dagrun for latest_only to 2025-04-21 16:00:00+00:00, run_after=2025-04-21 20:00:00+00:00
[2025-04-21T17:13:05.990-0400] {processor.py:183} INFO - Processing /Users/gaurav/Documents/Breast-Cancer-ML-Pipeline/venv/lib/python3.9/site-packages/airflow/example_dags/example_latest_only.py took 0.097 seconds
[2025-04-21T17:14:20.970-0400] {processor.py:161} INFO - Started process (PID=85972) to work on /Users/gaurav/Documents/Breast-Cancer-ML-Pipeline/venv/lib/python3.9/site-packages/airflow/example_dags/example_latest_only.py
[2025-04-21T17:14:20.971-0400] {processor.py:830} INFO - Processing file /Users/gaurav/Documents/Breast-Cancer-ML-Pipeline/venv/lib/python3.9/site-packages/airflow/example_dags/example_latest_only.py for tasks to queue
[2025-04-21T17:14:20.972-0400] {logging_mixin.py:188} INFO - [2025-04-21T17:14:20.972-0400] {dagbag.py:538} INFO - Filling up the DagBag from /Users/gaurav/Documents/Breast-Cancer-ML-Pipeline/venv/lib/python3.9/site-packages/airflow/example_dags/example_latest_only.py
[2025-04-21T17:14:20.977-0400] {processor.py:840} INFO - DAG(s) 'latest_only' retrieved from /Users/gaurav/Documents/Breast-Cancer-ML-Pipeline/venv/lib/python3.9/site-packages/airflow/example_dags/example_latest_only.py
[2025-04-21T17:14:21.040-0400] {logging_mixin.py:188} INFO - [2025-04-21T17:14:21.039-0400] {dag.py:3036} INFO - Sync 1 DAGs
[2025-04-21T17:14:21.052-0400] {logging_mixin.py:188} INFO - [2025-04-21T17:14:21.052-0400] {dag.py:3823} INFO - Setting next_dagrun for latest_only to 2025-04-21 16:00:00+00:00, run_after=2025-04-21 20:00:00+00:00
[2025-04-21T17:14:21.064-0400] {processor.py:183} INFO - Processing /Users/gaurav/Documents/Breast-Cancer-ML-Pipeline/venv/lib/python3.9/site-packages/airflow/example_dags/example_latest_only.py took 0.095 seconds
[2025-04-21T17:15:32.792-0400] {processor.py:161} INFO - Started process (PID=86060) to work on /Users/gaurav/Documents/Breast-Cancer-ML-Pipeline/venv/lib/python3.9/site-packages/airflow/example_dags/example_latest_only.py
[2025-04-21T17:15:32.794-0400] {processor.py:830} INFO - Processing file /Users/gaurav/Documents/Breast-Cancer-ML-Pipeline/venv/lib/python3.9/site-packages/airflow/example_dags/example_latest_only.py for tasks to queue
[2025-04-21T17:15:32.795-0400] {logging_mixin.py:188} INFO - [2025-04-21T17:15:32.795-0400] {dagbag.py:538} INFO - Filling up the DagBag from /Users/gaurav/Documents/Breast-Cancer-ML-Pipeline/venv/lib/python3.9/site-packages/airflow/example_dags/example_latest_only.py
[2025-04-21T17:15:32.800-0400] {processor.py:840} INFO - DAG(s) 'latest_only' retrieved from /Users/gaurav/Documents/Breast-Cancer-ML-Pipeline/venv/lib/python3.9/site-packages/airflow/example_dags/example_latest_only.py
[2025-04-21T17:15:32.864-0400] {logging_mixin.py:188} INFO - [2025-04-21T17:15:32.864-0400] {dag.py:3036} INFO - Sync 1 DAGs
[2025-04-21T17:15:32.876-0400] {logging_mixin.py:188} INFO - [2025-04-21T17:15:32.876-0400] {dag.py:3823} INFO - Setting next_dagrun for latest_only to 2025-04-21 16:00:00+00:00, run_after=2025-04-21 20:00:00+00:00
[2025-04-21T17:15:32.889-0400] {processor.py:183} INFO - Processing /Users/gaurav/Documents/Breast-Cancer-ML-Pipeline/venv/lib/python3.9/site-packages/airflow/example_dags/example_latest_only.py took 0.097 seconds
[2025-04-21T17:16:46.282-0400] {processor.py:161} INFO - Started process (PID=86146) to work on /Users/gaurav/Documents/Breast-Cancer-ML-Pipeline/venv/lib/python3.9/site-packages/airflow/example_dags/example_latest_only.py
[2025-04-21T17:16:46.284-0400] {processor.py:830} INFO - Processing file /Users/gaurav/Documents/Breast-Cancer-ML-Pipeline/venv/lib/python3.9/site-packages/airflow/example_dags/example_latest_only.py for tasks to queue
[2025-04-21T17:16:46.285-0400] {logging_mixin.py:188} INFO - [2025-04-21T17:16:46.285-0400] {dagbag.py:538} INFO - Filling up the DagBag from /Users/gaurav/Documents/Breast-Cancer-ML-Pipeline/venv/lib/python3.9/site-packages/airflow/example_dags/example_latest_only.py
[2025-04-21T17:16:46.290-0400] {processor.py:840} INFO - DAG(s) 'latest_only' retrieved from /Users/gaurav/Documents/Breast-Cancer-ML-Pipeline/venv/lib/python3.9/site-packages/airflow/example_dags/example_latest_only.py
[2025-04-21T17:16:46.353-0400] {logging_mixin.py:188} INFO - [2025-04-21T17:16:46.352-0400] {dag.py:3036} INFO - Sync 1 DAGs
[2025-04-21T17:16:46.364-0400] {logging_mixin.py:188} INFO - [2025-04-21T17:16:46.364-0400] {dag.py:3823} INFO - Setting next_dagrun for latest_only to 2025-04-21 16:00:00+00:00, run_after=2025-04-21 20:00:00+00:00
[2025-04-21T17:16:46.377-0400] {processor.py:183} INFO - Processing /Users/gaurav/Documents/Breast-Cancer-ML-Pipeline/venv/lib/python3.9/site-packages/airflow/example_dags/example_latest_only.py took 0.095 seconds
[2025-04-21T17:18:00.494-0400] {processor.py:161} INFO - Started process (PID=86245) to work on /Users/gaurav/Documents/Breast-Cancer-ML-Pipeline/venv/lib/python3.9/site-packages/airflow/example_dags/example_latest_only.py
[2025-04-21T17:18:00.495-0400] {processor.py:830} INFO - Processing file /Users/gaurav/Documents/Breast-Cancer-ML-Pipeline/venv/lib/python3.9/site-packages/airflow/example_dags/example_latest_only.py for tasks to queue
[2025-04-21T17:18:00.496-0400] {logging_mixin.py:188} INFO - [2025-04-21T17:18:00.496-0400] {dagbag.py:538} INFO - Filling up the DagBag from /Users/gaurav/Documents/Breast-Cancer-ML-Pipeline/venv/lib/python3.9/site-packages/airflow/example_dags/example_latest_only.py
[2025-04-21T17:18:00.501-0400] {processor.py:840} INFO - DAG(s) 'latest_only' retrieved from /Users/gaurav/Documents/Breast-Cancer-ML-Pipeline/venv/lib/python3.9/site-packages/airflow/example_dags/example_latest_only.py
[2025-04-21T17:18:00.577-0400] {logging_mixin.py:188} INFO - [2025-04-21T17:18:00.577-0400] {dag.py:3036} INFO - Sync 1 DAGs
[2025-04-21T17:18:00.609-0400] {logging_mixin.py:188} INFO - [2025-04-21T17:18:00.601-0400] {dag.py:3823} INFO - Setting next_dagrun for latest_only to 2025-04-21 16:00:00+00:00, run_after=2025-04-21 20:00:00+00:00
[2025-04-21T17:18:00.634-0400] {processor.py:183} INFO - Processing /Users/gaurav/Documents/Breast-Cancer-ML-Pipeline/venv/lib/python3.9/site-packages/airflow/example_dags/example_latest_only.py took 0.142 seconds
[2025-04-21T17:19:17.069-0400] {processor.py:161} INFO - Started process (PID=86345) to work on /Users/gaurav/Documents/Breast-Cancer-ML-Pipeline/venv/lib/python3.9/site-packages/airflow/example_dags/example_latest_only.py
[2025-04-21T17:19:17.070-0400] {processor.py:830} INFO - Processing file /Users/gaurav/Documents/Breast-Cancer-ML-Pipeline/venv/lib/python3.9/site-packages/airflow/example_dags/example_latest_only.py for tasks to queue
[2025-04-21T17:19:17.071-0400] {logging_mixin.py:188} INFO - [2025-04-21T17:19:17.071-0400] {dagbag.py:538} INFO - Filling up the DagBag from /Users/gaurav/Documents/Breast-Cancer-ML-Pipeline/venv/lib/python3.9/site-packages/airflow/example_dags/example_latest_only.py
[2025-04-21T17:19:17.076-0400] {processor.py:840} INFO - DAG(s) 'latest_only' retrieved from /Users/gaurav/Documents/Breast-Cancer-ML-Pipeline/venv/lib/python3.9/site-packages/airflow/example_dags/example_latest_only.py
[2025-04-21T17:19:17.146-0400] {logging_mixin.py:188} INFO - [2025-04-21T17:19:17.145-0400] {dag.py:3036} INFO - Sync 1 DAGs
[2025-04-21T17:19:17.158-0400] {logging_mixin.py:188} INFO - [2025-04-21T17:19:17.158-0400] {dag.py:3823} INFO - Setting next_dagrun for latest_only to 2025-04-21 16:00:00+00:00, run_after=2025-04-21 20:00:00+00:00
[2025-04-21T17:19:17.173-0400] {processor.py:183} INFO - Processing /Users/gaurav/Documents/Breast-Cancer-ML-Pipeline/venv/lib/python3.9/site-packages/airflow/example_dags/example_latest_only.py took 0.105 seconds
[2025-04-21T17:22:21.283-0400] {processor.py:161} INFO - Started process (PID=86535) to work on /Users/gaurav/Documents/Breast-Cancer-ML-Pipeline/venv/lib/python3.9/site-packages/airflow/example_dags/example_latest_only.py
[2025-04-21T17:22:21.285-0400] {processor.py:830} INFO - Processing file /Users/gaurav/Documents/Breast-Cancer-ML-Pipeline/venv/lib/python3.9/site-packages/airflow/example_dags/example_latest_only.py for tasks to queue
[2025-04-21T17:22:21.285-0400] {logging_mixin.py:188} INFO - [2025-04-21T17:22:21.285-0400] {dagbag.py:538} INFO - Filling up the DagBag from /Users/gaurav/Documents/Breast-Cancer-ML-Pipeline/venv/lib/python3.9/site-packages/airflow/example_dags/example_latest_only.py
[2025-04-21T17:22:21.290-0400] {processor.py:840} INFO - DAG(s) 'latest_only' retrieved from /Users/gaurav/Documents/Breast-Cancer-ML-Pipeline/venv/lib/python3.9/site-packages/airflow/example_dags/example_latest_only.py
[2025-04-21T17:22:21.408-0400] {logging_mixin.py:188} INFO - [2025-04-21T17:22:21.408-0400] {dag.py:3036} INFO - Sync 1 DAGs
[2025-04-21T17:22:21.418-0400] {logging_mixin.py:188} INFO - [2025-04-21T17:22:21.418-0400] {dag.py:3823} INFO - Setting next_dagrun for latest_only to 2025-04-21 16:00:00+00:00, run_after=2025-04-21 20:00:00+00:00
[2025-04-21T17:22:21.432-0400] {processor.py:183} INFO - Processing /Users/gaurav/Documents/Breast-Cancer-ML-Pipeline/venv/lib/python3.9/site-packages/airflow/example_dags/example_latest_only.py took 0.149 seconds
[2025-04-21T17:23:53.062-0400] {processor.py:161} INFO - Started process (PID=86648) to work on /Users/gaurav/Documents/Breast-Cancer-ML-Pipeline/venv/lib/python3.9/site-packages/airflow/example_dags/example_latest_only.py
[2025-04-21T17:23:53.064-0400] {processor.py:830} INFO - Processing file /Users/gaurav/Documents/Breast-Cancer-ML-Pipeline/venv/lib/python3.9/site-packages/airflow/example_dags/example_latest_only.py for tasks to queue
[2025-04-21T17:23:53.064-0400] {logging_mixin.py:188} INFO - [2025-04-21T17:23:53.064-0400] {dagbag.py:538} INFO - Filling up the DagBag from /Users/gaurav/Documents/Breast-Cancer-ML-Pipeline/venv/lib/python3.9/site-packages/airflow/example_dags/example_latest_only.py
[2025-04-21T17:23:53.070-0400] {processor.py:840} INFO - DAG(s) 'latest_only' retrieved from /Users/gaurav/Documents/Breast-Cancer-ML-Pipeline/venv/lib/python3.9/site-packages/airflow/example_dags/example_latest_only.py
[2025-04-21T17:23:53.139-0400] {logging_mixin.py:188} INFO - [2025-04-21T17:23:53.139-0400] {dag.py:3036} INFO - Sync 1 DAGs
[2025-04-21T17:23:53.153-0400] {logging_mixin.py:188} INFO - [2025-04-21T17:23:53.153-0400] {dag.py:3823} INFO - Setting next_dagrun for latest_only to 2025-04-21 16:00:00+00:00, run_after=2025-04-21 20:00:00+00:00
[2025-04-21T17:23:53.167-0400] {processor.py:183} INFO - Processing /Users/gaurav/Documents/Breast-Cancer-ML-Pipeline/venv/lib/python3.9/site-packages/airflow/example_dags/example_latest_only.py took 0.106 seconds
[2025-04-21T17:25:09.682-0400] {processor.py:161} INFO - Started process (PID=86728) to work on /Users/gaurav/Documents/Breast-Cancer-ML-Pipeline/venv/lib/python3.9/site-packages/airflow/example_dags/example_latest_only.py
[2025-04-21T17:25:09.684-0400] {processor.py:830} INFO - Processing file /Users/gaurav/Documents/Breast-Cancer-ML-Pipeline/venv/lib/python3.9/site-packages/airflow/example_dags/example_latest_only.py for tasks to queue
[2025-04-21T17:25:09.684-0400] {logging_mixin.py:188} INFO - [2025-04-21T17:25:09.684-0400] {dagbag.py:538} INFO - Filling up the DagBag from /Users/gaurav/Documents/Breast-Cancer-ML-Pipeline/venv/lib/python3.9/site-packages/airflow/example_dags/example_latest_only.py
[2025-04-21T17:25:09.689-0400] {processor.py:840} INFO - DAG(s) 'latest_only' retrieved from /Users/gaurav/Documents/Breast-Cancer-ML-Pipeline/venv/lib/python3.9/site-packages/airflow/example_dags/example_latest_only.py
[2025-04-21T17:25:09.751-0400] {logging_mixin.py:188} INFO - [2025-04-21T17:25:09.751-0400] {dag.py:3036} INFO - Sync 1 DAGs
[2025-04-21T17:25:09.763-0400] {logging_mixin.py:188} INFO - [2025-04-21T17:25:09.763-0400] {dag.py:3823} INFO - Setting next_dagrun for latest_only to 2025-04-21 16:00:00+00:00, run_after=2025-04-21 20:00:00+00:00
[2025-04-21T17:25:09.775-0400] {processor.py:183} INFO - Processing /Users/gaurav/Documents/Breast-Cancer-ML-Pipeline/venv/lib/python3.9/site-packages/airflow/example_dags/example_latest_only.py took 0.093 seconds
[2025-04-21T17:26:25.750-0400] {processor.py:161} INFO - Started process (PID=86844) to work on /Users/gaurav/Documents/Breast-Cancer-ML-Pipeline/venv/lib/python3.9/site-packages/airflow/example_dags/example_latest_only.py
[2025-04-21T17:26:25.752-0400] {processor.py:830} INFO - Processing file /Users/gaurav/Documents/Breast-Cancer-ML-Pipeline/venv/lib/python3.9/site-packages/airflow/example_dags/example_latest_only.py for tasks to queue
[2025-04-21T17:26:25.752-0400] {logging_mixin.py:188} INFO - [2025-04-21T17:26:25.752-0400] {dagbag.py:538} INFO - Filling up the DagBag from /Users/gaurav/Documents/Breast-Cancer-ML-Pipeline/venv/lib/python3.9/site-packages/airflow/example_dags/example_latest_only.py
[2025-04-21T17:26:25.757-0400] {processor.py:840} INFO - DAG(s) 'latest_only' retrieved from /Users/gaurav/Documents/Breast-Cancer-ML-Pipeline/venv/lib/python3.9/site-packages/airflow/example_dags/example_latest_only.py
[2025-04-21T17:26:25.822-0400] {logging_mixin.py:188} INFO - [2025-04-21T17:26:25.822-0400] {dag.py:3036} INFO - Sync 1 DAGs
[2025-04-21T17:26:25.834-0400] {logging_mixin.py:188} INFO - [2025-04-21T17:26:25.834-0400] {dag.py:3823} INFO - Setting next_dagrun for latest_only to 2025-04-21 16:00:00+00:00, run_after=2025-04-21 20:00:00+00:00
[2025-04-21T17:26:25.846-0400] {processor.py:183} INFO - Processing /Users/gaurav/Documents/Breast-Cancer-ML-Pipeline/venv/lib/python3.9/site-packages/airflow/example_dags/example_latest_only.py took 0.097 seconds
[2025-04-21T17:27:44.835-0400] {processor.py:161} INFO - Started process (PID=86960) to work on /Users/gaurav/Documents/Breast-Cancer-ML-Pipeline/venv/lib/python3.9/site-packages/airflow/example_dags/example_latest_only.py
[2025-04-21T17:27:44.836-0400] {processor.py:830} INFO - Processing file /Users/gaurav/Documents/Breast-Cancer-ML-Pipeline/venv/lib/python3.9/site-packages/airflow/example_dags/example_latest_only.py for tasks to queue
[2025-04-21T17:27:44.836-0400] {logging_mixin.py:188} INFO - [2025-04-21T17:27:44.836-0400] {dagbag.py:538} INFO - Filling up the DagBag from /Users/gaurav/Documents/Breast-Cancer-ML-Pipeline/venv/lib/python3.9/site-packages/airflow/example_dags/example_latest_only.py
[2025-04-21T17:27:44.842-0400] {processor.py:840} INFO - DAG(s) 'latest_only' retrieved from /Users/gaurav/Documents/Breast-Cancer-ML-Pipeline/venv/lib/python3.9/site-packages/airflow/example_dags/example_latest_only.py
[2025-04-21T17:27:44.909-0400] {logging_mixin.py:188} INFO - [2025-04-21T17:27:44.909-0400] {dag.py:3036} INFO - Sync 1 DAGs
[2025-04-21T17:27:44.922-0400] {logging_mixin.py:188} INFO - [2025-04-21T17:27:44.921-0400] {dag.py:3823} INFO - Setting next_dagrun for latest_only to 2025-04-21 16:00:00+00:00, run_after=2025-04-21 20:00:00+00:00
[2025-04-21T17:27:44.935-0400] {processor.py:183} INFO - Processing /Users/gaurav/Documents/Breast-Cancer-ML-Pipeline/venv/lib/python3.9/site-packages/airflow/example_dags/example_latest_only.py took 0.101 seconds
[2025-04-21T17:29:47.302-0400] {processor.py:161} INFO - Started process (PID=87136) to work on /Users/gaurav/Documents/Breast-Cancer-ML-Pipeline/venv/lib/python3.9/site-packages/airflow/example_dags/example_latest_only.py
[2025-04-21T17:29:47.304-0400] {processor.py:830} INFO - Processing file /Users/gaurav/Documents/Breast-Cancer-ML-Pipeline/venv/lib/python3.9/site-packages/airflow/example_dags/example_latest_only.py for tasks to queue
[2025-04-21T17:29:47.304-0400] {logging_mixin.py:188} INFO - [2025-04-21T17:29:47.304-0400] {dagbag.py:538} INFO - Filling up the DagBag from /Users/gaurav/Documents/Breast-Cancer-ML-Pipeline/venv/lib/python3.9/site-packages/airflow/example_dags/example_latest_only.py
[2025-04-21T17:29:47.309-0400] {processor.py:840} INFO - DAG(s) 'latest_only' retrieved from /Users/gaurav/Documents/Breast-Cancer-ML-Pipeline/venv/lib/python3.9/site-packages/airflow/example_dags/example_latest_only.py
[2025-04-21T17:29:47.376-0400] {logging_mixin.py:188} INFO - [2025-04-21T17:29:47.376-0400] {dag.py:3036} INFO - Sync 1 DAGs
[2025-04-21T17:29:47.388-0400] {logging_mixin.py:188} INFO - [2025-04-21T17:29:47.388-0400] {dag.py:3823} INFO - Setting next_dagrun for latest_only to 2025-04-21 16:00:00+00:00, run_after=2025-04-21 20:00:00+00:00
[2025-04-21T17:29:47.401-0400] {processor.py:183} INFO - Processing /Users/gaurav/Documents/Breast-Cancer-ML-Pipeline/venv/lib/python3.9/site-packages/airflow/example_dags/example_latest_only.py took 0.100 seconds
[2025-04-21T17:31:04.243-0400] {processor.py:161} INFO - Started process (PID=87222) to work on /Users/gaurav/Documents/Breast-Cancer-ML-Pipeline/venv/lib/python3.9/site-packages/airflow/example_dags/example_latest_only.py
[2025-04-21T17:31:04.246-0400] {processor.py:830} INFO - Processing file /Users/gaurav/Documents/Breast-Cancer-ML-Pipeline/venv/lib/python3.9/site-packages/airflow/example_dags/example_latest_only.py for tasks to queue
[2025-04-21T17:31:04.246-0400] {logging_mixin.py:188} INFO - [2025-04-21T17:31:04.246-0400] {dagbag.py:538} INFO - Filling up the DagBag from /Users/gaurav/Documents/Breast-Cancer-ML-Pipeline/venv/lib/python3.9/site-packages/airflow/example_dags/example_latest_only.py
[2025-04-21T17:31:04.252-0400] {processor.py:840} INFO - DAG(s) 'latest_only' retrieved from /Users/gaurav/Documents/Breast-Cancer-ML-Pipeline/venv/lib/python3.9/site-packages/airflow/example_dags/example_latest_only.py
[2025-04-21T17:31:04.318-0400] {logging_mixin.py:188} INFO - [2025-04-21T17:31:04.317-0400] {dag.py:3036} INFO - Sync 1 DAGs
[2025-04-21T17:31:04.329-0400] {logging_mixin.py:188} INFO - [2025-04-21T17:31:04.329-0400] {dag.py:3823} INFO - Setting next_dagrun for latest_only to 2025-04-21 16:00:00+00:00, run_after=2025-04-21 20:00:00+00:00
[2025-04-21T17:31:04.341-0400] {processor.py:183} INFO - Processing /Users/gaurav/Documents/Breast-Cancer-ML-Pipeline/venv/lib/python3.9/site-packages/airflow/example_dags/example_latest_only.py took 0.099 seconds
[2025-04-21T17:37:31.931-0400] {processor.py:161} INFO - Started process (PID=87714) to work on /Users/gaurav/Documents/Breast-Cancer-ML-Pipeline/venv/lib/python3.9/site-packages/airflow/example_dags/example_latest_only.py
[2025-04-21T17:37:31.932-0400] {processor.py:830} INFO - Processing file /Users/gaurav/Documents/Breast-Cancer-ML-Pipeline/venv/lib/python3.9/site-packages/airflow/example_dags/example_latest_only.py for tasks to queue
[2025-04-21T17:37:31.932-0400] {logging_mixin.py:188} INFO - [2025-04-21T17:37:31.932-0400] {dagbag.py:538} INFO - Filling up the DagBag from /Users/gaurav/Documents/Breast-Cancer-ML-Pipeline/venv/lib/python3.9/site-packages/airflow/example_dags/example_latest_only.py
[2025-04-21T17:37:31.938-0400] {processor.py:840} INFO - DAG(s) 'latest_only' retrieved from /Users/gaurav/Documents/Breast-Cancer-ML-Pipeline/venv/lib/python3.9/site-packages/airflow/example_dags/example_latest_only.py
[2025-04-21T17:37:32.056-0400] {logging_mixin.py:188} INFO - [2025-04-21T17:37:32.055-0400] {dag.py:3036} INFO - Sync 1 DAGs
[2025-04-21T17:37:32.066-0400] {logging_mixin.py:188} INFO - [2025-04-21T17:37:32.066-0400] {dag.py:3823} INFO - Setting next_dagrun for latest_only to 2025-04-21 16:00:00+00:00, run_after=2025-04-21 20:00:00+00:00
[2025-04-21T17:37:32.079-0400] {processor.py:183} INFO - Processing /Users/gaurav/Documents/Breast-Cancer-ML-Pipeline/venv/lib/python3.9/site-packages/airflow/example_dags/example_latest_only.py took 0.149 seconds
[2025-04-21T17:39:19.593-0400] {processor.py:161} INFO - Started process (PID=87901) to work on /Users/gaurav/Documents/Breast-Cancer-ML-Pipeline/venv/lib/python3.9/site-packages/airflow/example_dags/example_latest_only.py
[2025-04-21T17:39:19.594-0400] {processor.py:830} INFO - Processing file /Users/gaurav/Documents/Breast-Cancer-ML-Pipeline/venv/lib/python3.9/site-packages/airflow/example_dags/example_latest_only.py for tasks to queue
[2025-04-21T17:39:19.595-0400] {logging_mixin.py:188} INFO - [2025-04-21T17:39:19.595-0400] {dagbag.py:538} INFO - Filling up the DagBag from /Users/gaurav/Documents/Breast-Cancer-ML-Pipeline/venv/lib/python3.9/site-packages/airflow/example_dags/example_latest_only.py
[2025-04-21T17:39:19.600-0400] {processor.py:840} INFO - DAG(s) 'latest_only' retrieved from /Users/gaurav/Documents/Breast-Cancer-ML-Pipeline/venv/lib/python3.9/site-packages/airflow/example_dags/example_latest_only.py
[2025-04-21T17:39:19.664-0400] {logging_mixin.py:188} INFO - [2025-04-21T17:39:19.663-0400] {dag.py:3036} INFO - Sync 1 DAGs
[2025-04-21T17:39:19.675-0400] {logging_mixin.py:188} INFO - [2025-04-21T17:39:19.675-0400] {dag.py:3823} INFO - Setting next_dagrun for latest_only to 2025-04-21 16:00:00+00:00, run_after=2025-04-21 20:00:00+00:00
[2025-04-21T17:39:19.687-0400] {processor.py:183} INFO - Processing /Users/gaurav/Documents/Breast-Cancer-ML-Pipeline/venv/lib/python3.9/site-packages/airflow/example_dags/example_latest_only.py took 0.095 seconds
[2025-04-21T17:41:47.632-0400] {processor.py:161} INFO - Started process (PID=88121) to work on /Users/gaurav/Documents/Breast-Cancer-ML-Pipeline/venv/lib/python3.9/site-packages/airflow/example_dags/example_latest_only.py
[2025-04-21T17:41:47.634-0400] {processor.py:830} INFO - Processing file /Users/gaurav/Documents/Breast-Cancer-ML-Pipeline/venv/lib/python3.9/site-packages/airflow/example_dags/example_latest_only.py for tasks to queue
[2025-04-21T17:41:47.634-0400] {logging_mixin.py:188} INFO - [2025-04-21T17:41:47.634-0400] {dagbag.py:538} INFO - Filling up the DagBag from /Users/gaurav/Documents/Breast-Cancer-ML-Pipeline/venv/lib/python3.9/site-packages/airflow/example_dags/example_latest_only.py
[2025-04-21T17:41:47.639-0400] {processor.py:840} INFO - DAG(s) 'latest_only' retrieved from /Users/gaurav/Documents/Breast-Cancer-ML-Pipeline/venv/lib/python3.9/site-packages/airflow/example_dags/example_latest_only.py
[2025-04-21T17:41:47.704-0400] {logging_mixin.py:188} INFO - [2025-04-21T17:41:47.704-0400] {dag.py:3036} INFO - Sync 1 DAGs
[2025-04-21T17:41:47.716-0400] {logging_mixin.py:188} INFO - [2025-04-21T17:41:47.716-0400] {dag.py:3823} INFO - Setting next_dagrun for latest_only to 2025-04-21 16:00:00+00:00, run_after=2025-04-21 20:00:00+00:00
[2025-04-21T17:41:47.728-0400] {processor.py:183} INFO - Processing /Users/gaurav/Documents/Breast-Cancer-ML-Pipeline/venv/lib/python3.9/site-packages/airflow/example_dags/example_latest_only.py took 0.097 seconds
[2025-04-21T17:43:01.285-0400] {processor.py:161} INFO - Started process (PID=88205) to work on /Users/gaurav/Documents/Breast-Cancer-ML-Pipeline/venv/lib/python3.9/site-packages/airflow/example_dags/example_latest_only.py
[2025-04-21T17:43:01.287-0400] {processor.py:830} INFO - Processing file /Users/gaurav/Documents/Breast-Cancer-ML-Pipeline/venv/lib/python3.9/site-packages/airflow/example_dags/example_latest_only.py for tasks to queue
[2025-04-21T17:43:01.287-0400] {logging_mixin.py:188} INFO - [2025-04-21T17:43:01.287-0400] {dagbag.py:538} INFO - Filling up the DagBag from /Users/gaurav/Documents/Breast-Cancer-ML-Pipeline/venv/lib/python3.9/site-packages/airflow/example_dags/example_latest_only.py
[2025-04-21T17:43:01.295-0400] {processor.py:840} INFO - DAG(s) 'latest_only' retrieved from /Users/gaurav/Documents/Breast-Cancer-ML-Pipeline/venv/lib/python3.9/site-packages/airflow/example_dags/example_latest_only.py
[2025-04-21T17:43:01.371-0400] {logging_mixin.py:188} INFO - [2025-04-21T17:43:01.370-0400] {dag.py:3036} INFO - Sync 1 DAGs
[2025-04-21T17:43:01.383-0400] {logging_mixin.py:188} INFO - [2025-04-21T17:43:01.382-0400] {dag.py:3823} INFO - Setting next_dagrun for latest_only to 2025-04-21 16:00:00+00:00, run_after=2025-04-21 20:00:00+00:00
[2025-04-21T17:43:01.395-0400] {processor.py:183} INFO - Processing /Users/gaurav/Documents/Breast-Cancer-ML-Pipeline/venv/lib/python3.9/site-packages/airflow/example_dags/example_latest_only.py took 0.112 seconds
[2025-04-21T17:44:13.174-0400] {processor.py:161} INFO - Started process (PID=88295) to work on /Users/gaurav/Documents/Breast-Cancer-ML-Pipeline/venv/lib/python3.9/site-packages/airflow/example_dags/example_latest_only.py
[2025-04-21T17:44:13.177-0400] {processor.py:830} INFO - Processing file /Users/gaurav/Documents/Breast-Cancer-ML-Pipeline/venv/lib/python3.9/site-packages/airflow/example_dags/example_latest_only.py for tasks to queue
[2025-04-21T17:44:13.177-0400] {logging_mixin.py:188} INFO - [2025-04-21T17:44:13.177-0400] {dagbag.py:538} INFO - Filling up the DagBag from /Users/gaurav/Documents/Breast-Cancer-ML-Pipeline/venv/lib/python3.9/site-packages/airflow/example_dags/example_latest_only.py
[2025-04-21T17:44:13.183-0400] {processor.py:840} INFO - DAG(s) 'latest_only' retrieved from /Users/gaurav/Documents/Breast-Cancer-ML-Pipeline/venv/lib/python3.9/site-packages/airflow/example_dags/example_latest_only.py
[2025-04-21T17:44:13.247-0400] {logging_mixin.py:188} INFO - [2025-04-21T17:44:13.247-0400] {dag.py:3036} INFO - Sync 1 DAGs
[2025-04-21T17:44:13.258-0400] {logging_mixin.py:188} INFO - [2025-04-21T17:44:13.258-0400] {dag.py:3823} INFO - Setting next_dagrun for latest_only to 2025-04-21 16:00:00+00:00, run_after=2025-04-21 20:00:00+00:00
[2025-04-21T17:44:13.270-0400] {processor.py:183} INFO - Processing /Users/gaurav/Documents/Breast-Cancer-ML-Pipeline/venv/lib/python3.9/site-packages/airflow/example_dags/example_latest_only.py took 0.096 seconds
[2025-04-21T17:45:19.340-0400] {processor.py:161} INFO - Started process (PID=88386) to work on /Users/gaurav/Documents/Breast-Cancer-ML-Pipeline/venv/lib/python3.9/site-packages/airflow/example_dags/example_latest_only.py
[2025-04-21T17:45:19.342-0400] {processor.py:830} INFO - Processing file /Users/gaurav/Documents/Breast-Cancer-ML-Pipeline/venv/lib/python3.9/site-packages/airflow/example_dags/example_latest_only.py for tasks to queue
[2025-04-21T17:45:19.342-0400] {logging_mixin.py:188} INFO - [2025-04-21T17:45:19.342-0400] {dagbag.py:538} INFO - Filling up the DagBag from /Users/gaurav/Documents/Breast-Cancer-ML-Pipeline/venv/lib/python3.9/site-packages/airflow/example_dags/example_latest_only.py
[2025-04-21T17:45:19.346-0400] {processor.py:840} INFO - DAG(s) 'latest_only' retrieved from /Users/gaurav/Documents/Breast-Cancer-ML-Pipeline/venv/lib/python3.9/site-packages/airflow/example_dags/example_latest_only.py
[2025-04-21T17:45:19.396-0400] {logging_mixin.py:188} INFO - [2025-04-21T17:45:19.396-0400] {dag.py:3036} INFO - Sync 1 DAGs
[2025-04-21T17:45:19.405-0400] {logging_mixin.py:188} INFO - [2025-04-21T17:45:19.405-0400] {dag.py:3823} INFO - Setting next_dagrun for latest_only to 2025-04-21 16:00:00+00:00, run_after=2025-04-21 20:00:00+00:00
[2025-04-21T17:45:19.415-0400] {processor.py:183} INFO - Processing /Users/gaurav/Documents/Breast-Cancer-ML-Pipeline/venv/lib/python3.9/site-packages/airflow/example_dags/example_latest_only.py took 0.076 seconds
[2025-04-21T17:46:23.264-0400] {processor.py:161} INFO - Started process (PID=88533) to work on /Users/gaurav/Documents/Breast-Cancer-ML-Pipeline/venv/lib/python3.9/site-packages/airflow/example_dags/example_latest_only.py
[2025-04-21T17:46:23.265-0400] {processor.py:830} INFO - Processing file /Users/gaurav/Documents/Breast-Cancer-ML-Pipeline/venv/lib/python3.9/site-packages/airflow/example_dags/example_latest_only.py for tasks to queue
[2025-04-21T17:46:23.265-0400] {logging_mixin.py:188} INFO - [2025-04-21T17:46:23.265-0400] {dagbag.py:538} INFO - Filling up the DagBag from /Users/gaurav/Documents/Breast-Cancer-ML-Pipeline/venv/lib/python3.9/site-packages/airflow/example_dags/example_latest_only.py
[2025-04-21T17:46:23.269-0400] {processor.py:840} INFO - DAG(s) 'latest_only' retrieved from /Users/gaurav/Documents/Breast-Cancer-ML-Pipeline/venv/lib/python3.9/site-packages/airflow/example_dags/example_latest_only.py
[2025-04-21T17:46:23.322-0400] {logging_mixin.py:188} INFO - [2025-04-21T17:46:23.322-0400] {dag.py:3036} INFO - Sync 1 DAGs
[2025-04-21T17:46:23.332-0400] {logging_mixin.py:188} INFO - [2025-04-21T17:46:23.332-0400] {dag.py:3823} INFO - Setting next_dagrun for latest_only to 2025-04-21 16:00:00+00:00, run_after=2025-04-21 20:00:00+00:00
[2025-04-21T17:46:23.341-0400] {processor.py:183} INFO - Processing /Users/gaurav/Documents/Breast-Cancer-ML-Pipeline/venv/lib/python3.9/site-packages/airflow/example_dags/example_latest_only.py took 0.078 seconds
[2025-04-21T17:47:21.925-0400] {processor.py:161} INFO - Started process (PID=88603) to work on /Users/gaurav/Documents/Breast-Cancer-ML-Pipeline/venv/lib/python3.9/site-packages/airflow/example_dags/example_latest_only.py
[2025-04-21T17:47:21.926-0400] {processor.py:830} INFO - Processing file /Users/gaurav/Documents/Breast-Cancer-ML-Pipeline/venv/lib/python3.9/site-packages/airflow/example_dags/example_latest_only.py for tasks to queue
[2025-04-21T17:47:21.926-0400] {logging_mixin.py:188} INFO - [2025-04-21T17:47:21.926-0400] {dagbag.py:538} INFO - Filling up the DagBag from /Users/gaurav/Documents/Breast-Cancer-ML-Pipeline/venv/lib/python3.9/site-packages/airflow/example_dags/example_latest_only.py
[2025-04-21T17:47:21.930-0400] {processor.py:840} INFO - DAG(s) 'latest_only' retrieved from /Users/gaurav/Documents/Breast-Cancer-ML-Pipeline/venv/lib/python3.9/site-packages/airflow/example_dags/example_latest_only.py
[2025-04-21T17:47:21.982-0400] {logging_mixin.py:188} INFO - [2025-04-21T17:47:21.981-0400] {dag.py:3036} INFO - Sync 1 DAGs
[2025-04-21T17:47:21.991-0400] {logging_mixin.py:188} INFO - [2025-04-21T17:47:21.991-0400] {dag.py:3823} INFO - Setting next_dagrun for latest_only to 2025-04-21 16:00:00+00:00, run_after=2025-04-21 20:00:00+00:00
[2025-04-21T17:47:22.001-0400] {processor.py:183} INFO - Processing /Users/gaurav/Documents/Breast-Cancer-ML-Pipeline/venv/lib/python3.9/site-packages/airflow/example_dags/example_latest_only.py took 0.077 seconds
[2025-04-21T17:48:11.272-0400] {processor.py:161} INFO - Started process (PID=88666) to work on /Users/gaurav/Documents/Breast-Cancer-ML-Pipeline/venv/lib/python3.9/site-packages/airflow/example_dags/example_latest_only.py
[2025-04-21T17:48:11.274-0400] {processor.py:830} INFO - Processing file /Users/gaurav/Documents/Breast-Cancer-ML-Pipeline/venv/lib/python3.9/site-packages/airflow/example_dags/example_latest_only.py for tasks to queue
[2025-04-21T17:48:11.275-0400] {logging_mixin.py:188} INFO - [2025-04-21T17:48:11.275-0400] {dagbag.py:538} INFO - Filling up the DagBag from /Users/gaurav/Documents/Breast-Cancer-ML-Pipeline/venv/lib/python3.9/site-packages/airflow/example_dags/example_latest_only.py
[2025-04-21T17:48:11.279-0400] {processor.py:840} INFO - DAG(s) 'latest_only' retrieved from /Users/gaurav/Documents/Breast-Cancer-ML-Pipeline/venv/lib/python3.9/site-packages/airflow/example_dags/example_latest_only.py
[2025-04-21T17:48:11.327-0400] {logging_mixin.py:188} INFO - [2025-04-21T17:48:11.327-0400] {dag.py:3036} INFO - Sync 1 DAGs
[2025-04-21T17:48:11.336-0400] {logging_mixin.py:188} INFO - [2025-04-21T17:48:11.336-0400] {dag.py:3823} INFO - Setting next_dagrun for latest_only to 2025-04-21 16:00:00+00:00, run_after=2025-04-21 20:00:00+00:00
[2025-04-21T17:48:11.346-0400] {processor.py:183} INFO - Processing /Users/gaurav/Documents/Breast-Cancer-ML-Pipeline/venv/lib/python3.9/site-packages/airflow/example_dags/example_latest_only.py took 0.074 seconds
[2025-04-21T17:49:16.217-0400] {processor.py:161} INFO - Started process (PID=88762) to work on /Users/gaurav/Documents/Breast-Cancer-ML-Pipeline/venv/lib/python3.9/site-packages/airflow/example_dags/example_latest_only.py
[2025-04-21T17:49:16.218-0400] {processor.py:830} INFO - Processing file /Users/gaurav/Documents/Breast-Cancer-ML-Pipeline/venv/lib/python3.9/site-packages/airflow/example_dags/example_latest_only.py for tasks to queue
[2025-04-21T17:49:16.218-0400] {logging_mixin.py:188} INFO - [2025-04-21T17:49:16.218-0400] {dagbag.py:538} INFO - Filling up the DagBag from /Users/gaurav/Documents/Breast-Cancer-ML-Pipeline/venv/lib/python3.9/site-packages/airflow/example_dags/example_latest_only.py
[2025-04-21T17:49:16.222-0400] {processor.py:840} INFO - DAG(s) 'latest_only' retrieved from /Users/gaurav/Documents/Breast-Cancer-ML-Pipeline/venv/lib/python3.9/site-packages/airflow/example_dags/example_latest_only.py
[2025-04-21T17:49:16.271-0400] {logging_mixin.py:188} INFO - [2025-04-21T17:49:16.271-0400] {dag.py:3036} INFO - Sync 1 DAGs
[2025-04-21T17:49:16.280-0400] {logging_mixin.py:188} INFO - [2025-04-21T17:49:16.280-0400] {dag.py:3823} INFO - Setting next_dagrun for latest_only to 2025-04-21 16:00:00+00:00, run_after=2025-04-21 20:00:00+00:00
[2025-04-21T17:49:16.289-0400] {processor.py:183} INFO - Processing /Users/gaurav/Documents/Breast-Cancer-ML-Pipeline/venv/lib/python3.9/site-packages/airflow/example_dags/example_latest_only.py took 0.073 seconds
[2025-04-21T17:50:26.201-0400] {processor.py:161} INFO - Started process (PID=88862) to work on /Users/gaurav/Documents/Breast-Cancer-ML-Pipeline/venv/lib/python3.9/site-packages/airflow/example_dags/example_latest_only.py
[2025-04-21T17:50:26.203-0400] {processor.py:830} INFO - Processing file /Users/gaurav/Documents/Breast-Cancer-ML-Pipeline/venv/lib/python3.9/site-packages/airflow/example_dags/example_latest_only.py for tasks to queue
[2025-04-21T17:50:26.203-0400] {logging_mixin.py:188} INFO - [2025-04-21T17:50:26.203-0400] {dagbag.py:538} INFO - Filling up the DagBag from /Users/gaurav/Documents/Breast-Cancer-ML-Pipeline/venv/lib/python3.9/site-packages/airflow/example_dags/example_latest_only.py
[2025-04-21T17:50:26.207-0400] {processor.py:840} INFO - DAG(s) 'latest_only' retrieved from /Users/gaurav/Documents/Breast-Cancer-ML-Pipeline/venv/lib/python3.9/site-packages/airflow/example_dags/example_latest_only.py
[2025-04-21T17:50:26.262-0400] {logging_mixin.py:188} INFO - [2025-04-21T17:50:26.262-0400] {dag.py:3036} INFO - Sync 1 DAGs
[2025-04-21T17:50:26.272-0400] {logging_mixin.py:188} INFO - [2025-04-21T17:50:26.272-0400] {dag.py:3823} INFO - Setting next_dagrun for latest_only to 2025-04-21 16:00:00+00:00, run_after=2025-04-21 20:00:00+00:00
[2025-04-21T17:50:26.283-0400] {processor.py:183} INFO - Processing /Users/gaurav/Documents/Breast-Cancer-ML-Pipeline/venv/lib/python3.9/site-packages/airflow/example_dags/example_latest_only.py took 0.083 seconds
[2025-04-21T17:51:20.344-0400] {processor.py:161} INFO - Started process (PID=88933) to work on /Users/gaurav/Documents/Breast-Cancer-ML-Pipeline/venv/lib/python3.9/site-packages/airflow/example_dags/example_latest_only.py
[2025-04-21T17:51:20.345-0400] {processor.py:830} INFO - Processing file /Users/gaurav/Documents/Breast-Cancer-ML-Pipeline/venv/lib/python3.9/site-packages/airflow/example_dags/example_latest_only.py for tasks to queue
[2025-04-21T17:51:20.346-0400] {logging_mixin.py:188} INFO - [2025-04-21T17:51:20.346-0400] {dagbag.py:538} INFO - Filling up the DagBag from /Users/gaurav/Documents/Breast-Cancer-ML-Pipeline/venv/lib/python3.9/site-packages/airflow/example_dags/example_latest_only.py
[2025-04-21T17:51:20.350-0400] {processor.py:840} INFO - DAG(s) 'latest_only' retrieved from /Users/gaurav/Documents/Breast-Cancer-ML-Pipeline/venv/lib/python3.9/site-packages/airflow/example_dags/example_latest_only.py
[2025-04-21T17:51:20.402-0400] {logging_mixin.py:188} INFO - [2025-04-21T17:51:20.402-0400] {dag.py:3036} INFO - Sync 1 DAGs
[2025-04-21T17:51:20.411-0400] {logging_mixin.py:188} INFO - [2025-04-21T17:51:20.411-0400] {dag.py:3823} INFO - Setting next_dagrun for latest_only to 2025-04-21 16:00:00+00:00, run_after=2025-04-21 20:00:00+00:00
[2025-04-21T17:51:20.421-0400] {processor.py:183} INFO - Processing /Users/gaurav/Documents/Breast-Cancer-ML-Pipeline/venv/lib/python3.9/site-packages/airflow/example_dags/example_latest_only.py took 0.078 seconds
[2025-04-21T17:52:35.996-0400] {processor.py:161} INFO - Started process (PID=89037) to work on /Users/gaurav/Documents/Breast-Cancer-ML-Pipeline/venv/lib/python3.9/site-packages/airflow/example_dags/example_latest_only.py
[2025-04-21T17:52:35.997-0400] {processor.py:830} INFO - Processing file /Users/gaurav/Documents/Breast-Cancer-ML-Pipeline/venv/lib/python3.9/site-packages/airflow/example_dags/example_latest_only.py for tasks to queue
[2025-04-21T17:52:35.997-0400] {logging_mixin.py:188} INFO - [2025-04-21T17:52:35.997-0400] {dagbag.py:538} INFO - Filling up the DagBag from /Users/gaurav/Documents/Breast-Cancer-ML-Pipeline/venv/lib/python3.9/site-packages/airflow/example_dags/example_latest_only.py
[2025-04-21T17:52:36.001-0400] {processor.py:840} INFO - DAG(s) 'latest_only' retrieved from /Users/gaurav/Documents/Breast-Cancer-ML-Pipeline/venv/lib/python3.9/site-packages/airflow/example_dags/example_latest_only.py
[2025-04-21T17:52:36.052-0400] {logging_mixin.py:188} INFO - [2025-04-21T17:52:36.052-0400] {dag.py:3036} INFO - Sync 1 DAGs
[2025-04-21T17:52:36.062-0400] {logging_mixin.py:188} INFO - [2025-04-21T17:52:36.061-0400] {dag.py:3823} INFO - Setting next_dagrun for latest_only to 2025-04-21 16:00:00+00:00, run_after=2025-04-21 20:00:00+00:00
[2025-04-21T17:52:36.071-0400] {processor.py:183} INFO - Processing /Users/gaurav/Documents/Breast-Cancer-ML-Pipeline/venv/lib/python3.9/site-packages/airflow/example_dags/example_latest_only.py took 0.077 seconds
[2025-04-21T17:53:27.811-0400] {processor.py:161} INFO - Started process (PID=89107) to work on /Users/gaurav/Documents/Breast-Cancer-ML-Pipeline/venv/lib/python3.9/site-packages/airflow/example_dags/example_latest_only.py
[2025-04-21T17:53:27.813-0400] {processor.py:830} INFO - Processing file /Users/gaurav/Documents/Breast-Cancer-ML-Pipeline/venv/lib/python3.9/site-packages/airflow/example_dags/example_latest_only.py for tasks to queue
[2025-04-21T17:53:27.813-0400] {logging_mixin.py:188} INFO - [2025-04-21T17:53:27.813-0400] {dagbag.py:538} INFO - Filling up the DagBag from /Users/gaurav/Documents/Breast-Cancer-ML-Pipeline/venv/lib/python3.9/site-packages/airflow/example_dags/example_latest_only.py
[2025-04-21T17:53:27.818-0400] {processor.py:840} INFO - DAG(s) 'latest_only' retrieved from /Users/gaurav/Documents/Breast-Cancer-ML-Pipeline/venv/lib/python3.9/site-packages/airflow/example_dags/example_latest_only.py
[2025-04-21T17:53:27.871-0400] {logging_mixin.py:188} INFO - [2025-04-21T17:53:27.870-0400] {dag.py:3036} INFO - Sync 1 DAGs
[2025-04-21T17:53:27.880-0400] {logging_mixin.py:188} INFO - [2025-04-21T17:53:27.880-0400] {dag.py:3823} INFO - Setting next_dagrun for latest_only to 2025-04-21 16:00:00+00:00, run_after=2025-04-21 20:00:00+00:00
[2025-04-21T17:53:27.890-0400] {processor.py:183} INFO - Processing /Users/gaurav/Documents/Breast-Cancer-ML-Pipeline/venv/lib/python3.9/site-packages/airflow/example_dags/example_latest_only.py took 0.079 seconds
[2025-04-21T17:54:20.715-0400] {processor.py:161} INFO - Started process (PID=89184) to work on /Users/gaurav/Documents/Breast-Cancer-ML-Pipeline/venv/lib/python3.9/site-packages/airflow/example_dags/example_latest_only.py
[2025-04-21T17:54:20.716-0400] {processor.py:830} INFO - Processing file /Users/gaurav/Documents/Breast-Cancer-ML-Pipeline/venv/lib/python3.9/site-packages/airflow/example_dags/example_latest_only.py for tasks to queue
[2025-04-21T17:54:20.716-0400] {logging_mixin.py:188} INFO - [2025-04-21T17:54:20.716-0400] {dagbag.py:538} INFO - Filling up the DagBag from /Users/gaurav/Documents/Breast-Cancer-ML-Pipeline/venv/lib/python3.9/site-packages/airflow/example_dags/example_latest_only.py
[2025-04-21T17:54:20.721-0400] {processor.py:840} INFO - DAG(s) 'latest_only' retrieved from /Users/gaurav/Documents/Breast-Cancer-ML-Pipeline/venv/lib/python3.9/site-packages/airflow/example_dags/example_latest_only.py
[2025-04-21T17:54:20.778-0400] {logging_mixin.py:188} INFO - [2025-04-21T17:54:20.778-0400] {dag.py:3036} INFO - Sync 1 DAGs
[2025-04-21T17:54:20.788-0400] {logging_mixin.py:188} INFO - [2025-04-21T17:54:20.788-0400] {dag.py:3823} INFO - Setting next_dagrun for latest_only to 2025-04-21 16:00:00+00:00, run_after=2025-04-21 20:00:00+00:00
[2025-04-21T17:54:20.799-0400] {processor.py:183} INFO - Processing /Users/gaurav/Documents/Breast-Cancer-ML-Pipeline/venv/lib/python3.9/site-packages/airflow/example_dags/example_latest_only.py took 0.085 seconds
[2025-04-21T17:55:15.817-0400] {processor.py:161} INFO - Started process (PID=89329) to work on /Users/gaurav/Documents/Breast-Cancer-ML-Pipeline/venv/lib/python3.9/site-packages/airflow/example_dags/example_latest_only.py
[2025-04-21T17:55:15.817-0400] {processor.py:830} INFO - Processing file /Users/gaurav/Documents/Breast-Cancer-ML-Pipeline/venv/lib/python3.9/site-packages/airflow/example_dags/example_latest_only.py for tasks to queue
[2025-04-21T17:55:15.818-0400] {logging_mixin.py:188} INFO - [2025-04-21T17:55:15.818-0400] {dagbag.py:538} INFO - Filling up the DagBag from /Users/gaurav/Documents/Breast-Cancer-ML-Pipeline/venv/lib/python3.9/site-packages/airflow/example_dags/example_latest_only.py
[2025-04-21T17:55:15.823-0400] {processor.py:840} INFO - DAG(s) 'latest_only' retrieved from /Users/gaurav/Documents/Breast-Cancer-ML-Pipeline/venv/lib/python3.9/site-packages/airflow/example_dags/example_latest_only.py
[2025-04-21T17:55:15.877-0400] {logging_mixin.py:188} INFO - [2025-04-21T17:55:15.876-0400] {dag.py:3036} INFO - Sync 1 DAGs
[2025-04-21T17:55:15.887-0400] {logging_mixin.py:188} INFO - [2025-04-21T17:55:15.886-0400] {dag.py:3823} INFO - Setting next_dagrun for latest_only to 2025-04-21 16:00:00+00:00, run_after=2025-04-21 20:00:00+00:00
[2025-04-21T17:55:15.896-0400] {processor.py:183} INFO - Processing /Users/gaurav/Documents/Breast-Cancer-ML-Pipeline/venv/lib/python3.9/site-packages/airflow/example_dags/example_latest_only.py took 0.080 seconds
