[2025-04-21T16:39:52.960-0400] {processor.py:161} INFO - Started process (PID=83590) to work on /Users/gaurav/Documents/Breast-Cancer-ML-Pipeline/venv/lib/python3.9/site-packages/airflow/example_dags/example_branch_python_dop_operator_3.py
[2025-04-21T16:39:52.961-0400] {processor.py:830} INFO - Processing file /Users/gaurav/Documents/Breast-Cancer-ML-Pipeline/venv/lib/python3.9/site-packages/airflow/example_dags/example_branch_python_dop_operator_3.py for tasks to queue
[2025-04-21T16:39:52.961-0400] {logging_mixin.py:188} INFO - [2025-04-21T16:39:52.961-0400] {dagbag.py:538} INFO - Filling up the DagBag from /Users/gaurav/Documents/Breast-Cancer-ML-Pipeline/venv/lib/python3.9/site-packages/airflow/example_dags/example_branch_python_dop_operator_3.py
[2025-04-21T16:39:52.993-0400] {processor.py:840} INFO - DAG(s) 'example_branch_dop_operator_v3' retrieved from /Users/gaurav/Documents/Breast-Cancer-ML-Pipeline/venv/lib/python3.9/site-packages/airflow/example_dags/example_branch_python_dop_operator_3.py
[2025-04-21T16:39:53.118-0400] {logging_mixin.py:188} INFO - [2025-04-21T16:39:53.118-0400] {override.py:1769} INFO - Created Permission View: can read on DAG:example_branch_dop_operator_v3
[2025-04-21T16:39:53.124-0400] {logging_mixin.py:188} INFO - [2025-04-21T16:39:53.124-0400] {override.py:1769} INFO - Created Permission View: can edit on DAG:example_branch_dop_operator_v3
[2025-04-21T16:39:53.129-0400] {logging_mixin.py:188} INFO - [2025-04-21T16:39:53.129-0400] {override.py:1769} INFO - Created Permission View: can delete on DAG:example_branch_dop_operator_v3
[2025-04-21T16:39:53.129-0400] {logging_mixin.py:188} INFO - [2025-04-21T16:39:53.129-0400] {dag.py:3036} INFO - Sync 1 DAGs
[2025-04-21T16:39:53.136-0400] {logging_mixin.py:188} INFO - [2025-04-21T16:39:53.136-0400] {dag.py:3058} INFO - Creating ORM DAG for example_branch_dop_operator_v3
[2025-04-21T16:39:53.146-0400] {logging_mixin.py:188} INFO - [2025-04-21T16:39:53.146-0400] {dag.py:3823} INFO - Setting next_dagrun for example_branch_dop_operator_v3 to 2025-04-21 20:38:00+00:00, run_after=2025-04-21 20:39:00+00:00
[2025-04-21T16:39:53.158-0400] {processor.py:183} INFO - Processing /Users/gaurav/Documents/Breast-Cancer-ML-Pipeline/venv/lib/python3.9/site-packages/airflow/example_dags/example_branch_python_dop_operator_3.py took 0.199 seconds
[2025-04-21T16:42:32.046-0400] {processor.py:161} INFO - Started process (PID=83721) to work on /Users/gaurav/Documents/Breast-Cancer-ML-Pipeline/venv/lib/python3.9/site-packages/airflow/example_dags/example_branch_python_dop_operator_3.py
[2025-04-21T16:42:32.048-0400] {processor.py:830} INFO - Processing file /Users/gaurav/Documents/Breast-Cancer-ML-Pipeline/venv/lib/python3.9/site-packages/airflow/example_dags/example_branch_python_dop_operator_3.py for tasks to queue
[2025-04-21T16:42:32.048-0400] {logging_mixin.py:188} INFO - [2025-04-21T16:42:32.048-0400] {dagbag.py:538} INFO - Filling up the DagBag from /Users/gaurav/Documents/Breast-Cancer-ML-Pipeline/venv/lib/python3.9/site-packages/airflow/example_dags/example_branch_python_dop_operator_3.py
[2025-04-21T16:42:32.079-0400] {processor.py:840} INFO - DAG(s) 'example_branch_dop_operator_v3' retrieved from /Users/gaurav/Documents/Breast-Cancer-ML-Pipeline/venv/lib/python3.9/site-packages/airflow/example_dags/example_branch_python_dop_operator_3.py
[2025-04-21T16:42:32.147-0400] {logging_mixin.py:188} INFO - [2025-04-21T16:42:32.147-0400] {dag.py:3036} INFO - Sync 1 DAGs
[2025-04-21T16:42:32.163-0400] {logging_mixin.py:188} INFO - [2025-04-21T16:42:32.163-0400] {dag.py:3823} INFO - Setting next_dagrun for example_branch_dop_operator_v3 to 2025-04-21 20:41:00+00:00, run_after=2025-04-21 20:42:00+00:00
[2025-04-21T16:42:32.180-0400] {processor.py:183} INFO - Processing /Users/gaurav/Documents/Breast-Cancer-ML-Pipeline/venv/lib/python3.9/site-packages/airflow/example_dags/example_branch_python_dop_operator_3.py took 0.135 seconds
[2025-04-21T16:45:18.469-0400] {processor.py:161} INFO - Started process (PID=83868) to work on /Users/gaurav/Documents/Breast-Cancer-ML-Pipeline/venv/lib/python3.9/site-packages/airflow/example_dags/example_branch_python_dop_operator_3.py
[2025-04-21T16:45:18.471-0400] {processor.py:830} INFO - Processing file /Users/gaurav/Documents/Breast-Cancer-ML-Pipeline/venv/lib/python3.9/site-packages/airflow/example_dags/example_branch_python_dop_operator_3.py for tasks to queue
[2025-04-21T16:45:18.471-0400] {logging_mixin.py:188} INFO - [2025-04-21T16:45:18.471-0400] {dagbag.py:538} INFO - Filling up the DagBag from /Users/gaurav/Documents/Breast-Cancer-ML-Pipeline/venv/lib/python3.9/site-packages/airflow/example_dags/example_branch_python_dop_operator_3.py
[2025-04-21T16:45:18.509-0400] {processor.py:840} INFO - DAG(s) 'example_branch_dop_operator_v3' retrieved from /Users/gaurav/Documents/Breast-Cancer-ML-Pipeline/venv/lib/python3.9/site-packages/airflow/example_dags/example_branch_python_dop_operator_3.py
[2025-04-21T16:45:18.599-0400] {logging_mixin.py:188} INFO - [2025-04-21T16:45:18.598-0400] {dag.py:3036} INFO - Sync 1 DAGs
[2025-04-21T16:45:18.615-0400] {logging_mixin.py:188} INFO - [2025-04-21T16:45:18.615-0400] {dag.py:3823} INFO - Setting next_dagrun for example_branch_dop_operator_v3 to 2025-04-21 20:44:00+00:00, run_after=2025-04-21 20:45:00+00:00
[2025-04-21T16:45:18.629-0400] {processor.py:183} INFO - Processing /Users/gaurav/Documents/Breast-Cancer-ML-Pipeline/venv/lib/python3.9/site-packages/airflow/example_dags/example_branch_python_dop_operator_3.py took 0.162 seconds
[2025-04-21T16:47:25.721-0400] {processor.py:161} INFO - Started process (PID=84041) to work on /Users/gaurav/Documents/Breast-Cancer-ML-Pipeline/venv/lib/python3.9/site-packages/airflow/example_dags/example_branch_python_dop_operator_3.py
[2025-04-21T16:47:25.723-0400] {processor.py:830} INFO - Processing file /Users/gaurav/Documents/Breast-Cancer-ML-Pipeline/venv/lib/python3.9/site-packages/airflow/example_dags/example_branch_python_dop_operator_3.py for tasks to queue
[2025-04-21T16:47:25.723-0400] {logging_mixin.py:188} INFO - [2025-04-21T16:47:25.723-0400] {dagbag.py:538} INFO - Filling up the DagBag from /Users/gaurav/Documents/Breast-Cancer-ML-Pipeline/venv/lib/python3.9/site-packages/airflow/example_dags/example_branch_python_dop_operator_3.py
[2025-04-21T16:47:25.753-0400] {processor.py:840} INFO - DAG(s) 'example_branch_dop_operator_v3' retrieved from /Users/gaurav/Documents/Breast-Cancer-ML-Pipeline/venv/lib/python3.9/site-packages/airflow/example_dags/example_branch_python_dop_operator_3.py
[2025-04-21T16:47:25.816-0400] {logging_mixin.py:188} INFO - [2025-04-21T16:47:25.816-0400] {dag.py:3036} INFO - Sync 1 DAGs
[2025-04-21T16:47:25.830-0400] {logging_mixin.py:188} INFO - [2025-04-21T16:47:25.830-0400] {dag.py:3823} INFO - Setting next_dagrun for example_branch_dop_operator_v3 to 2025-04-21 20:46:00+00:00, run_after=2025-04-21 20:47:00+00:00
[2025-04-21T16:47:25.844-0400] {processor.py:183} INFO - Processing /Users/gaurav/Documents/Breast-Cancer-ML-Pipeline/venv/lib/python3.9/site-packages/airflow/example_dags/example_branch_python_dop_operator_3.py took 0.124 seconds
[2025-04-21T16:48:38.702-0400] {processor.py:161} INFO - Started process (PID=84124) to work on /Users/gaurav/Documents/Breast-Cancer-ML-Pipeline/venv/lib/python3.9/site-packages/airflow/example_dags/example_branch_python_dop_operator_3.py
[2025-04-21T16:48:38.704-0400] {processor.py:830} INFO - Processing file /Users/gaurav/Documents/Breast-Cancer-ML-Pipeline/venv/lib/python3.9/site-packages/airflow/example_dags/example_branch_python_dop_operator_3.py for tasks to queue
[2025-04-21T16:48:38.704-0400] {logging_mixin.py:188} INFO - [2025-04-21T16:48:38.704-0400] {dagbag.py:538} INFO - Filling up the DagBag from /Users/gaurav/Documents/Breast-Cancer-ML-Pipeline/venv/lib/python3.9/site-packages/airflow/example_dags/example_branch_python_dop_operator_3.py
[2025-04-21T16:48:38.734-0400] {processor.py:840} INFO - DAG(s) 'example_branch_dop_operator_v3' retrieved from /Users/gaurav/Documents/Breast-Cancer-ML-Pipeline/venv/lib/python3.9/site-packages/airflow/example_dags/example_branch_python_dop_operator_3.py
[2025-04-21T16:48:38.798-0400] {logging_mixin.py:188} INFO - [2025-04-21T16:48:38.797-0400] {dag.py:3036} INFO - Sync 1 DAGs
[2025-04-21T16:48:38.813-0400] {logging_mixin.py:188} INFO - [2025-04-21T16:48:38.812-0400] {dag.py:3823} INFO - Setting next_dagrun for example_branch_dop_operator_v3 to 2025-04-21 20:47:00+00:00, run_after=2025-04-21 20:48:00+00:00
[2025-04-21T16:48:38.825-0400] {processor.py:183} INFO - Processing /Users/gaurav/Documents/Breast-Cancer-ML-Pipeline/venv/lib/python3.9/site-packages/airflow/example_dags/example_branch_python_dop_operator_3.py took 0.124 seconds
[2025-04-21T16:49:49.934-0400] {processor.py:161} INFO - Started process (PID=84209) to work on /Users/gaurav/Documents/Breast-Cancer-ML-Pipeline/venv/lib/python3.9/site-packages/airflow/example_dags/example_branch_python_dop_operator_3.py
[2025-04-21T16:49:49.936-0400] {processor.py:830} INFO - Processing file /Users/gaurav/Documents/Breast-Cancer-ML-Pipeline/venv/lib/python3.9/site-packages/airflow/example_dags/example_branch_python_dop_operator_3.py for tasks to queue
[2025-04-21T16:49:49.937-0400] {logging_mixin.py:188} INFO - [2025-04-21T16:49:49.936-0400] {dagbag.py:538} INFO - Filling up the DagBag from /Users/gaurav/Documents/Breast-Cancer-ML-Pipeline/venv/lib/python3.9/site-packages/airflow/example_dags/example_branch_python_dop_operator_3.py
[2025-04-21T16:49:49.968-0400] {processor.py:840} INFO - DAG(s) 'example_branch_dop_operator_v3' retrieved from /Users/gaurav/Documents/Breast-Cancer-ML-Pipeline/venv/lib/python3.9/site-packages/airflow/example_dags/example_branch_python_dop_operator_3.py
[2025-04-21T16:49:50.038-0400] {logging_mixin.py:188} INFO - [2025-04-21T16:49:50.038-0400] {dag.py:3036} INFO - Sync 1 DAGs
[2025-04-21T16:49:50.054-0400] {logging_mixin.py:188} INFO - [2025-04-21T16:49:50.054-0400] {dag.py:3823} INFO - Setting next_dagrun for example_branch_dop_operator_v3 to 2025-04-21 20:48:00+00:00, run_after=2025-04-21 20:49:00+00:00
[2025-04-21T16:49:50.067-0400] {processor.py:183} INFO - Processing /Users/gaurav/Documents/Breast-Cancer-ML-Pipeline/venv/lib/python3.9/site-packages/airflow/example_dags/example_branch_python_dop_operator_3.py took 0.134 seconds
[2025-04-21T16:51:06.145-0400] {processor.py:161} INFO - Started process (PID=84292) to work on /Users/gaurav/Documents/Breast-Cancer-ML-Pipeline/venv/lib/python3.9/site-packages/airflow/example_dags/example_branch_python_dop_operator_3.py
[2025-04-21T16:51:06.147-0400] {processor.py:830} INFO - Processing file /Users/gaurav/Documents/Breast-Cancer-ML-Pipeline/venv/lib/python3.9/site-packages/airflow/example_dags/example_branch_python_dop_operator_3.py for tasks to queue
[2025-04-21T16:51:06.147-0400] {logging_mixin.py:188} INFO - [2025-04-21T16:51:06.147-0400] {dagbag.py:538} INFO - Filling up the DagBag from /Users/gaurav/Documents/Breast-Cancer-ML-Pipeline/venv/lib/python3.9/site-packages/airflow/example_dags/example_branch_python_dop_operator_3.py
[2025-04-21T16:51:06.180-0400] {processor.py:840} INFO - DAG(s) 'example_branch_dop_operator_v3' retrieved from /Users/gaurav/Documents/Breast-Cancer-ML-Pipeline/venv/lib/python3.9/site-packages/airflow/example_dags/example_branch_python_dop_operator_3.py
[2025-04-21T16:51:06.278-0400] {logging_mixin.py:188} INFO - [2025-04-21T16:51:06.277-0400] {dag.py:3036} INFO - Sync 1 DAGs
[2025-04-21T16:51:06.294-0400] {logging_mixin.py:188} INFO - [2025-04-21T16:51:06.294-0400] {dag.py:3823} INFO - Setting next_dagrun for example_branch_dop_operator_v3 to 2025-04-21 20:50:00+00:00, run_after=2025-04-21 20:51:00+00:00
[2025-04-21T16:51:06.309-0400] {processor.py:183} INFO - Processing /Users/gaurav/Documents/Breast-Cancer-ML-Pipeline/venv/lib/python3.9/site-packages/airflow/example_dags/example_branch_python_dop_operator_3.py took 0.165 seconds
[2025-04-21T16:52:29.623-0400] {processor.py:161} INFO - Started process (PID=84382) to work on /Users/gaurav/Documents/Breast-Cancer-ML-Pipeline/venv/lib/python3.9/site-packages/airflow/example_dags/example_branch_python_dop_operator_3.py
[2025-04-21T16:52:29.625-0400] {processor.py:830} INFO - Processing file /Users/gaurav/Documents/Breast-Cancer-ML-Pipeline/venv/lib/python3.9/site-packages/airflow/example_dags/example_branch_python_dop_operator_3.py for tasks to queue
[2025-04-21T16:52:29.625-0400] {logging_mixin.py:188} INFO - [2025-04-21T16:52:29.625-0400] {dagbag.py:538} INFO - Filling up the DagBag from /Users/gaurav/Documents/Breast-Cancer-ML-Pipeline/venv/lib/python3.9/site-packages/airflow/example_dags/example_branch_python_dop_operator_3.py
[2025-04-21T16:52:29.656-0400] {processor.py:840} INFO - DAG(s) 'example_branch_dop_operator_v3' retrieved from /Users/gaurav/Documents/Breast-Cancer-ML-Pipeline/venv/lib/python3.9/site-packages/airflow/example_dags/example_branch_python_dop_operator_3.py
[2025-04-21T16:52:29.723-0400] {logging_mixin.py:188} INFO - [2025-04-21T16:52:29.723-0400] {dag.py:3036} INFO - Sync 1 DAGs
[2025-04-21T16:52:29.739-0400] {logging_mixin.py:188} INFO - [2025-04-21T16:52:29.739-0400] {dag.py:3823} INFO - Setting next_dagrun for example_branch_dop_operator_v3 to 2025-04-21 20:51:00+00:00, run_after=2025-04-21 20:52:00+00:00
[2025-04-21T16:52:29.753-0400] {processor.py:183} INFO - Processing /Users/gaurav/Documents/Breast-Cancer-ML-Pipeline/venv/lib/python3.9/site-packages/airflow/example_dags/example_branch_python_dop_operator_3.py took 0.131 seconds
[2025-04-21T16:53:50.762-0400] {processor.py:161} INFO - Started process (PID=84493) to work on /Users/gaurav/Documents/Breast-Cancer-ML-Pipeline/venv/lib/python3.9/site-packages/airflow/example_dags/example_branch_python_dop_operator_3.py
[2025-04-21T16:53:50.764-0400] {processor.py:830} INFO - Processing file /Users/gaurav/Documents/Breast-Cancer-ML-Pipeline/venv/lib/python3.9/site-packages/airflow/example_dags/example_branch_python_dop_operator_3.py for tasks to queue
[2025-04-21T16:53:50.765-0400] {logging_mixin.py:188} INFO - [2025-04-21T16:53:50.765-0400] {dagbag.py:538} INFO - Filling up the DagBag from /Users/gaurav/Documents/Breast-Cancer-ML-Pipeline/venv/lib/python3.9/site-packages/airflow/example_dags/example_branch_python_dop_operator_3.py
[2025-04-21T16:53:50.793-0400] {processor.py:840} INFO - DAG(s) 'example_branch_dop_operator_v3' retrieved from /Users/gaurav/Documents/Breast-Cancer-ML-Pipeline/venv/lib/python3.9/site-packages/airflow/example_dags/example_branch_python_dop_operator_3.py
[2025-04-21T16:53:50.859-0400] {logging_mixin.py:188} INFO - [2025-04-21T16:53:50.859-0400] {dag.py:3036} INFO - Sync 1 DAGs
[2025-04-21T16:53:50.875-0400] {logging_mixin.py:188} INFO - [2025-04-21T16:53:50.875-0400] {dag.py:3823} INFO - Setting next_dagrun for example_branch_dop_operator_v3 to 2025-04-21 20:52:00+00:00, run_after=2025-04-21 20:53:00+00:00
[2025-04-21T16:53:50.891-0400] {processor.py:183} INFO - Processing /Users/gaurav/Documents/Breast-Cancer-ML-Pipeline/venv/lib/python3.9/site-packages/airflow/example_dags/example_branch_python_dop_operator_3.py took 0.130 seconds
[2025-04-21T16:56:57.054-0400] {processor.py:161} INFO - Started process (PID=84729) to work on /Users/gaurav/Documents/Breast-Cancer-ML-Pipeline/venv/lib/python3.9/site-packages/airflow/example_dags/example_branch_python_dop_operator_3.py
[2025-04-21T16:56:57.055-0400] {processor.py:830} INFO - Processing file /Users/gaurav/Documents/Breast-Cancer-ML-Pipeline/venv/lib/python3.9/site-packages/airflow/example_dags/example_branch_python_dop_operator_3.py for tasks to queue
[2025-04-21T16:56:57.056-0400] {logging_mixin.py:188} INFO - [2025-04-21T16:56:57.056-0400] {dagbag.py:538} INFO - Filling up the DagBag from /Users/gaurav/Documents/Breast-Cancer-ML-Pipeline/venv/lib/python3.9/site-packages/airflow/example_dags/example_branch_python_dop_operator_3.py
[2025-04-21T16:56:57.085-0400] {processor.py:840} INFO - DAG(s) 'example_branch_dop_operator_v3' retrieved from /Users/gaurav/Documents/Breast-Cancer-ML-Pipeline/venv/lib/python3.9/site-packages/airflow/example_dags/example_branch_python_dop_operator_3.py
[2025-04-21T16:56:57.207-0400] {logging_mixin.py:188} INFO - [2025-04-21T16:56:57.207-0400] {dag.py:3036} INFO - Sync 1 DAGs
[2025-04-21T16:56:57.222-0400] {logging_mixin.py:188} INFO - [2025-04-21T16:56:57.222-0400] {dag.py:3823} INFO - Setting next_dagrun for example_branch_dop_operator_v3 to 2025-04-21 20:55:00+00:00, run_after=2025-04-21 20:56:00+00:00
[2025-04-21T16:56:57.234-0400] {processor.py:183} INFO - Processing /Users/gaurav/Documents/Breast-Cancer-ML-Pipeline/venv/lib/python3.9/site-packages/airflow/example_dags/example_branch_python_dop_operator_3.py took 0.181 seconds
[2025-04-21T16:58:20.484-0400] {processor.py:161} INFO - Started process (PID=84839) to work on /Users/gaurav/Documents/Breast-Cancer-ML-Pipeline/venv/lib/python3.9/site-packages/airflow/example_dags/example_branch_python_dop_operator_3.py
[2025-04-21T16:58:20.485-0400] {processor.py:830} INFO - Processing file /Users/gaurav/Documents/Breast-Cancer-ML-Pipeline/venv/lib/python3.9/site-packages/airflow/example_dags/example_branch_python_dop_operator_3.py for tasks to queue
[2025-04-21T16:58:20.486-0400] {logging_mixin.py:188} INFO - [2025-04-21T16:58:20.486-0400] {dagbag.py:538} INFO - Filling up the DagBag from /Users/gaurav/Documents/Breast-Cancer-ML-Pipeline/venv/lib/python3.9/site-packages/airflow/example_dags/example_branch_python_dop_operator_3.py
[2025-04-21T16:58:20.515-0400] {processor.py:840} INFO - DAG(s) 'example_branch_dop_operator_v3' retrieved from /Users/gaurav/Documents/Breast-Cancer-ML-Pipeline/venv/lib/python3.9/site-packages/airflow/example_dags/example_branch_python_dop_operator_3.py
[2025-04-21T16:58:20.583-0400] {logging_mixin.py:188} INFO - [2025-04-21T16:58:20.582-0400] {dag.py:3036} INFO - Sync 1 DAGs
[2025-04-21T16:58:20.597-0400] {logging_mixin.py:188} INFO - [2025-04-21T16:58:20.597-0400] {dag.py:3823} INFO - Setting next_dagrun for example_branch_dop_operator_v3 to 2025-04-21 20:57:00+00:00, run_after=2025-04-21 20:58:00+00:00
[2025-04-21T16:58:20.611-0400] {processor.py:183} INFO - Processing /Users/gaurav/Documents/Breast-Cancer-ML-Pipeline/venv/lib/python3.9/site-packages/airflow/example_dags/example_branch_python_dop_operator_3.py took 0.127 seconds
[2025-04-21T16:59:40.420-0400] {processor.py:161} INFO - Started process (PID=84924) to work on /Users/gaurav/Documents/Breast-Cancer-ML-Pipeline/venv/lib/python3.9/site-packages/airflow/example_dags/example_branch_python_dop_operator_3.py
[2025-04-21T16:59:40.421-0400] {processor.py:830} INFO - Processing file /Users/gaurav/Documents/Breast-Cancer-ML-Pipeline/venv/lib/python3.9/site-packages/airflow/example_dags/example_branch_python_dop_operator_3.py for tasks to queue
[2025-04-21T16:59:40.422-0400] {logging_mixin.py:188} INFO - [2025-04-21T16:59:40.422-0400] {dagbag.py:538} INFO - Filling up the DagBag from /Users/gaurav/Documents/Breast-Cancer-ML-Pipeline/venv/lib/python3.9/site-packages/airflow/example_dags/example_branch_python_dop_operator_3.py
[2025-04-21T16:59:40.451-0400] {processor.py:840} INFO - DAG(s) 'example_branch_dop_operator_v3' retrieved from /Users/gaurav/Documents/Breast-Cancer-ML-Pipeline/venv/lib/python3.9/site-packages/airflow/example_dags/example_branch_python_dop_operator_3.py
[2025-04-21T16:59:40.515-0400] {logging_mixin.py:188} INFO - [2025-04-21T16:59:40.514-0400] {dag.py:3036} INFO - Sync 1 DAGs
[2025-04-21T16:59:40.529-0400] {logging_mixin.py:188} INFO - [2025-04-21T16:59:40.529-0400] {dag.py:3823} INFO - Setting next_dagrun for example_branch_dop_operator_v3 to 2025-04-21 20:58:00+00:00, run_after=2025-04-21 20:59:00+00:00
[2025-04-21T16:59:40.542-0400] {processor.py:183} INFO - Processing /Users/gaurav/Documents/Breast-Cancer-ML-Pipeline/venv/lib/python3.9/site-packages/airflow/example_dags/example_branch_python_dop_operator_3.py took 0.123 seconds
[2025-04-21T17:00:52.592-0400] {processor.py:161} INFO - Started process (PID=85015) to work on /Users/gaurav/Documents/Breast-Cancer-ML-Pipeline/venv/lib/python3.9/site-packages/airflow/example_dags/example_branch_python_dop_operator_3.py
[2025-04-21T17:00:52.594-0400] {processor.py:830} INFO - Processing file /Users/gaurav/Documents/Breast-Cancer-ML-Pipeline/venv/lib/python3.9/site-packages/airflow/example_dags/example_branch_python_dop_operator_3.py for tasks to queue
[2025-04-21T17:00:52.594-0400] {logging_mixin.py:188} INFO - [2025-04-21T17:00:52.594-0400] {dagbag.py:538} INFO - Filling up the DagBag from /Users/gaurav/Documents/Breast-Cancer-ML-Pipeline/venv/lib/python3.9/site-packages/airflow/example_dags/example_branch_python_dop_operator_3.py
[2025-04-21T17:00:52.623-0400] {processor.py:840} INFO - DAG(s) 'example_branch_dop_operator_v3' retrieved from /Users/gaurav/Documents/Breast-Cancer-ML-Pipeline/venv/lib/python3.9/site-packages/airflow/example_dags/example_branch_python_dop_operator_3.py
[2025-04-21T17:00:52.688-0400] {logging_mixin.py:188} INFO - [2025-04-21T17:00:52.688-0400] {dag.py:3036} INFO - Sync 1 DAGs
[2025-04-21T17:00:52.704-0400] {logging_mixin.py:188} INFO - [2025-04-21T17:00:52.704-0400] {dag.py:3823} INFO - Setting next_dagrun for example_branch_dop_operator_v3 to 2025-04-21 20:59:00+00:00, run_after=2025-04-21 21:00:00+00:00
[2025-04-21T17:00:52.718-0400] {processor.py:183} INFO - Processing /Users/gaurav/Documents/Breast-Cancer-ML-Pipeline/venv/lib/python3.9/site-packages/airflow/example_dags/example_branch_python_dop_operator_3.py took 0.127 seconds
[2025-04-21T17:02:16.639-0400] {processor.py:161} INFO - Started process (PID=85116) to work on /Users/gaurav/Documents/Breast-Cancer-ML-Pipeline/venv/lib/python3.9/site-packages/airflow/example_dags/example_branch_python_dop_operator_3.py
[2025-04-21T17:02:16.641-0400] {processor.py:830} INFO - Processing file /Users/gaurav/Documents/Breast-Cancer-ML-Pipeline/venv/lib/python3.9/site-packages/airflow/example_dags/example_branch_python_dop_operator_3.py for tasks to queue
[2025-04-21T17:02:16.642-0400] {logging_mixin.py:188} INFO - [2025-04-21T17:02:16.642-0400] {dagbag.py:538} INFO - Filling up the DagBag from /Users/gaurav/Documents/Breast-Cancer-ML-Pipeline/venv/lib/python3.9/site-packages/airflow/example_dags/example_branch_python_dop_operator_3.py
[2025-04-21T17:02:16.671-0400] {processor.py:840} INFO - DAG(s) 'example_branch_dop_operator_v3' retrieved from /Users/gaurav/Documents/Breast-Cancer-ML-Pipeline/venv/lib/python3.9/site-packages/airflow/example_dags/example_branch_python_dop_operator_3.py
[2025-04-21T17:02:16.733-0400] {logging_mixin.py:188} INFO - [2025-04-21T17:02:16.732-0400] {dag.py:3036} INFO - Sync 1 DAGs
[2025-04-21T17:02:16.748-0400] {logging_mixin.py:188} INFO - [2025-04-21T17:02:16.748-0400] {dag.py:3823} INFO - Setting next_dagrun for example_branch_dop_operator_v3 to 2025-04-21 21:01:00+00:00, run_after=2025-04-21 21:02:00+00:00
[2025-04-21T17:02:16.761-0400] {processor.py:183} INFO - Processing /Users/gaurav/Documents/Breast-Cancer-ML-Pipeline/venv/lib/python3.9/site-packages/airflow/example_dags/example_branch_python_dop_operator_3.py took 0.123 seconds
[2025-04-21T17:03:34.677-0400] {processor.py:161} INFO - Started process (PID=85205) to work on /Users/gaurav/Documents/Breast-Cancer-ML-Pipeline/venv/lib/python3.9/site-packages/airflow/example_dags/example_branch_python_dop_operator_3.py
[2025-04-21T17:03:34.679-0400] {processor.py:830} INFO - Processing file /Users/gaurav/Documents/Breast-Cancer-ML-Pipeline/venv/lib/python3.9/site-packages/airflow/example_dags/example_branch_python_dop_operator_3.py for tasks to queue
[2025-04-21T17:03:34.679-0400] {logging_mixin.py:188} INFO - [2025-04-21T17:03:34.679-0400] {dagbag.py:538} INFO - Filling up the DagBag from /Users/gaurav/Documents/Breast-Cancer-ML-Pipeline/venv/lib/python3.9/site-packages/airflow/example_dags/example_branch_python_dop_operator_3.py
[2025-04-21T17:03:34.707-0400] {processor.py:840} INFO - DAG(s) 'example_branch_dop_operator_v3' retrieved from /Users/gaurav/Documents/Breast-Cancer-ML-Pipeline/venv/lib/python3.9/site-packages/airflow/example_dags/example_branch_python_dop_operator_3.py
[2025-04-21T17:03:34.769-0400] {logging_mixin.py:188} INFO - [2025-04-21T17:03:34.769-0400] {dag.py:3036} INFO - Sync 1 DAGs
[2025-04-21T17:03:34.784-0400] {logging_mixin.py:188} INFO - [2025-04-21T17:03:34.783-0400] {dag.py:3823} INFO - Setting next_dagrun for example_branch_dop_operator_v3 to 2025-04-21 21:02:00+00:00, run_after=2025-04-21 21:03:00+00:00
[2025-04-21T17:03:34.797-0400] {processor.py:183} INFO - Processing /Users/gaurav/Documents/Breast-Cancer-ML-Pipeline/venv/lib/python3.9/site-packages/airflow/example_dags/example_branch_python_dop_operator_3.py took 0.121 seconds
[2025-04-21T17:04:47.586-0400] {processor.py:161} INFO - Started process (PID=85305) to work on /Users/gaurav/Documents/Breast-Cancer-ML-Pipeline/venv/lib/python3.9/site-packages/airflow/example_dags/example_branch_python_dop_operator_3.py
[2025-04-21T17:04:47.588-0400] {processor.py:830} INFO - Processing file /Users/gaurav/Documents/Breast-Cancer-ML-Pipeline/venv/lib/python3.9/site-packages/airflow/example_dags/example_branch_python_dop_operator_3.py for tasks to queue
[2025-04-21T17:04:47.588-0400] {logging_mixin.py:188} INFO - [2025-04-21T17:04:47.588-0400] {dagbag.py:538} INFO - Filling up the DagBag from /Users/gaurav/Documents/Breast-Cancer-ML-Pipeline/venv/lib/python3.9/site-packages/airflow/example_dags/example_branch_python_dop_operator_3.py
[2025-04-21T17:04:47.616-0400] {processor.py:840} INFO - DAG(s) 'example_branch_dop_operator_v3' retrieved from /Users/gaurav/Documents/Breast-Cancer-ML-Pipeline/venv/lib/python3.9/site-packages/airflow/example_dags/example_branch_python_dop_operator_3.py
[2025-04-21T17:04:47.677-0400] {logging_mixin.py:188} INFO - [2025-04-21T17:04:47.677-0400] {dag.py:3036} INFO - Sync 1 DAGs
[2025-04-21T17:04:47.692-0400] {logging_mixin.py:188} INFO - [2025-04-21T17:04:47.692-0400] {dag.py:3823} INFO - Setting next_dagrun for example_branch_dop_operator_v3 to 2025-04-21 21:03:00+00:00, run_after=2025-04-21 21:04:00+00:00
[2025-04-21T17:04:47.704-0400] {processor.py:183} INFO - Processing /Users/gaurav/Documents/Breast-Cancer-ML-Pipeline/venv/lib/python3.9/site-packages/airflow/example_dags/example_branch_python_dop_operator_3.py took 0.119 seconds
[2025-04-21T17:05:58.105-0400] {processor.py:161} INFO - Started process (PID=85381) to work on /Users/gaurav/Documents/Breast-Cancer-ML-Pipeline/venv/lib/python3.9/site-packages/airflow/example_dags/example_branch_python_dop_operator_3.py
[2025-04-21T17:05:58.107-0400] {processor.py:830} INFO - Processing file /Users/gaurav/Documents/Breast-Cancer-ML-Pipeline/venv/lib/python3.9/site-packages/airflow/example_dags/example_branch_python_dop_operator_3.py for tasks to queue
[2025-04-21T17:05:58.108-0400] {logging_mixin.py:188} INFO - [2025-04-21T17:05:58.108-0400] {dagbag.py:538} INFO - Filling up the DagBag from /Users/gaurav/Documents/Breast-Cancer-ML-Pipeline/venv/lib/python3.9/site-packages/airflow/example_dags/example_branch_python_dop_operator_3.py
[2025-04-21T17:05:58.137-0400] {processor.py:840} INFO - DAG(s) 'example_branch_dop_operator_v3' retrieved from /Users/gaurav/Documents/Breast-Cancer-ML-Pipeline/venv/lib/python3.9/site-packages/airflow/example_dags/example_branch_python_dop_operator_3.py
[2025-04-21T17:05:58.199-0400] {logging_mixin.py:188} INFO - [2025-04-21T17:05:58.199-0400] {dag.py:3036} INFO - Sync 1 DAGs
[2025-04-21T17:05:58.214-0400] {logging_mixin.py:188} INFO - [2025-04-21T17:05:58.214-0400] {dag.py:3823} INFO - Setting next_dagrun for example_branch_dop_operator_v3 to 2025-04-21 21:04:00+00:00, run_after=2025-04-21 21:05:00+00:00
[2025-04-21T17:05:58.227-0400] {processor.py:183} INFO - Processing /Users/gaurav/Documents/Breast-Cancer-ML-Pipeline/venv/lib/python3.9/site-packages/airflow/example_dags/example_branch_python_dop_operator_3.py took 0.122 seconds
[2025-04-21T17:07:09.707-0400] {processor.py:161} INFO - Started process (PID=85473) to work on /Users/gaurav/Documents/Breast-Cancer-ML-Pipeline/venv/lib/python3.9/site-packages/airflow/example_dags/example_branch_python_dop_operator_3.py
[2025-04-21T17:07:09.709-0400] {processor.py:830} INFO - Processing file /Users/gaurav/Documents/Breast-Cancer-ML-Pipeline/venv/lib/python3.9/site-packages/airflow/example_dags/example_branch_python_dop_operator_3.py for tasks to queue
[2025-04-21T17:07:09.710-0400] {logging_mixin.py:188} INFO - [2025-04-21T17:07:09.710-0400] {dagbag.py:538} INFO - Filling up the DagBag from /Users/gaurav/Documents/Breast-Cancer-ML-Pipeline/venv/lib/python3.9/site-packages/airflow/example_dags/example_branch_python_dop_operator_3.py
[2025-04-21T17:07:09.738-0400] {processor.py:840} INFO - DAG(s) 'example_branch_dop_operator_v3' retrieved from /Users/gaurav/Documents/Breast-Cancer-ML-Pipeline/venv/lib/python3.9/site-packages/airflow/example_dags/example_branch_python_dop_operator_3.py
[2025-04-21T17:07:09.801-0400] {logging_mixin.py:188} INFO - [2025-04-21T17:07:09.800-0400] {dag.py:3036} INFO - Sync 1 DAGs
[2025-04-21T17:07:09.816-0400] {logging_mixin.py:188} INFO - [2025-04-21T17:07:09.816-0400] {dag.py:3823} INFO - Setting next_dagrun for example_branch_dop_operator_v3 to 2025-04-21 21:06:00+00:00, run_after=2025-04-21 21:07:00+00:00
[2025-04-21T17:07:09.829-0400] {processor.py:183} INFO - Processing /Users/gaurav/Documents/Breast-Cancer-ML-Pipeline/venv/lib/python3.9/site-packages/airflow/example_dags/example_branch_python_dop_operator_3.py took 0.122 seconds
[2025-04-21T17:08:23.216-0400] {processor.py:161} INFO - Started process (PID=85555) to work on /Users/gaurav/Documents/Breast-Cancer-ML-Pipeline/venv/lib/python3.9/site-packages/airflow/example_dags/example_branch_python_dop_operator_3.py
[2025-04-21T17:08:23.218-0400] {processor.py:830} INFO - Processing file /Users/gaurav/Documents/Breast-Cancer-ML-Pipeline/venv/lib/python3.9/site-packages/airflow/example_dags/example_branch_python_dop_operator_3.py for tasks to queue
[2025-04-21T17:08:23.218-0400] {logging_mixin.py:188} INFO - [2025-04-21T17:08:23.218-0400] {dagbag.py:538} INFO - Filling up the DagBag from /Users/gaurav/Documents/Breast-Cancer-ML-Pipeline/venv/lib/python3.9/site-packages/airflow/example_dags/example_branch_python_dop_operator_3.py
[2025-04-21T17:08:23.246-0400] {processor.py:840} INFO - DAG(s) 'example_branch_dop_operator_v3' retrieved from /Users/gaurav/Documents/Breast-Cancer-ML-Pipeline/venv/lib/python3.9/site-packages/airflow/example_dags/example_branch_python_dop_operator_3.py
[2025-04-21T17:08:23.307-0400] {logging_mixin.py:188} INFO - [2025-04-21T17:08:23.307-0400] {dag.py:3036} INFO - Sync 1 DAGs
[2025-04-21T17:08:23.321-0400] {logging_mixin.py:188} INFO - [2025-04-21T17:08:23.321-0400] {dag.py:3823} INFO - Setting next_dagrun for example_branch_dop_operator_v3 to 2025-04-21 21:07:00+00:00, run_after=2025-04-21 21:08:00+00:00
[2025-04-21T17:08:23.333-0400] {processor.py:183} INFO - Processing /Users/gaurav/Documents/Breast-Cancer-ML-Pipeline/venv/lib/python3.9/site-packages/airflow/example_dags/example_branch_python_dop_operator_3.py took 0.118 seconds
[2025-04-21T17:09:36.454-0400] {processor.py:161} INFO - Started process (PID=85633) to work on /Users/gaurav/Documents/Breast-Cancer-ML-Pipeline/venv/lib/python3.9/site-packages/airflow/example_dags/example_branch_python_dop_operator_3.py
[2025-04-21T17:09:36.457-0400] {processor.py:830} INFO - Processing file /Users/gaurav/Documents/Breast-Cancer-ML-Pipeline/venv/lib/python3.9/site-packages/airflow/example_dags/example_branch_python_dop_operator_3.py for tasks to queue
[2025-04-21T17:09:36.457-0400] {logging_mixin.py:188} INFO - [2025-04-21T17:09:36.457-0400] {dagbag.py:538} INFO - Filling up the DagBag from /Users/gaurav/Documents/Breast-Cancer-ML-Pipeline/venv/lib/python3.9/site-packages/airflow/example_dags/example_branch_python_dop_operator_3.py
[2025-04-21T17:09:36.483-0400] {processor.py:840} INFO - DAG(s) 'example_branch_dop_operator_v3' retrieved from /Users/gaurav/Documents/Breast-Cancer-ML-Pipeline/venv/lib/python3.9/site-packages/airflow/example_dags/example_branch_python_dop_operator_3.py
[2025-04-21T17:09:36.545-0400] {logging_mixin.py:188} INFO - [2025-04-21T17:09:36.545-0400] {dag.py:3036} INFO - Sync 1 DAGs
[2025-04-21T17:09:36.560-0400] {logging_mixin.py:188} INFO - [2025-04-21T17:09:36.560-0400] {dag.py:3823} INFO - Setting next_dagrun for example_branch_dop_operator_v3 to 2025-04-21 21:08:00+00:00, run_after=2025-04-21 21:09:00+00:00
[2025-04-21T17:09:36.575-0400] {processor.py:183} INFO - Processing /Users/gaurav/Documents/Breast-Cancer-ML-Pipeline/venv/lib/python3.9/site-packages/airflow/example_dags/example_branch_python_dop_operator_3.py took 0.121 seconds
[2025-04-21T17:10:50.011-0400] {processor.py:161} INFO - Started process (PID=85713) to work on /Users/gaurav/Documents/Breast-Cancer-ML-Pipeline/venv/lib/python3.9/site-packages/airflow/example_dags/example_branch_python_dop_operator_3.py
[2025-04-21T17:10:50.012-0400] {processor.py:830} INFO - Processing file /Users/gaurav/Documents/Breast-Cancer-ML-Pipeline/venv/lib/python3.9/site-packages/airflow/example_dags/example_branch_python_dop_operator_3.py for tasks to queue
[2025-04-21T17:10:50.012-0400] {logging_mixin.py:188} INFO - [2025-04-21T17:10:50.012-0400] {dagbag.py:538} INFO - Filling up the DagBag from /Users/gaurav/Documents/Breast-Cancer-ML-Pipeline/venv/lib/python3.9/site-packages/airflow/example_dags/example_branch_python_dop_operator_3.py
[2025-04-21T17:10:50.040-0400] {processor.py:840} INFO - DAG(s) 'example_branch_dop_operator_v3' retrieved from /Users/gaurav/Documents/Breast-Cancer-ML-Pipeline/venv/lib/python3.9/site-packages/airflow/example_dags/example_branch_python_dop_operator_3.py
[2025-04-21T17:10:50.105-0400] {logging_mixin.py:188} INFO - [2025-04-21T17:10:50.104-0400] {dag.py:3036} INFO - Sync 1 DAGs
[2025-04-21T17:10:50.120-0400] {logging_mixin.py:188} INFO - [2025-04-21T17:10:50.120-0400] {dag.py:3823} INFO - Setting next_dagrun for example_branch_dop_operator_v3 to 2025-04-21 21:09:00+00:00, run_after=2025-04-21 21:10:00+00:00
[2025-04-21T17:10:50.132-0400] {processor.py:183} INFO - Processing /Users/gaurav/Documents/Breast-Cancer-ML-Pipeline/venv/lib/python3.9/site-packages/airflow/example_dags/example_branch_python_dop_operator_3.py took 0.122 seconds
[2025-04-21T17:12:03.561-0400] {processor.py:161} INFO - Started process (PID=85809) to work on /Users/gaurav/Documents/Breast-Cancer-ML-Pipeline/venv/lib/python3.9/site-packages/airflow/example_dags/example_branch_python_dop_operator_3.py
[2025-04-21T17:12:03.563-0400] {processor.py:830} INFO - Processing file /Users/gaurav/Documents/Breast-Cancer-ML-Pipeline/venv/lib/python3.9/site-packages/airflow/example_dags/example_branch_python_dop_operator_3.py for tasks to queue
[2025-04-21T17:12:03.564-0400] {logging_mixin.py:188} INFO - [2025-04-21T17:12:03.564-0400] {dagbag.py:538} INFO - Filling up the DagBag from /Users/gaurav/Documents/Breast-Cancer-ML-Pipeline/venv/lib/python3.9/site-packages/airflow/example_dags/example_branch_python_dop_operator_3.py
[2025-04-21T17:12:03.592-0400] {processor.py:840} INFO - DAG(s) 'example_branch_dop_operator_v3' retrieved from /Users/gaurav/Documents/Breast-Cancer-ML-Pipeline/venv/lib/python3.9/site-packages/airflow/example_dags/example_branch_python_dop_operator_3.py
[2025-04-21T17:12:03.654-0400] {logging_mixin.py:188} INFO - [2025-04-21T17:12:03.654-0400] {dag.py:3036} INFO - Sync 1 DAGs
[2025-04-21T17:12:03.669-0400] {logging_mixin.py:188} INFO - [2025-04-21T17:12:03.669-0400] {dag.py:3823} INFO - Setting next_dagrun for example_branch_dop_operator_v3 to 2025-04-21 21:11:00+00:00, run_after=2025-04-21 21:12:00+00:00
[2025-04-21T17:12:03.681-0400] {processor.py:183} INFO - Processing /Users/gaurav/Documents/Breast-Cancer-ML-Pipeline/venv/lib/python3.9/site-packages/airflow/example_dags/example_branch_python_dop_operator_3.py took 0.121 seconds
[2025-04-21T17:13:17.184-0400] {processor.py:161} INFO - Started process (PID=85886) to work on /Users/gaurav/Documents/Breast-Cancer-ML-Pipeline/venv/lib/python3.9/site-packages/airflow/example_dags/example_branch_python_dop_operator_3.py
[2025-04-21T17:13:17.185-0400] {processor.py:830} INFO - Processing file /Users/gaurav/Documents/Breast-Cancer-ML-Pipeline/venv/lib/python3.9/site-packages/airflow/example_dags/example_branch_python_dop_operator_3.py for tasks to queue
[2025-04-21T17:13:17.186-0400] {logging_mixin.py:188} INFO - [2025-04-21T17:13:17.186-0400] {dagbag.py:538} INFO - Filling up the DagBag from /Users/gaurav/Documents/Breast-Cancer-ML-Pipeline/venv/lib/python3.9/site-packages/airflow/example_dags/example_branch_python_dop_operator_3.py
[2025-04-21T17:13:17.213-0400] {processor.py:840} INFO - DAG(s) 'example_branch_dop_operator_v3' retrieved from /Users/gaurav/Documents/Breast-Cancer-ML-Pipeline/venv/lib/python3.9/site-packages/airflow/example_dags/example_branch_python_dop_operator_3.py
[2025-04-21T17:13:17.277-0400] {logging_mixin.py:188} INFO - [2025-04-21T17:13:17.277-0400] {dag.py:3036} INFO - Sync 1 DAGs
[2025-04-21T17:13:17.293-0400] {logging_mixin.py:188} INFO - [2025-04-21T17:13:17.293-0400] {dag.py:3823} INFO - Setting next_dagrun for example_branch_dop_operator_v3 to 2025-04-21 21:12:00+00:00, run_after=2025-04-21 21:13:00+00:00
[2025-04-21T17:13:17.306-0400] {processor.py:183} INFO - Processing /Users/gaurav/Documents/Breast-Cancer-ML-Pipeline/venv/lib/python3.9/site-packages/airflow/example_dags/example_branch_python_dop_operator_3.py took 0.122 seconds
[2025-04-21T17:14:31.900-0400] {processor.py:161} INFO - Started process (PID=85986) to work on /Users/gaurav/Documents/Breast-Cancer-ML-Pipeline/venv/lib/python3.9/site-packages/airflow/example_dags/example_branch_python_dop_operator_3.py
[2025-04-21T17:14:31.902-0400] {processor.py:830} INFO - Processing file /Users/gaurav/Documents/Breast-Cancer-ML-Pipeline/venv/lib/python3.9/site-packages/airflow/example_dags/example_branch_python_dop_operator_3.py for tasks to queue
[2025-04-21T17:14:31.903-0400] {logging_mixin.py:188} INFO - [2025-04-21T17:14:31.903-0400] {dagbag.py:538} INFO - Filling up the DagBag from /Users/gaurav/Documents/Breast-Cancer-ML-Pipeline/venv/lib/python3.9/site-packages/airflow/example_dags/example_branch_python_dop_operator_3.py
[2025-04-21T17:14:31.930-0400] {processor.py:840} INFO - DAG(s) 'example_branch_dop_operator_v3' retrieved from /Users/gaurav/Documents/Breast-Cancer-ML-Pipeline/venv/lib/python3.9/site-packages/airflow/example_dags/example_branch_python_dop_operator_3.py
[2025-04-21T17:14:31.992-0400] {logging_mixin.py:188} INFO - [2025-04-21T17:14:31.992-0400] {dag.py:3036} INFO - Sync 1 DAGs
[2025-04-21T17:14:32.008-0400] {logging_mixin.py:188} INFO - [2025-04-21T17:14:32.008-0400] {dag.py:3823} INFO - Setting next_dagrun for example_branch_dop_operator_v3 to 2025-04-21 21:13:00+00:00, run_after=2025-04-21 21:14:00+00:00
[2025-04-21T17:14:32.020-0400] {processor.py:183} INFO - Processing /Users/gaurav/Documents/Breast-Cancer-ML-Pipeline/venv/lib/python3.9/site-packages/airflow/example_dags/example_branch_python_dop_operator_3.py took 0.121 seconds
[2025-04-21T17:15:43.882-0400] {processor.py:161} INFO - Started process (PID=86075) to work on /Users/gaurav/Documents/Breast-Cancer-ML-Pipeline/venv/lib/python3.9/site-packages/airflow/example_dags/example_branch_python_dop_operator_3.py
[2025-04-21T17:15:43.883-0400] {processor.py:830} INFO - Processing file /Users/gaurav/Documents/Breast-Cancer-ML-Pipeline/venv/lib/python3.9/site-packages/airflow/example_dags/example_branch_python_dop_operator_3.py for tasks to queue
[2025-04-21T17:15:43.883-0400] {logging_mixin.py:188} INFO - [2025-04-21T17:15:43.883-0400] {dagbag.py:538} INFO - Filling up the DagBag from /Users/gaurav/Documents/Breast-Cancer-ML-Pipeline/venv/lib/python3.9/site-packages/airflow/example_dags/example_branch_python_dop_operator_3.py
[2025-04-21T17:15:43.910-0400] {processor.py:840} INFO - DAG(s) 'example_branch_dop_operator_v3' retrieved from /Users/gaurav/Documents/Breast-Cancer-ML-Pipeline/venv/lib/python3.9/site-packages/airflow/example_dags/example_branch_python_dop_operator_3.py
[2025-04-21T17:15:43.971-0400] {logging_mixin.py:188} INFO - [2025-04-21T17:15:43.971-0400] {dag.py:3036} INFO - Sync 1 DAGs
[2025-04-21T17:15:43.986-0400] {logging_mixin.py:188} INFO - [2025-04-21T17:15:43.986-0400] {dag.py:3823} INFO - Setting next_dagrun for example_branch_dop_operator_v3 to 2025-04-21 21:14:00+00:00, run_after=2025-04-21 21:15:00+00:00
[2025-04-21T17:15:43.999-0400] {processor.py:183} INFO - Processing /Users/gaurav/Documents/Breast-Cancer-ML-Pipeline/venv/lib/python3.9/site-packages/airflow/example_dags/example_branch_python_dop_operator_3.py took 0.118 seconds
[2025-04-21T17:16:57.362-0400] {processor.py:161} INFO - Started process (PID=86162) to work on /Users/gaurav/Documents/Breast-Cancer-ML-Pipeline/venv/lib/python3.9/site-packages/airflow/example_dags/example_branch_python_dop_operator_3.py
[2025-04-21T17:16:57.364-0400] {processor.py:830} INFO - Processing file /Users/gaurav/Documents/Breast-Cancer-ML-Pipeline/venv/lib/python3.9/site-packages/airflow/example_dags/example_branch_python_dop_operator_3.py for tasks to queue
[2025-04-21T17:16:57.365-0400] {logging_mixin.py:188} INFO - [2025-04-21T17:16:57.364-0400] {dagbag.py:538} INFO - Filling up the DagBag from /Users/gaurav/Documents/Breast-Cancer-ML-Pipeline/venv/lib/python3.9/site-packages/airflow/example_dags/example_branch_python_dop_operator_3.py
[2025-04-21T17:16:57.393-0400] {processor.py:840} INFO - DAG(s) 'example_branch_dop_operator_v3' retrieved from /Users/gaurav/Documents/Breast-Cancer-ML-Pipeline/venv/lib/python3.9/site-packages/airflow/example_dags/example_branch_python_dop_operator_3.py
[2025-04-21T17:16:57.459-0400] {logging_mixin.py:188} INFO - [2025-04-21T17:16:57.458-0400] {dag.py:3036} INFO - Sync 1 DAGs
[2025-04-21T17:16:57.473-0400] {logging_mixin.py:188} INFO - [2025-04-21T17:16:57.473-0400] {dag.py:3823} INFO - Setting next_dagrun for example_branch_dop_operator_v3 to 2025-04-21 21:15:00+00:00, run_after=2025-04-21 21:16:00+00:00
[2025-04-21T17:16:57.487-0400] {processor.py:183} INFO - Processing /Users/gaurav/Documents/Breast-Cancer-ML-Pipeline/venv/lib/python3.9/site-packages/airflow/example_dags/example_branch_python_dop_operator_3.py took 0.125 seconds
[2025-04-21T17:18:11.950-0400] {processor.py:161} INFO - Started process (PID=86259) to work on /Users/gaurav/Documents/Breast-Cancer-ML-Pipeline/venv/lib/python3.9/site-packages/airflow/example_dags/example_branch_python_dop_operator_3.py
[2025-04-21T17:18:11.951-0400] {processor.py:830} INFO - Processing file /Users/gaurav/Documents/Breast-Cancer-ML-Pipeline/venv/lib/python3.9/site-packages/airflow/example_dags/example_branch_python_dop_operator_3.py for tasks to queue
[2025-04-21T17:18:11.952-0400] {logging_mixin.py:188} INFO - [2025-04-21T17:18:11.952-0400] {dagbag.py:538} INFO - Filling up the DagBag from /Users/gaurav/Documents/Breast-Cancer-ML-Pipeline/venv/lib/python3.9/site-packages/airflow/example_dags/example_branch_python_dop_operator_3.py
[2025-04-21T17:18:11.979-0400] {processor.py:840} INFO - DAG(s) 'example_branch_dop_operator_v3' retrieved from /Users/gaurav/Documents/Breast-Cancer-ML-Pipeline/venv/lib/python3.9/site-packages/airflow/example_dags/example_branch_python_dop_operator_3.py
[2025-04-21T17:18:12.042-0400] {logging_mixin.py:188} INFO - [2025-04-21T17:18:12.042-0400] {dag.py:3036} INFO - Sync 1 DAGs
[2025-04-21T17:18:12.056-0400] {logging_mixin.py:188} INFO - [2025-04-21T17:18:12.056-0400] {dag.py:3823} INFO - Setting next_dagrun for example_branch_dop_operator_v3 to 2025-04-21 21:17:00+00:00, run_after=2025-04-21 21:18:00+00:00
[2025-04-21T17:18:12.071-0400] {processor.py:183} INFO - Processing /Users/gaurav/Documents/Breast-Cancer-ML-Pipeline/venv/lib/python3.9/site-packages/airflow/example_dags/example_branch_python_dop_operator_3.py took 0.122 seconds
[2025-04-21T17:19:28.461-0400] {processor.py:161} INFO - Started process (PID=86357) to work on /Users/gaurav/Documents/Breast-Cancer-ML-Pipeline/venv/lib/python3.9/site-packages/airflow/example_dags/example_branch_python_dop_operator_3.py
[2025-04-21T17:19:28.463-0400] {processor.py:830} INFO - Processing file /Users/gaurav/Documents/Breast-Cancer-ML-Pipeline/venv/lib/python3.9/site-packages/airflow/example_dags/example_branch_python_dop_operator_3.py for tasks to queue
[2025-04-21T17:19:28.463-0400] {logging_mixin.py:188} INFO - [2025-04-21T17:19:28.463-0400] {dagbag.py:538} INFO - Filling up the DagBag from /Users/gaurav/Documents/Breast-Cancer-ML-Pipeline/venv/lib/python3.9/site-packages/airflow/example_dags/example_branch_python_dop_operator_3.py
[2025-04-21T17:19:28.491-0400] {processor.py:840} INFO - DAG(s) 'example_branch_dop_operator_v3' retrieved from /Users/gaurav/Documents/Breast-Cancer-ML-Pipeline/venv/lib/python3.9/site-packages/airflow/example_dags/example_branch_python_dop_operator_3.py
[2025-04-21T17:19:28.554-0400] {logging_mixin.py:188} INFO - [2025-04-21T17:19:28.554-0400] {dag.py:3036} INFO - Sync 1 DAGs
[2025-04-21T17:19:28.569-0400] {logging_mixin.py:188} INFO - [2025-04-21T17:19:28.568-0400] {dag.py:3823} INFO - Setting next_dagrun for example_branch_dop_operator_v3 to 2025-04-21 21:18:00+00:00, run_after=2025-04-21 21:19:00+00:00
[2025-04-21T17:19:28.581-0400] {processor.py:183} INFO - Processing /Users/gaurav/Documents/Breast-Cancer-ML-Pipeline/venv/lib/python3.9/site-packages/airflow/example_dags/example_branch_python_dop_operator_3.py took 0.121 seconds
[2025-04-21T17:22:32.618-0400] {processor.py:161} INFO - Started process (PID=86550) to work on /Users/gaurav/Documents/Breast-Cancer-ML-Pipeline/venv/lib/python3.9/site-packages/airflow/example_dags/example_branch_python_dop_operator_3.py
[2025-04-21T17:22:32.621-0400] {processor.py:830} INFO - Processing file /Users/gaurav/Documents/Breast-Cancer-ML-Pipeline/venv/lib/python3.9/site-packages/airflow/example_dags/example_branch_python_dop_operator_3.py for tasks to queue
[2025-04-21T17:22:32.622-0400] {logging_mixin.py:188} INFO - [2025-04-21T17:22:32.621-0400] {dagbag.py:538} INFO - Filling up the DagBag from /Users/gaurav/Documents/Breast-Cancer-ML-Pipeline/venv/lib/python3.9/site-packages/airflow/example_dags/example_branch_python_dop_operator_3.py
[2025-04-21T17:22:32.649-0400] {processor.py:840} INFO - DAG(s) 'example_branch_dop_operator_v3' retrieved from /Users/gaurav/Documents/Breast-Cancer-ML-Pipeline/venv/lib/python3.9/site-packages/airflow/example_dags/example_branch_python_dop_operator_3.py
[2025-04-21T17:22:32.767-0400] {logging_mixin.py:188} INFO - [2025-04-21T17:22:32.767-0400] {dag.py:3036} INFO - Sync 1 DAGs
[2025-04-21T17:22:32.781-0400] {logging_mixin.py:188} INFO - [2025-04-21T17:22:32.781-0400] {dag.py:3823} INFO - Setting next_dagrun for example_branch_dop_operator_v3 to 2025-04-21 21:21:00+00:00, run_after=2025-04-21 21:22:00+00:00
[2025-04-21T17:22:32.794-0400] {processor.py:183} INFO - Processing /Users/gaurav/Documents/Breast-Cancer-ML-Pipeline/venv/lib/python3.9/site-packages/airflow/example_dags/example_branch_python_dop_operator_3.py took 0.176 seconds
[2025-04-21T17:24:04.003-0400] {processor.py:161} INFO - Started process (PID=86660) to work on /Users/gaurav/Documents/Breast-Cancer-ML-Pipeline/venv/lib/python3.9/site-packages/airflow/example_dags/example_branch_python_dop_operator_3.py
[2025-04-21T17:24:04.005-0400] {processor.py:830} INFO - Processing file /Users/gaurav/Documents/Breast-Cancer-ML-Pipeline/venv/lib/python3.9/site-packages/airflow/example_dags/example_branch_python_dop_operator_3.py for tasks to queue
[2025-04-21T17:24:04.006-0400] {logging_mixin.py:188} INFO - [2025-04-21T17:24:04.005-0400] {dagbag.py:538} INFO - Filling up the DagBag from /Users/gaurav/Documents/Breast-Cancer-ML-Pipeline/venv/lib/python3.9/site-packages/airflow/example_dags/example_branch_python_dop_operator_3.py
[2025-04-21T17:24:04.034-0400] {processor.py:840} INFO - DAG(s) 'example_branch_dop_operator_v3' retrieved from /Users/gaurav/Documents/Breast-Cancer-ML-Pipeline/venv/lib/python3.9/site-packages/airflow/example_dags/example_branch_python_dop_operator_3.py
[2025-04-21T17:24:04.096-0400] {logging_mixin.py:188} INFO - [2025-04-21T17:24:04.096-0400] {dag.py:3036} INFO - Sync 1 DAGs
[2025-04-21T17:24:04.111-0400] {logging_mixin.py:188} INFO - [2025-04-21T17:24:04.111-0400] {dag.py:3823} INFO - Setting next_dagrun for example_branch_dop_operator_v3 to 2025-04-21 21:23:00+00:00, run_after=2025-04-21 21:24:00+00:00
[2025-04-21T17:24:04.124-0400] {processor.py:183} INFO - Processing /Users/gaurav/Documents/Breast-Cancer-ML-Pipeline/venv/lib/python3.9/site-packages/airflow/example_dags/example_branch_python_dop_operator_3.py took 0.122 seconds
[2025-04-21T17:25:20.963-0400] {processor.py:161} INFO - Started process (PID=86739) to work on /Users/gaurav/Documents/Breast-Cancer-ML-Pipeline/venv/lib/python3.9/site-packages/airflow/example_dags/example_branch_python_dop_operator_3.py
[2025-04-21T17:25:20.965-0400] {processor.py:830} INFO - Processing file /Users/gaurav/Documents/Breast-Cancer-ML-Pipeline/venv/lib/python3.9/site-packages/airflow/example_dags/example_branch_python_dop_operator_3.py for tasks to queue
[2025-04-21T17:25:20.966-0400] {logging_mixin.py:188} INFO - [2025-04-21T17:25:20.966-0400] {dagbag.py:538} INFO - Filling up the DagBag from /Users/gaurav/Documents/Breast-Cancer-ML-Pipeline/venv/lib/python3.9/site-packages/airflow/example_dags/example_branch_python_dop_operator_3.py
[2025-04-21T17:25:20.996-0400] {processor.py:840} INFO - DAG(s) 'example_branch_dop_operator_v3' retrieved from /Users/gaurav/Documents/Breast-Cancer-ML-Pipeline/venv/lib/python3.9/site-packages/airflow/example_dags/example_branch_python_dop_operator_3.py
[2025-04-21T17:25:21.066-0400] {logging_mixin.py:188} INFO - [2025-04-21T17:25:21.066-0400] {dag.py:3036} INFO - Sync 1 DAGs
[2025-04-21T17:25:21.082-0400] {logging_mixin.py:188} INFO - [2025-04-21T17:25:21.082-0400] {dag.py:3823} INFO - Setting next_dagrun for example_branch_dop_operator_v3 to 2025-04-21 21:24:00+00:00, run_after=2025-04-21 21:25:00+00:00
[2025-04-21T17:25:21.097-0400] {processor.py:183} INFO - Processing /Users/gaurav/Documents/Breast-Cancer-ML-Pipeline/venv/lib/python3.9/site-packages/airflow/example_dags/example_branch_python_dop_operator_3.py took 0.135 seconds
[2025-04-21T17:26:36.613-0400] {processor.py:161} INFO - Started process (PID=86855) to work on /Users/gaurav/Documents/Breast-Cancer-ML-Pipeline/venv/lib/python3.9/site-packages/airflow/example_dags/example_branch_python_dop_operator_3.py
[2025-04-21T17:26:36.614-0400] {processor.py:830} INFO - Processing file /Users/gaurav/Documents/Breast-Cancer-ML-Pipeline/venv/lib/python3.9/site-packages/airflow/example_dags/example_branch_python_dop_operator_3.py for tasks to queue
[2025-04-21T17:26:36.615-0400] {logging_mixin.py:188} INFO - [2025-04-21T17:26:36.615-0400] {dagbag.py:538} INFO - Filling up the DagBag from /Users/gaurav/Documents/Breast-Cancer-ML-Pipeline/venv/lib/python3.9/site-packages/airflow/example_dags/example_branch_python_dop_operator_3.py
[2025-04-21T17:26:36.641-0400] {processor.py:840} INFO - DAG(s) 'example_branch_dop_operator_v3' retrieved from /Users/gaurav/Documents/Breast-Cancer-ML-Pipeline/venv/lib/python3.9/site-packages/airflow/example_dags/example_branch_python_dop_operator_3.py
[2025-04-21T17:26:36.702-0400] {logging_mixin.py:188} INFO - [2025-04-21T17:26:36.702-0400] {dag.py:3036} INFO - Sync 1 DAGs
[2025-04-21T17:26:36.717-0400] {logging_mixin.py:188} INFO - [2025-04-21T17:26:36.716-0400] {dag.py:3823} INFO - Setting next_dagrun for example_branch_dop_operator_v3 to 2025-04-21 21:25:00+00:00, run_after=2025-04-21 21:26:00+00:00
[2025-04-21T17:26:36.729-0400] {processor.py:183} INFO - Processing /Users/gaurav/Documents/Breast-Cancer-ML-Pipeline/venv/lib/python3.9/site-packages/airflow/example_dags/example_branch_python_dop_operator_3.py took 0.117 seconds
[2025-04-21T17:28:50.921-0400] {processor.py:161} INFO - Started process (PID=87066) to work on /Users/gaurav/Documents/Breast-Cancer-ML-Pipeline/venv/lib/python3.9/site-packages/airflow/example_dags/example_branch_python_dop_operator_3.py
[2025-04-21T17:28:50.922-0400] {processor.py:830} INFO - Processing file /Users/gaurav/Documents/Breast-Cancer-ML-Pipeline/venv/lib/python3.9/site-packages/airflow/example_dags/example_branch_python_dop_operator_3.py for tasks to queue
[2025-04-21T17:28:50.923-0400] {logging_mixin.py:188} INFO - [2025-04-21T17:28:50.923-0400] {dagbag.py:538} INFO - Filling up the DagBag from /Users/gaurav/Documents/Breast-Cancer-ML-Pipeline/venv/lib/python3.9/site-packages/airflow/example_dags/example_branch_python_dop_operator_3.py
[2025-04-21T17:28:50.949-0400] {processor.py:840} INFO - DAG(s) 'example_branch_dop_operator_v3' retrieved from /Users/gaurav/Documents/Breast-Cancer-ML-Pipeline/venv/lib/python3.9/site-packages/airflow/example_dags/example_branch_python_dop_operator_3.py
[2025-04-21T17:28:51.011-0400] {logging_mixin.py:188} INFO - [2025-04-21T17:28:51.011-0400] {dag.py:3036} INFO - Sync 1 DAGs
[2025-04-21T17:28:51.025-0400] {logging_mixin.py:188} INFO - [2025-04-21T17:28:51.025-0400] {dag.py:3823} INFO - Setting next_dagrun for example_branch_dop_operator_v3 to 2025-04-21 21:27:00+00:00, run_after=2025-04-21 21:28:00+00:00
[2025-04-21T17:28:51.038-0400] {processor.py:183} INFO - Processing /Users/gaurav/Documents/Breast-Cancer-ML-Pipeline/venv/lib/python3.9/site-packages/airflow/example_dags/example_branch_python_dop_operator_3.py took 0.118 seconds
[2025-04-21T17:30:18.794-0400] {processor.py:161} INFO - Started process (PID=87169) to work on /Users/gaurav/Documents/Breast-Cancer-ML-Pipeline/venv/lib/python3.9/site-packages/airflow/example_dags/example_branch_python_dop_operator_3.py
[2025-04-21T17:30:18.795-0400] {processor.py:830} INFO - Processing file /Users/gaurav/Documents/Breast-Cancer-ML-Pipeline/venv/lib/python3.9/site-packages/airflow/example_dags/example_branch_python_dop_operator_3.py for tasks to queue
[2025-04-21T17:30:18.796-0400] {logging_mixin.py:188} INFO - [2025-04-21T17:30:18.796-0400] {dagbag.py:538} INFO - Filling up the DagBag from /Users/gaurav/Documents/Breast-Cancer-ML-Pipeline/venv/lib/python3.9/site-packages/airflow/example_dags/example_branch_python_dop_operator_3.py
[2025-04-21T17:30:18.823-0400] {processor.py:840} INFO - DAG(s) 'example_branch_dop_operator_v3' retrieved from /Users/gaurav/Documents/Breast-Cancer-ML-Pipeline/venv/lib/python3.9/site-packages/airflow/example_dags/example_branch_python_dop_operator_3.py
[2025-04-21T17:30:18.886-0400] {logging_mixin.py:188} INFO - [2025-04-21T17:30:18.886-0400] {dag.py:3036} INFO - Sync 1 DAGs
[2025-04-21T17:30:18.901-0400] {logging_mixin.py:188} INFO - [2025-04-21T17:30:18.901-0400] {dag.py:3823} INFO - Setting next_dagrun for example_branch_dop_operator_v3 to 2025-04-21 21:29:00+00:00, run_after=2025-04-21 21:30:00+00:00
[2025-04-21T17:30:18.914-0400] {processor.py:183} INFO - Processing /Users/gaurav/Documents/Breast-Cancer-ML-Pipeline/venv/lib/python3.9/site-packages/airflow/example_dags/example_branch_python_dop_operator_3.py took 0.121 seconds
[2025-04-21T17:31:34.546-0400] {processor.py:161} INFO - Started process (PID=87255) to work on /Users/gaurav/Documents/Breast-Cancer-ML-Pipeline/venv/lib/python3.9/site-packages/airflow/example_dags/example_branch_python_dop_operator_3.py
[2025-04-21T17:31:34.548-0400] {processor.py:830} INFO - Processing file /Users/gaurav/Documents/Breast-Cancer-ML-Pipeline/venv/lib/python3.9/site-packages/airflow/example_dags/example_branch_python_dop_operator_3.py for tasks to queue
[2025-04-21T17:31:34.549-0400] {logging_mixin.py:188} INFO - [2025-04-21T17:31:34.549-0400] {dagbag.py:538} INFO - Filling up the DagBag from /Users/gaurav/Documents/Breast-Cancer-ML-Pipeline/venv/lib/python3.9/site-packages/airflow/example_dags/example_branch_python_dop_operator_3.py
[2025-04-21T17:31:34.576-0400] {processor.py:840} INFO - DAG(s) 'example_branch_dop_operator_v3' retrieved from /Users/gaurav/Documents/Breast-Cancer-ML-Pipeline/venv/lib/python3.9/site-packages/airflow/example_dags/example_branch_python_dop_operator_3.py
[2025-04-21T17:31:34.638-0400] {logging_mixin.py:188} INFO - [2025-04-21T17:31:34.638-0400] {dag.py:3036} INFO - Sync 1 DAGs
[2025-04-21T17:31:34.653-0400] {logging_mixin.py:188} INFO - [2025-04-21T17:31:34.653-0400] {dag.py:3823} INFO - Setting next_dagrun for example_branch_dop_operator_v3 to 2025-04-21 21:30:00+00:00, run_after=2025-04-21 21:31:00+00:00
[2025-04-21T17:31:34.666-0400] {processor.py:183} INFO - Processing /Users/gaurav/Documents/Breast-Cancer-ML-Pipeline/venv/lib/python3.9/site-packages/airflow/example_dags/example_branch_python_dop_operator_3.py took 0.120 seconds
[2025-04-21T17:37:50.419-0400] {processor.py:161} INFO - Started process (PID=87820) to work on /Users/gaurav/Documents/Breast-Cancer-ML-Pipeline/venv/lib/python3.9/site-packages/airflow/example_dags/example_branch_python_dop_operator_3.py
[2025-04-21T17:37:50.420-0400] {processor.py:830} INFO - Processing file /Users/gaurav/Documents/Breast-Cancer-ML-Pipeline/venv/lib/python3.9/site-packages/airflow/example_dags/example_branch_python_dop_operator_3.py for tasks to queue
[2025-04-21T17:37:50.421-0400] {logging_mixin.py:188} INFO - [2025-04-21T17:37:50.421-0400] {dagbag.py:538} INFO - Filling up the DagBag from /Users/gaurav/Documents/Breast-Cancer-ML-Pipeline/venv/lib/python3.9/site-packages/airflow/example_dags/example_branch_python_dop_operator_3.py
[2025-04-21T17:37:50.448-0400] {processor.py:840} INFO - DAG(s) 'example_branch_dop_operator_v3' retrieved from /Users/gaurav/Documents/Breast-Cancer-ML-Pipeline/venv/lib/python3.9/site-packages/airflow/example_dags/example_branch_python_dop_operator_3.py
[2025-04-21T17:37:50.563-0400] {logging_mixin.py:188} INFO - [2025-04-21T17:37:50.562-0400] {dag.py:3036} INFO - Sync 1 DAGs
[2025-04-21T17:37:50.577-0400] {logging_mixin.py:188} INFO - [2025-04-21T17:37:50.577-0400] {dag.py:3823} INFO - Setting next_dagrun for example_branch_dop_operator_v3 to 2025-04-21 21:36:00+00:00, run_after=2025-04-21 21:37:00+00:00
[2025-04-21T17:37:50.589-0400] {processor.py:183} INFO - Processing /Users/gaurav/Documents/Breast-Cancer-ML-Pipeline/venv/lib/python3.9/site-packages/airflow/example_dags/example_branch_python_dop_operator_3.py took 0.171 seconds
[2025-04-21T17:40:23.243-0400] {processor.py:161} INFO - Started process (PID=88021) to work on /Users/gaurav/Documents/Breast-Cancer-ML-Pipeline/venv/lib/python3.9/site-packages/airflow/example_dags/example_branch_python_dop_operator_3.py
[2025-04-21T17:40:23.244-0400] {processor.py:830} INFO - Processing file /Users/gaurav/Documents/Breast-Cancer-ML-Pipeline/venv/lib/python3.9/site-packages/airflow/example_dags/example_branch_python_dop_operator_3.py for tasks to queue
[2025-04-21T17:40:23.245-0400] {logging_mixin.py:188} INFO - [2025-04-21T17:40:23.245-0400] {dagbag.py:538} INFO - Filling up the DagBag from /Users/gaurav/Documents/Breast-Cancer-ML-Pipeline/venv/lib/python3.9/site-packages/airflow/example_dags/example_branch_python_dop_operator_3.py
[2025-04-21T17:40:23.275-0400] {processor.py:840} INFO - DAG(s) 'example_branch_dop_operator_v3' retrieved from /Users/gaurav/Documents/Breast-Cancer-ML-Pipeline/venv/lib/python3.9/site-packages/airflow/example_dags/example_branch_python_dop_operator_3.py
[2025-04-21T17:40:23.338-0400] {logging_mixin.py:188} INFO - [2025-04-21T17:40:23.338-0400] {dag.py:3036} INFO - Sync 1 DAGs
[2025-04-21T17:40:23.353-0400] {logging_mixin.py:188} INFO - [2025-04-21T17:40:23.353-0400] {dag.py:3823} INFO - Setting next_dagrun for example_branch_dop_operator_v3 to 2025-04-21 21:39:00+00:00, run_after=2025-04-21 21:40:00+00:00
[2025-04-21T17:40:23.365-0400] {processor.py:183} INFO - Processing /Users/gaurav/Documents/Breast-Cancer-ML-Pipeline/venv/lib/python3.9/site-packages/airflow/example_dags/example_branch_python_dop_operator_3.py took 0.123 seconds
[2025-04-21T17:42:17.656-0400] {processor.py:161} INFO - Started process (PID=88156) to work on /Users/gaurav/Documents/Breast-Cancer-ML-Pipeline/venv/lib/python3.9/site-packages/airflow/example_dags/example_branch_python_dop_operator_3.py
[2025-04-21T17:42:17.658-0400] {processor.py:830} INFO - Processing file /Users/gaurav/Documents/Breast-Cancer-ML-Pipeline/venv/lib/python3.9/site-packages/airflow/example_dags/example_branch_python_dop_operator_3.py for tasks to queue
[2025-04-21T17:42:17.659-0400] {logging_mixin.py:188} INFO - [2025-04-21T17:42:17.659-0400] {dagbag.py:538} INFO - Filling up the DagBag from /Users/gaurav/Documents/Breast-Cancer-ML-Pipeline/venv/lib/python3.9/site-packages/airflow/example_dags/example_branch_python_dop_operator_3.py
[2025-04-21T17:42:17.685-0400] {processor.py:840} INFO - DAG(s) 'example_branch_dop_operator_v3' retrieved from /Users/gaurav/Documents/Breast-Cancer-ML-Pipeline/venv/lib/python3.9/site-packages/airflow/example_dags/example_branch_python_dop_operator_3.py
[2025-04-21T17:42:17.746-0400] {logging_mixin.py:188} INFO - [2025-04-21T17:42:17.746-0400] {dag.py:3036} INFO - Sync 1 DAGs
[2025-04-21T17:42:17.760-0400] {logging_mixin.py:188} INFO - [2025-04-21T17:42:17.760-0400] {dag.py:3823} INFO - Setting next_dagrun for example_branch_dop_operator_v3 to 2025-04-21 21:41:00+00:00, run_after=2025-04-21 21:42:00+00:00
[2025-04-21T17:42:17.774-0400] {processor.py:183} INFO - Processing /Users/gaurav/Documents/Breast-Cancer-ML-Pipeline/venv/lib/python3.9/site-packages/airflow/example_dags/example_branch_python_dop_operator_3.py took 0.118 seconds
[2025-04-21T17:43:29.170-0400] {processor.py:161} INFO - Started process (PID=88235) to work on /Users/gaurav/Documents/Breast-Cancer-ML-Pipeline/venv/lib/python3.9/site-packages/airflow/example_dags/example_branch_python_dop_operator_3.py
[2025-04-21T17:43:29.171-0400] {processor.py:830} INFO - Processing file /Users/gaurav/Documents/Breast-Cancer-ML-Pipeline/venv/lib/python3.9/site-packages/airflow/example_dags/example_branch_python_dop_operator_3.py for tasks to queue
[2025-04-21T17:43:29.171-0400] {logging_mixin.py:188} INFO - [2025-04-21T17:43:29.171-0400] {dagbag.py:538} INFO - Filling up the DagBag from /Users/gaurav/Documents/Breast-Cancer-ML-Pipeline/venv/lib/python3.9/site-packages/airflow/example_dags/example_branch_python_dop_operator_3.py
[2025-04-21T17:43:29.200-0400] {processor.py:840} INFO - DAG(s) 'example_branch_dop_operator_v3' retrieved from /Users/gaurav/Documents/Breast-Cancer-ML-Pipeline/venv/lib/python3.9/site-packages/airflow/example_dags/example_branch_python_dop_operator_3.py
[2025-04-21T17:43:29.261-0400] {logging_mixin.py:188} INFO - [2025-04-21T17:43:29.261-0400] {dag.py:3036} INFO - Sync 1 DAGs
[2025-04-21T17:43:29.275-0400] {logging_mixin.py:188} INFO - [2025-04-21T17:43:29.275-0400] {dag.py:3823} INFO - Setting next_dagrun for example_branch_dop_operator_v3 to 2025-04-21 21:42:00+00:00, run_after=2025-04-21 21:43:00+00:00
[2025-04-21T17:43:29.287-0400] {processor.py:183} INFO - Processing /Users/gaurav/Documents/Breast-Cancer-ML-Pipeline/venv/lib/python3.9/site-packages/airflow/example_dags/example_branch_python_dop_operator_3.py took 0.118 seconds
[2025-04-21T17:44:41.584-0400] {processor.py:161} INFO - Started process (PID=88325) to work on /Users/gaurav/Documents/Breast-Cancer-ML-Pipeline/venv/lib/python3.9/site-packages/airflow/example_dags/example_branch_python_dop_operator_3.py
[2025-04-21T17:44:41.586-0400] {processor.py:830} INFO - Processing file /Users/gaurav/Documents/Breast-Cancer-ML-Pipeline/venv/lib/python3.9/site-packages/airflow/example_dags/example_branch_python_dop_operator_3.py for tasks to queue
[2025-04-21T17:44:41.586-0400] {logging_mixin.py:188} INFO - [2025-04-21T17:44:41.586-0400] {dagbag.py:538} INFO - Filling up the DagBag from /Users/gaurav/Documents/Breast-Cancer-ML-Pipeline/venv/lib/python3.9/site-packages/airflow/example_dags/example_branch_python_dop_operator_3.py
[2025-04-21T17:44:41.619-0400] {processor.py:840} INFO - DAG(s) 'example_branch_dop_operator_v3' retrieved from /Users/gaurav/Documents/Breast-Cancer-ML-Pipeline/venv/lib/python3.9/site-packages/airflow/example_dags/example_branch_python_dop_operator_3.py
[2025-04-21T17:44:41.682-0400] {logging_mixin.py:188} INFO - [2025-04-21T17:44:41.682-0400] {dag.py:3036} INFO - Sync 1 DAGs
[2025-04-21T17:44:41.696-0400] {logging_mixin.py:188} INFO - [2025-04-21T17:44:41.696-0400] {dag.py:3823} INFO - Setting next_dagrun for example_branch_dop_operator_v3 to 2025-04-21 21:43:00+00:00, run_after=2025-04-21 21:44:00+00:00
[2025-04-21T17:44:41.709-0400] {processor.py:183} INFO - Processing /Users/gaurav/Documents/Breast-Cancer-ML-Pipeline/venv/lib/python3.9/site-packages/airflow/example_dags/example_branch_python_dop_operator_3.py took 0.126 seconds
[2025-04-21T17:45:36.943-0400] {processor.py:161} INFO - Started process (PID=88409) to work on /Users/gaurav/Documents/Breast-Cancer-ML-Pipeline/venv/lib/python3.9/site-packages/airflow/example_dags/example_branch_python_dop_operator_3.py
[2025-04-21T17:45:36.944-0400] {processor.py:830} INFO - Processing file /Users/gaurav/Documents/Breast-Cancer-ML-Pipeline/venv/lib/python3.9/site-packages/airflow/example_dags/example_branch_python_dop_operator_3.py for tasks to queue
[2025-04-21T17:45:36.945-0400] {logging_mixin.py:188} INFO - [2025-04-21T17:45:36.945-0400] {dagbag.py:538} INFO - Filling up the DagBag from /Users/gaurav/Documents/Breast-Cancer-ML-Pipeline/venv/lib/python3.9/site-packages/airflow/example_dags/example_branch_python_dop_operator_3.py
[2025-04-21T17:45:36.968-0400] {processor.py:840} INFO - DAG(s) 'example_branch_dop_operator_v3' retrieved from /Users/gaurav/Documents/Breast-Cancer-ML-Pipeline/venv/lib/python3.9/site-packages/airflow/example_dags/example_branch_python_dop_operator_3.py
[2025-04-21T17:45:37.017-0400] {logging_mixin.py:188} INFO - [2025-04-21T17:45:37.017-0400] {dag.py:3036} INFO - Sync 1 DAGs
[2025-04-21T17:45:37.029-0400] {logging_mixin.py:188} INFO - [2025-04-21T17:45:37.029-0400] {dag.py:3823} INFO - Setting next_dagrun for example_branch_dop_operator_v3 to 2025-04-21 21:44:00+00:00, run_after=2025-04-21 21:45:00+00:00
[2025-04-21T17:45:37.039-0400] {processor.py:183} INFO - Processing /Users/gaurav/Documents/Breast-Cancer-ML-Pipeline/venv/lib/python3.9/site-packages/airflow/example_dags/example_branch_python_dop_operator_3.py took 0.097 seconds
[2025-04-21T17:46:59.053-0400] {processor.py:161} INFO - Started process (PID=88575) to work on /Users/gaurav/Documents/Breast-Cancer-ML-Pipeline/venv/lib/python3.9/site-packages/airflow/example_dags/example_branch_python_dop_operator_3.py
[2025-04-21T17:46:59.055-0400] {processor.py:830} INFO - Processing file /Users/gaurav/Documents/Breast-Cancer-ML-Pipeline/venv/lib/python3.9/site-packages/airflow/example_dags/example_branch_python_dop_operator_3.py for tasks to queue
[2025-04-21T17:46:59.056-0400] {logging_mixin.py:188} INFO - [2025-04-21T17:46:59.055-0400] {dagbag.py:538} INFO - Filling up the DagBag from /Users/gaurav/Documents/Breast-Cancer-ML-Pipeline/venv/lib/python3.9/site-packages/airflow/example_dags/example_branch_python_dop_operator_3.py
[2025-04-21T17:46:59.086-0400] {processor.py:840} INFO - DAG(s) 'example_branch_dop_operator_v3' retrieved from /Users/gaurav/Documents/Breast-Cancer-ML-Pipeline/venv/lib/python3.9/site-packages/airflow/example_dags/example_branch_python_dop_operator_3.py
[2025-04-21T17:46:59.141-0400] {logging_mixin.py:188} INFO - [2025-04-21T17:46:59.141-0400] {dag.py:3036} INFO - Sync 1 DAGs
[2025-04-21T17:46:59.154-0400] {logging_mixin.py:188} INFO - [2025-04-21T17:46:59.154-0400] {dag.py:3823} INFO - Setting next_dagrun for example_branch_dop_operator_v3 to 2025-04-21 21:45:00+00:00, run_after=2025-04-21 21:46:00+00:00
[2025-04-21T17:46:59.166-0400] {processor.py:183} INFO - Processing /Users/gaurav/Documents/Breast-Cancer-ML-Pipeline/venv/lib/python3.9/site-packages/airflow/example_dags/example_branch_python_dop_operator_3.py took 0.114 seconds
[2025-04-21T17:47:52.963-0400] {processor.py:161} INFO - Started process (PID=88646) to work on /Users/gaurav/Documents/Breast-Cancer-ML-Pipeline/venv/lib/python3.9/site-packages/airflow/example_dags/example_branch_python_dop_operator_3.py
[2025-04-21T17:47:52.964-0400] {processor.py:830} INFO - Processing file /Users/gaurav/Documents/Breast-Cancer-ML-Pipeline/venv/lib/python3.9/site-packages/airflow/example_dags/example_branch_python_dop_operator_3.py for tasks to queue
[2025-04-21T17:47:52.964-0400] {logging_mixin.py:188} INFO - [2025-04-21T17:47:52.964-0400] {dagbag.py:538} INFO - Filling up the DagBag from /Users/gaurav/Documents/Breast-Cancer-ML-Pipeline/venv/lib/python3.9/site-packages/airflow/example_dags/example_branch_python_dop_operator_3.py
[2025-04-21T17:47:52.991-0400] {processor.py:840} INFO - DAG(s) 'example_branch_dop_operator_v3' retrieved from /Users/gaurav/Documents/Breast-Cancer-ML-Pipeline/venv/lib/python3.9/site-packages/airflow/example_dags/example_branch_python_dop_operator_3.py
[2025-04-21T17:47:53.060-0400] {logging_mixin.py:188} INFO - [2025-04-21T17:47:53.060-0400] {dag.py:3036} INFO - Sync 1 DAGs
[2025-04-21T17:47:53.071-0400] {logging_mixin.py:188} INFO - [2025-04-21T17:47:53.071-0400] {dag.py:3823} INFO - Setting next_dagrun for example_branch_dop_operator_v3 to 2025-04-21 21:46:00+00:00, run_after=2025-04-21 21:47:00+00:00
[2025-04-21T17:47:53.082-0400] {processor.py:183} INFO - Processing /Users/gaurav/Documents/Breast-Cancer-ML-Pipeline/venv/lib/python3.9/site-packages/airflow/example_dags/example_branch_python_dop_operator_3.py took 0.120 seconds
[2025-04-21T17:48:59.038-0400] {processor.py:161} INFO - Started process (PID=88739) to work on /Users/gaurav/Documents/Breast-Cancer-ML-Pipeline/venv/lib/python3.9/site-packages/airflow/example_dags/example_branch_python_dop_operator_3.py
[2025-04-21T17:48:59.040-0400] {processor.py:830} INFO - Processing file /Users/gaurav/Documents/Breast-Cancer-ML-Pipeline/venv/lib/python3.9/site-packages/airflow/example_dags/example_branch_python_dop_operator_3.py for tasks to queue
[2025-04-21T17:48:59.040-0400] {logging_mixin.py:188} INFO - [2025-04-21T17:48:59.040-0400] {dagbag.py:538} INFO - Filling up the DagBag from /Users/gaurav/Documents/Breast-Cancer-ML-Pipeline/venv/lib/python3.9/site-packages/airflow/example_dags/example_branch_python_dop_operator_3.py
[2025-04-21T17:48:59.062-0400] {processor.py:840} INFO - DAG(s) 'example_branch_dop_operator_v3' retrieved from /Users/gaurav/Documents/Breast-Cancer-ML-Pipeline/venv/lib/python3.9/site-packages/airflow/example_dags/example_branch_python_dop_operator_3.py
[2025-04-21T17:48:59.113-0400] {logging_mixin.py:188} INFO - [2025-04-21T17:48:59.113-0400] {dag.py:3036} INFO - Sync 1 DAGs
[2025-04-21T17:48:59.124-0400] {logging_mixin.py:188} INFO - [2025-04-21T17:48:59.124-0400] {dag.py:3823} INFO - Setting next_dagrun for example_branch_dop_operator_v3 to 2025-04-21 21:47:00+00:00, run_after=2025-04-21 21:48:00+00:00
[2025-04-21T17:48:59.134-0400] {processor.py:183} INFO - Processing /Users/gaurav/Documents/Breast-Cancer-ML-Pipeline/venv/lib/python3.9/site-packages/airflow/example_dags/example_branch_python_dop_operator_3.py took 0.097 seconds
[2025-04-21T17:50:04.666-0400] {processor.py:161} INFO - Started process (PID=88827) to work on /Users/gaurav/Documents/Breast-Cancer-ML-Pipeline/venv/lib/python3.9/site-packages/airflow/example_dags/example_branch_python_dop_operator_3.py
[2025-04-21T17:50:04.667-0400] {processor.py:830} INFO - Processing file /Users/gaurav/Documents/Breast-Cancer-ML-Pipeline/venv/lib/python3.9/site-packages/airflow/example_dags/example_branch_python_dop_operator_3.py for tasks to queue
[2025-04-21T17:50:04.667-0400] {logging_mixin.py:188} INFO - [2025-04-21T17:50:04.667-0400] {dagbag.py:538} INFO - Filling up the DagBag from /Users/gaurav/Documents/Breast-Cancer-ML-Pipeline/venv/lib/python3.9/site-packages/airflow/example_dags/example_branch_python_dop_operator_3.py
[2025-04-21T17:50:04.690-0400] {processor.py:840} INFO - DAG(s) 'example_branch_dop_operator_v3' retrieved from /Users/gaurav/Documents/Breast-Cancer-ML-Pipeline/venv/lib/python3.9/site-packages/airflow/example_dags/example_branch_python_dop_operator_3.py
[2025-04-21T17:50:04.737-0400] {logging_mixin.py:188} INFO - [2025-04-21T17:50:04.737-0400] {dag.py:3036} INFO - Sync 1 DAGs
[2025-04-21T17:50:04.747-0400] {logging_mixin.py:188} INFO - [2025-04-21T17:50:04.747-0400] {dag.py:3823} INFO - Setting next_dagrun for example_branch_dop_operator_v3 to 2025-04-21 21:49:00+00:00, run_after=2025-04-21 21:50:00+00:00
[2025-04-21T17:50:04.760-0400] {processor.py:183} INFO - Processing /Users/gaurav/Documents/Breast-Cancer-ML-Pipeline/venv/lib/python3.9/site-packages/airflow/example_dags/example_branch_python_dop_operator_3.py took 0.095 seconds
[2025-04-21T17:51:22.565-0400] {processor.py:161} INFO - Started process (PID=88940) to work on /Users/gaurav/Documents/Breast-Cancer-ML-Pipeline/venv/lib/python3.9/site-packages/airflow/example_dags/example_branch_python_dop_operator_3.py
[2025-04-21T17:51:22.566-0400] {processor.py:830} INFO - Processing file /Users/gaurav/Documents/Breast-Cancer-ML-Pipeline/venv/lib/python3.9/site-packages/airflow/example_dags/example_branch_python_dop_operator_3.py for tasks to queue
[2025-04-21T17:51:22.567-0400] {logging_mixin.py:188} INFO - [2025-04-21T17:51:22.567-0400] {dagbag.py:538} INFO - Filling up the DagBag from /Users/gaurav/Documents/Breast-Cancer-ML-Pipeline/venv/lib/python3.9/site-packages/airflow/example_dags/example_branch_python_dop_operator_3.py
[2025-04-21T17:51:22.590-0400] {processor.py:840} INFO - DAG(s) 'example_branch_dop_operator_v3' retrieved from /Users/gaurav/Documents/Breast-Cancer-ML-Pipeline/venv/lib/python3.9/site-packages/airflow/example_dags/example_branch_python_dop_operator_3.py
[2025-04-21T17:51:22.642-0400] {logging_mixin.py:188} INFO - [2025-04-21T17:51:22.642-0400] {dag.py:3036} INFO - Sync 1 DAGs
[2025-04-21T17:51:22.653-0400] {logging_mixin.py:188} INFO - [2025-04-21T17:51:22.653-0400] {dag.py:3823} INFO - Setting next_dagrun for example_branch_dop_operator_v3 to 2025-04-21 21:50:00+00:00, run_after=2025-04-21 21:51:00+00:00
[2025-04-21T17:51:22.663-0400] {processor.py:183} INFO - Processing /Users/gaurav/Documents/Breast-Cancer-ML-Pipeline/venv/lib/python3.9/site-packages/airflow/example_dags/example_branch_python_dop_operator_3.py took 0.100 seconds
[2025-04-21T17:52:41.855-0400] {processor.py:161} INFO - Started process (PID=89045) to work on /Users/gaurav/Documents/Breast-Cancer-ML-Pipeline/venv/lib/python3.9/site-packages/airflow/example_dags/example_branch_python_dop_operator_3.py
[2025-04-21T17:52:41.856-0400] {processor.py:830} INFO - Processing file /Users/gaurav/Documents/Breast-Cancer-ML-Pipeline/venv/lib/python3.9/site-packages/airflow/example_dags/example_branch_python_dop_operator_3.py for tasks to queue
[2025-04-21T17:52:41.856-0400] {logging_mixin.py:188} INFO - [2025-04-21T17:52:41.856-0400] {dagbag.py:538} INFO - Filling up the DagBag from /Users/gaurav/Documents/Breast-Cancer-ML-Pipeline/venv/lib/python3.9/site-packages/airflow/example_dags/example_branch_python_dop_operator_3.py
[2025-04-21T17:52:41.879-0400] {processor.py:840} INFO - DAG(s) 'example_branch_dop_operator_v3' retrieved from /Users/gaurav/Documents/Breast-Cancer-ML-Pipeline/venv/lib/python3.9/site-packages/airflow/example_dags/example_branch_python_dop_operator_3.py
[2025-04-21T17:52:41.929-0400] {logging_mixin.py:188} INFO - [2025-04-21T17:52:41.929-0400] {dag.py:3036} INFO - Sync 1 DAGs
[2025-04-21T17:52:41.940-0400] {logging_mixin.py:188} INFO - [2025-04-21T17:52:41.940-0400] {dag.py:3823} INFO - Setting next_dagrun for example_branch_dop_operator_v3 to 2025-04-21 21:51:00+00:00, run_after=2025-04-21 21:52:00+00:00
[2025-04-21T17:52:41.950-0400] {processor.py:183} INFO - Processing /Users/gaurav/Documents/Breast-Cancer-ML-Pipeline/venv/lib/python3.9/site-packages/airflow/example_dags/example_branch_python_dop_operator_3.py took 0.096 seconds
[2025-04-21T17:53:56.661-0400] {processor.py:161} INFO - Started process (PID=89143) to work on /Users/gaurav/Documents/Breast-Cancer-ML-Pipeline/venv/lib/python3.9/site-packages/airflow/example_dags/example_branch_python_dop_operator_3.py
[2025-04-21T17:53:56.663-0400] {processor.py:830} INFO - Processing file /Users/gaurav/Documents/Breast-Cancer-ML-Pipeline/venv/lib/python3.9/site-packages/airflow/example_dags/example_branch_python_dop_operator_3.py for tasks to queue
[2025-04-21T17:53:56.663-0400] {logging_mixin.py:188} INFO - [2025-04-21T17:53:56.663-0400] {dagbag.py:538} INFO - Filling up the DagBag from /Users/gaurav/Documents/Breast-Cancer-ML-Pipeline/venv/lib/python3.9/site-packages/airflow/example_dags/example_branch_python_dop_operator_3.py
[2025-04-21T17:53:56.689-0400] {processor.py:840} INFO - DAG(s) 'example_branch_dop_operator_v3' retrieved from /Users/gaurav/Documents/Breast-Cancer-ML-Pipeline/venv/lib/python3.9/site-packages/airflow/example_dags/example_branch_python_dop_operator_3.py
[2025-04-21T17:53:56.745-0400] {logging_mixin.py:188} INFO - [2025-04-21T17:53:56.745-0400] {dag.py:3036} INFO - Sync 1 DAGs
[2025-04-21T17:53:56.759-0400] {logging_mixin.py:188} INFO - [2025-04-21T17:53:56.759-0400] {dag.py:3823} INFO - Setting next_dagrun for example_branch_dop_operator_v3 to 2025-04-21 21:52:00+00:00, run_after=2025-04-21 21:53:00+00:00
[2025-04-21T17:53:56.771-0400] {processor.py:183} INFO - Processing /Users/gaurav/Documents/Breast-Cancer-ML-Pipeline/venv/lib/python3.9/site-packages/airflow/example_dags/example_branch_python_dop_operator_3.py took 0.111 seconds
[2025-04-21T17:55:17.941-0400] {processor.py:161} INFO - Started process (PID=89337) to work on /Users/gaurav/Documents/Breast-Cancer-ML-Pipeline/venv/lib/python3.9/site-packages/airflow/example_dags/example_branch_python_dop_operator_3.py
[2025-04-21T17:55:17.942-0400] {processor.py:830} INFO - Processing file /Users/gaurav/Documents/Breast-Cancer-ML-Pipeline/venv/lib/python3.9/site-packages/airflow/example_dags/example_branch_python_dop_operator_3.py for tasks to queue
[2025-04-21T17:55:17.942-0400] {logging_mixin.py:188} INFO - [2025-04-21T17:55:17.942-0400] {dagbag.py:538} INFO - Filling up the DagBag from /Users/gaurav/Documents/Breast-Cancer-ML-Pipeline/venv/lib/python3.9/site-packages/airflow/example_dags/example_branch_python_dop_operator_3.py
[2025-04-21T17:55:17.965-0400] {processor.py:840} INFO - DAG(s) 'example_branch_dop_operator_v3' retrieved from /Users/gaurav/Documents/Breast-Cancer-ML-Pipeline/venv/lib/python3.9/site-packages/airflow/example_dags/example_branch_python_dop_operator_3.py
[2025-04-21T17:55:18.014-0400] {logging_mixin.py:188} INFO - [2025-04-21T17:55:18.014-0400] {dag.py:3036} INFO - Sync 1 DAGs
[2025-04-21T17:55:18.025-0400] {logging_mixin.py:188} INFO - [2025-04-21T17:55:18.025-0400] {dag.py:3823} INFO - Setting next_dagrun for example_branch_dop_operator_v3 to 2025-04-21 21:54:00+00:00, run_after=2025-04-21 21:55:00+00:00
[2025-04-21T17:55:18.035-0400] {processor.py:183} INFO - Processing /Users/gaurav/Documents/Breast-Cancer-ML-Pipeline/venv/lib/python3.9/site-packages/airflow/example_dags/example_branch_python_dop_operator_3.py took 0.095 seconds
