[2025-04-21T16:38:58.083-0400] {processor.py:161} INFO - Started process (PID=83532) to work on /Users/gaurav/Documents/Breast-Cancer-ML-Pipeline/venv/lib/python3.9/site-packages/airflow/example_dags/example_short_circuit_operator.py
[2025-04-21T16:38:58.084-0400] {processor.py:830} INFO - Processing file /Users/gaurav/Documents/Breast-Cancer-ML-Pipeline/venv/lib/python3.9/site-packages/airflow/example_dags/example_short_circuit_operator.py for tasks to queue
[2025-04-21T16:38:58.085-0400] {logging_mixin.py:188} INFO - [2025-04-21T16:38:58.085-0400] {dagbag.py:538} INFO - Filling up the DagBag from /Users/gaurav/Documents/Breast-Cancer-ML-Pipeline/venv/lib/python3.9/site-packages/airflow/example_dags/example_short_circuit_operator.py
[2025-04-21T16:38:58.108-0400] {processor.py:840} INFO - DAG(s) 'example_short_circuit_operator' retrieved from /Users/gaurav/Documents/Breast-Cancer-ML-Pipeline/venv/lib/python3.9/site-packages/airflow/example_dags/example_short_circuit_operator.py
[2025-04-21T16:38:58.232-0400] {logging_mixin.py:188} INFO - [2025-04-21T16:38:58.232-0400] {override.py:1769} INFO - Created Permission View: can delete on DAG:example_short_circuit_operator
[2025-04-21T16:38:58.238-0400] {logging_mixin.py:188} INFO - [2025-04-21T16:38:58.237-0400] {override.py:1769} INFO - Created Permission View: can edit on DAG:example_short_circuit_operator
[2025-04-21T16:38:58.241-0400] {logging_mixin.py:188} INFO - [2025-04-21T16:38:58.241-0400] {override.py:1769} INFO - Created Permission View: can read on DAG:example_short_circuit_operator
[2025-04-21T16:38:58.242-0400] {logging_mixin.py:188} INFO - [2025-04-21T16:38:58.241-0400] {dag.py:3036} INFO - Sync 1 DAGs
[2025-04-21T16:38:58.249-0400] {logging_mixin.py:188} INFO - [2025-04-21T16:38:58.249-0400] {dag.py:3058} INFO - Creating ORM DAG for example_short_circuit_operator
[2025-04-21T16:38:58.254-0400] {logging_mixin.py:188} INFO - [2025-04-21T16:38:58.254-0400] {dag.py:3823} INFO - Setting next_dagrun for example_short_circuit_operator to 2025-04-20 00:00:00+00:00, run_after=2025-04-21 00:00:00+00:00
[2025-04-21T16:38:58.265-0400] {processor.py:183} INFO - Processing /Users/gaurav/Documents/Breast-Cancer-ML-Pipeline/venv/lib/python3.9/site-packages/airflow/example_dags/example_short_circuit_operator.py took 0.182 seconds
[2025-04-21T16:40:52.237-0400] {processor.py:161} INFO - Started process (PID=83642) to work on /Users/gaurav/Documents/Breast-Cancer-ML-Pipeline/venv/lib/python3.9/site-packages/airflow/example_dags/example_short_circuit_operator.py
[2025-04-21T16:40:52.238-0400] {processor.py:830} INFO - Processing file /Users/gaurav/Documents/Breast-Cancer-ML-Pipeline/venv/lib/python3.9/site-packages/airflow/example_dags/example_short_circuit_operator.py for tasks to queue
[2025-04-21T16:40:52.239-0400] {logging_mixin.py:188} INFO - [2025-04-21T16:40:52.239-0400] {dagbag.py:538} INFO - Filling up the DagBag from /Users/gaurav/Documents/Breast-Cancer-ML-Pipeline/venv/lib/python3.9/site-packages/airflow/example_dags/example_short_circuit_operator.py
[2025-04-21T16:40:52.260-0400] {processor.py:840} INFO - DAG(s) 'example_short_circuit_operator' retrieved from /Users/gaurav/Documents/Breast-Cancer-ML-Pipeline/venv/lib/python3.9/site-packages/airflow/example_dags/example_short_circuit_operator.py
[2025-04-21T16:40:52.324-0400] {logging_mixin.py:188} INFO - [2025-04-21T16:40:52.324-0400] {dag.py:3036} INFO - Sync 1 DAGs
[2025-04-21T16:40:52.336-0400] {logging_mixin.py:188} INFO - [2025-04-21T16:40:52.335-0400] {dag.py:3823} INFO - Setting next_dagrun for example_short_circuit_operator to 2025-04-20 00:00:00+00:00, run_after=2025-04-21 00:00:00+00:00
[2025-04-21T16:40:52.348-0400] {processor.py:183} INFO - Processing /Users/gaurav/Documents/Breast-Cancer-ML-Pipeline/venv/lib/python3.9/site-packages/airflow/example_dags/example_short_circuit_operator.py took 0.112 seconds
[2025-04-21T16:42:12.987-0400] {processor.py:161} INFO - Started process (PID=83706) to work on /Users/gaurav/Documents/Breast-Cancer-ML-Pipeline/venv/lib/python3.9/site-packages/airflow/example_dags/example_short_circuit_operator.py
[2025-04-21T16:42:12.988-0400] {processor.py:830} INFO - Processing file /Users/gaurav/Documents/Breast-Cancer-ML-Pipeline/venv/lib/python3.9/site-packages/airflow/example_dags/example_short_circuit_operator.py for tasks to queue
[2025-04-21T16:42:12.989-0400] {logging_mixin.py:188} INFO - [2025-04-21T16:42:12.989-0400] {dagbag.py:538} INFO - Filling up the DagBag from /Users/gaurav/Documents/Breast-Cancer-ML-Pipeline/venv/lib/python3.9/site-packages/airflow/example_dags/example_short_circuit_operator.py
[2025-04-21T16:42:13.010-0400] {processor.py:840} INFO - DAG(s) 'example_short_circuit_operator' retrieved from /Users/gaurav/Documents/Breast-Cancer-ML-Pipeline/venv/lib/python3.9/site-packages/airflow/example_dags/example_short_circuit_operator.py
[2025-04-21T16:42:13.079-0400] {logging_mixin.py:188} INFO - [2025-04-21T16:42:13.079-0400] {dag.py:3036} INFO - Sync 1 DAGs
[2025-04-21T16:42:13.091-0400] {logging_mixin.py:188} INFO - [2025-04-21T16:42:13.091-0400] {dag.py:3823} INFO - Setting next_dagrun for example_short_circuit_operator to 2025-04-20 00:00:00+00:00, run_after=2025-04-21 00:00:00+00:00
[2025-04-21T16:42:13.104-0400] {processor.py:183} INFO - Processing /Users/gaurav/Documents/Breast-Cancer-ML-Pipeline/venv/lib/python3.9/site-packages/airflow/example_dags/example_short_circuit_operator.py took 0.119 seconds
[2025-04-21T16:43:34.480-0400] {processor.py:161} INFO - Started process (PID=83771) to work on /Users/gaurav/Documents/Breast-Cancer-ML-Pipeline/venv/lib/python3.9/site-packages/airflow/example_dags/example_short_circuit_operator.py
[2025-04-21T16:43:34.482-0400] {processor.py:830} INFO - Processing file /Users/gaurav/Documents/Breast-Cancer-ML-Pipeline/venv/lib/python3.9/site-packages/airflow/example_dags/example_short_circuit_operator.py for tasks to queue
[2025-04-21T16:43:34.482-0400] {logging_mixin.py:188} INFO - [2025-04-21T16:43:34.482-0400] {dagbag.py:538} INFO - Filling up the DagBag from /Users/gaurav/Documents/Breast-Cancer-ML-Pipeline/venv/lib/python3.9/site-packages/airflow/example_dags/example_short_circuit_operator.py
[2025-04-21T16:43:34.504-0400] {processor.py:840} INFO - DAG(s) 'example_short_circuit_operator' retrieved from /Users/gaurav/Documents/Breast-Cancer-ML-Pipeline/venv/lib/python3.9/site-packages/airflow/example_dags/example_short_circuit_operator.py
[2025-04-21T16:43:34.576-0400] {logging_mixin.py:188} INFO - [2025-04-21T16:43:34.576-0400] {dag.py:3036} INFO - Sync 1 DAGs
[2025-04-21T16:43:34.589-0400] {logging_mixin.py:188} INFO - [2025-04-21T16:43:34.589-0400] {dag.py:3823} INFO - Setting next_dagrun for example_short_circuit_operator to 2025-04-20 00:00:00+00:00, run_after=2025-04-21 00:00:00+00:00
[2025-04-21T16:43:34.602-0400] {processor.py:183} INFO - Processing /Users/gaurav/Documents/Breast-Cancer-ML-Pipeline/venv/lib/python3.9/site-packages/airflow/example_dags/example_short_circuit_operator.py took 0.123 seconds
[2025-04-21T16:44:58.568-0400] {processor.py:161} INFO - Started process (PID=83852) to work on /Users/gaurav/Documents/Breast-Cancer-ML-Pipeline/venv/lib/python3.9/site-packages/airflow/example_dags/example_short_circuit_operator.py
[2025-04-21T16:44:58.570-0400] {processor.py:830} INFO - Processing file /Users/gaurav/Documents/Breast-Cancer-ML-Pipeline/venv/lib/python3.9/site-packages/airflow/example_dags/example_short_circuit_operator.py for tasks to queue
[2025-04-21T16:44:58.570-0400] {logging_mixin.py:188} INFO - [2025-04-21T16:44:58.570-0400] {dagbag.py:538} INFO - Filling up the DagBag from /Users/gaurav/Documents/Breast-Cancer-ML-Pipeline/venv/lib/python3.9/site-packages/airflow/example_dags/example_short_circuit_operator.py
[2025-04-21T16:44:58.594-0400] {processor.py:840} INFO - DAG(s) 'example_short_circuit_operator' retrieved from /Users/gaurav/Documents/Breast-Cancer-ML-Pipeline/venv/lib/python3.9/site-packages/airflow/example_dags/example_short_circuit_operator.py
[2025-04-21T16:44:58.660-0400] {logging_mixin.py:188} INFO - [2025-04-21T16:44:58.659-0400] {dag.py:3036} INFO - Sync 1 DAGs
[2025-04-21T16:44:58.671-0400] {logging_mixin.py:188} INFO - [2025-04-21T16:44:58.671-0400] {dag.py:3823} INFO - Setting next_dagrun for example_short_circuit_operator to 2025-04-20 00:00:00+00:00, run_after=2025-04-21 00:00:00+00:00
[2025-04-21T16:44:58.683-0400] {processor.py:183} INFO - Processing /Users/gaurav/Documents/Breast-Cancer-ML-Pipeline/venv/lib/python3.9/site-packages/airflow/example_dags/example_short_circuit_operator.py took 0.116 seconds
[2025-04-21T16:46:54.709-0400] {processor.py:161} INFO - Started process (PID=84009) to work on /Users/gaurav/Documents/Breast-Cancer-ML-Pipeline/venv/lib/python3.9/site-packages/airflow/example_dags/example_short_circuit_operator.py
[2025-04-21T16:46:54.711-0400] {processor.py:830} INFO - Processing file /Users/gaurav/Documents/Breast-Cancer-ML-Pipeline/venv/lib/python3.9/site-packages/airflow/example_dags/example_short_circuit_operator.py for tasks to queue
[2025-04-21T16:46:54.711-0400] {logging_mixin.py:188} INFO - [2025-04-21T16:46:54.711-0400] {dagbag.py:538} INFO - Filling up the DagBag from /Users/gaurav/Documents/Breast-Cancer-ML-Pipeline/venv/lib/python3.9/site-packages/airflow/example_dags/example_short_circuit_operator.py
[2025-04-21T16:46:54.735-0400] {processor.py:840} INFO - DAG(s) 'example_short_circuit_operator' retrieved from /Users/gaurav/Documents/Breast-Cancer-ML-Pipeline/venv/lib/python3.9/site-packages/airflow/example_dags/example_short_circuit_operator.py
[2025-04-21T16:46:54.806-0400] {logging_mixin.py:188} INFO - [2025-04-21T16:46:54.805-0400] {dag.py:3036} INFO - Sync 1 DAGs
[2025-04-21T16:46:54.818-0400] {logging_mixin.py:188} INFO - [2025-04-21T16:46:54.818-0400] {dag.py:3823} INFO - Setting next_dagrun for example_short_circuit_operator to 2025-04-20 00:00:00+00:00, run_after=2025-04-21 00:00:00+00:00
[2025-04-21T16:46:54.830-0400] {processor.py:183} INFO - Processing /Users/gaurav/Documents/Breast-Cancer-ML-Pipeline/venv/lib/python3.9/site-packages/airflow/example_dags/example_short_circuit_operator.py took 0.122 seconds
[2025-04-21T16:47:56.122-0400] {processor.py:161} INFO - Started process (PID=84075) to work on /Users/gaurav/Documents/Breast-Cancer-ML-Pipeline/venv/lib/python3.9/site-packages/airflow/example_dags/example_short_circuit_operator.py
[2025-04-21T16:47:56.124-0400] {processor.py:830} INFO - Processing file /Users/gaurav/Documents/Breast-Cancer-ML-Pipeline/venv/lib/python3.9/site-packages/airflow/example_dags/example_short_circuit_operator.py for tasks to queue
[2025-04-21T16:47:56.125-0400] {logging_mixin.py:188} INFO - [2025-04-21T16:47:56.125-0400] {dagbag.py:538} INFO - Filling up the DagBag from /Users/gaurav/Documents/Breast-Cancer-ML-Pipeline/venv/lib/python3.9/site-packages/airflow/example_dags/example_short_circuit_operator.py
[2025-04-21T16:47:56.146-0400] {processor.py:840} INFO - DAG(s) 'example_short_circuit_operator' retrieved from /Users/gaurav/Documents/Breast-Cancer-ML-Pipeline/venv/lib/python3.9/site-packages/airflow/example_dags/example_short_circuit_operator.py
[2025-04-21T16:47:56.210-0400] {logging_mixin.py:188} INFO - [2025-04-21T16:47:56.210-0400] {dag.py:3036} INFO - Sync 1 DAGs
[2025-04-21T16:47:56.221-0400] {logging_mixin.py:188} INFO - [2025-04-21T16:47:56.221-0400] {dag.py:3823} INFO - Setting next_dagrun for example_short_circuit_operator to 2025-04-20 00:00:00+00:00, run_after=2025-04-21 00:00:00+00:00
[2025-04-21T16:47:56.233-0400] {processor.py:183} INFO - Processing /Users/gaurav/Documents/Breast-Cancer-ML-Pipeline/venv/lib/python3.9/site-packages/airflow/example_dags/example_short_circuit_operator.py took 0.111 seconds
[2025-04-21T16:49:07.645-0400] {processor.py:161} INFO - Started process (PID=84154) to work on /Users/gaurav/Documents/Breast-Cancer-ML-Pipeline/venv/lib/python3.9/site-packages/airflow/example_dags/example_short_circuit_operator.py
[2025-04-21T16:49:07.647-0400] {processor.py:830} INFO - Processing file /Users/gaurav/Documents/Breast-Cancer-ML-Pipeline/venv/lib/python3.9/site-packages/airflow/example_dags/example_short_circuit_operator.py for tasks to queue
[2025-04-21T16:49:07.647-0400] {logging_mixin.py:188} INFO - [2025-04-21T16:49:07.647-0400] {dagbag.py:538} INFO - Filling up the DagBag from /Users/gaurav/Documents/Breast-Cancer-ML-Pipeline/venv/lib/python3.9/site-packages/airflow/example_dags/example_short_circuit_operator.py
[2025-04-21T16:49:07.670-0400] {processor.py:840} INFO - DAG(s) 'example_short_circuit_operator' retrieved from /Users/gaurav/Documents/Breast-Cancer-ML-Pipeline/venv/lib/python3.9/site-packages/airflow/example_dags/example_short_circuit_operator.py
[2025-04-21T16:49:07.739-0400] {logging_mixin.py:188} INFO - [2025-04-21T16:49:07.739-0400] {dag.py:3036} INFO - Sync 1 DAGs
[2025-04-21T16:49:07.750-0400] {logging_mixin.py:188} INFO - [2025-04-21T16:49:07.750-0400] {dag.py:3823} INFO - Setting next_dagrun for example_short_circuit_operator to 2025-04-20 00:00:00+00:00, run_after=2025-04-21 00:00:00+00:00
[2025-04-21T16:49:07.762-0400] {processor.py:183} INFO - Processing /Users/gaurav/Documents/Breast-Cancer-ML-Pipeline/venv/lib/python3.9/site-packages/airflow/example_dags/example_short_circuit_operator.py took 0.118 seconds
[2025-04-21T16:50:19.936-0400] {processor.py:161} INFO - Started process (PID=84242) to work on /Users/gaurav/Documents/Breast-Cancer-ML-Pipeline/venv/lib/python3.9/site-packages/airflow/example_dags/example_short_circuit_operator.py
[2025-04-21T16:50:19.938-0400] {processor.py:830} INFO - Processing file /Users/gaurav/Documents/Breast-Cancer-ML-Pipeline/venv/lib/python3.9/site-packages/airflow/example_dags/example_short_circuit_operator.py for tasks to queue
[2025-04-21T16:50:19.939-0400] {logging_mixin.py:188} INFO - [2025-04-21T16:50:19.939-0400] {dagbag.py:538} INFO - Filling up the DagBag from /Users/gaurav/Documents/Breast-Cancer-ML-Pipeline/venv/lib/python3.9/site-packages/airflow/example_dags/example_short_circuit_operator.py
[2025-04-21T16:50:19.962-0400] {processor.py:840} INFO - DAG(s) 'example_short_circuit_operator' retrieved from /Users/gaurav/Documents/Breast-Cancer-ML-Pipeline/venv/lib/python3.9/site-packages/airflow/example_dags/example_short_circuit_operator.py
[2025-04-21T16:50:20.027-0400] {logging_mixin.py:188} INFO - [2025-04-21T16:50:20.027-0400] {dag.py:3036} INFO - Sync 1 DAGs
[2025-04-21T16:50:20.038-0400] {logging_mixin.py:188} INFO - [2025-04-21T16:50:20.038-0400] {dag.py:3823} INFO - Setting next_dagrun for example_short_circuit_operator to 2025-04-20 00:00:00+00:00, run_after=2025-04-21 00:00:00+00:00
[2025-04-21T16:50:20.051-0400] {processor.py:183} INFO - Processing /Users/gaurav/Documents/Breast-Cancer-ML-Pipeline/venv/lib/python3.9/site-packages/airflow/example_dags/example_short_circuit_operator.py took 0.115 seconds
[2025-04-21T16:51:40.446-0400] {processor.py:161} INFO - Started process (PID=84331) to work on /Users/gaurav/Documents/Breast-Cancer-ML-Pipeline/venv/lib/python3.9/site-packages/airflow/example_dags/example_short_circuit_operator.py
[2025-04-21T16:51:40.447-0400] {processor.py:830} INFO - Processing file /Users/gaurav/Documents/Breast-Cancer-ML-Pipeline/venv/lib/python3.9/site-packages/airflow/example_dags/example_short_circuit_operator.py for tasks to queue
[2025-04-21T16:51:40.448-0400] {logging_mixin.py:188} INFO - [2025-04-21T16:51:40.448-0400] {dagbag.py:538} INFO - Filling up the DagBag from /Users/gaurav/Documents/Breast-Cancer-ML-Pipeline/venv/lib/python3.9/site-packages/airflow/example_dags/example_short_circuit_operator.py
[2025-04-21T16:51:40.468-0400] {processor.py:840} INFO - DAG(s) 'example_short_circuit_operator' retrieved from /Users/gaurav/Documents/Breast-Cancer-ML-Pipeline/venv/lib/python3.9/site-packages/airflow/example_dags/example_short_circuit_operator.py
[2025-04-21T16:51:40.541-0400] {logging_mixin.py:188} INFO - [2025-04-21T16:51:40.541-0400] {dag.py:3036} INFO - Sync 1 DAGs
[2025-04-21T16:51:40.553-0400] {logging_mixin.py:188} INFO - [2025-04-21T16:51:40.553-0400] {dag.py:3823} INFO - Setting next_dagrun for example_short_circuit_operator to 2025-04-20 00:00:00+00:00, run_after=2025-04-21 00:00:00+00:00
[2025-04-21T16:51:40.567-0400] {processor.py:183} INFO - Processing /Users/gaurav/Documents/Breast-Cancer-ML-Pipeline/venv/lib/python3.9/site-packages/airflow/example_dags/example_short_circuit_operator.py took 0.122 seconds
[2025-04-21T16:53:02.707-0400] {processor.py:161} INFO - Started process (PID=84434) to work on /Users/gaurav/Documents/Breast-Cancer-ML-Pipeline/venv/lib/python3.9/site-packages/airflow/example_dags/example_short_circuit_operator.py
[2025-04-21T16:53:02.709-0400] {processor.py:830} INFO - Processing file /Users/gaurav/Documents/Breast-Cancer-ML-Pipeline/venv/lib/python3.9/site-packages/airflow/example_dags/example_short_circuit_operator.py for tasks to queue
[2025-04-21T16:53:02.709-0400] {logging_mixin.py:188} INFO - [2025-04-21T16:53:02.709-0400] {dagbag.py:538} INFO - Filling up the DagBag from /Users/gaurav/Documents/Breast-Cancer-ML-Pipeline/venv/lib/python3.9/site-packages/airflow/example_dags/example_short_circuit_operator.py
[2025-04-21T16:53:02.731-0400] {processor.py:840} INFO - DAG(s) 'example_short_circuit_operator' retrieved from /Users/gaurav/Documents/Breast-Cancer-ML-Pipeline/venv/lib/python3.9/site-packages/airflow/example_dags/example_short_circuit_operator.py
[2025-04-21T16:53:02.795-0400] {logging_mixin.py:188} INFO - [2025-04-21T16:53:02.795-0400] {dag.py:3036} INFO - Sync 1 DAGs
[2025-04-21T16:53:02.806-0400] {logging_mixin.py:188} INFO - [2025-04-21T16:53:02.806-0400] {dag.py:3823} INFO - Setting next_dagrun for example_short_circuit_operator to 2025-04-20 00:00:00+00:00, run_after=2025-04-21 00:00:00+00:00
[2025-04-21T16:53:02.818-0400] {processor.py:183} INFO - Processing /Users/gaurav/Documents/Breast-Cancer-ML-Pipeline/venv/lib/python3.9/site-packages/airflow/example_dags/example_short_circuit_operator.py took 0.112 seconds
[2025-04-21T16:54:20.652-0400] {processor.py:161} INFO - Started process (PID=84534) to work on /Users/gaurav/Documents/Breast-Cancer-ML-Pipeline/venv/lib/python3.9/site-packages/airflow/example_dags/example_short_circuit_operator.py
[2025-04-21T16:54:20.654-0400] {processor.py:830} INFO - Processing file /Users/gaurav/Documents/Breast-Cancer-ML-Pipeline/venv/lib/python3.9/site-packages/airflow/example_dags/example_short_circuit_operator.py for tasks to queue
[2025-04-21T16:54:20.654-0400] {logging_mixin.py:188} INFO - [2025-04-21T16:54:20.654-0400] {dagbag.py:538} INFO - Filling up the DagBag from /Users/gaurav/Documents/Breast-Cancer-ML-Pipeline/venv/lib/python3.9/site-packages/airflow/example_dags/example_short_circuit_operator.py
[2025-04-21T16:54:20.685-0400] {processor.py:840} INFO - DAG(s) 'example_short_circuit_operator' retrieved from /Users/gaurav/Documents/Breast-Cancer-ML-Pipeline/venv/lib/python3.9/site-packages/airflow/example_dags/example_short_circuit_operator.py
[2025-04-21T16:54:20.756-0400] {logging_mixin.py:188} INFO - [2025-04-21T16:54:20.755-0400] {dag.py:3036} INFO - Sync 1 DAGs
[2025-04-21T16:54:20.770-0400] {logging_mixin.py:188} INFO - [2025-04-21T16:54:20.770-0400] {dag.py:3823} INFO - Setting next_dagrun for example_short_circuit_operator to 2025-04-20 00:00:00+00:00, run_after=2025-04-21 00:00:00+00:00
[2025-04-21T16:54:20.783-0400] {processor.py:183} INFO - Processing /Users/gaurav/Documents/Breast-Cancer-ML-Pipeline/venv/lib/python3.9/site-packages/airflow/example_dags/example_short_circuit_operator.py took 0.132 seconds
[2025-04-21T16:56:24.269-0400] {processor.py:161} INFO - Started process (PID=84684) to work on /Users/gaurav/Documents/Breast-Cancer-ML-Pipeline/venv/lib/python3.9/site-packages/airflow/example_dags/example_short_circuit_operator.py
[2025-04-21T16:56:24.270-0400] {processor.py:830} INFO - Processing file /Users/gaurav/Documents/Breast-Cancer-ML-Pipeline/venv/lib/python3.9/site-packages/airflow/example_dags/example_short_circuit_operator.py for tasks to queue
[2025-04-21T16:56:24.271-0400] {logging_mixin.py:188} INFO - [2025-04-21T16:56:24.271-0400] {dagbag.py:538} INFO - Filling up the DagBag from /Users/gaurav/Documents/Breast-Cancer-ML-Pipeline/venv/lib/python3.9/site-packages/airflow/example_dags/example_short_circuit_operator.py
[2025-04-21T16:56:24.292-0400] {processor.py:840} INFO - DAG(s) 'example_short_circuit_operator' retrieved from /Users/gaurav/Documents/Breast-Cancer-ML-Pipeline/venv/lib/python3.9/site-packages/airflow/example_dags/example_short_circuit_operator.py
[2025-04-21T16:56:24.411-0400] {logging_mixin.py:188} INFO - [2025-04-21T16:56:24.411-0400] {dag.py:3036} INFO - Sync 1 DAGs
[2025-04-21T16:56:24.424-0400] {logging_mixin.py:188} INFO - [2025-04-21T16:56:24.423-0400] {dag.py:3823} INFO - Setting next_dagrun for example_short_circuit_operator to 2025-04-20 00:00:00+00:00, run_after=2025-04-21 00:00:00+00:00
[2025-04-21T16:56:24.438-0400] {processor.py:183} INFO - Processing /Users/gaurav/Documents/Breast-Cancer-ML-Pipeline/venv/lib/python3.9/site-packages/airflow/example_dags/example_short_circuit_operator.py took 0.171 seconds
[2025-04-21T16:57:36.797-0400] {processor.py:161} INFO - Started process (PID=84785) to work on /Users/gaurav/Documents/Breast-Cancer-ML-Pipeline/venv/lib/python3.9/site-packages/airflow/example_dags/example_short_circuit_operator.py
[2025-04-21T16:57:36.799-0400] {processor.py:830} INFO - Processing file /Users/gaurav/Documents/Breast-Cancer-ML-Pipeline/venv/lib/python3.9/site-packages/airflow/example_dags/example_short_circuit_operator.py for tasks to queue
[2025-04-21T16:57:36.800-0400] {logging_mixin.py:188} INFO - [2025-04-21T16:57:36.799-0400] {dagbag.py:538} INFO - Filling up the DagBag from /Users/gaurav/Documents/Breast-Cancer-ML-Pipeline/venv/lib/python3.9/site-packages/airflow/example_dags/example_short_circuit_operator.py
[2025-04-21T16:57:36.820-0400] {processor.py:840} INFO - DAG(s) 'example_short_circuit_operator' retrieved from /Users/gaurav/Documents/Breast-Cancer-ML-Pipeline/venv/lib/python3.9/site-packages/airflow/example_dags/example_short_circuit_operator.py
[2025-04-21T16:57:36.885-0400] {logging_mixin.py:188} INFO - [2025-04-21T16:57:36.885-0400] {dag.py:3036} INFO - Sync 1 DAGs
[2025-04-21T16:57:36.897-0400] {logging_mixin.py:188} INFO - [2025-04-21T16:57:36.897-0400] {dag.py:3823} INFO - Setting next_dagrun for example_short_circuit_operator to 2025-04-20 00:00:00+00:00, run_after=2025-04-21 00:00:00+00:00
[2025-04-21T16:57:36.909-0400] {processor.py:183} INFO - Processing /Users/gaurav/Documents/Breast-Cancer-ML-Pipeline/venv/lib/python3.9/site-packages/airflow/example_dags/example_short_circuit_operator.py took 0.112 seconds
[2025-04-21T16:58:57.405-0400] {processor.py:161} INFO - Started process (PID=84879) to work on /Users/gaurav/Documents/Breast-Cancer-ML-Pipeline/venv/lib/python3.9/site-packages/airflow/example_dags/example_short_circuit_operator.py
[2025-04-21T16:58:57.406-0400] {processor.py:830} INFO - Processing file /Users/gaurav/Documents/Breast-Cancer-ML-Pipeline/venv/lib/python3.9/site-packages/airflow/example_dags/example_short_circuit_operator.py for tasks to queue
[2025-04-21T16:58:57.407-0400] {logging_mixin.py:188} INFO - [2025-04-21T16:58:57.406-0400] {dagbag.py:538} INFO - Filling up the DagBag from /Users/gaurav/Documents/Breast-Cancer-ML-Pipeline/venv/lib/python3.9/site-packages/airflow/example_dags/example_short_circuit_operator.py
[2025-04-21T16:58:57.429-0400] {processor.py:840} INFO - DAG(s) 'example_short_circuit_operator' retrieved from /Users/gaurav/Documents/Breast-Cancer-ML-Pipeline/venv/lib/python3.9/site-packages/airflow/example_dags/example_short_circuit_operator.py
[2025-04-21T16:58:57.498-0400] {logging_mixin.py:188} INFO - [2025-04-21T16:58:57.498-0400] {dag.py:3036} INFO - Sync 1 DAGs
[2025-04-21T16:58:57.511-0400] {logging_mixin.py:188} INFO - [2025-04-21T16:58:57.511-0400] {dag.py:3823} INFO - Setting next_dagrun for example_short_circuit_operator to 2025-04-20 00:00:00+00:00, run_after=2025-04-21 00:00:00+00:00
[2025-04-21T16:58:57.524-0400] {processor.py:183} INFO - Processing /Users/gaurav/Documents/Breast-Cancer-ML-Pipeline/venv/lib/python3.9/site-packages/airflow/example_dags/example_short_circuit_operator.py took 0.120 seconds
[2025-04-21T17:00:14.488-0400] {processor.py:161} INFO - Started process (PID=84971) to work on /Users/gaurav/Documents/Breast-Cancer-ML-Pipeline/venv/lib/python3.9/site-packages/airflow/example_dags/example_short_circuit_operator.py
[2025-04-21T17:00:14.490-0400] {processor.py:830} INFO - Processing file /Users/gaurav/Documents/Breast-Cancer-ML-Pipeline/venv/lib/python3.9/site-packages/airflow/example_dags/example_short_circuit_operator.py for tasks to queue
[2025-04-21T17:00:14.491-0400] {logging_mixin.py:188} INFO - [2025-04-21T17:00:14.491-0400] {dagbag.py:538} INFO - Filling up the DagBag from /Users/gaurav/Documents/Breast-Cancer-ML-Pipeline/venv/lib/python3.9/site-packages/airflow/example_dags/example_short_circuit_operator.py
[2025-04-21T17:00:14.512-0400] {processor.py:840} INFO - DAG(s) 'example_short_circuit_operator' retrieved from /Users/gaurav/Documents/Breast-Cancer-ML-Pipeline/venv/lib/python3.9/site-packages/airflow/example_dags/example_short_circuit_operator.py
[2025-04-21T17:00:14.578-0400] {logging_mixin.py:188} INFO - [2025-04-21T17:00:14.578-0400] {dag.py:3036} INFO - Sync 1 DAGs
[2025-04-21T17:00:14.589-0400] {logging_mixin.py:188} INFO - [2025-04-21T17:00:14.589-0400] {dag.py:3823} INFO - Setting next_dagrun for example_short_circuit_operator to 2025-04-20 00:00:00+00:00, run_after=2025-04-21 00:00:00+00:00
[2025-04-21T17:00:14.602-0400] {processor.py:183} INFO - Processing /Users/gaurav/Documents/Breast-Cancer-ML-Pipeline/venv/lib/python3.9/site-packages/airflow/example_dags/example_short_circuit_operator.py took 0.114 seconds
[2025-04-21T17:01:31.141-0400] {processor.py:161} INFO - Started process (PID=85070) to work on /Users/gaurav/Documents/Breast-Cancer-ML-Pipeline/venv/lib/python3.9/site-packages/airflow/example_dags/example_short_circuit_operator.py
[2025-04-21T17:01:31.142-0400] {processor.py:830} INFO - Processing file /Users/gaurav/Documents/Breast-Cancer-ML-Pipeline/venv/lib/python3.9/site-packages/airflow/example_dags/example_short_circuit_operator.py for tasks to queue
[2025-04-21T17:01:31.142-0400] {logging_mixin.py:188} INFO - [2025-04-21T17:01:31.142-0400] {dagbag.py:538} INFO - Filling up the DagBag from /Users/gaurav/Documents/Breast-Cancer-ML-Pipeline/venv/lib/python3.9/site-packages/airflow/example_dags/example_short_circuit_operator.py
[2025-04-21T17:01:31.164-0400] {processor.py:840} INFO - DAG(s) 'example_short_circuit_operator' retrieved from /Users/gaurav/Documents/Breast-Cancer-ML-Pipeline/venv/lib/python3.9/site-packages/airflow/example_dags/example_short_circuit_operator.py
[2025-04-21T17:01:31.230-0400] {logging_mixin.py:188} INFO - [2025-04-21T17:01:31.230-0400] {dag.py:3036} INFO - Sync 1 DAGs
[2025-04-21T17:01:31.241-0400] {logging_mixin.py:188} INFO - [2025-04-21T17:01:31.241-0400] {dag.py:3823} INFO - Setting next_dagrun for example_short_circuit_operator to 2025-04-20 00:00:00+00:00, run_after=2025-04-21 00:00:00+00:00
[2025-04-21T17:01:31.253-0400] {processor.py:183} INFO - Processing /Users/gaurav/Documents/Breast-Cancer-ML-Pipeline/venv/lib/python3.9/site-packages/airflow/example_dags/example_short_circuit_operator.py took 0.114 seconds
[2025-04-21T17:02:52.842-0400] {processor.py:161} INFO - Started process (PID=85156) to work on /Users/gaurav/Documents/Breast-Cancer-ML-Pipeline/venv/lib/python3.9/site-packages/airflow/example_dags/example_short_circuit_operator.py
[2025-04-21T17:02:52.843-0400] {processor.py:830} INFO - Processing file /Users/gaurav/Documents/Breast-Cancer-ML-Pipeline/venv/lib/python3.9/site-packages/airflow/example_dags/example_short_circuit_operator.py for tasks to queue
[2025-04-21T17:02:52.844-0400] {logging_mixin.py:188} INFO - [2025-04-21T17:02:52.844-0400] {dagbag.py:538} INFO - Filling up the DagBag from /Users/gaurav/Documents/Breast-Cancer-ML-Pipeline/venv/lib/python3.9/site-packages/airflow/example_dags/example_short_circuit_operator.py
[2025-04-21T17:02:52.865-0400] {processor.py:840} INFO - DAG(s) 'example_short_circuit_operator' retrieved from /Users/gaurav/Documents/Breast-Cancer-ML-Pipeline/venv/lib/python3.9/site-packages/airflow/example_dags/example_short_circuit_operator.py
[2025-04-21T17:02:52.936-0400] {logging_mixin.py:188} INFO - [2025-04-21T17:02:52.936-0400] {dag.py:3036} INFO - Sync 1 DAGs
[2025-04-21T17:02:52.949-0400] {logging_mixin.py:188} INFO - [2025-04-21T17:02:52.949-0400] {dag.py:3823} INFO - Setting next_dagrun for example_short_circuit_operator to 2025-04-20 00:00:00+00:00, run_after=2025-04-21 00:00:00+00:00
[2025-04-21T17:02:52.963-0400] {processor.py:183} INFO - Processing /Users/gaurav/Documents/Breast-Cancer-ML-Pipeline/venv/lib/python3.9/site-packages/airflow/example_dags/example_short_circuit_operator.py took 0.122 seconds
[2025-04-21T17:04:09.336-0400] {processor.py:161} INFO - Started process (PID=85262) to work on /Users/gaurav/Documents/Breast-Cancer-ML-Pipeline/venv/lib/python3.9/site-packages/airflow/example_dags/example_short_circuit_operator.py
[2025-04-21T17:04:09.338-0400] {processor.py:830} INFO - Processing file /Users/gaurav/Documents/Breast-Cancer-ML-Pipeline/venv/lib/python3.9/site-packages/airflow/example_dags/example_short_circuit_operator.py for tasks to queue
[2025-04-21T17:04:09.338-0400] {logging_mixin.py:188} INFO - [2025-04-21T17:04:09.338-0400] {dagbag.py:538} INFO - Filling up the DagBag from /Users/gaurav/Documents/Breast-Cancer-ML-Pipeline/venv/lib/python3.9/site-packages/airflow/example_dags/example_short_circuit_operator.py
[2025-04-21T17:04:09.360-0400] {processor.py:840} INFO - DAG(s) 'example_short_circuit_operator' retrieved from /Users/gaurav/Documents/Breast-Cancer-ML-Pipeline/venv/lib/python3.9/site-packages/airflow/example_dags/example_short_circuit_operator.py
[2025-04-21T17:04:09.426-0400] {logging_mixin.py:188} INFO - [2025-04-21T17:04:09.425-0400] {dag.py:3036} INFO - Sync 1 DAGs
[2025-04-21T17:04:09.438-0400] {logging_mixin.py:188} INFO - [2025-04-21T17:04:09.438-0400] {dag.py:3823} INFO - Setting next_dagrun for example_short_circuit_operator to 2025-04-20 00:00:00+00:00, run_after=2025-04-21 00:00:00+00:00
[2025-04-21T17:04:09.450-0400] {processor.py:183} INFO - Processing /Users/gaurav/Documents/Breast-Cancer-ML-Pipeline/venv/lib/python3.9/site-packages/airflow/example_dags/example_short_circuit_operator.py took 0.115 seconds
[2025-04-21T17:05:19.909-0400] {processor.py:161} INFO - Started process (PID=85339) to work on /Users/gaurav/Documents/Breast-Cancer-ML-Pipeline/venv/lib/python3.9/site-packages/airflow/example_dags/example_short_circuit_operator.py
[2025-04-21T17:05:19.911-0400] {processor.py:830} INFO - Processing file /Users/gaurav/Documents/Breast-Cancer-ML-Pipeline/venv/lib/python3.9/site-packages/airflow/example_dags/example_short_circuit_operator.py for tasks to queue
[2025-04-21T17:05:19.911-0400] {logging_mixin.py:188} INFO - [2025-04-21T17:05:19.911-0400] {dagbag.py:538} INFO - Filling up the DagBag from /Users/gaurav/Documents/Breast-Cancer-ML-Pipeline/venv/lib/python3.9/site-packages/airflow/example_dags/example_short_circuit_operator.py
[2025-04-21T17:05:19.931-0400] {processor.py:840} INFO - DAG(s) 'example_short_circuit_operator' retrieved from /Users/gaurav/Documents/Breast-Cancer-ML-Pipeline/venv/lib/python3.9/site-packages/airflow/example_dags/example_short_circuit_operator.py
[2025-04-21T17:05:19.996-0400] {logging_mixin.py:188} INFO - [2025-04-21T17:05:19.996-0400] {dag.py:3036} INFO - Sync 1 DAGs
[2025-04-21T17:05:20.007-0400] {logging_mixin.py:188} INFO - [2025-04-21T17:05:20.007-0400] {dag.py:3823} INFO - Setting next_dagrun for example_short_circuit_operator to 2025-04-20 00:00:00+00:00, run_after=2025-04-21 00:00:00+00:00
[2025-04-21T17:05:20.019-0400] {processor.py:183} INFO - Processing /Users/gaurav/Documents/Breast-Cancer-ML-Pipeline/venv/lib/python3.9/site-packages/airflow/example_dags/example_short_circuit_operator.py took 0.111 seconds
[2025-04-21T17:06:30.955-0400] {processor.py:161} INFO - Started process (PID=85431) to work on /Users/gaurav/Documents/Breast-Cancer-ML-Pipeline/venv/lib/python3.9/site-packages/airflow/example_dags/example_short_circuit_operator.py
[2025-04-21T17:06:30.957-0400] {processor.py:830} INFO - Processing file /Users/gaurav/Documents/Breast-Cancer-ML-Pipeline/venv/lib/python3.9/site-packages/airflow/example_dags/example_short_circuit_operator.py for tasks to queue
[2025-04-21T17:06:30.958-0400] {logging_mixin.py:188} INFO - [2025-04-21T17:06:30.958-0400] {dagbag.py:538} INFO - Filling up the DagBag from /Users/gaurav/Documents/Breast-Cancer-ML-Pipeline/venv/lib/python3.9/site-packages/airflow/example_dags/example_short_circuit_operator.py
[2025-04-21T17:06:30.977-0400] {processor.py:840} INFO - DAG(s) 'example_short_circuit_operator' retrieved from /Users/gaurav/Documents/Breast-Cancer-ML-Pipeline/venv/lib/python3.9/site-packages/airflow/example_dags/example_short_circuit_operator.py
[2025-04-21T17:06:31.044-0400] {logging_mixin.py:188} INFO - [2025-04-21T17:06:31.044-0400] {dag.py:3036} INFO - Sync 1 DAGs
[2025-04-21T17:06:31.056-0400] {logging_mixin.py:188} INFO - [2025-04-21T17:06:31.055-0400] {dag.py:3823} INFO - Setting next_dagrun for example_short_circuit_operator to 2025-04-20 00:00:00+00:00, run_after=2025-04-21 00:00:00+00:00
[2025-04-21T17:06:31.067-0400] {processor.py:183} INFO - Processing /Users/gaurav/Documents/Breast-Cancer-ML-Pipeline/venv/lib/python3.9/site-packages/airflow/example_dags/example_short_circuit_operator.py took 0.113 seconds
[2025-04-21T17:07:42.846-0400] {processor.py:161} INFO - Started process (PID=85513) to work on /Users/gaurav/Documents/Breast-Cancer-ML-Pipeline/venv/lib/python3.9/site-packages/airflow/example_dags/example_short_circuit_operator.py
[2025-04-21T17:07:42.848-0400] {processor.py:830} INFO - Processing file /Users/gaurav/Documents/Breast-Cancer-ML-Pipeline/venv/lib/python3.9/site-packages/airflow/example_dags/example_short_circuit_operator.py for tasks to queue
[2025-04-21T17:07:42.849-0400] {logging_mixin.py:188} INFO - [2025-04-21T17:07:42.849-0400] {dagbag.py:538} INFO - Filling up the DagBag from /Users/gaurav/Documents/Breast-Cancer-ML-Pipeline/venv/lib/python3.9/site-packages/airflow/example_dags/example_short_circuit_operator.py
[2025-04-21T17:07:42.868-0400] {processor.py:840} INFO - DAG(s) 'example_short_circuit_operator' retrieved from /Users/gaurav/Documents/Breast-Cancer-ML-Pipeline/venv/lib/python3.9/site-packages/airflow/example_dags/example_short_circuit_operator.py
[2025-04-21T17:07:42.932-0400] {logging_mixin.py:188} INFO - [2025-04-21T17:07:42.932-0400] {dag.py:3036} INFO - Sync 1 DAGs
[2025-04-21T17:07:42.944-0400] {logging_mixin.py:188} INFO - [2025-04-21T17:07:42.943-0400] {dag.py:3823} INFO - Setting next_dagrun for example_short_circuit_operator to 2025-04-20 00:00:00+00:00, run_after=2025-04-21 00:00:00+00:00
[2025-04-21T17:07:42.956-0400] {processor.py:183} INFO - Processing /Users/gaurav/Documents/Breast-Cancer-ML-Pipeline/venv/lib/python3.9/site-packages/airflow/example_dags/example_short_circuit_operator.py took 0.110 seconds
[2025-04-21T17:08:57.745-0400] {processor.py:161} INFO - Started process (PID=85591) to work on /Users/gaurav/Documents/Breast-Cancer-ML-Pipeline/venv/lib/python3.9/site-packages/airflow/example_dags/example_short_circuit_operator.py
[2025-04-21T17:08:57.746-0400] {processor.py:830} INFO - Processing file /Users/gaurav/Documents/Breast-Cancer-ML-Pipeline/venv/lib/python3.9/site-packages/airflow/example_dags/example_short_circuit_operator.py for tasks to queue
[2025-04-21T17:08:57.747-0400] {logging_mixin.py:188} INFO - [2025-04-21T17:08:57.747-0400] {dagbag.py:538} INFO - Filling up the DagBag from /Users/gaurav/Documents/Breast-Cancer-ML-Pipeline/venv/lib/python3.9/site-packages/airflow/example_dags/example_short_circuit_operator.py
[2025-04-21T17:08:57.766-0400] {processor.py:840} INFO - DAG(s) 'example_short_circuit_operator' retrieved from /Users/gaurav/Documents/Breast-Cancer-ML-Pipeline/venv/lib/python3.9/site-packages/airflow/example_dags/example_short_circuit_operator.py
[2025-04-21T17:08:57.830-0400] {logging_mixin.py:188} INFO - [2025-04-21T17:08:57.829-0400] {dag.py:3036} INFO - Sync 1 DAGs
[2025-04-21T17:08:57.841-0400] {logging_mixin.py:188} INFO - [2025-04-21T17:08:57.841-0400] {dag.py:3823} INFO - Setting next_dagrun for example_short_circuit_operator to 2025-04-20 00:00:00+00:00, run_after=2025-04-21 00:00:00+00:00
[2025-04-21T17:08:57.853-0400] {processor.py:183} INFO - Processing /Users/gaurav/Documents/Breast-Cancer-ML-Pipeline/venv/lib/python3.9/site-packages/airflow/example_dags/example_short_circuit_operator.py took 0.109 seconds
[2025-04-21T17:10:09.773-0400] {processor.py:161} INFO - Started process (PID=85668) to work on /Users/gaurav/Documents/Breast-Cancer-ML-Pipeline/venv/lib/python3.9/site-packages/airflow/example_dags/example_short_circuit_operator.py
[2025-04-21T17:10:09.775-0400] {processor.py:830} INFO - Processing file /Users/gaurav/Documents/Breast-Cancer-ML-Pipeline/venv/lib/python3.9/site-packages/airflow/example_dags/example_short_circuit_operator.py for tasks to queue
[2025-04-21T17:10:09.776-0400] {logging_mixin.py:188} INFO - [2025-04-21T17:10:09.776-0400] {dagbag.py:538} INFO - Filling up the DagBag from /Users/gaurav/Documents/Breast-Cancer-ML-Pipeline/venv/lib/python3.9/site-packages/airflow/example_dags/example_short_circuit_operator.py
[2025-04-21T17:10:09.796-0400] {processor.py:840} INFO - DAG(s) 'example_short_circuit_operator' retrieved from /Users/gaurav/Documents/Breast-Cancer-ML-Pipeline/venv/lib/python3.9/site-packages/airflow/example_dags/example_short_circuit_operator.py
[2025-04-21T17:10:09.861-0400] {logging_mixin.py:188} INFO - [2025-04-21T17:10:09.861-0400] {dag.py:3036} INFO - Sync 1 DAGs
[2025-04-21T17:10:09.872-0400] {logging_mixin.py:188} INFO - [2025-04-21T17:10:09.872-0400] {dag.py:3823} INFO - Setting next_dagrun for example_short_circuit_operator to 2025-04-20 00:00:00+00:00, run_after=2025-04-21 00:00:00+00:00
[2025-04-21T17:10:09.884-0400] {processor.py:183} INFO - Processing /Users/gaurav/Documents/Breast-Cancer-ML-Pipeline/venv/lib/python3.9/site-packages/airflow/example_dags/example_short_circuit_operator.py took 0.112 seconds
[2025-04-21T17:11:24.550-0400] {processor.py:161} INFO - Started process (PID=85754) to work on /Users/gaurav/Documents/Breast-Cancer-ML-Pipeline/venv/lib/python3.9/site-packages/airflow/example_dags/example_short_circuit_operator.py
[2025-04-21T17:11:24.551-0400] {processor.py:830} INFO - Processing file /Users/gaurav/Documents/Breast-Cancer-ML-Pipeline/venv/lib/python3.9/site-packages/airflow/example_dags/example_short_circuit_operator.py for tasks to queue
[2025-04-21T17:11:24.552-0400] {logging_mixin.py:188} INFO - [2025-04-21T17:11:24.552-0400] {dagbag.py:538} INFO - Filling up the DagBag from /Users/gaurav/Documents/Breast-Cancer-ML-Pipeline/venv/lib/python3.9/site-packages/airflow/example_dags/example_short_circuit_operator.py
[2025-04-21T17:11:24.573-0400] {processor.py:840} INFO - DAG(s) 'example_short_circuit_operator' retrieved from /Users/gaurav/Documents/Breast-Cancer-ML-Pipeline/venv/lib/python3.9/site-packages/airflow/example_dags/example_short_circuit_operator.py
[2025-04-21T17:11:24.637-0400] {logging_mixin.py:188} INFO - [2025-04-21T17:11:24.636-0400] {dag.py:3036} INFO - Sync 1 DAGs
[2025-04-21T17:11:24.648-0400] {logging_mixin.py:188} INFO - [2025-04-21T17:11:24.647-0400] {dag.py:3823} INFO - Setting next_dagrun for example_short_circuit_operator to 2025-04-20 00:00:00+00:00, run_after=2025-04-21 00:00:00+00:00
[2025-04-21T17:11:24.659-0400] {processor.py:183} INFO - Processing /Users/gaurav/Documents/Breast-Cancer-ML-Pipeline/venv/lib/python3.9/site-packages/airflow/example_dags/example_short_circuit_operator.py took 0.110 seconds
[2025-04-21T17:12:37.934-0400] {processor.py:161} INFO - Started process (PID=85844) to work on /Users/gaurav/Documents/Breast-Cancer-ML-Pipeline/venv/lib/python3.9/site-packages/airflow/example_dags/example_short_circuit_operator.py
[2025-04-21T17:12:37.936-0400] {processor.py:830} INFO - Processing file /Users/gaurav/Documents/Breast-Cancer-ML-Pipeline/venv/lib/python3.9/site-packages/airflow/example_dags/example_short_circuit_operator.py for tasks to queue
[2025-04-21T17:12:37.937-0400] {logging_mixin.py:188} INFO - [2025-04-21T17:12:37.937-0400] {dagbag.py:538} INFO - Filling up the DagBag from /Users/gaurav/Documents/Breast-Cancer-ML-Pipeline/venv/lib/python3.9/site-packages/airflow/example_dags/example_short_circuit_operator.py
[2025-04-21T17:12:37.960-0400] {processor.py:840} INFO - DAG(s) 'example_short_circuit_operator' retrieved from /Users/gaurav/Documents/Breast-Cancer-ML-Pipeline/venv/lib/python3.9/site-packages/airflow/example_dags/example_short_circuit_operator.py
[2025-04-21T17:12:38.024-0400] {logging_mixin.py:188} INFO - [2025-04-21T17:12:38.024-0400] {dag.py:3036} INFO - Sync 1 DAGs
[2025-04-21T17:12:38.036-0400] {logging_mixin.py:188} INFO - [2025-04-21T17:12:38.036-0400] {dag.py:3823} INFO - Setting next_dagrun for example_short_circuit_operator to 2025-04-20 00:00:00+00:00, run_after=2025-04-21 00:00:00+00:00
[2025-04-21T17:12:38.047-0400] {processor.py:183} INFO - Processing /Users/gaurav/Documents/Breast-Cancer-ML-Pipeline/venv/lib/python3.9/site-packages/airflow/example_dags/example_short_circuit_operator.py took 0.114 seconds
[2025-04-21T17:13:51.672-0400] {processor.py:161} INFO - Started process (PID=85942) to work on /Users/gaurav/Documents/Breast-Cancer-ML-Pipeline/venv/lib/python3.9/site-packages/airflow/example_dags/example_short_circuit_operator.py
[2025-04-21T17:13:51.673-0400] {processor.py:830} INFO - Processing file /Users/gaurav/Documents/Breast-Cancer-ML-Pipeline/venv/lib/python3.9/site-packages/airflow/example_dags/example_short_circuit_operator.py for tasks to queue
[2025-04-21T17:13:51.674-0400] {logging_mixin.py:188} INFO - [2025-04-21T17:13:51.674-0400] {dagbag.py:538} INFO - Filling up the DagBag from /Users/gaurav/Documents/Breast-Cancer-ML-Pipeline/venv/lib/python3.9/site-packages/airflow/example_dags/example_short_circuit_operator.py
[2025-04-21T17:13:51.695-0400] {processor.py:840} INFO - DAG(s) 'example_short_circuit_operator' retrieved from /Users/gaurav/Documents/Breast-Cancer-ML-Pipeline/venv/lib/python3.9/site-packages/airflow/example_dags/example_short_circuit_operator.py
[2025-04-21T17:13:51.761-0400] {logging_mixin.py:188} INFO - [2025-04-21T17:13:51.761-0400] {dag.py:3036} INFO - Sync 1 DAGs
[2025-04-21T17:13:51.772-0400] {logging_mixin.py:188} INFO - [2025-04-21T17:13:51.772-0400] {dag.py:3823} INFO - Setting next_dagrun for example_short_circuit_operator to 2025-04-20 00:00:00+00:00, run_after=2025-04-21 00:00:00+00:00
[2025-04-21T17:13:51.785-0400] {processor.py:183} INFO - Processing /Users/gaurav/Documents/Breast-Cancer-ML-Pipeline/venv/lib/python3.9/site-packages/airflow/example_dags/example_short_circuit_operator.py took 0.114 seconds
[2025-04-21T17:15:05.075-0400] {processor.py:161} INFO - Started process (PID=86021) to work on /Users/gaurav/Documents/Breast-Cancer-ML-Pipeline/venv/lib/python3.9/site-packages/airflow/example_dags/example_short_circuit_operator.py
[2025-04-21T17:15:05.077-0400] {processor.py:830} INFO - Processing file /Users/gaurav/Documents/Breast-Cancer-ML-Pipeline/venv/lib/python3.9/site-packages/airflow/example_dags/example_short_circuit_operator.py for tasks to queue
[2025-04-21T17:15:05.078-0400] {logging_mixin.py:188} INFO - [2025-04-21T17:15:05.078-0400] {dagbag.py:538} INFO - Filling up the DagBag from /Users/gaurav/Documents/Breast-Cancer-ML-Pipeline/venv/lib/python3.9/site-packages/airflow/example_dags/example_short_circuit_operator.py
[2025-04-21T17:15:05.098-0400] {processor.py:840} INFO - DAG(s) 'example_short_circuit_operator' retrieved from /Users/gaurav/Documents/Breast-Cancer-ML-Pipeline/venv/lib/python3.9/site-packages/airflow/example_dags/example_short_circuit_operator.py
[2025-04-21T17:15:05.163-0400] {logging_mixin.py:188} INFO - [2025-04-21T17:15:05.163-0400] {dag.py:3036} INFO - Sync 1 DAGs
[2025-04-21T17:15:05.175-0400] {logging_mixin.py:188} INFO - [2025-04-21T17:15:05.174-0400] {dag.py:3823} INFO - Setting next_dagrun for example_short_circuit_operator to 2025-04-20 00:00:00+00:00, run_after=2025-04-21 00:00:00+00:00
[2025-04-21T17:15:05.187-0400] {processor.py:183} INFO - Processing /Users/gaurav/Documents/Breast-Cancer-ML-Pipeline/venv/lib/python3.9/site-packages/airflow/example_dags/example_short_circuit_operator.py took 0.113 seconds
[2025-04-21T17:16:18.334-0400] {processor.py:161} INFO - Started process (PID=86109) to work on /Users/gaurav/Documents/Breast-Cancer-ML-Pipeline/venv/lib/python3.9/site-packages/airflow/example_dags/example_short_circuit_operator.py
[2025-04-21T17:16:18.335-0400] {processor.py:830} INFO - Processing file /Users/gaurav/Documents/Breast-Cancer-ML-Pipeline/venv/lib/python3.9/site-packages/airflow/example_dags/example_short_circuit_operator.py for tasks to queue
[2025-04-21T17:16:18.336-0400] {logging_mixin.py:188} INFO - [2025-04-21T17:16:18.336-0400] {dagbag.py:538} INFO - Filling up the DagBag from /Users/gaurav/Documents/Breast-Cancer-ML-Pipeline/venv/lib/python3.9/site-packages/airflow/example_dags/example_short_circuit_operator.py
[2025-04-21T17:16:18.357-0400] {processor.py:840} INFO - DAG(s) 'example_short_circuit_operator' retrieved from /Users/gaurav/Documents/Breast-Cancer-ML-Pipeline/venv/lib/python3.9/site-packages/airflow/example_dags/example_short_circuit_operator.py
[2025-04-21T17:16:18.421-0400] {logging_mixin.py:188} INFO - [2025-04-21T17:16:18.421-0400] {dag.py:3036} INFO - Sync 1 DAGs
[2025-04-21T17:16:18.432-0400] {logging_mixin.py:188} INFO - [2025-04-21T17:16:18.432-0400] {dag.py:3823} INFO - Setting next_dagrun for example_short_circuit_operator to 2025-04-20 00:00:00+00:00, run_after=2025-04-21 00:00:00+00:00
[2025-04-21T17:16:18.444-0400] {processor.py:183} INFO - Processing /Users/gaurav/Documents/Breast-Cancer-ML-Pipeline/venv/lib/python3.9/site-packages/airflow/example_dags/example_short_circuit_operator.py took 0.111 seconds
[2025-04-21T17:17:32.251-0400] {processor.py:161} INFO - Started process (PID=86215) to work on /Users/gaurav/Documents/Breast-Cancer-ML-Pipeline/venv/lib/python3.9/site-packages/airflow/example_dags/example_short_circuit_operator.py
[2025-04-21T17:17:32.252-0400] {processor.py:830} INFO - Processing file /Users/gaurav/Documents/Breast-Cancer-ML-Pipeline/venv/lib/python3.9/site-packages/airflow/example_dags/example_short_circuit_operator.py for tasks to queue
[2025-04-21T17:17:32.252-0400] {logging_mixin.py:188} INFO - [2025-04-21T17:17:32.252-0400] {dagbag.py:538} INFO - Filling up the DagBag from /Users/gaurav/Documents/Breast-Cancer-ML-Pipeline/venv/lib/python3.9/site-packages/airflow/example_dags/example_short_circuit_operator.py
[2025-04-21T17:17:32.273-0400] {processor.py:840} INFO - DAG(s) 'example_short_circuit_operator' retrieved from /Users/gaurav/Documents/Breast-Cancer-ML-Pipeline/venv/lib/python3.9/site-packages/airflow/example_dags/example_short_circuit_operator.py
[2025-04-21T17:17:32.335-0400] {logging_mixin.py:188} INFO - [2025-04-21T17:17:32.335-0400] {dag.py:3036} INFO - Sync 1 DAGs
[2025-04-21T17:17:32.346-0400] {logging_mixin.py:188} INFO - [2025-04-21T17:17:32.346-0400] {dag.py:3823} INFO - Setting next_dagrun for example_short_circuit_operator to 2025-04-20 00:00:00+00:00, run_after=2025-04-21 00:00:00+00:00
[2025-04-21T17:17:32.358-0400] {processor.py:183} INFO - Processing /Users/gaurav/Documents/Breast-Cancer-ML-Pipeline/venv/lib/python3.9/site-packages/airflow/example_dags/example_short_circuit_operator.py took 0.108 seconds
[2025-04-21T17:18:47.972-0400] {processor.py:161} INFO - Started process (PID=86308) to work on /Users/gaurav/Documents/Breast-Cancer-ML-Pipeline/venv/lib/python3.9/site-packages/airflow/example_dags/example_short_circuit_operator.py
[2025-04-21T17:18:47.973-0400] {processor.py:830} INFO - Processing file /Users/gaurav/Documents/Breast-Cancer-ML-Pipeline/venv/lib/python3.9/site-packages/airflow/example_dags/example_short_circuit_operator.py for tasks to queue
[2025-04-21T17:18:47.973-0400] {logging_mixin.py:188} INFO - [2025-04-21T17:18:47.973-0400] {dagbag.py:538} INFO - Filling up the DagBag from /Users/gaurav/Documents/Breast-Cancer-ML-Pipeline/venv/lib/python3.9/site-packages/airflow/example_dags/example_short_circuit_operator.py
[2025-04-21T17:18:47.996-0400] {processor.py:840} INFO - DAG(s) 'example_short_circuit_operator' retrieved from /Users/gaurav/Documents/Breast-Cancer-ML-Pipeline/venv/lib/python3.9/site-packages/airflow/example_dags/example_short_circuit_operator.py
[2025-04-21T17:18:48.063-0400] {logging_mixin.py:188} INFO - [2025-04-21T17:18:48.063-0400] {dag.py:3036} INFO - Sync 1 DAGs
[2025-04-21T17:18:48.074-0400] {logging_mixin.py:188} INFO - [2025-04-21T17:18:48.074-0400] {dag.py:3823} INFO - Setting next_dagrun for example_short_circuit_operator to 2025-04-20 00:00:00+00:00, run_after=2025-04-21 00:00:00+00:00
[2025-04-21T17:18:48.087-0400] {processor.py:183} INFO - Processing /Users/gaurav/Documents/Breast-Cancer-ML-Pipeline/venv/lib/python3.9/site-packages/airflow/example_dags/example_short_circuit_operator.py took 0.116 seconds
[2025-04-21T17:20:03.380-0400] {processor.py:161} INFO - Started process (PID=86403) to work on /Users/gaurav/Documents/Breast-Cancer-ML-Pipeline/venv/lib/python3.9/site-packages/airflow/example_dags/example_short_circuit_operator.py
[2025-04-21T17:20:03.382-0400] {processor.py:830} INFO - Processing file /Users/gaurav/Documents/Breast-Cancer-ML-Pipeline/venv/lib/python3.9/site-packages/airflow/example_dags/example_short_circuit_operator.py for tasks to queue
[2025-04-21T17:20:03.382-0400] {logging_mixin.py:188} INFO - [2025-04-21T17:20:03.382-0400] {dagbag.py:538} INFO - Filling up the DagBag from /Users/gaurav/Documents/Breast-Cancer-ML-Pipeline/venv/lib/python3.9/site-packages/airflow/example_dags/example_short_circuit_operator.py
[2025-04-21T17:20:03.405-0400] {processor.py:840} INFO - DAG(s) 'example_short_circuit_operator' retrieved from /Users/gaurav/Documents/Breast-Cancer-ML-Pipeline/venv/lib/python3.9/site-packages/airflow/example_dags/example_short_circuit_operator.py
[2025-04-21T17:20:03.478-0400] {logging_mixin.py:188} INFO - [2025-04-21T17:20:03.478-0400] {dag.py:3036} INFO - Sync 1 DAGs
[2025-04-21T17:20:03.490-0400] {logging_mixin.py:188} INFO - [2025-04-21T17:20:03.490-0400] {dag.py:3823} INFO - Setting next_dagrun for example_short_circuit_operator to 2025-04-20 00:00:00+00:00, run_after=2025-04-21 00:00:00+00:00
[2025-04-21T17:20:03.504-0400] {processor.py:183} INFO - Processing /Users/gaurav/Documents/Breast-Cancer-ML-Pipeline/venv/lib/python3.9/site-packages/airflow/example_dags/example_short_circuit_operator.py took 0.125 seconds
[2025-04-21T17:21:53.425-0400] {processor.py:161} INFO - Started process (PID=86510) to work on /Users/gaurav/Documents/Breast-Cancer-ML-Pipeline/venv/lib/python3.9/site-packages/airflow/example_dags/example_short_circuit_operator.py
[2025-04-21T17:21:53.426-0400] {processor.py:830} INFO - Processing file /Users/gaurav/Documents/Breast-Cancer-ML-Pipeline/venv/lib/python3.9/site-packages/airflow/example_dags/example_short_circuit_operator.py for tasks to queue
[2025-04-21T17:21:53.427-0400] {logging_mixin.py:188} INFO - [2025-04-21T17:21:53.427-0400] {dagbag.py:538} INFO - Filling up the DagBag from /Users/gaurav/Documents/Breast-Cancer-ML-Pipeline/venv/lib/python3.9/site-packages/airflow/example_dags/example_short_circuit_operator.py
[2025-04-21T17:21:53.450-0400] {processor.py:840} INFO - DAG(s) 'example_short_circuit_operator' retrieved from /Users/gaurav/Documents/Breast-Cancer-ML-Pipeline/venv/lib/python3.9/site-packages/airflow/example_dags/example_short_circuit_operator.py
[2025-04-21T17:21:53.579-0400] {logging_mixin.py:188} INFO - [2025-04-21T17:21:53.579-0400] {dag.py:3036} INFO - Sync 1 DAGs
[2025-04-21T17:21:53.593-0400] {logging_mixin.py:188} INFO - [2025-04-21T17:21:53.593-0400] {dag.py:3823} INFO - Setting next_dagrun for example_short_circuit_operator to 2025-04-20 00:00:00+00:00, run_after=2025-04-21 00:00:00+00:00
[2025-04-21T17:21:53.607-0400] {processor.py:183} INFO - Processing /Users/gaurav/Documents/Breast-Cancer-ML-Pipeline/venv/lib/python3.9/site-packages/airflow/example_dags/example_short_circuit_operator.py took 0.183 seconds
[2025-04-21T17:23:18.448-0400] {processor.py:161} INFO - Started process (PID=86596) to work on /Users/gaurav/Documents/Breast-Cancer-ML-Pipeline/venv/lib/python3.9/site-packages/airflow/example_dags/example_short_circuit_operator.py
[2025-04-21T17:23:18.449-0400] {processor.py:830} INFO - Processing file /Users/gaurav/Documents/Breast-Cancer-ML-Pipeline/venv/lib/python3.9/site-packages/airflow/example_dags/example_short_circuit_operator.py for tasks to queue
[2025-04-21T17:23:18.450-0400] {logging_mixin.py:188} INFO - [2025-04-21T17:23:18.450-0400] {dagbag.py:538} INFO - Filling up the DagBag from /Users/gaurav/Documents/Breast-Cancer-ML-Pipeline/venv/lib/python3.9/site-packages/airflow/example_dags/example_short_circuit_operator.py
[2025-04-21T17:23:18.474-0400] {processor.py:840} INFO - DAG(s) 'example_short_circuit_operator' retrieved from /Users/gaurav/Documents/Breast-Cancer-ML-Pipeline/venv/lib/python3.9/site-packages/airflow/example_dags/example_short_circuit_operator.py
[2025-04-21T17:23:18.541-0400] {logging_mixin.py:188} INFO - [2025-04-21T17:23:18.540-0400] {dag.py:3036} INFO - Sync 1 DAGs
[2025-04-21T17:23:18.552-0400] {logging_mixin.py:188} INFO - [2025-04-21T17:23:18.551-0400] {dag.py:3823} INFO - Setting next_dagrun for example_short_circuit_operator to 2025-04-20 00:00:00+00:00, run_after=2025-04-21 00:00:00+00:00
[2025-04-21T17:23:18.564-0400] {processor.py:183} INFO - Processing /Users/gaurav/Documents/Breast-Cancer-ML-Pipeline/venv/lib/python3.9/site-packages/airflow/example_dags/example_short_circuit_operator.py took 0.117 seconds
[2025-04-21T17:24:36.128-0400] {processor.py:161} INFO - Started process (PID=86693) to work on /Users/gaurav/Documents/Breast-Cancer-ML-Pipeline/venv/lib/python3.9/site-packages/airflow/example_dags/example_short_circuit_operator.py
[2025-04-21T17:24:36.129-0400] {processor.py:830} INFO - Processing file /Users/gaurav/Documents/Breast-Cancer-ML-Pipeline/venv/lib/python3.9/site-packages/airflow/example_dags/example_short_circuit_operator.py for tasks to queue
[2025-04-21T17:24:36.130-0400] {logging_mixin.py:188} INFO - [2025-04-21T17:24:36.130-0400] {dagbag.py:538} INFO - Filling up the DagBag from /Users/gaurav/Documents/Breast-Cancer-ML-Pipeline/venv/lib/python3.9/site-packages/airflow/example_dags/example_short_circuit_operator.py
[2025-04-21T17:24:36.150-0400] {processor.py:840} INFO - DAG(s) 'example_short_circuit_operator' retrieved from /Users/gaurav/Documents/Breast-Cancer-ML-Pipeline/venv/lib/python3.9/site-packages/airflow/example_dags/example_short_circuit_operator.py
[2025-04-21T17:24:36.214-0400] {logging_mixin.py:188} INFO - [2025-04-21T17:24:36.214-0400] {dag.py:3036} INFO - Sync 1 DAGs
[2025-04-21T17:24:36.225-0400] {logging_mixin.py:188} INFO - [2025-04-21T17:24:36.224-0400] {dag.py:3823} INFO - Setting next_dagrun for example_short_circuit_operator to 2025-04-20 00:00:00+00:00, run_after=2025-04-21 00:00:00+00:00
[2025-04-21T17:24:36.237-0400] {processor.py:183} INFO - Processing /Users/gaurav/Documents/Breast-Cancer-ML-Pipeline/venv/lib/python3.9/site-packages/airflow/example_dags/example_short_circuit_operator.py took 0.110 seconds
[2025-04-21T17:25:54.184-0400] {processor.py:161} INFO - Started process (PID=86803) to work on /Users/gaurav/Documents/Breast-Cancer-ML-Pipeline/venv/lib/python3.9/site-packages/airflow/example_dags/example_short_circuit_operator.py
[2025-04-21T17:25:54.185-0400] {processor.py:830} INFO - Processing file /Users/gaurav/Documents/Breast-Cancer-ML-Pipeline/venv/lib/python3.9/site-packages/airflow/example_dags/example_short_circuit_operator.py for tasks to queue
[2025-04-21T17:25:54.186-0400] {logging_mixin.py:188} INFO - [2025-04-21T17:25:54.186-0400] {dagbag.py:538} INFO - Filling up the DagBag from /Users/gaurav/Documents/Breast-Cancer-ML-Pipeline/venv/lib/python3.9/site-packages/airflow/example_dags/example_short_circuit_operator.py
[2025-04-21T17:25:54.207-0400] {processor.py:840} INFO - DAG(s) 'example_short_circuit_operator' retrieved from /Users/gaurav/Documents/Breast-Cancer-ML-Pipeline/venv/lib/python3.9/site-packages/airflow/example_dags/example_short_circuit_operator.py
[2025-04-21T17:25:54.274-0400] {logging_mixin.py:188} INFO - [2025-04-21T17:25:54.273-0400] {dag.py:3036} INFO - Sync 1 DAGs
[2025-04-21T17:25:54.285-0400] {logging_mixin.py:188} INFO - [2025-04-21T17:25:54.285-0400] {dag.py:3823} INFO - Setting next_dagrun for example_short_circuit_operator to 2025-04-20 00:00:00+00:00, run_after=2025-04-21 00:00:00+00:00
[2025-04-21T17:25:54.296-0400] {processor.py:183} INFO - Processing /Users/gaurav/Documents/Breast-Cancer-ML-Pipeline/venv/lib/python3.9/site-packages/airflow/example_dags/example_short_circuit_operator.py took 0.113 seconds
[2025-04-21T17:27:07.466-0400] {processor.py:161} INFO - Started process (PID=86891) to work on /Users/gaurav/Documents/Breast-Cancer-ML-Pipeline/venv/lib/python3.9/site-packages/airflow/example_dags/example_short_circuit_operator.py
[2025-04-21T17:27:07.468-0400] {processor.py:830} INFO - Processing file /Users/gaurav/Documents/Breast-Cancer-ML-Pipeline/venv/lib/python3.9/site-packages/airflow/example_dags/example_short_circuit_operator.py for tasks to queue
[2025-04-21T17:27:07.468-0400] {logging_mixin.py:188} INFO - [2025-04-21T17:27:07.468-0400] {dagbag.py:538} INFO - Filling up the DagBag from /Users/gaurav/Documents/Breast-Cancer-ML-Pipeline/venv/lib/python3.9/site-packages/airflow/example_dags/example_short_circuit_operator.py
[2025-04-21T17:27:07.490-0400] {processor.py:840} INFO - DAG(s) 'example_short_circuit_operator' retrieved from /Users/gaurav/Documents/Breast-Cancer-ML-Pipeline/venv/lib/python3.9/site-packages/airflow/example_dags/example_short_circuit_operator.py
[2025-04-21T17:27:07.557-0400] {logging_mixin.py:188} INFO - [2025-04-21T17:27:07.557-0400] {dag.py:3036} INFO - Sync 1 DAGs
[2025-04-21T17:27:07.568-0400] {logging_mixin.py:188} INFO - [2025-04-21T17:27:07.568-0400] {dag.py:3823} INFO - Setting next_dagrun for example_short_circuit_operator to 2025-04-20 00:00:00+00:00, run_after=2025-04-21 00:00:00+00:00
[2025-04-21T17:27:07.580-0400] {processor.py:183} INFO - Processing /Users/gaurav/Documents/Breast-Cancer-ML-Pipeline/venv/lib/python3.9/site-packages/airflow/example_dags/example_short_circuit_operator.py took 0.115 seconds
[2025-04-21T17:29:27.493-0400] {processor.py:161} INFO - Started process (PID=87114) to work on /Users/gaurav/Documents/Breast-Cancer-ML-Pipeline/venv/lib/python3.9/site-packages/airflow/example_dags/example_short_circuit_operator.py
[2025-04-21T17:29:27.495-0400] {processor.py:830} INFO - Processing file /Users/gaurav/Documents/Breast-Cancer-ML-Pipeline/venv/lib/python3.9/site-packages/airflow/example_dags/example_short_circuit_operator.py for tasks to queue
[2025-04-21T17:29:27.495-0400] {logging_mixin.py:188} INFO - [2025-04-21T17:29:27.495-0400] {dagbag.py:538} INFO - Filling up the DagBag from /Users/gaurav/Documents/Breast-Cancer-ML-Pipeline/venv/lib/python3.9/site-packages/airflow/example_dags/example_short_circuit_operator.py
[2025-04-21T17:29:27.518-0400] {processor.py:840} INFO - DAG(s) 'example_short_circuit_operator' retrieved from /Users/gaurav/Documents/Breast-Cancer-ML-Pipeline/venv/lib/python3.9/site-packages/airflow/example_dags/example_short_circuit_operator.py
[2025-04-21T17:29:27.614-0400] {logging_mixin.py:188} INFO - [2025-04-21T17:29:27.614-0400] {dag.py:3036} INFO - Sync 1 DAGs
[2025-04-21T17:29:27.627-0400] {logging_mixin.py:188} INFO - [2025-04-21T17:29:27.627-0400] {dag.py:3823} INFO - Setting next_dagrun for example_short_circuit_operator to 2025-04-20 00:00:00+00:00, run_after=2025-04-21 00:00:00+00:00
[2025-04-21T17:29:27.640-0400] {processor.py:183} INFO - Processing /Users/gaurav/Documents/Breast-Cancer-ML-Pipeline/venv/lib/python3.9/site-packages/airflow/example_dags/example_short_circuit_operator.py took 0.148 seconds
[2025-04-21T17:30:44.383-0400] {processor.py:161} INFO - Started process (PID=87202) to work on /Users/gaurav/Documents/Breast-Cancer-ML-Pipeline/venv/lib/python3.9/site-packages/airflow/example_dags/example_short_circuit_operator.py
[2025-04-21T17:30:44.385-0400] {processor.py:830} INFO - Processing file /Users/gaurav/Documents/Breast-Cancer-ML-Pipeline/venv/lib/python3.9/site-packages/airflow/example_dags/example_short_circuit_operator.py for tasks to queue
[2025-04-21T17:30:44.386-0400] {logging_mixin.py:188} INFO - [2025-04-21T17:30:44.386-0400] {dagbag.py:538} INFO - Filling up the DagBag from /Users/gaurav/Documents/Breast-Cancer-ML-Pipeline/venv/lib/python3.9/site-packages/airflow/example_dags/example_short_circuit_operator.py
[2025-04-21T17:30:44.407-0400] {processor.py:840} INFO - DAG(s) 'example_short_circuit_operator' retrieved from /Users/gaurav/Documents/Breast-Cancer-ML-Pipeline/venv/lib/python3.9/site-packages/airflow/example_dags/example_short_circuit_operator.py
[2025-04-21T17:30:44.476-0400] {logging_mixin.py:188} INFO - [2025-04-21T17:30:44.476-0400] {dag.py:3036} INFO - Sync 1 DAGs
[2025-04-21T17:30:44.488-0400] {logging_mixin.py:188} INFO - [2025-04-21T17:30:44.488-0400] {dag.py:3823} INFO - Setting next_dagrun for example_short_circuit_operator to 2025-04-20 00:00:00+00:00, run_after=2025-04-21 00:00:00+00:00
[2025-04-21T17:30:44.501-0400] {processor.py:183} INFO - Processing /Users/gaurav/Documents/Breast-Cancer-ML-Pipeline/venv/lib/python3.9/site-packages/airflow/example_dags/example_short_circuit_operator.py took 0.119 seconds
[2025-04-21T17:31:57.803-0400] {processor.py:161} INFO - Started process (PID=87281) to work on /Users/gaurav/Documents/Breast-Cancer-ML-Pipeline/venv/lib/python3.9/site-packages/airflow/example_dags/example_short_circuit_operator.py
[2025-04-21T17:31:57.804-0400] {processor.py:830} INFO - Processing file /Users/gaurav/Documents/Breast-Cancer-ML-Pipeline/venv/lib/python3.9/site-packages/airflow/example_dags/example_short_circuit_operator.py for tasks to queue
[2025-04-21T17:31:57.805-0400] {logging_mixin.py:188} INFO - [2025-04-21T17:31:57.805-0400] {dagbag.py:538} INFO - Filling up the DagBag from /Users/gaurav/Documents/Breast-Cancer-ML-Pipeline/venv/lib/python3.9/site-packages/airflow/example_dags/example_short_circuit_operator.py
[2025-04-21T17:31:57.825-0400] {processor.py:840} INFO - DAG(s) 'example_short_circuit_operator' retrieved from /Users/gaurav/Documents/Breast-Cancer-ML-Pipeline/venv/lib/python3.9/site-packages/airflow/example_dags/example_short_circuit_operator.py
[2025-04-21T17:31:57.888-0400] {logging_mixin.py:188} INFO - [2025-04-21T17:31:57.888-0400] {dag.py:3036} INFO - Sync 1 DAGs
[2025-04-21T17:31:57.899-0400] {logging_mixin.py:188} INFO - [2025-04-21T17:31:57.899-0400] {dag.py:3823} INFO - Setting next_dagrun for example_short_circuit_operator to 2025-04-20 00:00:00+00:00, run_after=2025-04-21 00:00:00+00:00
[2025-04-21T17:31:57.910-0400] {processor.py:183} INFO - Processing /Users/gaurav/Documents/Breast-Cancer-ML-Pipeline/venv/lib/python3.9/site-packages/airflow/example_dags/example_short_circuit_operator.py took 0.108 seconds
[2025-04-21T17:36:59.529-0400] {processor.py:161} INFO - Started process (PID=87594) to work on /Users/gaurav/Documents/Breast-Cancer-ML-Pipeline/venv/lib/python3.9/site-packages/airflow/example_dags/example_short_circuit_operator.py
[2025-04-21T17:36:59.530-0400] {processor.py:830} INFO - Processing file /Users/gaurav/Documents/Breast-Cancer-ML-Pipeline/venv/lib/python3.9/site-packages/airflow/example_dags/example_short_circuit_operator.py for tasks to queue
[2025-04-21T17:36:59.530-0400] {logging_mixin.py:188} INFO - [2025-04-21T17:36:59.530-0400] {dagbag.py:538} INFO - Filling up the DagBag from /Users/gaurav/Documents/Breast-Cancer-ML-Pipeline/venv/lib/python3.9/site-packages/airflow/example_dags/example_short_circuit_operator.py
[2025-04-21T17:36:59.551-0400] {processor.py:840} INFO - DAG(s) 'example_short_circuit_operator' retrieved from /Users/gaurav/Documents/Breast-Cancer-ML-Pipeline/venv/lib/python3.9/site-packages/airflow/example_dags/example_short_circuit_operator.py
[2025-04-21T17:36:59.669-0400] {logging_mixin.py:188} INFO - [2025-04-21T17:36:59.668-0400] {dag.py:3036} INFO - Sync 1 DAGs
[2025-04-21T17:36:59.680-0400] {logging_mixin.py:188} INFO - [2025-04-21T17:36:59.680-0400] {dag.py:3823} INFO - Setting next_dagrun for example_short_circuit_operator to 2025-04-20 00:00:00+00:00, run_after=2025-04-21 00:00:00+00:00
[2025-04-21T17:36:59.693-0400] {processor.py:183} INFO - Processing /Users/gaurav/Documents/Breast-Cancer-ML-Pipeline/venv/lib/python3.9/site-packages/airflow/example_dags/example_short_circuit_operator.py took 0.165 seconds
[2025-04-21T17:38:50.529-0400] {processor.py:161} INFO - Started process (PID=87869) to work on /Users/gaurav/Documents/Breast-Cancer-ML-Pipeline/venv/lib/python3.9/site-packages/airflow/example_dags/example_short_circuit_operator.py
[2025-04-21T17:38:50.532-0400] {processor.py:830} INFO - Processing file /Users/gaurav/Documents/Breast-Cancer-ML-Pipeline/venv/lib/python3.9/site-packages/airflow/example_dags/example_short_circuit_operator.py for tasks to queue
[2025-04-21T17:38:50.532-0400] {logging_mixin.py:188} INFO - [2025-04-21T17:38:50.532-0400] {dagbag.py:538} INFO - Filling up the DagBag from /Users/gaurav/Documents/Breast-Cancer-ML-Pipeline/venv/lib/python3.9/site-packages/airflow/example_dags/example_short_circuit_operator.py
[2025-04-21T17:38:50.553-0400] {processor.py:840} INFO - DAG(s) 'example_short_circuit_operator' retrieved from /Users/gaurav/Documents/Breast-Cancer-ML-Pipeline/venv/lib/python3.9/site-packages/airflow/example_dags/example_short_circuit_operator.py
[2025-04-21T17:38:50.617-0400] {logging_mixin.py:188} INFO - [2025-04-21T17:38:50.617-0400] {dag.py:3036} INFO - Sync 1 DAGs
[2025-04-21T17:38:50.628-0400] {logging_mixin.py:188} INFO - [2025-04-21T17:38:50.628-0400] {dag.py:3823} INFO - Setting next_dagrun for example_short_circuit_operator to 2025-04-20 00:00:00+00:00, run_after=2025-04-21 00:00:00+00:00
[2025-04-21T17:38:50.640-0400] {processor.py:183} INFO - Processing /Users/gaurav/Documents/Breast-Cancer-ML-Pipeline/venv/lib/python3.9/site-packages/airflow/example_dags/example_short_circuit_operator.py took 0.112 seconds
[2025-04-21T17:40:06.192-0400] {processor.py:161} INFO - Started process (PID=87986) to work on /Users/gaurav/Documents/Breast-Cancer-ML-Pipeline/venv/lib/python3.9/site-packages/airflow/example_dags/example_short_circuit_operator.py
[2025-04-21T17:40:06.194-0400] {processor.py:830} INFO - Processing file /Users/gaurav/Documents/Breast-Cancer-ML-Pipeline/venv/lib/python3.9/site-packages/airflow/example_dags/example_short_circuit_operator.py for tasks to queue
[2025-04-21T17:40:06.194-0400] {logging_mixin.py:188} INFO - [2025-04-21T17:40:06.194-0400] {dagbag.py:538} INFO - Filling up the DagBag from /Users/gaurav/Documents/Breast-Cancer-ML-Pipeline/venv/lib/python3.9/site-packages/airflow/example_dags/example_short_circuit_operator.py
[2025-04-21T17:40:06.215-0400] {processor.py:840} INFO - DAG(s) 'example_short_circuit_operator' retrieved from /Users/gaurav/Documents/Breast-Cancer-ML-Pipeline/venv/lib/python3.9/site-packages/airflow/example_dags/example_short_circuit_operator.py
[2025-04-21T17:40:06.280-0400] {logging_mixin.py:188} INFO - [2025-04-21T17:40:06.280-0400] {dag.py:3036} INFO - Sync 1 DAGs
[2025-04-21T17:40:06.292-0400] {logging_mixin.py:188} INFO - [2025-04-21T17:40:06.292-0400] {dag.py:3823} INFO - Setting next_dagrun for example_short_circuit_operator to 2025-04-20 00:00:00+00:00, run_after=2025-04-21 00:00:00+00:00
[2025-04-21T17:40:06.304-0400] {processor.py:183} INFO - Processing /Users/gaurav/Documents/Breast-Cancer-ML-Pipeline/venv/lib/python3.9/site-packages/airflow/example_dags/example_short_circuit_operator.py took 0.112 seconds
[2025-04-21T17:41:28.999-0400] {processor.py:161} INFO - Started process (PID=88099) to work on /Users/gaurav/Documents/Breast-Cancer-ML-Pipeline/venv/lib/python3.9/site-packages/airflow/example_dags/example_short_circuit_operator.py
[2025-04-21T17:41:29.001-0400] {processor.py:830} INFO - Processing file /Users/gaurav/Documents/Breast-Cancer-ML-Pipeline/venv/lib/python3.9/site-packages/airflow/example_dags/example_short_circuit_operator.py for tasks to queue
[2025-04-21T17:41:29.001-0400] {logging_mixin.py:188} INFO - [2025-04-21T17:41:29.001-0400] {dagbag.py:538} INFO - Filling up the DagBag from /Users/gaurav/Documents/Breast-Cancer-ML-Pipeline/venv/lib/python3.9/site-packages/airflow/example_dags/example_short_circuit_operator.py
[2025-04-21T17:41:29.022-0400] {processor.py:840} INFO - DAG(s) 'example_short_circuit_operator' retrieved from /Users/gaurav/Documents/Breast-Cancer-ML-Pipeline/venv/lib/python3.9/site-packages/airflow/example_dags/example_short_circuit_operator.py
[2025-04-21T17:41:29.087-0400] {logging_mixin.py:188} INFO - [2025-04-21T17:41:29.087-0400] {dag.py:3036} INFO - Sync 1 DAGs
[2025-04-21T17:41:29.099-0400] {logging_mixin.py:188} INFO - [2025-04-21T17:41:29.099-0400] {dag.py:3823} INFO - Setting next_dagrun for example_short_circuit_operator to 2025-04-20 00:00:00+00:00, run_after=2025-04-21 00:00:00+00:00
[2025-04-21T17:41:29.111-0400] {processor.py:183} INFO - Processing /Users/gaurav/Documents/Breast-Cancer-ML-Pipeline/venv/lib/python3.9/site-packages/airflow/example_dags/example_short_circuit_operator.py took 0.113 seconds
[2025-04-21T17:42:42.167-0400] {processor.py:161} INFO - Started process (PID=88183) to work on /Users/gaurav/Documents/Breast-Cancer-ML-Pipeline/venv/lib/python3.9/site-packages/airflow/example_dags/example_short_circuit_operator.py
[2025-04-21T17:42:42.169-0400] {processor.py:830} INFO - Processing file /Users/gaurav/Documents/Breast-Cancer-ML-Pipeline/venv/lib/python3.9/site-packages/airflow/example_dags/example_short_circuit_operator.py for tasks to queue
[2025-04-21T17:42:42.169-0400] {logging_mixin.py:188} INFO - [2025-04-21T17:42:42.169-0400] {dagbag.py:538} INFO - Filling up the DagBag from /Users/gaurav/Documents/Breast-Cancer-ML-Pipeline/venv/lib/python3.9/site-packages/airflow/example_dags/example_short_circuit_operator.py
[2025-04-21T17:42:42.189-0400] {processor.py:840} INFO - DAG(s) 'example_short_circuit_operator' retrieved from /Users/gaurav/Documents/Breast-Cancer-ML-Pipeline/venv/lib/python3.9/site-packages/airflow/example_dags/example_short_circuit_operator.py
[2025-04-21T17:42:42.255-0400] {logging_mixin.py:188} INFO - [2025-04-21T17:42:42.255-0400] {dag.py:3036} INFO - Sync 1 DAGs
[2025-04-21T17:42:42.267-0400] {logging_mixin.py:188} INFO - [2025-04-21T17:42:42.266-0400] {dag.py:3823} INFO - Setting next_dagrun for example_short_circuit_operator to 2025-04-20 00:00:00+00:00, run_after=2025-04-21 00:00:00+00:00
[2025-04-21T17:42:42.278-0400] {processor.py:183} INFO - Processing /Users/gaurav/Documents/Breast-Cancer-ML-Pipeline/venv/lib/python3.9/site-packages/airflow/example_dags/example_short_circuit_operator.py took 0.112 seconds
[2025-04-21T17:43:54.098-0400] {processor.py:161} INFO - Started process (PID=88264) to work on /Users/gaurav/Documents/Breast-Cancer-ML-Pipeline/venv/lib/python3.9/site-packages/airflow/example_dags/example_short_circuit_operator.py
[2025-04-21T17:43:54.100-0400] {processor.py:830} INFO - Processing file /Users/gaurav/Documents/Breast-Cancer-ML-Pipeline/venv/lib/python3.9/site-packages/airflow/example_dags/example_short_circuit_operator.py for tasks to queue
[2025-04-21T17:43:54.100-0400] {logging_mixin.py:188} INFO - [2025-04-21T17:43:54.100-0400] {dagbag.py:538} INFO - Filling up the DagBag from /Users/gaurav/Documents/Breast-Cancer-ML-Pipeline/venv/lib/python3.9/site-packages/airflow/example_dags/example_short_circuit_operator.py
[2025-04-21T17:43:54.121-0400] {processor.py:840} INFO - DAG(s) 'example_short_circuit_operator' retrieved from /Users/gaurav/Documents/Breast-Cancer-ML-Pipeline/venv/lib/python3.9/site-packages/airflow/example_dags/example_short_circuit_operator.py
[2025-04-21T17:43:54.185-0400] {logging_mixin.py:188} INFO - [2025-04-21T17:43:54.184-0400] {dag.py:3036} INFO - Sync 1 DAGs
[2025-04-21T17:43:54.196-0400] {logging_mixin.py:188} INFO - [2025-04-21T17:43:54.196-0400] {dag.py:3823} INFO - Setting next_dagrun for example_short_circuit_operator to 2025-04-20 00:00:00+00:00, run_after=2025-04-21 00:00:00+00:00
[2025-04-21T17:43:54.208-0400] {processor.py:183} INFO - Processing /Users/gaurav/Documents/Breast-Cancer-ML-Pipeline/venv/lib/python3.9/site-packages/airflow/example_dags/example_short_circuit_operator.py took 0.111 seconds
[2025-04-21T17:45:04.309-0400] {processor.py:161} INFO - Started process (PID=88369) to work on /Users/gaurav/Documents/Breast-Cancer-ML-Pipeline/venv/lib/python3.9/site-packages/airflow/example_dags/example_short_circuit_operator.py
[2025-04-21T17:45:04.311-0400] {processor.py:830} INFO - Processing file /Users/gaurav/Documents/Breast-Cancer-ML-Pipeline/venv/lib/python3.9/site-packages/airflow/example_dags/example_short_circuit_operator.py for tasks to queue
[2025-04-21T17:45:04.311-0400] {logging_mixin.py:188} INFO - [2025-04-21T17:45:04.311-0400] {dagbag.py:538} INFO - Filling up the DagBag from /Users/gaurav/Documents/Breast-Cancer-ML-Pipeline/venv/lib/python3.9/site-packages/airflow/example_dags/example_short_circuit_operator.py
[2025-04-21T17:45:04.329-0400] {processor.py:840} INFO - DAG(s) 'example_short_circuit_operator' retrieved from /Users/gaurav/Documents/Breast-Cancer-ML-Pipeline/venv/lib/python3.9/site-packages/airflow/example_dags/example_short_circuit_operator.py
[2025-04-21T17:45:04.382-0400] {logging_mixin.py:188} INFO - [2025-04-21T17:45:04.381-0400] {dag.py:3036} INFO - Sync 1 DAGs
[2025-04-21T17:45:04.390-0400] {logging_mixin.py:188} INFO - [2025-04-21T17:45:04.390-0400] {dag.py:3823} INFO - Setting next_dagrun for example_short_circuit_operator to 2025-04-20 00:00:00+00:00, run_after=2025-04-21 00:00:00+00:00
[2025-04-21T17:45:04.400-0400] {processor.py:183} INFO - Processing /Users/gaurav/Documents/Breast-Cancer-ML-Pipeline/venv/lib/python3.9/site-packages/airflow/example_dags/example_short_circuit_operator.py took 0.091 seconds
[2025-04-21T17:45:57.473-0400] {processor.py:161} INFO - Started process (PID=88465) to work on /Users/gaurav/Documents/Breast-Cancer-ML-Pipeline/venv/lib/python3.9/site-packages/airflow/example_dags/example_short_circuit_operator.py
[2025-04-21T17:45:57.474-0400] {processor.py:830} INFO - Processing file /Users/gaurav/Documents/Breast-Cancer-ML-Pipeline/venv/lib/python3.9/site-packages/airflow/example_dags/example_short_circuit_operator.py for tasks to queue
[2025-04-21T17:45:57.475-0400] {logging_mixin.py:188} INFO - [2025-04-21T17:45:57.475-0400] {dagbag.py:538} INFO - Filling up the DagBag from /Users/gaurav/Documents/Breast-Cancer-ML-Pipeline/venv/lib/python3.9/site-packages/airflow/example_dags/example_short_circuit_operator.py
[2025-04-21T17:45:57.494-0400] {processor.py:840} INFO - DAG(s) 'example_short_circuit_operator' retrieved from /Users/gaurav/Documents/Breast-Cancer-ML-Pipeline/venv/lib/python3.9/site-packages/airflow/example_dags/example_short_circuit_operator.py
[2025-04-21T17:45:57.550-0400] {logging_mixin.py:188} INFO - [2025-04-21T17:45:57.549-0400] {dag.py:3036} INFO - Sync 1 DAGs
[2025-04-21T17:45:57.559-0400] {logging_mixin.py:188} INFO - [2025-04-21T17:45:57.559-0400] {dag.py:3823} INFO - Setting next_dagrun for example_short_circuit_operator to 2025-04-20 00:00:00+00:00, run_after=2025-04-21 00:00:00+00:00
[2025-04-21T17:45:57.568-0400] {processor.py:183} INFO - Processing /Users/gaurav/Documents/Breast-Cancer-ML-Pipeline/venv/lib/python3.9/site-packages/airflow/example_dags/example_short_circuit_operator.py took 0.096 seconds
[2025-04-21T17:46:51.017-0400] {processor.py:161} INFO - Started process (PID=88565) to work on /Users/gaurav/Documents/Breast-Cancer-ML-Pipeline/venv/lib/python3.9/site-packages/airflow/example_dags/example_short_circuit_operator.py
[2025-04-21T17:46:51.018-0400] {processor.py:830} INFO - Processing file /Users/gaurav/Documents/Breast-Cancer-ML-Pipeline/venv/lib/python3.9/site-packages/airflow/example_dags/example_short_circuit_operator.py for tasks to queue
[2025-04-21T17:46:51.018-0400] {logging_mixin.py:188} INFO - [2025-04-21T17:46:51.018-0400] {dagbag.py:538} INFO - Filling up the DagBag from /Users/gaurav/Documents/Breast-Cancer-ML-Pipeline/venv/lib/python3.9/site-packages/airflow/example_dags/example_short_circuit_operator.py
[2025-04-21T17:46:51.035-0400] {processor.py:840} INFO - DAG(s) 'example_short_circuit_operator' retrieved from /Users/gaurav/Documents/Breast-Cancer-ML-Pipeline/venv/lib/python3.9/site-packages/airflow/example_dags/example_short_circuit_operator.py
[2025-04-21T17:46:51.085-0400] {logging_mixin.py:188} INFO - [2025-04-21T17:46:51.085-0400] {dag.py:3036} INFO - Sync 1 DAGs
[2025-04-21T17:46:51.094-0400] {logging_mixin.py:188} INFO - [2025-04-21T17:46:51.094-0400] {dag.py:3823} INFO - Setting next_dagrun for example_short_circuit_operator to 2025-04-20 00:00:00+00:00, run_after=2025-04-21 00:00:00+00:00
[2025-04-21T17:46:51.103-0400] {processor.py:183} INFO - Processing /Users/gaurav/Documents/Breast-Cancer-ML-Pipeline/venv/lib/python3.9/site-packages/airflow/example_dags/example_short_circuit_operator.py took 0.087 seconds
[2025-04-21T17:47:45.228-0400] {processor.py:161} INFO - Started process (PID=88636) to work on /Users/gaurav/Documents/Breast-Cancer-ML-Pipeline/venv/lib/python3.9/site-packages/airflow/example_dags/example_short_circuit_operator.py
[2025-04-21T17:47:45.229-0400] {processor.py:830} INFO - Processing file /Users/gaurav/Documents/Breast-Cancer-ML-Pipeline/venv/lib/python3.9/site-packages/airflow/example_dags/example_short_circuit_operator.py for tasks to queue
[2025-04-21T17:47:45.230-0400] {logging_mixin.py:188} INFO - [2025-04-21T17:47:45.230-0400] {dagbag.py:538} INFO - Filling up the DagBag from /Users/gaurav/Documents/Breast-Cancer-ML-Pipeline/venv/lib/python3.9/site-packages/airflow/example_dags/example_short_circuit_operator.py
[2025-04-21T17:47:45.247-0400] {processor.py:840} INFO - DAG(s) 'example_short_circuit_operator' retrieved from /Users/gaurav/Documents/Breast-Cancer-ML-Pipeline/venv/lib/python3.9/site-packages/airflow/example_dags/example_short_circuit_operator.py
[2025-04-21T17:47:45.297-0400] {logging_mixin.py:188} INFO - [2025-04-21T17:47:45.297-0400] {dag.py:3036} INFO - Sync 1 DAGs
[2025-04-21T17:47:45.306-0400] {logging_mixin.py:188} INFO - [2025-04-21T17:47:45.306-0400] {dag.py:3823} INFO - Setting next_dagrun for example_short_circuit_operator to 2025-04-20 00:00:00+00:00, run_after=2025-04-21 00:00:00+00:00
[2025-04-21T17:47:45.315-0400] {processor.py:183} INFO - Processing /Users/gaurav/Documents/Breast-Cancer-ML-Pipeline/venv/lib/python3.9/site-packages/airflow/example_dags/example_short_circuit_operator.py took 0.088 seconds
[2025-04-21T17:48:30.410-0400] {processor.py:161} INFO - Started process (PID=88691) to work on /Users/gaurav/Documents/Breast-Cancer-ML-Pipeline/venv/lib/python3.9/site-packages/airflow/example_dags/example_short_circuit_operator.py
[2025-04-21T17:48:30.412-0400] {processor.py:830} INFO - Processing file /Users/gaurav/Documents/Breast-Cancer-ML-Pipeline/venv/lib/python3.9/site-packages/airflow/example_dags/example_short_circuit_operator.py for tasks to queue
[2025-04-21T17:48:30.412-0400] {logging_mixin.py:188} INFO - [2025-04-21T17:48:30.412-0400] {dagbag.py:538} INFO - Filling up the DagBag from /Users/gaurav/Documents/Breast-Cancer-ML-Pipeline/venv/lib/python3.9/site-packages/airflow/example_dags/example_short_circuit_operator.py
[2025-04-21T17:48:30.429-0400] {processor.py:840} INFO - DAG(s) 'example_short_circuit_operator' retrieved from /Users/gaurav/Documents/Breast-Cancer-ML-Pipeline/venv/lib/python3.9/site-packages/airflow/example_dags/example_short_circuit_operator.py
[2025-04-21T17:48:30.479-0400] {logging_mixin.py:188} INFO - [2025-04-21T17:48:30.479-0400] {dag.py:3036} INFO - Sync 1 DAGs
[2025-04-21T17:48:30.487-0400] {logging_mixin.py:188} INFO - [2025-04-21T17:48:30.487-0400] {dag.py:3823} INFO - Setting next_dagrun for example_short_circuit_operator to 2025-04-20 00:00:00+00:00, run_after=2025-04-21 00:00:00+00:00
[2025-04-21T17:48:30.497-0400] {processor.py:183} INFO - Processing /Users/gaurav/Documents/Breast-Cancer-ML-Pipeline/venv/lib/python3.9/site-packages/airflow/example_dags/example_short_circuit_operator.py took 0.087 seconds
[2025-04-21T17:49:30.925-0400] {processor.py:161} INFO - Started process (PID=88781) to work on /Users/gaurav/Documents/Breast-Cancer-ML-Pipeline/venv/lib/python3.9/site-packages/airflow/example_dags/example_short_circuit_operator.py
[2025-04-21T17:49:30.927-0400] {processor.py:830} INFO - Processing file /Users/gaurav/Documents/Breast-Cancer-ML-Pipeline/venv/lib/python3.9/site-packages/airflow/example_dags/example_short_circuit_operator.py for tasks to queue
[2025-04-21T17:49:30.927-0400] {logging_mixin.py:188} INFO - [2025-04-21T17:49:30.927-0400] {dagbag.py:538} INFO - Filling up the DagBag from /Users/gaurav/Documents/Breast-Cancer-ML-Pipeline/venv/lib/python3.9/site-packages/airflow/example_dags/example_short_circuit_operator.py
[2025-04-21T17:49:30.947-0400] {processor.py:840} INFO - DAG(s) 'example_short_circuit_operator' retrieved from /Users/gaurav/Documents/Breast-Cancer-ML-Pipeline/venv/lib/python3.9/site-packages/airflow/example_dags/example_short_circuit_operator.py
[2025-04-21T17:49:30.998-0400] {logging_mixin.py:188} INFO - [2025-04-21T17:49:30.998-0400] {dag.py:3036} INFO - Sync 1 DAGs
[2025-04-21T17:49:31.007-0400] {logging_mixin.py:188} INFO - [2025-04-21T17:49:31.007-0400] {dag.py:3823} INFO - Setting next_dagrun for example_short_circuit_operator to 2025-04-20 00:00:00+00:00, run_after=2025-04-21 00:00:00+00:00
[2025-04-21T17:49:31.016-0400] {processor.py:183} INFO - Processing /Users/gaurav/Documents/Breast-Cancer-ML-Pipeline/venv/lib/python3.9/site-packages/airflow/example_dags/example_short_circuit_operator.py took 0.092 seconds
[2025-04-21T17:50:17.663-0400] {processor.py:161} INFO - Started process (PID=88842) to work on /Users/gaurav/Documents/Breast-Cancer-ML-Pipeline/venv/lib/python3.9/site-packages/airflow/example_dags/example_short_circuit_operator.py
[2025-04-21T17:50:17.665-0400] {processor.py:830} INFO - Processing file /Users/gaurav/Documents/Breast-Cancer-ML-Pipeline/venv/lib/python3.9/site-packages/airflow/example_dags/example_short_circuit_operator.py for tasks to queue
[2025-04-21T17:50:17.665-0400] {logging_mixin.py:188} INFO - [2025-04-21T17:50:17.665-0400] {dagbag.py:538} INFO - Filling up the DagBag from /Users/gaurav/Documents/Breast-Cancer-ML-Pipeline/venv/lib/python3.9/site-packages/airflow/example_dags/example_short_circuit_operator.py
[2025-04-21T17:50:17.683-0400] {processor.py:840} INFO - DAG(s) 'example_short_circuit_operator' retrieved from /Users/gaurav/Documents/Breast-Cancer-ML-Pipeline/venv/lib/python3.9/site-packages/airflow/example_dags/example_short_circuit_operator.py
[2025-04-21T17:50:17.740-0400] {logging_mixin.py:188} INFO - [2025-04-21T17:50:17.740-0400] {dag.py:3036} INFO - Sync 1 DAGs
[2025-04-21T17:50:17.751-0400] {logging_mixin.py:188} INFO - [2025-04-21T17:50:17.751-0400] {dag.py:3823} INFO - Setting next_dagrun for example_short_circuit_operator to 2025-04-20 00:00:00+00:00, run_after=2025-04-21 00:00:00+00:00
[2025-04-21T17:50:17.762-0400] {processor.py:183} INFO - Processing /Users/gaurav/Documents/Breast-Cancer-ML-Pipeline/venv/lib/python3.9/site-packages/airflow/example_dags/example_short_circuit_operator.py took 0.100 seconds
[2025-04-21T17:51:10.121-0400] {processor.py:161} INFO - Started process (PID=88917) to work on /Users/gaurav/Documents/Breast-Cancer-ML-Pipeline/venv/lib/python3.9/site-packages/airflow/example_dags/example_short_circuit_operator.py
[2025-04-21T17:51:10.122-0400] {processor.py:830} INFO - Processing file /Users/gaurav/Documents/Breast-Cancer-ML-Pipeline/venv/lib/python3.9/site-packages/airflow/example_dags/example_short_circuit_operator.py for tasks to queue
[2025-04-21T17:51:10.122-0400] {logging_mixin.py:188} INFO - [2025-04-21T17:51:10.122-0400] {dagbag.py:538} INFO - Filling up the DagBag from /Users/gaurav/Documents/Breast-Cancer-ML-Pipeline/venv/lib/python3.9/site-packages/airflow/example_dags/example_short_circuit_operator.py
[2025-04-21T17:51:10.140-0400] {processor.py:840} INFO - DAG(s) 'example_short_circuit_operator' retrieved from /Users/gaurav/Documents/Breast-Cancer-ML-Pipeline/venv/lib/python3.9/site-packages/airflow/example_dags/example_short_circuit_operator.py
[2025-04-21T17:51:10.194-0400] {logging_mixin.py:188} INFO - [2025-04-21T17:51:10.193-0400] {dag.py:3036} INFO - Sync 1 DAGs
[2025-04-21T17:51:10.202-0400] {logging_mixin.py:188} INFO - [2025-04-21T17:51:10.202-0400] {dag.py:3823} INFO - Setting next_dagrun for example_short_circuit_operator to 2025-04-20 00:00:00+00:00, run_after=2025-04-21 00:00:00+00:00
[2025-04-21T17:51:10.212-0400] {processor.py:183} INFO - Processing /Users/gaurav/Documents/Breast-Cancer-ML-Pipeline/venv/lib/python3.9/site-packages/airflow/example_dags/example_short_circuit_operator.py took 0.091 seconds
[2025-04-21T17:52:02.399-0400] {processor.py:161} INFO - Started process (PID=88993) to work on /Users/gaurav/Documents/Breast-Cancer-ML-Pipeline/venv/lib/python3.9/site-packages/airflow/example_dags/example_short_circuit_operator.py
[2025-04-21T17:52:02.401-0400] {processor.py:830} INFO - Processing file /Users/gaurav/Documents/Breast-Cancer-ML-Pipeline/venv/lib/python3.9/site-packages/airflow/example_dags/example_short_circuit_operator.py for tasks to queue
[2025-04-21T17:52:02.401-0400] {logging_mixin.py:188} INFO - [2025-04-21T17:52:02.401-0400] {dagbag.py:538} INFO - Filling up the DagBag from /Users/gaurav/Documents/Breast-Cancer-ML-Pipeline/venv/lib/python3.9/site-packages/airflow/example_dags/example_short_circuit_operator.py
[2025-04-21T17:52:02.418-0400] {processor.py:840} INFO - DAG(s) 'example_short_circuit_operator' retrieved from /Users/gaurav/Documents/Breast-Cancer-ML-Pipeline/venv/lib/python3.9/site-packages/airflow/example_dags/example_short_circuit_operator.py
[2025-04-21T17:52:02.477-0400] {logging_mixin.py:188} INFO - [2025-04-21T17:52:02.476-0400] {dag.py:3036} INFO - Sync 1 DAGs
[2025-04-21T17:52:02.487-0400] {logging_mixin.py:188} INFO - [2025-04-21T17:52:02.487-0400] {dag.py:3823} INFO - Setting next_dagrun for example_short_circuit_operator to 2025-04-20 00:00:00+00:00, run_after=2025-04-21 00:00:00+00:00
[2025-04-21T17:52:02.498-0400] {processor.py:183} INFO - Processing /Users/gaurav/Documents/Breast-Cancer-ML-Pipeline/venv/lib/python3.9/site-packages/airflow/example_dags/example_short_circuit_operator.py took 0.099 seconds
[2025-04-21T17:52:55.673-0400] {processor.py:161} INFO - Started process (PID=89066) to work on /Users/gaurav/Documents/Breast-Cancer-ML-Pipeline/venv/lib/python3.9/site-packages/airflow/example_dags/example_short_circuit_operator.py
[2025-04-21T17:52:55.675-0400] {processor.py:830} INFO - Processing file /Users/gaurav/Documents/Breast-Cancer-ML-Pipeline/venv/lib/python3.9/site-packages/airflow/example_dags/example_short_circuit_operator.py for tasks to queue
[2025-04-21T17:52:55.676-0400] {logging_mixin.py:188} INFO - [2025-04-21T17:52:55.675-0400] {dagbag.py:538} INFO - Filling up the DagBag from /Users/gaurav/Documents/Breast-Cancer-ML-Pipeline/venv/lib/python3.9/site-packages/airflow/example_dags/example_short_circuit_operator.py
[2025-04-21T17:52:55.692-0400] {processor.py:840} INFO - DAG(s) 'example_short_circuit_operator' retrieved from /Users/gaurav/Documents/Breast-Cancer-ML-Pipeline/venv/lib/python3.9/site-packages/airflow/example_dags/example_short_circuit_operator.py
[2025-04-21T17:52:55.740-0400] {logging_mixin.py:188} INFO - [2025-04-21T17:52:55.740-0400] {dag.py:3036} INFO - Sync 1 DAGs
[2025-04-21T17:52:55.749-0400] {logging_mixin.py:188} INFO - [2025-04-21T17:52:55.749-0400] {dag.py:3823} INFO - Setting next_dagrun for example_short_circuit_operator to 2025-04-20 00:00:00+00:00, run_after=2025-04-21 00:00:00+00:00
[2025-04-21T17:52:55.758-0400] {processor.py:183} INFO - Processing /Users/gaurav/Documents/Breast-Cancer-ML-Pipeline/venv/lib/python3.9/site-packages/airflow/example_dags/example_short_circuit_operator.py took 0.085 seconds
[2025-04-21T17:53:44.345-0400] {processor.py:161} INFO - Started process (PID=89130) to work on /Users/gaurav/Documents/Breast-Cancer-ML-Pipeline/venv/lib/python3.9/site-packages/airflow/example_dags/example_short_circuit_operator.py
[2025-04-21T17:53:44.347-0400] {processor.py:830} INFO - Processing file /Users/gaurav/Documents/Breast-Cancer-ML-Pipeline/venv/lib/python3.9/site-packages/airflow/example_dags/example_short_circuit_operator.py for tasks to queue
[2025-04-21T17:53:44.347-0400] {logging_mixin.py:188} INFO - [2025-04-21T17:53:44.347-0400] {dagbag.py:538} INFO - Filling up the DagBag from /Users/gaurav/Documents/Breast-Cancer-ML-Pipeline/venv/lib/python3.9/site-packages/airflow/example_dags/example_short_circuit_operator.py
[2025-04-21T17:53:44.364-0400] {processor.py:840} INFO - DAG(s) 'example_short_circuit_operator' retrieved from /Users/gaurav/Documents/Breast-Cancer-ML-Pipeline/venv/lib/python3.9/site-packages/airflow/example_dags/example_short_circuit_operator.py
[2025-04-21T17:53:44.418-0400] {logging_mixin.py:188} INFO - [2025-04-21T17:53:44.418-0400] {dag.py:3036} INFO - Sync 1 DAGs
[2025-04-21T17:53:44.427-0400] {logging_mixin.py:188} INFO - [2025-04-21T17:53:44.427-0400] {dag.py:3823} INFO - Setting next_dagrun for example_short_circuit_operator to 2025-04-20 00:00:00+00:00, run_after=2025-04-21 00:00:00+00:00
[2025-04-21T17:53:44.436-0400] {processor.py:183} INFO - Processing /Users/gaurav/Documents/Breast-Cancer-ML-Pipeline/venv/lib/python3.9/site-packages/airflow/example_dags/example_short_circuit_operator.py took 0.092 seconds
[2025-04-21T17:54:37.413-0400] {processor.py:161} INFO - Started process (PID=89208) to work on /Users/gaurav/Documents/Breast-Cancer-ML-Pipeline/venv/lib/python3.9/site-packages/airflow/example_dags/example_short_circuit_operator.py
[2025-04-21T17:54:37.415-0400] {processor.py:830} INFO - Processing file /Users/gaurav/Documents/Breast-Cancer-ML-Pipeline/venv/lib/python3.9/site-packages/airflow/example_dags/example_short_circuit_operator.py for tasks to queue
[2025-04-21T17:54:37.415-0400] {logging_mixin.py:188} INFO - [2025-04-21T17:54:37.415-0400] {dagbag.py:538} INFO - Filling up the DagBag from /Users/gaurav/Documents/Breast-Cancer-ML-Pipeline/venv/lib/python3.9/site-packages/airflow/example_dags/example_short_circuit_operator.py
[2025-04-21T17:54:37.432-0400] {processor.py:840} INFO - DAG(s) 'example_short_circuit_operator' retrieved from /Users/gaurav/Documents/Breast-Cancer-ML-Pipeline/venv/lib/python3.9/site-packages/airflow/example_dags/example_short_circuit_operator.py
[2025-04-21T17:54:37.483-0400] {logging_mixin.py:188} INFO - [2025-04-21T17:54:37.482-0400] {dag.py:3036} INFO - Sync 1 DAGs
[2025-04-21T17:54:37.491-0400] {logging_mixin.py:188} INFO - [2025-04-21T17:54:37.491-0400] {dag.py:3823} INFO - Setting next_dagrun for example_short_circuit_operator to 2025-04-20 00:00:00+00:00, run_after=2025-04-21 00:00:00+00:00
[2025-04-21T17:54:37.500-0400] {processor.py:183} INFO - Processing /Users/gaurav/Documents/Breast-Cancer-ML-Pipeline/venv/lib/python3.9/site-packages/airflow/example_dags/example_short_circuit_operator.py took 0.088 seconds
[2025-04-21T17:55:32.505-0400] {processor.py:161} INFO - Started process (PID=89363) to work on /Users/gaurav/Documents/Breast-Cancer-ML-Pipeline/venv/lib/python3.9/site-packages/airflow/example_dags/example_short_circuit_operator.py
[2025-04-21T17:55:32.507-0400] {processor.py:830} INFO - Processing file /Users/gaurav/Documents/Breast-Cancer-ML-Pipeline/venv/lib/python3.9/site-packages/airflow/example_dags/example_short_circuit_operator.py for tasks to queue
[2025-04-21T17:55:32.508-0400] {logging_mixin.py:188} INFO - [2025-04-21T17:55:32.508-0400] {dagbag.py:538} INFO - Filling up the DagBag from /Users/gaurav/Documents/Breast-Cancer-ML-Pipeline/venv/lib/python3.9/site-packages/airflow/example_dags/example_short_circuit_operator.py
[2025-04-21T17:55:32.527-0400] {processor.py:840} INFO - DAG(s) 'example_short_circuit_operator' retrieved from /Users/gaurav/Documents/Breast-Cancer-ML-Pipeline/venv/lib/python3.9/site-packages/airflow/example_dags/example_short_circuit_operator.py
