[2025-04-21T16:39:16.781-0400] {processor.py:161} INFO - Started process (PID=83547) to work on /Users/gaurav/Documents/Breast-Cancer-ML-Pipeline/venv/lib/python3.9/site-packages/airflow/example_dags/example_python_decorator.py
[2025-04-21T16:39:16.783-0400] {processor.py:830} INFO - Processing file /Users/gaurav/Documents/Breast-Cancer-ML-Pipeline/venv/lib/python3.9/site-packages/airflow/example_dags/example_python_decorator.py for tasks to queue
[2025-04-21T16:39:16.783-0400] {logging_mixin.py:188} INFO - [2025-04-21T16:39:16.783-0400] {dagbag.py:538} INFO - Filling up the DagBag from /Users/gaurav/Documents/Breast-Cancer-ML-Pipeline/venv/lib/python3.9/site-packages/airflow/example_dags/example_python_decorator.py
[2025-04-21T16:39:16.810-0400] {logging_mixin.py:188} INFO - [2025-04-21T16:39:16.810-0400] {example_python_decorator.py:79} WARNING - The virtalenv_python example task requires virtualenv, please install it.
[2025-04-21T16:39:16.812-0400] {processor.py:840} INFO - DAG(s) 'example_python_decorator' retrieved from /Users/gaurav/Documents/Breast-Cancer-ML-Pipeline/venv/lib/python3.9/site-packages/airflow/example_dags/example_python_decorator.py
[2025-04-21T16:39:16.943-0400] {logging_mixin.py:188} INFO - [2025-04-21T16:39:16.943-0400] {override.py:1769} INFO - Created Permission View: can edit on DAG:example_python_decorator
[2025-04-21T16:39:16.948-0400] {logging_mixin.py:188} INFO - [2025-04-21T16:39:16.948-0400] {override.py:1769} INFO - Created Permission View: can read on DAG:example_python_decorator
[2025-04-21T16:39:16.952-0400] {logging_mixin.py:188} INFO - [2025-04-21T16:39:16.952-0400] {override.py:1769} INFO - Created Permission View: can delete on DAG:example_python_decorator
[2025-04-21T16:39:16.952-0400] {logging_mixin.py:188} INFO - [2025-04-21T16:39:16.952-0400] {dag.py:3036} INFO - Sync 1 DAGs
[2025-04-21T16:39:16.959-0400] {logging_mixin.py:188} INFO - [2025-04-21T16:39:16.959-0400] {dag.py:3058} INFO - Creating ORM DAG for example_python_decorator
[2025-04-21T16:39:16.959-0400] {logging_mixin.py:188} INFO - [2025-04-21T16:39:16.959-0400] {dag.py:3823} INFO - Setting next_dagrun for example_python_decorator to None, run_after=None
[2025-04-21T16:39:16.970-0400] {processor.py:183} INFO - Processing /Users/gaurav/Documents/Breast-Cancer-ML-Pipeline/venv/lib/python3.9/site-packages/airflow/example_dags/example_python_decorator.py took 0.190 seconds
[2025-04-21T16:41:07.524-0400] {processor.py:161} INFO - Started process (PID=83652) to work on /Users/gaurav/Documents/Breast-Cancer-ML-Pipeline/venv/lib/python3.9/site-packages/airflow/example_dags/example_python_decorator.py
[2025-04-21T16:41:07.526-0400] {processor.py:830} INFO - Processing file /Users/gaurav/Documents/Breast-Cancer-ML-Pipeline/venv/lib/python3.9/site-packages/airflow/example_dags/example_python_decorator.py for tasks to queue
[2025-04-21T16:41:07.526-0400] {logging_mixin.py:188} INFO - [2025-04-21T16:41:07.526-0400] {dagbag.py:538} INFO - Filling up the DagBag from /Users/gaurav/Documents/Breast-Cancer-ML-Pipeline/venv/lib/python3.9/site-packages/airflow/example_dags/example_python_decorator.py
[2025-04-21T16:41:07.554-0400] {logging_mixin.py:188} INFO - [2025-04-21T16:41:07.554-0400] {example_python_decorator.py:79} WARNING - The virtalenv_python example task requires virtualenv, please install it.
[2025-04-21T16:41:07.556-0400] {processor.py:840} INFO - DAG(s) 'example_python_decorator' retrieved from /Users/gaurav/Documents/Breast-Cancer-ML-Pipeline/venv/lib/python3.9/site-packages/airflow/example_dags/example_python_decorator.py
[2025-04-21T16:41:07.619-0400] {logging_mixin.py:188} INFO - [2025-04-21T16:41:07.619-0400] {dag.py:3036} INFO - Sync 1 DAGs
[2025-04-21T16:41:07.625-0400] {logging_mixin.py:188} INFO - [2025-04-21T16:41:07.625-0400] {dag.py:3823} INFO - Setting next_dagrun for example_python_decorator to None, run_after=None
[2025-04-21T16:41:07.638-0400] {processor.py:183} INFO - Processing /Users/gaurav/Documents/Breast-Cancer-ML-Pipeline/venv/lib/python3.9/site-packages/airflow/example_dags/example_python_decorator.py took 0.115 seconds
[2025-04-21T16:43:49.906-0400] {processor.py:161} INFO - Started process (PID=83783) to work on /Users/gaurav/Documents/Breast-Cancer-ML-Pipeline/venv/lib/python3.9/site-packages/airflow/example_dags/example_python_decorator.py
[2025-04-21T16:43:49.907-0400] {processor.py:830} INFO - Processing file /Users/gaurav/Documents/Breast-Cancer-ML-Pipeline/venv/lib/python3.9/site-packages/airflow/example_dags/example_python_decorator.py for tasks to queue
[2025-04-21T16:43:49.908-0400] {logging_mixin.py:188} INFO - [2025-04-21T16:43:49.908-0400] {dagbag.py:538} INFO - Filling up the DagBag from /Users/gaurav/Documents/Breast-Cancer-ML-Pipeline/venv/lib/python3.9/site-packages/airflow/example_dags/example_python_decorator.py
[2025-04-21T16:43:49.934-0400] {logging_mixin.py:188} INFO - [2025-04-21T16:43:49.934-0400] {example_python_decorator.py:79} WARNING - The virtalenv_python example task requires virtualenv, please install it.
[2025-04-21T16:43:49.936-0400] {processor.py:840} INFO - DAG(s) 'example_python_decorator' retrieved from /Users/gaurav/Documents/Breast-Cancer-ML-Pipeline/venv/lib/python3.9/site-packages/airflow/example_dags/example_python_decorator.py
[2025-04-21T16:43:49.998-0400] {logging_mixin.py:188} INFO - [2025-04-21T16:43:49.998-0400] {dag.py:3036} INFO - Sync 1 DAGs
[2025-04-21T16:43:50.004-0400] {logging_mixin.py:188} INFO - [2025-04-21T16:43:50.004-0400] {dag.py:3823} INFO - Setting next_dagrun for example_python_decorator to None, run_after=None
[2025-04-21T16:43:50.017-0400] {processor.py:183} INFO - Processing /Users/gaurav/Documents/Breast-Cancer-ML-Pipeline/venv/lib/python3.9/site-packages/airflow/example_dags/example_python_decorator.py took 0.112 seconds
[2025-04-21T16:47:04.876-0400] {processor.py:161} INFO - Started process (PID=84019) to work on /Users/gaurav/Documents/Breast-Cancer-ML-Pipeline/venv/lib/python3.9/site-packages/airflow/example_dags/example_python_decorator.py
[2025-04-21T16:47:04.877-0400] {processor.py:830} INFO - Processing file /Users/gaurav/Documents/Breast-Cancer-ML-Pipeline/venv/lib/python3.9/site-packages/airflow/example_dags/example_python_decorator.py for tasks to queue
[2025-04-21T16:47:04.878-0400] {logging_mixin.py:188} INFO - [2025-04-21T16:47:04.878-0400] {dagbag.py:538} INFO - Filling up the DagBag from /Users/gaurav/Documents/Breast-Cancer-ML-Pipeline/venv/lib/python3.9/site-packages/airflow/example_dags/example_python_decorator.py
[2025-04-21T16:47:04.909-0400] {logging_mixin.py:188} INFO - [2025-04-21T16:47:04.909-0400] {example_python_decorator.py:79} WARNING - The virtalenv_python example task requires virtualenv, please install it.
[2025-04-21T16:47:04.911-0400] {processor.py:840} INFO - DAG(s) 'example_python_decorator' retrieved from /Users/gaurav/Documents/Breast-Cancer-ML-Pipeline/venv/lib/python3.9/site-packages/airflow/example_dags/example_python_decorator.py
[2025-04-21T16:47:04.983-0400] {logging_mixin.py:188} INFO - [2025-04-21T16:47:04.983-0400] {dag.py:3036} INFO - Sync 1 DAGs
[2025-04-21T16:47:04.996-0400] {logging_mixin.py:188} INFO - [2025-04-21T16:47:04.996-0400] {dag.py:3823} INFO - Setting next_dagrun for example_python_decorator to None, run_after=None
[2025-04-21T16:47:05.012-0400] {processor.py:183} INFO - Processing /Users/gaurav/Documents/Breast-Cancer-ML-Pipeline/venv/lib/python3.9/site-packages/airflow/example_dags/example_python_decorator.py took 0.138 seconds
[2025-04-21T16:48:18.478-0400] {processor.py:161} INFO - Started process (PID=84101) to work on /Users/gaurav/Documents/Breast-Cancer-ML-Pipeline/venv/lib/python3.9/site-packages/airflow/example_dags/example_python_decorator.py
[2025-04-21T16:48:18.480-0400] {processor.py:830} INFO - Processing file /Users/gaurav/Documents/Breast-Cancer-ML-Pipeline/venv/lib/python3.9/site-packages/airflow/example_dags/example_python_decorator.py for tasks to queue
[2025-04-21T16:48:18.480-0400] {logging_mixin.py:188} INFO - [2025-04-21T16:48:18.480-0400] {dagbag.py:538} INFO - Filling up the DagBag from /Users/gaurav/Documents/Breast-Cancer-ML-Pipeline/venv/lib/python3.9/site-packages/airflow/example_dags/example_python_decorator.py
[2025-04-21T16:48:18.508-0400] {logging_mixin.py:188} INFO - [2025-04-21T16:48:18.508-0400] {example_python_decorator.py:79} WARNING - The virtalenv_python example task requires virtualenv, please install it.
[2025-04-21T16:48:18.509-0400] {processor.py:840} INFO - DAG(s) 'example_python_decorator' retrieved from /Users/gaurav/Documents/Breast-Cancer-ML-Pipeline/venv/lib/python3.9/site-packages/airflow/example_dags/example_python_decorator.py
[2025-04-21T16:48:18.576-0400] {logging_mixin.py:188} INFO - [2025-04-21T16:48:18.575-0400] {dag.py:3036} INFO - Sync 1 DAGs
[2025-04-21T16:48:18.582-0400] {logging_mixin.py:188} INFO - [2025-04-21T16:48:18.582-0400] {dag.py:3823} INFO - Setting next_dagrun for example_python_decorator to None, run_after=None
[2025-04-21T16:48:18.594-0400] {processor.py:183} INFO - Processing /Users/gaurav/Documents/Breast-Cancer-ML-Pipeline/venv/lib/python3.9/site-packages/airflow/example_dags/example_python_decorator.py took 0.117 seconds
[2025-04-21T16:49:29.678-0400] {processor.py:161} INFO - Started process (PID=84186) to work on /Users/gaurav/Documents/Breast-Cancer-ML-Pipeline/venv/lib/python3.9/site-packages/airflow/example_dags/example_python_decorator.py
[2025-04-21T16:49:29.680-0400] {processor.py:830} INFO - Processing file /Users/gaurav/Documents/Breast-Cancer-ML-Pipeline/venv/lib/python3.9/site-packages/airflow/example_dags/example_python_decorator.py for tasks to queue
[2025-04-21T16:49:29.681-0400] {logging_mixin.py:188} INFO - [2025-04-21T16:49:29.680-0400] {dagbag.py:538} INFO - Filling up the DagBag from /Users/gaurav/Documents/Breast-Cancer-ML-Pipeline/venv/lib/python3.9/site-packages/airflow/example_dags/example_python_decorator.py
[2025-04-21T16:49:29.707-0400] {logging_mixin.py:188} INFO - [2025-04-21T16:49:29.707-0400] {example_python_decorator.py:79} WARNING - The virtalenv_python example task requires virtualenv, please install it.
[2025-04-21T16:49:29.709-0400] {processor.py:840} INFO - DAG(s) 'example_python_decorator' retrieved from /Users/gaurav/Documents/Breast-Cancer-ML-Pipeline/venv/lib/python3.9/site-packages/airflow/example_dags/example_python_decorator.py
[2025-04-21T16:49:29.778-0400] {logging_mixin.py:188} INFO - [2025-04-21T16:49:29.778-0400] {dag.py:3036} INFO - Sync 1 DAGs
[2025-04-21T16:49:29.786-0400] {logging_mixin.py:188} INFO - [2025-04-21T16:49:29.785-0400] {dag.py:3823} INFO - Setting next_dagrun for example_python_decorator to None, run_after=None
[2025-04-21T16:49:29.800-0400] {processor.py:183} INFO - Processing /Users/gaurav/Documents/Breast-Cancer-ML-Pipeline/venv/lib/python3.9/site-packages/airflow/example_dags/example_python_decorator.py took 0.122 seconds
[2025-04-21T16:50:44.175-0400] {processor.py:161} INFO - Started process (PID=84270) to work on /Users/gaurav/Documents/Breast-Cancer-ML-Pipeline/venv/lib/python3.9/site-packages/airflow/example_dags/example_python_decorator.py
[2025-04-21T16:50:44.177-0400] {processor.py:830} INFO - Processing file /Users/gaurav/Documents/Breast-Cancer-ML-Pipeline/venv/lib/python3.9/site-packages/airflow/example_dags/example_python_decorator.py for tasks to queue
[2025-04-21T16:50:44.178-0400] {logging_mixin.py:188} INFO - [2025-04-21T16:50:44.178-0400] {dagbag.py:538} INFO - Filling up the DagBag from /Users/gaurav/Documents/Breast-Cancer-ML-Pipeline/venv/lib/python3.9/site-packages/airflow/example_dags/example_python_decorator.py
[2025-04-21T16:50:44.205-0400] {logging_mixin.py:188} INFO - [2025-04-21T16:50:44.205-0400] {example_python_decorator.py:79} WARNING - The virtalenv_python example task requires virtualenv, please install it.
[2025-04-21T16:50:44.207-0400] {processor.py:840} INFO - DAG(s) 'example_python_decorator' retrieved from /Users/gaurav/Documents/Breast-Cancer-ML-Pipeline/venv/lib/python3.9/site-packages/airflow/example_dags/example_python_decorator.py
[2025-04-21T16:50:44.271-0400] {logging_mixin.py:188} INFO - [2025-04-21T16:50:44.271-0400] {dag.py:3036} INFO - Sync 1 DAGs
[2025-04-21T16:50:44.277-0400] {logging_mixin.py:188} INFO - [2025-04-21T16:50:44.277-0400] {dag.py:3823} INFO - Setting next_dagrun for example_python_decorator to None, run_after=None
[2025-04-21T16:50:44.290-0400] {processor.py:183} INFO - Processing /Users/gaurav/Documents/Breast-Cancer-ML-Pipeline/venv/lib/python3.9/site-packages/airflow/example_dags/example_python_decorator.py took 0.116 seconds
[2025-04-21T16:52:07.657-0400] {processor.py:161} INFO - Started process (PID=84360) to work on /Users/gaurav/Documents/Breast-Cancer-ML-Pipeline/venv/lib/python3.9/site-packages/airflow/example_dags/example_python_decorator.py
[2025-04-21T16:52:07.659-0400] {processor.py:830} INFO - Processing file /Users/gaurav/Documents/Breast-Cancer-ML-Pipeline/venv/lib/python3.9/site-packages/airflow/example_dags/example_python_decorator.py for tasks to queue
[2025-04-21T16:52:07.660-0400] {logging_mixin.py:188} INFO - [2025-04-21T16:52:07.660-0400] {dagbag.py:538} INFO - Filling up the DagBag from /Users/gaurav/Documents/Breast-Cancer-ML-Pipeline/venv/lib/python3.9/site-packages/airflow/example_dags/example_python_decorator.py
[2025-04-21T16:52:07.686-0400] {logging_mixin.py:188} INFO - [2025-04-21T16:52:07.686-0400] {example_python_decorator.py:79} WARNING - The virtalenv_python example task requires virtualenv, please install it.
[2025-04-21T16:52:07.688-0400] {processor.py:840} INFO - DAG(s) 'example_python_decorator' retrieved from /Users/gaurav/Documents/Breast-Cancer-ML-Pipeline/venv/lib/python3.9/site-packages/airflow/example_dags/example_python_decorator.py
[2025-04-21T16:52:07.751-0400] {logging_mixin.py:188} INFO - [2025-04-21T16:52:07.751-0400] {dag.py:3036} INFO - Sync 1 DAGs
[2025-04-21T16:52:07.757-0400] {logging_mixin.py:188} INFO - [2025-04-21T16:52:07.757-0400] {dag.py:3823} INFO - Setting next_dagrun for example_python_decorator to None, run_after=None
[2025-04-21T16:52:07.770-0400] {processor.py:183} INFO - Processing /Users/gaurav/Documents/Breast-Cancer-ML-Pipeline/venv/lib/python3.9/site-packages/airflow/example_dags/example_python_decorator.py took 0.114 seconds
[2025-04-21T16:53:29.537-0400] {processor.py:161} INFO - Started process (PID=84462) to work on /Users/gaurav/Documents/Breast-Cancer-ML-Pipeline/venv/lib/python3.9/site-packages/airflow/example_dags/example_python_decorator.py
[2025-04-21T16:53:29.539-0400] {processor.py:830} INFO - Processing file /Users/gaurav/Documents/Breast-Cancer-ML-Pipeline/venv/lib/python3.9/site-packages/airflow/example_dags/example_python_decorator.py for tasks to queue
[2025-04-21T16:53:29.539-0400] {logging_mixin.py:188} INFO - [2025-04-21T16:53:29.539-0400] {dagbag.py:538} INFO - Filling up the DagBag from /Users/gaurav/Documents/Breast-Cancer-ML-Pipeline/venv/lib/python3.9/site-packages/airflow/example_dags/example_python_decorator.py
[2025-04-21T16:53:29.566-0400] {logging_mixin.py:188} INFO - [2025-04-21T16:53:29.566-0400] {example_python_decorator.py:79} WARNING - The virtalenv_python example task requires virtualenv, please install it.
[2025-04-21T16:53:29.567-0400] {processor.py:840} INFO - DAG(s) 'example_python_decorator' retrieved from /Users/gaurav/Documents/Breast-Cancer-ML-Pipeline/venv/lib/python3.9/site-packages/airflow/example_dags/example_python_decorator.py
[2025-04-21T16:53:29.631-0400] {logging_mixin.py:188} INFO - [2025-04-21T16:53:29.631-0400] {dag.py:3036} INFO - Sync 1 DAGs
[2025-04-21T16:53:29.638-0400] {logging_mixin.py:188} INFO - [2025-04-21T16:53:29.637-0400] {dag.py:3823} INFO - Setting next_dagrun for example_python_decorator to None, run_after=None
[2025-04-21T16:53:29.650-0400] {processor.py:183} INFO - Processing /Users/gaurav/Documents/Breast-Cancer-ML-Pipeline/venv/lib/python3.9/site-packages/airflow/example_dags/example_python_decorator.py took 0.113 seconds
[2025-04-21T16:56:34.127-0400] {processor.py:161} INFO - Started process (PID=84694) to work on /Users/gaurav/Documents/Breast-Cancer-ML-Pipeline/venv/lib/python3.9/site-packages/airflow/example_dags/example_python_decorator.py
[2025-04-21T16:56:34.128-0400] {processor.py:830} INFO - Processing file /Users/gaurav/Documents/Breast-Cancer-ML-Pipeline/venv/lib/python3.9/site-packages/airflow/example_dags/example_python_decorator.py for tasks to queue
[2025-04-21T16:56:34.128-0400] {logging_mixin.py:188} INFO - [2025-04-21T16:56:34.128-0400] {dagbag.py:538} INFO - Filling up the DagBag from /Users/gaurav/Documents/Breast-Cancer-ML-Pipeline/venv/lib/python3.9/site-packages/airflow/example_dags/example_python_decorator.py
[2025-04-21T16:56:34.155-0400] {logging_mixin.py:188} INFO - [2025-04-21T16:56:34.155-0400] {example_python_decorator.py:79} WARNING - The virtalenv_python example task requires virtualenv, please install it.
[2025-04-21T16:56:34.157-0400] {processor.py:840} INFO - DAG(s) 'example_python_decorator' retrieved from /Users/gaurav/Documents/Breast-Cancer-ML-Pipeline/venv/lib/python3.9/site-packages/airflow/example_dags/example_python_decorator.py
[2025-04-21T16:56:34.277-0400] {logging_mixin.py:188} INFO - [2025-04-21T16:56:34.276-0400] {dag.py:3036} INFO - Sync 1 DAGs
[2025-04-21T16:56:34.282-0400] {logging_mixin.py:188} INFO - [2025-04-21T16:56:34.282-0400] {dag.py:3823} INFO - Setting next_dagrun for example_python_decorator to None, run_after=None
[2025-04-21T16:56:34.295-0400] {processor.py:183} INFO - Processing /Users/gaurav/Documents/Breast-Cancer-ML-Pipeline/venv/lib/python3.9/site-packages/airflow/example_dags/example_python_decorator.py took 0.170 seconds
[2025-04-21T16:57:46.608-0400] {processor.py:161} INFO - Started process (PID=84795) to work on /Users/gaurav/Documents/Breast-Cancer-ML-Pipeline/venv/lib/python3.9/site-packages/airflow/example_dags/example_python_decorator.py
[2025-04-21T16:57:46.610-0400] {processor.py:830} INFO - Processing file /Users/gaurav/Documents/Breast-Cancer-ML-Pipeline/venv/lib/python3.9/site-packages/airflow/example_dags/example_python_decorator.py for tasks to queue
[2025-04-21T16:57:46.610-0400] {logging_mixin.py:188} INFO - [2025-04-21T16:57:46.610-0400] {dagbag.py:538} INFO - Filling up the DagBag from /Users/gaurav/Documents/Breast-Cancer-ML-Pipeline/venv/lib/python3.9/site-packages/airflow/example_dags/example_python_decorator.py
[2025-04-21T16:57:46.638-0400] {logging_mixin.py:188} INFO - [2025-04-21T16:57:46.638-0400] {example_python_decorator.py:79} WARNING - The virtalenv_python example task requires virtualenv, please install it.
[2025-04-21T16:57:46.639-0400] {processor.py:840} INFO - DAG(s) 'example_python_decorator' retrieved from /Users/gaurav/Documents/Breast-Cancer-ML-Pipeline/venv/lib/python3.9/site-packages/airflow/example_dags/example_python_decorator.py
[2025-04-21T16:57:46.705-0400] {logging_mixin.py:188} INFO - [2025-04-21T16:57:46.704-0400] {dag.py:3036} INFO - Sync 1 DAGs
[2025-04-21T16:57:46.712-0400] {logging_mixin.py:188} INFO - [2025-04-21T16:57:46.712-0400] {dag.py:3823} INFO - Setting next_dagrun for example_python_decorator to None, run_after=None
[2025-04-21T16:57:46.725-0400] {processor.py:183} INFO - Processing /Users/gaurav/Documents/Breast-Cancer-ML-Pipeline/venv/lib/python3.9/site-packages/airflow/example_dags/example_python_decorator.py took 0.118 seconds
[2025-04-21T16:59:07.920-0400] {processor.py:161} INFO - Started process (PID=84889) to work on /Users/gaurav/Documents/Breast-Cancer-ML-Pipeline/venv/lib/python3.9/site-packages/airflow/example_dags/example_python_decorator.py
[2025-04-21T16:59:07.921-0400] {processor.py:830} INFO - Processing file /Users/gaurav/Documents/Breast-Cancer-ML-Pipeline/venv/lib/python3.9/site-packages/airflow/example_dags/example_python_decorator.py for tasks to queue
[2025-04-21T16:59:07.922-0400] {logging_mixin.py:188} INFO - [2025-04-21T16:59:07.922-0400] {dagbag.py:538} INFO - Filling up the DagBag from /Users/gaurav/Documents/Breast-Cancer-ML-Pipeline/venv/lib/python3.9/site-packages/airflow/example_dags/example_python_decorator.py
[2025-04-21T16:59:07.950-0400] {logging_mixin.py:188} INFO - [2025-04-21T16:59:07.949-0400] {example_python_decorator.py:79} WARNING - The virtalenv_python example task requires virtualenv, please install it.
[2025-04-21T16:59:07.951-0400] {processor.py:840} INFO - DAG(s) 'example_python_decorator' retrieved from /Users/gaurav/Documents/Breast-Cancer-ML-Pipeline/venv/lib/python3.9/site-packages/airflow/example_dags/example_python_decorator.py
[2025-04-21T16:59:08.017-0400] {logging_mixin.py:188} INFO - [2025-04-21T16:59:08.017-0400] {dag.py:3036} INFO - Sync 1 DAGs
[2025-04-21T16:59:08.023-0400] {logging_mixin.py:188} INFO - [2025-04-21T16:59:08.023-0400] {dag.py:3823} INFO - Setting next_dagrun for example_python_decorator to None, run_after=None
[2025-04-21T16:59:08.035-0400] {processor.py:183} INFO - Processing /Users/gaurav/Documents/Breast-Cancer-ML-Pipeline/venv/lib/python3.9/site-packages/airflow/example_dags/example_python_decorator.py took 0.116 seconds
[2025-04-21T17:00:23.923-0400] {processor.py:161} INFO - Started process (PID=84983) to work on /Users/gaurav/Documents/Breast-Cancer-ML-Pipeline/venv/lib/python3.9/site-packages/airflow/example_dags/example_python_decorator.py
[2025-04-21T17:00:23.925-0400] {processor.py:830} INFO - Processing file /Users/gaurav/Documents/Breast-Cancer-ML-Pipeline/venv/lib/python3.9/site-packages/airflow/example_dags/example_python_decorator.py for tasks to queue
[2025-04-21T17:00:23.925-0400] {logging_mixin.py:188} INFO - [2025-04-21T17:00:23.925-0400] {dagbag.py:538} INFO - Filling up the DagBag from /Users/gaurav/Documents/Breast-Cancer-ML-Pipeline/venv/lib/python3.9/site-packages/airflow/example_dags/example_python_decorator.py
[2025-04-21T17:00:23.951-0400] {logging_mixin.py:188} INFO - [2025-04-21T17:00:23.951-0400] {example_python_decorator.py:79} WARNING - The virtalenv_python example task requires virtualenv, please install it.
[2025-04-21T17:00:23.953-0400] {processor.py:840} INFO - DAG(s) 'example_python_decorator' retrieved from /Users/gaurav/Documents/Breast-Cancer-ML-Pipeline/venv/lib/python3.9/site-packages/airflow/example_dags/example_python_decorator.py
[2025-04-21T17:00:24.015-0400] {logging_mixin.py:188} INFO - [2025-04-21T17:00:24.015-0400] {dag.py:3036} INFO - Sync 1 DAGs
[2025-04-21T17:00:24.021-0400] {logging_mixin.py:188} INFO - [2025-04-21T17:00:24.021-0400] {dag.py:3823} INFO - Setting next_dagrun for example_python_decorator to None, run_after=None
[2025-04-21T17:00:24.033-0400] {processor.py:183} INFO - Processing /Users/gaurav/Documents/Breast-Cancer-ML-Pipeline/venv/lib/python3.9/site-packages/airflow/example_dags/example_python_decorator.py took 0.111 seconds
[2025-04-21T17:01:41.091-0400] {processor.py:161} INFO - Started process (PID=85079) to work on /Users/gaurav/Documents/Breast-Cancer-ML-Pipeline/venv/lib/python3.9/site-packages/airflow/example_dags/example_python_decorator.py
[2025-04-21T17:01:41.092-0400] {processor.py:830} INFO - Processing file /Users/gaurav/Documents/Breast-Cancer-ML-Pipeline/venv/lib/python3.9/site-packages/airflow/example_dags/example_python_decorator.py for tasks to queue
[2025-04-21T17:01:41.093-0400] {logging_mixin.py:188} INFO - [2025-04-21T17:01:41.093-0400] {dagbag.py:538} INFO - Filling up the DagBag from /Users/gaurav/Documents/Breast-Cancer-ML-Pipeline/venv/lib/python3.9/site-packages/airflow/example_dags/example_python_decorator.py
[2025-04-21T17:01:41.120-0400] {logging_mixin.py:188} INFO - [2025-04-21T17:01:41.120-0400] {example_python_decorator.py:79} WARNING - The virtalenv_python example task requires virtualenv, please install it.
[2025-04-21T17:01:41.122-0400] {processor.py:840} INFO - DAG(s) 'example_python_decorator' retrieved from /Users/gaurav/Documents/Breast-Cancer-ML-Pipeline/venv/lib/python3.9/site-packages/airflow/example_dags/example_python_decorator.py
[2025-04-21T17:01:41.192-0400] {logging_mixin.py:188} INFO - [2025-04-21T17:01:41.191-0400] {dag.py:3036} INFO - Sync 1 DAGs
[2025-04-21T17:01:41.198-0400] {logging_mixin.py:188} INFO - [2025-04-21T17:01:41.198-0400] {dag.py:3823} INFO - Setting next_dagrun for example_python_decorator to None, run_after=None
[2025-04-21T17:01:41.212-0400] {processor.py:183} INFO - Processing /Users/gaurav/Documents/Breast-Cancer-ML-Pipeline/venv/lib/python3.9/site-packages/airflow/example_dags/example_python_decorator.py took 0.121 seconds
[2025-04-21T17:03:02.903-0400] {processor.py:161} INFO - Started process (PID=85166) to work on /Users/gaurav/Documents/Breast-Cancer-ML-Pipeline/venv/lib/python3.9/site-packages/airflow/example_dags/example_python_decorator.py
[2025-04-21T17:03:02.904-0400] {processor.py:830} INFO - Processing file /Users/gaurav/Documents/Breast-Cancer-ML-Pipeline/venv/lib/python3.9/site-packages/airflow/example_dags/example_python_decorator.py for tasks to queue
[2025-04-21T17:03:02.905-0400] {logging_mixin.py:188} INFO - [2025-04-21T17:03:02.905-0400] {dagbag.py:538} INFO - Filling up the DagBag from /Users/gaurav/Documents/Breast-Cancer-ML-Pipeline/venv/lib/python3.9/site-packages/airflow/example_dags/example_python_decorator.py
[2025-04-21T17:03:02.931-0400] {logging_mixin.py:188} INFO - [2025-04-21T17:03:02.931-0400] {example_python_decorator.py:79} WARNING - The virtalenv_python example task requires virtualenv, please install it.
[2025-04-21T17:03:02.933-0400] {processor.py:840} INFO - DAG(s) 'example_python_decorator' retrieved from /Users/gaurav/Documents/Breast-Cancer-ML-Pipeline/venv/lib/python3.9/site-packages/airflow/example_dags/example_python_decorator.py
[2025-04-21T17:03:02.998-0400] {logging_mixin.py:188} INFO - [2025-04-21T17:03:02.997-0400] {dag.py:3036} INFO - Sync 1 DAGs
[2025-04-21T17:03:03.004-0400] {logging_mixin.py:188} INFO - [2025-04-21T17:03:03.003-0400] {dag.py:3823} INFO - Setting next_dagrun for example_python_decorator to None, run_after=None
[2025-04-21T17:03:03.015-0400] {processor.py:183} INFO - Processing /Users/gaurav/Documents/Breast-Cancer-ML-Pipeline/venv/lib/python3.9/site-packages/airflow/example_dags/example_python_decorator.py took 0.114 seconds
[2025-04-21T17:04:18.936-0400] {processor.py:161} INFO - Started process (PID=85272) to work on /Users/gaurav/Documents/Breast-Cancer-ML-Pipeline/venv/lib/python3.9/site-packages/airflow/example_dags/example_python_decorator.py
[2025-04-21T17:04:18.937-0400] {processor.py:830} INFO - Processing file /Users/gaurav/Documents/Breast-Cancer-ML-Pipeline/venv/lib/python3.9/site-packages/airflow/example_dags/example_python_decorator.py for tasks to queue
[2025-04-21T17:04:18.937-0400] {logging_mixin.py:188} INFO - [2025-04-21T17:04:18.937-0400] {dagbag.py:538} INFO - Filling up the DagBag from /Users/gaurav/Documents/Breast-Cancer-ML-Pipeline/venv/lib/python3.9/site-packages/airflow/example_dags/example_python_decorator.py
[2025-04-21T17:04:18.963-0400] {logging_mixin.py:188} INFO - [2025-04-21T17:04:18.963-0400] {example_python_decorator.py:79} WARNING - The virtalenv_python example task requires virtualenv, please install it.
[2025-04-21T17:04:18.965-0400] {processor.py:840} INFO - DAG(s) 'example_python_decorator' retrieved from /Users/gaurav/Documents/Breast-Cancer-ML-Pipeline/venv/lib/python3.9/site-packages/airflow/example_dags/example_python_decorator.py
[2025-04-21T17:04:19.029-0400] {logging_mixin.py:188} INFO - [2025-04-21T17:04:19.028-0400] {dag.py:3036} INFO - Sync 1 DAGs
[2025-04-21T17:04:19.035-0400] {logging_mixin.py:188} INFO - [2025-04-21T17:04:19.034-0400] {dag.py:3823} INFO - Setting next_dagrun for example_python_decorator to None, run_after=None
[2025-04-21T17:04:19.046-0400] {processor.py:183} INFO - Processing /Users/gaurav/Documents/Breast-Cancer-ML-Pipeline/venv/lib/python3.9/site-packages/airflow/example_dags/example_python_decorator.py took 0.111 seconds
[2025-04-21T17:05:29.285-0400] {processor.py:161} INFO - Started process (PID=85349) to work on /Users/gaurav/Documents/Breast-Cancer-ML-Pipeline/venv/lib/python3.9/site-packages/airflow/example_dags/example_python_decorator.py
[2025-04-21T17:05:29.286-0400] {processor.py:830} INFO - Processing file /Users/gaurav/Documents/Breast-Cancer-ML-Pipeline/venv/lib/python3.9/site-packages/airflow/example_dags/example_python_decorator.py for tasks to queue
[2025-04-21T17:05:29.287-0400] {logging_mixin.py:188} INFO - [2025-04-21T17:05:29.287-0400] {dagbag.py:538} INFO - Filling up the DagBag from /Users/gaurav/Documents/Breast-Cancer-ML-Pipeline/venv/lib/python3.9/site-packages/airflow/example_dags/example_python_decorator.py
[2025-04-21T17:05:29.312-0400] {logging_mixin.py:188} INFO - [2025-04-21T17:05:29.312-0400] {example_python_decorator.py:79} WARNING - The virtalenv_python example task requires virtualenv, please install it.
[2025-04-21T17:05:29.314-0400] {processor.py:840} INFO - DAG(s) 'example_python_decorator' retrieved from /Users/gaurav/Documents/Breast-Cancer-ML-Pipeline/venv/lib/python3.9/site-packages/airflow/example_dags/example_python_decorator.py
[2025-04-21T17:05:29.376-0400] {logging_mixin.py:188} INFO - [2025-04-21T17:05:29.376-0400] {dag.py:3036} INFO - Sync 1 DAGs
[2025-04-21T17:05:29.382-0400] {logging_mixin.py:188} INFO - [2025-04-21T17:05:29.382-0400] {dag.py:3823} INFO - Setting next_dagrun for example_python_decorator to None, run_after=None
[2025-04-21T17:05:29.394-0400] {processor.py:183} INFO - Processing /Users/gaurav/Documents/Breast-Cancer-ML-Pipeline/venv/lib/python3.9/site-packages/airflow/example_dags/example_python_decorator.py took 0.110 seconds
[2025-04-21T17:06:40.554-0400] {processor.py:161} INFO - Started process (PID=85443) to work on /Users/gaurav/Documents/Breast-Cancer-ML-Pipeline/venv/lib/python3.9/site-packages/airflow/example_dags/example_python_decorator.py
[2025-04-21T17:06:40.556-0400] {processor.py:830} INFO - Processing file /Users/gaurav/Documents/Breast-Cancer-ML-Pipeline/venv/lib/python3.9/site-packages/airflow/example_dags/example_python_decorator.py for tasks to queue
[2025-04-21T17:06:40.557-0400] {logging_mixin.py:188} INFO - [2025-04-21T17:06:40.556-0400] {dagbag.py:538} INFO - Filling up the DagBag from /Users/gaurav/Documents/Breast-Cancer-ML-Pipeline/venv/lib/python3.9/site-packages/airflow/example_dags/example_python_decorator.py
[2025-04-21T17:06:40.582-0400] {logging_mixin.py:188} INFO - [2025-04-21T17:06:40.582-0400] {example_python_decorator.py:79} WARNING - The virtalenv_python example task requires virtualenv, please install it.
[2025-04-21T17:06:40.584-0400] {processor.py:840} INFO - DAG(s) 'example_python_decorator' retrieved from /Users/gaurav/Documents/Breast-Cancer-ML-Pipeline/venv/lib/python3.9/site-packages/airflow/example_dags/example_python_decorator.py
[2025-04-21T17:06:40.646-0400] {logging_mixin.py:188} INFO - [2025-04-21T17:06:40.646-0400] {dag.py:3036} INFO - Sync 1 DAGs
[2025-04-21T17:06:40.652-0400] {logging_mixin.py:188} INFO - [2025-04-21T17:06:40.652-0400] {dag.py:3823} INFO - Setting next_dagrun for example_python_decorator to None, run_after=None
[2025-04-21T17:06:40.665-0400] {processor.py:183} INFO - Processing /Users/gaurav/Documents/Breast-Cancer-ML-Pipeline/venv/lib/python3.9/site-packages/airflow/example_dags/example_python_decorator.py took 0.112 seconds
[2025-04-21T17:07:52.466-0400] {processor.py:161} INFO - Started process (PID=85523) to work on /Users/gaurav/Documents/Breast-Cancer-ML-Pipeline/venv/lib/python3.9/site-packages/airflow/example_dags/example_python_decorator.py
[2025-04-21T17:07:52.467-0400] {processor.py:830} INFO - Processing file /Users/gaurav/Documents/Breast-Cancer-ML-Pipeline/venv/lib/python3.9/site-packages/airflow/example_dags/example_python_decorator.py for tasks to queue
[2025-04-21T17:07:52.468-0400] {logging_mixin.py:188} INFO - [2025-04-21T17:07:52.467-0400] {dagbag.py:538} INFO - Filling up the DagBag from /Users/gaurav/Documents/Breast-Cancer-ML-Pipeline/venv/lib/python3.9/site-packages/airflow/example_dags/example_python_decorator.py
[2025-04-21T17:07:52.500-0400] {logging_mixin.py:188} INFO - [2025-04-21T17:07:52.500-0400] {example_python_decorator.py:79} WARNING - The virtalenv_python example task requires virtualenv, please install it.
[2025-04-21T17:07:52.501-0400] {processor.py:840} INFO - DAG(s) 'example_python_decorator' retrieved from /Users/gaurav/Documents/Breast-Cancer-ML-Pipeline/venv/lib/python3.9/site-packages/airflow/example_dags/example_python_decorator.py
[2025-04-21T17:07:52.575-0400] {logging_mixin.py:188} INFO - [2025-04-21T17:07:52.575-0400] {dag.py:3036} INFO - Sync 1 DAGs
[2025-04-21T17:07:52.582-0400] {logging_mixin.py:188} INFO - [2025-04-21T17:07:52.582-0400] {dag.py:3823} INFO - Setting next_dagrun for example_python_decorator to None, run_after=None
[2025-04-21T17:07:52.594-0400] {processor.py:183} INFO - Processing /Users/gaurav/Documents/Breast-Cancer-ML-Pipeline/venv/lib/python3.9/site-packages/airflow/example_dags/example_python_decorator.py took 0.130 seconds
[2025-04-21T17:09:07.237-0400] {processor.py:161} INFO - Started process (PID=85601) to work on /Users/gaurav/Documents/Breast-Cancer-ML-Pipeline/venv/lib/python3.9/site-packages/airflow/example_dags/example_python_decorator.py
[2025-04-21T17:09:07.239-0400] {processor.py:830} INFO - Processing file /Users/gaurav/Documents/Breast-Cancer-ML-Pipeline/venv/lib/python3.9/site-packages/airflow/example_dags/example_python_decorator.py for tasks to queue
[2025-04-21T17:09:07.239-0400] {logging_mixin.py:188} INFO - [2025-04-21T17:09:07.239-0400] {dagbag.py:538} INFO - Filling up the DagBag from /Users/gaurav/Documents/Breast-Cancer-ML-Pipeline/venv/lib/python3.9/site-packages/airflow/example_dags/example_python_decorator.py
[2025-04-21T17:09:07.265-0400] {logging_mixin.py:188} INFO - [2025-04-21T17:09:07.265-0400] {example_python_decorator.py:79} WARNING - The virtalenv_python example task requires virtualenv, please install it.
[2025-04-21T17:09:07.267-0400] {processor.py:840} INFO - DAG(s) 'example_python_decorator' retrieved from /Users/gaurav/Documents/Breast-Cancer-ML-Pipeline/venv/lib/python3.9/site-packages/airflow/example_dags/example_python_decorator.py
[2025-04-21T17:09:07.330-0400] {logging_mixin.py:188} INFO - [2025-04-21T17:09:07.329-0400] {dag.py:3036} INFO - Sync 1 DAGs
[2025-04-21T17:09:07.336-0400] {logging_mixin.py:188} INFO - [2025-04-21T17:09:07.336-0400] {dag.py:3823} INFO - Setting next_dagrun for example_python_decorator to None, run_after=None
[2025-04-21T17:09:07.348-0400] {processor.py:183} INFO - Processing /Users/gaurav/Documents/Breast-Cancer-ML-Pipeline/venv/lib/python3.9/site-packages/airflow/example_dags/example_python_decorator.py took 0.113 seconds
[2025-04-21T17:10:19.387-0400] {processor.py:161} INFO - Started process (PID=85678) to work on /Users/gaurav/Documents/Breast-Cancer-ML-Pipeline/venv/lib/python3.9/site-packages/airflow/example_dags/example_python_decorator.py
[2025-04-21T17:10:19.389-0400] {processor.py:830} INFO - Processing file /Users/gaurav/Documents/Breast-Cancer-ML-Pipeline/venv/lib/python3.9/site-packages/airflow/example_dags/example_python_decorator.py for tasks to queue
[2025-04-21T17:10:19.389-0400] {logging_mixin.py:188} INFO - [2025-04-21T17:10:19.389-0400] {dagbag.py:538} INFO - Filling up the DagBag from /Users/gaurav/Documents/Breast-Cancer-ML-Pipeline/venv/lib/python3.9/site-packages/airflow/example_dags/example_python_decorator.py
[2025-04-21T17:10:19.414-0400] {logging_mixin.py:188} INFO - [2025-04-21T17:10:19.414-0400] {example_python_decorator.py:79} WARNING - The virtalenv_python example task requires virtualenv, please install it.
[2025-04-21T17:10:19.416-0400] {processor.py:840} INFO - DAG(s) 'example_python_decorator' retrieved from /Users/gaurav/Documents/Breast-Cancer-ML-Pipeline/venv/lib/python3.9/site-packages/airflow/example_dags/example_python_decorator.py
[2025-04-21T17:10:19.481-0400] {logging_mixin.py:188} INFO - [2025-04-21T17:10:19.480-0400] {dag.py:3036} INFO - Sync 1 DAGs
[2025-04-21T17:10:19.487-0400] {logging_mixin.py:188} INFO - [2025-04-21T17:10:19.487-0400] {dag.py:3823} INFO - Setting next_dagrun for example_python_decorator to None, run_after=None
[2025-04-21T17:10:19.499-0400] {processor.py:183} INFO - Processing /Users/gaurav/Documents/Breast-Cancer-ML-Pipeline/venv/lib/python3.9/site-packages/airflow/example_dags/example_python_decorator.py took 0.113 seconds
[2025-04-21T17:11:34.115-0400] {processor.py:161} INFO - Started process (PID=85766) to work on /Users/gaurav/Documents/Breast-Cancer-ML-Pipeline/venv/lib/python3.9/site-packages/airflow/example_dags/example_python_decorator.py
[2025-04-21T17:11:34.117-0400] {processor.py:830} INFO - Processing file /Users/gaurav/Documents/Breast-Cancer-ML-Pipeline/venv/lib/python3.9/site-packages/airflow/example_dags/example_python_decorator.py for tasks to queue
[2025-04-21T17:11:34.117-0400] {logging_mixin.py:188} INFO - [2025-04-21T17:11:34.117-0400] {dagbag.py:538} INFO - Filling up the DagBag from /Users/gaurav/Documents/Breast-Cancer-ML-Pipeline/venv/lib/python3.9/site-packages/airflow/example_dags/example_python_decorator.py
[2025-04-21T17:11:34.142-0400] {logging_mixin.py:188} INFO - [2025-04-21T17:11:34.142-0400] {example_python_decorator.py:79} WARNING - The virtalenv_python example task requires virtualenv, please install it.
[2025-04-21T17:11:34.144-0400] {processor.py:840} INFO - DAG(s) 'example_python_decorator' retrieved from /Users/gaurav/Documents/Breast-Cancer-ML-Pipeline/venv/lib/python3.9/site-packages/airflow/example_dags/example_python_decorator.py
[2025-04-21T17:11:34.206-0400] {logging_mixin.py:188} INFO - [2025-04-21T17:11:34.206-0400] {dag.py:3036} INFO - Sync 1 DAGs
[2025-04-21T17:11:34.212-0400] {logging_mixin.py:188} INFO - [2025-04-21T17:11:34.212-0400] {dag.py:3823} INFO - Setting next_dagrun for example_python_decorator to None, run_after=None
[2025-04-21T17:11:34.225-0400] {processor.py:183} INFO - Processing /Users/gaurav/Documents/Breast-Cancer-ML-Pipeline/venv/lib/python3.9/site-packages/airflow/example_dags/example_python_decorator.py took 0.110 seconds
[2025-04-21T17:12:47.468-0400] {processor.py:161} INFO - Started process (PID=85856) to work on /Users/gaurav/Documents/Breast-Cancer-ML-Pipeline/venv/lib/python3.9/site-packages/airflow/example_dags/example_python_decorator.py
[2025-04-21T17:12:47.470-0400] {processor.py:830} INFO - Processing file /Users/gaurav/Documents/Breast-Cancer-ML-Pipeline/venv/lib/python3.9/site-packages/airflow/example_dags/example_python_decorator.py for tasks to queue
[2025-04-21T17:12:47.471-0400] {logging_mixin.py:188} INFO - [2025-04-21T17:12:47.471-0400] {dagbag.py:538} INFO - Filling up the DagBag from /Users/gaurav/Documents/Breast-Cancer-ML-Pipeline/venv/lib/python3.9/site-packages/airflow/example_dags/example_python_decorator.py
[2025-04-21T17:12:47.497-0400] {logging_mixin.py:188} INFO - [2025-04-21T17:12:47.497-0400] {example_python_decorator.py:79} WARNING - The virtalenv_python example task requires virtualenv, please install it.
[2025-04-21T17:12:47.498-0400] {processor.py:840} INFO - DAG(s) 'example_python_decorator' retrieved from /Users/gaurav/Documents/Breast-Cancer-ML-Pipeline/venv/lib/python3.9/site-packages/airflow/example_dags/example_python_decorator.py
[2025-04-21T17:12:47.561-0400] {logging_mixin.py:188} INFO - [2025-04-21T17:12:47.561-0400] {dag.py:3036} INFO - Sync 1 DAGs
[2025-04-21T17:12:47.567-0400] {logging_mixin.py:188} INFO - [2025-04-21T17:12:47.567-0400] {dag.py:3823} INFO - Setting next_dagrun for example_python_decorator to None, run_after=None
[2025-04-21T17:12:47.579-0400] {processor.py:183} INFO - Processing /Users/gaurav/Documents/Breast-Cancer-ML-Pipeline/venv/lib/python3.9/site-packages/airflow/example_dags/example_python_decorator.py took 0.112 seconds
[2025-04-21T17:14:01.432-0400] {processor.py:161} INFO - Started process (PID=85949) to work on /Users/gaurav/Documents/Breast-Cancer-ML-Pipeline/venv/lib/python3.9/site-packages/airflow/example_dags/example_python_decorator.py
[2025-04-21T17:14:01.434-0400] {processor.py:830} INFO - Processing file /Users/gaurav/Documents/Breast-Cancer-ML-Pipeline/venv/lib/python3.9/site-packages/airflow/example_dags/example_python_decorator.py for tasks to queue
[2025-04-21T17:14:01.435-0400] {logging_mixin.py:188} INFO - [2025-04-21T17:14:01.434-0400] {dagbag.py:538} INFO - Filling up the DagBag from /Users/gaurav/Documents/Breast-Cancer-ML-Pipeline/venv/lib/python3.9/site-packages/airflow/example_dags/example_python_decorator.py
[2025-04-21T17:14:01.460-0400] {logging_mixin.py:188} INFO - [2025-04-21T17:14:01.460-0400] {example_python_decorator.py:79} WARNING - The virtalenv_python example task requires virtualenv, please install it.
[2025-04-21T17:14:01.462-0400] {processor.py:840} INFO - DAG(s) 'example_python_decorator' retrieved from /Users/gaurav/Documents/Breast-Cancer-ML-Pipeline/venv/lib/python3.9/site-packages/airflow/example_dags/example_python_decorator.py
[2025-04-21T17:14:01.527-0400] {logging_mixin.py:188} INFO - [2025-04-21T17:14:01.527-0400] {dag.py:3036} INFO - Sync 1 DAGs
[2025-04-21T17:14:01.534-0400] {logging_mixin.py:188} INFO - [2025-04-21T17:14:01.533-0400] {dag.py:3823} INFO - Setting next_dagrun for example_python_decorator to None, run_after=None
[2025-04-21T17:14:01.546-0400] {processor.py:183} INFO - Processing /Users/gaurav/Documents/Breast-Cancer-ML-Pipeline/venv/lib/python3.9/site-packages/airflow/example_dags/example_python_decorator.py took 0.115 seconds
[2025-04-21T17:15:14.521-0400] {processor.py:161} INFO - Started process (PID=86031) to work on /Users/gaurav/Documents/Breast-Cancer-ML-Pipeline/venv/lib/python3.9/site-packages/airflow/example_dags/example_python_decorator.py
[2025-04-21T17:15:14.524-0400] {processor.py:830} INFO - Processing file /Users/gaurav/Documents/Breast-Cancer-ML-Pipeline/venv/lib/python3.9/site-packages/airflow/example_dags/example_python_decorator.py for tasks to queue
[2025-04-21T17:15:14.524-0400] {logging_mixin.py:188} INFO - [2025-04-21T17:15:14.524-0400] {dagbag.py:538} INFO - Filling up the DagBag from /Users/gaurav/Documents/Breast-Cancer-ML-Pipeline/venv/lib/python3.9/site-packages/airflow/example_dags/example_python_decorator.py
[2025-04-21T17:15:14.551-0400] {logging_mixin.py:188} INFO - [2025-04-21T17:15:14.551-0400] {example_python_decorator.py:79} WARNING - The virtalenv_python example task requires virtualenv, please install it.
[2025-04-21T17:15:14.552-0400] {processor.py:840} INFO - DAG(s) 'example_python_decorator' retrieved from /Users/gaurav/Documents/Breast-Cancer-ML-Pipeline/venv/lib/python3.9/site-packages/airflow/example_dags/example_python_decorator.py
[2025-04-21T17:15:14.615-0400] {logging_mixin.py:188} INFO - [2025-04-21T17:15:14.615-0400] {dag.py:3036} INFO - Sync 1 DAGs
[2025-04-21T17:15:14.622-0400] {logging_mixin.py:188} INFO - [2025-04-21T17:15:14.621-0400] {dag.py:3823} INFO - Setting next_dagrun for example_python_decorator to None, run_after=None
[2025-04-21T17:15:14.634-0400] {processor.py:183} INFO - Processing /Users/gaurav/Documents/Breast-Cancer-ML-Pipeline/venv/lib/python3.9/site-packages/airflow/example_dags/example_python_decorator.py took 0.113 seconds
[2025-04-21T17:16:27.924-0400] {processor.py:161} INFO - Started process (PID=86120) to work on /Users/gaurav/Documents/Breast-Cancer-ML-Pipeline/venv/lib/python3.9/site-packages/airflow/example_dags/example_python_decorator.py
[2025-04-21T17:16:27.925-0400] {processor.py:830} INFO - Processing file /Users/gaurav/Documents/Breast-Cancer-ML-Pipeline/venv/lib/python3.9/site-packages/airflow/example_dags/example_python_decorator.py for tasks to queue
[2025-04-21T17:16:27.926-0400] {logging_mixin.py:188} INFO - [2025-04-21T17:16:27.926-0400] {dagbag.py:538} INFO - Filling up the DagBag from /Users/gaurav/Documents/Breast-Cancer-ML-Pipeline/venv/lib/python3.9/site-packages/airflow/example_dags/example_python_decorator.py
[2025-04-21T17:16:27.951-0400] {logging_mixin.py:188} INFO - [2025-04-21T17:16:27.951-0400] {example_python_decorator.py:79} WARNING - The virtalenv_python example task requires virtualenv, please install it.
[2025-04-21T17:16:27.953-0400] {processor.py:840} INFO - DAG(s) 'example_python_decorator' retrieved from /Users/gaurav/Documents/Breast-Cancer-ML-Pipeline/venv/lib/python3.9/site-packages/airflow/example_dags/example_python_decorator.py
[2025-04-21T17:16:28.016-0400] {logging_mixin.py:188} INFO - [2025-04-21T17:16:28.016-0400] {dag.py:3036} INFO - Sync 1 DAGs
[2025-04-21T17:16:28.023-0400] {logging_mixin.py:188} INFO - [2025-04-21T17:16:28.023-0400] {dag.py:3823} INFO - Setting next_dagrun for example_python_decorator to None, run_after=None
[2025-04-21T17:16:28.037-0400] {processor.py:183} INFO - Processing /Users/gaurav/Documents/Breast-Cancer-ML-Pipeline/venv/lib/python3.9/site-packages/airflow/example_dags/example_python_decorator.py took 0.114 seconds
[2025-04-21T17:17:41.768-0400] {processor.py:161} INFO - Started process (PID=86229) to work on /Users/gaurav/Documents/Breast-Cancer-ML-Pipeline/venv/lib/python3.9/site-packages/airflow/example_dags/example_python_decorator.py
[2025-04-21T17:17:41.770-0400] {processor.py:830} INFO - Processing file /Users/gaurav/Documents/Breast-Cancer-ML-Pipeline/venv/lib/python3.9/site-packages/airflow/example_dags/example_python_decorator.py for tasks to queue
[2025-04-21T17:17:41.770-0400] {logging_mixin.py:188} INFO - [2025-04-21T17:17:41.770-0400] {dagbag.py:538} INFO - Filling up the DagBag from /Users/gaurav/Documents/Breast-Cancer-ML-Pipeline/venv/lib/python3.9/site-packages/airflow/example_dags/example_python_decorator.py
[2025-04-21T17:17:41.798-0400] {logging_mixin.py:188} INFO - [2025-04-21T17:17:41.798-0400] {example_python_decorator.py:79} WARNING - The virtalenv_python example task requires virtualenv, please install it.
[2025-04-21T17:17:41.799-0400] {processor.py:840} INFO - DAG(s) 'example_python_decorator' retrieved from /Users/gaurav/Documents/Breast-Cancer-ML-Pipeline/venv/lib/python3.9/site-packages/airflow/example_dags/example_python_decorator.py
[2025-04-21T17:17:41.865-0400] {logging_mixin.py:188} INFO - [2025-04-21T17:17:41.865-0400] {dag.py:3036} INFO - Sync 1 DAGs
[2025-04-21T17:17:41.871-0400] {logging_mixin.py:188} INFO - [2025-04-21T17:17:41.871-0400] {dag.py:3823} INFO - Setting next_dagrun for example_python_decorator to None, run_after=None
[2025-04-21T17:17:41.883-0400] {processor.py:183} INFO - Processing /Users/gaurav/Documents/Breast-Cancer-ML-Pipeline/venv/lib/python3.9/site-packages/airflow/example_dags/example_python_decorator.py took 0.117 seconds
[2025-04-21T17:18:57.520-0400] {processor.py:161} INFO - Started process (PID=86319) to work on /Users/gaurav/Documents/Breast-Cancer-ML-Pipeline/venv/lib/python3.9/site-packages/airflow/example_dags/example_python_decorator.py
[2025-04-21T17:18:57.521-0400] {processor.py:830} INFO - Processing file /Users/gaurav/Documents/Breast-Cancer-ML-Pipeline/venv/lib/python3.9/site-packages/airflow/example_dags/example_python_decorator.py for tasks to queue
[2025-04-21T17:18:57.522-0400] {logging_mixin.py:188} INFO - [2025-04-21T17:18:57.522-0400] {dagbag.py:538} INFO - Filling up the DagBag from /Users/gaurav/Documents/Breast-Cancer-ML-Pipeline/venv/lib/python3.9/site-packages/airflow/example_dags/example_python_decorator.py
[2025-04-21T17:18:57.550-0400] {logging_mixin.py:188} INFO - [2025-04-21T17:18:57.550-0400] {example_python_decorator.py:79} WARNING - The virtalenv_python example task requires virtualenv, please install it.
[2025-04-21T17:18:57.552-0400] {processor.py:840} INFO - DAG(s) 'example_python_decorator' retrieved from /Users/gaurav/Documents/Breast-Cancer-ML-Pipeline/venv/lib/python3.9/site-packages/airflow/example_dags/example_python_decorator.py
[2025-04-21T17:18:57.620-0400] {logging_mixin.py:188} INFO - [2025-04-21T17:18:57.620-0400] {dag.py:3036} INFO - Sync 1 DAGs
[2025-04-21T17:18:57.627-0400] {logging_mixin.py:188} INFO - [2025-04-21T17:18:57.627-0400] {dag.py:3823} INFO - Setting next_dagrun for example_python_decorator to None, run_after=None
[2025-04-21T17:18:57.640-0400] {processor.py:183} INFO - Processing /Users/gaurav/Documents/Breast-Cancer-ML-Pipeline/venv/lib/python3.9/site-packages/airflow/example_dags/example_python_decorator.py took 0.121 seconds
[2025-04-21T17:20:12.982-0400] {processor.py:161} INFO - Started process (PID=86415) to work on /Users/gaurav/Documents/Breast-Cancer-ML-Pipeline/venv/lib/python3.9/site-packages/airflow/example_dags/example_python_decorator.py
[2025-04-21T17:20:12.983-0400] {processor.py:830} INFO - Processing file /Users/gaurav/Documents/Breast-Cancer-ML-Pipeline/venv/lib/python3.9/site-packages/airflow/example_dags/example_python_decorator.py for tasks to queue
[2025-04-21T17:20:12.983-0400] {logging_mixin.py:188} INFO - [2025-04-21T17:20:12.983-0400] {dagbag.py:538} INFO - Filling up the DagBag from /Users/gaurav/Documents/Breast-Cancer-ML-Pipeline/venv/lib/python3.9/site-packages/airflow/example_dags/example_python_decorator.py
[2025-04-21T17:20:13.009-0400] {logging_mixin.py:188} INFO - [2025-04-21T17:20:13.009-0400] {example_python_decorator.py:79} WARNING - The virtalenv_python example task requires virtualenv, please install it.
[2025-04-21T17:20:13.011-0400] {processor.py:840} INFO - DAG(s) 'example_python_decorator' retrieved from /Users/gaurav/Documents/Breast-Cancer-ML-Pipeline/venv/lib/python3.9/site-packages/airflow/example_dags/example_python_decorator.py
[2025-04-21T17:20:13.075-0400] {logging_mixin.py:188} INFO - [2025-04-21T17:20:13.075-0400] {dag.py:3036} INFO - Sync 1 DAGs
[2025-04-21T17:20:13.081-0400] {logging_mixin.py:188} INFO - [2025-04-21T17:20:13.081-0400] {dag.py:3823} INFO - Setting next_dagrun for example_python_decorator to None, run_after=None
[2025-04-21T17:20:13.093-0400] {processor.py:183} INFO - Processing /Users/gaurav/Documents/Breast-Cancer-ML-Pipeline/venv/lib/python3.9/site-packages/airflow/example_dags/example_python_decorator.py took 0.112 seconds
[2025-04-21T17:22:11.608-0400] {processor.py:161} INFO - Started process (PID=86524) to work on /Users/gaurav/Documents/Breast-Cancer-ML-Pipeline/venv/lib/python3.9/site-packages/airflow/example_dags/example_python_decorator.py
[2025-04-21T17:22:11.610-0400] {processor.py:830} INFO - Processing file /Users/gaurav/Documents/Breast-Cancer-ML-Pipeline/venv/lib/python3.9/site-packages/airflow/example_dags/example_python_decorator.py for tasks to queue
[2025-04-21T17:22:11.610-0400] {logging_mixin.py:188} INFO - [2025-04-21T17:22:11.610-0400] {dagbag.py:538} INFO - Filling up the DagBag from /Users/gaurav/Documents/Breast-Cancer-ML-Pipeline/venv/lib/python3.9/site-packages/airflow/example_dags/example_python_decorator.py
[2025-04-21T17:22:11.637-0400] {logging_mixin.py:188} INFO - [2025-04-21T17:22:11.637-0400] {example_python_decorator.py:79} WARNING - The virtalenv_python example task requires virtualenv, please install it.
[2025-04-21T17:22:11.638-0400] {processor.py:840} INFO - DAG(s) 'example_python_decorator' retrieved from /Users/gaurav/Documents/Breast-Cancer-ML-Pipeline/venv/lib/python3.9/site-packages/airflow/example_dags/example_python_decorator.py
[2025-04-21T17:22:11.758-0400] {logging_mixin.py:188} INFO - [2025-04-21T17:22:11.758-0400] {dag.py:3036} INFO - Sync 1 DAGs
[2025-04-21T17:22:11.765-0400] {logging_mixin.py:188} INFO - [2025-04-21T17:22:11.764-0400] {dag.py:3823} INFO - Setting next_dagrun for example_python_decorator to None, run_after=None
[2025-04-21T17:22:11.778-0400] {processor.py:183} INFO - Processing /Users/gaurav/Documents/Breast-Cancer-ML-Pipeline/venv/lib/python3.9/site-packages/airflow/example_dags/example_python_decorator.py took 0.171 seconds
[2025-04-21T17:23:29.135-0400] {processor.py:161} INFO - Started process (PID=86608) to work on /Users/gaurav/Documents/Breast-Cancer-ML-Pipeline/venv/lib/python3.9/site-packages/airflow/example_dags/example_python_decorator.py
[2025-04-21T17:23:29.137-0400] {processor.py:830} INFO - Processing file /Users/gaurav/Documents/Breast-Cancer-ML-Pipeline/venv/lib/python3.9/site-packages/airflow/example_dags/example_python_decorator.py for tasks to queue
[2025-04-21T17:23:29.138-0400] {logging_mixin.py:188} INFO - [2025-04-21T17:23:29.137-0400] {dagbag.py:538} INFO - Filling up the DagBag from /Users/gaurav/Documents/Breast-Cancer-ML-Pipeline/venv/lib/python3.9/site-packages/airflow/example_dags/example_python_decorator.py
[2025-04-21T17:23:29.162-0400] {logging_mixin.py:188} INFO - [2025-04-21T17:23:29.162-0400] {example_python_decorator.py:79} WARNING - The virtalenv_python example task requires virtualenv, please install it.
[2025-04-21T17:23:29.164-0400] {processor.py:840} INFO - DAG(s) 'example_python_decorator' retrieved from /Users/gaurav/Documents/Breast-Cancer-ML-Pipeline/venv/lib/python3.9/site-packages/airflow/example_dags/example_python_decorator.py
[2025-04-21T17:23:29.227-0400] {logging_mixin.py:188} INFO - [2025-04-21T17:23:29.227-0400] {dag.py:3036} INFO - Sync 1 DAGs
[2025-04-21T17:23:29.234-0400] {logging_mixin.py:188} INFO - [2025-04-21T17:23:29.234-0400] {dag.py:3823} INFO - Setting next_dagrun for example_python_decorator to None, run_after=None
[2025-04-21T17:23:29.246-0400] {processor.py:183} INFO - Processing /Users/gaurav/Documents/Breast-Cancer-ML-Pipeline/venv/lib/python3.9/site-packages/airflow/example_dags/example_python_decorator.py took 0.111 seconds
[2025-04-21T17:24:46.146-0400] {processor.py:161} INFO - Started process (PID=86705) to work on /Users/gaurav/Documents/Breast-Cancer-ML-Pipeline/venv/lib/python3.9/site-packages/airflow/example_dags/example_python_decorator.py
[2025-04-21T17:24:46.148-0400] {processor.py:830} INFO - Processing file /Users/gaurav/Documents/Breast-Cancer-ML-Pipeline/venv/lib/python3.9/site-packages/airflow/example_dags/example_python_decorator.py for tasks to queue
[2025-04-21T17:24:46.148-0400] {logging_mixin.py:188} INFO - [2025-04-21T17:24:46.148-0400] {dagbag.py:538} INFO - Filling up the DagBag from /Users/gaurav/Documents/Breast-Cancer-ML-Pipeline/venv/lib/python3.9/site-packages/airflow/example_dags/example_python_decorator.py
[2025-04-21T17:24:46.174-0400] {logging_mixin.py:188} INFO - [2025-04-21T17:24:46.174-0400] {example_python_decorator.py:79} WARNING - The virtalenv_python example task requires virtualenv, please install it.
[2025-04-21T17:24:46.176-0400] {processor.py:840} INFO - DAG(s) 'example_python_decorator' retrieved from /Users/gaurav/Documents/Breast-Cancer-ML-Pipeline/venv/lib/python3.9/site-packages/airflow/example_dags/example_python_decorator.py
[2025-04-21T17:24:46.244-0400] {logging_mixin.py:188} INFO - [2025-04-21T17:24:46.244-0400] {dag.py:3036} INFO - Sync 1 DAGs
[2025-04-21T17:24:46.252-0400] {logging_mixin.py:188} INFO - [2025-04-21T17:24:46.251-0400] {dag.py:3823} INFO - Setting next_dagrun for example_python_decorator to None, run_after=None
[2025-04-21T17:24:46.265-0400] {processor.py:183} INFO - Processing /Users/gaurav/Documents/Breast-Cancer-ML-Pipeline/venv/lib/python3.9/site-packages/airflow/example_dags/example_python_decorator.py took 0.120 seconds
[2025-04-21T17:26:03.935-0400] {processor.py:161} INFO - Started process (PID=86821) to work on /Users/gaurav/Documents/Breast-Cancer-ML-Pipeline/venv/lib/python3.9/site-packages/airflow/example_dags/example_python_decorator.py
[2025-04-21T17:26:03.937-0400] {processor.py:830} INFO - Processing file /Users/gaurav/Documents/Breast-Cancer-ML-Pipeline/venv/lib/python3.9/site-packages/airflow/example_dags/example_python_decorator.py for tasks to queue
[2025-04-21T17:26:03.937-0400] {logging_mixin.py:188} INFO - [2025-04-21T17:26:03.937-0400] {dagbag.py:538} INFO - Filling up the DagBag from /Users/gaurav/Documents/Breast-Cancer-ML-Pipeline/venv/lib/python3.9/site-packages/airflow/example_dags/example_python_decorator.py
[2025-04-21T17:26:03.963-0400] {logging_mixin.py:188} INFO - [2025-04-21T17:26:03.963-0400] {example_python_decorator.py:79} WARNING - The virtalenv_python example task requires virtualenv, please install it.
[2025-04-21T17:26:03.965-0400] {processor.py:840} INFO - DAG(s) 'example_python_decorator' retrieved from /Users/gaurav/Documents/Breast-Cancer-ML-Pipeline/venv/lib/python3.9/site-packages/airflow/example_dags/example_python_decorator.py
[2025-04-21T17:26:04.027-0400] {logging_mixin.py:188} INFO - [2025-04-21T17:26:04.027-0400] {dag.py:3036} INFO - Sync 1 DAGs
[2025-04-21T17:26:04.033-0400] {logging_mixin.py:188} INFO - [2025-04-21T17:26:04.033-0400] {dag.py:3823} INFO - Setting next_dagrun for example_python_decorator to None, run_after=None
[2025-04-21T17:26:04.045-0400] {processor.py:183} INFO - Processing /Users/gaurav/Documents/Breast-Cancer-ML-Pipeline/venv/lib/python3.9/site-packages/airflow/example_dags/example_python_decorator.py took 0.111 seconds
[2025-04-21T17:27:19.960-0400] {processor.py:161} INFO - Started process (PID=86922) to work on /Users/gaurav/Documents/Breast-Cancer-ML-Pipeline/venv/lib/python3.9/site-packages/airflow/example_dags/example_python_decorator.py
[2025-04-21T17:27:19.961-0400] {processor.py:830} INFO - Processing file /Users/gaurav/Documents/Breast-Cancer-ML-Pipeline/venv/lib/python3.9/site-packages/airflow/example_dags/example_python_decorator.py for tasks to queue
[2025-04-21T17:27:19.962-0400] {logging_mixin.py:188} INFO - [2025-04-21T17:27:19.962-0400] {dagbag.py:538} INFO - Filling up the DagBag from /Users/gaurav/Documents/Breast-Cancer-ML-Pipeline/venv/lib/python3.9/site-packages/airflow/example_dags/example_python_decorator.py
[2025-04-21T17:27:19.987-0400] {logging_mixin.py:188} INFO - [2025-04-21T17:27:19.987-0400] {example_python_decorator.py:79} WARNING - The virtalenv_python example task requires virtualenv, please install it.
[2025-04-21T17:27:19.989-0400] {processor.py:840} INFO - DAG(s) 'example_python_decorator' retrieved from /Users/gaurav/Documents/Breast-Cancer-ML-Pipeline/venv/lib/python3.9/site-packages/airflow/example_dags/example_python_decorator.py
[2025-04-21T17:27:20.051-0400] {logging_mixin.py:188} INFO - [2025-04-21T17:27:20.051-0400] {dag.py:3036} INFO - Sync 1 DAGs
[2025-04-21T17:27:20.058-0400] {logging_mixin.py:188} INFO - [2025-04-21T17:27:20.057-0400] {dag.py:3823} INFO - Setting next_dagrun for example_python_decorator to None, run_after=None
[2025-04-21T17:27:20.071-0400] {processor.py:183} INFO - Processing /Users/gaurav/Documents/Breast-Cancer-ML-Pipeline/venv/lib/python3.9/site-packages/airflow/example_dags/example_python_decorator.py took 0.112 seconds
[2025-04-21T17:29:37.495-0400] {processor.py:161} INFO - Started process (PID=87124) to work on /Users/gaurav/Documents/Breast-Cancer-ML-Pipeline/venv/lib/python3.9/site-packages/airflow/example_dags/example_python_decorator.py
[2025-04-21T17:29:37.497-0400] {processor.py:830} INFO - Processing file /Users/gaurav/Documents/Breast-Cancer-ML-Pipeline/venv/lib/python3.9/site-packages/airflow/example_dags/example_python_decorator.py for tasks to queue
[2025-04-21T17:29:37.498-0400] {logging_mixin.py:188} INFO - [2025-04-21T17:29:37.497-0400] {dagbag.py:538} INFO - Filling up the DagBag from /Users/gaurav/Documents/Breast-Cancer-ML-Pipeline/venv/lib/python3.9/site-packages/airflow/example_dags/example_python_decorator.py
[2025-04-21T17:29:37.525-0400] {logging_mixin.py:188} INFO - [2025-04-21T17:29:37.525-0400] {example_python_decorator.py:79} WARNING - The virtalenv_python example task requires virtualenv, please install it.
[2025-04-21T17:29:37.526-0400] {processor.py:840} INFO - DAG(s) 'example_python_decorator' retrieved from /Users/gaurav/Documents/Breast-Cancer-ML-Pipeline/venv/lib/python3.9/site-packages/airflow/example_dags/example_python_decorator.py
[2025-04-21T17:29:37.597-0400] {logging_mixin.py:188} INFO - [2025-04-21T17:29:37.596-0400] {dag.py:3036} INFO - Sync 1 DAGs
[2025-04-21T17:29:37.603-0400] {logging_mixin.py:188} INFO - [2025-04-21T17:29:37.603-0400] {dag.py:3823} INFO - Setting next_dagrun for example_python_decorator to None, run_after=None
[2025-04-21T17:29:37.616-0400] {processor.py:183} INFO - Processing /Users/gaurav/Documents/Breast-Cancer-ML-Pipeline/venv/lib/python3.9/site-packages/airflow/example_dags/example_python_decorator.py took 0.122 seconds
[2025-04-21T17:30:54.597-0400] {processor.py:161} INFO - Started process (PID=87212) to work on /Users/gaurav/Documents/Breast-Cancer-ML-Pipeline/venv/lib/python3.9/site-packages/airflow/example_dags/example_python_decorator.py
[2025-04-21T17:30:54.598-0400] {processor.py:830} INFO - Processing file /Users/gaurav/Documents/Breast-Cancer-ML-Pipeline/venv/lib/python3.9/site-packages/airflow/example_dags/example_python_decorator.py for tasks to queue
[2025-04-21T17:30:54.598-0400] {logging_mixin.py:188} INFO - [2025-04-21T17:30:54.598-0400] {dagbag.py:538} INFO - Filling up the DagBag from /Users/gaurav/Documents/Breast-Cancer-ML-Pipeline/venv/lib/python3.9/site-packages/airflow/example_dags/example_python_decorator.py
[2025-04-21T17:30:54.627-0400] {logging_mixin.py:188} INFO - [2025-04-21T17:30:54.626-0400] {example_python_decorator.py:79} WARNING - The virtalenv_python example task requires virtualenv, please install it.
[2025-04-21T17:30:54.628-0400] {processor.py:840} INFO - DAG(s) 'example_python_decorator' retrieved from /Users/gaurav/Documents/Breast-Cancer-ML-Pipeline/venv/lib/python3.9/site-packages/airflow/example_dags/example_python_decorator.py
[2025-04-21T17:30:54.698-0400] {logging_mixin.py:188} INFO - [2025-04-21T17:30:54.698-0400] {dag.py:3036} INFO - Sync 1 DAGs
[2025-04-21T17:30:54.705-0400] {logging_mixin.py:188} INFO - [2025-04-21T17:30:54.705-0400] {dag.py:3823} INFO - Setting next_dagrun for example_python_decorator to None, run_after=None
[2025-04-21T17:30:54.717-0400] {processor.py:183} INFO - Processing /Users/gaurav/Documents/Breast-Cancer-ML-Pipeline/venv/lib/python3.9/site-packages/airflow/example_dags/example_python_decorator.py took 0.122 seconds
[2025-04-21T17:37:16.393-0400] {processor.py:161} INFO - Started process (PID=87656) to work on /Users/gaurav/Documents/Breast-Cancer-ML-Pipeline/venv/lib/python3.9/site-packages/airflow/example_dags/example_python_decorator.py
[2025-04-21T17:37:16.394-0400] {processor.py:830} INFO - Processing file /Users/gaurav/Documents/Breast-Cancer-ML-Pipeline/venv/lib/python3.9/site-packages/airflow/example_dags/example_python_decorator.py for tasks to queue
[2025-04-21T17:37:16.395-0400] {logging_mixin.py:188} INFO - [2025-04-21T17:37:16.395-0400] {dagbag.py:538} INFO - Filling up the DagBag from /Users/gaurav/Documents/Breast-Cancer-ML-Pipeline/venv/lib/python3.9/site-packages/airflow/example_dags/example_python_decorator.py
[2025-04-21T17:37:16.422-0400] {logging_mixin.py:188} INFO - [2025-04-21T17:37:16.422-0400] {example_python_decorator.py:79} WARNING - The virtalenv_python example task requires virtualenv, please install it.
[2025-04-21T17:37:16.423-0400] {processor.py:840} INFO - DAG(s) 'example_python_decorator' retrieved from /Users/gaurav/Documents/Breast-Cancer-ML-Pipeline/venv/lib/python3.9/site-packages/airflow/example_dags/example_python_decorator.py
[2025-04-21T17:37:16.545-0400] {logging_mixin.py:188} INFO - [2025-04-21T17:37:16.545-0400] {dag.py:3036} INFO - Sync 1 DAGs
[2025-04-21T17:37:16.551-0400] {logging_mixin.py:188} INFO - [2025-04-21T17:37:16.551-0400] {dag.py:3823} INFO - Setting next_dagrun for example_python_decorator to None, run_after=None
[2025-04-21T17:37:16.563-0400] {processor.py:183} INFO - Processing /Users/gaurav/Documents/Breast-Cancer-ML-Pipeline/venv/lib/python3.9/site-packages/airflow/example_dags/example_python_decorator.py took 0.171 seconds
[2025-04-21T17:39:05.173-0400] {processor.py:161} INFO - Started process (PID=87882) to work on /Users/gaurav/Documents/Breast-Cancer-ML-Pipeline/venv/lib/python3.9/site-packages/airflow/example_dags/example_python_decorator.py
[2025-04-21T17:39:05.175-0400] {processor.py:830} INFO - Processing file /Users/gaurav/Documents/Breast-Cancer-ML-Pipeline/venv/lib/python3.9/site-packages/airflow/example_dags/example_python_decorator.py for tasks to queue
[2025-04-21T17:39:05.176-0400] {logging_mixin.py:188} INFO - [2025-04-21T17:39:05.175-0400] {dagbag.py:538} INFO - Filling up the DagBag from /Users/gaurav/Documents/Breast-Cancer-ML-Pipeline/venv/lib/python3.9/site-packages/airflow/example_dags/example_python_decorator.py
[2025-04-21T17:39:05.201-0400] {logging_mixin.py:188} INFO - [2025-04-21T17:39:05.201-0400] {example_python_decorator.py:79} WARNING - The virtalenv_python example task requires virtualenv, please install it.
[2025-04-21T17:39:05.202-0400] {processor.py:840} INFO - DAG(s) 'example_python_decorator' retrieved from /Users/gaurav/Documents/Breast-Cancer-ML-Pipeline/venv/lib/python3.9/site-packages/airflow/example_dags/example_python_decorator.py
[2025-04-21T17:39:05.264-0400] {logging_mixin.py:188} INFO - [2025-04-21T17:39:05.263-0400] {dag.py:3036} INFO - Sync 1 DAGs
[2025-04-21T17:39:05.270-0400] {logging_mixin.py:188} INFO - [2025-04-21T17:39:05.269-0400] {dag.py:3823} INFO - Setting next_dagrun for example_python_decorator to None, run_after=None
[2025-04-21T17:39:05.282-0400] {processor.py:183} INFO - Processing /Users/gaurav/Documents/Breast-Cancer-ML-Pipeline/venv/lib/python3.9/site-packages/airflow/example_dags/example_python_decorator.py took 0.109 seconds
[2025-04-21T17:41:38.290-0400] {processor.py:161} INFO - Started process (PID=88109) to work on /Users/gaurav/Documents/Breast-Cancer-ML-Pipeline/venv/lib/python3.9/site-packages/airflow/example_dags/example_python_decorator.py
[2025-04-21T17:41:38.292-0400] {processor.py:830} INFO - Processing file /Users/gaurav/Documents/Breast-Cancer-ML-Pipeline/venv/lib/python3.9/site-packages/airflow/example_dags/example_python_decorator.py for tasks to queue
[2025-04-21T17:41:38.293-0400] {logging_mixin.py:188} INFO - [2025-04-21T17:41:38.293-0400] {dagbag.py:538} INFO - Filling up the DagBag from /Users/gaurav/Documents/Breast-Cancer-ML-Pipeline/venv/lib/python3.9/site-packages/airflow/example_dags/example_python_decorator.py
[2025-04-21T17:41:38.319-0400] {logging_mixin.py:188} INFO - [2025-04-21T17:41:38.319-0400] {example_python_decorator.py:79} WARNING - The virtalenv_python example task requires virtualenv, please install it.
[2025-04-21T17:41:38.321-0400] {processor.py:840} INFO - DAG(s) 'example_python_decorator' retrieved from /Users/gaurav/Documents/Breast-Cancer-ML-Pipeline/venv/lib/python3.9/site-packages/airflow/example_dags/example_python_decorator.py
[2025-04-21T17:41:38.383-0400] {logging_mixin.py:188} INFO - [2025-04-21T17:41:38.383-0400] {dag.py:3036} INFO - Sync 1 DAGs
[2025-04-21T17:41:38.389-0400] {logging_mixin.py:188} INFO - [2025-04-21T17:41:38.389-0400] {dag.py:3823} INFO - Setting next_dagrun for example_python_decorator to None, run_after=None
[2025-04-21T17:41:38.401-0400] {processor.py:183} INFO - Processing /Users/gaurav/Documents/Breast-Cancer-ML-Pipeline/venv/lib/python3.9/site-packages/airflow/example_dags/example_python_decorator.py took 0.112 seconds
[2025-04-21T17:42:51.742-0400] {processor.py:161} INFO - Started process (PID=88195) to work on /Users/gaurav/Documents/Breast-Cancer-ML-Pipeline/venv/lib/python3.9/site-packages/airflow/example_dags/example_python_decorator.py
[2025-04-21T17:42:51.744-0400] {processor.py:830} INFO - Processing file /Users/gaurav/Documents/Breast-Cancer-ML-Pipeline/venv/lib/python3.9/site-packages/airflow/example_dags/example_python_decorator.py for tasks to queue
[2025-04-21T17:42:51.745-0400] {logging_mixin.py:188} INFO - [2025-04-21T17:42:51.745-0400] {dagbag.py:538} INFO - Filling up the DagBag from /Users/gaurav/Documents/Breast-Cancer-ML-Pipeline/venv/lib/python3.9/site-packages/airflow/example_dags/example_python_decorator.py
[2025-04-21T17:42:51.771-0400] {logging_mixin.py:188} INFO - [2025-04-21T17:42:51.771-0400] {example_python_decorator.py:79} WARNING - The virtalenv_python example task requires virtualenv, please install it.
[2025-04-21T17:42:51.772-0400] {processor.py:840} INFO - DAG(s) 'example_python_decorator' retrieved from /Users/gaurav/Documents/Breast-Cancer-ML-Pipeline/venv/lib/python3.9/site-packages/airflow/example_dags/example_python_decorator.py
[2025-04-21T17:42:51.837-0400] {logging_mixin.py:188} INFO - [2025-04-21T17:42:51.837-0400] {dag.py:3036} INFO - Sync 1 DAGs
[2025-04-21T17:42:51.843-0400] {logging_mixin.py:188} INFO - [2025-04-21T17:42:51.843-0400] {dag.py:3823} INFO - Setting next_dagrun for example_python_decorator to None, run_after=None
[2025-04-21T17:42:51.859-0400] {processor.py:183} INFO - Processing /Users/gaurav/Documents/Breast-Cancer-ML-Pipeline/venv/lib/python3.9/site-packages/airflow/example_dags/example_python_decorator.py took 0.117 seconds
[2025-04-21T17:44:03.641-0400] {processor.py:161} INFO - Started process (PID=88285) to work on /Users/gaurav/Documents/Breast-Cancer-ML-Pipeline/venv/lib/python3.9/site-packages/airflow/example_dags/example_python_decorator.py
[2025-04-21T17:44:03.643-0400] {processor.py:830} INFO - Processing file /Users/gaurav/Documents/Breast-Cancer-ML-Pipeline/venv/lib/python3.9/site-packages/airflow/example_dags/example_python_decorator.py for tasks to queue
[2025-04-21T17:44:03.643-0400] {logging_mixin.py:188} INFO - [2025-04-21T17:44:03.643-0400] {dagbag.py:538} INFO - Filling up the DagBag from /Users/gaurav/Documents/Breast-Cancer-ML-Pipeline/venv/lib/python3.9/site-packages/airflow/example_dags/example_python_decorator.py
[2025-04-21T17:44:03.669-0400] {logging_mixin.py:188} INFO - [2025-04-21T17:44:03.669-0400] {example_python_decorator.py:79} WARNING - The virtalenv_python example task requires virtualenv, please install it.
[2025-04-21T17:44:03.670-0400] {processor.py:840} INFO - DAG(s) 'example_python_decorator' retrieved from /Users/gaurav/Documents/Breast-Cancer-ML-Pipeline/venv/lib/python3.9/site-packages/airflow/example_dags/example_python_decorator.py
[2025-04-21T17:44:03.734-0400] {logging_mixin.py:188} INFO - [2025-04-21T17:44:03.733-0400] {dag.py:3036} INFO - Sync 1 DAGs
[2025-04-21T17:44:03.740-0400] {logging_mixin.py:188} INFO - [2025-04-21T17:44:03.740-0400] {dag.py:3823} INFO - Setting next_dagrun for example_python_decorator to None, run_after=None
[2025-04-21T17:44:03.752-0400] {processor.py:183} INFO - Processing /Users/gaurav/Documents/Breast-Cancer-ML-Pipeline/venv/lib/python3.9/site-packages/airflow/example_dags/example_python_decorator.py took 0.112 seconds
[2025-04-21T17:45:11.824-0400] {processor.py:161} INFO - Started process (PID=88376) to work on /Users/gaurav/Documents/Breast-Cancer-ML-Pipeline/venv/lib/python3.9/site-packages/airflow/example_dags/example_python_decorator.py
[2025-04-21T17:45:11.825-0400] {processor.py:830} INFO - Processing file /Users/gaurav/Documents/Breast-Cancer-ML-Pipeline/venv/lib/python3.9/site-packages/airflow/example_dags/example_python_decorator.py for tasks to queue
[2025-04-21T17:45:11.826-0400] {logging_mixin.py:188} INFO - [2025-04-21T17:45:11.826-0400] {dagbag.py:538} INFO - Filling up the DagBag from /Users/gaurav/Documents/Breast-Cancer-ML-Pipeline/venv/lib/python3.9/site-packages/airflow/example_dags/example_python_decorator.py
[2025-04-21T17:45:11.847-0400] {logging_mixin.py:188} INFO - [2025-04-21T17:45:11.847-0400] {example_python_decorator.py:79} WARNING - The virtalenv_python example task requires virtualenv, please install it.
[2025-04-21T17:45:11.848-0400] {processor.py:840} INFO - DAG(s) 'example_python_decorator' retrieved from /Users/gaurav/Documents/Breast-Cancer-ML-Pipeline/venv/lib/python3.9/site-packages/airflow/example_dags/example_python_decorator.py
[2025-04-21T17:45:11.900-0400] {logging_mixin.py:188} INFO - [2025-04-21T17:45:11.900-0400] {dag.py:3036} INFO - Sync 1 DAGs
[2025-04-21T17:45:11.906-0400] {logging_mixin.py:188} INFO - [2025-04-21T17:45:11.906-0400] {dag.py:3823} INFO - Setting next_dagrun for example_python_decorator to None, run_after=None
[2025-04-21T17:45:11.917-0400] {processor.py:183} INFO - Processing /Users/gaurav/Documents/Breast-Cancer-ML-Pipeline/venv/lib/python3.9/site-packages/airflow/example_dags/example_python_decorator.py took 0.093 seconds
[2025-04-21T17:46:05.570-0400] {processor.py:161} INFO - Started process (PID=88506) to work on /Users/gaurav/Documents/Breast-Cancer-ML-Pipeline/venv/lib/python3.9/site-packages/airflow/example_dags/example_python_decorator.py
[2025-04-21T17:46:05.571-0400] {processor.py:830} INFO - Processing file /Users/gaurav/Documents/Breast-Cancer-ML-Pipeline/venv/lib/python3.9/site-packages/airflow/example_dags/example_python_decorator.py for tasks to queue
[2025-04-21T17:46:05.571-0400] {logging_mixin.py:188} INFO - [2025-04-21T17:46:05.571-0400] {dagbag.py:538} INFO - Filling up the DagBag from /Users/gaurav/Documents/Breast-Cancer-ML-Pipeline/venv/lib/python3.9/site-packages/airflow/example_dags/example_python_decorator.py
[2025-04-21T17:46:05.594-0400] {logging_mixin.py:188} INFO - [2025-04-21T17:46:05.594-0400] {example_python_decorator.py:79} WARNING - The virtalenv_python example task requires virtualenv, please install it.
[2025-04-21T17:46:05.596-0400] {processor.py:840} INFO - DAG(s) 'example_python_decorator' retrieved from /Users/gaurav/Documents/Breast-Cancer-ML-Pipeline/venv/lib/python3.9/site-packages/airflow/example_dags/example_python_decorator.py
[2025-04-21T17:46:05.648-0400] {logging_mixin.py:188} INFO - [2025-04-21T17:46:05.648-0400] {dag.py:3036} INFO - Sync 1 DAGs
[2025-04-21T17:46:05.654-0400] {logging_mixin.py:188} INFO - [2025-04-21T17:46:05.654-0400] {dag.py:3823} INFO - Setting next_dagrun for example_python_decorator to None, run_after=None
[2025-04-21T17:46:05.664-0400] {processor.py:183} INFO - Processing /Users/gaurav/Documents/Breast-Cancer-ML-Pipeline/venv/lib/python3.9/site-packages/airflow/example_dags/example_python_decorator.py took 0.096 seconds
[2025-04-21T17:47:14.336-0400] {processor.py:161} INFO - Started process (PID=88596) to work on /Users/gaurav/Documents/Breast-Cancer-ML-Pipeline/venv/lib/python3.9/site-packages/airflow/example_dags/example_python_decorator.py
[2025-04-21T17:47:14.337-0400] {processor.py:830} INFO - Processing file /Users/gaurav/Documents/Breast-Cancer-ML-Pipeline/venv/lib/python3.9/site-packages/airflow/example_dags/example_python_decorator.py for tasks to queue
[2025-04-21T17:47:14.337-0400] {logging_mixin.py:188} INFO - [2025-04-21T17:47:14.337-0400] {dagbag.py:538} INFO - Filling up the DagBag from /Users/gaurav/Documents/Breast-Cancer-ML-Pipeline/venv/lib/python3.9/site-packages/airflow/example_dags/example_python_decorator.py
[2025-04-21T17:47:14.358-0400] {logging_mixin.py:188} INFO - [2025-04-21T17:47:14.358-0400] {example_python_decorator.py:79} WARNING - The virtalenv_python example task requires virtualenv, please install it.
[2025-04-21T17:47:14.359-0400] {processor.py:840} INFO - DAG(s) 'example_python_decorator' retrieved from /Users/gaurav/Documents/Breast-Cancer-ML-Pipeline/venv/lib/python3.9/site-packages/airflow/example_dags/example_python_decorator.py
[2025-04-21T17:47:14.411-0400] {logging_mixin.py:188} INFO - [2025-04-21T17:47:14.411-0400] {dag.py:3036} INFO - Sync 1 DAGs
[2025-04-21T17:47:14.416-0400] {logging_mixin.py:188} INFO - [2025-04-21T17:47:14.416-0400] {dag.py:3823} INFO - Setting next_dagrun for example_python_decorator to None, run_after=None
[2025-04-21T17:47:14.429-0400] {processor.py:183} INFO - Processing /Users/gaurav/Documents/Breast-Cancer-ML-Pipeline/venv/lib/python3.9/site-packages/airflow/example_dags/example_python_decorator.py took 0.093 seconds
[2025-04-21T17:48:03.823-0400] {processor.py:161} INFO - Started process (PID=88659) to work on /Users/gaurav/Documents/Breast-Cancer-ML-Pipeline/venv/lib/python3.9/site-packages/airflow/example_dags/example_python_decorator.py
[2025-04-21T17:48:03.824-0400] {processor.py:830} INFO - Processing file /Users/gaurav/Documents/Breast-Cancer-ML-Pipeline/venv/lib/python3.9/site-packages/airflow/example_dags/example_python_decorator.py for tasks to queue
[2025-04-21T17:48:03.824-0400] {logging_mixin.py:188} INFO - [2025-04-21T17:48:03.824-0400] {dagbag.py:538} INFO - Filling up the DagBag from /Users/gaurav/Documents/Breast-Cancer-ML-Pipeline/venv/lib/python3.9/site-packages/airflow/example_dags/example_python_decorator.py
[2025-04-21T17:48:03.845-0400] {logging_mixin.py:188} INFO - [2025-04-21T17:48:03.845-0400] {example_python_decorator.py:79} WARNING - The virtalenv_python example task requires virtualenv, please install it.
[2025-04-21T17:48:03.847-0400] {processor.py:840} INFO - DAG(s) 'example_python_decorator' retrieved from /Users/gaurav/Documents/Breast-Cancer-ML-Pipeline/venv/lib/python3.9/site-packages/airflow/example_dags/example_python_decorator.py
[2025-04-21T17:48:03.897-0400] {logging_mixin.py:188} INFO - [2025-04-21T17:48:03.897-0400] {dag.py:3036} INFO - Sync 1 DAGs
[2025-04-21T17:48:03.902-0400] {logging_mixin.py:188} INFO - [2025-04-21T17:48:03.902-0400] {dag.py:3823} INFO - Setting next_dagrun for example_python_decorator to None, run_after=None
[2025-04-21T17:48:03.912-0400] {processor.py:183} INFO - Processing /Users/gaurav/Documents/Breast-Cancer-ML-Pipeline/venv/lib/python3.9/site-packages/airflow/example_dags/example_python_decorator.py took 0.089 seconds
[2025-04-21T17:48:53.737-0400] {processor.py:161} INFO - Started process (PID=88734) to work on /Users/gaurav/Documents/Breast-Cancer-ML-Pipeline/venv/lib/python3.9/site-packages/airflow/example_dags/example_python_decorator.py
[2025-04-21T17:48:53.738-0400] {processor.py:830} INFO - Processing file /Users/gaurav/Documents/Breast-Cancer-ML-Pipeline/venv/lib/python3.9/site-packages/airflow/example_dags/example_python_decorator.py for tasks to queue
[2025-04-21T17:48:53.739-0400] {logging_mixin.py:188} INFO - [2025-04-21T17:48:53.739-0400] {dagbag.py:538} INFO - Filling up the DagBag from /Users/gaurav/Documents/Breast-Cancer-ML-Pipeline/venv/lib/python3.9/site-packages/airflow/example_dags/example_python_decorator.py
[2025-04-21T17:48:53.759-0400] {logging_mixin.py:188} INFO - [2025-04-21T17:48:53.759-0400] {example_python_decorator.py:79} WARNING - The virtalenv_python example task requires virtualenv, please install it.
[2025-04-21T17:48:53.760-0400] {processor.py:840} INFO - DAG(s) 'example_python_decorator' retrieved from /Users/gaurav/Documents/Breast-Cancer-ML-Pipeline/venv/lib/python3.9/site-packages/airflow/example_dags/example_python_decorator.py
[2025-04-21T17:48:53.809-0400] {logging_mixin.py:188} INFO - [2025-04-21T17:48:53.809-0400] {dag.py:3036} INFO - Sync 1 DAGs
[2025-04-21T17:48:53.814-0400] {logging_mixin.py:188} INFO - [2025-04-21T17:48:53.814-0400] {dag.py:3823} INFO - Setting next_dagrun for example_python_decorator to None, run_after=None
[2025-04-21T17:48:53.823-0400] {processor.py:183} INFO - Processing /Users/gaurav/Documents/Breast-Cancer-ML-Pipeline/venv/lib/python3.9/site-packages/airflow/example_dags/example_python_decorator.py took 0.087 seconds
[2025-04-21T17:49:59.087-0400] {processor.py:161} INFO - Started process (PID=88819) to work on /Users/gaurav/Documents/Breast-Cancer-ML-Pipeline/venv/lib/python3.9/site-packages/airflow/example_dags/example_python_decorator.py
[2025-04-21T17:49:59.088-0400] {processor.py:830} INFO - Processing file /Users/gaurav/Documents/Breast-Cancer-ML-Pipeline/venv/lib/python3.9/site-packages/airflow/example_dags/example_python_decorator.py for tasks to queue
[2025-04-21T17:49:59.089-0400] {logging_mixin.py:188} INFO - [2025-04-21T17:49:59.089-0400] {dagbag.py:538} INFO - Filling up the DagBag from /Users/gaurav/Documents/Breast-Cancer-ML-Pipeline/venv/lib/python3.9/site-packages/airflow/example_dags/example_python_decorator.py
[2025-04-21T17:49:59.113-0400] {logging_mixin.py:188} INFO - [2025-04-21T17:49:59.113-0400] {example_python_decorator.py:79} WARNING - The virtalenv_python example task requires virtualenv, please install it.
[2025-04-21T17:49:59.114-0400] {processor.py:840} INFO - DAG(s) 'example_python_decorator' retrieved from /Users/gaurav/Documents/Breast-Cancer-ML-Pipeline/venv/lib/python3.9/site-packages/airflow/example_dags/example_python_decorator.py
[2025-04-21T17:49:59.171-0400] {logging_mixin.py:188} INFO - [2025-04-21T17:49:59.170-0400] {dag.py:3036} INFO - Sync 1 DAGs
[2025-04-21T17:49:59.176-0400] {logging_mixin.py:188} INFO - [2025-04-21T17:49:59.176-0400] {dag.py:3823} INFO - Setting next_dagrun for example_python_decorator to None, run_after=None
[2025-04-21T17:49:59.187-0400] {processor.py:183} INFO - Processing /Users/gaurav/Documents/Breast-Cancer-ML-Pipeline/venv/lib/python3.9/site-packages/airflow/example_dags/example_python_decorator.py took 0.101 seconds
[2025-04-21T17:50:48.497-0400] {processor.py:161} INFO - Started process (PID=88891) to work on /Users/gaurav/Documents/Breast-Cancer-ML-Pipeline/venv/lib/python3.9/site-packages/airflow/example_dags/example_python_decorator.py
[2025-04-21T17:50:48.499-0400] {processor.py:830} INFO - Processing file /Users/gaurav/Documents/Breast-Cancer-ML-Pipeline/venv/lib/python3.9/site-packages/airflow/example_dags/example_python_decorator.py for tasks to queue
[2025-04-21T17:50:48.500-0400] {logging_mixin.py:188} INFO - [2025-04-21T17:50:48.499-0400] {dagbag.py:538} INFO - Filling up the DagBag from /Users/gaurav/Documents/Breast-Cancer-ML-Pipeline/venv/lib/python3.9/site-packages/airflow/example_dags/example_python_decorator.py
[2025-04-21T17:50:48.523-0400] {logging_mixin.py:188} INFO - [2025-04-21T17:50:48.523-0400] {example_python_decorator.py:79} WARNING - The virtalenv_python example task requires virtualenv, please install it.
[2025-04-21T17:50:48.524-0400] {processor.py:840} INFO - DAG(s) 'example_python_decorator' retrieved from /Users/gaurav/Documents/Breast-Cancer-ML-Pipeline/venv/lib/python3.9/site-packages/airflow/example_dags/example_python_decorator.py
[2025-04-21T17:50:48.583-0400] {logging_mixin.py:188} INFO - [2025-04-21T17:50:48.582-0400] {dag.py:3036} INFO - Sync 1 DAGs
[2025-04-21T17:50:48.589-0400] {logging_mixin.py:188} INFO - [2025-04-21T17:50:48.589-0400] {dag.py:3823} INFO - Setting next_dagrun for example_python_decorator to None, run_after=None
[2025-04-21T17:50:48.601-0400] {processor.py:183} INFO - Processing /Users/gaurav/Documents/Breast-Cancer-ML-Pipeline/venv/lib/python3.9/site-packages/airflow/example_dags/example_python_decorator.py took 0.104 seconds
[2025-04-21T17:51:40.285-0400] {processor.py:161} INFO - Started process (PID=88964) to work on /Users/gaurav/Documents/Breast-Cancer-ML-Pipeline/venv/lib/python3.9/site-packages/airflow/example_dags/example_python_decorator.py
[2025-04-21T17:51:40.287-0400] {processor.py:830} INFO - Processing file /Users/gaurav/Documents/Breast-Cancer-ML-Pipeline/venv/lib/python3.9/site-packages/airflow/example_dags/example_python_decorator.py for tasks to queue
[2025-04-21T17:51:40.287-0400] {logging_mixin.py:188} INFO - [2025-04-21T17:51:40.287-0400] {dagbag.py:538} INFO - Filling up the DagBag from /Users/gaurav/Documents/Breast-Cancer-ML-Pipeline/venv/lib/python3.9/site-packages/airflow/example_dags/example_python_decorator.py
[2025-04-21T17:51:40.308-0400] {logging_mixin.py:188} INFO - [2025-04-21T17:51:40.308-0400] {example_python_decorator.py:79} WARNING - The virtalenv_python example task requires virtualenv, please install it.
[2025-04-21T17:51:40.310-0400] {processor.py:840} INFO - DAG(s) 'example_python_decorator' retrieved from /Users/gaurav/Documents/Breast-Cancer-ML-Pipeline/venv/lib/python3.9/site-packages/airflow/example_dags/example_python_decorator.py
[2025-04-21T17:51:40.359-0400] {logging_mixin.py:188} INFO - [2025-04-21T17:51:40.359-0400] {dag.py:3036} INFO - Sync 1 DAGs
[2025-04-21T17:51:40.364-0400] {logging_mixin.py:188} INFO - [2025-04-21T17:51:40.364-0400] {dag.py:3823} INFO - Setting next_dagrun for example_python_decorator to None, run_after=None
[2025-04-21T17:51:40.373-0400] {processor.py:183} INFO - Processing /Users/gaurav/Documents/Breast-Cancer-ML-Pipeline/venv/lib/python3.9/site-packages/airflow/example_dags/example_python_decorator.py took 0.089 seconds
[2025-04-21T17:52:32.407-0400] {processor.py:161} INFO - Started process (PID=89030) to work on /Users/gaurav/Documents/Breast-Cancer-ML-Pipeline/venv/lib/python3.9/site-packages/airflow/example_dags/example_python_decorator.py
[2025-04-21T17:52:32.408-0400] {processor.py:830} INFO - Processing file /Users/gaurav/Documents/Breast-Cancer-ML-Pipeline/venv/lib/python3.9/site-packages/airflow/example_dags/example_python_decorator.py for tasks to queue
[2025-04-21T17:52:32.409-0400] {logging_mixin.py:188} INFO - [2025-04-21T17:52:32.408-0400] {dagbag.py:538} INFO - Filling up the DagBag from /Users/gaurav/Documents/Breast-Cancer-ML-Pipeline/venv/lib/python3.9/site-packages/airflow/example_dags/example_python_decorator.py
[2025-04-21T17:52:32.440-0400] {logging_mixin.py:188} INFO - [2025-04-21T17:52:32.439-0400] {example_python_decorator.py:79} WARNING - The virtalenv_python example task requires virtualenv, please install it.
[2025-04-21T17:52:32.441-0400] {processor.py:840} INFO - DAG(s) 'example_python_decorator' retrieved from /Users/gaurav/Documents/Breast-Cancer-ML-Pipeline/venv/lib/python3.9/site-packages/airflow/example_dags/example_python_decorator.py
[2025-04-21T17:52:32.496-0400] {logging_mixin.py:188} INFO - [2025-04-21T17:52:32.496-0400] {dag.py:3036} INFO - Sync 1 DAGs
[2025-04-21T17:52:32.501-0400] {logging_mixin.py:188} INFO - [2025-04-21T17:52:32.501-0400] {dag.py:3823} INFO - Setting next_dagrun for example_python_decorator to None, run_after=None
[2025-04-21T17:52:32.511-0400] {processor.py:183} INFO - Processing /Users/gaurav/Documents/Breast-Cancer-ML-Pipeline/venv/lib/python3.9/site-packages/airflow/example_dags/example_python_decorator.py took 0.104 seconds
[2025-04-21T17:53:24.552-0400] {processor.py:161} INFO - Started process (PID=89103) to work on /Users/gaurav/Documents/Breast-Cancer-ML-Pipeline/venv/lib/python3.9/site-packages/airflow/example_dags/example_python_decorator.py
[2025-04-21T17:53:24.553-0400] {processor.py:830} INFO - Processing file /Users/gaurav/Documents/Breast-Cancer-ML-Pipeline/venv/lib/python3.9/site-packages/airflow/example_dags/example_python_decorator.py for tasks to queue
[2025-04-21T17:53:24.554-0400] {logging_mixin.py:188} INFO - [2025-04-21T17:53:24.553-0400] {dagbag.py:538} INFO - Filling up the DagBag from /Users/gaurav/Documents/Breast-Cancer-ML-Pipeline/venv/lib/python3.9/site-packages/airflow/example_dags/example_python_decorator.py
[2025-04-21T17:53:24.575-0400] {logging_mixin.py:188} INFO - [2025-04-21T17:53:24.575-0400] {example_python_decorator.py:79} WARNING - The virtalenv_python example task requires virtualenv, please install it.
[2025-04-21T17:53:24.577-0400] {processor.py:840} INFO - DAG(s) 'example_python_decorator' retrieved from /Users/gaurav/Documents/Breast-Cancer-ML-Pipeline/venv/lib/python3.9/site-packages/airflow/example_dags/example_python_decorator.py
[2025-04-21T17:53:24.629-0400] {logging_mixin.py:188} INFO - [2025-04-21T17:53:24.629-0400] {dag.py:3036} INFO - Sync 1 DAGs
[2025-04-21T17:53:24.634-0400] {logging_mixin.py:188} INFO - [2025-04-21T17:53:24.634-0400] {dag.py:3823} INFO - Setting next_dagrun for example_python_decorator to None, run_after=None
[2025-04-21T17:53:24.644-0400] {processor.py:183} INFO - Processing /Users/gaurav/Documents/Breast-Cancer-ML-Pipeline/venv/lib/python3.9/site-packages/airflow/example_dags/example_python_decorator.py took 0.092 seconds
[2025-04-21T17:54:16.053-0400] {processor.py:161} INFO - Started process (PID=89174) to work on /Users/gaurav/Documents/Breast-Cancer-ML-Pipeline/venv/lib/python3.9/site-packages/airflow/example_dags/example_python_decorator.py
[2025-04-21T17:54:16.054-0400] {processor.py:830} INFO - Processing file /Users/gaurav/Documents/Breast-Cancer-ML-Pipeline/venv/lib/python3.9/site-packages/airflow/example_dags/example_python_decorator.py for tasks to queue
[2025-04-21T17:54:16.054-0400] {logging_mixin.py:188} INFO - [2025-04-21T17:54:16.054-0400] {dagbag.py:538} INFO - Filling up the DagBag from /Users/gaurav/Documents/Breast-Cancer-ML-Pipeline/venv/lib/python3.9/site-packages/airflow/example_dags/example_python_decorator.py
[2025-04-21T17:54:16.076-0400] {logging_mixin.py:188} INFO - [2025-04-21T17:54:16.076-0400] {example_python_decorator.py:79} WARNING - The virtalenv_python example task requires virtualenv, please install it.
[2025-04-21T17:54:16.078-0400] {processor.py:840} INFO - DAG(s) 'example_python_decorator' retrieved from /Users/gaurav/Documents/Breast-Cancer-ML-Pipeline/venv/lib/python3.9/site-packages/airflow/example_dags/example_python_decorator.py
[2025-04-21T17:54:16.133-0400] {logging_mixin.py:188} INFO - [2025-04-21T17:54:16.132-0400] {dag.py:3036} INFO - Sync 1 DAGs
[2025-04-21T17:54:16.139-0400] {logging_mixin.py:188} INFO - [2025-04-21T17:54:16.138-0400] {dag.py:3823} INFO - Setting next_dagrun for example_python_decorator to None, run_after=None
[2025-04-21T17:54:16.149-0400] {processor.py:183} INFO - Processing /Users/gaurav/Documents/Breast-Cancer-ML-Pipeline/venv/lib/python3.9/site-packages/airflow/example_dags/example_python_decorator.py took 0.097 seconds
[2025-04-21T17:55:10.689-0400] {processor.py:161} INFO - Started process (PID=89315) to work on /Users/gaurav/Documents/Breast-Cancer-ML-Pipeline/venv/lib/python3.9/site-packages/airflow/example_dags/example_python_decorator.py
[2025-04-21T17:55:10.691-0400] {processor.py:830} INFO - Processing file /Users/gaurav/Documents/Breast-Cancer-ML-Pipeline/venv/lib/python3.9/site-packages/airflow/example_dags/example_python_decorator.py for tasks to queue
[2025-04-21T17:55:10.691-0400] {logging_mixin.py:188} INFO - [2025-04-21T17:55:10.691-0400] {dagbag.py:538} INFO - Filling up the DagBag from /Users/gaurav/Documents/Breast-Cancer-ML-Pipeline/venv/lib/python3.9/site-packages/airflow/example_dags/example_python_decorator.py
[2025-04-21T17:55:10.716-0400] {logging_mixin.py:188} INFO - [2025-04-21T17:55:10.716-0400] {example_python_decorator.py:79} WARNING - The virtalenv_python example task requires virtualenv, please install it.
[2025-04-21T17:55:10.717-0400] {processor.py:840} INFO - DAG(s) 'example_python_decorator' retrieved from /Users/gaurav/Documents/Breast-Cancer-ML-Pipeline/venv/lib/python3.9/site-packages/airflow/example_dags/example_python_decorator.py
[2025-04-21T17:55:10.771-0400] {logging_mixin.py:188} INFO - [2025-04-21T17:55:10.771-0400] {dag.py:3036} INFO - Sync 1 DAGs
[2025-04-21T17:55:10.776-0400] {logging_mixin.py:188} INFO - [2025-04-21T17:55:10.775-0400] {dag.py:3823} INFO - Setting next_dagrun for example_python_decorator to None, run_after=None
[2025-04-21T17:55:10.786-0400] {processor.py:183} INFO - Processing /Users/gaurav/Documents/Breast-Cancer-ML-Pipeline/venv/lib/python3.9/site-packages/airflow/example_dags/example_python_decorator.py took 0.097 seconds
