[2025-04-21T16:40:07.054-0400] {processor.py:161} INFO - Started process (PID=83603) to work on /Users/gaurav/Documents/Breast-Cancer-ML-Pipeline/venv/lib/python3.9/site-packages/airflow/example_dags/example_bash_operator.py
[2025-04-21T16:40:07.055-0400] {processor.py:830} INFO - Processing file /Users/gaurav/Documents/Breast-Cancer-ML-Pipeline/venv/lib/python3.9/site-packages/airflow/example_dags/example_bash_operator.py for tasks to queue
[2025-04-21T16:40:07.056-0400] {logging_mixin.py:188} INFO - [2025-04-21T16:40:07.056-0400] {dagbag.py:538} INFO - Filling up the DagBag from /Users/gaurav/Documents/Breast-Cancer-ML-Pipeline/venv/lib/python3.9/site-packages/airflow/example_dags/example_bash_operator.py
[2025-04-21T16:40:07.066-0400] {processor.py:840} INFO - DAG(s) 'example_bash_operator' retrieved from /Users/gaurav/Documents/Breast-Cancer-ML-Pipeline/venv/lib/python3.9/site-packages/airflow/example_dags/example_bash_operator.py
[2025-04-21T16:40:07.196-0400] {logging_mixin.py:188} INFO - [2025-04-21T16:40:07.195-0400] {override.py:1769} INFO - Created Permission View: can delete on DAG:example_bash_operator
[2025-04-21T16:40:07.201-0400] {logging_mixin.py:188} INFO - [2025-04-21T16:40:07.201-0400] {override.py:1769} INFO - Created Permission View: can edit on DAG:example_bash_operator
[2025-04-21T16:40:07.205-0400] {logging_mixin.py:188} INFO - [2025-04-21T16:40:07.205-0400] {override.py:1769} INFO - Created Permission View: can read on DAG:example_bash_operator
[2025-04-21T16:40:07.206-0400] {logging_mixin.py:188} INFO - [2025-04-21T16:40:07.205-0400] {dag.py:3036} INFO - Sync 1 DAGs
[2025-04-21T16:40:07.213-0400] {logging_mixin.py:188} INFO - [2025-04-21T16:40:07.212-0400] {dag.py:3058} INFO - Creating ORM DAG for example_bash_operator
[2025-04-21T16:40:07.220-0400] {logging_mixin.py:188} INFO - [2025-04-21T16:40:07.220-0400] {dag.py:3823} INFO - Setting next_dagrun for example_bash_operator to 2025-04-20 00:00:00+00:00, run_after=2025-04-21 00:00:00+00:00
[2025-04-21T16:40:07.231-0400] {processor.py:183} INFO - Processing /Users/gaurav/Documents/Breast-Cancer-ML-Pipeline/venv/lib/python3.9/site-packages/airflow/example_dags/example_bash_operator.py took 0.178 seconds
[2025-04-21T16:42:45.045-0400] {processor.py:161} INFO - Started process (PID=83732) to work on /Users/gaurav/Documents/Breast-Cancer-ML-Pipeline/venv/lib/python3.9/site-packages/airflow/example_dags/example_bash_operator.py
[2025-04-21T16:42:45.047-0400] {processor.py:830} INFO - Processing file /Users/gaurav/Documents/Breast-Cancer-ML-Pipeline/venv/lib/python3.9/site-packages/airflow/example_dags/example_bash_operator.py for tasks to queue
[2025-04-21T16:42:45.048-0400] {logging_mixin.py:188} INFO - [2025-04-21T16:42:45.048-0400] {dagbag.py:538} INFO - Filling up the DagBag from /Users/gaurav/Documents/Breast-Cancer-ML-Pipeline/venv/lib/python3.9/site-packages/airflow/example_dags/example_bash_operator.py
[2025-04-21T16:42:45.057-0400] {processor.py:840} INFO - DAG(s) 'example_bash_operator' retrieved from /Users/gaurav/Documents/Breast-Cancer-ML-Pipeline/venv/lib/python3.9/site-packages/airflow/example_dags/example_bash_operator.py
[2025-04-21T16:42:45.126-0400] {logging_mixin.py:188} INFO - [2025-04-21T16:42:45.125-0400] {dag.py:3036} INFO - Sync 1 DAGs
[2025-04-21T16:42:45.139-0400] {logging_mixin.py:188} INFO - [2025-04-21T16:42:45.139-0400] {dag.py:3823} INFO - Setting next_dagrun for example_bash_operator to 2025-04-20 00:00:00+00:00, run_after=2025-04-21 00:00:00+00:00
[2025-04-21T16:42:45.153-0400] {processor.py:183} INFO - Processing /Users/gaurav/Documents/Breast-Cancer-ML-Pipeline/venv/lib/python3.9/site-packages/airflow/example_dags/example_bash_operator.py took 0.108 seconds
[2025-04-21T16:46:25.308-0400] {processor.py:161} INFO - Started process (PID=83977) to work on /Users/gaurav/Documents/Breast-Cancer-ML-Pipeline/venv/lib/python3.9/site-packages/airflow/example_dags/example_bash_operator.py
[2025-04-21T16:46:25.310-0400] {processor.py:830} INFO - Processing file /Users/gaurav/Documents/Breast-Cancer-ML-Pipeline/venv/lib/python3.9/site-packages/airflow/example_dags/example_bash_operator.py for tasks to queue
[2025-04-21T16:46:25.311-0400] {logging_mixin.py:188} INFO - [2025-04-21T16:46:25.310-0400] {dagbag.py:538} INFO - Filling up the DagBag from /Users/gaurav/Documents/Breast-Cancer-ML-Pipeline/venv/lib/python3.9/site-packages/airflow/example_dags/example_bash_operator.py
[2025-04-21T16:46:25.319-0400] {processor.py:840} INFO - DAG(s) 'example_bash_operator' retrieved from /Users/gaurav/Documents/Breast-Cancer-ML-Pipeline/venv/lib/python3.9/site-packages/airflow/example_dags/example_bash_operator.py
[2025-04-21T16:46:25.390-0400] {logging_mixin.py:188} INFO - [2025-04-21T16:46:25.389-0400] {dag.py:3036} INFO - Sync 1 DAGs
[2025-04-21T16:46:25.402-0400] {logging_mixin.py:188} INFO - [2025-04-21T16:46:25.402-0400] {dag.py:3823} INFO - Setting next_dagrun for example_bash_operator to 2025-04-20 00:00:00+00:00, run_after=2025-04-21 00:00:00+00:00
[2025-04-21T16:46:25.414-0400] {processor.py:183} INFO - Processing /Users/gaurav/Documents/Breast-Cancer-ML-Pipeline/venv/lib/python3.9/site-packages/airflow/example_dags/example_bash_operator.py took 0.107 seconds
[2025-04-21T16:48:04.236-0400] {processor.py:161} INFO - Started process (PID=84086) to work on /Users/gaurav/Documents/Breast-Cancer-ML-Pipeline/venv/lib/python3.9/site-packages/airflow/example_dags/example_bash_operator.py
[2025-04-21T16:48:04.238-0400] {processor.py:830} INFO - Processing file /Users/gaurav/Documents/Breast-Cancer-ML-Pipeline/venv/lib/python3.9/site-packages/airflow/example_dags/example_bash_operator.py for tasks to queue
[2025-04-21T16:48:04.239-0400] {logging_mixin.py:188} INFO - [2025-04-21T16:48:04.239-0400] {dagbag.py:538} INFO - Filling up the DagBag from /Users/gaurav/Documents/Breast-Cancer-ML-Pipeline/venv/lib/python3.9/site-packages/airflow/example_dags/example_bash_operator.py
[2025-04-21T16:48:04.248-0400] {processor.py:840} INFO - DAG(s) 'example_bash_operator' retrieved from /Users/gaurav/Documents/Breast-Cancer-ML-Pipeline/venv/lib/python3.9/site-packages/airflow/example_dags/example_bash_operator.py
[2025-04-21T16:48:04.319-0400] {logging_mixin.py:188} INFO - [2025-04-21T16:48:04.319-0400] {dag.py:3036} INFO - Sync 1 DAGs
[2025-04-21T16:48:04.331-0400] {logging_mixin.py:188} INFO - [2025-04-21T16:48:04.331-0400] {dag.py:3823} INFO - Setting next_dagrun for example_bash_operator to 2025-04-20 00:00:00+00:00, run_after=2025-04-21 00:00:00+00:00
[2025-04-21T16:48:04.343-0400] {processor.py:183} INFO - Processing /Users/gaurav/Documents/Breast-Cancer-ML-Pipeline/venv/lib/python3.9/site-packages/airflow/example_dags/example_bash_operator.py took 0.108 seconds
[2025-04-21T16:49:15.609-0400] {processor.py:161} INFO - Started process (PID=84163) to work on /Users/gaurav/Documents/Breast-Cancer-ML-Pipeline/venv/lib/python3.9/site-packages/airflow/example_dags/example_bash_operator.py
[2025-04-21T16:49:15.611-0400] {processor.py:830} INFO - Processing file /Users/gaurav/Documents/Breast-Cancer-ML-Pipeline/venv/lib/python3.9/site-packages/airflow/example_dags/example_bash_operator.py for tasks to queue
[2025-04-21T16:49:15.612-0400] {logging_mixin.py:188} INFO - [2025-04-21T16:49:15.611-0400] {dagbag.py:538} INFO - Filling up the DagBag from /Users/gaurav/Documents/Breast-Cancer-ML-Pipeline/venv/lib/python3.9/site-packages/airflow/example_dags/example_bash_operator.py
[2025-04-21T16:49:15.620-0400] {processor.py:840} INFO - DAG(s) 'example_bash_operator' retrieved from /Users/gaurav/Documents/Breast-Cancer-ML-Pipeline/venv/lib/python3.9/site-packages/airflow/example_dags/example_bash_operator.py
[2025-04-21T16:49:15.694-0400] {logging_mixin.py:188} INFO - [2025-04-21T16:49:15.694-0400] {dag.py:3036} INFO - Sync 1 DAGs
[2025-04-21T16:49:15.707-0400] {logging_mixin.py:188} INFO - [2025-04-21T16:49:15.707-0400] {dag.py:3823} INFO - Setting next_dagrun for example_bash_operator to 2025-04-20 00:00:00+00:00, run_after=2025-04-21 00:00:00+00:00
[2025-04-21T16:49:15.719-0400] {processor.py:183} INFO - Processing /Users/gaurav/Documents/Breast-Cancer-ML-Pipeline/venv/lib/python3.9/site-packages/airflow/example_dags/example_bash_operator.py took 0.111 seconds
[2025-04-21T16:50:28.218-0400] {processor.py:161} INFO - Started process (PID=84251) to work on /Users/gaurav/Documents/Breast-Cancer-ML-Pipeline/venv/lib/python3.9/site-packages/airflow/example_dags/example_bash_operator.py
[2025-04-21T16:50:28.219-0400] {processor.py:830} INFO - Processing file /Users/gaurav/Documents/Breast-Cancer-ML-Pipeline/venv/lib/python3.9/site-packages/airflow/example_dags/example_bash_operator.py for tasks to queue
[2025-04-21T16:50:28.220-0400] {logging_mixin.py:188} INFO - [2025-04-21T16:50:28.220-0400] {dagbag.py:538} INFO - Filling up the DagBag from /Users/gaurav/Documents/Breast-Cancer-ML-Pipeline/venv/lib/python3.9/site-packages/airflow/example_dags/example_bash_operator.py
[2025-04-21T16:50:28.229-0400] {processor.py:840} INFO - DAG(s) 'example_bash_operator' retrieved from /Users/gaurav/Documents/Breast-Cancer-ML-Pipeline/venv/lib/python3.9/site-packages/airflow/example_dags/example_bash_operator.py
[2025-04-21T16:50:28.300-0400] {logging_mixin.py:188} INFO - [2025-04-21T16:50:28.300-0400] {dag.py:3036} INFO - Sync 1 DAGs
[2025-04-21T16:50:28.315-0400] {logging_mixin.py:188} INFO - [2025-04-21T16:50:28.315-0400] {dag.py:3823} INFO - Setting next_dagrun for example_bash_operator to 2025-04-20 00:00:00+00:00, run_after=2025-04-21 00:00:00+00:00
[2025-04-21T16:50:28.330-0400] {processor.py:183} INFO - Processing /Users/gaurav/Documents/Breast-Cancer-ML-Pipeline/venv/lib/python3.9/site-packages/airflow/example_dags/example_bash_operator.py took 0.112 seconds
[2025-04-21T16:51:50.367-0400] {processor.py:161} INFO - Started process (PID=84341) to work on /Users/gaurav/Documents/Breast-Cancer-ML-Pipeline/venv/lib/python3.9/site-packages/airflow/example_dags/example_bash_operator.py
[2025-04-21T16:51:50.369-0400] {processor.py:830} INFO - Processing file /Users/gaurav/Documents/Breast-Cancer-ML-Pipeline/venv/lib/python3.9/site-packages/airflow/example_dags/example_bash_operator.py for tasks to queue
[2025-04-21T16:51:50.369-0400] {logging_mixin.py:188} INFO - [2025-04-21T16:51:50.369-0400] {dagbag.py:538} INFO - Filling up the DagBag from /Users/gaurav/Documents/Breast-Cancer-ML-Pipeline/venv/lib/python3.9/site-packages/airflow/example_dags/example_bash_operator.py
[2025-04-21T16:51:50.378-0400] {processor.py:840} INFO - DAG(s) 'example_bash_operator' retrieved from /Users/gaurav/Documents/Breast-Cancer-ML-Pipeline/venv/lib/python3.9/site-packages/airflow/example_dags/example_bash_operator.py
[2025-04-21T16:51:50.449-0400] {logging_mixin.py:188} INFO - [2025-04-21T16:51:50.449-0400] {dag.py:3036} INFO - Sync 1 DAGs
[2025-04-21T16:51:50.467-0400] {logging_mixin.py:188} INFO - [2025-04-21T16:51:50.466-0400] {dag.py:3823} INFO - Setting next_dagrun for example_bash_operator to 2025-04-20 00:00:00+00:00, run_after=2025-04-21 00:00:00+00:00
[2025-04-21T16:51:50.482-0400] {processor.py:183} INFO - Processing /Users/gaurav/Documents/Breast-Cancer-ML-Pipeline/venv/lib/python3.9/site-packages/airflow/example_dags/example_bash_operator.py took 0.116 seconds
[2025-04-21T16:53:12.291-0400] {processor.py:161} INFO - Started process (PID=84444) to work on /Users/gaurav/Documents/Breast-Cancer-ML-Pipeline/venv/lib/python3.9/site-packages/airflow/example_dags/example_bash_operator.py
[2025-04-21T16:53:12.293-0400] {processor.py:830} INFO - Processing file /Users/gaurav/Documents/Breast-Cancer-ML-Pipeline/venv/lib/python3.9/site-packages/airflow/example_dags/example_bash_operator.py for tasks to queue
[2025-04-21T16:53:12.293-0400] {logging_mixin.py:188} INFO - [2025-04-21T16:53:12.293-0400] {dagbag.py:538} INFO - Filling up the DagBag from /Users/gaurav/Documents/Breast-Cancer-ML-Pipeline/venv/lib/python3.9/site-packages/airflow/example_dags/example_bash_operator.py
[2025-04-21T16:53:12.302-0400] {processor.py:840} INFO - DAG(s) 'example_bash_operator' retrieved from /Users/gaurav/Documents/Breast-Cancer-ML-Pipeline/venv/lib/python3.9/site-packages/airflow/example_dags/example_bash_operator.py
[2025-04-21T16:53:12.374-0400] {logging_mixin.py:188} INFO - [2025-04-21T16:53:12.374-0400] {dag.py:3036} INFO - Sync 1 DAGs
[2025-04-21T16:53:12.386-0400] {logging_mixin.py:188} INFO - [2025-04-21T16:53:12.386-0400] {dag.py:3823} INFO - Setting next_dagrun for example_bash_operator to 2025-04-20 00:00:00+00:00, run_after=2025-04-21 00:00:00+00:00
[2025-04-21T16:53:12.398-0400] {processor.py:183} INFO - Processing /Users/gaurav/Documents/Breast-Cancer-ML-Pipeline/venv/lib/python3.9/site-packages/airflow/example_dags/example_bash_operator.py took 0.108 seconds
[2025-04-21T16:54:30.258-0400] {processor.py:161} INFO - Started process (PID=84544) to work on /Users/gaurav/Documents/Breast-Cancer-ML-Pipeline/venv/lib/python3.9/site-packages/airflow/example_dags/example_bash_operator.py
[2025-04-21T16:54:30.260-0400] {processor.py:830} INFO - Processing file /Users/gaurav/Documents/Breast-Cancer-ML-Pipeline/venv/lib/python3.9/site-packages/airflow/example_dags/example_bash_operator.py for tasks to queue
[2025-04-21T16:54:30.261-0400] {logging_mixin.py:188} INFO - [2025-04-21T16:54:30.261-0400] {dagbag.py:538} INFO - Filling up the DagBag from /Users/gaurav/Documents/Breast-Cancer-ML-Pipeline/venv/lib/python3.9/site-packages/airflow/example_dags/example_bash_operator.py
[2025-04-21T16:54:30.270-0400] {processor.py:840} INFO - DAG(s) 'example_bash_operator' retrieved from /Users/gaurav/Documents/Breast-Cancer-ML-Pipeline/venv/lib/python3.9/site-packages/airflow/example_dags/example_bash_operator.py
[2025-04-21T16:54:30.352-0400] {logging_mixin.py:188} INFO - [2025-04-21T16:54:30.352-0400] {dag.py:3036} INFO - Sync 1 DAGs
[2025-04-21T16:54:30.368-0400] {logging_mixin.py:188} INFO - [2025-04-21T16:54:30.368-0400] {dag.py:3823} INFO - Setting next_dagrun for example_bash_operator to 2025-04-20 00:00:00+00:00, run_after=2025-04-21 00:00:00+00:00
[2025-04-21T16:54:30.384-0400] {processor.py:183} INFO - Processing /Users/gaurav/Documents/Breast-Cancer-ML-Pipeline/venv/lib/python3.9/site-packages/airflow/example_dags/example_bash_operator.py took 0.126 seconds
[2025-04-21T16:57:05.755-0400] {processor.py:161} INFO - Started process (PID=84744) to work on /Users/gaurav/Documents/Breast-Cancer-ML-Pipeline/venv/lib/python3.9/site-packages/airflow/example_dags/example_bash_operator.py
[2025-04-21T16:57:05.756-0400] {processor.py:830} INFO - Processing file /Users/gaurav/Documents/Breast-Cancer-ML-Pipeline/venv/lib/python3.9/site-packages/airflow/example_dags/example_bash_operator.py for tasks to queue
[2025-04-21T16:57:05.757-0400] {logging_mixin.py:188} INFO - [2025-04-21T16:57:05.757-0400] {dagbag.py:538} INFO - Filling up the DagBag from /Users/gaurav/Documents/Breast-Cancer-ML-Pipeline/venv/lib/python3.9/site-packages/airflow/example_dags/example_bash_operator.py
[2025-04-21T16:57:05.767-0400] {processor.py:840} INFO - DAG(s) 'example_bash_operator' retrieved from /Users/gaurav/Documents/Breast-Cancer-ML-Pipeline/venv/lib/python3.9/site-packages/airflow/example_dags/example_bash_operator.py
[2025-04-21T16:57:05.895-0400] {logging_mixin.py:188} INFO - [2025-04-21T16:57:05.895-0400] {dag.py:3036} INFO - Sync 1 DAGs
[2025-04-21T16:57:05.907-0400] {logging_mixin.py:188} INFO - [2025-04-21T16:57:05.907-0400] {dag.py:3823} INFO - Setting next_dagrun for example_bash_operator to 2025-04-20 00:00:00+00:00, run_after=2025-04-21 00:00:00+00:00
[2025-04-21T16:57:05.921-0400] {processor.py:183} INFO - Processing /Users/gaurav/Documents/Breast-Cancer-ML-Pipeline/venv/lib/python3.9/site-packages/airflow/example_dags/example_bash_operator.py took 0.167 seconds
[2025-04-21T16:58:28.593-0400] {processor.py:161} INFO - Started process (PID=84848) to work on /Users/gaurav/Documents/Breast-Cancer-ML-Pipeline/venv/lib/python3.9/site-packages/airflow/example_dags/example_bash_operator.py
[2025-04-21T16:58:28.594-0400] {processor.py:830} INFO - Processing file /Users/gaurav/Documents/Breast-Cancer-ML-Pipeline/venv/lib/python3.9/site-packages/airflow/example_dags/example_bash_operator.py for tasks to queue
[2025-04-21T16:58:28.595-0400] {logging_mixin.py:188} INFO - [2025-04-21T16:58:28.595-0400] {dagbag.py:538} INFO - Filling up the DagBag from /Users/gaurav/Documents/Breast-Cancer-ML-Pipeline/venv/lib/python3.9/site-packages/airflow/example_dags/example_bash_operator.py
[2025-04-21T16:58:28.604-0400] {processor.py:840} INFO - DAG(s) 'example_bash_operator' retrieved from /Users/gaurav/Documents/Breast-Cancer-ML-Pipeline/venv/lib/python3.9/site-packages/airflow/example_dags/example_bash_operator.py
[2025-04-21T16:58:28.674-0400] {logging_mixin.py:188} INFO - [2025-04-21T16:58:28.674-0400] {dag.py:3036} INFO - Sync 1 DAGs
[2025-04-21T16:58:28.686-0400] {logging_mixin.py:188} INFO - [2025-04-21T16:58:28.686-0400] {dag.py:3823} INFO - Setting next_dagrun for example_bash_operator to 2025-04-20 00:00:00+00:00, run_after=2025-04-21 00:00:00+00:00
[2025-04-21T16:58:28.698-0400] {processor.py:183} INFO - Processing /Users/gaurav/Documents/Breast-Cancer-ML-Pipeline/venv/lib/python3.9/site-packages/airflow/example_dags/example_bash_operator.py took 0.105 seconds
[2025-04-21T16:59:48.365-0400] {processor.py:161} INFO - Started process (PID=84933) to work on /Users/gaurav/Documents/Breast-Cancer-ML-Pipeline/venv/lib/python3.9/site-packages/airflow/example_dags/example_bash_operator.py
[2025-04-21T16:59:48.367-0400] {processor.py:830} INFO - Processing file /Users/gaurav/Documents/Breast-Cancer-ML-Pipeline/venv/lib/python3.9/site-packages/airflow/example_dags/example_bash_operator.py for tasks to queue
[2025-04-21T16:59:48.368-0400] {logging_mixin.py:188} INFO - [2025-04-21T16:59:48.368-0400] {dagbag.py:538} INFO - Filling up the DagBag from /Users/gaurav/Documents/Breast-Cancer-ML-Pipeline/venv/lib/python3.9/site-packages/airflow/example_dags/example_bash_operator.py
[2025-04-21T16:59:48.376-0400] {processor.py:840} INFO - DAG(s) 'example_bash_operator' retrieved from /Users/gaurav/Documents/Breast-Cancer-ML-Pipeline/venv/lib/python3.9/site-packages/airflow/example_dags/example_bash_operator.py
[2025-04-21T16:59:48.453-0400] {logging_mixin.py:188} INFO - [2025-04-21T16:59:48.452-0400] {dag.py:3036} INFO - Sync 1 DAGs
[2025-04-21T16:59:48.467-0400] {logging_mixin.py:188} INFO - [2025-04-21T16:59:48.466-0400] {dag.py:3823} INFO - Setting next_dagrun for example_bash_operator to 2025-04-20 00:00:00+00:00, run_after=2025-04-21 00:00:00+00:00
[2025-04-21T16:59:48.481-0400] {processor.py:183} INFO - Processing /Users/gaurav/Documents/Breast-Cancer-ML-Pipeline/venv/lib/python3.9/site-packages/airflow/example_dags/example_bash_operator.py took 0.116 seconds
[2025-04-21T17:01:00.510-0400] {processor.py:161} INFO - Started process (PID=85021) to work on /Users/gaurav/Documents/Breast-Cancer-ML-Pipeline/venv/lib/python3.9/site-packages/airflow/example_dags/example_bash_operator.py
[2025-04-21T17:01:00.512-0400] {processor.py:830} INFO - Processing file /Users/gaurav/Documents/Breast-Cancer-ML-Pipeline/venv/lib/python3.9/site-packages/airflow/example_dags/example_bash_operator.py for tasks to queue
[2025-04-21T17:01:00.512-0400] {logging_mixin.py:188} INFO - [2025-04-21T17:01:00.512-0400] {dagbag.py:538} INFO - Filling up the DagBag from /Users/gaurav/Documents/Breast-Cancer-ML-Pipeline/venv/lib/python3.9/site-packages/airflow/example_dags/example_bash_operator.py
[2025-04-21T17:01:00.521-0400] {processor.py:840} INFO - DAG(s) 'example_bash_operator' retrieved from /Users/gaurav/Documents/Breast-Cancer-ML-Pipeline/venv/lib/python3.9/site-packages/airflow/example_dags/example_bash_operator.py
[2025-04-21T17:01:00.591-0400] {logging_mixin.py:188} INFO - [2025-04-21T17:01:00.591-0400] {dag.py:3036} INFO - Sync 1 DAGs
[2025-04-21T17:01:00.608-0400] {logging_mixin.py:188} INFO - [2025-04-21T17:01:00.608-0400] {dag.py:3823} INFO - Setting next_dagrun for example_bash_operator to 2025-04-20 00:00:00+00:00, run_after=2025-04-21 00:00:00+00:00
[2025-04-21T17:01:00.621-0400] {processor.py:183} INFO - Processing /Users/gaurav/Documents/Breast-Cancer-ML-Pipeline/venv/lib/python3.9/site-packages/airflow/example_dags/example_bash_operator.py took 0.112 seconds
[2025-04-21T17:02:24.804-0400] {processor.py:161} INFO - Started process (PID=85126) to work on /Users/gaurav/Documents/Breast-Cancer-ML-Pipeline/venv/lib/python3.9/site-packages/airflow/example_dags/example_bash_operator.py
[2025-04-21T17:02:24.806-0400] {processor.py:830} INFO - Processing file /Users/gaurav/Documents/Breast-Cancer-ML-Pipeline/venv/lib/python3.9/site-packages/airflow/example_dags/example_bash_operator.py for tasks to queue
[2025-04-21T17:02:24.806-0400] {logging_mixin.py:188} INFO - [2025-04-21T17:02:24.806-0400] {dagbag.py:538} INFO - Filling up the DagBag from /Users/gaurav/Documents/Breast-Cancer-ML-Pipeline/venv/lib/python3.9/site-packages/airflow/example_dags/example_bash_operator.py
[2025-04-21T17:02:24.815-0400] {processor.py:840} INFO - DAG(s) 'example_bash_operator' retrieved from /Users/gaurav/Documents/Breast-Cancer-ML-Pipeline/venv/lib/python3.9/site-packages/airflow/example_dags/example_bash_operator.py
[2025-04-21T17:02:24.888-0400] {logging_mixin.py:188} INFO - [2025-04-21T17:02:24.888-0400] {dag.py:3036} INFO - Sync 1 DAGs
[2025-04-21T17:02:24.902-0400] {logging_mixin.py:188} INFO - [2025-04-21T17:02:24.902-0400] {dag.py:3823} INFO - Setting next_dagrun for example_bash_operator to 2025-04-20 00:00:00+00:00, run_after=2025-04-21 00:00:00+00:00
[2025-04-21T17:02:24.914-0400] {processor.py:183} INFO - Processing /Users/gaurav/Documents/Breast-Cancer-ML-Pipeline/venv/lib/python3.9/site-packages/airflow/example_dags/example_bash_operator.py took 0.110 seconds
[2025-04-21T17:03:43.028-0400] {processor.py:161} INFO - Started process (PID=85229) to work on /Users/gaurav/Documents/Breast-Cancer-ML-Pipeline/venv/lib/python3.9/site-packages/airflow/example_dags/example_bash_operator.py
[2025-04-21T17:03:43.029-0400] {processor.py:830} INFO - Processing file /Users/gaurav/Documents/Breast-Cancer-ML-Pipeline/venv/lib/python3.9/site-packages/airflow/example_dags/example_bash_operator.py for tasks to queue
[2025-04-21T17:03:43.030-0400] {logging_mixin.py:188} INFO - [2025-04-21T17:03:43.029-0400] {dagbag.py:538} INFO - Filling up the DagBag from /Users/gaurav/Documents/Breast-Cancer-ML-Pipeline/venv/lib/python3.9/site-packages/airflow/example_dags/example_bash_operator.py
[2025-04-21T17:03:43.039-0400] {processor.py:840} INFO - DAG(s) 'example_bash_operator' retrieved from /Users/gaurav/Documents/Breast-Cancer-ML-Pipeline/venv/lib/python3.9/site-packages/airflow/example_dags/example_bash_operator.py
[2025-04-21T17:03:43.111-0400] {logging_mixin.py:188} INFO - [2025-04-21T17:03:43.111-0400] {dag.py:3036} INFO - Sync 1 DAGs
[2025-04-21T17:03:43.124-0400] {logging_mixin.py:188} INFO - [2025-04-21T17:03:43.124-0400] {dag.py:3823} INFO - Setting next_dagrun for example_bash_operator to 2025-04-20 00:00:00+00:00, run_after=2025-04-21 00:00:00+00:00
[2025-04-21T17:03:43.135-0400] {processor.py:183} INFO - Processing /Users/gaurav/Documents/Breast-Cancer-ML-Pipeline/venv/lib/python3.9/site-packages/airflow/example_dags/example_bash_operator.py took 0.108 seconds
[2025-04-21T17:04:55.618-0400] {processor.py:161} INFO - Started process (PID=85314) to work on /Users/gaurav/Documents/Breast-Cancer-ML-Pipeline/venv/lib/python3.9/site-packages/airflow/example_dags/example_bash_operator.py
[2025-04-21T17:04:55.620-0400] {processor.py:830} INFO - Processing file /Users/gaurav/Documents/Breast-Cancer-ML-Pipeline/venv/lib/python3.9/site-packages/airflow/example_dags/example_bash_operator.py for tasks to queue
[2025-04-21T17:04:55.621-0400] {logging_mixin.py:188} INFO - [2025-04-21T17:04:55.621-0400] {dagbag.py:538} INFO - Filling up the DagBag from /Users/gaurav/Documents/Breast-Cancer-ML-Pipeline/venv/lib/python3.9/site-packages/airflow/example_dags/example_bash_operator.py
[2025-04-21T17:04:55.630-0400] {processor.py:840} INFO - DAG(s) 'example_bash_operator' retrieved from /Users/gaurav/Documents/Breast-Cancer-ML-Pipeline/venv/lib/python3.9/site-packages/airflow/example_dags/example_bash_operator.py
[2025-04-21T17:04:55.702-0400] {logging_mixin.py:188} INFO - [2025-04-21T17:04:55.702-0400] {dag.py:3036} INFO - Sync 1 DAGs
[2025-04-21T17:04:55.715-0400] {logging_mixin.py:188} INFO - [2025-04-21T17:04:55.715-0400] {dag.py:3823} INFO - Setting next_dagrun for example_bash_operator to 2025-04-20 00:00:00+00:00, run_after=2025-04-21 00:00:00+00:00
[2025-04-21T17:04:55.727-0400] {processor.py:183} INFO - Processing /Users/gaurav/Documents/Breast-Cancer-ML-Pipeline/venv/lib/python3.9/site-packages/airflow/example_dags/example_bash_operator.py took 0.110 seconds
[2025-04-21T17:06:06.369-0400] {processor.py:161} INFO - Started process (PID=85404) to work on /Users/gaurav/Documents/Breast-Cancer-ML-Pipeline/venv/lib/python3.9/site-packages/airflow/example_dags/example_bash_operator.py
[2025-04-21T17:06:06.370-0400] {processor.py:830} INFO - Processing file /Users/gaurav/Documents/Breast-Cancer-ML-Pipeline/venv/lib/python3.9/site-packages/airflow/example_dags/example_bash_operator.py for tasks to queue
[2025-04-21T17:06:06.370-0400] {logging_mixin.py:188} INFO - [2025-04-21T17:06:06.370-0400] {dagbag.py:538} INFO - Filling up the DagBag from /Users/gaurav/Documents/Breast-Cancer-ML-Pipeline/venv/lib/python3.9/site-packages/airflow/example_dags/example_bash_operator.py
[2025-04-21T17:06:06.379-0400] {processor.py:840} INFO - DAG(s) 'example_bash_operator' retrieved from /Users/gaurav/Documents/Breast-Cancer-ML-Pipeline/venv/lib/python3.9/site-packages/airflow/example_dags/example_bash_operator.py
[2025-04-21T17:06:06.453-0400] {logging_mixin.py:188} INFO - [2025-04-21T17:06:06.453-0400] {dag.py:3036} INFO - Sync 1 DAGs
[2025-04-21T17:06:06.467-0400] {logging_mixin.py:188} INFO - [2025-04-21T17:06:06.467-0400] {dag.py:3823} INFO - Setting next_dagrun for example_bash_operator to 2025-04-20 00:00:00+00:00, run_after=2025-04-21 00:00:00+00:00
[2025-04-21T17:06:06.482-0400] {processor.py:183} INFO - Processing /Users/gaurav/Documents/Breast-Cancer-ML-Pipeline/venv/lib/python3.9/site-packages/airflow/example_dags/example_bash_operator.py took 0.115 seconds
[2025-04-21T17:07:17.799-0400] {processor.py:161} INFO - Started process (PID=85482) to work on /Users/gaurav/Documents/Breast-Cancer-ML-Pipeline/venv/lib/python3.9/site-packages/airflow/example_dags/example_bash_operator.py
[2025-04-21T17:07:17.801-0400] {processor.py:830} INFO - Processing file /Users/gaurav/Documents/Breast-Cancer-ML-Pipeline/venv/lib/python3.9/site-packages/airflow/example_dags/example_bash_operator.py for tasks to queue
[2025-04-21T17:07:17.801-0400] {logging_mixin.py:188} INFO - [2025-04-21T17:07:17.801-0400] {dagbag.py:538} INFO - Filling up the DagBag from /Users/gaurav/Documents/Breast-Cancer-ML-Pipeline/venv/lib/python3.9/site-packages/airflow/example_dags/example_bash_operator.py
[2025-04-21T17:07:17.810-0400] {processor.py:840} INFO - DAG(s) 'example_bash_operator' retrieved from /Users/gaurav/Documents/Breast-Cancer-ML-Pipeline/venv/lib/python3.9/site-packages/airflow/example_dags/example_bash_operator.py
[2025-04-21T17:07:17.881-0400] {logging_mixin.py:188} INFO - [2025-04-21T17:07:17.881-0400] {dag.py:3036} INFO - Sync 1 DAGs
[2025-04-21T17:07:17.894-0400] {logging_mixin.py:188} INFO - [2025-04-21T17:07:17.894-0400] {dag.py:3823} INFO - Setting next_dagrun for example_bash_operator to 2025-04-20 00:00:00+00:00, run_after=2025-04-21 00:00:00+00:00
[2025-04-21T17:07:17.907-0400] {processor.py:183} INFO - Processing /Users/gaurav/Documents/Breast-Cancer-ML-Pipeline/venv/lib/python3.9/site-packages/airflow/example_dags/example_bash_operator.py took 0.108 seconds
[2025-04-21T17:08:31.374-0400] {processor.py:161} INFO - Started process (PID=85564) to work on /Users/gaurav/Documents/Breast-Cancer-ML-Pipeline/venv/lib/python3.9/site-packages/airflow/example_dags/example_bash_operator.py
[2025-04-21T17:08:31.376-0400] {processor.py:830} INFO - Processing file /Users/gaurav/Documents/Breast-Cancer-ML-Pipeline/venv/lib/python3.9/site-packages/airflow/example_dags/example_bash_operator.py for tasks to queue
[2025-04-21T17:08:31.376-0400] {logging_mixin.py:188} INFO - [2025-04-21T17:08:31.376-0400] {dagbag.py:538} INFO - Filling up the DagBag from /Users/gaurav/Documents/Breast-Cancer-ML-Pipeline/venv/lib/python3.9/site-packages/airflow/example_dags/example_bash_operator.py
[2025-04-21T17:08:31.385-0400] {processor.py:840} INFO - DAG(s) 'example_bash_operator' retrieved from /Users/gaurav/Documents/Breast-Cancer-ML-Pipeline/venv/lib/python3.9/site-packages/airflow/example_dags/example_bash_operator.py
[2025-04-21T17:08:31.456-0400] {logging_mixin.py:188} INFO - [2025-04-21T17:08:31.456-0400] {dag.py:3036} INFO - Sync 1 DAGs
[2025-04-21T17:08:31.469-0400] {logging_mixin.py:188} INFO - [2025-04-21T17:08:31.469-0400] {dag.py:3823} INFO - Setting next_dagrun for example_bash_operator to 2025-04-20 00:00:00+00:00, run_after=2025-04-21 00:00:00+00:00
[2025-04-21T17:08:31.481-0400] {processor.py:183} INFO - Processing /Users/gaurav/Documents/Breast-Cancer-ML-Pipeline/venv/lib/python3.9/site-packages/airflow/example_dags/example_bash_operator.py took 0.108 seconds
[2025-04-21T17:09:44.555-0400] {processor.py:161} INFO - Started process (PID=85644) to work on /Users/gaurav/Documents/Breast-Cancer-ML-Pipeline/venv/lib/python3.9/site-packages/airflow/example_dags/example_bash_operator.py
[2025-04-21T17:09:44.557-0400] {processor.py:830} INFO - Processing file /Users/gaurav/Documents/Breast-Cancer-ML-Pipeline/venv/lib/python3.9/site-packages/airflow/example_dags/example_bash_operator.py for tasks to queue
[2025-04-21T17:09:44.557-0400] {logging_mixin.py:188} INFO - [2025-04-21T17:09:44.557-0400] {dagbag.py:538} INFO - Filling up the DagBag from /Users/gaurav/Documents/Breast-Cancer-ML-Pipeline/venv/lib/python3.9/site-packages/airflow/example_dags/example_bash_operator.py
[2025-04-21T17:09:44.566-0400] {processor.py:840} INFO - DAG(s) 'example_bash_operator' retrieved from /Users/gaurav/Documents/Breast-Cancer-ML-Pipeline/venv/lib/python3.9/site-packages/airflow/example_dags/example_bash_operator.py
[2025-04-21T17:09:44.636-0400] {logging_mixin.py:188} INFO - [2025-04-21T17:09:44.636-0400] {dag.py:3036} INFO - Sync 1 DAGs
[2025-04-21T17:09:44.649-0400] {logging_mixin.py:188} INFO - [2025-04-21T17:09:44.649-0400] {dag.py:3823} INFO - Setting next_dagrun for example_bash_operator to 2025-04-20 00:00:00+00:00, run_after=2025-04-21 00:00:00+00:00
[2025-04-21T17:09:44.661-0400] {processor.py:183} INFO - Processing /Users/gaurav/Documents/Breast-Cancer-ML-Pipeline/venv/lib/python3.9/site-packages/airflow/example_dags/example_bash_operator.py took 0.107 seconds
[2025-04-21T17:10:58.255-0400] {processor.py:161} INFO - Started process (PID=85722) to work on /Users/gaurav/Documents/Breast-Cancer-ML-Pipeline/venv/lib/python3.9/site-packages/airflow/example_dags/example_bash_operator.py
[2025-04-21T17:10:58.258-0400] {processor.py:830} INFO - Processing file /Users/gaurav/Documents/Breast-Cancer-ML-Pipeline/venv/lib/python3.9/site-packages/airflow/example_dags/example_bash_operator.py for tasks to queue
[2025-04-21T17:10:58.258-0400] {logging_mixin.py:188} INFO - [2025-04-21T17:10:58.258-0400] {dagbag.py:538} INFO - Filling up the DagBag from /Users/gaurav/Documents/Breast-Cancer-ML-Pipeline/venv/lib/python3.9/site-packages/airflow/example_dags/example_bash_operator.py
[2025-04-21T17:10:58.267-0400] {processor.py:840} INFO - DAG(s) 'example_bash_operator' retrieved from /Users/gaurav/Documents/Breast-Cancer-ML-Pipeline/venv/lib/python3.9/site-packages/airflow/example_dags/example_bash_operator.py
[2025-04-21T17:10:58.338-0400] {logging_mixin.py:188} INFO - [2025-04-21T17:10:58.338-0400] {dag.py:3036} INFO - Sync 1 DAGs
[2025-04-21T17:10:58.352-0400] {logging_mixin.py:188} INFO - [2025-04-21T17:10:58.351-0400] {dag.py:3823} INFO - Setting next_dagrun for example_bash_operator to 2025-04-20 00:00:00+00:00, run_after=2025-04-21 00:00:00+00:00
[2025-04-21T17:10:58.363-0400] {processor.py:183} INFO - Processing /Users/gaurav/Documents/Breast-Cancer-ML-Pipeline/venv/lib/python3.9/site-packages/airflow/example_dags/example_bash_operator.py took 0.109 seconds
[2025-04-21T17:12:11.673-0400] {processor.py:161} INFO - Started process (PID=85818) to work on /Users/gaurav/Documents/Breast-Cancer-ML-Pipeline/venv/lib/python3.9/site-packages/airflow/example_dags/example_bash_operator.py
[2025-04-21T17:12:11.675-0400] {processor.py:830} INFO - Processing file /Users/gaurav/Documents/Breast-Cancer-ML-Pipeline/venv/lib/python3.9/site-packages/airflow/example_dags/example_bash_operator.py for tasks to queue
[2025-04-21T17:12:11.676-0400] {logging_mixin.py:188} INFO - [2025-04-21T17:12:11.675-0400] {dagbag.py:538} INFO - Filling up the DagBag from /Users/gaurav/Documents/Breast-Cancer-ML-Pipeline/venv/lib/python3.9/site-packages/airflow/example_dags/example_bash_operator.py
[2025-04-21T17:12:11.684-0400] {processor.py:840} INFO - DAG(s) 'example_bash_operator' retrieved from /Users/gaurav/Documents/Breast-Cancer-ML-Pipeline/venv/lib/python3.9/site-packages/airflow/example_dags/example_bash_operator.py
[2025-04-21T17:12:11.755-0400] {logging_mixin.py:188} INFO - [2025-04-21T17:12:11.755-0400] {dag.py:3036} INFO - Sync 1 DAGs
[2025-04-21T17:12:11.768-0400] {logging_mixin.py:188} INFO - [2025-04-21T17:12:11.768-0400] {dag.py:3823} INFO - Setting next_dagrun for example_bash_operator to 2025-04-20 00:00:00+00:00, run_after=2025-04-21 00:00:00+00:00
[2025-04-21T17:12:11.780-0400] {processor.py:183} INFO - Processing /Users/gaurav/Documents/Breast-Cancer-ML-Pipeline/venv/lib/python3.9/site-packages/airflow/example_dags/example_bash_operator.py took 0.108 seconds
[2025-04-21T17:13:25.311-0400] {processor.py:161} INFO - Started process (PID=85896) to work on /Users/gaurav/Documents/Breast-Cancer-ML-Pipeline/venv/lib/python3.9/site-packages/airflow/example_dags/example_bash_operator.py
[2025-04-21T17:13:25.312-0400] {processor.py:830} INFO - Processing file /Users/gaurav/Documents/Breast-Cancer-ML-Pipeline/venv/lib/python3.9/site-packages/airflow/example_dags/example_bash_operator.py for tasks to queue
[2025-04-21T17:13:25.313-0400] {logging_mixin.py:188} INFO - [2025-04-21T17:13:25.312-0400] {dagbag.py:538} INFO - Filling up the DagBag from /Users/gaurav/Documents/Breast-Cancer-ML-Pipeline/venv/lib/python3.9/site-packages/airflow/example_dags/example_bash_operator.py
[2025-04-21T17:13:25.321-0400] {processor.py:840} INFO - DAG(s) 'example_bash_operator' retrieved from /Users/gaurav/Documents/Breast-Cancer-ML-Pipeline/venv/lib/python3.9/site-packages/airflow/example_dags/example_bash_operator.py
[2025-04-21T17:13:25.390-0400] {logging_mixin.py:188} INFO - [2025-04-21T17:13:25.390-0400] {dag.py:3036} INFO - Sync 1 DAGs
[2025-04-21T17:13:25.402-0400] {logging_mixin.py:188} INFO - [2025-04-21T17:13:25.402-0400] {dag.py:3823} INFO - Setting next_dagrun for example_bash_operator to 2025-04-20 00:00:00+00:00, run_after=2025-04-21 00:00:00+00:00
[2025-04-21T17:13:25.415-0400] {processor.py:183} INFO - Processing /Users/gaurav/Documents/Breast-Cancer-ML-Pipeline/venv/lib/python3.9/site-packages/airflow/example_dags/example_bash_operator.py took 0.105 seconds
[2025-04-21T17:14:39.985-0400] {processor.py:161} INFO - Started process (PID=85994) to work on /Users/gaurav/Documents/Breast-Cancer-ML-Pipeline/venv/lib/python3.9/site-packages/airflow/example_dags/example_bash_operator.py
[2025-04-21T17:14:39.987-0400] {processor.py:830} INFO - Processing file /Users/gaurav/Documents/Breast-Cancer-ML-Pipeline/venv/lib/python3.9/site-packages/airflow/example_dags/example_bash_operator.py for tasks to queue
[2025-04-21T17:14:39.987-0400] {logging_mixin.py:188} INFO - [2025-04-21T17:14:39.987-0400] {dagbag.py:538} INFO - Filling up the DagBag from /Users/gaurav/Documents/Breast-Cancer-ML-Pipeline/venv/lib/python3.9/site-packages/airflow/example_dags/example_bash_operator.py
[2025-04-21T17:14:39.996-0400] {processor.py:840} INFO - DAG(s) 'example_bash_operator' retrieved from /Users/gaurav/Documents/Breast-Cancer-ML-Pipeline/venv/lib/python3.9/site-packages/airflow/example_dags/example_bash_operator.py
[2025-04-21T17:14:40.065-0400] {logging_mixin.py:188} INFO - [2025-04-21T17:14:40.065-0400] {dag.py:3036} INFO - Sync 1 DAGs
[2025-04-21T17:14:40.078-0400] {logging_mixin.py:188} INFO - [2025-04-21T17:14:40.078-0400] {dag.py:3823} INFO - Setting next_dagrun for example_bash_operator to 2025-04-20 00:00:00+00:00, run_after=2025-04-21 00:00:00+00:00
[2025-04-21T17:14:40.090-0400] {processor.py:183} INFO - Processing /Users/gaurav/Documents/Breast-Cancer-ML-Pipeline/venv/lib/python3.9/site-packages/airflow/example_dags/example_bash_operator.py took 0.105 seconds
[2025-04-21T17:15:51.920-0400] {processor.py:161} INFO - Started process (PID=86084) to work on /Users/gaurav/Documents/Breast-Cancer-ML-Pipeline/venv/lib/python3.9/site-packages/airflow/example_dags/example_bash_operator.py
[2025-04-21T17:15:51.921-0400] {processor.py:830} INFO - Processing file /Users/gaurav/Documents/Breast-Cancer-ML-Pipeline/venv/lib/python3.9/site-packages/airflow/example_dags/example_bash_operator.py for tasks to queue
[2025-04-21T17:15:51.922-0400] {logging_mixin.py:188} INFO - [2025-04-21T17:15:51.922-0400] {dagbag.py:538} INFO - Filling up the DagBag from /Users/gaurav/Documents/Breast-Cancer-ML-Pipeline/venv/lib/python3.9/site-packages/airflow/example_dags/example_bash_operator.py
[2025-04-21T17:15:51.931-0400] {processor.py:840} INFO - DAG(s) 'example_bash_operator' retrieved from /Users/gaurav/Documents/Breast-Cancer-ML-Pipeline/venv/lib/python3.9/site-packages/airflow/example_dags/example_bash_operator.py
[2025-04-21T17:15:52.002-0400] {logging_mixin.py:188} INFO - [2025-04-21T17:15:52.002-0400] {dag.py:3036} INFO - Sync 1 DAGs
[2025-04-21T17:15:52.014-0400] {logging_mixin.py:188} INFO - [2025-04-21T17:15:52.014-0400] {dag.py:3823} INFO - Setting next_dagrun for example_bash_operator to 2025-04-20 00:00:00+00:00, run_after=2025-04-21 00:00:00+00:00
[2025-04-21T17:15:52.028-0400] {processor.py:183} INFO - Processing /Users/gaurav/Documents/Breast-Cancer-ML-Pipeline/venv/lib/python3.9/site-packages/airflow/example_dags/example_bash_operator.py took 0.110 seconds
[2025-04-21T17:17:05.501-0400] {processor.py:161} INFO - Started process (PID=86171) to work on /Users/gaurav/Documents/Breast-Cancer-ML-Pipeline/venv/lib/python3.9/site-packages/airflow/example_dags/example_bash_operator.py
[2025-04-21T17:17:05.503-0400] {processor.py:830} INFO - Processing file /Users/gaurav/Documents/Breast-Cancer-ML-Pipeline/venv/lib/python3.9/site-packages/airflow/example_dags/example_bash_operator.py for tasks to queue
[2025-04-21T17:17:05.503-0400] {logging_mixin.py:188} INFO - [2025-04-21T17:17:05.503-0400] {dagbag.py:538} INFO - Filling up the DagBag from /Users/gaurav/Documents/Breast-Cancer-ML-Pipeline/venv/lib/python3.9/site-packages/airflow/example_dags/example_bash_operator.py
[2025-04-21T17:17:05.512-0400] {processor.py:840} INFO - DAG(s) 'example_bash_operator' retrieved from /Users/gaurav/Documents/Breast-Cancer-ML-Pipeline/venv/lib/python3.9/site-packages/airflow/example_dags/example_bash_operator.py
[2025-04-21T17:17:05.581-0400] {logging_mixin.py:188} INFO - [2025-04-21T17:17:05.581-0400] {dag.py:3036} INFO - Sync 1 DAGs
[2025-04-21T17:17:05.593-0400] {logging_mixin.py:188} INFO - [2025-04-21T17:17:05.593-0400] {dag.py:3823} INFO - Setting next_dagrun for example_bash_operator to 2025-04-20 00:00:00+00:00, run_after=2025-04-21 00:00:00+00:00
[2025-04-21T17:17:05.606-0400] {processor.py:183} INFO - Processing /Users/gaurav/Documents/Breast-Cancer-ML-Pipeline/venv/lib/python3.9/site-packages/airflow/example_dags/example_bash_operator.py took 0.106 seconds
[2025-04-21T17:18:20.126-0400] {processor.py:161} INFO - Started process (PID=86265) to work on /Users/gaurav/Documents/Breast-Cancer-ML-Pipeline/venv/lib/python3.9/site-packages/airflow/example_dags/example_bash_operator.py
[2025-04-21T17:18:20.127-0400] {processor.py:830} INFO - Processing file /Users/gaurav/Documents/Breast-Cancer-ML-Pipeline/venv/lib/python3.9/site-packages/airflow/example_dags/example_bash_operator.py for tasks to queue
[2025-04-21T17:18:20.128-0400] {logging_mixin.py:188} INFO - [2025-04-21T17:18:20.128-0400] {dagbag.py:538} INFO - Filling up the DagBag from /Users/gaurav/Documents/Breast-Cancer-ML-Pipeline/venv/lib/python3.9/site-packages/airflow/example_dags/example_bash_operator.py
[2025-04-21T17:18:20.136-0400] {processor.py:840} INFO - DAG(s) 'example_bash_operator' retrieved from /Users/gaurav/Documents/Breast-Cancer-ML-Pipeline/venv/lib/python3.9/site-packages/airflow/example_dags/example_bash_operator.py
[2025-04-21T17:18:20.242-0400] {logging_mixin.py:188} INFO - [2025-04-21T17:18:20.241-0400] {dag.py:3036} INFO - Sync 1 DAGs
[2025-04-21T17:18:20.255-0400] {logging_mixin.py:188} INFO - [2025-04-21T17:18:20.255-0400] {dag.py:3823} INFO - Setting next_dagrun for example_bash_operator to 2025-04-20 00:00:00+00:00, run_after=2025-04-21 00:00:00+00:00
[2025-04-21T17:18:20.269-0400] {processor.py:183} INFO - Processing /Users/gaurav/Documents/Breast-Cancer-ML-Pipeline/venv/lib/python3.9/site-packages/airflow/example_dags/example_bash_operator.py took 0.143 seconds
[2025-04-21T17:19:36.558-0400] {processor.py:161} INFO - Started process (PID=86368) to work on /Users/gaurav/Documents/Breast-Cancer-ML-Pipeline/venv/lib/python3.9/site-packages/airflow/example_dags/example_bash_operator.py
[2025-04-21T17:19:36.559-0400] {processor.py:830} INFO - Processing file /Users/gaurav/Documents/Breast-Cancer-ML-Pipeline/venv/lib/python3.9/site-packages/airflow/example_dags/example_bash_operator.py for tasks to queue
[2025-04-21T17:19:36.560-0400] {logging_mixin.py:188} INFO - [2025-04-21T17:19:36.560-0400] {dagbag.py:538} INFO - Filling up the DagBag from /Users/gaurav/Documents/Breast-Cancer-ML-Pipeline/venv/lib/python3.9/site-packages/airflow/example_dags/example_bash_operator.py
[2025-04-21T17:19:36.569-0400] {processor.py:840} INFO - DAG(s) 'example_bash_operator' retrieved from /Users/gaurav/Documents/Breast-Cancer-ML-Pipeline/venv/lib/python3.9/site-packages/airflow/example_dags/example_bash_operator.py
[2025-04-21T17:19:36.640-0400] {logging_mixin.py:188} INFO - [2025-04-21T17:19:36.640-0400] {dag.py:3036} INFO - Sync 1 DAGs
[2025-04-21T17:19:36.653-0400] {logging_mixin.py:188} INFO - [2025-04-21T17:19:36.653-0400] {dag.py:3823} INFO - Setting next_dagrun for example_bash_operator to 2025-04-20 00:00:00+00:00, run_after=2025-04-21 00:00:00+00:00
[2025-04-21T17:19:36.665-0400] {processor.py:183} INFO - Processing /Users/gaurav/Documents/Breast-Cancer-ML-Pipeline/venv/lib/python3.9/site-packages/airflow/example_dags/example_bash_operator.py took 0.108 seconds
[2025-04-21T17:22:44.355-0400] {processor.py:161} INFO - Started process (PID=86564) to work on /Users/gaurav/Documents/Breast-Cancer-ML-Pipeline/venv/lib/python3.9/site-packages/airflow/example_dags/example_bash_operator.py
[2025-04-21T17:22:44.356-0400] {processor.py:830} INFO - Processing file /Users/gaurav/Documents/Breast-Cancer-ML-Pipeline/venv/lib/python3.9/site-packages/airflow/example_dags/example_bash_operator.py for tasks to queue
[2025-04-21T17:22:44.357-0400] {logging_mixin.py:188} INFO - [2025-04-21T17:22:44.356-0400] {dagbag.py:538} INFO - Filling up the DagBag from /Users/gaurav/Documents/Breast-Cancer-ML-Pipeline/venv/lib/python3.9/site-packages/airflow/example_dags/example_bash_operator.py
[2025-04-21T17:22:44.365-0400] {processor.py:840} INFO - DAG(s) 'example_bash_operator' retrieved from /Users/gaurav/Documents/Breast-Cancer-ML-Pipeline/venv/lib/python3.9/site-packages/airflow/example_dags/example_bash_operator.py
[2025-04-21T17:22:44.495-0400] {logging_mixin.py:188} INFO - [2025-04-21T17:22:44.495-0400] {dag.py:3036} INFO - Sync 1 DAGs
[2025-04-21T17:22:44.507-0400] {logging_mixin.py:188} INFO - [2025-04-21T17:22:44.506-0400] {dag.py:3823} INFO - Setting next_dagrun for example_bash_operator to 2025-04-20 00:00:00+00:00, run_after=2025-04-21 00:00:00+00:00
[2025-04-21T17:22:44.521-0400] {processor.py:183} INFO - Processing /Users/gaurav/Documents/Breast-Cancer-ML-Pipeline/venv/lib/python3.9/site-packages/airflow/example_dags/example_bash_operator.py took 0.166 seconds
[2025-04-21T17:24:12.027-0400] {processor.py:161} INFO - Started process (PID=86669) to work on /Users/gaurav/Documents/Breast-Cancer-ML-Pipeline/venv/lib/python3.9/site-packages/airflow/example_dags/example_bash_operator.py
[2025-04-21T17:24:12.029-0400] {processor.py:830} INFO - Processing file /Users/gaurav/Documents/Breast-Cancer-ML-Pipeline/venv/lib/python3.9/site-packages/airflow/example_dags/example_bash_operator.py for tasks to queue
[2025-04-21T17:24:12.030-0400] {logging_mixin.py:188} INFO - [2025-04-21T17:24:12.030-0400] {dagbag.py:538} INFO - Filling up the DagBag from /Users/gaurav/Documents/Breast-Cancer-ML-Pipeline/venv/lib/python3.9/site-packages/airflow/example_dags/example_bash_operator.py
[2025-04-21T17:24:12.038-0400] {processor.py:840} INFO - DAG(s) 'example_bash_operator' retrieved from /Users/gaurav/Documents/Breast-Cancer-ML-Pipeline/venv/lib/python3.9/site-packages/airflow/example_dags/example_bash_operator.py
[2025-04-21T17:24:12.107-0400] {logging_mixin.py:188} INFO - [2025-04-21T17:24:12.107-0400] {dag.py:3036} INFO - Sync 1 DAGs
[2025-04-21T17:24:12.119-0400] {logging_mixin.py:188} INFO - [2025-04-21T17:24:12.119-0400] {dag.py:3823} INFO - Setting next_dagrun for example_bash_operator to 2025-04-20 00:00:00+00:00, run_after=2025-04-21 00:00:00+00:00
[2025-04-21T17:24:12.131-0400] {processor.py:183} INFO - Processing /Users/gaurav/Documents/Breast-Cancer-ML-Pipeline/venv/lib/python3.9/site-packages/airflow/example_dags/example_bash_operator.py took 0.105 seconds
[2025-04-21T17:25:29.238-0400] {processor.py:161} INFO - Started process (PID=86758) to work on /Users/gaurav/Documents/Breast-Cancer-ML-Pipeline/venv/lib/python3.9/site-packages/airflow/example_dags/example_bash_operator.py
[2025-04-21T17:25:29.239-0400] {processor.py:830} INFO - Processing file /Users/gaurav/Documents/Breast-Cancer-ML-Pipeline/venv/lib/python3.9/site-packages/airflow/example_dags/example_bash_operator.py for tasks to queue
[2025-04-21T17:25:29.240-0400] {logging_mixin.py:188} INFO - [2025-04-21T17:25:29.240-0400] {dagbag.py:538} INFO - Filling up the DagBag from /Users/gaurav/Documents/Breast-Cancer-ML-Pipeline/venv/lib/python3.9/site-packages/airflow/example_dags/example_bash_operator.py
[2025-04-21T17:25:29.249-0400] {processor.py:840} INFO - DAG(s) 'example_bash_operator' retrieved from /Users/gaurav/Documents/Breast-Cancer-ML-Pipeline/venv/lib/python3.9/site-packages/airflow/example_dags/example_bash_operator.py
[2025-04-21T17:25:29.322-0400] {logging_mixin.py:188} INFO - [2025-04-21T17:25:29.322-0400] {dag.py:3036} INFO - Sync 1 DAGs
[2025-04-21T17:25:29.335-0400] {logging_mixin.py:188} INFO - [2025-04-21T17:25:29.335-0400] {dag.py:3823} INFO - Setting next_dagrun for example_bash_operator to 2025-04-20 00:00:00+00:00, run_after=2025-04-21 00:00:00+00:00
[2025-04-21T17:25:29.348-0400] {processor.py:183} INFO - Processing /Users/gaurav/Documents/Breast-Cancer-ML-Pipeline/venv/lib/python3.9/site-packages/airflow/example_dags/example_bash_operator.py took 0.111 seconds
[2025-04-21T17:26:44.802-0400] {processor.py:161} INFO - Started process (PID=86866) to work on /Users/gaurav/Documents/Breast-Cancer-ML-Pipeline/venv/lib/python3.9/site-packages/airflow/example_dags/example_bash_operator.py
[2025-04-21T17:26:44.805-0400] {processor.py:830} INFO - Processing file /Users/gaurav/Documents/Breast-Cancer-ML-Pipeline/venv/lib/python3.9/site-packages/airflow/example_dags/example_bash_operator.py for tasks to queue
[2025-04-21T17:26:44.805-0400] {logging_mixin.py:188} INFO - [2025-04-21T17:26:44.805-0400] {dagbag.py:538} INFO - Filling up the DagBag from /Users/gaurav/Documents/Breast-Cancer-ML-Pipeline/venv/lib/python3.9/site-packages/airflow/example_dags/example_bash_operator.py
[2025-04-21T17:26:44.814-0400] {processor.py:840} INFO - DAG(s) 'example_bash_operator' retrieved from /Users/gaurav/Documents/Breast-Cancer-ML-Pipeline/venv/lib/python3.9/site-packages/airflow/example_dags/example_bash_operator.py
[2025-04-21T17:26:44.891-0400] {logging_mixin.py:188} INFO - [2025-04-21T17:26:44.891-0400] {dag.py:3036} INFO - Sync 1 DAGs
[2025-04-21T17:26:44.904-0400] {logging_mixin.py:188} INFO - [2025-04-21T17:26:44.904-0400] {dag.py:3823} INFO - Setting next_dagrun for example_bash_operator to 2025-04-20 00:00:00+00:00, run_after=2025-04-21 00:00:00+00:00
[2025-04-21T17:26:44.917-0400] {processor.py:183} INFO - Processing /Users/gaurav/Documents/Breast-Cancer-ML-Pipeline/venv/lib/python3.9/site-packages/airflow/example_dags/example_bash_operator.py took 0.115 seconds
[2025-04-21T17:28:58.934-0400] {processor.py:161} INFO - Started process (PID=87077) to work on /Users/gaurav/Documents/Breast-Cancer-ML-Pipeline/venv/lib/python3.9/site-packages/airflow/example_dags/example_bash_operator.py
[2025-04-21T17:28:58.936-0400] {processor.py:830} INFO - Processing file /Users/gaurav/Documents/Breast-Cancer-ML-Pipeline/venv/lib/python3.9/site-packages/airflow/example_dags/example_bash_operator.py for tasks to queue
[2025-04-21T17:28:58.937-0400] {logging_mixin.py:188} INFO - [2025-04-21T17:28:58.937-0400] {dagbag.py:538} INFO - Filling up the DagBag from /Users/gaurav/Documents/Breast-Cancer-ML-Pipeline/venv/lib/python3.9/site-packages/airflow/example_dags/example_bash_operator.py
[2025-04-21T17:28:58.945-0400] {processor.py:840} INFO - DAG(s) 'example_bash_operator' retrieved from /Users/gaurav/Documents/Breast-Cancer-ML-Pipeline/venv/lib/python3.9/site-packages/airflow/example_dags/example_bash_operator.py
[2025-04-21T17:28:59.014-0400] {logging_mixin.py:188} INFO - [2025-04-21T17:28:59.014-0400] {dag.py:3036} INFO - Sync 1 DAGs
[2025-04-21T17:28:59.026-0400] {logging_mixin.py:188} INFO - [2025-04-21T17:28:59.026-0400] {dag.py:3823} INFO - Setting next_dagrun for example_bash_operator to 2025-04-20 00:00:00+00:00, run_after=2025-04-21 00:00:00+00:00
[2025-04-21T17:28:59.039-0400] {processor.py:183} INFO - Processing /Users/gaurav/Documents/Breast-Cancer-ML-Pipeline/venv/lib/python3.9/site-packages/airflow/example_dags/example_bash_operator.py took 0.105 seconds
[2025-04-21T17:30:26.945-0400] {processor.py:161} INFO - Started process (PID=87182) to work on /Users/gaurav/Documents/Breast-Cancer-ML-Pipeline/venv/lib/python3.9/site-packages/airflow/example_dags/example_bash_operator.py
[2025-04-21T17:30:26.947-0400] {processor.py:830} INFO - Processing file /Users/gaurav/Documents/Breast-Cancer-ML-Pipeline/venv/lib/python3.9/site-packages/airflow/example_dags/example_bash_operator.py for tasks to queue
[2025-04-21T17:30:26.947-0400] {logging_mixin.py:188} INFO - [2025-04-21T17:30:26.947-0400] {dagbag.py:538} INFO - Filling up the DagBag from /Users/gaurav/Documents/Breast-Cancer-ML-Pipeline/venv/lib/python3.9/site-packages/airflow/example_dags/example_bash_operator.py
[2025-04-21T17:30:26.956-0400] {processor.py:840} INFO - DAG(s) 'example_bash_operator' retrieved from /Users/gaurav/Documents/Breast-Cancer-ML-Pipeline/venv/lib/python3.9/site-packages/airflow/example_dags/example_bash_operator.py
[2025-04-21T17:30:27.029-0400] {logging_mixin.py:188} INFO - [2025-04-21T17:30:27.029-0400] {dag.py:3036} INFO - Sync 1 DAGs
[2025-04-21T17:30:27.042-0400] {logging_mixin.py:188} INFO - [2025-04-21T17:30:27.042-0400] {dag.py:3823} INFO - Setting next_dagrun for example_bash_operator to 2025-04-20 00:00:00+00:00, run_after=2025-04-21 00:00:00+00:00
[2025-04-21T17:30:27.054-0400] {processor.py:183} INFO - Processing /Users/gaurav/Documents/Breast-Cancer-ML-Pipeline/venv/lib/python3.9/site-packages/airflow/example_dags/example_bash_operator.py took 0.110 seconds
[2025-04-21T17:31:42.442-0400] {processor.py:161} INFO - Started process (PID=87266) to work on /Users/gaurav/Documents/Breast-Cancer-ML-Pipeline/venv/lib/python3.9/site-packages/airflow/example_dags/example_bash_operator.py
[2025-04-21T17:31:42.444-0400] {processor.py:830} INFO - Processing file /Users/gaurav/Documents/Breast-Cancer-ML-Pipeline/venv/lib/python3.9/site-packages/airflow/example_dags/example_bash_operator.py for tasks to queue
[2025-04-21T17:31:42.444-0400] {logging_mixin.py:188} INFO - [2025-04-21T17:31:42.444-0400] {dagbag.py:538} INFO - Filling up the DagBag from /Users/gaurav/Documents/Breast-Cancer-ML-Pipeline/venv/lib/python3.9/site-packages/airflow/example_dags/example_bash_operator.py
[2025-04-21T17:31:42.453-0400] {processor.py:840} INFO - DAG(s) 'example_bash_operator' retrieved from /Users/gaurav/Documents/Breast-Cancer-ML-Pipeline/venv/lib/python3.9/site-packages/airflow/example_dags/example_bash_operator.py
[2025-04-21T17:31:42.528-0400] {logging_mixin.py:188} INFO - [2025-04-21T17:31:42.528-0400] {dag.py:3036} INFO - Sync 1 DAGs
[2025-04-21T17:31:42.543-0400] {logging_mixin.py:188} INFO - [2025-04-21T17:31:42.542-0400] {dag.py:3823} INFO - Setting next_dagrun for example_bash_operator to 2025-04-20 00:00:00+00:00, run_after=2025-04-21 00:00:00+00:00
[2025-04-21T17:31:42.573-0400] {processor.py:183} INFO - Processing /Users/gaurav/Documents/Breast-Cancer-ML-Pipeline/venv/lib/python3.9/site-packages/airflow/example_dags/example_bash_operator.py took 0.132 seconds
[2025-04-21T17:38:04.210-0400] {processor.py:161} INFO - Started process (PID=87832) to work on /Users/gaurav/Documents/Breast-Cancer-ML-Pipeline/venv/lib/python3.9/site-packages/airflow/example_dags/example_bash_operator.py
[2025-04-21T17:38:04.211-0400] {processor.py:830} INFO - Processing file /Users/gaurav/Documents/Breast-Cancer-ML-Pipeline/venv/lib/python3.9/site-packages/airflow/example_dags/example_bash_operator.py for tasks to queue
[2025-04-21T17:38:04.212-0400] {logging_mixin.py:188} INFO - [2025-04-21T17:38:04.212-0400] {dagbag.py:538} INFO - Filling up the DagBag from /Users/gaurav/Documents/Breast-Cancer-ML-Pipeline/venv/lib/python3.9/site-packages/airflow/example_dags/example_bash_operator.py
[2025-04-21T17:38:04.221-0400] {processor.py:840} INFO - DAG(s) 'example_bash_operator' retrieved from /Users/gaurav/Documents/Breast-Cancer-ML-Pipeline/venv/lib/python3.9/site-packages/airflow/example_dags/example_bash_operator.py
[2025-04-21T17:38:04.345-0400] {logging_mixin.py:188} INFO - [2025-04-21T17:38:04.345-0400] {dag.py:3036} INFO - Sync 1 DAGs
[2025-04-21T17:38:04.357-0400] {logging_mixin.py:188} INFO - [2025-04-21T17:38:04.357-0400] {dag.py:3823} INFO - Setting next_dagrun for example_bash_operator to 2025-04-20 00:00:00+00:00, run_after=2025-04-21 00:00:00+00:00
[2025-04-21T17:38:04.372-0400] {processor.py:183} INFO - Processing /Users/gaurav/Documents/Breast-Cancer-ML-Pipeline/venv/lib/python3.9/site-packages/airflow/example_dags/example_bash_operator.py took 0.164 seconds
[2025-04-21T17:40:37.104-0400] {processor.py:161} INFO - Started process (PID=88033) to work on /Users/gaurav/Documents/Breast-Cancer-ML-Pipeline/venv/lib/python3.9/site-packages/airflow/example_dags/example_bash_operator.py
[2025-04-21T17:40:37.106-0400] {processor.py:830} INFO - Processing file /Users/gaurav/Documents/Breast-Cancer-ML-Pipeline/venv/lib/python3.9/site-packages/airflow/example_dags/example_bash_operator.py for tasks to queue
[2025-04-21T17:40:37.106-0400] {logging_mixin.py:188} INFO - [2025-04-21T17:40:37.106-0400] {dagbag.py:538} INFO - Filling up the DagBag from /Users/gaurav/Documents/Breast-Cancer-ML-Pipeline/venv/lib/python3.9/site-packages/airflow/example_dags/example_bash_operator.py
[2025-04-21T17:40:37.115-0400] {processor.py:840} INFO - DAG(s) 'example_bash_operator' retrieved from /Users/gaurav/Documents/Breast-Cancer-ML-Pipeline/venv/lib/python3.9/site-packages/airflow/example_dags/example_bash_operator.py
[2025-04-21T17:40:37.184-0400] {logging_mixin.py:188} INFO - [2025-04-21T17:40:37.184-0400] {dag.py:3036} INFO - Sync 1 DAGs
[2025-04-21T17:40:37.196-0400] {logging_mixin.py:188} INFO - [2025-04-21T17:40:37.196-0400] {dag.py:3823} INFO - Setting next_dagrun for example_bash_operator to 2025-04-20 00:00:00+00:00, run_after=2025-04-21 00:00:00+00:00
[2025-04-21T17:40:37.208-0400] {processor.py:183} INFO - Processing /Users/gaurav/Documents/Breast-Cancer-ML-Pipeline/venv/lib/python3.9/site-packages/airflow/example_dags/example_bash_operator.py took 0.105 seconds
[2025-04-21T17:42:25.586-0400] {processor.py:161} INFO - Started process (PID=88166) to work on /Users/gaurav/Documents/Breast-Cancer-ML-Pipeline/venv/lib/python3.9/site-packages/airflow/example_dags/example_bash_operator.py
[2025-04-21T17:42:25.588-0400] {processor.py:830} INFO - Processing file /Users/gaurav/Documents/Breast-Cancer-ML-Pipeline/venv/lib/python3.9/site-packages/airflow/example_dags/example_bash_operator.py for tasks to queue
[2025-04-21T17:42:25.588-0400] {logging_mixin.py:188} INFO - [2025-04-21T17:42:25.588-0400] {dagbag.py:538} INFO - Filling up the DagBag from /Users/gaurav/Documents/Breast-Cancer-ML-Pipeline/venv/lib/python3.9/site-packages/airflow/example_dags/example_bash_operator.py
[2025-04-21T17:42:25.597-0400] {processor.py:840} INFO - DAG(s) 'example_bash_operator' retrieved from /Users/gaurav/Documents/Breast-Cancer-ML-Pipeline/venv/lib/python3.9/site-packages/airflow/example_dags/example_bash_operator.py
[2025-04-21T17:42:25.666-0400] {logging_mixin.py:188} INFO - [2025-04-21T17:42:25.665-0400] {dag.py:3036} INFO - Sync 1 DAGs
[2025-04-21T17:42:25.678-0400] {logging_mixin.py:188} INFO - [2025-04-21T17:42:25.678-0400] {dag.py:3823} INFO - Setting next_dagrun for example_bash_operator to 2025-04-20 00:00:00+00:00, run_after=2025-04-21 00:00:00+00:00
[2025-04-21T17:42:25.690-0400] {processor.py:183} INFO - Processing /Users/gaurav/Documents/Breast-Cancer-ML-Pipeline/venv/lib/python3.9/site-packages/airflow/example_dags/example_bash_operator.py took 0.104 seconds
[2025-04-21T17:43:37.303-0400] {processor.py:161} INFO - Started process (PID=88244) to work on /Users/gaurav/Documents/Breast-Cancer-ML-Pipeline/venv/lib/python3.9/site-packages/airflow/example_dags/example_bash_operator.py
[2025-04-21T17:43:37.305-0400] {processor.py:830} INFO - Processing file /Users/gaurav/Documents/Breast-Cancer-ML-Pipeline/venv/lib/python3.9/site-packages/airflow/example_dags/example_bash_operator.py for tasks to queue
[2025-04-21T17:43:37.305-0400] {logging_mixin.py:188} INFO - [2025-04-21T17:43:37.305-0400] {dagbag.py:538} INFO - Filling up the DagBag from /Users/gaurav/Documents/Breast-Cancer-ML-Pipeline/venv/lib/python3.9/site-packages/airflow/example_dags/example_bash_operator.py
[2025-04-21T17:43:37.314-0400] {processor.py:840} INFO - DAG(s) 'example_bash_operator' retrieved from /Users/gaurav/Documents/Breast-Cancer-ML-Pipeline/venv/lib/python3.9/site-packages/airflow/example_dags/example_bash_operator.py
[2025-04-21T17:43:37.383-0400] {logging_mixin.py:188} INFO - [2025-04-21T17:43:37.383-0400] {dag.py:3036} INFO - Sync 1 DAGs
[2025-04-21T17:43:37.395-0400] {logging_mixin.py:188} INFO - [2025-04-21T17:43:37.395-0400] {dag.py:3823} INFO - Setting next_dagrun for example_bash_operator to 2025-04-20 00:00:00+00:00, run_after=2025-04-21 00:00:00+00:00
[2025-04-21T17:43:37.408-0400] {processor.py:183} INFO - Processing /Users/gaurav/Documents/Breast-Cancer-ML-Pipeline/venv/lib/python3.9/site-packages/airflow/example_dags/example_bash_operator.py took 0.106 seconds
[2025-04-21T17:44:49.534-0400] {processor.py:161} INFO - Started process (PID=88348) to work on /Users/gaurav/Documents/Breast-Cancer-ML-Pipeline/venv/lib/python3.9/site-packages/airflow/example_dags/example_bash_operator.py
[2025-04-21T17:44:49.535-0400] {processor.py:830} INFO - Processing file /Users/gaurav/Documents/Breast-Cancer-ML-Pipeline/venv/lib/python3.9/site-packages/airflow/example_dags/example_bash_operator.py for tasks to queue
[2025-04-21T17:44:49.536-0400] {logging_mixin.py:188} INFO - [2025-04-21T17:44:49.536-0400] {dagbag.py:538} INFO - Filling up the DagBag from /Users/gaurav/Documents/Breast-Cancer-ML-Pipeline/venv/lib/python3.9/site-packages/airflow/example_dags/example_bash_operator.py
[2025-04-21T17:44:49.542-0400] {processor.py:840} INFO - DAG(s) 'example_bash_operator' retrieved from /Users/gaurav/Documents/Breast-Cancer-ML-Pipeline/venv/lib/python3.9/site-packages/airflow/example_dags/example_bash_operator.py
[2025-04-21T17:44:49.599-0400] {logging_mixin.py:188} INFO - [2025-04-21T17:44:49.598-0400] {dag.py:3036} INFO - Sync 1 DAGs
[2025-04-21T17:44:49.608-0400] {logging_mixin.py:188} INFO - [2025-04-21T17:44:49.608-0400] {dag.py:3823} INFO - Setting next_dagrun for example_bash_operator to 2025-04-20 00:00:00+00:00, run_after=2025-04-21 00:00:00+00:00
[2025-04-21T17:44:49.617-0400] {processor.py:183} INFO - Processing /Users/gaurav/Documents/Breast-Cancer-ML-Pipeline/venv/lib/python3.9/site-packages/airflow/example_dags/example_bash_operator.py took 0.084 seconds
[2025-04-21T17:46:06.685-0400] {processor.py:161} INFO - Started process (PID=88507) to work on /Users/gaurav/Documents/Breast-Cancer-ML-Pipeline/venv/lib/python3.9/site-packages/airflow/example_dags/example_bash_operator.py
[2025-04-21T17:46:06.687-0400] {processor.py:830} INFO - Processing file /Users/gaurav/Documents/Breast-Cancer-ML-Pipeline/venv/lib/python3.9/site-packages/airflow/example_dags/example_bash_operator.py for tasks to queue
[2025-04-21T17:46:06.687-0400] {logging_mixin.py:188} INFO - [2025-04-21T17:46:06.687-0400] {dagbag.py:538} INFO - Filling up the DagBag from /Users/gaurav/Documents/Breast-Cancer-ML-Pipeline/venv/lib/python3.9/site-packages/airflow/example_dags/example_bash_operator.py
[2025-04-21T17:46:06.695-0400] {processor.py:840} INFO - DAG(s) 'example_bash_operator' retrieved from /Users/gaurav/Documents/Breast-Cancer-ML-Pipeline/venv/lib/python3.9/site-packages/airflow/example_dags/example_bash_operator.py
[2025-04-21T17:46:06.752-0400] {logging_mixin.py:188} INFO - [2025-04-21T17:46:06.752-0400] {dag.py:3036} INFO - Sync 1 DAGs
[2025-04-21T17:46:06.762-0400] {logging_mixin.py:188} INFO - [2025-04-21T17:46:06.761-0400] {dag.py:3823} INFO - Setting next_dagrun for example_bash_operator to 2025-04-20 00:00:00+00:00, run_after=2025-04-21 00:00:00+00:00
[2025-04-21T17:46:06.771-0400] {processor.py:183} INFO - Processing /Users/gaurav/Documents/Breast-Cancer-ML-Pipeline/venv/lib/python3.9/site-packages/airflow/example_dags/example_bash_operator.py took 0.086 seconds
[2025-04-21T17:47:30.784-0400] {processor.py:161} INFO - Started process (PID=88615) to work on /Users/gaurav/Documents/Breast-Cancer-ML-Pipeline/venv/lib/python3.9/site-packages/airflow/example_dags/example_bash_operator.py
[2025-04-21T17:47:30.785-0400] {processor.py:830} INFO - Processing file /Users/gaurav/Documents/Breast-Cancer-ML-Pipeline/venv/lib/python3.9/site-packages/airflow/example_dags/example_bash_operator.py for tasks to queue
[2025-04-21T17:47:30.785-0400] {logging_mixin.py:188} INFO - [2025-04-21T17:47:30.785-0400] {dagbag.py:538} INFO - Filling up the DagBag from /Users/gaurav/Documents/Breast-Cancer-ML-Pipeline/venv/lib/python3.9/site-packages/airflow/example_dags/example_bash_operator.py
[2025-04-21T17:47:30.792-0400] {processor.py:840} INFO - DAG(s) 'example_bash_operator' retrieved from /Users/gaurav/Documents/Breast-Cancer-ML-Pipeline/venv/lib/python3.9/site-packages/airflow/example_dags/example_bash_operator.py
[2025-04-21T17:47:30.850-0400] {logging_mixin.py:188} INFO - [2025-04-21T17:47:30.850-0400] {dag.py:3036} INFO - Sync 1 DAGs
[2025-04-21T17:47:30.860-0400] {logging_mixin.py:188} INFO - [2025-04-21T17:47:30.860-0400] {dag.py:3823} INFO - Setting next_dagrun for example_bash_operator to 2025-04-20 00:00:00+00:00, run_after=2025-04-21 00:00:00+00:00
[2025-04-21T17:47:30.870-0400] {processor.py:183} INFO - Processing /Users/gaurav/Documents/Breast-Cancer-ML-Pipeline/venv/lib/python3.9/site-packages/airflow/example_dags/example_bash_operator.py took 0.086 seconds
[2025-04-21T17:48:38.961-0400] {processor.py:161} INFO - Started process (PID=88703) to work on /Users/gaurav/Documents/Breast-Cancer-ML-Pipeline/venv/lib/python3.9/site-packages/airflow/example_dags/example_bash_operator.py
[2025-04-21T17:48:38.963-0400] {processor.py:830} INFO - Processing file /Users/gaurav/Documents/Breast-Cancer-ML-Pipeline/venv/lib/python3.9/site-packages/airflow/example_dags/example_bash_operator.py for tasks to queue
[2025-04-21T17:48:38.963-0400] {logging_mixin.py:188} INFO - [2025-04-21T17:48:38.963-0400] {dagbag.py:538} INFO - Filling up the DagBag from /Users/gaurav/Documents/Breast-Cancer-ML-Pipeline/venv/lib/python3.9/site-packages/airflow/example_dags/example_bash_operator.py
[2025-04-21T17:48:38.970-0400] {processor.py:840} INFO - DAG(s) 'example_bash_operator' retrieved from /Users/gaurav/Documents/Breast-Cancer-ML-Pipeline/venv/lib/python3.9/site-packages/airflow/example_dags/example_bash_operator.py
[2025-04-21T17:48:39.026-0400] {logging_mixin.py:188} INFO - [2025-04-21T17:48:39.026-0400] {dag.py:3036} INFO - Sync 1 DAGs
[2025-04-21T17:48:39.036-0400] {logging_mixin.py:188} INFO - [2025-04-21T17:48:39.036-0400] {dag.py:3823} INFO - Setting next_dagrun for example_bash_operator to 2025-04-20 00:00:00+00:00, run_after=2025-04-21 00:00:00+00:00
[2025-04-21T17:48:39.047-0400] {processor.py:183} INFO - Processing /Users/gaurav/Documents/Breast-Cancer-ML-Pipeline/venv/lib/python3.9/site-packages/airflow/example_dags/example_bash_operator.py took 0.087 seconds
[2025-04-21T17:49:42.632-0400] {processor.py:161} INFO - Started process (PID=88800) to work on /Users/gaurav/Documents/Breast-Cancer-ML-Pipeline/venv/lib/python3.9/site-packages/airflow/example_dags/example_bash_operator.py
[2025-04-21T17:49:42.634-0400] {processor.py:830} INFO - Processing file /Users/gaurav/Documents/Breast-Cancer-ML-Pipeline/venv/lib/python3.9/site-packages/airflow/example_dags/example_bash_operator.py for tasks to queue
[2025-04-21T17:49:42.634-0400] {logging_mixin.py:188} INFO - [2025-04-21T17:49:42.634-0400] {dagbag.py:538} INFO - Filling up the DagBag from /Users/gaurav/Documents/Breast-Cancer-ML-Pipeline/venv/lib/python3.9/site-packages/airflow/example_dags/example_bash_operator.py
[2025-04-21T17:49:42.641-0400] {processor.py:840} INFO - DAG(s) 'example_bash_operator' retrieved from /Users/gaurav/Documents/Breast-Cancer-ML-Pipeline/venv/lib/python3.9/site-packages/airflow/example_dags/example_bash_operator.py
[2025-04-21T17:49:42.699-0400] {logging_mixin.py:188} INFO - [2025-04-21T17:49:42.698-0400] {dag.py:3036} INFO - Sync 1 DAGs
[2025-04-21T17:49:42.710-0400] {logging_mixin.py:188} INFO - [2025-04-21T17:49:42.709-0400] {dag.py:3823} INFO - Setting next_dagrun for example_bash_operator to 2025-04-20 00:00:00+00:00, run_after=2025-04-21 00:00:00+00:00
[2025-04-21T17:49:42.720-0400] {processor.py:183} INFO - Processing /Users/gaurav/Documents/Breast-Cancer-ML-Pipeline/venv/lib/python3.9/site-packages/airflow/example_dags/example_bash_operator.py took 0.089 seconds
[2025-04-21T17:50:58.928-0400] {processor.py:161} INFO - Started process (PID=88903) to work on /Users/gaurav/Documents/Breast-Cancer-ML-Pipeline/venv/lib/python3.9/site-packages/airflow/example_dags/example_bash_operator.py
[2025-04-21T17:50:58.930-0400] {processor.py:830} INFO - Processing file /Users/gaurav/Documents/Breast-Cancer-ML-Pipeline/venv/lib/python3.9/site-packages/airflow/example_dags/example_bash_operator.py for tasks to queue
[2025-04-21T17:50:58.931-0400] {logging_mixin.py:188} INFO - [2025-04-21T17:50:58.930-0400] {dagbag.py:538} INFO - Filling up the DagBag from /Users/gaurav/Documents/Breast-Cancer-ML-Pipeline/venv/lib/python3.9/site-packages/airflow/example_dags/example_bash_operator.py
[2025-04-21T17:50:58.937-0400] {processor.py:840} INFO - DAG(s) 'example_bash_operator' retrieved from /Users/gaurav/Documents/Breast-Cancer-ML-Pipeline/venv/lib/python3.9/site-packages/airflow/example_dags/example_bash_operator.py
[2025-04-21T17:50:58.996-0400] {logging_mixin.py:188} INFO - [2025-04-21T17:50:58.996-0400] {dag.py:3036} INFO - Sync 1 DAGs
[2025-04-21T17:50:59.007-0400] {logging_mixin.py:188} INFO - [2025-04-21T17:50:59.007-0400] {dag.py:3823} INFO - Setting next_dagrun for example_bash_operator to 2025-04-20 00:00:00+00:00, run_after=2025-04-21 00:00:00+00:00
[2025-04-21T17:50:59.017-0400] {processor.py:183} INFO - Processing /Users/gaurav/Documents/Breast-Cancer-ML-Pipeline/venv/lib/python3.9/site-packages/airflow/example_dags/example_bash_operator.py took 0.089 seconds
[2025-04-21T17:52:16.453-0400] {processor.py:161} INFO - Started process (PID=89011) to work on /Users/gaurav/Documents/Breast-Cancer-ML-Pipeline/venv/lib/python3.9/site-packages/airflow/example_dags/example_bash_operator.py
[2025-04-21T17:52:16.455-0400] {processor.py:830} INFO - Processing file /Users/gaurav/Documents/Breast-Cancer-ML-Pipeline/venv/lib/python3.9/site-packages/airflow/example_dags/example_bash_operator.py for tasks to queue
[2025-04-21T17:52:16.455-0400] {logging_mixin.py:188} INFO - [2025-04-21T17:52:16.455-0400] {dagbag.py:538} INFO - Filling up the DagBag from /Users/gaurav/Documents/Breast-Cancer-ML-Pipeline/venv/lib/python3.9/site-packages/airflow/example_dags/example_bash_operator.py
[2025-04-21T17:52:16.463-0400] {processor.py:840} INFO - DAG(s) 'example_bash_operator' retrieved from /Users/gaurav/Documents/Breast-Cancer-ML-Pipeline/venv/lib/python3.9/site-packages/airflow/example_dags/example_bash_operator.py
[2025-04-21T17:52:16.519-0400] {logging_mixin.py:188} INFO - [2025-04-21T17:52:16.519-0400] {dag.py:3036} INFO - Sync 1 DAGs
[2025-04-21T17:52:16.530-0400] {logging_mixin.py:188} INFO - [2025-04-21T17:52:16.530-0400] {dag.py:3823} INFO - Setting next_dagrun for example_bash_operator to 2025-04-20 00:00:00+00:00, run_after=2025-04-21 00:00:00+00:00
[2025-04-21T17:52:16.540-0400] {processor.py:183} INFO - Processing /Users/gaurav/Documents/Breast-Cancer-ML-Pipeline/venv/lib/python3.9/site-packages/airflow/example_dags/example_bash_operator.py took 0.087 seconds
[2025-04-21T17:53:33.380-0400] {processor.py:161} INFO - Started process (PID=89115) to work on /Users/gaurav/Documents/Breast-Cancer-ML-Pipeline/venv/lib/python3.9/site-packages/airflow/example_dags/example_bash_operator.py
[2025-04-21T17:53:33.381-0400] {processor.py:830} INFO - Processing file /Users/gaurav/Documents/Breast-Cancer-ML-Pipeline/venv/lib/python3.9/site-packages/airflow/example_dags/example_bash_operator.py for tasks to queue
[2025-04-21T17:53:33.382-0400] {logging_mixin.py:188} INFO - [2025-04-21T17:53:33.382-0400] {dagbag.py:538} INFO - Filling up the DagBag from /Users/gaurav/Documents/Breast-Cancer-ML-Pipeline/venv/lib/python3.9/site-packages/airflow/example_dags/example_bash_operator.py
[2025-04-21T17:53:33.390-0400] {processor.py:840} INFO - DAG(s) 'example_bash_operator' retrieved from /Users/gaurav/Documents/Breast-Cancer-ML-Pipeline/venv/lib/python3.9/site-packages/airflow/example_dags/example_bash_operator.py
[2025-04-21T17:53:33.450-0400] {logging_mixin.py:188} INFO - [2025-04-21T17:53:33.449-0400] {dag.py:3036} INFO - Sync 1 DAGs
[2025-04-21T17:53:33.459-0400] {logging_mixin.py:188} INFO - [2025-04-21T17:53:33.459-0400] {dag.py:3823} INFO - Setting next_dagrun for example_bash_operator to 2025-04-20 00:00:00+00:00, run_after=2025-04-21 00:00:00+00:00
[2025-04-21T17:53:33.469-0400] {processor.py:183} INFO - Processing /Users/gaurav/Documents/Breast-Cancer-ML-Pipeline/venv/lib/python3.9/site-packages/airflow/example_dags/example_bash_operator.py took 0.089 seconds
[2025-04-21T17:54:52.456-0400] {processor.py:161} INFO - Started process (PID=89237) to work on /Users/gaurav/Documents/Breast-Cancer-ML-Pipeline/venv/lib/python3.9/site-packages/airflow/example_dags/example_bash_operator.py
[2025-04-21T17:54:52.457-0400] {processor.py:830} INFO - Processing file /Users/gaurav/Documents/Breast-Cancer-ML-Pipeline/venv/lib/python3.9/site-packages/airflow/example_dags/example_bash_operator.py for tasks to queue
[2025-04-21T17:54:52.458-0400] {logging_mixin.py:188} INFO - [2025-04-21T17:54:52.458-0400] {dagbag.py:538} INFO - Filling up the DagBag from /Users/gaurav/Documents/Breast-Cancer-ML-Pipeline/venv/lib/python3.9/site-packages/airflow/example_dags/example_bash_operator.py
[2025-04-21T17:54:52.465-0400] {processor.py:840} INFO - DAG(s) 'example_bash_operator' retrieved from /Users/gaurav/Documents/Breast-Cancer-ML-Pipeline/venv/lib/python3.9/site-packages/airflow/example_dags/example_bash_operator.py
[2025-04-21T17:54:52.758-0400] {logging_mixin.py:188} INFO - [2025-04-21T17:54:52.758-0400] {dag.py:3036} INFO - Sync 1 DAGs
[2025-04-21T17:54:52.770-0400] {logging_mixin.py:188} INFO - [2025-04-21T17:54:52.769-0400] {dag.py:3823} INFO - Setting next_dagrun for example_bash_operator to 2025-04-20 00:00:00+00:00, run_after=2025-04-21 00:00:00+00:00
[2025-04-21T17:54:52.781-0400] {processor.py:183} INFO - Processing /Users/gaurav/Documents/Breast-Cancer-ML-Pipeline/venv/lib/python3.9/site-packages/airflow/example_dags/example_bash_operator.py took 0.325 seconds
