[2025-04-21T16:39:43.347-0400] {processor.py:161} INFO - Started process (PID=83583) to work on /Users/gaurav/Documents/Breast-Cancer-ML-Pipeline/venv/lib/python3.9/site-packages/airflow/example_dags/example_dynamic_task_mapping.py
[2025-04-21T16:39:43.347-0400] {processor.py:830} INFO - Processing file /Users/gaurav/Documents/Breast-Cancer-ML-Pipeline/venv/lib/python3.9/site-packages/airflow/example_dags/example_dynamic_task_mapping.py for tasks to queue
[2025-04-21T16:39:43.348-0400] {logging_mixin.py:188} INFO - [2025-04-21T16:39:43.348-0400] {dagbag.py:538} INFO - Filling up the DagBag from /Users/gaurav/Documents/Breast-Cancer-ML-Pipeline/venv/lib/python3.9/site-packages/airflow/example_dags/example_dynamic_task_mapping.py
[2025-04-21T16:39:43.373-0400] {processor.py:840} INFO - DAG(s) 'example_dynamic_task_mapping' retrieved from /Users/gaurav/Documents/Breast-Cancer-ML-Pipeline/venv/lib/python3.9/site-packages/airflow/example_dags/example_dynamic_task_mapping.py
[2025-04-21T16:39:43.490-0400] {logging_mixin.py:188} INFO - [2025-04-21T16:39:43.490-0400] {override.py:1769} INFO - Created Permission View: can edit on DAG:example_dynamic_task_mapping
[2025-04-21T16:39:43.496-0400] {logging_mixin.py:188} INFO - [2025-04-21T16:39:43.495-0400] {override.py:1769} INFO - Created Permission View: can read on DAG:example_dynamic_task_mapping
[2025-04-21T16:39:43.499-0400] {logging_mixin.py:188} INFO - [2025-04-21T16:39:43.499-0400] {override.py:1769} INFO - Created Permission View: can delete on DAG:example_dynamic_task_mapping
[2025-04-21T16:39:43.499-0400] {logging_mixin.py:188} INFO - [2025-04-21T16:39:43.499-0400] {dag.py:3036} INFO - Sync 1 DAGs
[2025-04-21T16:39:43.506-0400] {logging_mixin.py:188} INFO - [2025-04-21T16:39:43.506-0400] {dag.py:3058} INFO - Creating ORM DAG for example_dynamic_task_mapping
[2025-04-21T16:39:43.511-0400] {logging_mixin.py:188} INFO - [2025-04-21T16:39:43.511-0400] {dag.py:3823} INFO - Setting next_dagrun for example_dynamic_task_mapping to 2022-03-04 00:00:00+00:00, run_after=2022-03-05 00:00:00+00:00
[2025-04-21T16:39:43.521-0400] {processor.py:183} INFO - Processing /Users/gaurav/Documents/Breast-Cancer-ML-Pipeline/venv/lib/python3.9/site-packages/airflow/example_dags/example_dynamic_task_mapping.py took 0.176 seconds
[2025-04-21T16:42:21.956-0400] {processor.py:161} INFO - Started process (PID=83714) to work on /Users/gaurav/Documents/Breast-Cancer-ML-Pipeline/venv/lib/python3.9/site-packages/airflow/example_dags/example_dynamic_task_mapping.py
[2025-04-21T16:42:21.957-0400] {processor.py:830} INFO - Processing file /Users/gaurav/Documents/Breast-Cancer-ML-Pipeline/venv/lib/python3.9/site-packages/airflow/example_dags/example_dynamic_task_mapping.py for tasks to queue
[2025-04-21T16:42:21.958-0400] {logging_mixin.py:188} INFO - [2025-04-21T16:42:21.958-0400] {dagbag.py:538} INFO - Filling up the DagBag from /Users/gaurav/Documents/Breast-Cancer-ML-Pipeline/venv/lib/python3.9/site-packages/airflow/example_dags/example_dynamic_task_mapping.py
[2025-04-21T16:42:21.986-0400] {processor.py:840} INFO - DAG(s) 'example_dynamic_task_mapping' retrieved from /Users/gaurav/Documents/Breast-Cancer-ML-Pipeline/venv/lib/python3.9/site-packages/airflow/example_dags/example_dynamic_task_mapping.py
[2025-04-21T16:42:22.050-0400] {logging_mixin.py:188} INFO - [2025-04-21T16:42:22.050-0400] {dag.py:3036} INFO - Sync 1 DAGs
[2025-04-21T16:42:22.061-0400] {logging_mixin.py:188} INFO - [2025-04-21T16:42:22.061-0400] {dag.py:3823} INFO - Setting next_dagrun for example_dynamic_task_mapping to 2022-03-04 00:00:00+00:00, run_after=2022-03-05 00:00:00+00:00
[2025-04-21T16:42:22.073-0400] {processor.py:183} INFO - Processing /Users/gaurav/Documents/Breast-Cancer-ML-Pipeline/venv/lib/python3.9/site-packages/airflow/example_dags/example_dynamic_task_mapping.py took 0.118 seconds
[2025-04-21T16:45:08.976-0400] {processor.py:161} INFO - Started process (PID=83860) to work on /Users/gaurav/Documents/Breast-Cancer-ML-Pipeline/venv/lib/python3.9/site-packages/airflow/example_dags/example_dynamic_task_mapping.py
[2025-04-21T16:45:08.978-0400] {processor.py:830} INFO - Processing file /Users/gaurav/Documents/Breast-Cancer-ML-Pipeline/venv/lib/python3.9/site-packages/airflow/example_dags/example_dynamic_task_mapping.py for tasks to queue
[2025-04-21T16:45:08.978-0400] {logging_mixin.py:188} INFO - [2025-04-21T16:45:08.978-0400] {dagbag.py:538} INFO - Filling up the DagBag from /Users/gaurav/Documents/Breast-Cancer-ML-Pipeline/venv/lib/python3.9/site-packages/airflow/example_dags/example_dynamic_task_mapping.py
[2025-04-21T16:45:09.005-0400] {processor.py:840} INFO - DAG(s) 'example_dynamic_task_mapping' retrieved from /Users/gaurav/Documents/Breast-Cancer-ML-Pipeline/venv/lib/python3.9/site-packages/airflow/example_dags/example_dynamic_task_mapping.py
[2025-04-21T16:45:09.068-0400] {logging_mixin.py:188} INFO - [2025-04-21T16:45:09.068-0400] {dag.py:3036} INFO - Sync 1 DAGs
[2025-04-21T16:45:09.079-0400] {logging_mixin.py:188} INFO - [2025-04-21T16:45:09.079-0400] {dag.py:3823} INFO - Setting next_dagrun for example_dynamic_task_mapping to 2022-03-04 00:00:00+00:00, run_after=2022-03-05 00:00:00+00:00
[2025-04-21T16:45:09.091-0400] {processor.py:183} INFO - Processing /Users/gaurav/Documents/Breast-Cancer-ML-Pipeline/venv/lib/python3.9/site-packages/airflow/example_dags/example_dynamic_task_mapping.py took 0.116 seconds
[2025-04-21T16:47:20.095-0400] {processor.py:161} INFO - Started process (PID=84034) to work on /Users/gaurav/Documents/Breast-Cancer-ML-Pipeline/venv/lib/python3.9/site-packages/airflow/example_dags/example_dynamic_task_mapping.py
[2025-04-21T16:47:20.097-0400] {processor.py:830} INFO - Processing file /Users/gaurav/Documents/Breast-Cancer-ML-Pipeline/venv/lib/python3.9/site-packages/airflow/example_dags/example_dynamic_task_mapping.py for tasks to queue
[2025-04-21T16:47:20.097-0400] {logging_mixin.py:188} INFO - [2025-04-21T16:47:20.097-0400] {dagbag.py:538} INFO - Filling up the DagBag from /Users/gaurav/Documents/Breast-Cancer-ML-Pipeline/venv/lib/python3.9/site-packages/airflow/example_dags/example_dynamic_task_mapping.py
[2025-04-21T16:47:20.122-0400] {processor.py:840} INFO - DAG(s) 'example_dynamic_task_mapping' retrieved from /Users/gaurav/Documents/Breast-Cancer-ML-Pipeline/venv/lib/python3.9/site-packages/airflow/example_dags/example_dynamic_task_mapping.py
[2025-04-21T16:47:20.184-0400] {logging_mixin.py:188} INFO - [2025-04-21T16:47:20.183-0400] {dag.py:3036} INFO - Sync 1 DAGs
[2025-04-21T16:47:20.195-0400] {logging_mixin.py:188} INFO - [2025-04-21T16:47:20.195-0400] {dag.py:3823} INFO - Setting next_dagrun for example_dynamic_task_mapping to 2022-03-04 00:00:00+00:00, run_after=2022-03-05 00:00:00+00:00
[2025-04-21T16:47:20.208-0400] {processor.py:183} INFO - Processing /Users/gaurav/Documents/Breast-Cancer-ML-Pipeline/venv/lib/python3.9/site-packages/airflow/example_dags/example_dynamic_task_mapping.py took 0.113 seconds
[2025-04-21T16:48:33.233-0400] {processor.py:161} INFO - Started process (PID=84118) to work on /Users/gaurav/Documents/Breast-Cancer-ML-Pipeline/venv/lib/python3.9/site-packages/airflow/example_dags/example_dynamic_task_mapping.py
[2025-04-21T16:48:33.235-0400] {processor.py:830} INFO - Processing file /Users/gaurav/Documents/Breast-Cancer-ML-Pipeline/venv/lib/python3.9/site-packages/airflow/example_dags/example_dynamic_task_mapping.py for tasks to queue
[2025-04-21T16:48:33.236-0400] {logging_mixin.py:188} INFO - [2025-04-21T16:48:33.236-0400] {dagbag.py:538} INFO - Filling up the DagBag from /Users/gaurav/Documents/Breast-Cancer-ML-Pipeline/venv/lib/python3.9/site-packages/airflow/example_dags/example_dynamic_task_mapping.py
[2025-04-21T16:48:33.261-0400] {processor.py:840} INFO - DAG(s) 'example_dynamic_task_mapping' retrieved from /Users/gaurav/Documents/Breast-Cancer-ML-Pipeline/venv/lib/python3.9/site-packages/airflow/example_dags/example_dynamic_task_mapping.py
[2025-04-21T16:48:33.323-0400] {logging_mixin.py:188} INFO - [2025-04-21T16:48:33.322-0400] {dag.py:3036} INFO - Sync 1 DAGs
[2025-04-21T16:48:33.333-0400] {logging_mixin.py:188} INFO - [2025-04-21T16:48:33.333-0400] {dag.py:3823} INFO - Setting next_dagrun for example_dynamic_task_mapping to 2022-03-04 00:00:00+00:00, run_after=2022-03-05 00:00:00+00:00
[2025-04-21T16:48:33.346-0400] {processor.py:183} INFO - Processing /Users/gaurav/Documents/Breast-Cancer-ML-Pipeline/venv/lib/python3.9/site-packages/airflow/example_dags/example_dynamic_task_mapping.py took 0.113 seconds
[2025-04-21T16:49:44.294-0400] {processor.py:161} INFO - Started process (PID=84205) to work on /Users/gaurav/Documents/Breast-Cancer-ML-Pipeline/venv/lib/python3.9/site-packages/airflow/example_dags/example_dynamic_task_mapping.py
[2025-04-21T16:49:44.296-0400] {processor.py:830} INFO - Processing file /Users/gaurav/Documents/Breast-Cancer-ML-Pipeline/venv/lib/python3.9/site-packages/airflow/example_dags/example_dynamic_task_mapping.py for tasks to queue
[2025-04-21T16:49:44.297-0400] {logging_mixin.py:188} INFO - [2025-04-21T16:49:44.297-0400] {dagbag.py:538} INFO - Filling up the DagBag from /Users/gaurav/Documents/Breast-Cancer-ML-Pipeline/venv/lib/python3.9/site-packages/airflow/example_dags/example_dynamic_task_mapping.py
[2025-04-21T16:49:44.320-0400] {processor.py:840} INFO - DAG(s) 'example_dynamic_task_mapping' retrieved from /Users/gaurav/Documents/Breast-Cancer-ML-Pipeline/venv/lib/python3.9/site-packages/airflow/example_dags/example_dynamic_task_mapping.py
[2025-04-21T16:49:44.381-0400] {logging_mixin.py:188} INFO - [2025-04-21T16:49:44.380-0400] {dag.py:3036} INFO - Sync 1 DAGs
[2025-04-21T16:49:44.391-0400] {logging_mixin.py:188} INFO - [2025-04-21T16:49:44.391-0400] {dag.py:3823} INFO - Setting next_dagrun for example_dynamic_task_mapping to 2022-03-04 00:00:00+00:00, run_after=2022-03-05 00:00:00+00:00
[2025-04-21T16:49:44.403-0400] {processor.py:183} INFO - Processing /Users/gaurav/Documents/Breast-Cancer-ML-Pipeline/venv/lib/python3.9/site-packages/airflow/example_dags/example_dynamic_task_mapping.py took 0.110 seconds
[2025-04-21T16:50:59.579-0400] {processor.py:161} INFO - Started process (PID=84285) to work on /Users/gaurav/Documents/Breast-Cancer-ML-Pipeline/venv/lib/python3.9/site-packages/airflow/example_dags/example_dynamic_task_mapping.py
[2025-04-21T16:50:59.580-0400] {processor.py:830} INFO - Processing file /Users/gaurav/Documents/Breast-Cancer-ML-Pipeline/venv/lib/python3.9/site-packages/airflow/example_dags/example_dynamic_task_mapping.py for tasks to queue
[2025-04-21T16:50:59.581-0400] {logging_mixin.py:188} INFO - [2025-04-21T16:50:59.581-0400] {dagbag.py:538} INFO - Filling up the DagBag from /Users/gaurav/Documents/Breast-Cancer-ML-Pipeline/venv/lib/python3.9/site-packages/airflow/example_dags/example_dynamic_task_mapping.py
[2025-04-21T16:50:59.618-0400] {processor.py:840} INFO - DAG(s) 'example_dynamic_task_mapping' retrieved from /Users/gaurav/Documents/Breast-Cancer-ML-Pipeline/venv/lib/python3.9/site-packages/airflow/example_dags/example_dynamic_task_mapping.py
[2025-04-21T16:50:59.688-0400] {logging_mixin.py:188} INFO - [2025-04-21T16:50:59.688-0400] {dag.py:3036} INFO - Sync 1 DAGs
[2025-04-21T16:50:59.701-0400] {logging_mixin.py:188} INFO - [2025-04-21T16:50:59.701-0400] {dag.py:3823} INFO - Setting next_dagrun for example_dynamic_task_mapping to 2022-03-04 00:00:00+00:00, run_after=2022-03-05 00:00:00+00:00
[2025-04-21T16:50:59.715-0400] {processor.py:183} INFO - Processing /Users/gaurav/Documents/Breast-Cancer-ML-Pipeline/venv/lib/python3.9/site-packages/airflow/example_dags/example_dynamic_task_mapping.py took 0.137 seconds
[2025-04-21T16:52:23.451-0400] {processor.py:161} INFO - Started process (PID=84378) to work on /Users/gaurav/Documents/Breast-Cancer-ML-Pipeline/venv/lib/python3.9/site-packages/airflow/example_dags/example_dynamic_task_mapping.py
[2025-04-21T16:52:23.452-0400] {processor.py:830} INFO - Processing file /Users/gaurav/Documents/Breast-Cancer-ML-Pipeline/venv/lib/python3.9/site-packages/airflow/example_dags/example_dynamic_task_mapping.py for tasks to queue
[2025-04-21T16:52:23.453-0400] {logging_mixin.py:188} INFO - [2025-04-21T16:52:23.453-0400] {dagbag.py:538} INFO - Filling up the DagBag from /Users/gaurav/Documents/Breast-Cancer-ML-Pipeline/venv/lib/python3.9/site-packages/airflow/example_dags/example_dynamic_task_mapping.py
[2025-04-21T16:52:23.484-0400] {processor.py:840} INFO - DAG(s) 'example_dynamic_task_mapping' retrieved from /Users/gaurav/Documents/Breast-Cancer-ML-Pipeline/venv/lib/python3.9/site-packages/airflow/example_dags/example_dynamic_task_mapping.py
[2025-04-21T16:52:23.560-0400] {logging_mixin.py:188} INFO - [2025-04-21T16:52:23.560-0400] {dag.py:3036} INFO - Sync 1 DAGs
[2025-04-21T16:52:23.573-0400] {logging_mixin.py:188} INFO - [2025-04-21T16:52:23.573-0400] {dag.py:3823} INFO - Setting next_dagrun for example_dynamic_task_mapping to 2022-03-04 00:00:00+00:00, run_after=2022-03-05 00:00:00+00:00
[2025-04-21T16:52:23.588-0400] {processor.py:183} INFO - Processing /Users/gaurav/Documents/Breast-Cancer-ML-Pipeline/venv/lib/python3.9/site-packages/airflow/example_dags/example_dynamic_task_mapping.py took 0.138 seconds
[2025-04-21T16:53:44.874-0400] {processor.py:161} INFO - Started process (PID=84489) to work on /Users/gaurav/Documents/Breast-Cancer-ML-Pipeline/venv/lib/python3.9/site-packages/airflow/example_dags/example_dynamic_task_mapping.py
[2025-04-21T16:53:44.875-0400] {processor.py:830} INFO - Processing file /Users/gaurav/Documents/Breast-Cancer-ML-Pipeline/venv/lib/python3.9/site-packages/airflow/example_dags/example_dynamic_task_mapping.py for tasks to queue
[2025-04-21T16:53:44.876-0400] {logging_mixin.py:188} INFO - [2025-04-21T16:53:44.876-0400] {dagbag.py:538} INFO - Filling up the DagBag from /Users/gaurav/Documents/Breast-Cancer-ML-Pipeline/venv/lib/python3.9/site-packages/airflow/example_dags/example_dynamic_task_mapping.py
[2025-04-21T16:53:44.902-0400] {processor.py:840} INFO - DAG(s) 'example_dynamic_task_mapping' retrieved from /Users/gaurav/Documents/Breast-Cancer-ML-Pipeline/venv/lib/python3.9/site-packages/airflow/example_dags/example_dynamic_task_mapping.py
[2025-04-21T16:53:44.963-0400] {logging_mixin.py:188} INFO - [2025-04-21T16:53:44.963-0400] {dag.py:3036} INFO - Sync 1 DAGs
[2025-04-21T16:53:44.974-0400] {logging_mixin.py:188} INFO - [2025-04-21T16:53:44.974-0400] {dag.py:3823} INFO - Setting next_dagrun for example_dynamic_task_mapping to 2022-03-04 00:00:00+00:00, run_after=2022-03-05 00:00:00+00:00
[2025-04-21T16:53:44.987-0400] {processor.py:183} INFO - Processing /Users/gaurav/Documents/Breast-Cancer-ML-Pipeline/venv/lib/python3.9/site-packages/airflow/example_dags/example_dynamic_task_mapping.py took 0.114 seconds
[2025-04-21T16:56:50.749-0400] {processor.py:161} INFO - Started process (PID=84722) to work on /Users/gaurav/Documents/Breast-Cancer-ML-Pipeline/venv/lib/python3.9/site-packages/airflow/example_dags/example_dynamic_task_mapping.py
[2025-04-21T16:56:50.751-0400] {processor.py:830} INFO - Processing file /Users/gaurav/Documents/Breast-Cancer-ML-Pipeline/venv/lib/python3.9/site-packages/airflow/example_dags/example_dynamic_task_mapping.py for tasks to queue
[2025-04-21T16:56:50.751-0400] {logging_mixin.py:188} INFO - [2025-04-21T16:56:50.751-0400] {dagbag.py:538} INFO - Filling up the DagBag from /Users/gaurav/Documents/Breast-Cancer-ML-Pipeline/venv/lib/python3.9/site-packages/airflow/example_dags/example_dynamic_task_mapping.py
[2025-04-21T16:56:50.780-0400] {processor.py:840} INFO - DAG(s) 'example_dynamic_task_mapping' retrieved from /Users/gaurav/Documents/Breast-Cancer-ML-Pipeline/venv/lib/python3.9/site-packages/airflow/example_dags/example_dynamic_task_mapping.py
[2025-04-21T16:56:50.910-0400] {logging_mixin.py:188} INFO - [2025-04-21T16:56:50.910-0400] {dag.py:3036} INFO - Sync 1 DAGs
[2025-04-21T16:56:50.930-0400] {logging_mixin.py:188} INFO - [2025-04-21T16:56:50.929-0400] {dag.py:3823} INFO - Setting next_dagrun for example_dynamic_task_mapping to 2022-03-04 00:00:00+00:00, run_after=2022-03-05 00:00:00+00:00
[2025-04-21T16:56:50.946-0400] {processor.py:183} INFO - Processing /Users/gaurav/Documents/Breast-Cancer-ML-Pipeline/venv/lib/python3.9/site-packages/airflow/example_dags/example_dynamic_task_mapping.py took 0.198 seconds
[2025-04-21T16:58:14.339-0400] {processor.py:161} INFO - Started process (PID=84834) to work on /Users/gaurav/Documents/Breast-Cancer-ML-Pipeline/venv/lib/python3.9/site-packages/airflow/example_dags/example_dynamic_task_mapping.py
[2025-04-21T16:58:14.341-0400] {processor.py:830} INFO - Processing file /Users/gaurav/Documents/Breast-Cancer-ML-Pipeline/venv/lib/python3.9/site-packages/airflow/example_dags/example_dynamic_task_mapping.py for tasks to queue
[2025-04-21T16:58:14.342-0400] {logging_mixin.py:188} INFO - [2025-04-21T16:58:14.342-0400] {dagbag.py:538} INFO - Filling up the DagBag from /Users/gaurav/Documents/Breast-Cancer-ML-Pipeline/venv/lib/python3.9/site-packages/airflow/example_dags/example_dynamic_task_mapping.py
[2025-04-21T16:58:14.370-0400] {processor.py:840} INFO - DAG(s) 'example_dynamic_task_mapping' retrieved from /Users/gaurav/Documents/Breast-Cancer-ML-Pipeline/venv/lib/python3.9/site-packages/airflow/example_dags/example_dynamic_task_mapping.py
[2025-04-21T16:58:14.448-0400] {logging_mixin.py:188} INFO - [2025-04-21T16:58:14.448-0400] {dag.py:3036} INFO - Sync 1 DAGs
[2025-04-21T16:58:14.461-0400] {logging_mixin.py:188} INFO - [2025-04-21T16:58:14.461-0400] {dag.py:3823} INFO - Setting next_dagrun for example_dynamic_task_mapping to 2022-03-04 00:00:00+00:00, run_after=2022-03-05 00:00:00+00:00
[2025-04-21T16:58:14.475-0400] {processor.py:183} INFO - Processing /Users/gaurav/Documents/Breast-Cancer-ML-Pipeline/venv/lib/python3.9/site-packages/airflow/example_dags/example_dynamic_task_mapping.py took 0.136 seconds
[2025-04-21T16:59:34.928-0400] {processor.py:161} INFO - Started process (PID=84918) to work on /Users/gaurav/Documents/Breast-Cancer-ML-Pipeline/venv/lib/python3.9/site-packages/airflow/example_dags/example_dynamic_task_mapping.py
[2025-04-21T16:59:34.929-0400] {processor.py:830} INFO - Processing file /Users/gaurav/Documents/Breast-Cancer-ML-Pipeline/venv/lib/python3.9/site-packages/airflow/example_dags/example_dynamic_task_mapping.py for tasks to queue
[2025-04-21T16:59:34.930-0400] {logging_mixin.py:188} INFO - [2025-04-21T16:59:34.930-0400] {dagbag.py:538} INFO - Filling up the DagBag from /Users/gaurav/Documents/Breast-Cancer-ML-Pipeline/venv/lib/python3.9/site-packages/airflow/example_dags/example_dynamic_task_mapping.py
[2025-04-21T16:59:34.956-0400] {processor.py:840} INFO - DAG(s) 'example_dynamic_task_mapping' retrieved from /Users/gaurav/Documents/Breast-Cancer-ML-Pipeline/venv/lib/python3.9/site-packages/airflow/example_dags/example_dynamic_task_mapping.py
[2025-04-21T16:59:35.017-0400] {logging_mixin.py:188} INFO - [2025-04-21T16:59:35.016-0400] {dag.py:3036} INFO - Sync 1 DAGs
[2025-04-21T16:59:35.027-0400] {logging_mixin.py:188} INFO - [2025-04-21T16:59:35.027-0400] {dag.py:3823} INFO - Setting next_dagrun for example_dynamic_task_mapping to 2022-03-04 00:00:00+00:00, run_after=2022-03-05 00:00:00+00:00
[2025-04-21T16:59:35.040-0400] {processor.py:183} INFO - Processing /Users/gaurav/Documents/Breast-Cancer-ML-Pipeline/venv/lib/python3.9/site-packages/airflow/example_dags/example_dynamic_task_mapping.py took 0.113 seconds
[2025-04-21T17:00:47.077-0400] {processor.py:161} INFO - Started process (PID=85008) to work on /Users/gaurav/Documents/Breast-Cancer-ML-Pipeline/venv/lib/python3.9/site-packages/airflow/example_dags/example_dynamic_task_mapping.py
[2025-04-21T17:00:47.079-0400] {processor.py:830} INFO - Processing file /Users/gaurav/Documents/Breast-Cancer-ML-Pipeline/venv/lib/python3.9/site-packages/airflow/example_dags/example_dynamic_task_mapping.py for tasks to queue
[2025-04-21T17:00:47.079-0400] {logging_mixin.py:188} INFO - [2025-04-21T17:00:47.079-0400] {dagbag.py:538} INFO - Filling up the DagBag from /Users/gaurav/Documents/Breast-Cancer-ML-Pipeline/venv/lib/python3.9/site-packages/airflow/example_dags/example_dynamic_task_mapping.py
[2025-04-21T17:00:47.104-0400] {processor.py:840} INFO - DAG(s) 'example_dynamic_task_mapping' retrieved from /Users/gaurav/Documents/Breast-Cancer-ML-Pipeline/venv/lib/python3.9/site-packages/airflow/example_dags/example_dynamic_task_mapping.py
[2025-04-21T17:00:47.165-0400] {logging_mixin.py:188} INFO - [2025-04-21T17:00:47.165-0400] {dag.py:3036} INFO - Sync 1 DAGs
[2025-04-21T17:00:47.176-0400] {logging_mixin.py:188} INFO - [2025-04-21T17:00:47.176-0400] {dag.py:3823} INFO - Setting next_dagrun for example_dynamic_task_mapping to 2022-03-04 00:00:00+00:00, run_after=2022-03-05 00:00:00+00:00
[2025-04-21T17:00:47.189-0400] {processor.py:183} INFO - Processing /Users/gaurav/Documents/Breast-Cancer-ML-Pipeline/venv/lib/python3.9/site-packages/airflow/example_dags/example_dynamic_task_mapping.py took 0.113 seconds
[2025-04-21T17:02:10.818-0400] {processor.py:161} INFO - Started process (PID=85109) to work on /Users/gaurav/Documents/Breast-Cancer-ML-Pipeline/venv/lib/python3.9/site-packages/airflow/example_dags/example_dynamic_task_mapping.py
[2025-04-21T17:02:10.820-0400] {processor.py:830} INFO - Processing file /Users/gaurav/Documents/Breast-Cancer-ML-Pipeline/venv/lib/python3.9/site-packages/airflow/example_dags/example_dynamic_task_mapping.py for tasks to queue
[2025-04-21T17:02:10.821-0400] {logging_mixin.py:188} INFO - [2025-04-21T17:02:10.820-0400] {dagbag.py:538} INFO - Filling up the DagBag from /Users/gaurav/Documents/Breast-Cancer-ML-Pipeline/venv/lib/python3.9/site-packages/airflow/example_dags/example_dynamic_task_mapping.py
[2025-04-21T17:02:10.849-0400] {processor.py:840} INFO - DAG(s) 'example_dynamic_task_mapping' retrieved from /Users/gaurav/Documents/Breast-Cancer-ML-Pipeline/venv/lib/python3.9/site-packages/airflow/example_dags/example_dynamic_task_mapping.py
[2025-04-21T17:02:10.919-0400] {logging_mixin.py:188} INFO - [2025-04-21T17:02:10.919-0400] {dag.py:3036} INFO - Sync 1 DAGs
[2025-04-21T17:02:10.933-0400] {logging_mixin.py:188} INFO - [2025-04-21T17:02:10.932-0400] {dag.py:3823} INFO - Setting next_dagrun for example_dynamic_task_mapping to 2022-03-04 00:00:00+00:00, run_after=2022-03-05 00:00:00+00:00
[2025-04-21T17:02:10.947-0400] {processor.py:183} INFO - Processing /Users/gaurav/Documents/Breast-Cancer-ML-Pipeline/venv/lib/python3.9/site-packages/airflow/example_dags/example_dynamic_task_mapping.py took 0.130 seconds
[2025-04-21T17:03:29.157-0400] {processor.py:161} INFO - Started process (PID=85198) to work on /Users/gaurav/Documents/Breast-Cancer-ML-Pipeline/venv/lib/python3.9/site-packages/airflow/example_dags/example_dynamic_task_mapping.py
[2025-04-21T17:03:29.158-0400] {processor.py:830} INFO - Processing file /Users/gaurav/Documents/Breast-Cancer-ML-Pipeline/venv/lib/python3.9/site-packages/airflow/example_dags/example_dynamic_task_mapping.py for tasks to queue
[2025-04-21T17:03:29.159-0400] {logging_mixin.py:188} INFO - [2025-04-21T17:03:29.159-0400] {dagbag.py:538} INFO - Filling up the DagBag from /Users/gaurav/Documents/Breast-Cancer-ML-Pipeline/venv/lib/python3.9/site-packages/airflow/example_dags/example_dynamic_task_mapping.py
[2025-04-21T17:03:29.185-0400] {processor.py:840} INFO - DAG(s) 'example_dynamic_task_mapping' retrieved from /Users/gaurav/Documents/Breast-Cancer-ML-Pipeline/venv/lib/python3.9/site-packages/airflow/example_dags/example_dynamic_task_mapping.py
[2025-04-21T17:03:29.251-0400] {logging_mixin.py:188} INFO - [2025-04-21T17:03:29.250-0400] {dag.py:3036} INFO - Sync 1 DAGs
[2025-04-21T17:03:29.262-0400] {logging_mixin.py:188} INFO - [2025-04-21T17:03:29.262-0400] {dag.py:3823} INFO - Setting next_dagrun for example_dynamic_task_mapping to 2022-03-04 00:00:00+00:00, run_after=2022-03-05 00:00:00+00:00
[2025-04-21T17:03:29.274-0400] {processor.py:183} INFO - Processing /Users/gaurav/Documents/Breast-Cancer-ML-Pipeline/venv/lib/python3.9/site-packages/airflow/example_dags/example_dynamic_task_mapping.py took 0.118 seconds
[2025-04-21T17:04:42.101-0400] {processor.py:161} INFO - Started process (PID=85301) to work on /Users/gaurav/Documents/Breast-Cancer-ML-Pipeline/venv/lib/python3.9/site-packages/airflow/example_dags/example_dynamic_task_mapping.py
[2025-04-21T17:04:42.103-0400] {processor.py:830} INFO - Processing file /Users/gaurav/Documents/Breast-Cancer-ML-Pipeline/venv/lib/python3.9/site-packages/airflow/example_dags/example_dynamic_task_mapping.py for tasks to queue
[2025-04-21T17:04:42.104-0400] {logging_mixin.py:188} INFO - [2025-04-21T17:04:42.104-0400] {dagbag.py:538} INFO - Filling up the DagBag from /Users/gaurav/Documents/Breast-Cancer-ML-Pipeline/venv/lib/python3.9/site-packages/airflow/example_dags/example_dynamic_task_mapping.py
[2025-04-21T17:04:42.129-0400] {processor.py:840} INFO - DAG(s) 'example_dynamic_task_mapping' retrieved from /Users/gaurav/Documents/Breast-Cancer-ML-Pipeline/venv/lib/python3.9/site-packages/airflow/example_dags/example_dynamic_task_mapping.py
[2025-04-21T17:04:42.196-0400] {logging_mixin.py:188} INFO - [2025-04-21T17:04:42.195-0400] {dag.py:3036} INFO - Sync 1 DAGs
[2025-04-21T17:04:42.207-0400] {logging_mixin.py:188} INFO - [2025-04-21T17:04:42.207-0400] {dag.py:3823} INFO - Setting next_dagrun for example_dynamic_task_mapping to 2022-03-04 00:00:00+00:00, run_after=2022-03-05 00:00:00+00:00
[2025-04-21T17:04:42.220-0400] {processor.py:183} INFO - Processing /Users/gaurav/Documents/Breast-Cancer-ML-Pipeline/venv/lib/python3.9/site-packages/airflow/example_dags/example_dynamic_task_mapping.py took 0.120 seconds
[2025-04-21T17:05:52.587-0400] {processor.py:161} INFO - Started process (PID=85377) to work on /Users/gaurav/Documents/Breast-Cancer-ML-Pipeline/venv/lib/python3.9/site-packages/airflow/example_dags/example_dynamic_task_mapping.py
[2025-04-21T17:05:52.588-0400] {processor.py:830} INFO - Processing file /Users/gaurav/Documents/Breast-Cancer-ML-Pipeline/venv/lib/python3.9/site-packages/airflow/example_dags/example_dynamic_task_mapping.py for tasks to queue
[2025-04-21T17:05:52.589-0400] {logging_mixin.py:188} INFO - [2025-04-21T17:05:52.589-0400] {dagbag.py:538} INFO - Filling up the DagBag from /Users/gaurav/Documents/Breast-Cancer-ML-Pipeline/venv/lib/python3.9/site-packages/airflow/example_dags/example_dynamic_task_mapping.py
[2025-04-21T17:05:52.619-0400] {processor.py:840} INFO - DAG(s) 'example_dynamic_task_mapping' retrieved from /Users/gaurav/Documents/Breast-Cancer-ML-Pipeline/venv/lib/python3.9/site-packages/airflow/example_dags/example_dynamic_task_mapping.py
[2025-04-21T17:05:52.685-0400] {logging_mixin.py:188} INFO - [2025-04-21T17:05:52.685-0400] {dag.py:3036} INFO - Sync 1 DAGs
[2025-04-21T17:05:52.705-0400] {logging_mixin.py:188} INFO - [2025-04-21T17:05:52.705-0400] {dag.py:3823} INFO - Setting next_dagrun for example_dynamic_task_mapping to 2022-03-04 00:00:00+00:00, run_after=2022-03-05 00:00:00+00:00
[2025-04-21T17:05:52.719-0400] {processor.py:183} INFO - Processing /Users/gaurav/Documents/Breast-Cancer-ML-Pipeline/venv/lib/python3.9/site-packages/airflow/example_dags/example_dynamic_task_mapping.py took 0.133 seconds
[2025-04-21T17:07:04.133-0400] {processor.py:161} INFO - Started process (PID=85469) to work on /Users/gaurav/Documents/Breast-Cancer-ML-Pipeline/venv/lib/python3.9/site-packages/airflow/example_dags/example_dynamic_task_mapping.py
[2025-04-21T17:07:04.135-0400] {processor.py:830} INFO - Processing file /Users/gaurav/Documents/Breast-Cancer-ML-Pipeline/venv/lib/python3.9/site-packages/airflow/example_dags/example_dynamic_task_mapping.py for tasks to queue
[2025-04-21T17:07:04.136-0400] {logging_mixin.py:188} INFO - [2025-04-21T17:07:04.136-0400] {dagbag.py:538} INFO - Filling up the DagBag from /Users/gaurav/Documents/Breast-Cancer-ML-Pipeline/venv/lib/python3.9/site-packages/airflow/example_dags/example_dynamic_task_mapping.py
[2025-04-21T17:07:04.162-0400] {processor.py:840} INFO - DAG(s) 'example_dynamic_task_mapping' retrieved from /Users/gaurav/Documents/Breast-Cancer-ML-Pipeline/venv/lib/python3.9/site-packages/airflow/example_dags/example_dynamic_task_mapping.py
[2025-04-21T17:07:04.224-0400] {logging_mixin.py:188} INFO - [2025-04-21T17:07:04.223-0400] {dag.py:3036} INFO - Sync 1 DAGs
[2025-04-21T17:07:04.235-0400] {logging_mixin.py:188} INFO - [2025-04-21T17:07:04.235-0400] {dag.py:3823} INFO - Setting next_dagrun for example_dynamic_task_mapping to 2022-03-04 00:00:00+00:00, run_after=2022-03-05 00:00:00+00:00
[2025-04-21T17:07:04.247-0400] {processor.py:183} INFO - Processing /Users/gaurav/Documents/Breast-Cancer-ML-Pipeline/venv/lib/python3.9/site-packages/airflow/example_dags/example_dynamic_task_mapping.py took 0.115 seconds
[2025-04-21T17:08:17.228-0400] {processor.py:161} INFO - Started process (PID=85547) to work on /Users/gaurav/Documents/Breast-Cancer-ML-Pipeline/venv/lib/python3.9/site-packages/airflow/example_dags/example_dynamic_task_mapping.py
[2025-04-21T17:08:17.230-0400] {processor.py:830} INFO - Processing file /Users/gaurav/Documents/Breast-Cancer-ML-Pipeline/venv/lib/python3.9/site-packages/airflow/example_dags/example_dynamic_task_mapping.py for tasks to queue
[2025-04-21T17:08:17.230-0400] {logging_mixin.py:188} INFO - [2025-04-21T17:08:17.230-0400] {dagbag.py:538} INFO - Filling up the DagBag from /Users/gaurav/Documents/Breast-Cancer-ML-Pipeline/venv/lib/python3.9/site-packages/airflow/example_dags/example_dynamic_task_mapping.py
[2025-04-21T17:08:17.256-0400] {processor.py:840} INFO - DAG(s) 'example_dynamic_task_mapping' retrieved from /Users/gaurav/Documents/Breast-Cancer-ML-Pipeline/venv/lib/python3.9/site-packages/airflow/example_dags/example_dynamic_task_mapping.py
[2025-04-21T17:08:17.318-0400] {logging_mixin.py:188} INFO - [2025-04-21T17:08:17.318-0400] {dag.py:3036} INFO - Sync 1 DAGs
[2025-04-21T17:08:17.331-0400] {logging_mixin.py:188} INFO - [2025-04-21T17:08:17.331-0400] {dag.py:3823} INFO - Setting next_dagrun for example_dynamic_task_mapping to 2022-03-04 00:00:00+00:00, run_after=2022-03-05 00:00:00+00:00
[2025-04-21T17:08:17.343-0400] {processor.py:183} INFO - Processing /Users/gaurav/Documents/Breast-Cancer-ML-Pipeline/venv/lib/python3.9/site-packages/airflow/example_dags/example_dynamic_task_mapping.py took 0.116 seconds
[2025-04-21T17:09:30.799-0400] {processor.py:161} INFO - Started process (PID=85626) to work on /Users/gaurav/Documents/Breast-Cancer-ML-Pipeline/venv/lib/python3.9/site-packages/airflow/example_dags/example_dynamic_task_mapping.py
[2025-04-21T17:09:30.801-0400] {processor.py:830} INFO - Processing file /Users/gaurav/Documents/Breast-Cancer-ML-Pipeline/venv/lib/python3.9/site-packages/airflow/example_dags/example_dynamic_task_mapping.py for tasks to queue
[2025-04-21T17:09:30.802-0400] {logging_mixin.py:188} INFO - [2025-04-21T17:09:30.801-0400] {dagbag.py:538} INFO - Filling up the DagBag from /Users/gaurav/Documents/Breast-Cancer-ML-Pipeline/venv/lib/python3.9/site-packages/airflow/example_dags/example_dynamic_task_mapping.py
[2025-04-21T17:09:30.828-0400] {processor.py:840} INFO - DAG(s) 'example_dynamic_task_mapping' retrieved from /Users/gaurav/Documents/Breast-Cancer-ML-Pipeline/venv/lib/python3.9/site-packages/airflow/example_dags/example_dynamic_task_mapping.py
[2025-04-21T17:09:30.890-0400] {logging_mixin.py:188} INFO - [2025-04-21T17:09:30.890-0400] {dag.py:3036} INFO - Sync 1 DAGs
[2025-04-21T17:09:30.902-0400] {logging_mixin.py:188} INFO - [2025-04-21T17:09:30.902-0400] {dag.py:3823} INFO - Setting next_dagrun for example_dynamic_task_mapping to 2022-03-04 00:00:00+00:00, run_after=2022-03-05 00:00:00+00:00
[2025-04-21T17:09:30.914-0400] {processor.py:183} INFO - Processing /Users/gaurav/Documents/Breast-Cancer-ML-Pipeline/venv/lib/python3.9/site-packages/airflow/example_dags/example_dynamic_task_mapping.py took 0.116 seconds
[2025-04-21T17:10:44.388-0400] {processor.py:161} INFO - Started process (PID=85709) to work on /Users/gaurav/Documents/Breast-Cancer-ML-Pipeline/venv/lib/python3.9/site-packages/airflow/example_dags/example_dynamic_task_mapping.py
[2025-04-21T17:10:44.390-0400] {processor.py:830} INFO - Processing file /Users/gaurav/Documents/Breast-Cancer-ML-Pipeline/venv/lib/python3.9/site-packages/airflow/example_dags/example_dynamic_task_mapping.py for tasks to queue
[2025-04-21T17:10:44.391-0400] {logging_mixin.py:188} INFO - [2025-04-21T17:10:44.391-0400] {dagbag.py:538} INFO - Filling up the DagBag from /Users/gaurav/Documents/Breast-Cancer-ML-Pipeline/venv/lib/python3.9/site-packages/airflow/example_dags/example_dynamic_task_mapping.py
[2025-04-21T17:10:44.416-0400] {processor.py:840} INFO - DAG(s) 'example_dynamic_task_mapping' retrieved from /Users/gaurav/Documents/Breast-Cancer-ML-Pipeline/venv/lib/python3.9/site-packages/airflow/example_dags/example_dynamic_task_mapping.py
[2025-04-21T17:10:44.481-0400] {logging_mixin.py:188} INFO - [2025-04-21T17:10:44.480-0400] {dag.py:3036} INFO - Sync 1 DAGs
[2025-04-21T17:10:44.492-0400] {logging_mixin.py:188} INFO - [2025-04-21T17:10:44.492-0400] {dag.py:3823} INFO - Setting next_dagrun for example_dynamic_task_mapping to 2022-03-04 00:00:00+00:00, run_after=2022-03-05 00:00:00+00:00
[2025-04-21T17:10:44.505-0400] {processor.py:183} INFO - Processing /Users/gaurav/Documents/Breast-Cancer-ML-Pipeline/venv/lib/python3.9/site-packages/airflow/example_dags/example_dynamic_task_mapping.py took 0.118 seconds
[2025-04-21T17:11:57.882-0400] {processor.py:161} INFO - Started process (PID=85802) to work on /Users/gaurav/Documents/Breast-Cancer-ML-Pipeline/venv/lib/python3.9/site-packages/airflow/example_dags/example_dynamic_task_mapping.py
[2025-04-21T17:11:57.884-0400] {processor.py:830} INFO - Processing file /Users/gaurav/Documents/Breast-Cancer-ML-Pipeline/venv/lib/python3.9/site-packages/airflow/example_dags/example_dynamic_task_mapping.py for tasks to queue
[2025-04-21T17:11:57.885-0400] {logging_mixin.py:188} INFO - [2025-04-21T17:11:57.885-0400] {dagbag.py:538} INFO - Filling up the DagBag from /Users/gaurav/Documents/Breast-Cancer-ML-Pipeline/venv/lib/python3.9/site-packages/airflow/example_dags/example_dynamic_task_mapping.py
[2025-04-21T17:11:57.911-0400] {processor.py:840} INFO - DAG(s) 'example_dynamic_task_mapping' retrieved from /Users/gaurav/Documents/Breast-Cancer-ML-Pipeline/venv/lib/python3.9/site-packages/airflow/example_dags/example_dynamic_task_mapping.py
[2025-04-21T17:11:57.973-0400] {logging_mixin.py:188} INFO - [2025-04-21T17:11:57.973-0400] {dag.py:3036} INFO - Sync 1 DAGs
[2025-04-21T17:11:57.984-0400] {logging_mixin.py:188} INFO - [2025-04-21T17:11:57.984-0400] {dag.py:3823} INFO - Setting next_dagrun for example_dynamic_task_mapping to 2022-03-04 00:00:00+00:00, run_after=2022-03-05 00:00:00+00:00
[2025-04-21T17:11:57.997-0400] {processor.py:183} INFO - Processing /Users/gaurav/Documents/Breast-Cancer-ML-Pipeline/venv/lib/python3.9/site-packages/airflow/example_dags/example_dynamic_task_mapping.py took 0.116 seconds
[2025-04-21T17:13:11.217-0400] {processor.py:161} INFO - Started process (PID=85879) to work on /Users/gaurav/Documents/Breast-Cancer-ML-Pipeline/venv/lib/python3.9/site-packages/airflow/example_dags/example_dynamic_task_mapping.py
[2025-04-21T17:13:11.218-0400] {processor.py:830} INFO - Processing file /Users/gaurav/Documents/Breast-Cancer-ML-Pipeline/venv/lib/python3.9/site-packages/airflow/example_dags/example_dynamic_task_mapping.py for tasks to queue
[2025-04-21T17:13:11.219-0400] {logging_mixin.py:188} INFO - [2025-04-21T17:13:11.219-0400] {dagbag.py:538} INFO - Filling up the DagBag from /Users/gaurav/Documents/Breast-Cancer-ML-Pipeline/venv/lib/python3.9/site-packages/airflow/example_dags/example_dynamic_task_mapping.py
[2025-04-21T17:13:11.243-0400] {processor.py:840} INFO - DAG(s) 'example_dynamic_task_mapping' retrieved from /Users/gaurav/Documents/Breast-Cancer-ML-Pipeline/venv/lib/python3.9/site-packages/airflow/example_dags/example_dynamic_task_mapping.py
[2025-04-21T17:13:11.305-0400] {logging_mixin.py:188} INFO - [2025-04-21T17:13:11.304-0400] {dag.py:3036} INFO - Sync 1 DAGs
[2025-04-21T17:13:11.317-0400] {logging_mixin.py:188} INFO - [2025-04-21T17:13:11.316-0400] {dag.py:3823} INFO - Setting next_dagrun for example_dynamic_task_mapping to 2022-03-04 00:00:00+00:00, run_after=2022-03-05 00:00:00+00:00
[2025-04-21T17:13:11.328-0400] {processor.py:183} INFO - Processing /Users/gaurav/Documents/Breast-Cancer-ML-Pipeline/venv/lib/python3.9/site-packages/airflow/example_dags/example_dynamic_task_mapping.py took 0.112 seconds
[2025-04-21T17:14:26.309-0400] {processor.py:161} INFO - Started process (PID=85979) to work on /Users/gaurav/Documents/Breast-Cancer-ML-Pipeline/venv/lib/python3.9/site-packages/airflow/example_dags/example_dynamic_task_mapping.py
[2025-04-21T17:14:26.311-0400] {processor.py:830} INFO - Processing file /Users/gaurav/Documents/Breast-Cancer-ML-Pipeline/venv/lib/python3.9/site-packages/airflow/example_dags/example_dynamic_task_mapping.py for tasks to queue
[2025-04-21T17:14:26.312-0400] {logging_mixin.py:188} INFO - [2025-04-21T17:14:26.312-0400] {dagbag.py:538} INFO - Filling up the DagBag from /Users/gaurav/Documents/Breast-Cancer-ML-Pipeline/venv/lib/python3.9/site-packages/airflow/example_dags/example_dynamic_task_mapping.py
[2025-04-21T17:14:26.337-0400] {processor.py:840} INFO - DAG(s) 'example_dynamic_task_mapping' retrieved from /Users/gaurav/Documents/Breast-Cancer-ML-Pipeline/venv/lib/python3.9/site-packages/airflow/example_dags/example_dynamic_task_mapping.py
[2025-04-21T17:14:26.400-0400] {logging_mixin.py:188} INFO - [2025-04-21T17:14:26.399-0400] {dag.py:3036} INFO - Sync 1 DAGs
[2025-04-21T17:14:26.411-0400] {logging_mixin.py:188} INFO - [2025-04-21T17:14:26.411-0400] {dag.py:3823} INFO - Setting next_dagrun for example_dynamic_task_mapping to 2022-03-04 00:00:00+00:00, run_after=2022-03-05 00:00:00+00:00
[2025-04-21T17:14:26.424-0400] {processor.py:183} INFO - Processing /Users/gaurav/Documents/Breast-Cancer-ML-Pipeline/venv/lib/python3.9/site-packages/airflow/example_dags/example_dynamic_task_mapping.py took 0.116 seconds
[2025-04-21T17:15:38.193-0400] {processor.py:161} INFO - Started process (PID=86066) to work on /Users/gaurav/Documents/Breast-Cancer-ML-Pipeline/venv/lib/python3.9/site-packages/airflow/example_dags/example_dynamic_task_mapping.py
[2025-04-21T17:15:38.195-0400] {processor.py:830} INFO - Processing file /Users/gaurav/Documents/Breast-Cancer-ML-Pipeline/venv/lib/python3.9/site-packages/airflow/example_dags/example_dynamic_task_mapping.py for tasks to queue
[2025-04-21T17:15:38.195-0400] {logging_mixin.py:188} INFO - [2025-04-21T17:15:38.195-0400] {dagbag.py:538} INFO - Filling up the DagBag from /Users/gaurav/Documents/Breast-Cancer-ML-Pipeline/venv/lib/python3.9/site-packages/airflow/example_dags/example_dynamic_task_mapping.py
[2025-04-21T17:15:38.221-0400] {processor.py:840} INFO - DAG(s) 'example_dynamic_task_mapping' retrieved from /Users/gaurav/Documents/Breast-Cancer-ML-Pipeline/venv/lib/python3.9/site-packages/airflow/example_dags/example_dynamic_task_mapping.py
[2025-04-21T17:15:38.285-0400] {logging_mixin.py:188} INFO - [2025-04-21T17:15:38.284-0400] {dag.py:3036} INFO - Sync 1 DAGs
[2025-04-21T17:15:38.297-0400] {logging_mixin.py:188} INFO - [2025-04-21T17:15:38.297-0400] {dag.py:3823} INFO - Setting next_dagrun for example_dynamic_task_mapping to 2022-03-04 00:00:00+00:00, run_after=2022-03-05 00:00:00+00:00
[2025-04-21T17:15:38.311-0400] {processor.py:183} INFO - Processing /Users/gaurav/Documents/Breast-Cancer-ML-Pipeline/venv/lib/python3.9/site-packages/airflow/example_dags/example_dynamic_task_mapping.py took 0.119 seconds
[2025-04-21T17:16:51.669-0400] {processor.py:161} INFO - Started process (PID=86156) to work on /Users/gaurav/Documents/Breast-Cancer-ML-Pipeline/venv/lib/python3.9/site-packages/airflow/example_dags/example_dynamic_task_mapping.py
[2025-04-21T17:16:51.671-0400] {processor.py:830} INFO - Processing file /Users/gaurav/Documents/Breast-Cancer-ML-Pipeline/venv/lib/python3.9/site-packages/airflow/example_dags/example_dynamic_task_mapping.py for tasks to queue
[2025-04-21T17:16:51.671-0400] {logging_mixin.py:188} INFO - [2025-04-21T17:16:51.671-0400] {dagbag.py:538} INFO - Filling up the DagBag from /Users/gaurav/Documents/Breast-Cancer-ML-Pipeline/venv/lib/python3.9/site-packages/airflow/example_dags/example_dynamic_task_mapping.py
[2025-04-21T17:16:51.697-0400] {processor.py:840} INFO - DAG(s) 'example_dynamic_task_mapping' retrieved from /Users/gaurav/Documents/Breast-Cancer-ML-Pipeline/venv/lib/python3.9/site-packages/airflow/example_dags/example_dynamic_task_mapping.py
[2025-04-21T17:16:51.760-0400] {logging_mixin.py:188} INFO - [2025-04-21T17:16:51.760-0400] {dag.py:3036} INFO - Sync 1 DAGs
[2025-04-21T17:16:51.772-0400] {logging_mixin.py:188} INFO - [2025-04-21T17:16:51.771-0400] {dag.py:3823} INFO - Setting next_dagrun for example_dynamic_task_mapping to 2022-03-04 00:00:00+00:00, run_after=2022-03-05 00:00:00+00:00
[2025-04-21T17:16:51.785-0400] {processor.py:183} INFO - Processing /Users/gaurav/Documents/Breast-Cancer-ML-Pipeline/venv/lib/python3.9/site-packages/airflow/example_dags/example_dynamic_task_mapping.py took 0.117 seconds
[2025-04-21T17:18:06.213-0400] {processor.py:161} INFO - Started process (PID=86252) to work on /Users/gaurav/Documents/Breast-Cancer-ML-Pipeline/venv/lib/python3.9/site-packages/airflow/example_dags/example_dynamic_task_mapping.py
[2025-04-21T17:18:06.215-0400] {processor.py:830} INFO - Processing file /Users/gaurav/Documents/Breast-Cancer-ML-Pipeline/venv/lib/python3.9/site-packages/airflow/example_dags/example_dynamic_task_mapping.py for tasks to queue
[2025-04-21T17:18:06.215-0400] {logging_mixin.py:188} INFO - [2025-04-21T17:18:06.215-0400] {dagbag.py:538} INFO - Filling up the DagBag from /Users/gaurav/Documents/Breast-Cancer-ML-Pipeline/venv/lib/python3.9/site-packages/airflow/example_dags/example_dynamic_task_mapping.py
[2025-04-21T17:18:06.243-0400] {processor.py:840} INFO - DAG(s) 'example_dynamic_task_mapping' retrieved from /Users/gaurav/Documents/Breast-Cancer-ML-Pipeline/venv/lib/python3.9/site-packages/airflow/example_dags/example_dynamic_task_mapping.py
[2025-04-21T17:18:06.306-0400] {logging_mixin.py:188} INFO - [2025-04-21T17:18:06.306-0400] {dag.py:3036} INFO - Sync 1 DAGs
[2025-04-21T17:18:06.318-0400] {logging_mixin.py:188} INFO - [2025-04-21T17:18:06.317-0400] {dag.py:3823} INFO - Setting next_dagrun for example_dynamic_task_mapping to 2022-03-04 00:00:00+00:00, run_after=2022-03-05 00:00:00+00:00
[2025-04-21T17:18:06.330-0400] {processor.py:183} INFO - Processing /Users/gaurav/Documents/Breast-Cancer-ML-Pipeline/venv/lib/python3.9/site-packages/airflow/example_dags/example_dynamic_task_mapping.py took 0.117 seconds
[2025-04-21T17:19:22.937-0400] {processor.py:161} INFO - Started process (PID=86353) to work on /Users/gaurav/Documents/Breast-Cancer-ML-Pipeline/venv/lib/python3.9/site-packages/airflow/example_dags/example_dynamic_task_mapping.py
[2025-04-21T17:19:22.939-0400] {processor.py:830} INFO - Processing file /Users/gaurav/Documents/Breast-Cancer-ML-Pipeline/venv/lib/python3.9/site-packages/airflow/example_dags/example_dynamic_task_mapping.py for tasks to queue
[2025-04-21T17:19:22.940-0400] {logging_mixin.py:188} INFO - [2025-04-21T17:19:22.939-0400] {dagbag.py:538} INFO - Filling up the DagBag from /Users/gaurav/Documents/Breast-Cancer-ML-Pipeline/venv/lib/python3.9/site-packages/airflow/example_dags/example_dynamic_task_mapping.py
[2025-04-21T17:19:22.969-0400] {processor.py:840} INFO - DAG(s) 'example_dynamic_task_mapping' retrieved from /Users/gaurav/Documents/Breast-Cancer-ML-Pipeline/venv/lib/python3.9/site-packages/airflow/example_dags/example_dynamic_task_mapping.py
[2025-04-21T17:19:23.032-0400] {logging_mixin.py:188} INFO - [2025-04-21T17:19:23.032-0400] {dag.py:3036} INFO - Sync 1 DAGs
[2025-04-21T17:19:23.043-0400] {logging_mixin.py:188} INFO - [2025-04-21T17:19:23.043-0400] {dag.py:3823} INFO - Setting next_dagrun for example_dynamic_task_mapping to 2022-03-04 00:00:00+00:00, run_after=2022-03-05 00:00:00+00:00
[2025-04-21T17:19:23.056-0400] {processor.py:183} INFO - Processing /Users/gaurav/Documents/Breast-Cancer-ML-Pipeline/venv/lib/python3.9/site-packages/airflow/example_dags/example_dynamic_task_mapping.py took 0.119 seconds
[2025-04-21T17:22:26.721-0400] {processor.py:161} INFO - Started process (PID=86543) to work on /Users/gaurav/Documents/Breast-Cancer-ML-Pipeline/venv/lib/python3.9/site-packages/airflow/example_dags/example_dynamic_task_mapping.py
[2025-04-21T17:22:26.723-0400] {processor.py:830} INFO - Processing file /Users/gaurav/Documents/Breast-Cancer-ML-Pipeline/venv/lib/python3.9/site-packages/airflow/example_dags/example_dynamic_task_mapping.py for tasks to queue
[2025-04-21T17:22:26.724-0400] {logging_mixin.py:188} INFO - [2025-04-21T17:22:26.724-0400] {dagbag.py:538} INFO - Filling up the DagBag from /Users/gaurav/Documents/Breast-Cancer-ML-Pipeline/venv/lib/python3.9/site-packages/airflow/example_dags/example_dynamic_task_mapping.py
[2025-04-21T17:22:26.750-0400] {processor.py:840} INFO - DAG(s) 'example_dynamic_task_mapping' retrieved from /Users/gaurav/Documents/Breast-Cancer-ML-Pipeline/venv/lib/python3.9/site-packages/airflow/example_dags/example_dynamic_task_mapping.py
[2025-04-21T17:22:26.864-0400] {logging_mixin.py:188} INFO - [2025-04-21T17:22:26.864-0400] {dag.py:3036} INFO - Sync 1 DAGs
[2025-04-21T17:22:26.875-0400] {logging_mixin.py:188} INFO - [2025-04-21T17:22:26.875-0400] {dag.py:3823} INFO - Setting next_dagrun for example_dynamic_task_mapping to 2022-03-04 00:00:00+00:00, run_after=2022-03-05 00:00:00+00:00
[2025-04-21T17:22:26.887-0400] {processor.py:183} INFO - Processing /Users/gaurav/Documents/Breast-Cancer-ML-Pipeline/venv/lib/python3.9/site-packages/airflow/example_dags/example_dynamic_task_mapping.py took 0.166 seconds
[2025-04-21T17:23:58.417-0400] {processor.py:161} INFO - Started process (PID=86653) to work on /Users/gaurav/Documents/Breast-Cancer-ML-Pipeline/venv/lib/python3.9/site-packages/airflow/example_dags/example_dynamic_task_mapping.py
[2025-04-21T17:23:58.419-0400] {processor.py:830} INFO - Processing file /Users/gaurav/Documents/Breast-Cancer-ML-Pipeline/venv/lib/python3.9/site-packages/airflow/example_dags/example_dynamic_task_mapping.py for tasks to queue
[2025-04-21T17:23:58.420-0400] {logging_mixin.py:188} INFO - [2025-04-21T17:23:58.420-0400] {dagbag.py:538} INFO - Filling up the DagBag from /Users/gaurav/Documents/Breast-Cancer-ML-Pipeline/venv/lib/python3.9/site-packages/airflow/example_dags/example_dynamic_task_mapping.py
[2025-04-21T17:23:58.448-0400] {processor.py:840} INFO - DAG(s) 'example_dynamic_task_mapping' retrieved from /Users/gaurav/Documents/Breast-Cancer-ML-Pipeline/venv/lib/python3.9/site-packages/airflow/example_dags/example_dynamic_task_mapping.py
[2025-04-21T17:23:58.514-0400] {logging_mixin.py:188} INFO - [2025-04-21T17:23:58.514-0400] {dag.py:3036} INFO - Sync 1 DAGs
[2025-04-21T17:23:58.526-0400] {logging_mixin.py:188} INFO - [2025-04-21T17:23:58.526-0400] {dag.py:3823} INFO - Setting next_dagrun for example_dynamic_task_mapping to 2022-03-04 00:00:00+00:00, run_after=2022-03-05 00:00:00+00:00
[2025-04-21T17:23:58.540-0400] {processor.py:183} INFO - Processing /Users/gaurav/Documents/Breast-Cancer-ML-Pipeline/venv/lib/python3.9/site-packages/airflow/example_dags/example_dynamic_task_mapping.py took 0.124 seconds
[2025-04-21T17:25:15.126-0400] {processor.py:161} INFO - Started process (PID=86735) to work on /Users/gaurav/Documents/Breast-Cancer-ML-Pipeline/venv/lib/python3.9/site-packages/airflow/example_dags/example_dynamic_task_mapping.py
[2025-04-21T17:25:15.128-0400] {processor.py:830} INFO - Processing file /Users/gaurav/Documents/Breast-Cancer-ML-Pipeline/venv/lib/python3.9/site-packages/airflow/example_dags/example_dynamic_task_mapping.py for tasks to queue
[2025-04-21T17:25:15.128-0400] {logging_mixin.py:188} INFO - [2025-04-21T17:25:15.128-0400] {dagbag.py:538} INFO - Filling up the DagBag from /Users/gaurav/Documents/Breast-Cancer-ML-Pipeline/venv/lib/python3.9/site-packages/airflow/example_dags/example_dynamic_task_mapping.py
[2025-04-21T17:25:15.153-0400] {processor.py:840} INFO - DAG(s) 'example_dynamic_task_mapping' retrieved from /Users/gaurav/Documents/Breast-Cancer-ML-Pipeline/venv/lib/python3.9/site-packages/airflow/example_dags/example_dynamic_task_mapping.py
[2025-04-21T17:25:15.217-0400] {logging_mixin.py:188} INFO - [2025-04-21T17:25:15.216-0400] {dag.py:3036} INFO - Sync 1 DAGs
[2025-04-21T17:25:15.228-0400] {logging_mixin.py:188} INFO - [2025-04-21T17:25:15.228-0400] {dag.py:3823} INFO - Setting next_dagrun for example_dynamic_task_mapping to 2022-03-04 00:00:00+00:00, run_after=2022-03-05 00:00:00+00:00
[2025-04-21T17:25:15.241-0400] {processor.py:183} INFO - Processing /Users/gaurav/Documents/Breast-Cancer-ML-Pipeline/venv/lib/python3.9/site-packages/airflow/example_dags/example_dynamic_task_mapping.py took 0.116 seconds
[2025-04-21T17:26:31.031-0400] {processor.py:161} INFO - Started process (PID=86848) to work on /Users/gaurav/Documents/Breast-Cancer-ML-Pipeline/venv/lib/python3.9/site-packages/airflow/example_dags/example_dynamic_task_mapping.py
[2025-04-21T17:26:31.032-0400] {processor.py:830} INFO - Processing file /Users/gaurav/Documents/Breast-Cancer-ML-Pipeline/venv/lib/python3.9/site-packages/airflow/example_dags/example_dynamic_task_mapping.py for tasks to queue
[2025-04-21T17:26:31.033-0400] {logging_mixin.py:188} INFO - [2025-04-21T17:26:31.033-0400] {dagbag.py:538} INFO - Filling up the DagBag from /Users/gaurav/Documents/Breast-Cancer-ML-Pipeline/venv/lib/python3.9/site-packages/airflow/example_dags/example_dynamic_task_mapping.py
[2025-04-21T17:26:31.059-0400] {processor.py:840} INFO - DAG(s) 'example_dynamic_task_mapping' retrieved from /Users/gaurav/Documents/Breast-Cancer-ML-Pipeline/venv/lib/python3.9/site-packages/airflow/example_dags/example_dynamic_task_mapping.py
[2025-04-21T17:26:31.122-0400] {logging_mixin.py:188} INFO - [2025-04-21T17:26:31.121-0400] {dag.py:3036} INFO - Sync 1 DAGs
[2025-04-21T17:26:31.134-0400] {logging_mixin.py:188} INFO - [2025-04-21T17:26:31.134-0400] {dag.py:3823} INFO - Setting next_dagrun for example_dynamic_task_mapping to 2022-03-04 00:00:00+00:00, run_after=2022-03-05 00:00:00+00:00
[2025-04-21T17:26:31.146-0400] {processor.py:183} INFO - Processing /Users/gaurav/Documents/Breast-Cancer-ML-Pipeline/venv/lib/python3.9/site-packages/airflow/example_dags/example_dynamic_task_mapping.py took 0.116 seconds
[2025-04-21T17:28:42.972-0400] {processor.py:161} INFO - Started process (PID=87058) to work on /Users/gaurav/Documents/Breast-Cancer-ML-Pipeline/venv/lib/python3.9/site-packages/airflow/example_dags/example_dynamic_task_mapping.py
[2025-04-21T17:28:42.974-0400] {processor.py:830} INFO - Processing file /Users/gaurav/Documents/Breast-Cancer-ML-Pipeline/venv/lib/python3.9/site-packages/airflow/example_dags/example_dynamic_task_mapping.py for tasks to queue
[2025-04-21T17:28:42.974-0400] {logging_mixin.py:188} INFO - [2025-04-21T17:28:42.974-0400] {dagbag.py:538} INFO - Filling up the DagBag from /Users/gaurav/Documents/Breast-Cancer-ML-Pipeline/venv/lib/python3.9/site-packages/airflow/example_dags/example_dynamic_task_mapping.py
[2025-04-21T17:28:43.001-0400] {processor.py:840} INFO - DAG(s) 'example_dynamic_task_mapping' retrieved from /Users/gaurav/Documents/Breast-Cancer-ML-Pipeline/venv/lib/python3.9/site-packages/airflow/example_dags/example_dynamic_task_mapping.py
[2025-04-21T17:28:43.080-0400] {logging_mixin.py:188} INFO - [2025-04-21T17:28:43.079-0400] {dag.py:3036} INFO - Sync 1 DAGs
[2025-04-21T17:28:43.092-0400] {logging_mixin.py:188} INFO - [2025-04-21T17:28:43.091-0400] {dag.py:3823} INFO - Setting next_dagrun for example_dynamic_task_mapping to 2022-03-04 00:00:00+00:00, run_after=2022-03-05 00:00:00+00:00
[2025-04-21T17:28:43.105-0400] {processor.py:183} INFO - Processing /Users/gaurav/Documents/Breast-Cancer-ML-Pipeline/venv/lib/python3.9/site-packages/airflow/example_dags/example_dynamic_task_mapping.py took 0.133 seconds
[2025-04-21T17:30:12.728-0400] {processor.py:161} INFO - Started process (PID=87164) to work on /Users/gaurav/Documents/Breast-Cancer-ML-Pipeline/venv/lib/python3.9/site-packages/airflow/example_dags/example_dynamic_task_mapping.py
[2025-04-21T17:30:12.729-0400] {processor.py:830} INFO - Processing file /Users/gaurav/Documents/Breast-Cancer-ML-Pipeline/venv/lib/python3.9/site-packages/airflow/example_dags/example_dynamic_task_mapping.py for tasks to queue
[2025-04-21T17:30:12.729-0400] {logging_mixin.py:188} INFO - [2025-04-21T17:30:12.729-0400] {dagbag.py:538} INFO - Filling up the DagBag from /Users/gaurav/Documents/Breast-Cancer-ML-Pipeline/venv/lib/python3.9/site-packages/airflow/example_dags/example_dynamic_task_mapping.py
[2025-04-21T17:30:12.763-0400] {processor.py:840} INFO - DAG(s) 'example_dynamic_task_mapping' retrieved from /Users/gaurav/Documents/Breast-Cancer-ML-Pipeline/venv/lib/python3.9/site-packages/airflow/example_dags/example_dynamic_task_mapping.py
[2025-04-21T17:30:12.861-0400] {logging_mixin.py:188} INFO - [2025-04-21T17:30:12.861-0400] {dag.py:3036} INFO - Sync 1 DAGs
[2025-04-21T17:30:12.889-0400] {logging_mixin.py:188} INFO - [2025-04-21T17:30:12.889-0400] {dag.py:3823} INFO - Setting next_dagrun for example_dynamic_task_mapping to 2022-03-04 00:00:00+00:00, run_after=2022-03-05 00:00:00+00:00
[2025-04-21T17:30:12.919-0400] {processor.py:183} INFO - Processing /Users/gaurav/Documents/Breast-Cancer-ML-Pipeline/venv/lib/python3.9/site-packages/airflow/example_dags/example_dynamic_task_mapping.py took 0.193 seconds
[2025-04-21T17:31:28.806-0400] {processor.py:161} INFO - Started process (PID=87248) to work on /Users/gaurav/Documents/Breast-Cancer-ML-Pipeline/venv/lib/python3.9/site-packages/airflow/example_dags/example_dynamic_task_mapping.py
[2025-04-21T17:31:28.807-0400] {processor.py:830} INFO - Processing file /Users/gaurav/Documents/Breast-Cancer-ML-Pipeline/venv/lib/python3.9/site-packages/airflow/example_dags/example_dynamic_task_mapping.py for tasks to queue
[2025-04-21T17:31:28.808-0400] {logging_mixin.py:188} INFO - [2025-04-21T17:31:28.808-0400] {dagbag.py:538} INFO - Filling up the DagBag from /Users/gaurav/Documents/Breast-Cancer-ML-Pipeline/venv/lib/python3.9/site-packages/airflow/example_dags/example_dynamic_task_mapping.py
[2025-04-21T17:31:28.833-0400] {processor.py:840} INFO - DAG(s) 'example_dynamic_task_mapping' retrieved from /Users/gaurav/Documents/Breast-Cancer-ML-Pipeline/venv/lib/python3.9/site-packages/airflow/example_dags/example_dynamic_task_mapping.py
[2025-04-21T17:31:28.895-0400] {logging_mixin.py:188} INFO - [2025-04-21T17:31:28.894-0400] {dag.py:3036} INFO - Sync 1 DAGs
[2025-04-21T17:31:28.906-0400] {logging_mixin.py:188} INFO - [2025-04-21T17:31:28.905-0400] {dag.py:3823} INFO - Setting next_dagrun for example_dynamic_task_mapping to 2022-03-04 00:00:00+00:00, run_after=2022-03-05 00:00:00+00:00
[2025-04-21T17:31:28.918-0400] {processor.py:183} INFO - Processing /Users/gaurav/Documents/Breast-Cancer-ML-Pipeline/venv/lib/python3.9/site-packages/airflow/example_dags/example_dynamic_task_mapping.py took 0.113 seconds
[2025-04-21T17:37:40.972-0400] {processor.py:161} INFO - Started process (PID=87797) to work on /Users/gaurav/Documents/Breast-Cancer-ML-Pipeline/venv/lib/python3.9/site-packages/airflow/example_dags/example_dynamic_task_mapping.py
[2025-04-21T17:37:40.973-0400] {processor.py:830} INFO - Processing file /Users/gaurav/Documents/Breast-Cancer-ML-Pipeline/venv/lib/python3.9/site-packages/airflow/example_dags/example_dynamic_task_mapping.py for tasks to queue
[2025-04-21T17:37:40.974-0400] {logging_mixin.py:188} INFO - [2025-04-21T17:37:40.974-0400] {dagbag.py:538} INFO - Filling up the DagBag from /Users/gaurav/Documents/Breast-Cancer-ML-Pipeline/venv/lib/python3.9/site-packages/airflow/example_dags/example_dynamic_task_mapping.py
[2025-04-21T17:37:41.002-0400] {processor.py:840} INFO - DAG(s) 'example_dynamic_task_mapping' retrieved from /Users/gaurav/Documents/Breast-Cancer-ML-Pipeline/venv/lib/python3.9/site-packages/airflow/example_dags/example_dynamic_task_mapping.py
[2025-04-21T17:37:41.127-0400] {logging_mixin.py:188} INFO - [2025-04-21T17:37:41.127-0400] {dag.py:3036} INFO - Sync 1 DAGs
[2025-04-21T17:37:41.139-0400] {logging_mixin.py:188} INFO - [2025-04-21T17:37:41.139-0400] {dag.py:3823} INFO - Setting next_dagrun for example_dynamic_task_mapping to 2022-03-04 00:00:00+00:00, run_after=2022-03-05 00:00:00+00:00
[2025-04-21T17:37:41.156-0400] {processor.py:183} INFO - Processing /Users/gaurav/Documents/Breast-Cancer-ML-Pipeline/venv/lib/python3.9/site-packages/airflow/example_dags/example_dynamic_task_mapping.py took 0.185 seconds
[2025-04-21T17:40:15.101-0400] {processor.py:161} INFO - Started process (PID=88000) to work on /Users/gaurav/Documents/Breast-Cancer-ML-Pipeline/venv/lib/python3.9/site-packages/airflow/example_dags/example_dynamic_task_mapping.py
[2025-04-21T17:40:15.102-0400] {processor.py:830} INFO - Processing file /Users/gaurav/Documents/Breast-Cancer-ML-Pipeline/venv/lib/python3.9/site-packages/airflow/example_dags/example_dynamic_task_mapping.py for tasks to queue
[2025-04-21T17:40:15.103-0400] {logging_mixin.py:188} INFO - [2025-04-21T17:40:15.102-0400] {dagbag.py:538} INFO - Filling up the DagBag from /Users/gaurav/Documents/Breast-Cancer-ML-Pipeline/venv/lib/python3.9/site-packages/airflow/example_dags/example_dynamic_task_mapping.py
[2025-04-21T17:40:15.130-0400] {processor.py:840} INFO - DAG(s) 'example_dynamic_task_mapping' retrieved from /Users/gaurav/Documents/Breast-Cancer-ML-Pipeline/venv/lib/python3.9/site-packages/airflow/example_dags/example_dynamic_task_mapping.py
[2025-04-21T17:40:15.193-0400] {logging_mixin.py:188} INFO - [2025-04-21T17:40:15.193-0400] {dag.py:3036} INFO - Sync 1 DAGs
[2025-04-21T17:40:15.205-0400] {logging_mixin.py:188} INFO - [2025-04-21T17:40:15.205-0400] {dag.py:3823} INFO - Setting next_dagrun for example_dynamic_task_mapping to 2022-03-04 00:00:00+00:00, run_after=2022-03-05 00:00:00+00:00
[2025-04-21T17:40:15.219-0400] {processor.py:183} INFO - Processing /Users/gaurav/Documents/Breast-Cancer-ML-Pipeline/venv/lib/python3.9/site-packages/airflow/example_dags/example_dynamic_task_mapping.py took 0.118 seconds
[2025-04-21T17:42:12.183-0400] {processor.py:161} INFO - Started process (PID=88149) to work on /Users/gaurav/Documents/Breast-Cancer-ML-Pipeline/venv/lib/python3.9/site-packages/airflow/example_dags/example_dynamic_task_mapping.py
[2025-04-21T17:42:12.185-0400] {processor.py:830} INFO - Processing file /Users/gaurav/Documents/Breast-Cancer-ML-Pipeline/venv/lib/python3.9/site-packages/airflow/example_dags/example_dynamic_task_mapping.py for tasks to queue
[2025-04-21T17:42:12.186-0400] {logging_mixin.py:188} INFO - [2025-04-21T17:42:12.186-0400] {dagbag.py:538} INFO - Filling up the DagBag from /Users/gaurav/Documents/Breast-Cancer-ML-Pipeline/venv/lib/python3.9/site-packages/airflow/example_dags/example_dynamic_task_mapping.py
[2025-04-21T17:42:12.211-0400] {processor.py:840} INFO - DAG(s) 'example_dynamic_task_mapping' retrieved from /Users/gaurav/Documents/Breast-Cancer-ML-Pipeline/venv/lib/python3.9/site-packages/airflow/example_dags/example_dynamic_task_mapping.py
[2025-04-21T17:42:12.272-0400] {logging_mixin.py:188} INFO - [2025-04-21T17:42:12.272-0400] {dag.py:3036} INFO - Sync 1 DAGs
[2025-04-21T17:42:12.283-0400] {logging_mixin.py:188} INFO - [2025-04-21T17:42:12.283-0400] {dag.py:3823} INFO - Setting next_dagrun for example_dynamic_task_mapping to 2022-03-04 00:00:00+00:00, run_after=2022-03-05 00:00:00+00:00
[2025-04-21T17:42:12.296-0400] {processor.py:183} INFO - Processing /Users/gaurav/Documents/Breast-Cancer-ML-Pipeline/venv/lib/python3.9/site-packages/airflow/example_dags/example_dynamic_task_mapping.py took 0.114 seconds
[2025-04-21T17:43:23.624-0400] {processor.py:161} INFO - Started process (PID=88230) to work on /Users/gaurav/Documents/Breast-Cancer-ML-Pipeline/venv/lib/python3.9/site-packages/airflow/example_dags/example_dynamic_task_mapping.py
[2025-04-21T17:43:23.626-0400] {processor.py:830} INFO - Processing file /Users/gaurav/Documents/Breast-Cancer-ML-Pipeline/venv/lib/python3.9/site-packages/airflow/example_dags/example_dynamic_task_mapping.py for tasks to queue
[2025-04-21T17:43:23.627-0400] {logging_mixin.py:188} INFO - [2025-04-21T17:43:23.627-0400] {dagbag.py:538} INFO - Filling up the DagBag from /Users/gaurav/Documents/Breast-Cancer-ML-Pipeline/venv/lib/python3.9/site-packages/airflow/example_dags/example_dynamic_task_mapping.py
[2025-04-21T17:43:23.652-0400] {processor.py:840} INFO - DAG(s) 'example_dynamic_task_mapping' retrieved from /Users/gaurav/Documents/Breast-Cancer-ML-Pipeline/venv/lib/python3.9/site-packages/airflow/example_dags/example_dynamic_task_mapping.py
[2025-04-21T17:43:23.713-0400] {logging_mixin.py:188} INFO - [2025-04-21T17:43:23.713-0400] {dag.py:3036} INFO - Sync 1 DAGs
[2025-04-21T17:43:23.724-0400] {logging_mixin.py:188} INFO - [2025-04-21T17:43:23.724-0400] {dag.py:3823} INFO - Setting next_dagrun for example_dynamic_task_mapping to 2022-03-04 00:00:00+00:00, run_after=2022-03-05 00:00:00+00:00
[2025-04-21T17:43:23.737-0400] {processor.py:183} INFO - Processing /Users/gaurav/Documents/Breast-Cancer-ML-Pipeline/venv/lib/python3.9/site-packages/airflow/example_dags/example_dynamic_task_mapping.py took 0.114 seconds
[2025-04-21T17:44:35.671-0400] {processor.py:161} INFO - Started process (PID=88319) to work on /Users/gaurav/Documents/Breast-Cancer-ML-Pipeline/venv/lib/python3.9/site-packages/airflow/example_dags/example_dynamic_task_mapping.py
[2025-04-21T17:44:35.673-0400] {processor.py:830} INFO - Processing file /Users/gaurav/Documents/Breast-Cancer-ML-Pipeline/venv/lib/python3.9/site-packages/airflow/example_dags/example_dynamic_task_mapping.py for tasks to queue
[2025-04-21T17:44:35.673-0400] {logging_mixin.py:188} INFO - [2025-04-21T17:44:35.673-0400] {dagbag.py:538} INFO - Filling up the DagBag from /Users/gaurav/Documents/Breast-Cancer-ML-Pipeline/venv/lib/python3.9/site-packages/airflow/example_dags/example_dynamic_task_mapping.py
[2025-04-21T17:44:35.700-0400] {processor.py:840} INFO - DAG(s) 'example_dynamic_task_mapping' retrieved from /Users/gaurav/Documents/Breast-Cancer-ML-Pipeline/venv/lib/python3.9/site-packages/airflow/example_dags/example_dynamic_task_mapping.py
[2025-04-21T17:44:35.763-0400] {logging_mixin.py:188} INFO - [2025-04-21T17:44:35.763-0400] {dag.py:3036} INFO - Sync 1 DAGs
[2025-04-21T17:44:35.775-0400] {logging_mixin.py:188} INFO - [2025-04-21T17:44:35.775-0400] {dag.py:3823} INFO - Setting next_dagrun for example_dynamic_task_mapping to 2022-03-04 00:00:00+00:00, run_after=2022-03-05 00:00:00+00:00
[2025-04-21T17:44:35.789-0400] {processor.py:183} INFO - Processing /Users/gaurav/Documents/Breast-Cancer-ML-Pipeline/venv/lib/python3.9/site-packages/airflow/example_dags/example_dynamic_task_mapping.py took 0.119 seconds
[2025-04-21T17:45:32.370-0400] {processor.py:161} INFO - Started process (PID=88405) to work on /Users/gaurav/Documents/Breast-Cancer-ML-Pipeline/venv/lib/python3.9/site-packages/airflow/example_dags/example_dynamic_task_mapping.py
[2025-04-21T17:45:32.372-0400] {processor.py:830} INFO - Processing file /Users/gaurav/Documents/Breast-Cancer-ML-Pipeline/venv/lib/python3.9/site-packages/airflow/example_dags/example_dynamic_task_mapping.py for tasks to queue
[2025-04-21T17:45:32.372-0400] {logging_mixin.py:188} INFO - [2025-04-21T17:45:32.372-0400] {dagbag.py:538} INFO - Filling up the DagBag from /Users/gaurav/Documents/Breast-Cancer-ML-Pipeline/venv/lib/python3.9/site-packages/airflow/example_dags/example_dynamic_task_mapping.py
[2025-04-21T17:45:32.393-0400] {processor.py:840} INFO - DAG(s) 'example_dynamic_task_mapping' retrieved from /Users/gaurav/Documents/Breast-Cancer-ML-Pipeline/venv/lib/python3.9/site-packages/airflow/example_dags/example_dynamic_task_mapping.py
[2025-04-21T17:45:32.443-0400] {logging_mixin.py:188} INFO - [2025-04-21T17:45:32.443-0400] {dag.py:3036} INFO - Sync 1 DAGs
[2025-04-21T17:45:32.453-0400] {logging_mixin.py:188} INFO - [2025-04-21T17:45:32.453-0400] {dag.py:3823} INFO - Setting next_dagrun for example_dynamic_task_mapping to 2022-03-04 00:00:00+00:00, run_after=2022-03-05 00:00:00+00:00
[2025-04-21T17:45:32.464-0400] {processor.py:183} INFO - Processing /Users/gaurav/Documents/Breast-Cancer-ML-Pipeline/venv/lib/python3.9/site-packages/airflow/example_dags/example_dynamic_task_mapping.py took 0.095 seconds
[2025-04-21T17:46:27.592-0400] {processor.py:161} INFO - Started process (PID=88538) to work on /Users/gaurav/Documents/Breast-Cancer-ML-Pipeline/venv/lib/python3.9/site-packages/airflow/example_dags/example_dynamic_task_mapping.py
[2025-04-21T17:46:27.593-0400] {processor.py:830} INFO - Processing file /Users/gaurav/Documents/Breast-Cancer-ML-Pipeline/venv/lib/python3.9/site-packages/airflow/example_dags/example_dynamic_task_mapping.py for tasks to queue
[2025-04-21T17:46:27.593-0400] {logging_mixin.py:188} INFO - [2025-04-21T17:46:27.593-0400] {dagbag.py:538} INFO - Filling up the DagBag from /Users/gaurav/Documents/Breast-Cancer-ML-Pipeline/venv/lib/python3.9/site-packages/airflow/example_dags/example_dynamic_task_mapping.py
[2025-04-21T17:46:27.615-0400] {processor.py:840} INFO - DAG(s) 'example_dynamic_task_mapping' retrieved from /Users/gaurav/Documents/Breast-Cancer-ML-Pipeline/venv/lib/python3.9/site-packages/airflow/example_dags/example_dynamic_task_mapping.py
[2025-04-21T17:46:27.668-0400] {logging_mixin.py:188} INFO - [2025-04-21T17:46:27.667-0400] {dag.py:3036} INFO - Sync 1 DAGs
[2025-04-21T17:46:27.677-0400] {logging_mixin.py:188} INFO - [2025-04-21T17:46:27.677-0400] {dag.py:3823} INFO - Setting next_dagrun for example_dynamic_task_mapping to 2022-03-04 00:00:00+00:00, run_after=2022-03-05 00:00:00+00:00
[2025-04-21T17:46:27.688-0400] {processor.py:183} INFO - Processing /Users/gaurav/Documents/Breast-Cancer-ML-Pipeline/venv/lib/python3.9/site-packages/airflow/example_dags/example_dynamic_task_mapping.py took 0.097 seconds
[2025-04-21T17:47:26.265-0400] {processor.py:161} INFO - Started process (PID=88611) to work on /Users/gaurav/Documents/Breast-Cancer-ML-Pipeline/venv/lib/python3.9/site-packages/airflow/example_dags/example_dynamic_task_mapping.py
[2025-04-21T17:47:26.267-0400] {processor.py:830} INFO - Processing file /Users/gaurav/Documents/Breast-Cancer-ML-Pipeline/venv/lib/python3.9/site-packages/airflow/example_dags/example_dynamic_task_mapping.py for tasks to queue
[2025-04-21T17:47:26.267-0400] {logging_mixin.py:188} INFO - [2025-04-21T17:47:26.267-0400] {dagbag.py:538} INFO - Filling up the DagBag from /Users/gaurav/Documents/Breast-Cancer-ML-Pipeline/venv/lib/python3.9/site-packages/airflow/example_dags/example_dynamic_task_mapping.py
[2025-04-21T17:47:26.288-0400] {processor.py:840} INFO - DAG(s) 'example_dynamic_task_mapping' retrieved from /Users/gaurav/Documents/Breast-Cancer-ML-Pipeline/venv/lib/python3.9/site-packages/airflow/example_dags/example_dynamic_task_mapping.py
[2025-04-21T17:47:26.338-0400] {logging_mixin.py:188} INFO - [2025-04-21T17:47:26.338-0400] {dag.py:3036} INFO - Sync 1 DAGs
[2025-04-21T17:47:26.347-0400] {logging_mixin.py:188} INFO - [2025-04-21T17:47:26.347-0400] {dag.py:3823} INFO - Setting next_dagrun for example_dynamic_task_mapping to 2022-03-04 00:00:00+00:00, run_after=2022-03-05 00:00:00+00:00
[2025-04-21T17:47:26.357-0400] {processor.py:183} INFO - Processing /Users/gaurav/Documents/Breast-Cancer-ML-Pipeline/venv/lib/python3.9/site-packages/airflow/example_dags/example_dynamic_task_mapping.py took 0.092 seconds
[2025-04-21T17:48:34.631-0400] {processor.py:161} INFO - Started process (PID=88698) to work on /Users/gaurav/Documents/Breast-Cancer-ML-Pipeline/venv/lib/python3.9/site-packages/airflow/example_dags/example_dynamic_task_mapping.py
[2025-04-21T17:48:34.632-0400] {processor.py:830} INFO - Processing file /Users/gaurav/Documents/Breast-Cancer-ML-Pipeline/venv/lib/python3.9/site-packages/airflow/example_dags/example_dynamic_task_mapping.py for tasks to queue
[2025-04-21T17:48:34.633-0400] {logging_mixin.py:188} INFO - [2025-04-21T17:48:34.633-0400] {dagbag.py:538} INFO - Filling up the DagBag from /Users/gaurav/Documents/Breast-Cancer-ML-Pipeline/venv/lib/python3.9/site-packages/airflow/example_dags/example_dynamic_task_mapping.py
[2025-04-21T17:48:34.653-0400] {processor.py:840} INFO - DAG(s) 'example_dynamic_task_mapping' retrieved from /Users/gaurav/Documents/Breast-Cancer-ML-Pipeline/venv/lib/python3.9/site-packages/airflow/example_dags/example_dynamic_task_mapping.py
[2025-04-21T17:48:34.700-0400] {logging_mixin.py:188} INFO - [2025-04-21T17:48:34.700-0400] {dag.py:3036} INFO - Sync 1 DAGs
[2025-04-21T17:48:34.708-0400] {logging_mixin.py:188} INFO - [2025-04-21T17:48:34.708-0400] {dag.py:3823} INFO - Setting next_dagrun for example_dynamic_task_mapping to 2022-03-04 00:00:00+00:00, run_after=2022-03-05 00:00:00+00:00
[2025-04-21T17:48:34.718-0400] {processor.py:183} INFO - Processing /Users/gaurav/Documents/Breast-Cancer-ML-Pipeline/venv/lib/python3.9/site-packages/airflow/example_dags/example_dynamic_task_mapping.py took 0.087 seconds
[2025-04-21T17:49:38.246-0400] {processor.py:161} INFO - Started process (PID=88791) to work on /Users/gaurav/Documents/Breast-Cancer-ML-Pipeline/venv/lib/python3.9/site-packages/airflow/example_dags/example_dynamic_task_mapping.py
[2025-04-21T17:49:38.248-0400] {processor.py:830} INFO - Processing file /Users/gaurav/Documents/Breast-Cancer-ML-Pipeline/venv/lib/python3.9/site-packages/airflow/example_dags/example_dynamic_task_mapping.py for tasks to queue
[2025-04-21T17:49:38.248-0400] {logging_mixin.py:188} INFO - [2025-04-21T17:49:38.248-0400] {dagbag.py:538} INFO - Filling up the DagBag from /Users/gaurav/Documents/Breast-Cancer-ML-Pipeline/venv/lib/python3.9/site-packages/airflow/example_dags/example_dynamic_task_mapping.py
[2025-04-21T17:49:38.268-0400] {processor.py:840} INFO - DAG(s) 'example_dynamic_task_mapping' retrieved from /Users/gaurav/Documents/Breast-Cancer-ML-Pipeline/venv/lib/python3.9/site-packages/airflow/example_dags/example_dynamic_task_mapping.py
[2025-04-21T17:49:38.315-0400] {logging_mixin.py:188} INFO - [2025-04-21T17:49:38.314-0400] {dag.py:3036} INFO - Sync 1 DAGs
[2025-04-21T17:49:38.323-0400] {logging_mixin.py:188} INFO - [2025-04-21T17:49:38.323-0400] {dag.py:3823} INFO - Setting next_dagrun for example_dynamic_task_mapping to 2022-03-04 00:00:00+00:00, run_after=2022-03-05 00:00:00+00:00
[2025-04-21T17:49:38.333-0400] {processor.py:183} INFO - Processing /Users/gaurav/Documents/Breast-Cancer-ML-Pipeline/venv/lib/python3.9/site-packages/airflow/example_dags/example_dynamic_task_mapping.py took 0.087 seconds
[2025-04-21T17:50:54.341-0400] {processor.py:161} INFO - Started process (PID=88899) to work on /Users/gaurav/Documents/Breast-Cancer-ML-Pipeline/venv/lib/python3.9/site-packages/airflow/example_dags/example_dynamic_task_mapping.py
[2025-04-21T17:50:54.343-0400] {processor.py:830} INFO - Processing file /Users/gaurav/Documents/Breast-Cancer-ML-Pipeline/venv/lib/python3.9/site-packages/airflow/example_dags/example_dynamic_task_mapping.py for tasks to queue
[2025-04-21T17:50:54.343-0400] {logging_mixin.py:188} INFO - [2025-04-21T17:50:54.343-0400] {dagbag.py:538} INFO - Filling up the DagBag from /Users/gaurav/Documents/Breast-Cancer-ML-Pipeline/venv/lib/python3.9/site-packages/airflow/example_dags/example_dynamic_task_mapping.py
[2025-04-21T17:50:54.364-0400] {processor.py:840} INFO - DAG(s) 'example_dynamic_task_mapping' retrieved from /Users/gaurav/Documents/Breast-Cancer-ML-Pipeline/venv/lib/python3.9/site-packages/airflow/example_dags/example_dynamic_task_mapping.py
[2025-04-21T17:50:54.411-0400] {logging_mixin.py:188} INFO - [2025-04-21T17:50:54.411-0400] {dag.py:3036} INFO - Sync 1 DAGs
[2025-04-21T17:50:54.420-0400] {logging_mixin.py:188} INFO - [2025-04-21T17:50:54.420-0400] {dag.py:3823} INFO - Setting next_dagrun for example_dynamic_task_mapping to 2022-03-04 00:00:00+00:00, run_after=2022-03-05 00:00:00+00:00
[2025-04-21T17:50:54.430-0400] {processor.py:183} INFO - Processing /Users/gaurav/Documents/Breast-Cancer-ML-Pipeline/venv/lib/python3.9/site-packages/airflow/example_dags/example_dynamic_task_mapping.py took 0.089 seconds
[2025-04-21T17:51:46.398-0400] {processor.py:161} INFO - Started process (PID=88974) to work on /Users/gaurav/Documents/Breast-Cancer-ML-Pipeline/venv/lib/python3.9/site-packages/airflow/example_dags/example_dynamic_task_mapping.py
[2025-04-21T17:51:46.400-0400] {processor.py:830} INFO - Processing file /Users/gaurav/Documents/Breast-Cancer-ML-Pipeline/venv/lib/python3.9/site-packages/airflow/example_dags/example_dynamic_task_mapping.py for tasks to queue
[2025-04-21T17:51:46.400-0400] {logging_mixin.py:188} INFO - [2025-04-21T17:51:46.400-0400] {dagbag.py:538} INFO - Filling up the DagBag from /Users/gaurav/Documents/Breast-Cancer-ML-Pipeline/venv/lib/python3.9/site-packages/airflow/example_dags/example_dynamic_task_mapping.py
[2025-04-21T17:51:46.421-0400] {processor.py:840} INFO - DAG(s) 'example_dynamic_task_mapping' retrieved from /Users/gaurav/Documents/Breast-Cancer-ML-Pipeline/venv/lib/python3.9/site-packages/airflow/example_dags/example_dynamic_task_mapping.py
[2025-04-21T17:51:46.474-0400] {logging_mixin.py:188} INFO - [2025-04-21T17:51:46.474-0400] {dag.py:3036} INFO - Sync 1 DAGs
[2025-04-21T17:51:46.483-0400] {logging_mixin.py:188} INFO - [2025-04-21T17:51:46.483-0400] {dag.py:3823} INFO - Setting next_dagrun for example_dynamic_task_mapping to 2022-03-04 00:00:00+00:00, run_after=2022-03-05 00:00:00+00:00
[2025-04-21T17:51:46.496-0400] {processor.py:183} INFO - Processing /Users/gaurav/Documents/Breast-Cancer-ML-Pipeline/venv/lib/python3.9/site-packages/airflow/example_dags/example_dynamic_task_mapping.py took 0.099 seconds
[2025-04-21T17:52:40.685-0400] {processor.py:161} INFO - Started process (PID=89042) to work on /Users/gaurav/Documents/Breast-Cancer-ML-Pipeline/venv/lib/python3.9/site-packages/airflow/example_dags/example_dynamic_task_mapping.py
[2025-04-21T17:52:40.686-0400] {processor.py:830} INFO - Processing file /Users/gaurav/Documents/Breast-Cancer-ML-Pipeline/venv/lib/python3.9/site-packages/airflow/example_dags/example_dynamic_task_mapping.py for tasks to queue
[2025-04-21T17:52:40.686-0400] {logging_mixin.py:188} INFO - [2025-04-21T17:52:40.686-0400] {dagbag.py:538} INFO - Filling up the DagBag from /Users/gaurav/Documents/Breast-Cancer-ML-Pipeline/venv/lib/python3.9/site-packages/airflow/example_dags/example_dynamic_task_mapping.py
[2025-04-21T17:52:40.710-0400] {processor.py:840} INFO - DAG(s) 'example_dynamic_task_mapping' retrieved from /Users/gaurav/Documents/Breast-Cancer-ML-Pipeline/venv/lib/python3.9/site-packages/airflow/example_dags/example_dynamic_task_mapping.py
[2025-04-21T17:52:40.761-0400] {logging_mixin.py:188} INFO - [2025-04-21T17:52:40.761-0400] {dag.py:3036} INFO - Sync 1 DAGs
[2025-04-21T17:52:40.770-0400] {logging_mixin.py:188} INFO - [2025-04-21T17:52:40.770-0400] {dag.py:3823} INFO - Setting next_dagrun for example_dynamic_task_mapping to 2022-03-04 00:00:00+00:00, run_after=2022-03-05 00:00:00+00:00
[2025-04-21T17:52:40.780-0400] {processor.py:183} INFO - Processing /Users/gaurav/Documents/Breast-Cancer-ML-Pipeline/venv/lib/python3.9/site-packages/airflow/example_dags/example_dynamic_task_mapping.py took 0.096 seconds
[2025-04-21T17:53:55.276-0400] {processor.py:161} INFO - Started process (PID=89142) to work on /Users/gaurav/Documents/Breast-Cancer-ML-Pipeline/venv/lib/python3.9/site-packages/airflow/example_dags/example_dynamic_task_mapping.py
[2025-04-21T17:53:55.278-0400] {processor.py:830} INFO - Processing file /Users/gaurav/Documents/Breast-Cancer-ML-Pipeline/venv/lib/python3.9/site-packages/airflow/example_dags/example_dynamic_task_mapping.py for tasks to queue
[2025-04-21T17:53:55.279-0400] {logging_mixin.py:188} INFO - [2025-04-21T17:53:55.278-0400] {dagbag.py:538} INFO - Filling up the DagBag from /Users/gaurav/Documents/Breast-Cancer-ML-Pipeline/venv/lib/python3.9/site-packages/airflow/example_dags/example_dynamic_task_mapping.py
[2025-04-21T17:53:55.300-0400] {processor.py:840} INFO - DAG(s) 'example_dynamic_task_mapping' retrieved from /Users/gaurav/Documents/Breast-Cancer-ML-Pipeline/venv/lib/python3.9/site-packages/airflow/example_dags/example_dynamic_task_mapping.py
[2025-04-21T17:53:55.352-0400] {logging_mixin.py:188} INFO - [2025-04-21T17:53:55.352-0400] {dag.py:3036} INFO - Sync 1 DAGs
[2025-04-21T17:53:55.362-0400] {logging_mixin.py:188} INFO - [2025-04-21T17:53:55.361-0400] {dag.py:3823} INFO - Setting next_dagrun for example_dynamic_task_mapping to 2022-03-04 00:00:00+00:00, run_after=2022-03-05 00:00:00+00:00
[2025-04-21T17:53:55.373-0400] {processor.py:183} INFO - Processing /Users/gaurav/Documents/Breast-Cancer-ML-Pipeline/venv/lib/python3.9/site-packages/airflow/example_dags/example_dynamic_task_mapping.py took 0.098 seconds
[2025-04-21T17:54:48.816-0400] {processor.py:161} INFO - Started process (PID=89223) to work on /Users/gaurav/Documents/Breast-Cancer-ML-Pipeline/venv/lib/python3.9/site-packages/airflow/example_dags/example_dynamic_task_mapping.py
[2025-04-21T17:54:48.818-0400] {processor.py:830} INFO - Processing file /Users/gaurav/Documents/Breast-Cancer-ML-Pipeline/venv/lib/python3.9/site-packages/airflow/example_dags/example_dynamic_task_mapping.py for tasks to queue
[2025-04-21T17:54:48.818-0400] {logging_mixin.py:188} INFO - [2025-04-21T17:54:48.818-0400] {dagbag.py:538} INFO - Filling up the DagBag from /Users/gaurav/Documents/Breast-Cancer-ML-Pipeline/venv/lib/python3.9/site-packages/airflow/example_dags/example_dynamic_task_mapping.py
[2025-04-21T17:54:48.841-0400] {processor.py:840} INFO - DAG(s) 'example_dynamic_task_mapping' retrieved from /Users/gaurav/Documents/Breast-Cancer-ML-Pipeline/venv/lib/python3.9/site-packages/airflow/example_dags/example_dynamic_task_mapping.py
[2025-04-21T17:54:48.894-0400] {logging_mixin.py:188} INFO - [2025-04-21T17:54:48.893-0400] {dag.py:3036} INFO - Sync 1 DAGs
[2025-04-21T17:54:48.903-0400] {logging_mixin.py:188} INFO - [2025-04-21T17:54:48.902-0400] {dag.py:3823} INFO - Setting next_dagrun for example_dynamic_task_mapping to 2022-03-04 00:00:00+00:00, run_after=2022-03-05 00:00:00+00:00
[2025-04-21T17:54:48.913-0400] {processor.py:183} INFO - Processing /Users/gaurav/Documents/Breast-Cancer-ML-Pipeline/venv/lib/python3.9/site-packages/airflow/example_dags/example_dynamic_task_mapping.py took 0.097 seconds
