[2025-04-21T16:38:41.757-0400] {processor.py:161} INFO - Started process (PID=83519) to work on /Users/gaurav/Documents/Breast-Cancer-ML-Pipeline/venv/lib/python3.9/site-packages/airflow/example_dags/example_trigger_controller_dag.py
[2025-04-21T16:38:41.759-0400] {processor.py:830} INFO - Processing file /Users/gaurav/Documents/Breast-Cancer-ML-Pipeline/venv/lib/python3.9/site-packages/airflow/example_dags/example_trigger_controller_dag.py for tasks to queue
[2025-04-21T16:38:41.759-0400] {logging_mixin.py:188} INFO - [2025-04-21T16:38:41.759-0400] {dagbag.py:538} INFO - Filling up the DagBag from /Users/gaurav/Documents/Breast-Cancer-ML-Pipeline/venv/lib/python3.9/site-packages/airflow/example_dags/example_trigger_controller_dag.py
[2025-04-21T16:38:41.767-0400] {processor.py:840} INFO - DAG(s) 'example_trigger_controller_dag' retrieved from /Users/gaurav/Documents/Breast-Cancer-ML-Pipeline/venv/lib/python3.9/site-packages/airflow/example_dags/example_trigger_controller_dag.py
[2025-04-21T16:38:41.888-0400] {logging_mixin.py:188} INFO - [2025-04-21T16:38:41.888-0400] {override.py:1769} INFO - Created Permission View: can edit on DAG:example_trigger_controller_dag
[2025-04-21T16:38:41.894-0400] {logging_mixin.py:188} INFO - [2025-04-21T16:38:41.893-0400] {override.py:1769} INFO - Created Permission View: can read on DAG:example_trigger_controller_dag
[2025-04-21T16:38:41.897-0400] {logging_mixin.py:188} INFO - [2025-04-21T16:38:41.897-0400] {override.py:1769} INFO - Created Permission View: can delete on DAG:example_trigger_controller_dag
[2025-04-21T16:38:41.897-0400] {logging_mixin.py:188} INFO - [2025-04-21T16:38:41.897-0400] {dag.py:3036} INFO - Sync 1 DAGs
[2025-04-21T16:38:41.904-0400] {logging_mixin.py:188} INFO - [2025-04-21T16:38:41.903-0400] {dag.py:3058} INFO - Creating ORM DAG for example_trigger_controller_dag
[2025-04-21T16:38:41.909-0400] {logging_mixin.py:188} INFO - [2025-04-21T16:38:41.908-0400] {dag.py:3823} INFO - Setting next_dagrun for example_trigger_controller_dag to 2021-01-01 00:00:00+00:00, run_after=2021-01-01 00:00:00+00:00
[2025-04-21T16:38:41.920-0400] {processor.py:183} INFO - Processing /Users/gaurav/Documents/Breast-Cancer-ML-Pipeline/venv/lib/python3.9/site-packages/airflow/example_dags/example_trigger_controller_dag.py took 0.164 seconds
[2025-04-21T16:40:37.794-0400] {processor.py:161} INFO - Started process (PID=83629) to work on /Users/gaurav/Documents/Breast-Cancer-ML-Pipeline/venv/lib/python3.9/site-packages/airflow/example_dags/example_trigger_controller_dag.py
[2025-04-21T16:40:37.795-0400] {processor.py:830} INFO - Processing file /Users/gaurav/Documents/Breast-Cancer-ML-Pipeline/venv/lib/python3.9/site-packages/airflow/example_dags/example_trigger_controller_dag.py for tasks to queue
[2025-04-21T16:40:37.796-0400] {logging_mixin.py:188} INFO - [2025-04-21T16:40:37.795-0400] {dagbag.py:538} INFO - Filling up the DagBag from /Users/gaurav/Documents/Breast-Cancer-ML-Pipeline/venv/lib/python3.9/site-packages/airflow/example_dags/example_trigger_controller_dag.py
[2025-04-21T16:40:37.803-0400] {processor.py:840} INFO - DAG(s) 'example_trigger_controller_dag' retrieved from /Users/gaurav/Documents/Breast-Cancer-ML-Pipeline/venv/lib/python3.9/site-packages/airflow/example_dags/example_trigger_controller_dag.py
[2025-04-21T16:40:37.868-0400] {logging_mixin.py:188} INFO - [2025-04-21T16:40:37.868-0400] {dag.py:3036} INFO - Sync 1 DAGs
[2025-04-21T16:40:37.881-0400] {logging_mixin.py:188} INFO - [2025-04-21T16:40:37.881-0400] {dag.py:3823} INFO - Setting next_dagrun for example_trigger_controller_dag to 2021-01-01 00:00:00+00:00, run_after=2021-01-01 00:00:00+00:00
[2025-04-21T16:40:37.892-0400] {processor.py:183} INFO - Processing /Users/gaurav/Documents/Breast-Cancer-ML-Pipeline/venv/lib/python3.9/site-packages/airflow/example_dags/example_trigger_controller_dag.py took 0.100 seconds
[2025-04-21T16:41:57.662-0400] {processor.py:161} INFO - Started process (PID=83692) to work on /Users/gaurav/Documents/Breast-Cancer-ML-Pipeline/venv/lib/python3.9/site-packages/airflow/example_dags/example_trigger_controller_dag.py
[2025-04-21T16:41:57.663-0400] {processor.py:830} INFO - Processing file /Users/gaurav/Documents/Breast-Cancer-ML-Pipeline/venv/lib/python3.9/site-packages/airflow/example_dags/example_trigger_controller_dag.py for tasks to queue
[2025-04-21T16:41:57.664-0400] {logging_mixin.py:188} INFO - [2025-04-21T16:41:57.663-0400] {dagbag.py:538} INFO - Filling up the DagBag from /Users/gaurav/Documents/Breast-Cancer-ML-Pipeline/venv/lib/python3.9/site-packages/airflow/example_dags/example_trigger_controller_dag.py
[2025-04-21T16:41:57.672-0400] {processor.py:840} INFO - DAG(s) 'example_trigger_controller_dag' retrieved from /Users/gaurav/Documents/Breast-Cancer-ML-Pipeline/venv/lib/python3.9/site-packages/airflow/example_dags/example_trigger_controller_dag.py
[2025-04-21T16:41:57.742-0400] {logging_mixin.py:188} INFO - [2025-04-21T16:41:57.741-0400] {dag.py:3036} INFO - Sync 1 DAGs
[2025-04-21T16:41:57.754-0400] {logging_mixin.py:188} INFO - [2025-04-21T16:41:57.754-0400] {dag.py:3823} INFO - Setting next_dagrun for example_trigger_controller_dag to 2021-01-01 00:00:00+00:00, run_after=2021-01-01 00:00:00+00:00
[2025-04-21T16:41:57.767-0400] {processor.py:183} INFO - Processing /Users/gaurav/Documents/Breast-Cancer-ML-Pipeline/venv/lib/python3.9/site-packages/airflow/example_dags/example_trigger_controller_dag.py took 0.107 seconds
[2025-04-21T16:43:18.415-0400] {processor.py:161} INFO - Started process (PID=83758) to work on /Users/gaurav/Documents/Breast-Cancer-ML-Pipeline/venv/lib/python3.9/site-packages/airflow/example_dags/example_trigger_controller_dag.py
[2025-04-21T16:43:18.417-0400] {processor.py:830} INFO - Processing file /Users/gaurav/Documents/Breast-Cancer-ML-Pipeline/venv/lib/python3.9/site-packages/airflow/example_dags/example_trigger_controller_dag.py for tasks to queue
[2025-04-21T16:43:18.418-0400] {logging_mixin.py:188} INFO - [2025-04-21T16:43:18.418-0400] {dagbag.py:538} INFO - Filling up the DagBag from /Users/gaurav/Documents/Breast-Cancer-ML-Pipeline/venv/lib/python3.9/site-packages/airflow/example_dags/example_trigger_controller_dag.py
[2025-04-21T16:43:18.425-0400] {processor.py:840} INFO - DAG(s) 'example_trigger_controller_dag' retrieved from /Users/gaurav/Documents/Breast-Cancer-ML-Pipeline/venv/lib/python3.9/site-packages/airflow/example_dags/example_trigger_controller_dag.py
[2025-04-21T16:43:18.493-0400] {logging_mixin.py:188} INFO - [2025-04-21T16:43:18.492-0400] {dag.py:3036} INFO - Sync 1 DAGs
[2025-04-21T16:43:18.506-0400] {logging_mixin.py:188} INFO - [2025-04-21T16:43:18.506-0400] {dag.py:3823} INFO - Setting next_dagrun for example_trigger_controller_dag to 2021-01-01 00:00:00+00:00, run_after=2021-01-01 00:00:00+00:00
[2025-04-21T16:43:18.520-0400] {processor.py:183} INFO - Processing /Users/gaurav/Documents/Breast-Cancer-ML-Pipeline/venv/lib/python3.9/site-packages/airflow/example_dags/example_trigger_controller_dag.py took 0.106 seconds
[2025-04-21T16:44:41.888-0400] {processor.py:161} INFO - Started process (PID=83834) to work on /Users/gaurav/Documents/Breast-Cancer-ML-Pipeline/venv/lib/python3.9/site-packages/airflow/example_dags/example_trigger_controller_dag.py
[2025-04-21T16:44:41.890-0400] {processor.py:830} INFO - Processing file /Users/gaurav/Documents/Breast-Cancer-ML-Pipeline/venv/lib/python3.9/site-packages/airflow/example_dags/example_trigger_controller_dag.py for tasks to queue
[2025-04-21T16:44:41.891-0400] {logging_mixin.py:188} INFO - [2025-04-21T16:44:41.891-0400] {dagbag.py:538} INFO - Filling up the DagBag from /Users/gaurav/Documents/Breast-Cancer-ML-Pipeline/venv/lib/python3.9/site-packages/airflow/example_dags/example_trigger_controller_dag.py
[2025-04-21T16:44:41.899-0400] {processor.py:840} INFO - DAG(s) 'example_trigger_controller_dag' retrieved from /Users/gaurav/Documents/Breast-Cancer-ML-Pipeline/venv/lib/python3.9/site-packages/airflow/example_dags/example_trigger_controller_dag.py
[2025-04-21T16:44:41.964-0400] {logging_mixin.py:188} INFO - [2025-04-21T16:44:41.964-0400] {dag.py:3036} INFO - Sync 1 DAGs
[2025-04-21T16:44:41.977-0400] {logging_mixin.py:188} INFO - [2025-04-21T16:44:41.977-0400] {dag.py:3823} INFO - Setting next_dagrun for example_trigger_controller_dag to 2021-01-01 00:00:00+00:00, run_after=2021-01-01 00:00:00+00:00
[2025-04-21T16:44:41.990-0400] {processor.py:183} INFO - Processing /Users/gaurav/Documents/Breast-Cancer-ML-Pipeline/venv/lib/python3.9/site-packages/airflow/example_dags/example_trigger_controller_dag.py took 0.102 seconds
[2025-04-21T16:46:44.243-0400] {processor.py:161} INFO - Started process (PID=83999) to work on /Users/gaurav/Documents/Breast-Cancer-ML-Pipeline/venv/lib/python3.9/site-packages/airflow/example_dags/example_trigger_controller_dag.py
[2025-04-21T16:46:44.245-0400] {processor.py:830} INFO - Processing file /Users/gaurav/Documents/Breast-Cancer-ML-Pipeline/venv/lib/python3.9/site-packages/airflow/example_dags/example_trigger_controller_dag.py for tasks to queue
[2025-04-21T16:46:44.245-0400] {logging_mixin.py:188} INFO - [2025-04-21T16:46:44.245-0400] {dagbag.py:538} INFO - Filling up the DagBag from /Users/gaurav/Documents/Breast-Cancer-ML-Pipeline/venv/lib/python3.9/site-packages/airflow/example_dags/example_trigger_controller_dag.py
[2025-04-21T16:46:44.252-0400] {processor.py:840} INFO - DAG(s) 'example_trigger_controller_dag' retrieved from /Users/gaurav/Documents/Breast-Cancer-ML-Pipeline/venv/lib/python3.9/site-packages/airflow/example_dags/example_trigger_controller_dag.py
[2025-04-21T16:46:44.315-0400] {logging_mixin.py:188} INFO - [2025-04-21T16:46:44.315-0400] {dag.py:3036} INFO - Sync 1 DAGs
[2025-04-21T16:46:44.327-0400] {logging_mixin.py:188} INFO - [2025-04-21T16:46:44.327-0400] {dag.py:3823} INFO - Setting next_dagrun for example_trigger_controller_dag to 2021-01-01 00:00:00+00:00, run_after=2021-01-01 00:00:00+00:00
[2025-04-21T16:46:44.340-0400] {processor.py:183} INFO - Processing /Users/gaurav/Documents/Breast-Cancer-ML-Pipeline/venv/lib/python3.9/site-packages/airflow/example_dags/example_trigger_controller_dag.py took 0.098 seconds
[2025-04-21T16:47:46.516-0400] {processor.py:161} INFO - Started process (PID=84065) to work on /Users/gaurav/Documents/Breast-Cancer-ML-Pipeline/venv/lib/python3.9/site-packages/airflow/example_dags/example_trigger_controller_dag.py
[2025-04-21T16:47:46.517-0400] {processor.py:830} INFO - Processing file /Users/gaurav/Documents/Breast-Cancer-ML-Pipeline/venv/lib/python3.9/site-packages/airflow/example_dags/example_trigger_controller_dag.py for tasks to queue
[2025-04-21T16:47:46.518-0400] {logging_mixin.py:188} INFO - [2025-04-21T16:47:46.518-0400] {dagbag.py:538} INFO - Filling up the DagBag from /Users/gaurav/Documents/Breast-Cancer-ML-Pipeline/venv/lib/python3.9/site-packages/airflow/example_dags/example_trigger_controller_dag.py
[2025-04-21T16:47:46.525-0400] {processor.py:840} INFO - DAG(s) 'example_trigger_controller_dag' retrieved from /Users/gaurav/Documents/Breast-Cancer-ML-Pipeline/venv/lib/python3.9/site-packages/airflow/example_dags/example_trigger_controller_dag.py
[2025-04-21T16:47:46.586-0400] {logging_mixin.py:188} INFO - [2025-04-21T16:47:46.585-0400] {dag.py:3036} INFO - Sync 1 DAGs
[2025-04-21T16:47:46.597-0400] {logging_mixin.py:188} INFO - [2025-04-21T16:47:46.597-0400] {dag.py:3823} INFO - Setting next_dagrun for example_trigger_controller_dag to 2021-01-01 00:00:00+00:00, run_after=2021-01-01 00:00:00+00:00
[2025-04-21T16:47:46.609-0400] {processor.py:183} INFO - Processing /Users/gaurav/Documents/Breast-Cancer-ML-Pipeline/venv/lib/python3.9/site-packages/airflow/example_dags/example_trigger_controller_dag.py took 0.094 seconds
[2025-04-21T16:48:58.282-0400] {processor.py:161} INFO - Started process (PID=84144) to work on /Users/gaurav/Documents/Breast-Cancer-ML-Pipeline/venv/lib/python3.9/site-packages/airflow/example_dags/example_trigger_controller_dag.py
[2025-04-21T16:48:58.284-0400] {processor.py:830} INFO - Processing file /Users/gaurav/Documents/Breast-Cancer-ML-Pipeline/venv/lib/python3.9/site-packages/airflow/example_dags/example_trigger_controller_dag.py for tasks to queue
[2025-04-21T16:48:58.284-0400] {logging_mixin.py:188} INFO - [2025-04-21T16:48:58.284-0400] {dagbag.py:538} INFO - Filling up the DagBag from /Users/gaurav/Documents/Breast-Cancer-ML-Pipeline/venv/lib/python3.9/site-packages/airflow/example_dags/example_trigger_controller_dag.py
[2025-04-21T16:48:58.292-0400] {processor.py:840} INFO - DAG(s) 'example_trigger_controller_dag' retrieved from /Users/gaurav/Documents/Breast-Cancer-ML-Pipeline/venv/lib/python3.9/site-packages/airflow/example_dags/example_trigger_controller_dag.py
[2025-04-21T16:48:58.352-0400] {logging_mixin.py:188} INFO - [2025-04-21T16:48:58.352-0400] {dag.py:3036} INFO - Sync 1 DAGs
[2025-04-21T16:48:58.363-0400] {logging_mixin.py:188} INFO - [2025-04-21T16:48:58.363-0400] {dag.py:3823} INFO - Setting next_dagrun for example_trigger_controller_dag to 2021-01-01 00:00:00+00:00, run_after=2021-01-01 00:00:00+00:00
[2025-04-21T16:48:58.375-0400] {processor.py:183} INFO - Processing /Users/gaurav/Documents/Breast-Cancer-ML-Pipeline/venv/lib/python3.9/site-packages/airflow/example_dags/example_trigger_controller_dag.py took 0.094 seconds
[2025-04-21T16:50:10.254-0400] {processor.py:161} INFO - Started process (PID=84229) to work on /Users/gaurav/Documents/Breast-Cancer-ML-Pipeline/venv/lib/python3.9/site-packages/airflow/example_dags/example_trigger_controller_dag.py
[2025-04-21T16:50:10.257-0400] {processor.py:830} INFO - Processing file /Users/gaurav/Documents/Breast-Cancer-ML-Pipeline/venv/lib/python3.9/site-packages/airflow/example_dags/example_trigger_controller_dag.py for tasks to queue
[2025-04-21T16:50:10.257-0400] {logging_mixin.py:188} INFO - [2025-04-21T16:50:10.257-0400] {dagbag.py:538} INFO - Filling up the DagBag from /Users/gaurav/Documents/Breast-Cancer-ML-Pipeline/venv/lib/python3.9/site-packages/airflow/example_dags/example_trigger_controller_dag.py
[2025-04-21T16:50:10.265-0400] {processor.py:840} INFO - DAG(s) 'example_trigger_controller_dag' retrieved from /Users/gaurav/Documents/Breast-Cancer-ML-Pipeline/venv/lib/python3.9/site-packages/airflow/example_dags/example_trigger_controller_dag.py
[2025-04-21T16:50:10.326-0400] {logging_mixin.py:188} INFO - [2025-04-21T16:50:10.326-0400] {dag.py:3036} INFO - Sync 1 DAGs
[2025-04-21T16:50:10.337-0400] {logging_mixin.py:188} INFO - [2025-04-21T16:50:10.337-0400] {dag.py:3823} INFO - Setting next_dagrun for example_trigger_controller_dag to 2021-01-01 00:00:00+00:00, run_after=2021-01-01 00:00:00+00:00
[2025-04-21T16:50:10.350-0400] {processor.py:183} INFO - Processing /Users/gaurav/Documents/Breast-Cancer-ML-Pipeline/venv/lib/python3.9/site-packages/airflow/example_dags/example_trigger_controller_dag.py took 0.096 seconds
[2025-04-21T16:51:31.005-0400] {processor.py:161} INFO - Started process (PID=84322) to work on /Users/gaurav/Documents/Breast-Cancer-ML-Pipeline/venv/lib/python3.9/site-packages/airflow/example_dags/example_trigger_controller_dag.py
[2025-04-21T16:51:31.007-0400] {processor.py:830} INFO - Processing file /Users/gaurav/Documents/Breast-Cancer-ML-Pipeline/venv/lib/python3.9/site-packages/airflow/example_dags/example_trigger_controller_dag.py for tasks to queue
[2025-04-21T16:51:31.008-0400] {logging_mixin.py:188} INFO - [2025-04-21T16:51:31.008-0400] {dagbag.py:538} INFO - Filling up the DagBag from /Users/gaurav/Documents/Breast-Cancer-ML-Pipeline/venv/lib/python3.9/site-packages/airflow/example_dags/example_trigger_controller_dag.py
[2025-04-21T16:51:31.015-0400] {processor.py:840} INFO - DAG(s) 'example_trigger_controller_dag' retrieved from /Users/gaurav/Documents/Breast-Cancer-ML-Pipeline/venv/lib/python3.9/site-packages/airflow/example_dags/example_trigger_controller_dag.py
[2025-04-21T16:51:31.077-0400] {logging_mixin.py:188} INFO - [2025-04-21T16:51:31.077-0400] {dag.py:3036} INFO - Sync 1 DAGs
[2025-04-21T16:51:31.089-0400] {logging_mixin.py:188} INFO - [2025-04-21T16:51:31.088-0400] {dag.py:3823} INFO - Setting next_dagrun for example_trigger_controller_dag to 2021-01-01 00:00:00+00:00, run_after=2021-01-01 00:00:00+00:00
[2025-04-21T16:51:31.102-0400] {processor.py:183} INFO - Processing /Users/gaurav/Documents/Breast-Cancer-ML-Pipeline/venv/lib/python3.9/site-packages/airflow/example_dags/example_trigger_controller_dag.py took 0.097 seconds
[2025-04-21T16:52:52.190-0400] {processor.py:161} INFO - Started process (PID=84418) to work on /Users/gaurav/Documents/Breast-Cancer-ML-Pipeline/venv/lib/python3.9/site-packages/airflow/example_dags/example_trigger_controller_dag.py
[2025-04-21T16:52:52.192-0400] {processor.py:830} INFO - Processing file /Users/gaurav/Documents/Breast-Cancer-ML-Pipeline/venv/lib/python3.9/site-packages/airflow/example_dags/example_trigger_controller_dag.py for tasks to queue
[2025-04-21T16:52:52.192-0400] {logging_mixin.py:188} INFO - [2025-04-21T16:52:52.192-0400] {dagbag.py:538} INFO - Filling up the DagBag from /Users/gaurav/Documents/Breast-Cancer-ML-Pipeline/venv/lib/python3.9/site-packages/airflow/example_dags/example_trigger_controller_dag.py
[2025-04-21T16:52:52.199-0400] {processor.py:840} INFO - DAG(s) 'example_trigger_controller_dag' retrieved from /Users/gaurav/Documents/Breast-Cancer-ML-Pipeline/venv/lib/python3.9/site-packages/airflow/example_dags/example_trigger_controller_dag.py
[2025-04-21T16:52:52.261-0400] {logging_mixin.py:188} INFO - [2025-04-21T16:52:52.261-0400] {dag.py:3036} INFO - Sync 1 DAGs
[2025-04-21T16:52:52.273-0400] {logging_mixin.py:188} INFO - [2025-04-21T16:52:52.273-0400] {dag.py:3823} INFO - Setting next_dagrun for example_trigger_controller_dag to 2021-01-01 00:00:00+00:00, run_after=2021-01-01 00:00:00+00:00
[2025-04-21T16:52:52.285-0400] {processor.py:183} INFO - Processing /Users/gaurav/Documents/Breast-Cancer-ML-Pipeline/venv/lib/python3.9/site-packages/airflow/example_dags/example_trigger_controller_dag.py took 0.096 seconds
[2025-04-21T16:54:11.273-0400] {processor.py:161} INFO - Started process (PID=84526) to work on /Users/gaurav/Documents/Breast-Cancer-ML-Pipeline/venv/lib/python3.9/site-packages/airflow/example_dags/example_trigger_controller_dag.py
[2025-04-21T16:54:11.276-0400] {processor.py:830} INFO - Processing file /Users/gaurav/Documents/Breast-Cancer-ML-Pipeline/venv/lib/python3.9/site-packages/airflow/example_dags/example_trigger_controller_dag.py for tasks to queue
[2025-04-21T16:54:11.276-0400] {logging_mixin.py:188} INFO - [2025-04-21T16:54:11.276-0400] {dagbag.py:538} INFO - Filling up the DagBag from /Users/gaurav/Documents/Breast-Cancer-ML-Pipeline/venv/lib/python3.9/site-packages/airflow/example_dags/example_trigger_controller_dag.py
[2025-04-21T16:54:11.285-0400] {processor.py:840} INFO - DAG(s) 'example_trigger_controller_dag' retrieved from /Users/gaurav/Documents/Breast-Cancer-ML-Pipeline/venv/lib/python3.9/site-packages/airflow/example_dags/example_trigger_controller_dag.py
[2025-04-21T16:54:11.345-0400] {logging_mixin.py:188} INFO - [2025-04-21T16:54:11.345-0400] {dag.py:3036} INFO - Sync 1 DAGs
[2025-04-21T16:54:11.357-0400] {logging_mixin.py:188} INFO - [2025-04-21T16:54:11.357-0400] {dag.py:3823} INFO - Setting next_dagrun for example_trigger_controller_dag to 2021-01-01 00:00:00+00:00, run_after=2021-01-01 00:00:00+00:00
[2025-04-21T16:54:11.369-0400] {processor.py:183} INFO - Processing /Users/gaurav/Documents/Breast-Cancer-ML-Pipeline/venv/lib/python3.9/site-packages/airflow/example_dags/example_trigger_controller_dag.py took 0.097 seconds
[2025-04-21T16:55:46.070-0400] {processor.py:161} INFO - Started process (PID=84616) to work on /Users/gaurav/Documents/Breast-Cancer-ML-Pipeline/venv/lib/python3.9/site-packages/airflow/example_dags/example_trigger_controller_dag.py
[2025-04-21T16:55:46.072-0400] {processor.py:830} INFO - Processing file /Users/gaurav/Documents/Breast-Cancer-ML-Pipeline/venv/lib/python3.9/site-packages/airflow/example_dags/example_trigger_controller_dag.py for tasks to queue
[2025-04-21T16:55:46.072-0400] {logging_mixin.py:188} INFO - [2025-04-21T16:55:46.072-0400] {dagbag.py:538} INFO - Filling up the DagBag from /Users/gaurav/Documents/Breast-Cancer-ML-Pipeline/venv/lib/python3.9/site-packages/airflow/example_dags/example_trigger_controller_dag.py
[2025-04-21T16:55:46.080-0400] {processor.py:840} INFO - DAG(s) 'example_trigger_controller_dag' retrieved from /Users/gaurav/Documents/Breast-Cancer-ML-Pipeline/venv/lib/python3.9/site-packages/airflow/example_dags/example_trigger_controller_dag.py
[2025-04-21T16:55:46.220-0400] {logging_mixin.py:188} INFO - [2025-04-21T16:55:46.219-0400] {dag.py:3036} INFO - Sync 1 DAGs
[2025-04-21T16:55:46.231-0400] {logging_mixin.py:188} INFO - [2025-04-21T16:55:46.230-0400] {dag.py:3823} INFO - Setting next_dagrun for example_trigger_controller_dag to 2021-01-01 00:00:00+00:00, run_after=2021-01-01 00:00:00+00:00
[2025-04-21T16:55:46.244-0400] {processor.py:183} INFO - Processing /Users/gaurav/Documents/Breast-Cancer-ML-Pipeline/venv/lib/python3.9/site-packages/airflow/example_dags/example_trigger_controller_dag.py took 0.175 seconds
[2025-04-21T16:57:26.662-0400] {processor.py:161} INFO - Started process (PID=84773) to work on /Users/gaurav/Documents/Breast-Cancer-ML-Pipeline/venv/lib/python3.9/site-packages/airflow/example_dags/example_trigger_controller_dag.py
[2025-04-21T16:57:26.664-0400] {processor.py:830} INFO - Processing file /Users/gaurav/Documents/Breast-Cancer-ML-Pipeline/venv/lib/python3.9/site-packages/airflow/example_dags/example_trigger_controller_dag.py for tasks to queue
[2025-04-21T16:57:26.664-0400] {logging_mixin.py:188} INFO - [2025-04-21T16:57:26.664-0400] {dagbag.py:538} INFO - Filling up the DagBag from /Users/gaurav/Documents/Breast-Cancer-ML-Pipeline/venv/lib/python3.9/site-packages/airflow/example_dags/example_trigger_controller_dag.py
[2025-04-21T16:57:26.672-0400] {processor.py:840} INFO - DAG(s) 'example_trigger_controller_dag' retrieved from /Users/gaurav/Documents/Breast-Cancer-ML-Pipeline/venv/lib/python3.9/site-packages/airflow/example_dags/example_trigger_controller_dag.py
[2025-04-21T16:57:26.736-0400] {logging_mixin.py:188} INFO - [2025-04-21T16:57:26.736-0400] {dag.py:3036} INFO - Sync 1 DAGs
[2025-04-21T16:57:26.748-0400] {logging_mixin.py:188} INFO - [2025-04-21T16:57:26.748-0400] {dag.py:3823} INFO - Setting next_dagrun for example_trigger_controller_dag to 2021-01-01 00:00:00+00:00, run_after=2021-01-01 00:00:00+00:00
[2025-04-21T16:57:26.762-0400] {processor.py:183} INFO - Processing /Users/gaurav/Documents/Breast-Cancer-ML-Pipeline/venv/lib/python3.9/site-packages/airflow/example_dags/example_trigger_controller_dag.py took 0.101 seconds
[2025-04-21T16:58:47.120-0400] {processor.py:161} INFO - Started process (PID=84869) to work on /Users/gaurav/Documents/Breast-Cancer-ML-Pipeline/venv/lib/python3.9/site-packages/airflow/example_dags/example_trigger_controller_dag.py
[2025-04-21T16:58:47.122-0400] {processor.py:830} INFO - Processing file /Users/gaurav/Documents/Breast-Cancer-ML-Pipeline/venv/lib/python3.9/site-packages/airflow/example_dags/example_trigger_controller_dag.py for tasks to queue
[2025-04-21T16:58:47.122-0400] {logging_mixin.py:188} INFO - [2025-04-21T16:58:47.122-0400] {dagbag.py:538} INFO - Filling up the DagBag from /Users/gaurav/Documents/Breast-Cancer-ML-Pipeline/venv/lib/python3.9/site-packages/airflow/example_dags/example_trigger_controller_dag.py
[2025-04-21T16:58:47.130-0400] {processor.py:840} INFO - DAG(s) 'example_trigger_controller_dag' retrieved from /Users/gaurav/Documents/Breast-Cancer-ML-Pipeline/venv/lib/python3.9/site-packages/airflow/example_dags/example_trigger_controller_dag.py
[2025-04-21T16:58:47.193-0400] {logging_mixin.py:188} INFO - [2025-04-21T16:58:47.193-0400] {dag.py:3036} INFO - Sync 1 DAGs
[2025-04-21T16:58:47.205-0400] {logging_mixin.py:188} INFO - [2025-04-21T16:58:47.205-0400] {dag.py:3823} INFO - Setting next_dagrun for example_trigger_controller_dag to 2021-01-01 00:00:00+00:00, run_after=2021-01-01 00:00:00+00:00
[2025-04-21T16:58:47.218-0400] {processor.py:183} INFO - Processing /Users/gaurav/Documents/Breast-Cancer-ML-Pipeline/venv/lib/python3.9/site-packages/airflow/example_dags/example_trigger_controller_dag.py took 0.099 seconds
[2025-04-21T17:00:05.080-0400] {processor.py:161} INFO - Started process (PID=84953) to work on /Users/gaurav/Documents/Breast-Cancer-ML-Pipeline/venv/lib/python3.9/site-packages/airflow/example_dags/example_trigger_controller_dag.py
[2025-04-21T17:00:05.082-0400] {processor.py:830} INFO - Processing file /Users/gaurav/Documents/Breast-Cancer-ML-Pipeline/venv/lib/python3.9/site-packages/airflow/example_dags/example_trigger_controller_dag.py for tasks to queue
[2025-04-21T17:00:05.083-0400] {logging_mixin.py:188} INFO - [2025-04-21T17:00:05.082-0400] {dagbag.py:538} INFO - Filling up the DagBag from /Users/gaurav/Documents/Breast-Cancer-ML-Pipeline/venv/lib/python3.9/site-packages/airflow/example_dags/example_trigger_controller_dag.py
[2025-04-21T17:00:05.090-0400] {processor.py:840} INFO - DAG(s) 'example_trigger_controller_dag' retrieved from /Users/gaurav/Documents/Breast-Cancer-ML-Pipeline/venv/lib/python3.9/site-packages/airflow/example_dags/example_trigger_controller_dag.py
[2025-04-21T17:00:05.151-0400] {logging_mixin.py:188} INFO - [2025-04-21T17:00:05.150-0400] {dag.py:3036} INFO - Sync 1 DAGs
[2025-04-21T17:00:05.162-0400] {logging_mixin.py:188} INFO - [2025-04-21T17:00:05.162-0400] {dag.py:3823} INFO - Setting next_dagrun for example_trigger_controller_dag to 2021-01-01 00:00:00+00:00, run_after=2021-01-01 00:00:00+00:00
[2025-04-21T17:00:05.174-0400] {processor.py:183} INFO - Processing /Users/gaurav/Documents/Breast-Cancer-ML-Pipeline/venv/lib/python3.9/site-packages/airflow/example_dags/example_trigger_controller_dag.py took 0.094 seconds
[2025-04-21T17:01:15.729-0400] {processor.py:161} INFO - Started process (PID=85050) to work on /Users/gaurav/Documents/Breast-Cancer-ML-Pipeline/venv/lib/python3.9/site-packages/airflow/example_dags/example_trigger_controller_dag.py
[2025-04-21T17:01:15.731-0400] {processor.py:830} INFO - Processing file /Users/gaurav/Documents/Breast-Cancer-ML-Pipeline/venv/lib/python3.9/site-packages/airflow/example_dags/example_trigger_controller_dag.py for tasks to queue
[2025-04-21T17:01:15.731-0400] {logging_mixin.py:188} INFO - [2025-04-21T17:01:15.731-0400] {dagbag.py:538} INFO - Filling up the DagBag from /Users/gaurav/Documents/Breast-Cancer-ML-Pipeline/venv/lib/python3.9/site-packages/airflow/example_dags/example_trigger_controller_dag.py
[2025-04-21T17:01:15.738-0400] {processor.py:840} INFO - DAG(s) 'example_trigger_controller_dag' retrieved from /Users/gaurav/Documents/Breast-Cancer-ML-Pipeline/venv/lib/python3.9/site-packages/airflow/example_dags/example_trigger_controller_dag.py
[2025-04-21T17:01:15.798-0400] {logging_mixin.py:188} INFO - [2025-04-21T17:01:15.797-0400] {dag.py:3036} INFO - Sync 1 DAGs
[2025-04-21T17:01:15.809-0400] {logging_mixin.py:188} INFO - [2025-04-21T17:01:15.809-0400] {dag.py:3823} INFO - Setting next_dagrun for example_trigger_controller_dag to 2021-01-01 00:00:00+00:00, run_after=2021-01-01 00:00:00+00:00
[2025-04-21T17:01:15.821-0400] {processor.py:183} INFO - Processing /Users/gaurav/Documents/Breast-Cancer-ML-Pipeline/venv/lib/python3.9/site-packages/airflow/example_dags/example_trigger_controller_dag.py took 0.093 seconds
[2025-04-21T17:02:42.691-0400] {processor.py:161} INFO - Started process (PID=85146) to work on /Users/gaurav/Documents/Breast-Cancer-ML-Pipeline/venv/lib/python3.9/site-packages/airflow/example_dags/example_trigger_controller_dag.py
[2025-04-21T17:02:42.693-0400] {processor.py:830} INFO - Processing file /Users/gaurav/Documents/Breast-Cancer-ML-Pipeline/venv/lib/python3.9/site-packages/airflow/example_dags/example_trigger_controller_dag.py for tasks to queue
[2025-04-21T17:02:42.694-0400] {logging_mixin.py:188} INFO - [2025-04-21T17:02:42.694-0400] {dagbag.py:538} INFO - Filling up the DagBag from /Users/gaurav/Documents/Breast-Cancer-ML-Pipeline/venv/lib/python3.9/site-packages/airflow/example_dags/example_trigger_controller_dag.py
[2025-04-21T17:02:42.702-0400] {processor.py:840} INFO - DAG(s) 'example_trigger_controller_dag' retrieved from /Users/gaurav/Documents/Breast-Cancer-ML-Pipeline/venv/lib/python3.9/site-packages/airflow/example_dags/example_trigger_controller_dag.py
[2025-04-21T17:02:42.766-0400] {logging_mixin.py:188} INFO - [2025-04-21T17:02:42.766-0400] {dag.py:3036} INFO - Sync 1 DAGs
[2025-04-21T17:02:42.778-0400] {logging_mixin.py:188} INFO - [2025-04-21T17:02:42.778-0400] {dag.py:3823} INFO - Setting next_dagrun for example_trigger_controller_dag to 2021-01-01 00:00:00+00:00, run_after=2021-01-01 00:00:00+00:00
[2025-04-21T17:02:42.792-0400] {processor.py:183} INFO - Processing /Users/gaurav/Documents/Breast-Cancer-ML-Pipeline/venv/lib/python3.9/site-packages/airflow/example_dags/example_trigger_controller_dag.py took 0.102 seconds
[2025-04-21T17:04:00.069-0400] {processor.py:161} INFO - Started process (PID=85252) to work on /Users/gaurav/Documents/Breast-Cancer-ML-Pipeline/venv/lib/python3.9/site-packages/airflow/example_dags/example_trigger_controller_dag.py
[2025-04-21T17:04:00.070-0400] {processor.py:830} INFO - Processing file /Users/gaurav/Documents/Breast-Cancer-ML-Pipeline/venv/lib/python3.9/site-packages/airflow/example_dags/example_trigger_controller_dag.py for tasks to queue
[2025-04-21T17:04:00.071-0400] {logging_mixin.py:188} INFO - [2025-04-21T17:04:00.071-0400] {dagbag.py:538} INFO - Filling up the DagBag from /Users/gaurav/Documents/Breast-Cancer-ML-Pipeline/venv/lib/python3.9/site-packages/airflow/example_dags/example_trigger_controller_dag.py
[2025-04-21T17:04:00.083-0400] {processor.py:840} INFO - DAG(s) 'example_trigger_controller_dag' retrieved from /Users/gaurav/Documents/Breast-Cancer-ML-Pipeline/venv/lib/python3.9/site-packages/airflow/example_dags/example_trigger_controller_dag.py
[2025-04-21T17:04:00.169-0400] {logging_mixin.py:188} INFO - [2025-04-21T17:04:00.169-0400] {dag.py:3036} INFO - Sync 1 DAGs
[2025-04-21T17:04:00.182-0400] {logging_mixin.py:188} INFO - [2025-04-21T17:04:00.182-0400] {dag.py:3823} INFO - Setting next_dagrun for example_trigger_controller_dag to 2021-01-01 00:00:00+00:00, run_after=2021-01-01 00:00:00+00:00
[2025-04-21T17:04:00.194-0400] {processor.py:183} INFO - Processing /Users/gaurav/Documents/Breast-Cancer-ML-Pipeline/venv/lib/python3.9/site-packages/airflow/example_dags/example_trigger_controller_dag.py took 0.126 seconds
[2025-04-21T17:05:10.656-0400] {processor.py:161} INFO - Started process (PID=85328) to work on /Users/gaurav/Documents/Breast-Cancer-ML-Pipeline/venv/lib/python3.9/site-packages/airflow/example_dags/example_trigger_controller_dag.py
[2025-04-21T17:05:10.657-0400] {processor.py:830} INFO - Processing file /Users/gaurav/Documents/Breast-Cancer-ML-Pipeline/venv/lib/python3.9/site-packages/airflow/example_dags/example_trigger_controller_dag.py for tasks to queue
[2025-04-21T17:05:10.658-0400] {logging_mixin.py:188} INFO - [2025-04-21T17:05:10.658-0400] {dagbag.py:538} INFO - Filling up the DagBag from /Users/gaurav/Documents/Breast-Cancer-ML-Pipeline/venv/lib/python3.9/site-packages/airflow/example_dags/example_trigger_controller_dag.py
[2025-04-21T17:05:10.665-0400] {processor.py:840} INFO - DAG(s) 'example_trigger_controller_dag' retrieved from /Users/gaurav/Documents/Breast-Cancer-ML-Pipeline/venv/lib/python3.9/site-packages/airflow/example_dags/example_trigger_controller_dag.py
[2025-04-21T17:05:10.726-0400] {logging_mixin.py:188} INFO - [2025-04-21T17:05:10.726-0400] {dag.py:3036} INFO - Sync 1 DAGs
[2025-04-21T17:05:10.739-0400] {logging_mixin.py:188} INFO - [2025-04-21T17:05:10.738-0400] {dag.py:3823} INFO - Setting next_dagrun for example_trigger_controller_dag to 2021-01-01 00:00:00+00:00, run_after=2021-01-01 00:00:00+00:00
[2025-04-21T17:05:10.750-0400] {processor.py:183} INFO - Processing /Users/gaurav/Documents/Breast-Cancer-ML-Pipeline/venv/lib/python3.9/site-packages/airflow/example_dags/example_trigger_controller_dag.py took 0.095 seconds
[2025-04-21T17:06:21.467-0400] {processor.py:161} INFO - Started process (PID=85424) to work on /Users/gaurav/Documents/Breast-Cancer-ML-Pipeline/venv/lib/python3.9/site-packages/airflow/example_dags/example_trigger_controller_dag.py
[2025-04-21T17:06:21.469-0400] {processor.py:830} INFO - Processing file /Users/gaurav/Documents/Breast-Cancer-ML-Pipeline/venv/lib/python3.9/site-packages/airflow/example_dags/example_trigger_controller_dag.py for tasks to queue
[2025-04-21T17:06:21.469-0400] {logging_mixin.py:188} INFO - [2025-04-21T17:06:21.469-0400] {dagbag.py:538} INFO - Filling up the DagBag from /Users/gaurav/Documents/Breast-Cancer-ML-Pipeline/venv/lib/python3.9/site-packages/airflow/example_dags/example_trigger_controller_dag.py
[2025-04-21T17:06:21.477-0400] {processor.py:840} INFO - DAG(s) 'example_trigger_controller_dag' retrieved from /Users/gaurav/Documents/Breast-Cancer-ML-Pipeline/venv/lib/python3.9/site-packages/airflow/example_dags/example_trigger_controller_dag.py
[2025-04-21T17:06:21.536-0400] {logging_mixin.py:188} INFO - [2025-04-21T17:06:21.536-0400] {dag.py:3036} INFO - Sync 1 DAGs
[2025-04-21T17:06:21.548-0400] {logging_mixin.py:188} INFO - [2025-04-21T17:06:21.547-0400] {dag.py:3823} INFO - Setting next_dagrun for example_trigger_controller_dag to 2021-01-01 00:00:00+00:00, run_after=2021-01-01 00:00:00+00:00
[2025-04-21T17:06:21.559-0400] {processor.py:183} INFO - Processing /Users/gaurav/Documents/Breast-Cancer-ML-Pipeline/venv/lib/python3.9/site-packages/airflow/example_dags/example_trigger_controller_dag.py took 0.094 seconds
[2025-04-21T17:07:33.263-0400] {processor.py:161} INFO - Started process (PID=85500) to work on /Users/gaurav/Documents/Breast-Cancer-ML-Pipeline/venv/lib/python3.9/site-packages/airflow/example_dags/example_trigger_controller_dag.py
[2025-04-21T17:07:33.265-0400] {processor.py:830} INFO - Processing file /Users/gaurav/Documents/Breast-Cancer-ML-Pipeline/venv/lib/python3.9/site-packages/airflow/example_dags/example_trigger_controller_dag.py for tasks to queue
[2025-04-21T17:07:33.266-0400] {logging_mixin.py:188} INFO - [2025-04-21T17:07:33.266-0400] {dagbag.py:538} INFO - Filling up the DagBag from /Users/gaurav/Documents/Breast-Cancer-ML-Pipeline/venv/lib/python3.9/site-packages/airflow/example_dags/example_trigger_controller_dag.py
[2025-04-21T17:07:33.273-0400] {processor.py:840} INFO - DAG(s) 'example_trigger_controller_dag' retrieved from /Users/gaurav/Documents/Breast-Cancer-ML-Pipeline/venv/lib/python3.9/site-packages/airflow/example_dags/example_trigger_controller_dag.py
[2025-04-21T17:07:33.335-0400] {logging_mixin.py:188} INFO - [2025-04-21T17:07:33.334-0400] {dag.py:3036} INFO - Sync 1 DAGs
[2025-04-21T17:07:33.347-0400] {logging_mixin.py:188} INFO - [2025-04-21T17:07:33.347-0400] {dag.py:3823} INFO - Setting next_dagrun for example_trigger_controller_dag to 2021-01-01 00:00:00+00:00, run_after=2021-01-01 00:00:00+00:00
[2025-04-21T17:07:33.360-0400] {processor.py:183} INFO - Processing /Users/gaurav/Documents/Breast-Cancer-ML-Pipeline/venv/lib/python3.9/site-packages/airflow/example_dags/example_trigger_controller_dag.py took 0.097 seconds
[2025-04-21T17:08:48.141-0400] {processor.py:161} INFO - Started process (PID=85581) to work on /Users/gaurav/Documents/Breast-Cancer-ML-Pipeline/venv/lib/python3.9/site-packages/airflow/example_dags/example_trigger_controller_dag.py
[2025-04-21T17:08:48.143-0400] {processor.py:830} INFO - Processing file /Users/gaurav/Documents/Breast-Cancer-ML-Pipeline/venv/lib/python3.9/site-packages/airflow/example_dags/example_trigger_controller_dag.py for tasks to queue
[2025-04-21T17:08:48.144-0400] {logging_mixin.py:188} INFO - [2025-04-21T17:08:48.144-0400] {dagbag.py:538} INFO - Filling up the DagBag from /Users/gaurav/Documents/Breast-Cancer-ML-Pipeline/venv/lib/python3.9/site-packages/airflow/example_dags/example_trigger_controller_dag.py
[2025-04-21T17:08:48.151-0400] {processor.py:840} INFO - DAG(s) 'example_trigger_controller_dag' retrieved from /Users/gaurav/Documents/Breast-Cancer-ML-Pipeline/venv/lib/python3.9/site-packages/airflow/example_dags/example_trigger_controller_dag.py
[2025-04-21T17:08:48.212-0400] {logging_mixin.py:188} INFO - [2025-04-21T17:08:48.212-0400] {dag.py:3036} INFO - Sync 1 DAGs
[2025-04-21T17:08:48.224-0400] {logging_mixin.py:188} INFO - [2025-04-21T17:08:48.224-0400] {dag.py:3823} INFO - Setting next_dagrun for example_trigger_controller_dag to 2021-01-01 00:00:00+00:00, run_after=2021-01-01 00:00:00+00:00
[2025-04-21T17:08:48.236-0400] {processor.py:183} INFO - Processing /Users/gaurav/Documents/Breast-Cancer-ML-Pipeline/venv/lib/python3.9/site-packages/airflow/example_dags/example_trigger_controller_dag.py took 0.096 seconds
[2025-04-21T17:10:00.304-0400] {processor.py:161} INFO - Started process (PID=85658) to work on /Users/gaurav/Documents/Breast-Cancer-ML-Pipeline/venv/lib/python3.9/site-packages/airflow/example_dags/example_trigger_controller_dag.py
[2025-04-21T17:10:00.306-0400] {processor.py:830} INFO - Processing file /Users/gaurav/Documents/Breast-Cancer-ML-Pipeline/venv/lib/python3.9/site-packages/airflow/example_dags/example_trigger_controller_dag.py for tasks to queue
[2025-04-21T17:10:00.307-0400] {logging_mixin.py:188} INFO - [2025-04-21T17:10:00.306-0400] {dagbag.py:538} INFO - Filling up the DagBag from /Users/gaurav/Documents/Breast-Cancer-ML-Pipeline/venv/lib/python3.9/site-packages/airflow/example_dags/example_trigger_controller_dag.py
[2025-04-21T17:10:00.316-0400] {processor.py:840} INFO - DAG(s) 'example_trigger_controller_dag' retrieved from /Users/gaurav/Documents/Breast-Cancer-ML-Pipeline/venv/lib/python3.9/site-packages/airflow/example_dags/example_trigger_controller_dag.py
[2025-04-21T17:10:00.390-0400] {logging_mixin.py:188} INFO - [2025-04-21T17:10:00.390-0400] {dag.py:3036} INFO - Sync 1 DAGs
[2025-04-21T17:10:00.402-0400] {logging_mixin.py:188} INFO - [2025-04-21T17:10:00.402-0400] {dag.py:3823} INFO - Setting next_dagrun for example_trigger_controller_dag to 2021-01-01 00:00:00+00:00, run_after=2021-01-01 00:00:00+00:00
[2025-04-21T17:10:00.416-0400] {processor.py:183} INFO - Processing /Users/gaurav/Documents/Breast-Cancer-ML-Pipeline/venv/lib/python3.9/site-packages/airflow/example_dags/example_trigger_controller_dag.py took 0.113 seconds
[2025-04-21T17:11:15.053-0400] {processor.py:161} INFO - Started process (PID=85743) to work on /Users/gaurav/Documents/Breast-Cancer-ML-Pipeline/venv/lib/python3.9/site-packages/airflow/example_dags/example_trigger_controller_dag.py
[2025-04-21T17:11:15.055-0400] {processor.py:830} INFO - Processing file /Users/gaurav/Documents/Breast-Cancer-ML-Pipeline/venv/lib/python3.9/site-packages/airflow/example_dags/example_trigger_controller_dag.py for tasks to queue
[2025-04-21T17:11:15.055-0400] {logging_mixin.py:188} INFO - [2025-04-21T17:11:15.055-0400] {dagbag.py:538} INFO - Filling up the DagBag from /Users/gaurav/Documents/Breast-Cancer-ML-Pipeline/venv/lib/python3.9/site-packages/airflow/example_dags/example_trigger_controller_dag.py
[2025-04-21T17:11:15.063-0400] {processor.py:840} INFO - DAG(s) 'example_trigger_controller_dag' retrieved from /Users/gaurav/Documents/Breast-Cancer-ML-Pipeline/venv/lib/python3.9/site-packages/airflow/example_dags/example_trigger_controller_dag.py
[2025-04-21T17:11:15.123-0400] {logging_mixin.py:188} INFO - [2025-04-21T17:11:15.123-0400] {dag.py:3036} INFO - Sync 1 DAGs
[2025-04-21T17:11:15.135-0400] {logging_mixin.py:188} INFO - [2025-04-21T17:11:15.135-0400] {dag.py:3823} INFO - Setting next_dagrun for example_trigger_controller_dag to 2021-01-01 00:00:00+00:00, run_after=2021-01-01 00:00:00+00:00
[2025-04-21T17:11:15.148-0400] {processor.py:183} INFO - Processing /Users/gaurav/Documents/Breast-Cancer-ML-Pipeline/venv/lib/python3.9/site-packages/airflow/example_dags/example_trigger_controller_dag.py took 0.096 seconds
[2025-04-21T17:12:28.396-0400] {processor.py:161} INFO - Started process (PID=85834) to work on /Users/gaurav/Documents/Breast-Cancer-ML-Pipeline/venv/lib/python3.9/site-packages/airflow/example_dags/example_trigger_controller_dag.py
[2025-04-21T17:12:28.398-0400] {processor.py:830} INFO - Processing file /Users/gaurav/Documents/Breast-Cancer-ML-Pipeline/venv/lib/python3.9/site-packages/airflow/example_dags/example_trigger_controller_dag.py for tasks to queue
[2025-04-21T17:12:28.399-0400] {logging_mixin.py:188} INFO - [2025-04-21T17:12:28.399-0400] {dagbag.py:538} INFO - Filling up the DagBag from /Users/gaurav/Documents/Breast-Cancer-ML-Pipeline/venv/lib/python3.9/site-packages/airflow/example_dags/example_trigger_controller_dag.py
[2025-04-21T17:12:28.406-0400] {processor.py:840} INFO - DAG(s) 'example_trigger_controller_dag' retrieved from /Users/gaurav/Documents/Breast-Cancer-ML-Pipeline/venv/lib/python3.9/site-packages/airflow/example_dags/example_trigger_controller_dag.py
[2025-04-21T17:12:28.467-0400] {logging_mixin.py:188} INFO - [2025-04-21T17:12:28.467-0400] {dag.py:3036} INFO - Sync 1 DAGs
[2025-04-21T17:12:28.479-0400] {logging_mixin.py:188} INFO - [2025-04-21T17:12:28.479-0400] {dag.py:3823} INFO - Setting next_dagrun for example_trigger_controller_dag to 2021-01-01 00:00:00+00:00, run_after=2021-01-01 00:00:00+00:00
[2025-04-21T17:12:28.491-0400] {processor.py:183} INFO - Processing /Users/gaurav/Documents/Breast-Cancer-ML-Pipeline/venv/lib/python3.9/site-packages/airflow/example_dags/example_trigger_controller_dag.py took 0.096 seconds
[2025-04-21T17:13:42.212-0400] {processor.py:161} INFO - Started process (PID=85928) to work on /Users/gaurav/Documents/Breast-Cancer-ML-Pipeline/venv/lib/python3.9/site-packages/airflow/example_dags/example_trigger_controller_dag.py
[2025-04-21T17:13:42.214-0400] {processor.py:830} INFO - Processing file /Users/gaurav/Documents/Breast-Cancer-ML-Pipeline/venv/lib/python3.9/site-packages/airflow/example_dags/example_trigger_controller_dag.py for tasks to queue
[2025-04-21T17:13:42.214-0400] {logging_mixin.py:188} INFO - [2025-04-21T17:13:42.214-0400] {dagbag.py:538} INFO - Filling up the DagBag from /Users/gaurav/Documents/Breast-Cancer-ML-Pipeline/venv/lib/python3.9/site-packages/airflow/example_dags/example_trigger_controller_dag.py
[2025-04-21T17:13:42.221-0400] {processor.py:840} INFO - DAG(s) 'example_trigger_controller_dag' retrieved from /Users/gaurav/Documents/Breast-Cancer-ML-Pipeline/venv/lib/python3.9/site-packages/airflow/example_dags/example_trigger_controller_dag.py
[2025-04-21T17:13:42.282-0400] {logging_mixin.py:188} INFO - [2025-04-21T17:13:42.281-0400] {dag.py:3036} INFO - Sync 1 DAGs
[2025-04-21T17:13:42.293-0400] {logging_mixin.py:188} INFO - [2025-04-21T17:13:42.293-0400] {dag.py:3823} INFO - Setting next_dagrun for example_trigger_controller_dag to 2021-01-01 00:00:00+00:00, run_after=2021-01-01 00:00:00+00:00
[2025-04-21T17:13:42.306-0400] {processor.py:183} INFO - Processing /Users/gaurav/Documents/Breast-Cancer-ML-Pipeline/venv/lib/python3.9/site-packages/airflow/example_dags/example_trigger_controller_dag.py took 0.095 seconds
[2025-04-21T17:14:55.526-0400] {processor.py:161} INFO - Started process (PID=86011) to work on /Users/gaurav/Documents/Breast-Cancer-ML-Pipeline/venv/lib/python3.9/site-packages/airflow/example_dags/example_trigger_controller_dag.py
[2025-04-21T17:14:55.528-0400] {processor.py:830} INFO - Processing file /Users/gaurav/Documents/Breast-Cancer-ML-Pipeline/venv/lib/python3.9/site-packages/airflow/example_dags/example_trigger_controller_dag.py for tasks to queue
[2025-04-21T17:14:55.528-0400] {logging_mixin.py:188} INFO - [2025-04-21T17:14:55.528-0400] {dagbag.py:538} INFO - Filling up the DagBag from /Users/gaurav/Documents/Breast-Cancer-ML-Pipeline/venv/lib/python3.9/site-packages/airflow/example_dags/example_trigger_controller_dag.py
[2025-04-21T17:14:55.536-0400] {processor.py:840} INFO - DAG(s) 'example_trigger_controller_dag' retrieved from /Users/gaurav/Documents/Breast-Cancer-ML-Pipeline/venv/lib/python3.9/site-packages/airflow/example_dags/example_trigger_controller_dag.py
[2025-04-21T17:14:55.597-0400] {logging_mixin.py:188} INFO - [2025-04-21T17:14:55.597-0400] {dag.py:3036} INFO - Sync 1 DAGs
[2025-04-21T17:14:55.609-0400] {logging_mixin.py:188} INFO - [2025-04-21T17:14:55.608-0400] {dag.py:3823} INFO - Setting next_dagrun for example_trigger_controller_dag to 2021-01-01 00:00:00+00:00, run_after=2021-01-01 00:00:00+00:00
[2025-04-21T17:14:55.621-0400] {processor.py:183} INFO - Processing /Users/gaurav/Documents/Breast-Cancer-ML-Pipeline/venv/lib/python3.9/site-packages/airflow/example_dags/example_trigger_controller_dag.py took 0.096 seconds
[2025-04-21T17:16:08.864-0400] {processor.py:161} INFO - Started process (PID=86099) to work on /Users/gaurav/Documents/Breast-Cancer-ML-Pipeline/venv/lib/python3.9/site-packages/airflow/example_dags/example_trigger_controller_dag.py
[2025-04-21T17:16:08.865-0400] {processor.py:830} INFO - Processing file /Users/gaurav/Documents/Breast-Cancer-ML-Pipeline/venv/lib/python3.9/site-packages/airflow/example_dags/example_trigger_controller_dag.py for tasks to queue
[2025-04-21T17:16:08.865-0400] {logging_mixin.py:188} INFO - [2025-04-21T17:16:08.865-0400] {dagbag.py:538} INFO - Filling up the DagBag from /Users/gaurav/Documents/Breast-Cancer-ML-Pipeline/venv/lib/python3.9/site-packages/airflow/example_dags/example_trigger_controller_dag.py
[2025-04-21T17:16:08.873-0400] {processor.py:840} INFO - DAG(s) 'example_trigger_controller_dag' retrieved from /Users/gaurav/Documents/Breast-Cancer-ML-Pipeline/venv/lib/python3.9/site-packages/airflow/example_dags/example_trigger_controller_dag.py
[2025-04-21T17:16:08.934-0400] {logging_mixin.py:188} INFO - [2025-04-21T17:16:08.934-0400] {dag.py:3036} INFO - Sync 1 DAGs
[2025-04-21T17:16:08.945-0400] {logging_mixin.py:188} INFO - [2025-04-21T17:16:08.945-0400] {dag.py:3823} INFO - Setting next_dagrun for example_trigger_controller_dag to 2021-01-01 00:00:00+00:00, run_after=2021-01-01 00:00:00+00:00
[2025-04-21T17:16:08.958-0400] {processor.py:183} INFO - Processing /Users/gaurav/Documents/Breast-Cancer-ML-Pipeline/venv/lib/python3.9/site-packages/airflow/example_dags/example_trigger_controller_dag.py took 0.096 seconds
[2025-04-21T17:17:22.791-0400] {processor.py:161} INFO - Started process (PID=86198) to work on /Users/gaurav/Documents/Breast-Cancer-ML-Pipeline/venv/lib/python3.9/site-packages/airflow/example_dags/example_trigger_controller_dag.py
[2025-04-21T17:17:22.792-0400] {processor.py:830} INFO - Processing file /Users/gaurav/Documents/Breast-Cancer-ML-Pipeline/venv/lib/python3.9/site-packages/airflow/example_dags/example_trigger_controller_dag.py for tasks to queue
[2025-04-21T17:17:22.793-0400] {logging_mixin.py:188} INFO - [2025-04-21T17:17:22.793-0400] {dagbag.py:538} INFO - Filling up the DagBag from /Users/gaurav/Documents/Breast-Cancer-ML-Pipeline/venv/lib/python3.9/site-packages/airflow/example_dags/example_trigger_controller_dag.py
[2025-04-21T17:17:22.800-0400] {processor.py:840} INFO - DAG(s) 'example_trigger_controller_dag' retrieved from /Users/gaurav/Documents/Breast-Cancer-ML-Pipeline/venv/lib/python3.9/site-packages/airflow/example_dags/example_trigger_controller_dag.py
[2025-04-21T17:17:22.861-0400] {logging_mixin.py:188} INFO - [2025-04-21T17:17:22.861-0400] {dag.py:3036} INFO - Sync 1 DAGs
[2025-04-21T17:17:22.875-0400] {logging_mixin.py:188} INFO - [2025-04-21T17:17:22.874-0400] {dag.py:3823} INFO - Setting next_dagrun for example_trigger_controller_dag to 2021-01-01 00:00:00+00:00, run_after=2021-01-01 00:00:00+00:00
[2025-04-21T17:17:22.887-0400] {processor.py:183} INFO - Processing /Users/gaurav/Documents/Breast-Cancer-ML-Pipeline/venv/lib/python3.9/site-packages/airflow/example_dags/example_trigger_controller_dag.py took 0.098 seconds
[2025-04-21T17:18:38.318-0400] {processor.py:161} INFO - Started process (PID=86291) to work on /Users/gaurav/Documents/Breast-Cancer-ML-Pipeline/venv/lib/python3.9/site-packages/airflow/example_dags/example_trigger_controller_dag.py
[2025-04-21T17:18:38.319-0400] {processor.py:830} INFO - Processing file /Users/gaurav/Documents/Breast-Cancer-ML-Pipeline/venv/lib/python3.9/site-packages/airflow/example_dags/example_trigger_controller_dag.py for tasks to queue
[2025-04-21T17:18:38.320-0400] {logging_mixin.py:188} INFO - [2025-04-21T17:18:38.319-0400] {dagbag.py:538} INFO - Filling up the DagBag from /Users/gaurav/Documents/Breast-Cancer-ML-Pipeline/venv/lib/python3.9/site-packages/airflow/example_dags/example_trigger_controller_dag.py
[2025-04-21T17:18:38.327-0400] {processor.py:840} INFO - DAG(s) 'example_trigger_controller_dag' retrieved from /Users/gaurav/Documents/Breast-Cancer-ML-Pipeline/venv/lib/python3.9/site-packages/airflow/example_dags/example_trigger_controller_dag.py
[2025-04-21T17:18:38.389-0400] {logging_mixin.py:188} INFO - [2025-04-21T17:18:38.389-0400] {dag.py:3036} INFO - Sync 1 DAGs
[2025-04-21T17:18:38.401-0400] {logging_mixin.py:188} INFO - [2025-04-21T17:18:38.401-0400] {dag.py:3823} INFO - Setting next_dagrun for example_trigger_controller_dag to 2021-01-01 00:00:00+00:00, run_after=2021-01-01 00:00:00+00:00
[2025-04-21T17:18:38.414-0400] {processor.py:183} INFO - Processing /Users/gaurav/Documents/Breast-Cancer-ML-Pipeline/venv/lib/python3.9/site-packages/airflow/example_dags/example_trigger_controller_dag.py took 0.098 seconds
[2025-04-21T17:19:53.713-0400] {processor.py:161} INFO - Started process (PID=86393) to work on /Users/gaurav/Documents/Breast-Cancer-ML-Pipeline/venv/lib/python3.9/site-packages/airflow/example_dags/example_trigger_controller_dag.py
[2025-04-21T17:19:53.715-0400] {processor.py:830} INFO - Processing file /Users/gaurav/Documents/Breast-Cancer-ML-Pipeline/venv/lib/python3.9/site-packages/airflow/example_dags/example_trigger_controller_dag.py for tasks to queue
[2025-04-21T17:19:53.715-0400] {logging_mixin.py:188} INFO - [2025-04-21T17:19:53.715-0400] {dagbag.py:538} INFO - Filling up the DagBag from /Users/gaurav/Documents/Breast-Cancer-ML-Pipeline/venv/lib/python3.9/site-packages/airflow/example_dags/example_trigger_controller_dag.py
[2025-04-21T17:19:53.723-0400] {processor.py:840} INFO - DAG(s) 'example_trigger_controller_dag' retrieved from /Users/gaurav/Documents/Breast-Cancer-ML-Pipeline/venv/lib/python3.9/site-packages/airflow/example_dags/example_trigger_controller_dag.py
[2025-04-21T17:19:53.784-0400] {logging_mixin.py:188} INFO - [2025-04-21T17:19:53.784-0400] {dag.py:3036} INFO - Sync 1 DAGs
[2025-04-21T17:19:53.797-0400] {logging_mixin.py:188} INFO - [2025-04-21T17:19:53.797-0400] {dag.py:3823} INFO - Setting next_dagrun for example_trigger_controller_dag to 2021-01-01 00:00:00+00:00, run_after=2021-01-01 00:00:00+00:00
[2025-04-21T17:19:53.810-0400] {processor.py:183} INFO - Processing /Users/gaurav/Documents/Breast-Cancer-ML-Pipeline/venv/lib/python3.9/site-packages/airflow/example_dags/example_trigger_controller_dag.py took 0.098 seconds
[2025-04-21T17:21:36.505-0400] {processor.py:161} INFO - Started process (PID=86495) to work on /Users/gaurav/Documents/Breast-Cancer-ML-Pipeline/venv/lib/python3.9/site-packages/airflow/example_dags/example_trigger_controller_dag.py
[2025-04-21T17:21:36.507-0400] {processor.py:830} INFO - Processing file /Users/gaurav/Documents/Breast-Cancer-ML-Pipeline/venv/lib/python3.9/site-packages/airflow/example_dags/example_trigger_controller_dag.py for tasks to queue
[2025-04-21T17:21:36.508-0400] {logging_mixin.py:188} INFO - [2025-04-21T17:21:36.508-0400] {dagbag.py:538} INFO - Filling up the DagBag from /Users/gaurav/Documents/Breast-Cancer-ML-Pipeline/venv/lib/python3.9/site-packages/airflow/example_dags/example_trigger_controller_dag.py
[2025-04-21T17:21:36.515-0400] {processor.py:840} INFO - DAG(s) 'example_trigger_controller_dag' retrieved from /Users/gaurav/Documents/Breast-Cancer-ML-Pipeline/venv/lib/python3.9/site-packages/airflow/example_dags/example_trigger_controller_dag.py
[2025-04-21T17:21:36.652-0400] {logging_mixin.py:188} INFO - [2025-04-21T17:21:36.652-0400] {dag.py:3036} INFO - Sync 1 DAGs
[2025-04-21T17:21:36.665-0400] {logging_mixin.py:188} INFO - [2025-04-21T17:21:36.665-0400] {dag.py:3823} INFO - Setting next_dagrun for example_trigger_controller_dag to 2021-01-01 00:00:00+00:00, run_after=2021-01-01 00:00:00+00:00
[2025-04-21T17:21:36.680-0400] {processor.py:183} INFO - Processing /Users/gaurav/Documents/Breast-Cancer-ML-Pipeline/venv/lib/python3.9/site-packages/airflow/example_dags/example_trigger_controller_dag.py took 0.175 seconds
[2025-04-21T17:23:08.986-0400] {processor.py:161} INFO - Started process (PID=86586) to work on /Users/gaurav/Documents/Breast-Cancer-ML-Pipeline/venv/lib/python3.9/site-packages/airflow/example_dags/example_trigger_controller_dag.py
[2025-04-21T17:23:08.987-0400] {processor.py:830} INFO - Processing file /Users/gaurav/Documents/Breast-Cancer-ML-Pipeline/venv/lib/python3.9/site-packages/airflow/example_dags/example_trigger_controller_dag.py for tasks to queue
[2025-04-21T17:23:08.988-0400] {logging_mixin.py:188} INFO - [2025-04-21T17:23:08.988-0400] {dagbag.py:538} INFO - Filling up the DagBag from /Users/gaurav/Documents/Breast-Cancer-ML-Pipeline/venv/lib/python3.9/site-packages/airflow/example_dags/example_trigger_controller_dag.py
[2025-04-21T17:23:08.996-0400] {processor.py:840} INFO - DAG(s) 'example_trigger_controller_dag' retrieved from /Users/gaurav/Documents/Breast-Cancer-ML-Pipeline/venv/lib/python3.9/site-packages/airflow/example_dags/example_trigger_controller_dag.py
[2025-04-21T17:23:09.059-0400] {logging_mixin.py:188} INFO - [2025-04-21T17:23:09.059-0400] {dag.py:3036} INFO - Sync 1 DAGs
[2025-04-21T17:23:09.072-0400] {logging_mixin.py:188} INFO - [2025-04-21T17:23:09.072-0400] {dag.py:3823} INFO - Setting next_dagrun for example_trigger_controller_dag to 2021-01-01 00:00:00+00:00, run_after=2021-01-01 00:00:00+00:00
[2025-04-21T17:23:09.086-0400] {processor.py:183} INFO - Processing /Users/gaurav/Documents/Breast-Cancer-ML-Pipeline/venv/lib/python3.9/site-packages/airflow/example_dags/example_trigger_controller_dag.py took 0.101 seconds
[2025-04-21T17:24:26.673-0400] {processor.py:161} INFO - Started process (PID=86683) to work on /Users/gaurav/Documents/Breast-Cancer-ML-Pipeline/venv/lib/python3.9/site-packages/airflow/example_dags/example_trigger_controller_dag.py
[2025-04-21T17:24:26.675-0400] {processor.py:830} INFO - Processing file /Users/gaurav/Documents/Breast-Cancer-ML-Pipeline/venv/lib/python3.9/site-packages/airflow/example_dags/example_trigger_controller_dag.py for tasks to queue
[2025-04-21T17:24:26.676-0400] {logging_mixin.py:188} INFO - [2025-04-21T17:24:26.676-0400] {dagbag.py:538} INFO - Filling up the DagBag from /Users/gaurav/Documents/Breast-Cancer-ML-Pipeline/venv/lib/python3.9/site-packages/airflow/example_dags/example_trigger_controller_dag.py
[2025-04-21T17:24:26.683-0400] {processor.py:840} INFO - DAG(s) 'example_trigger_controller_dag' retrieved from /Users/gaurav/Documents/Breast-Cancer-ML-Pipeline/venv/lib/python3.9/site-packages/airflow/example_dags/example_trigger_controller_dag.py
[2025-04-21T17:24:26.742-0400] {logging_mixin.py:188} INFO - [2025-04-21T17:24:26.742-0400] {dag.py:3036} INFO - Sync 1 DAGs
[2025-04-21T17:24:26.753-0400] {logging_mixin.py:188} INFO - [2025-04-21T17:24:26.753-0400] {dag.py:3823} INFO - Setting next_dagrun for example_trigger_controller_dag to 2021-01-01 00:00:00+00:00, run_after=2021-01-01 00:00:00+00:00
[2025-04-21T17:24:26.766-0400] {processor.py:183} INFO - Processing /Users/gaurav/Documents/Breast-Cancer-ML-Pipeline/venv/lib/python3.9/site-packages/airflow/example_dags/example_trigger_controller_dag.py took 0.093 seconds
[2025-04-21T17:25:44.045-0400] {processor.py:161} INFO - Started process (PID=86788) to work on /Users/gaurav/Documents/Breast-Cancer-ML-Pipeline/venv/lib/python3.9/site-packages/airflow/example_dags/example_trigger_controller_dag.py
[2025-04-21T17:25:44.046-0400] {processor.py:830} INFO - Processing file /Users/gaurav/Documents/Breast-Cancer-ML-Pipeline/venv/lib/python3.9/site-packages/airflow/example_dags/example_trigger_controller_dag.py for tasks to queue
[2025-04-21T17:25:44.047-0400] {logging_mixin.py:188} INFO - [2025-04-21T17:25:44.047-0400] {dagbag.py:538} INFO - Filling up the DagBag from /Users/gaurav/Documents/Breast-Cancer-ML-Pipeline/venv/lib/python3.9/site-packages/airflow/example_dags/example_trigger_controller_dag.py
[2025-04-21T17:25:44.054-0400] {processor.py:840} INFO - DAG(s) 'example_trigger_controller_dag' retrieved from /Users/gaurav/Documents/Breast-Cancer-ML-Pipeline/venv/lib/python3.9/site-packages/airflow/example_dags/example_trigger_controller_dag.py
[2025-04-21T17:25:44.118-0400] {logging_mixin.py:188} INFO - [2025-04-21T17:25:44.118-0400] {dag.py:3036} INFO - Sync 1 DAGs
[2025-04-21T17:25:44.131-0400] {logging_mixin.py:188} INFO - [2025-04-21T17:25:44.131-0400] {dag.py:3823} INFO - Setting next_dagrun for example_trigger_controller_dag to 2021-01-01 00:00:00+00:00, run_after=2021-01-01 00:00:00+00:00
[2025-04-21T17:25:44.145-0400] {processor.py:183} INFO - Processing /Users/gaurav/Documents/Breast-Cancer-ML-Pipeline/venv/lib/python3.9/site-packages/airflow/example_dags/example_trigger_controller_dag.py took 0.100 seconds
[2025-04-21T17:26:58.074-0400] {processor.py:161} INFO - Started process (PID=86880) to work on /Users/gaurav/Documents/Breast-Cancer-ML-Pipeline/venv/lib/python3.9/site-packages/airflow/example_dags/example_trigger_controller_dag.py
[2025-04-21T17:26:58.076-0400] {processor.py:830} INFO - Processing file /Users/gaurav/Documents/Breast-Cancer-ML-Pipeline/venv/lib/python3.9/site-packages/airflow/example_dags/example_trigger_controller_dag.py for tasks to queue
[2025-04-21T17:26:58.077-0400] {logging_mixin.py:188} INFO - [2025-04-21T17:26:58.076-0400] {dagbag.py:538} INFO - Filling up the DagBag from /Users/gaurav/Documents/Breast-Cancer-ML-Pipeline/venv/lib/python3.9/site-packages/airflow/example_dags/example_trigger_controller_dag.py
[2025-04-21T17:26:58.084-0400] {processor.py:840} INFO - DAG(s) 'example_trigger_controller_dag' retrieved from /Users/gaurav/Documents/Breast-Cancer-ML-Pipeline/venv/lib/python3.9/site-packages/airflow/example_dags/example_trigger_controller_dag.py
[2025-04-21T17:26:58.147-0400] {logging_mixin.py:188} INFO - [2025-04-21T17:26:58.147-0400] {dag.py:3036} INFO - Sync 1 DAGs
[2025-04-21T17:26:58.159-0400] {logging_mixin.py:188} INFO - [2025-04-21T17:26:58.159-0400] {dag.py:3823} INFO - Setting next_dagrun for example_trigger_controller_dag to 2021-01-01 00:00:00+00:00, run_after=2021-01-01 00:00:00+00:00
[2025-04-21T17:26:58.171-0400] {processor.py:183} INFO - Processing /Users/gaurav/Documents/Breast-Cancer-ML-Pipeline/venv/lib/python3.9/site-packages/airflow/example_dags/example_trigger_controller_dag.py took 0.098 seconds
[2025-04-21T17:29:17.971-0400] {processor.py:161} INFO - Started process (PID=87103) to work on /Users/gaurav/Documents/Breast-Cancer-ML-Pipeline/venv/lib/python3.9/site-packages/airflow/example_dags/example_trigger_controller_dag.py
[2025-04-21T17:29:17.973-0400] {processor.py:830} INFO - Processing file /Users/gaurav/Documents/Breast-Cancer-ML-Pipeline/venv/lib/python3.9/site-packages/airflow/example_dags/example_trigger_controller_dag.py for tasks to queue
[2025-04-21T17:29:17.973-0400] {logging_mixin.py:188} INFO - [2025-04-21T17:29:17.973-0400] {dagbag.py:538} INFO - Filling up the DagBag from /Users/gaurav/Documents/Breast-Cancer-ML-Pipeline/venv/lib/python3.9/site-packages/airflow/example_dags/example_trigger_controller_dag.py
[2025-04-21T17:29:17.981-0400] {processor.py:840} INFO - DAG(s) 'example_trigger_controller_dag' retrieved from /Users/gaurav/Documents/Breast-Cancer-ML-Pipeline/venv/lib/python3.9/site-packages/airflow/example_dags/example_trigger_controller_dag.py
[2025-04-21T17:29:18.041-0400] {logging_mixin.py:188} INFO - [2025-04-21T17:29:18.041-0400] {dag.py:3036} INFO - Sync 1 DAGs
[2025-04-21T17:29:18.053-0400] {logging_mixin.py:188} INFO - [2025-04-21T17:29:18.053-0400] {dag.py:3823} INFO - Setting next_dagrun for example_trigger_controller_dag to 2021-01-01 00:00:00+00:00, run_after=2021-01-01 00:00:00+00:00
[2025-04-21T17:29:18.067-0400] {processor.py:183} INFO - Processing /Users/gaurav/Documents/Breast-Cancer-ML-Pipeline/venv/lib/python3.9/site-packages/airflow/example_dags/example_trigger_controller_dag.py took 0.096 seconds
[2025-04-21T17:30:08.479-0400] {processor.py:161} INFO - Started process (PID=87158) to work on /Users/gaurav/Documents/Breast-Cancer-ML-Pipeline/venv/lib/python3.9/site-packages/airflow/example_dags/example_trigger_controller_dag.py
[2025-04-21T17:30:08.481-0400] {processor.py:830} INFO - Processing file /Users/gaurav/Documents/Breast-Cancer-ML-Pipeline/venv/lib/python3.9/site-packages/airflow/example_dags/example_trigger_controller_dag.py for tasks to queue
[2025-04-21T17:30:08.482-0400] {logging_mixin.py:188} INFO - [2025-04-21T17:30:08.481-0400] {dagbag.py:538} INFO - Filling up the DagBag from /Users/gaurav/Documents/Breast-Cancer-ML-Pipeline/venv/lib/python3.9/site-packages/airflow/example_dags/example_trigger_controller_dag.py
[2025-04-21T17:30:08.490-0400] {processor.py:840} INFO - DAG(s) 'example_trigger_controller_dag' retrieved from /Users/gaurav/Documents/Breast-Cancer-ML-Pipeline/venv/lib/python3.9/site-packages/airflow/example_dags/example_trigger_controller_dag.py
[2025-04-21T17:30:08.553-0400] {logging_mixin.py:188} INFO - [2025-04-21T17:30:08.553-0400] {dag.py:3036} INFO - Sync 1 DAGs
[2025-04-21T17:30:08.566-0400] {logging_mixin.py:188} INFO - [2025-04-21T17:30:08.566-0400] {dag.py:3823} INFO - Setting next_dagrun for example_trigger_controller_dag to 2021-01-01 00:00:00+00:00, run_after=2021-01-01 00:00:00+00:00
[2025-04-21T17:30:08.580-0400] {processor.py:183} INFO - Processing /Users/gaurav/Documents/Breast-Cancer-ML-Pipeline/venv/lib/python3.9/site-packages/airflow/example_dags/example_trigger_controller_dag.py took 0.102 seconds
[2025-04-21T17:31:24.851-0400] {processor.py:161} INFO - Started process (PID=87245) to work on /Users/gaurav/Documents/Breast-Cancer-ML-Pipeline/venv/lib/python3.9/site-packages/airflow/example_dags/example_trigger_controller_dag.py
[2025-04-21T17:31:24.852-0400] {processor.py:830} INFO - Processing file /Users/gaurav/Documents/Breast-Cancer-ML-Pipeline/venv/lib/python3.9/site-packages/airflow/example_dags/example_trigger_controller_dag.py for tasks to queue
[2025-04-21T17:31:24.853-0400] {logging_mixin.py:188} INFO - [2025-04-21T17:31:24.853-0400] {dagbag.py:538} INFO - Filling up the DagBag from /Users/gaurav/Documents/Breast-Cancer-ML-Pipeline/venv/lib/python3.9/site-packages/airflow/example_dags/example_trigger_controller_dag.py
[2025-04-21T17:31:24.860-0400] {processor.py:840} INFO - DAG(s) 'example_trigger_controller_dag' retrieved from /Users/gaurav/Documents/Breast-Cancer-ML-Pipeline/venv/lib/python3.9/site-packages/airflow/example_dags/example_trigger_controller_dag.py
[2025-04-21T17:31:24.920-0400] {logging_mixin.py:188} INFO - [2025-04-21T17:31:24.920-0400] {dag.py:3036} INFO - Sync 1 DAGs
[2025-04-21T17:31:24.931-0400] {logging_mixin.py:188} INFO - [2025-04-21T17:31:24.931-0400] {dag.py:3823} INFO - Setting next_dagrun for example_trigger_controller_dag to 2021-01-01 00:00:00+00:00, run_after=2021-01-01 00:00:00+00:00
[2025-04-21T17:31:24.944-0400] {processor.py:183} INFO - Processing /Users/gaurav/Documents/Breast-Cancer-ML-Pipeline/venv/lib/python3.9/site-packages/airflow/example_dags/example_trigger_controller_dag.py took 0.094 seconds
[2025-04-21T17:35:50.747-0400] {processor.py:161} INFO - Started process (PID=87465) to work on /Users/gaurav/Documents/Breast-Cancer-ML-Pipeline/venv/lib/python3.9/site-packages/airflow/example_dags/example_trigger_controller_dag.py
[2025-04-21T17:35:50.748-0400] {processor.py:830} INFO - Processing file /Users/gaurav/Documents/Breast-Cancer-ML-Pipeline/venv/lib/python3.9/site-packages/airflow/example_dags/example_trigger_controller_dag.py for tasks to queue
[2025-04-21T17:35:50.749-0400] {logging_mixin.py:188} INFO - [2025-04-21T17:35:50.748-0400] {dagbag.py:538} INFO - Filling up the DagBag from /Users/gaurav/Documents/Breast-Cancer-ML-Pipeline/venv/lib/python3.9/site-packages/airflow/example_dags/example_trigger_controller_dag.py
[2025-04-21T17:35:50.756-0400] {processor.py:840} INFO - DAG(s) 'example_trigger_controller_dag' retrieved from /Users/gaurav/Documents/Breast-Cancer-ML-Pipeline/venv/lib/python3.9/site-packages/airflow/example_dags/example_trigger_controller_dag.py
[2025-04-21T17:35:50.879-0400] {logging_mixin.py:188} INFO - [2025-04-21T17:35:50.879-0400] {dag.py:3036} INFO - Sync 1 DAGs
[2025-04-21T17:35:50.891-0400] {logging_mixin.py:188} INFO - [2025-04-21T17:35:50.891-0400] {dag.py:3823} INFO - Setting next_dagrun for example_trigger_controller_dag to 2021-01-01 00:00:00+00:00, run_after=2021-01-01 00:00:00+00:00
[2025-04-21T17:35:50.906-0400] {processor.py:183} INFO - Processing /Users/gaurav/Documents/Breast-Cancer-ML-Pipeline/venv/lib/python3.9/site-packages/airflow/example_dags/example_trigger_controller_dag.py took 0.160 seconds
[2025-04-21T17:38:35.312-0400] {processor.py:161} INFO - Started process (PID=87856) to work on /Users/gaurav/Documents/Breast-Cancer-ML-Pipeline/venv/lib/python3.9/site-packages/airflow/example_dags/example_trigger_controller_dag.py
[2025-04-21T17:38:35.313-0400] {processor.py:830} INFO - Processing file /Users/gaurav/Documents/Breast-Cancer-ML-Pipeline/venv/lib/python3.9/site-packages/airflow/example_dags/example_trigger_controller_dag.py for tasks to queue
[2025-04-21T17:38:35.314-0400] {logging_mixin.py:188} INFO - [2025-04-21T17:38:35.314-0400] {dagbag.py:538} INFO - Filling up the DagBag from /Users/gaurav/Documents/Breast-Cancer-ML-Pipeline/venv/lib/python3.9/site-packages/airflow/example_dags/example_trigger_controller_dag.py
[2025-04-21T17:38:35.321-0400] {processor.py:840} INFO - DAG(s) 'example_trigger_controller_dag' retrieved from /Users/gaurav/Documents/Breast-Cancer-ML-Pipeline/venv/lib/python3.9/site-packages/airflow/example_dags/example_trigger_controller_dag.py
[2025-04-21T17:38:35.382-0400] {logging_mixin.py:188} INFO - [2025-04-21T17:38:35.382-0400] {dag.py:3036} INFO - Sync 1 DAGs
[2025-04-21T17:38:35.395-0400] {logging_mixin.py:188} INFO - [2025-04-21T17:38:35.395-0400] {dag.py:3823} INFO - Setting next_dagrun for example_trigger_controller_dag to 2021-01-01 00:00:00+00:00, run_after=2021-01-01 00:00:00+00:00
[2025-04-21T17:38:35.408-0400] {processor.py:183} INFO - Processing /Users/gaurav/Documents/Breast-Cancer-ML-Pipeline/venv/lib/python3.9/site-packages/airflow/example_dags/example_trigger_controller_dag.py took 0.097 seconds
[2025-04-21T17:39:49.749-0400] {processor.py:161} INFO - Started process (PID=87927) to work on /Users/gaurav/Documents/Breast-Cancer-ML-Pipeline/venv/lib/python3.9/site-packages/airflow/example_dags/example_trigger_controller_dag.py
[2025-04-21T17:39:49.751-0400] {processor.py:830} INFO - Processing file /Users/gaurav/Documents/Breast-Cancer-ML-Pipeline/venv/lib/python3.9/site-packages/airflow/example_dags/example_trigger_controller_dag.py for tasks to queue
[2025-04-21T17:39:49.752-0400] {logging_mixin.py:188} INFO - [2025-04-21T17:39:49.751-0400] {dagbag.py:538} INFO - Filling up the DagBag from /Users/gaurav/Documents/Breast-Cancer-ML-Pipeline/venv/lib/python3.9/site-packages/airflow/example_dags/example_trigger_controller_dag.py
[2025-04-21T17:39:49.759-0400] {processor.py:840} INFO - DAG(s) 'example_trigger_controller_dag' retrieved from /Users/gaurav/Documents/Breast-Cancer-ML-Pipeline/venv/lib/python3.9/site-packages/airflow/example_dags/example_trigger_controller_dag.py
[2025-04-21T17:39:49.818-0400] {logging_mixin.py:188} INFO - [2025-04-21T17:39:49.818-0400] {dag.py:3036} INFO - Sync 1 DAGs
[2025-04-21T17:39:49.829-0400] {logging_mixin.py:188} INFO - [2025-04-21T17:39:49.829-0400] {dag.py:3823} INFO - Setting next_dagrun for example_trigger_controller_dag to 2021-01-01 00:00:00+00:00, run_after=2021-01-01 00:00:00+00:00
[2025-04-21T17:39:49.842-0400] {processor.py:183} INFO - Processing /Users/gaurav/Documents/Breast-Cancer-ML-Pipeline/venv/lib/python3.9/site-packages/airflow/example_dags/example_trigger_controller_dag.py took 0.093 seconds
[2025-04-21T17:41:08.486-0400] {processor.py:161} INFO - Started process (PID=88063) to work on /Users/gaurav/Documents/Breast-Cancer-ML-Pipeline/venv/lib/python3.9/site-packages/airflow/example_dags/example_trigger_controller_dag.py
[2025-04-21T17:41:08.487-0400] {processor.py:830} INFO - Processing file /Users/gaurav/Documents/Breast-Cancer-ML-Pipeline/venv/lib/python3.9/site-packages/airflow/example_dags/example_trigger_controller_dag.py for tasks to queue
[2025-04-21T17:41:08.488-0400] {logging_mixin.py:188} INFO - [2025-04-21T17:41:08.488-0400] {dagbag.py:538} INFO - Filling up the DagBag from /Users/gaurav/Documents/Breast-Cancer-ML-Pipeline/venv/lib/python3.9/site-packages/airflow/example_dags/example_trigger_controller_dag.py
[2025-04-21T17:41:08.495-0400] {processor.py:840} INFO - DAG(s) 'example_trigger_controller_dag' retrieved from /Users/gaurav/Documents/Breast-Cancer-ML-Pipeline/venv/lib/python3.9/site-packages/airflow/example_dags/example_trigger_controller_dag.py
[2025-04-21T17:41:08.556-0400] {logging_mixin.py:188} INFO - [2025-04-21T17:41:08.556-0400] {dag.py:3036} INFO - Sync 1 DAGs
[2025-04-21T17:41:08.569-0400] {logging_mixin.py:188} INFO - [2025-04-21T17:41:08.568-0400] {dag.py:3823} INFO - Setting next_dagrun for example_trigger_controller_dag to 2021-01-01 00:00:00+00:00, run_after=2021-01-01 00:00:00+00:00
[2025-04-21T17:41:08.581-0400] {processor.py:183} INFO - Processing /Users/gaurav/Documents/Breast-Cancer-ML-Pipeline/venv/lib/python3.9/site-packages/airflow/example_dags/example_trigger_controller_dag.py took 0.096 seconds
[2025-04-21T17:42:05.621-0400] {processor.py:161} INFO - Started process (PID=88143) to work on /Users/gaurav/Documents/Breast-Cancer-ML-Pipeline/venv/lib/python3.9/site-packages/airflow/example_dags/example_trigger_controller_dag.py
[2025-04-21T17:42:05.623-0400] {processor.py:830} INFO - Processing file /Users/gaurav/Documents/Breast-Cancer-ML-Pipeline/venv/lib/python3.9/site-packages/airflow/example_dags/example_trigger_controller_dag.py for tasks to queue
[2025-04-21T17:42:05.623-0400] {logging_mixin.py:188} INFO - [2025-04-21T17:42:05.623-0400] {dagbag.py:538} INFO - Filling up the DagBag from /Users/gaurav/Documents/Breast-Cancer-ML-Pipeline/venv/lib/python3.9/site-packages/airflow/example_dags/example_trigger_controller_dag.py
[2025-04-21T17:42:05.631-0400] {processor.py:840} INFO - DAG(s) 'example_trigger_controller_dag' retrieved from /Users/gaurav/Documents/Breast-Cancer-ML-Pipeline/venv/lib/python3.9/site-packages/airflow/example_dags/example_trigger_controller_dag.py
[2025-04-21T17:42:05.692-0400] {logging_mixin.py:188} INFO - [2025-04-21T17:42:05.691-0400] {dag.py:3036} INFO - Sync 1 DAGs
[2025-04-21T17:42:05.703-0400] {logging_mixin.py:188} INFO - [2025-04-21T17:42:05.703-0400] {dag.py:3823} INFO - Setting next_dagrun for example_trigger_controller_dag to 2021-01-01 00:00:00+00:00, run_after=2021-01-01 00:00:00+00:00
[2025-04-21T17:42:05.715-0400] {processor.py:183} INFO - Processing /Users/gaurav/Documents/Breast-Cancer-ML-Pipeline/venv/lib/python3.9/site-packages/airflow/example_dags/example_trigger_controller_dag.py took 0.095 seconds
[2025-04-21T17:43:16.912-0400] {processor.py:161} INFO - Started process (PID=88222) to work on /Users/gaurav/Documents/Breast-Cancer-ML-Pipeline/venv/lib/python3.9/site-packages/airflow/example_dags/example_trigger_controller_dag.py
[2025-04-21T17:43:16.914-0400] {processor.py:830} INFO - Processing file /Users/gaurav/Documents/Breast-Cancer-ML-Pipeline/venv/lib/python3.9/site-packages/airflow/example_dags/example_trigger_controller_dag.py for tasks to queue
[2025-04-21T17:43:16.915-0400] {logging_mixin.py:188} INFO - [2025-04-21T17:43:16.915-0400] {dagbag.py:538} INFO - Filling up the DagBag from /Users/gaurav/Documents/Breast-Cancer-ML-Pipeline/venv/lib/python3.9/site-packages/airflow/example_dags/example_trigger_controller_dag.py
[2025-04-21T17:43:16.922-0400] {processor.py:840} INFO - DAG(s) 'example_trigger_controller_dag' retrieved from /Users/gaurav/Documents/Breast-Cancer-ML-Pipeline/venv/lib/python3.9/site-packages/airflow/example_dags/example_trigger_controller_dag.py
[2025-04-21T17:43:16.981-0400] {logging_mixin.py:188} INFO - [2025-04-21T17:43:16.981-0400] {dag.py:3036} INFO - Sync 1 DAGs
[2025-04-21T17:43:16.993-0400] {logging_mixin.py:188} INFO - [2025-04-21T17:43:16.993-0400] {dag.py:3823} INFO - Setting next_dagrun for example_trigger_controller_dag to 2021-01-01 00:00:00+00:00, run_after=2021-01-01 00:00:00+00:00
[2025-04-21T17:43:17.005-0400] {processor.py:183} INFO - Processing /Users/gaurav/Documents/Breast-Cancer-ML-Pipeline/venv/lib/python3.9/site-packages/airflow/example_dags/example_trigger_controller_dag.py took 0.094 seconds
[2025-04-21T17:44:28.680-0400] {processor.py:161} INFO - Started process (PID=88310) to work on /Users/gaurav/Documents/Breast-Cancer-ML-Pipeline/venv/lib/python3.9/site-packages/airflow/example_dags/example_trigger_controller_dag.py
[2025-04-21T17:44:28.682-0400] {processor.py:830} INFO - Processing file /Users/gaurav/Documents/Breast-Cancer-ML-Pipeline/venv/lib/python3.9/site-packages/airflow/example_dags/example_trigger_controller_dag.py for tasks to queue
[2025-04-21T17:44:28.683-0400] {logging_mixin.py:188} INFO - [2025-04-21T17:44:28.683-0400] {dagbag.py:538} INFO - Filling up the DagBag from /Users/gaurav/Documents/Breast-Cancer-ML-Pipeline/venv/lib/python3.9/site-packages/airflow/example_dags/example_trigger_controller_dag.py
[2025-04-21T17:44:28.690-0400] {processor.py:840} INFO - DAG(s) 'example_trigger_controller_dag' retrieved from /Users/gaurav/Documents/Breast-Cancer-ML-Pipeline/venv/lib/python3.9/site-packages/airflow/example_dags/example_trigger_controller_dag.py
[2025-04-21T17:44:28.750-0400] {logging_mixin.py:188} INFO - [2025-04-21T17:44:28.749-0400] {dag.py:3036} INFO - Sync 1 DAGs
[2025-04-21T17:44:28.761-0400] {logging_mixin.py:188} INFO - [2025-04-21T17:44:28.761-0400] {dag.py:3823} INFO - Setting next_dagrun for example_trigger_controller_dag to 2021-01-01 00:00:00+00:00, run_after=2021-01-01 00:00:00+00:00
[2025-04-21T17:44:28.773-0400] {processor.py:183} INFO - Processing /Users/gaurav/Documents/Breast-Cancer-ML-Pipeline/venv/lib/python3.9/site-packages/airflow/example_dags/example_trigger_controller_dag.py took 0.094 seconds
[2025-04-21T17:45:27.044-0400] {processor.py:161} INFO - Started process (PID=88397) to work on /Users/gaurav/Documents/Breast-Cancer-ML-Pipeline/venv/lib/python3.9/site-packages/airflow/example_dags/example_trigger_controller_dag.py
[2025-04-21T17:45:27.045-0400] {processor.py:830} INFO - Processing file /Users/gaurav/Documents/Breast-Cancer-ML-Pipeline/venv/lib/python3.9/site-packages/airflow/example_dags/example_trigger_controller_dag.py for tasks to queue
[2025-04-21T17:45:27.046-0400] {logging_mixin.py:188} INFO - [2025-04-21T17:45:27.046-0400] {dagbag.py:538} INFO - Filling up the DagBag from /Users/gaurav/Documents/Breast-Cancer-ML-Pipeline/venv/lib/python3.9/site-packages/airflow/example_dags/example_trigger_controller_dag.py
[2025-04-21T17:45:27.052-0400] {processor.py:840} INFO - DAG(s) 'example_trigger_controller_dag' retrieved from /Users/gaurav/Documents/Breast-Cancer-ML-Pipeline/venv/lib/python3.9/site-packages/airflow/example_dags/example_trigger_controller_dag.py
[2025-04-21T17:45:27.101-0400] {logging_mixin.py:188} INFO - [2025-04-21T17:45:27.101-0400] {dag.py:3036} INFO - Sync 1 DAGs
[2025-04-21T17:45:27.110-0400] {logging_mixin.py:188} INFO - [2025-04-21T17:45:27.110-0400] {dag.py:3823} INFO - Setting next_dagrun for example_trigger_controller_dag to 2021-01-01 00:00:00+00:00, run_after=2021-01-01 00:00:00+00:00
[2025-04-21T17:45:27.120-0400] {processor.py:183} INFO - Processing /Users/gaurav/Documents/Breast-Cancer-ML-Pipeline/venv/lib/python3.9/site-packages/airflow/example_dags/example_trigger_controller_dag.py took 0.076 seconds
[2025-04-21T17:46:14.540-0400] {processor.py:161} INFO - Started process (PID=88522) to work on /Users/gaurav/Documents/Breast-Cancer-ML-Pipeline/venv/lib/python3.9/site-packages/airflow/example_dags/example_trigger_controller_dag.py
[2025-04-21T17:46:14.541-0400] {processor.py:830} INFO - Processing file /Users/gaurav/Documents/Breast-Cancer-ML-Pipeline/venv/lib/python3.9/site-packages/airflow/example_dags/example_trigger_controller_dag.py for tasks to queue
[2025-04-21T17:46:14.542-0400] {logging_mixin.py:188} INFO - [2025-04-21T17:46:14.542-0400] {dagbag.py:538} INFO - Filling up the DagBag from /Users/gaurav/Documents/Breast-Cancer-ML-Pipeline/venv/lib/python3.9/site-packages/airflow/example_dags/example_trigger_controller_dag.py
[2025-04-21T17:46:14.548-0400] {processor.py:840} INFO - DAG(s) 'example_trigger_controller_dag' retrieved from /Users/gaurav/Documents/Breast-Cancer-ML-Pipeline/venv/lib/python3.9/site-packages/airflow/example_dags/example_trigger_controller_dag.py
[2025-04-21T17:46:14.597-0400] {logging_mixin.py:188} INFO - [2025-04-21T17:46:14.597-0400] {dag.py:3036} INFO - Sync 1 DAGs
[2025-04-21T17:46:14.606-0400] {logging_mixin.py:188} INFO - [2025-04-21T17:46:14.606-0400] {dag.py:3823} INFO - Setting next_dagrun for example_trigger_controller_dag to 2021-01-01 00:00:00+00:00, run_after=2021-01-01 00:00:00+00:00
[2025-04-21T17:46:14.615-0400] {processor.py:183} INFO - Processing /Users/gaurav/Documents/Breast-Cancer-ML-Pipeline/venv/lib/python3.9/site-packages/airflow/example_dags/example_trigger_controller_dag.py took 0.075 seconds
[2025-04-21T17:47:12.165-0400] {processor.py:161} INFO - Started process (PID=88591) to work on /Users/gaurav/Documents/Breast-Cancer-ML-Pipeline/venv/lib/python3.9/site-packages/airflow/example_dags/example_trigger_controller_dag.py
[2025-04-21T17:47:12.166-0400] {processor.py:830} INFO - Processing file /Users/gaurav/Documents/Breast-Cancer-ML-Pipeline/venv/lib/python3.9/site-packages/airflow/example_dags/example_trigger_controller_dag.py for tasks to queue
[2025-04-21T17:47:12.166-0400] {logging_mixin.py:188} INFO - [2025-04-21T17:47:12.166-0400] {dagbag.py:538} INFO - Filling up the DagBag from /Users/gaurav/Documents/Breast-Cancer-ML-Pipeline/venv/lib/python3.9/site-packages/airflow/example_dags/example_trigger_controller_dag.py
[2025-04-21T17:47:12.172-0400] {processor.py:840} INFO - DAG(s) 'example_trigger_controller_dag' retrieved from /Users/gaurav/Documents/Breast-Cancer-ML-Pipeline/venv/lib/python3.9/site-packages/airflow/example_dags/example_trigger_controller_dag.py
[2025-04-21T17:47:12.219-0400] {logging_mixin.py:188} INFO - [2025-04-21T17:47:12.219-0400] {dag.py:3036} INFO - Sync 1 DAGs
[2025-04-21T17:47:12.228-0400] {logging_mixin.py:188} INFO - [2025-04-21T17:47:12.228-0400] {dag.py:3823} INFO - Setting next_dagrun for example_trigger_controller_dag to 2021-01-01 00:00:00+00:00, run_after=2021-01-01 00:00:00+00:00
[2025-04-21T17:47:12.237-0400] {processor.py:183} INFO - Processing /Users/gaurav/Documents/Breast-Cancer-ML-Pipeline/venv/lib/python3.9/site-packages/airflow/example_dags/example_trigger_controller_dag.py took 0.073 seconds
[2025-04-21T17:48:01.655-0400] {processor.py:161} INFO - Started process (PID=88654) to work on /Users/gaurav/Documents/Breast-Cancer-ML-Pipeline/venv/lib/python3.9/site-packages/airflow/example_dags/example_trigger_controller_dag.py
[2025-04-21T17:48:01.656-0400] {processor.py:830} INFO - Processing file /Users/gaurav/Documents/Breast-Cancer-ML-Pipeline/venv/lib/python3.9/site-packages/airflow/example_dags/example_trigger_controller_dag.py for tasks to queue
[2025-04-21T17:48:01.656-0400] {logging_mixin.py:188} INFO - [2025-04-21T17:48:01.656-0400] {dagbag.py:538} INFO - Filling up the DagBag from /Users/gaurav/Documents/Breast-Cancer-ML-Pipeline/venv/lib/python3.9/site-packages/airflow/example_dags/example_trigger_controller_dag.py
[2025-04-21T17:48:01.662-0400] {processor.py:840} INFO - DAG(s) 'example_trigger_controller_dag' retrieved from /Users/gaurav/Documents/Breast-Cancer-ML-Pipeline/venv/lib/python3.9/site-packages/airflow/example_dags/example_trigger_controller_dag.py
[2025-04-21T17:48:01.711-0400] {logging_mixin.py:188} INFO - [2025-04-21T17:48:01.711-0400] {dag.py:3036} INFO - Sync 1 DAGs
[2025-04-21T17:48:01.720-0400] {logging_mixin.py:188} INFO - [2025-04-21T17:48:01.720-0400] {dag.py:3823} INFO - Setting next_dagrun for example_trigger_controller_dag to 2021-01-01 00:00:00+00:00, run_after=2021-01-01 00:00:00+00:00
[2025-04-21T17:48:01.730-0400] {processor.py:183} INFO - Processing /Users/gaurav/Documents/Breast-Cancer-ML-Pipeline/venv/lib/python3.9/site-packages/airflow/example_dags/example_trigger_controller_dag.py took 0.075 seconds
[2025-04-21T17:48:46.361-0400] {processor.py:161} INFO - Started process (PID=88724) to work on /Users/gaurav/Documents/Breast-Cancer-ML-Pipeline/venv/lib/python3.9/site-packages/airflow/example_dags/example_trigger_controller_dag.py
[2025-04-21T17:48:46.362-0400] {processor.py:830} INFO - Processing file /Users/gaurav/Documents/Breast-Cancer-ML-Pipeline/venv/lib/python3.9/site-packages/airflow/example_dags/example_trigger_controller_dag.py for tasks to queue
[2025-04-21T17:48:46.363-0400] {logging_mixin.py:188} INFO - [2025-04-21T17:48:46.363-0400] {dagbag.py:538} INFO - Filling up the DagBag from /Users/gaurav/Documents/Breast-Cancer-ML-Pipeline/venv/lib/python3.9/site-packages/airflow/example_dags/example_trigger_controller_dag.py
[2025-04-21T17:48:46.369-0400] {processor.py:840} INFO - DAG(s) 'example_trigger_controller_dag' retrieved from /Users/gaurav/Documents/Breast-Cancer-ML-Pipeline/venv/lib/python3.9/site-packages/airflow/example_dags/example_trigger_controller_dag.py
[2025-04-21T17:48:46.417-0400] {logging_mixin.py:188} INFO - [2025-04-21T17:48:46.417-0400] {dag.py:3036} INFO - Sync 1 DAGs
[2025-04-21T17:48:46.426-0400] {logging_mixin.py:188} INFO - [2025-04-21T17:48:46.425-0400] {dag.py:3823} INFO - Setting next_dagrun for example_trigger_controller_dag to 2021-01-01 00:00:00+00:00, run_after=2021-01-01 00:00:00+00:00
[2025-04-21T17:48:46.435-0400] {processor.py:183} INFO - Processing /Users/gaurav/Documents/Breast-Cancer-ML-Pipeline/venv/lib/python3.9/site-packages/airflow/example_dags/example_trigger_controller_dag.py took 0.075 seconds
[2025-04-21T17:49:28.838-0400] {processor.py:161} INFO - Started process (PID=88779) to work on /Users/gaurav/Documents/Breast-Cancer-ML-Pipeline/venv/lib/python3.9/site-packages/airflow/example_dags/example_trigger_controller_dag.py
[2025-04-21T17:49:28.839-0400] {processor.py:830} INFO - Processing file /Users/gaurav/Documents/Breast-Cancer-ML-Pipeline/venv/lib/python3.9/site-packages/airflow/example_dags/example_trigger_controller_dag.py for tasks to queue
[2025-04-21T17:49:28.839-0400] {logging_mixin.py:188} INFO - [2025-04-21T17:49:28.839-0400] {dagbag.py:538} INFO - Filling up the DagBag from /Users/gaurav/Documents/Breast-Cancer-ML-Pipeline/venv/lib/python3.9/site-packages/airflow/example_dags/example_trigger_controller_dag.py
[2025-04-21T17:49:28.845-0400] {processor.py:840} INFO - DAG(s) 'example_trigger_controller_dag' retrieved from /Users/gaurav/Documents/Breast-Cancer-ML-Pipeline/venv/lib/python3.9/site-packages/airflow/example_dags/example_trigger_controller_dag.py
[2025-04-21T17:49:28.891-0400] {logging_mixin.py:188} INFO - [2025-04-21T17:49:28.891-0400] {dag.py:3036} INFO - Sync 1 DAGs
[2025-04-21T17:49:28.900-0400] {logging_mixin.py:188} INFO - [2025-04-21T17:49:28.900-0400] {dag.py:3823} INFO - Setting next_dagrun for example_trigger_controller_dag to 2021-01-01 00:00:00+00:00, run_after=2021-01-01 00:00:00+00:00
[2025-04-21T17:49:28.910-0400] {processor.py:183} INFO - Processing /Users/gaurav/Documents/Breast-Cancer-ML-Pipeline/venv/lib/python3.9/site-packages/airflow/example_dags/example_trigger_controller_dag.py took 0.073 seconds
[2025-04-21T17:50:13.709-0400] {processor.py:161} INFO - Started process (PID=88839) to work on /Users/gaurav/Documents/Breast-Cancer-ML-Pipeline/venv/lib/python3.9/site-packages/airflow/example_dags/example_trigger_controller_dag.py
[2025-04-21T17:50:13.710-0400] {processor.py:830} INFO - Processing file /Users/gaurav/Documents/Breast-Cancer-ML-Pipeline/venv/lib/python3.9/site-packages/airflow/example_dags/example_trigger_controller_dag.py for tasks to queue
[2025-04-21T17:50:13.711-0400] {logging_mixin.py:188} INFO - [2025-04-21T17:50:13.711-0400] {dagbag.py:538} INFO - Filling up the DagBag from /Users/gaurav/Documents/Breast-Cancer-ML-Pipeline/venv/lib/python3.9/site-packages/airflow/example_dags/example_trigger_controller_dag.py
[2025-04-21T17:50:13.717-0400] {processor.py:840} INFO - DAG(s) 'example_trigger_controller_dag' retrieved from /Users/gaurav/Documents/Breast-Cancer-ML-Pipeline/venv/lib/python3.9/site-packages/airflow/example_dags/example_trigger_controller_dag.py
[2025-04-21T17:50:13.766-0400] {logging_mixin.py:188} INFO - [2025-04-21T17:50:13.765-0400] {dag.py:3036} INFO - Sync 1 DAGs
[2025-04-21T17:50:13.775-0400] {logging_mixin.py:188} INFO - [2025-04-21T17:50:13.774-0400] {dag.py:3823} INFO - Setting next_dagrun for example_trigger_controller_dag to 2021-01-01 00:00:00+00:00, run_after=2021-01-01 00:00:00+00:00
[2025-04-21T17:50:13.784-0400] {processor.py:183} INFO - Processing /Users/gaurav/Documents/Breast-Cancer-ML-Pipeline/venv/lib/python3.9/site-packages/airflow/example_dags/example_trigger_controller_dag.py took 0.076 seconds
[2025-04-21T17:51:06.877-0400] {processor.py:161} INFO - Started process (PID=88914) to work on /Users/gaurav/Documents/Breast-Cancer-ML-Pipeline/venv/lib/python3.9/site-packages/airflow/example_dags/example_trigger_controller_dag.py
[2025-04-21T17:51:06.879-0400] {processor.py:830} INFO - Processing file /Users/gaurav/Documents/Breast-Cancer-ML-Pipeline/venv/lib/python3.9/site-packages/airflow/example_dags/example_trigger_controller_dag.py for tasks to queue
[2025-04-21T17:51:06.879-0400] {logging_mixin.py:188} INFO - [2025-04-21T17:51:06.879-0400] {dagbag.py:538} INFO - Filling up the DagBag from /Users/gaurav/Documents/Breast-Cancer-ML-Pipeline/venv/lib/python3.9/site-packages/airflow/example_dags/example_trigger_controller_dag.py
[2025-04-21T17:51:06.885-0400] {processor.py:840} INFO - DAG(s) 'example_trigger_controller_dag' retrieved from /Users/gaurav/Documents/Breast-Cancer-ML-Pipeline/venv/lib/python3.9/site-packages/airflow/example_dags/example_trigger_controller_dag.py
[2025-04-21T17:51:06.935-0400] {logging_mixin.py:188} INFO - [2025-04-21T17:51:06.934-0400] {dag.py:3036} INFO - Sync 1 DAGs
[2025-04-21T17:51:06.945-0400] {logging_mixin.py:188} INFO - [2025-04-21T17:51:06.945-0400] {dag.py:3823} INFO - Setting next_dagrun for example_trigger_controller_dag to 2021-01-01 00:00:00+00:00, run_after=2021-01-01 00:00:00+00:00
[2025-04-21T17:51:06.956-0400] {processor.py:183} INFO - Processing /Users/gaurav/Documents/Breast-Cancer-ML-Pipeline/venv/lib/python3.9/site-packages/airflow/example_dags/example_trigger_controller_dag.py took 0.079 seconds
[2025-04-21T17:51:58.837-0400] {processor.py:161} INFO - Started process (PID=88987) to work on /Users/gaurav/Documents/Breast-Cancer-ML-Pipeline/venv/lib/python3.9/site-packages/airflow/example_dags/example_trigger_controller_dag.py
[2025-04-21T17:51:58.838-0400] {processor.py:830} INFO - Processing file /Users/gaurav/Documents/Breast-Cancer-ML-Pipeline/venv/lib/python3.9/site-packages/airflow/example_dags/example_trigger_controller_dag.py for tasks to queue
[2025-04-21T17:51:58.838-0400] {logging_mixin.py:188} INFO - [2025-04-21T17:51:58.838-0400] {dagbag.py:538} INFO - Filling up the DagBag from /Users/gaurav/Documents/Breast-Cancer-ML-Pipeline/venv/lib/python3.9/site-packages/airflow/example_dags/example_trigger_controller_dag.py
[2025-04-21T17:51:58.845-0400] {processor.py:840} INFO - DAG(s) 'example_trigger_controller_dag' retrieved from /Users/gaurav/Documents/Breast-Cancer-ML-Pipeline/venv/lib/python3.9/site-packages/airflow/example_dags/example_trigger_controller_dag.py
[2025-04-21T17:51:58.897-0400] {logging_mixin.py:188} INFO - [2025-04-21T17:51:58.897-0400] {dag.py:3036} INFO - Sync 1 DAGs
[2025-04-21T17:51:58.907-0400] {logging_mixin.py:188} INFO - [2025-04-21T17:51:58.907-0400] {dag.py:3823} INFO - Setting next_dagrun for example_trigger_controller_dag to 2021-01-01 00:00:00+00:00, run_after=2021-01-01 00:00:00+00:00
[2025-04-21T17:51:58.917-0400] {processor.py:183} INFO - Processing /Users/gaurav/Documents/Breast-Cancer-ML-Pipeline/venv/lib/python3.9/site-packages/airflow/example_dags/example_trigger_controller_dag.py took 0.081 seconds
[2025-04-21T17:52:52.306-0400] {processor.py:161} INFO - Started process (PID=89060) to work on /Users/gaurav/Documents/Breast-Cancer-ML-Pipeline/venv/lib/python3.9/site-packages/airflow/example_dags/example_trigger_controller_dag.py
[2025-04-21T17:52:52.308-0400] {processor.py:830} INFO - Processing file /Users/gaurav/Documents/Breast-Cancer-ML-Pipeline/venv/lib/python3.9/site-packages/airflow/example_dags/example_trigger_controller_dag.py for tasks to queue
[2025-04-21T17:52:52.308-0400] {logging_mixin.py:188} INFO - [2025-04-21T17:52:52.308-0400] {dagbag.py:538} INFO - Filling up the DagBag from /Users/gaurav/Documents/Breast-Cancer-ML-Pipeline/venv/lib/python3.9/site-packages/airflow/example_dags/example_trigger_controller_dag.py
[2025-04-21T17:52:52.314-0400] {processor.py:840} INFO - DAG(s) 'example_trigger_controller_dag' retrieved from /Users/gaurav/Documents/Breast-Cancer-ML-Pipeline/venv/lib/python3.9/site-packages/airflow/example_dags/example_trigger_controller_dag.py
[2025-04-21T17:52:52.367-0400] {logging_mixin.py:188} INFO - [2025-04-21T17:52:52.366-0400] {dag.py:3036} INFO - Sync 1 DAGs
[2025-04-21T17:52:52.377-0400] {logging_mixin.py:188} INFO - [2025-04-21T17:52:52.377-0400] {dag.py:3823} INFO - Setting next_dagrun for example_trigger_controller_dag to 2021-01-01 00:00:00+00:00, run_after=2021-01-01 00:00:00+00:00
[2025-04-21T17:52:52.392-0400] {processor.py:183} INFO - Processing /Users/gaurav/Documents/Breast-Cancer-ML-Pipeline/venv/lib/python3.9/site-packages/airflow/example_dags/example_trigger_controller_dag.py took 0.087 seconds
[2025-04-21T17:53:41.095-0400] {processor.py:161} INFO - Started process (PID=89122) to work on /Users/gaurav/Documents/Breast-Cancer-ML-Pipeline/venv/lib/python3.9/site-packages/airflow/example_dags/example_trigger_controller_dag.py
[2025-04-21T17:53:41.097-0400] {processor.py:830} INFO - Processing file /Users/gaurav/Documents/Breast-Cancer-ML-Pipeline/venv/lib/python3.9/site-packages/airflow/example_dags/example_trigger_controller_dag.py for tasks to queue
[2025-04-21T17:53:41.097-0400] {logging_mixin.py:188} INFO - [2025-04-21T17:53:41.097-0400] {dagbag.py:538} INFO - Filling up the DagBag from /Users/gaurav/Documents/Breast-Cancer-ML-Pipeline/venv/lib/python3.9/site-packages/airflow/example_dags/example_trigger_controller_dag.py
[2025-04-21T17:53:41.103-0400] {processor.py:840} INFO - DAG(s) 'example_trigger_controller_dag' retrieved from /Users/gaurav/Documents/Breast-Cancer-ML-Pipeline/venv/lib/python3.9/site-packages/airflow/example_dags/example_trigger_controller_dag.py
[2025-04-21T17:53:41.151-0400] {logging_mixin.py:188} INFO - [2025-04-21T17:53:41.150-0400] {dag.py:3036} INFO - Sync 1 DAGs
[2025-04-21T17:53:41.159-0400] {logging_mixin.py:188} INFO - [2025-04-21T17:53:41.159-0400] {dag.py:3823} INFO - Setting next_dagrun for example_trigger_controller_dag to 2021-01-01 00:00:00+00:00, run_after=2021-01-01 00:00:00+00:00
[2025-04-21T17:53:41.173-0400] {processor.py:183} INFO - Processing /Users/gaurav/Documents/Breast-Cancer-ML-Pipeline/venv/lib/python3.9/site-packages/airflow/example_dags/example_trigger_controller_dag.py took 0.079 seconds
[2025-04-21T17:54:34.321-0400] {processor.py:161} INFO - Started process (PID=89205) to work on /Users/gaurav/Documents/Breast-Cancer-ML-Pipeline/venv/lib/python3.9/site-packages/airflow/example_dags/example_trigger_controller_dag.py
[2025-04-21T17:54:34.323-0400] {processor.py:830} INFO - Processing file /Users/gaurav/Documents/Breast-Cancer-ML-Pipeline/venv/lib/python3.9/site-packages/airflow/example_dags/example_trigger_controller_dag.py for tasks to queue
[2025-04-21T17:54:34.323-0400] {logging_mixin.py:188} INFO - [2025-04-21T17:54:34.323-0400] {dagbag.py:538} INFO - Filling up the DagBag from /Users/gaurav/Documents/Breast-Cancer-ML-Pipeline/venv/lib/python3.9/site-packages/airflow/example_dags/example_trigger_controller_dag.py
[2025-04-21T17:54:34.329-0400] {processor.py:840} INFO - DAG(s) 'example_trigger_controller_dag' retrieved from /Users/gaurav/Documents/Breast-Cancer-ML-Pipeline/venv/lib/python3.9/site-packages/airflow/example_dags/example_trigger_controller_dag.py
[2025-04-21T17:54:34.376-0400] {logging_mixin.py:188} INFO - [2025-04-21T17:54:34.375-0400] {dag.py:3036} INFO - Sync 1 DAGs
[2025-04-21T17:54:34.384-0400] {logging_mixin.py:188} INFO - [2025-04-21T17:54:34.384-0400] {dag.py:3823} INFO - Setting next_dagrun for example_trigger_controller_dag to 2021-01-01 00:00:00+00:00, run_after=2021-01-01 00:00:00+00:00
[2025-04-21T17:54:34.394-0400] {processor.py:183} INFO - Processing /Users/gaurav/Documents/Breast-Cancer-ML-Pipeline/venv/lib/python3.9/site-packages/airflow/example_dags/example_trigger_controller_dag.py took 0.074 seconds
[2025-04-21T17:55:28.512-0400] {processor.py:161} INFO - Started process (PID=89356) to work on /Users/gaurav/Documents/Breast-Cancer-ML-Pipeline/venv/lib/python3.9/site-packages/airflow/example_dags/example_trigger_controller_dag.py
[2025-04-21T17:55:28.513-0400] {processor.py:830} INFO - Processing file /Users/gaurav/Documents/Breast-Cancer-ML-Pipeline/venv/lib/python3.9/site-packages/airflow/example_dags/example_trigger_controller_dag.py for tasks to queue
[2025-04-21T17:55:28.514-0400] {logging_mixin.py:188} INFO - [2025-04-21T17:55:28.513-0400] {dagbag.py:538} INFO - Filling up the DagBag from /Users/gaurav/Documents/Breast-Cancer-ML-Pipeline/venv/lib/python3.9/site-packages/airflow/example_dags/example_trigger_controller_dag.py
[2025-04-21T17:55:28.519-0400] {processor.py:840} INFO - DAG(s) 'example_trigger_controller_dag' retrieved from /Users/gaurav/Documents/Breast-Cancer-ML-Pipeline/venv/lib/python3.9/site-packages/airflow/example_dags/example_trigger_controller_dag.py
[2025-04-21T17:55:28.570-0400] {logging_mixin.py:188} INFO - [2025-04-21T17:55:28.570-0400] {dag.py:3036} INFO - Sync 1 DAGs
[2025-04-21T17:55:28.580-0400] {logging_mixin.py:188} INFO - [2025-04-21T17:55:28.580-0400] {dag.py:3823} INFO - Setting next_dagrun for example_trigger_controller_dag to 2021-01-01 00:00:00+00:00, run_after=2021-01-01 00:00:00+00:00
[2025-04-21T17:55:28.592-0400] {processor.py:183} INFO - Processing /Users/gaurav/Documents/Breast-Cancer-ML-Pipeline/venv/lib/python3.9/site-packages/airflow/example_dags/example_trigger_controller_dag.py took 0.080 seconds
