[2025-04-21T16:38:43.950-0400] {processor.py:161} INFO - Started process (PID=83522) to work on /Users/gaurav/Documents/Breast-Cancer-ML-Pipeline/venv/lib/python3.9/site-packages/airflow/example_dags/example_time_delta_sensor_async.py
[2025-04-21T16:38:43.951-0400] {processor.py:830} INFO - Processing file /Users/gaurav/Documents/Breast-Cancer-ML-Pipeline/venv/lib/python3.9/site-packages/airflow/example_dags/example_time_delta_sensor_async.py for tasks to queue
[2025-04-21T16:38:43.951-0400] {logging_mixin.py:188} INFO - [2025-04-21T16:38:43.951-0400] {dagbag.py:538} INFO - Filling up the DagBag from /Users/gaurav/Documents/Breast-Cancer-ML-Pipeline/venv/lib/python3.9/site-packages/airflow/example_dags/example_time_delta_sensor_async.py
[2025-04-21T16:38:43.957-0400] {processor.py:840} INFO - DAG(s) 'example_time_delta_sensor_async' retrieved from /Users/gaurav/Documents/Breast-Cancer-ML-Pipeline/venv/lib/python3.9/site-packages/airflow/example_dags/example_time_delta_sensor_async.py
[2025-04-21T16:38:44.085-0400] {logging_mixin.py:188} INFO - [2025-04-21T16:38:44.085-0400] {override.py:1769} INFO - Created Permission View: can delete on DAG:example_time_delta_sensor_async
[2025-04-21T16:38:44.091-0400] {logging_mixin.py:188} INFO - [2025-04-21T16:38:44.091-0400] {override.py:1769} INFO - Created Permission View: can read on DAG:example_time_delta_sensor_async
[2025-04-21T16:38:44.094-0400] {logging_mixin.py:188} INFO - [2025-04-21T16:38:44.094-0400] {override.py:1769} INFO - Created Permission View: can edit on DAG:example_time_delta_sensor_async
[2025-04-21T16:38:44.095-0400] {logging_mixin.py:188} INFO - [2025-04-21T16:38:44.094-0400] {dag.py:3036} INFO - Sync 1 DAGs
[2025-04-21T16:38:44.101-0400] {logging_mixin.py:188} INFO - [2025-04-21T16:38:44.101-0400] {dag.py:3058} INFO - Creating ORM DAG for example_time_delta_sensor_async
[2025-04-21T16:38:44.101-0400] {logging_mixin.py:188} INFO - [2025-04-21T16:38:44.101-0400] {dag.py:3823} INFO - Setting next_dagrun for example_time_delta_sensor_async to None, run_after=None
[2025-04-21T16:38:44.113-0400] {processor.py:183} INFO - Processing /Users/gaurav/Documents/Breast-Cancer-ML-Pipeline/venv/lib/python3.9/site-packages/airflow/example_dags/example_time_delta_sensor_async.py took 0.164 seconds
[2025-04-21T16:40:39.365-0400] {processor.py:161} INFO - Started process (PID=83630) to work on /Users/gaurav/Documents/Breast-Cancer-ML-Pipeline/venv/lib/python3.9/site-packages/airflow/example_dags/example_time_delta_sensor_async.py
[2025-04-21T16:40:39.367-0400] {processor.py:830} INFO - Processing file /Users/gaurav/Documents/Breast-Cancer-ML-Pipeline/venv/lib/python3.9/site-packages/airflow/example_dags/example_time_delta_sensor_async.py for tasks to queue
[2025-04-21T16:40:39.367-0400] {logging_mixin.py:188} INFO - [2025-04-21T16:40:39.367-0400] {dagbag.py:538} INFO - Filling up the DagBag from /Users/gaurav/Documents/Breast-Cancer-ML-Pipeline/venv/lib/python3.9/site-packages/airflow/example_dags/example_time_delta_sensor_async.py
[2025-04-21T16:40:39.374-0400] {processor.py:840} INFO - DAG(s) 'example_time_delta_sensor_async' retrieved from /Users/gaurav/Documents/Breast-Cancer-ML-Pipeline/venv/lib/python3.9/site-packages/airflow/example_dags/example_time_delta_sensor_async.py
[2025-04-21T16:40:39.451-0400] {logging_mixin.py:188} INFO - [2025-04-21T16:40:39.450-0400] {dag.py:3036} INFO - Sync 1 DAGs
[2025-04-21T16:40:39.458-0400] {logging_mixin.py:188} INFO - [2025-04-21T16:40:39.458-0400] {dag.py:3823} INFO - Setting next_dagrun for example_time_delta_sensor_async to None, run_after=None
[2025-04-21T16:40:39.472-0400] {processor.py:183} INFO - Processing /Users/gaurav/Documents/Breast-Cancer-ML-Pipeline/venv/lib/python3.9/site-packages/airflow/example_dags/example_time_delta_sensor_async.py took 0.109 seconds
[2025-04-21T16:42:00.197-0400] {processor.py:161} INFO - Started process (PID=83693) to work on /Users/gaurav/Documents/Breast-Cancer-ML-Pipeline/venv/lib/python3.9/site-packages/airflow/example_dags/example_time_delta_sensor_async.py
[2025-04-21T16:42:00.199-0400] {processor.py:830} INFO - Processing file /Users/gaurav/Documents/Breast-Cancer-ML-Pipeline/venv/lib/python3.9/site-packages/airflow/example_dags/example_time_delta_sensor_async.py for tasks to queue
[2025-04-21T16:42:00.200-0400] {logging_mixin.py:188} INFO - [2025-04-21T16:42:00.200-0400] {dagbag.py:538} INFO - Filling up the DagBag from /Users/gaurav/Documents/Breast-Cancer-ML-Pipeline/venv/lib/python3.9/site-packages/airflow/example_dags/example_time_delta_sensor_async.py
[2025-04-21T16:42:00.206-0400] {processor.py:840} INFO - DAG(s) 'example_time_delta_sensor_async' retrieved from /Users/gaurav/Documents/Breast-Cancer-ML-Pipeline/venv/lib/python3.9/site-packages/airflow/example_dags/example_time_delta_sensor_async.py
[2025-04-21T16:42:00.280-0400] {logging_mixin.py:188} INFO - [2025-04-21T16:42:00.280-0400] {dag.py:3036} INFO - Sync 1 DAGs
[2025-04-21T16:42:00.288-0400] {logging_mixin.py:188} INFO - [2025-04-21T16:42:00.288-0400] {dag.py:3823} INFO - Setting next_dagrun for example_time_delta_sensor_async to None, run_after=None
[2025-04-21T16:42:00.300-0400] {processor.py:183} INFO - Processing /Users/gaurav/Documents/Breast-Cancer-ML-Pipeline/venv/lib/python3.9/site-packages/airflow/example_dags/example_time_delta_sensor_async.py took 0.103 seconds
[2025-04-21T16:43:20.313-0400] {processor.py:161} INFO - Started process (PID=83759) to work on /Users/gaurav/Documents/Breast-Cancer-ML-Pipeline/venv/lib/python3.9/site-packages/airflow/example_dags/example_time_delta_sensor_async.py
[2025-04-21T16:43:20.314-0400] {processor.py:830} INFO - Processing file /Users/gaurav/Documents/Breast-Cancer-ML-Pipeline/venv/lib/python3.9/site-packages/airflow/example_dags/example_time_delta_sensor_async.py for tasks to queue
[2025-04-21T16:43:20.315-0400] {logging_mixin.py:188} INFO - [2025-04-21T16:43:20.315-0400] {dagbag.py:538} INFO - Filling up the DagBag from /Users/gaurav/Documents/Breast-Cancer-ML-Pipeline/venv/lib/python3.9/site-packages/airflow/example_dags/example_time_delta_sensor_async.py
[2025-04-21T16:43:20.321-0400] {processor.py:840} INFO - DAG(s) 'example_time_delta_sensor_async' retrieved from /Users/gaurav/Documents/Breast-Cancer-ML-Pipeline/venv/lib/python3.9/site-packages/airflow/example_dags/example_time_delta_sensor_async.py
[2025-04-21T16:43:20.398-0400] {logging_mixin.py:188} INFO - [2025-04-21T16:43:20.398-0400] {dag.py:3036} INFO - Sync 1 DAGs
[2025-04-21T16:43:20.406-0400] {logging_mixin.py:188} INFO - [2025-04-21T16:43:20.406-0400] {dag.py:3823} INFO - Setting next_dagrun for example_time_delta_sensor_async to None, run_after=None
[2025-04-21T16:43:20.419-0400] {processor.py:183} INFO - Processing /Users/gaurav/Documents/Breast-Cancer-ML-Pipeline/venv/lib/python3.9/site-packages/airflow/example_dags/example_time_delta_sensor_async.py took 0.107 seconds
[2025-04-21T16:44:43.382-0400] {processor.py:161} INFO - Started process (PID=83843) to work on /Users/gaurav/Documents/Breast-Cancer-ML-Pipeline/venv/lib/python3.9/site-packages/airflow/example_dags/example_time_delta_sensor_async.py
[2025-04-21T16:44:43.385-0400] {processor.py:830} INFO - Processing file /Users/gaurav/Documents/Breast-Cancer-ML-Pipeline/venv/lib/python3.9/site-packages/airflow/example_dags/example_time_delta_sensor_async.py for tasks to queue
[2025-04-21T16:44:43.386-0400] {logging_mixin.py:188} INFO - [2025-04-21T16:44:43.386-0400] {dagbag.py:538} INFO - Filling up the DagBag from /Users/gaurav/Documents/Breast-Cancer-ML-Pipeline/venv/lib/python3.9/site-packages/airflow/example_dags/example_time_delta_sensor_async.py
[2025-04-21T16:44:43.392-0400] {processor.py:840} INFO - DAG(s) 'example_time_delta_sensor_async' retrieved from /Users/gaurav/Documents/Breast-Cancer-ML-Pipeline/venv/lib/python3.9/site-packages/airflow/example_dags/example_time_delta_sensor_async.py
[2025-04-21T16:44:43.467-0400] {logging_mixin.py:188} INFO - [2025-04-21T16:44:43.467-0400] {dag.py:3036} INFO - Sync 1 DAGs
[2025-04-21T16:44:43.474-0400] {logging_mixin.py:188} INFO - [2025-04-21T16:44:43.474-0400] {dag.py:3823} INFO - Setting next_dagrun for example_time_delta_sensor_async to None, run_after=None
[2025-04-21T16:44:43.487-0400] {processor.py:183} INFO - Processing /Users/gaurav/Documents/Breast-Cancer-ML-Pipeline/venv/lib/python3.9/site-packages/airflow/example_dags/example_time_delta_sensor_async.py took 0.107 seconds
[2025-04-21T16:46:45.681-0400] {processor.py:161} INFO - Started process (PID=84000) to work on /Users/gaurav/Documents/Breast-Cancer-ML-Pipeline/venv/lib/python3.9/site-packages/airflow/example_dags/example_time_delta_sensor_async.py
[2025-04-21T16:46:45.683-0400] {processor.py:830} INFO - Processing file /Users/gaurav/Documents/Breast-Cancer-ML-Pipeline/venv/lib/python3.9/site-packages/airflow/example_dags/example_time_delta_sensor_async.py for tasks to queue
[2025-04-21T16:46:45.683-0400] {logging_mixin.py:188} INFO - [2025-04-21T16:46:45.683-0400] {dagbag.py:538} INFO - Filling up the DagBag from /Users/gaurav/Documents/Breast-Cancer-ML-Pipeline/venv/lib/python3.9/site-packages/airflow/example_dags/example_time_delta_sensor_async.py
[2025-04-21T16:46:45.690-0400] {processor.py:840} INFO - DAG(s) 'example_time_delta_sensor_async' retrieved from /Users/gaurav/Documents/Breast-Cancer-ML-Pipeline/venv/lib/python3.9/site-packages/airflow/example_dags/example_time_delta_sensor_async.py
[2025-04-21T16:46:45.765-0400] {logging_mixin.py:188} INFO - [2025-04-21T16:46:45.764-0400] {dag.py:3036} INFO - Sync 1 DAGs
[2025-04-21T16:46:45.772-0400] {logging_mixin.py:188} INFO - [2025-04-21T16:46:45.772-0400] {dag.py:3823} INFO - Setting next_dagrun for example_time_delta_sensor_async to None, run_after=None
[2025-04-21T16:46:45.786-0400] {processor.py:183} INFO - Processing /Users/gaurav/Documents/Breast-Cancer-ML-Pipeline/venv/lib/python3.9/site-packages/airflow/example_dags/example_time_delta_sensor_async.py took 0.106 seconds
[2025-04-21T16:47:47.824-0400] {processor.py:161} INFO - Started process (PID=84066) to work on /Users/gaurav/Documents/Breast-Cancer-ML-Pipeline/venv/lib/python3.9/site-packages/airflow/example_dags/example_time_delta_sensor_async.py
[2025-04-21T16:47:47.826-0400] {processor.py:830} INFO - Processing file /Users/gaurav/Documents/Breast-Cancer-ML-Pipeline/venv/lib/python3.9/site-packages/airflow/example_dags/example_time_delta_sensor_async.py for tasks to queue
[2025-04-21T16:47:47.827-0400] {logging_mixin.py:188} INFO - [2025-04-21T16:47:47.826-0400] {dagbag.py:538} INFO - Filling up the DagBag from /Users/gaurav/Documents/Breast-Cancer-ML-Pipeline/venv/lib/python3.9/site-packages/airflow/example_dags/example_time_delta_sensor_async.py
[2025-04-21T16:47:47.833-0400] {processor.py:840} INFO - DAG(s) 'example_time_delta_sensor_async' retrieved from /Users/gaurav/Documents/Breast-Cancer-ML-Pipeline/venv/lib/python3.9/site-packages/airflow/example_dags/example_time_delta_sensor_async.py
[2025-04-21T16:47:47.904-0400] {logging_mixin.py:188} INFO - [2025-04-21T16:47:47.903-0400] {dag.py:3036} INFO - Sync 1 DAGs
[2025-04-21T16:47:47.910-0400] {logging_mixin.py:188} INFO - [2025-04-21T16:47:47.910-0400] {dag.py:3823} INFO - Setting next_dagrun for example_time_delta_sensor_async to None, run_after=None
[2025-04-21T16:47:47.923-0400] {processor.py:183} INFO - Processing /Users/gaurav/Documents/Breast-Cancer-ML-Pipeline/venv/lib/python3.9/site-packages/airflow/example_dags/example_time_delta_sensor_async.py took 0.100 seconds
[2025-04-21T16:48:59.575-0400] {processor.py:161} INFO - Started process (PID=84145) to work on /Users/gaurav/Documents/Breast-Cancer-ML-Pipeline/venv/lib/python3.9/site-packages/airflow/example_dags/example_time_delta_sensor_async.py
[2025-04-21T16:48:59.577-0400] {processor.py:830} INFO - Processing file /Users/gaurav/Documents/Breast-Cancer-ML-Pipeline/venv/lib/python3.9/site-packages/airflow/example_dags/example_time_delta_sensor_async.py for tasks to queue
[2025-04-21T16:48:59.577-0400] {logging_mixin.py:188} INFO - [2025-04-21T16:48:59.577-0400] {dagbag.py:538} INFO - Filling up the DagBag from /Users/gaurav/Documents/Breast-Cancer-ML-Pipeline/venv/lib/python3.9/site-packages/airflow/example_dags/example_time_delta_sensor_async.py
[2025-04-21T16:48:59.583-0400] {processor.py:840} INFO - DAG(s) 'example_time_delta_sensor_async' retrieved from /Users/gaurav/Documents/Breast-Cancer-ML-Pipeline/venv/lib/python3.9/site-packages/airflow/example_dags/example_time_delta_sensor_async.py
[2025-04-21T16:48:59.655-0400] {logging_mixin.py:188} INFO - [2025-04-21T16:48:59.655-0400] {dag.py:3036} INFO - Sync 1 DAGs
[2025-04-21T16:48:59.662-0400] {logging_mixin.py:188} INFO - [2025-04-21T16:48:59.662-0400] {dag.py:3823} INFO - Setting next_dagrun for example_time_delta_sensor_async to None, run_after=None
[2025-04-21T16:48:59.675-0400] {processor.py:183} INFO - Processing /Users/gaurav/Documents/Breast-Cancer-ML-Pipeline/venv/lib/python3.9/site-packages/airflow/example_dags/example_time_delta_sensor_async.py took 0.101 seconds
[2025-04-21T16:50:11.610-0400] {processor.py:161} INFO - Started process (PID=84233) to work on /Users/gaurav/Documents/Breast-Cancer-ML-Pipeline/venv/lib/python3.9/site-packages/airflow/example_dags/example_time_delta_sensor_async.py
[2025-04-21T16:50:11.612-0400] {processor.py:830} INFO - Processing file /Users/gaurav/Documents/Breast-Cancer-ML-Pipeline/venv/lib/python3.9/site-packages/airflow/example_dags/example_time_delta_sensor_async.py for tasks to queue
[2025-04-21T16:50:11.612-0400] {logging_mixin.py:188} INFO - [2025-04-21T16:50:11.612-0400] {dagbag.py:538} INFO - Filling up the DagBag from /Users/gaurav/Documents/Breast-Cancer-ML-Pipeline/venv/lib/python3.9/site-packages/airflow/example_dags/example_time_delta_sensor_async.py
[2025-04-21T16:50:11.618-0400] {processor.py:840} INFO - DAG(s) 'example_time_delta_sensor_async' retrieved from /Users/gaurav/Documents/Breast-Cancer-ML-Pipeline/venv/lib/python3.9/site-packages/airflow/example_dags/example_time_delta_sensor_async.py
[2025-04-21T16:50:11.692-0400] {logging_mixin.py:188} INFO - [2025-04-21T16:50:11.691-0400] {dag.py:3036} INFO - Sync 1 DAGs
[2025-04-21T16:50:11.699-0400] {logging_mixin.py:188} INFO - [2025-04-21T16:50:11.698-0400] {dag.py:3823} INFO - Setting next_dagrun for example_time_delta_sensor_async to None, run_after=None
[2025-04-21T16:50:11.711-0400] {processor.py:183} INFO - Processing /Users/gaurav/Documents/Breast-Cancer-ML-Pipeline/venv/lib/python3.9/site-packages/airflow/example_dags/example_time_delta_sensor_async.py took 0.102 seconds
[2025-04-21T16:51:32.328-0400] {processor.py:161} INFO - Started process (PID=84323) to work on /Users/gaurav/Documents/Breast-Cancer-ML-Pipeline/venv/lib/python3.9/site-packages/airflow/example_dags/example_time_delta_sensor_async.py
[2025-04-21T16:51:32.330-0400] {processor.py:830} INFO - Processing file /Users/gaurav/Documents/Breast-Cancer-ML-Pipeline/venv/lib/python3.9/site-packages/airflow/example_dags/example_time_delta_sensor_async.py for tasks to queue
[2025-04-21T16:51:32.330-0400] {logging_mixin.py:188} INFO - [2025-04-21T16:51:32.330-0400] {dagbag.py:538} INFO - Filling up the DagBag from /Users/gaurav/Documents/Breast-Cancer-ML-Pipeline/venv/lib/python3.9/site-packages/airflow/example_dags/example_time_delta_sensor_async.py
[2025-04-21T16:51:32.335-0400] {processor.py:840} INFO - DAG(s) 'example_time_delta_sensor_async' retrieved from /Users/gaurav/Documents/Breast-Cancer-ML-Pipeline/venv/lib/python3.9/site-packages/airflow/example_dags/example_time_delta_sensor_async.py
[2025-04-21T16:51:32.409-0400] {logging_mixin.py:188} INFO - [2025-04-21T16:51:32.409-0400] {dag.py:3036} INFO - Sync 1 DAGs
[2025-04-21T16:51:32.416-0400] {logging_mixin.py:188} INFO - [2025-04-21T16:51:32.416-0400] {dag.py:3823} INFO - Setting next_dagrun for example_time_delta_sensor_async to None, run_after=None
[2025-04-21T16:51:32.429-0400] {processor.py:183} INFO - Processing /Users/gaurav/Documents/Breast-Cancer-ML-Pipeline/venv/lib/python3.9/site-packages/airflow/example_dags/example_time_delta_sensor_async.py took 0.101 seconds
[2025-04-21T16:52:53.727-0400] {processor.py:161} INFO - Started process (PID=84424) to work on /Users/gaurav/Documents/Breast-Cancer-ML-Pipeline/venv/lib/python3.9/site-packages/airflow/example_dags/example_time_delta_sensor_async.py
[2025-04-21T16:52:53.729-0400] {processor.py:830} INFO - Processing file /Users/gaurav/Documents/Breast-Cancer-ML-Pipeline/venv/lib/python3.9/site-packages/airflow/example_dags/example_time_delta_sensor_async.py for tasks to queue
[2025-04-21T16:52:53.730-0400] {logging_mixin.py:188} INFO - [2025-04-21T16:52:53.730-0400] {dagbag.py:538} INFO - Filling up the DagBag from /Users/gaurav/Documents/Breast-Cancer-ML-Pipeline/venv/lib/python3.9/site-packages/airflow/example_dags/example_time_delta_sensor_async.py
[2025-04-21T16:52:53.736-0400] {processor.py:840} INFO - DAG(s) 'example_time_delta_sensor_async' retrieved from /Users/gaurav/Documents/Breast-Cancer-ML-Pipeline/venv/lib/python3.9/site-packages/airflow/example_dags/example_time_delta_sensor_async.py
[2025-04-21T16:52:53.813-0400] {logging_mixin.py:188} INFO - [2025-04-21T16:52:53.813-0400] {dag.py:3036} INFO - Sync 1 DAGs
[2025-04-21T16:52:53.821-0400] {logging_mixin.py:188} INFO - [2025-04-21T16:52:53.820-0400] {dag.py:3823} INFO - Setting next_dagrun for example_time_delta_sensor_async to None, run_after=None
[2025-04-21T16:52:53.834-0400] {processor.py:183} INFO - Processing /Users/gaurav/Documents/Breast-Cancer-ML-Pipeline/venv/lib/python3.9/site-packages/airflow/example_dags/example_time_delta_sensor_async.py took 0.108 seconds
[2025-04-21T16:54:12.629-0400] {processor.py:161} INFO - Started process (PID=84527) to work on /Users/gaurav/Documents/Breast-Cancer-ML-Pipeline/venv/lib/python3.9/site-packages/airflow/example_dags/example_time_delta_sensor_async.py
[2025-04-21T16:54:12.631-0400] {processor.py:830} INFO - Processing file /Users/gaurav/Documents/Breast-Cancer-ML-Pipeline/venv/lib/python3.9/site-packages/airflow/example_dags/example_time_delta_sensor_async.py for tasks to queue
[2025-04-21T16:54:12.631-0400] {logging_mixin.py:188} INFO - [2025-04-21T16:54:12.631-0400] {dagbag.py:538} INFO - Filling up the DagBag from /Users/gaurav/Documents/Breast-Cancer-ML-Pipeline/venv/lib/python3.9/site-packages/airflow/example_dags/example_time_delta_sensor_async.py
[2025-04-21T16:54:12.638-0400] {processor.py:840} INFO - DAG(s) 'example_time_delta_sensor_async' retrieved from /Users/gaurav/Documents/Breast-Cancer-ML-Pipeline/venv/lib/python3.9/site-packages/airflow/example_dags/example_time_delta_sensor_async.py
[2025-04-21T16:54:12.714-0400] {logging_mixin.py:188} INFO - [2025-04-21T16:54:12.714-0400] {dag.py:3036} INFO - Sync 1 DAGs
[2025-04-21T16:54:12.721-0400] {logging_mixin.py:188} INFO - [2025-04-21T16:54:12.721-0400] {dag.py:3823} INFO - Setting next_dagrun for example_time_delta_sensor_async to None, run_after=None
[2025-04-21T16:54:12.734-0400] {processor.py:183} INFO - Processing /Users/gaurav/Documents/Breast-Cancer-ML-Pipeline/venv/lib/python3.9/site-packages/airflow/example_dags/example_time_delta_sensor_async.py took 0.106 seconds
[2025-04-21T16:55:50.755-0400] {processor.py:161} INFO - Started process (PID=84622) to work on /Users/gaurav/Documents/Breast-Cancer-ML-Pipeline/venv/lib/python3.9/site-packages/airflow/example_dags/example_time_delta_sensor_async.py
[2025-04-21T16:55:50.756-0400] {processor.py:830} INFO - Processing file /Users/gaurav/Documents/Breast-Cancer-ML-Pipeline/venv/lib/python3.9/site-packages/airflow/example_dags/example_time_delta_sensor_async.py for tasks to queue
[2025-04-21T16:55:50.757-0400] {logging_mixin.py:188} INFO - [2025-04-21T16:55:50.757-0400] {dagbag.py:538} INFO - Filling up the DagBag from /Users/gaurav/Documents/Breast-Cancer-ML-Pipeline/venv/lib/python3.9/site-packages/airflow/example_dags/example_time_delta_sensor_async.py
[2025-04-21T16:55:50.763-0400] {processor.py:840} INFO - DAG(s) 'example_time_delta_sensor_async' retrieved from /Users/gaurav/Documents/Breast-Cancer-ML-Pipeline/venv/lib/python3.9/site-packages/airflow/example_dags/example_time_delta_sensor_async.py
[2025-04-21T16:55:50.893-0400] {logging_mixin.py:188} INFO - [2025-04-21T16:55:50.893-0400] {dag.py:3036} INFO - Sync 1 DAGs
[2025-04-21T16:55:50.900-0400] {logging_mixin.py:188} INFO - [2025-04-21T16:55:50.899-0400] {dag.py:3823} INFO - Setting next_dagrun for example_time_delta_sensor_async to None, run_after=None
[2025-04-21T16:55:50.913-0400] {processor.py:183} INFO - Processing /Users/gaurav/Documents/Breast-Cancer-ML-Pipeline/venv/lib/python3.9/site-packages/airflow/example_dags/example_time_delta_sensor_async.py took 0.159 seconds
[2025-04-21T16:57:28.061-0400] {processor.py:161} INFO - Started process (PID=84774) to work on /Users/gaurav/Documents/Breast-Cancer-ML-Pipeline/venv/lib/python3.9/site-packages/airflow/example_dags/example_time_delta_sensor_async.py
[2025-04-21T16:57:28.062-0400] {processor.py:830} INFO - Processing file /Users/gaurav/Documents/Breast-Cancer-ML-Pipeline/venv/lib/python3.9/site-packages/airflow/example_dags/example_time_delta_sensor_async.py for tasks to queue
[2025-04-21T16:57:28.063-0400] {logging_mixin.py:188} INFO - [2025-04-21T16:57:28.063-0400] {dagbag.py:538} INFO - Filling up the DagBag from /Users/gaurav/Documents/Breast-Cancer-ML-Pipeline/venv/lib/python3.9/site-packages/airflow/example_dags/example_time_delta_sensor_async.py
[2025-04-21T16:57:28.069-0400] {processor.py:840} INFO - DAG(s) 'example_time_delta_sensor_async' retrieved from /Users/gaurav/Documents/Breast-Cancer-ML-Pipeline/venv/lib/python3.9/site-packages/airflow/example_dags/example_time_delta_sensor_async.py
[2025-04-21T16:57:28.146-0400] {logging_mixin.py:188} INFO - [2025-04-21T16:57:28.146-0400] {dag.py:3036} INFO - Sync 1 DAGs
[2025-04-21T16:57:28.153-0400] {logging_mixin.py:188} INFO - [2025-04-21T16:57:28.153-0400] {dag.py:3823} INFO - Setting next_dagrun for example_time_delta_sensor_async to None, run_after=None
[2025-04-21T16:57:28.167-0400] {processor.py:183} INFO - Processing /Users/gaurav/Documents/Breast-Cancer-ML-Pipeline/venv/lib/python3.9/site-packages/airflow/example_dags/example_time_delta_sensor_async.py took 0.108 seconds
[2025-04-21T16:58:48.477-0400] {processor.py:161} INFO - Started process (PID=84870) to work on /Users/gaurav/Documents/Breast-Cancer-ML-Pipeline/venv/lib/python3.9/site-packages/airflow/example_dags/example_time_delta_sensor_async.py
[2025-04-21T16:58:48.478-0400] {processor.py:830} INFO - Processing file /Users/gaurav/Documents/Breast-Cancer-ML-Pipeline/venv/lib/python3.9/site-packages/airflow/example_dags/example_time_delta_sensor_async.py for tasks to queue
[2025-04-21T16:58:48.479-0400] {logging_mixin.py:188} INFO - [2025-04-21T16:58:48.479-0400] {dagbag.py:538} INFO - Filling up the DagBag from /Users/gaurav/Documents/Breast-Cancer-ML-Pipeline/venv/lib/python3.9/site-packages/airflow/example_dags/example_time_delta_sensor_async.py
[2025-04-21T16:58:48.486-0400] {processor.py:840} INFO - DAG(s) 'example_time_delta_sensor_async' retrieved from /Users/gaurav/Documents/Breast-Cancer-ML-Pipeline/venv/lib/python3.9/site-packages/airflow/example_dags/example_time_delta_sensor_async.py
[2025-04-21T16:58:48.559-0400] {logging_mixin.py:188} INFO - [2025-04-21T16:58:48.559-0400] {dag.py:3036} INFO - Sync 1 DAGs
[2025-04-21T16:58:48.566-0400] {logging_mixin.py:188} INFO - [2025-04-21T16:58:48.566-0400] {dag.py:3823} INFO - Setting next_dagrun for example_time_delta_sensor_async to None, run_after=None
[2025-04-21T16:58:48.578-0400] {processor.py:183} INFO - Processing /Users/gaurav/Documents/Breast-Cancer-ML-Pipeline/venv/lib/python3.9/site-packages/airflow/example_dags/example_time_delta_sensor_async.py took 0.101 seconds
[2025-04-21T17:00:06.382-0400] {processor.py:161} INFO - Started process (PID=84956) to work on /Users/gaurav/Documents/Breast-Cancer-ML-Pipeline/venv/lib/python3.9/site-packages/airflow/example_dags/example_time_delta_sensor_async.py
[2025-04-21T17:00:06.384-0400] {processor.py:830} INFO - Processing file /Users/gaurav/Documents/Breast-Cancer-ML-Pipeline/venv/lib/python3.9/site-packages/airflow/example_dags/example_time_delta_sensor_async.py for tasks to queue
[2025-04-21T17:00:06.384-0400] {logging_mixin.py:188} INFO - [2025-04-21T17:00:06.384-0400] {dagbag.py:538} INFO - Filling up the DagBag from /Users/gaurav/Documents/Breast-Cancer-ML-Pipeline/venv/lib/python3.9/site-packages/airflow/example_dags/example_time_delta_sensor_async.py
[2025-04-21T17:00:06.390-0400] {processor.py:840} INFO - DAG(s) 'example_time_delta_sensor_async' retrieved from /Users/gaurav/Documents/Breast-Cancer-ML-Pipeline/venv/lib/python3.9/site-packages/airflow/example_dags/example_time_delta_sensor_async.py
[2025-04-21T17:00:06.482-0400] {logging_mixin.py:188} INFO - [2025-04-21T17:00:06.481-0400] {dag.py:3036} INFO - Sync 1 DAGs
[2025-04-21T17:00:06.490-0400] {logging_mixin.py:188} INFO - [2025-04-21T17:00:06.490-0400] {dag.py:3823} INFO - Setting next_dagrun for example_time_delta_sensor_async to None, run_after=None
[2025-04-21T17:00:06.504-0400] {processor.py:183} INFO - Processing /Users/gaurav/Documents/Breast-Cancer-ML-Pipeline/venv/lib/python3.9/site-packages/airflow/example_dags/example_time_delta_sensor_async.py took 0.123 seconds
[2025-04-21T17:01:17.005-0400] {processor.py:161} INFO - Started process (PID=85051) to work on /Users/gaurav/Documents/Breast-Cancer-ML-Pipeline/venv/lib/python3.9/site-packages/airflow/example_dags/example_time_delta_sensor_async.py
[2025-04-21T17:01:17.007-0400] {processor.py:830} INFO - Processing file /Users/gaurav/Documents/Breast-Cancer-ML-Pipeline/venv/lib/python3.9/site-packages/airflow/example_dags/example_time_delta_sensor_async.py for tasks to queue
[2025-04-21T17:01:17.007-0400] {logging_mixin.py:188} INFO - [2025-04-21T17:01:17.007-0400] {dagbag.py:538} INFO - Filling up the DagBag from /Users/gaurav/Documents/Breast-Cancer-ML-Pipeline/venv/lib/python3.9/site-packages/airflow/example_dags/example_time_delta_sensor_async.py
[2025-04-21T17:01:17.013-0400] {processor.py:840} INFO - DAG(s) 'example_time_delta_sensor_async' retrieved from /Users/gaurav/Documents/Breast-Cancer-ML-Pipeline/venv/lib/python3.9/site-packages/airflow/example_dags/example_time_delta_sensor_async.py
[2025-04-21T17:01:17.086-0400] {logging_mixin.py:188} INFO - [2025-04-21T17:01:17.086-0400] {dag.py:3036} INFO - Sync 1 DAGs
[2025-04-21T17:01:17.093-0400] {logging_mixin.py:188} INFO - [2025-04-21T17:01:17.093-0400] {dag.py:3823} INFO - Setting next_dagrun for example_time_delta_sensor_async to None, run_after=None
[2025-04-21T17:01:17.105-0400] {processor.py:183} INFO - Processing /Users/gaurav/Documents/Breast-Cancer-ML-Pipeline/venv/lib/python3.9/site-packages/airflow/example_dags/example_time_delta_sensor_async.py took 0.101 seconds
[2025-04-21T17:02:44.080-0400] {processor.py:161} INFO - Started process (PID=85147) to work on /Users/gaurav/Documents/Breast-Cancer-ML-Pipeline/venv/lib/python3.9/site-packages/airflow/example_dags/example_time_delta_sensor_async.py
[2025-04-21T17:02:44.082-0400] {processor.py:830} INFO - Processing file /Users/gaurav/Documents/Breast-Cancer-ML-Pipeline/venv/lib/python3.9/site-packages/airflow/example_dags/example_time_delta_sensor_async.py for tasks to queue
[2025-04-21T17:02:44.083-0400] {logging_mixin.py:188} INFO - [2025-04-21T17:02:44.082-0400] {dagbag.py:538} INFO - Filling up the DagBag from /Users/gaurav/Documents/Breast-Cancer-ML-Pipeline/venv/lib/python3.9/site-packages/airflow/example_dags/example_time_delta_sensor_async.py
[2025-04-21T17:02:44.089-0400] {processor.py:840} INFO - DAG(s) 'example_time_delta_sensor_async' retrieved from /Users/gaurav/Documents/Breast-Cancer-ML-Pipeline/venv/lib/python3.9/site-packages/airflow/example_dags/example_time_delta_sensor_async.py
[2025-04-21T17:02:44.164-0400] {logging_mixin.py:188} INFO - [2025-04-21T17:02:44.163-0400] {dag.py:3036} INFO - Sync 1 DAGs
[2025-04-21T17:02:44.172-0400] {logging_mixin.py:188} INFO - [2025-04-21T17:02:44.172-0400] {dag.py:3823} INFO - Setting next_dagrun for example_time_delta_sensor_async to None, run_after=None
[2025-04-21T17:02:44.184-0400] {processor.py:183} INFO - Processing /Users/gaurav/Documents/Breast-Cancer-ML-Pipeline/venv/lib/python3.9/site-packages/airflow/example_dags/example_time_delta_sensor_async.py took 0.105 seconds
[2025-04-21T17:04:01.412-0400] {processor.py:161} INFO - Started process (PID=85256) to work on /Users/gaurav/Documents/Breast-Cancer-ML-Pipeline/venv/lib/python3.9/site-packages/airflow/example_dags/example_time_delta_sensor_async.py
[2025-04-21T17:04:01.413-0400] {processor.py:830} INFO - Processing file /Users/gaurav/Documents/Breast-Cancer-ML-Pipeline/venv/lib/python3.9/site-packages/airflow/example_dags/example_time_delta_sensor_async.py for tasks to queue
[2025-04-21T17:04:01.414-0400] {logging_mixin.py:188} INFO - [2025-04-21T17:04:01.413-0400] {dagbag.py:538} INFO - Filling up the DagBag from /Users/gaurav/Documents/Breast-Cancer-ML-Pipeline/venv/lib/python3.9/site-packages/airflow/example_dags/example_time_delta_sensor_async.py
[2025-04-21T17:04:01.419-0400] {processor.py:840} INFO - DAG(s) 'example_time_delta_sensor_async' retrieved from /Users/gaurav/Documents/Breast-Cancer-ML-Pipeline/venv/lib/python3.9/site-packages/airflow/example_dags/example_time_delta_sensor_async.py
[2025-04-21T17:04:01.493-0400] {logging_mixin.py:188} INFO - [2025-04-21T17:04:01.492-0400] {dag.py:3036} INFO - Sync 1 DAGs
[2025-04-21T17:04:01.500-0400] {logging_mixin.py:188} INFO - [2025-04-21T17:04:01.500-0400] {dag.py:3823} INFO - Setting next_dagrun for example_time_delta_sensor_async to None, run_after=None
[2025-04-21T17:04:01.512-0400] {processor.py:183} INFO - Processing /Users/gaurav/Documents/Breast-Cancer-ML-Pipeline/venv/lib/python3.9/site-packages/airflow/example_dags/example_time_delta_sensor_async.py took 0.101 seconds
[2025-04-21T17:05:11.986-0400] {processor.py:161} INFO - Started process (PID=85332) to work on /Users/gaurav/Documents/Breast-Cancer-ML-Pipeline/venv/lib/python3.9/site-packages/airflow/example_dags/example_time_delta_sensor_async.py
[2025-04-21T17:05:11.988-0400] {processor.py:830} INFO - Processing file /Users/gaurav/Documents/Breast-Cancer-ML-Pipeline/venv/lib/python3.9/site-packages/airflow/example_dags/example_time_delta_sensor_async.py for tasks to queue
[2025-04-21T17:05:11.989-0400] {logging_mixin.py:188} INFO - [2025-04-21T17:05:11.989-0400] {dagbag.py:538} INFO - Filling up the DagBag from /Users/gaurav/Documents/Breast-Cancer-ML-Pipeline/venv/lib/python3.9/site-packages/airflow/example_dags/example_time_delta_sensor_async.py
[2025-04-21T17:05:11.995-0400] {processor.py:840} INFO - DAG(s) 'example_time_delta_sensor_async' retrieved from /Users/gaurav/Documents/Breast-Cancer-ML-Pipeline/venv/lib/python3.9/site-packages/airflow/example_dags/example_time_delta_sensor_async.py
[2025-04-21T17:05:12.066-0400] {logging_mixin.py:188} INFO - [2025-04-21T17:05:12.065-0400] {dag.py:3036} INFO - Sync 1 DAGs
[2025-04-21T17:05:12.072-0400] {logging_mixin.py:188} INFO - [2025-04-21T17:05:12.072-0400] {dag.py:3823} INFO - Setting next_dagrun for example_time_delta_sensor_async to None, run_after=None
[2025-04-21T17:05:12.085-0400] {processor.py:183} INFO - Processing /Users/gaurav/Documents/Breast-Cancer-ML-Pipeline/venv/lib/python3.9/site-packages/airflow/example_dags/example_time_delta_sensor_async.py took 0.100 seconds
[2025-04-21T17:06:22.823-0400] {processor.py:161} INFO - Started process (PID=85425) to work on /Users/gaurav/Documents/Breast-Cancer-ML-Pipeline/venv/lib/python3.9/site-packages/airflow/example_dags/example_time_delta_sensor_async.py
[2025-04-21T17:06:22.825-0400] {processor.py:830} INFO - Processing file /Users/gaurav/Documents/Breast-Cancer-ML-Pipeline/venv/lib/python3.9/site-packages/airflow/example_dags/example_time_delta_sensor_async.py for tasks to queue
[2025-04-21T17:06:22.826-0400] {logging_mixin.py:188} INFO - [2025-04-21T17:06:22.825-0400] {dagbag.py:538} INFO - Filling up the DagBag from /Users/gaurav/Documents/Breast-Cancer-ML-Pipeline/venv/lib/python3.9/site-packages/airflow/example_dags/example_time_delta_sensor_async.py
[2025-04-21T17:06:22.831-0400] {processor.py:840} INFO - DAG(s) 'example_time_delta_sensor_async' retrieved from /Users/gaurav/Documents/Breast-Cancer-ML-Pipeline/venv/lib/python3.9/site-packages/airflow/example_dags/example_time_delta_sensor_async.py
[2025-04-21T17:06:22.904-0400] {logging_mixin.py:188} INFO - [2025-04-21T17:06:22.904-0400] {dag.py:3036} INFO - Sync 1 DAGs
[2025-04-21T17:06:22.911-0400] {logging_mixin.py:188} INFO - [2025-04-21T17:06:22.911-0400] {dag.py:3823} INFO - Setting next_dagrun for example_time_delta_sensor_async to None, run_after=None
[2025-04-21T17:06:22.924-0400] {processor.py:183} INFO - Processing /Users/gaurav/Documents/Breast-Cancer-ML-Pipeline/venv/lib/python3.9/site-packages/airflow/example_dags/example_time_delta_sensor_async.py took 0.101 seconds
[2025-04-21T17:07:34.625-0400] {processor.py:161} INFO - Started process (PID=85502) to work on /Users/gaurav/Documents/Breast-Cancer-ML-Pipeline/venv/lib/python3.9/site-packages/airflow/example_dags/example_time_delta_sensor_async.py
[2025-04-21T17:07:34.627-0400] {processor.py:830} INFO - Processing file /Users/gaurav/Documents/Breast-Cancer-ML-Pipeline/venv/lib/python3.9/site-packages/airflow/example_dags/example_time_delta_sensor_async.py for tasks to queue
[2025-04-21T17:07:34.628-0400] {logging_mixin.py:188} INFO - [2025-04-21T17:07:34.627-0400] {dagbag.py:538} INFO - Filling up the DagBag from /Users/gaurav/Documents/Breast-Cancer-ML-Pipeline/venv/lib/python3.9/site-packages/airflow/example_dags/example_time_delta_sensor_async.py
[2025-04-21T17:07:34.634-0400] {processor.py:840} INFO - DAG(s) 'example_time_delta_sensor_async' retrieved from /Users/gaurav/Documents/Breast-Cancer-ML-Pipeline/venv/lib/python3.9/site-packages/airflow/example_dags/example_time_delta_sensor_async.py
[2025-04-21T17:07:34.706-0400] {logging_mixin.py:188} INFO - [2025-04-21T17:07:34.706-0400] {dag.py:3036} INFO - Sync 1 DAGs
[2025-04-21T17:07:34.713-0400] {logging_mixin.py:188} INFO - [2025-04-21T17:07:34.713-0400] {dag.py:3823} INFO - Setting next_dagrun for example_time_delta_sensor_async to None, run_after=None
[2025-04-21T17:07:34.725-0400] {processor.py:183} INFO - Processing /Users/gaurav/Documents/Breast-Cancer-ML-Pipeline/venv/lib/python3.9/site-packages/airflow/example_dags/example_time_delta_sensor_async.py took 0.101 seconds
[2025-04-21T17:08:49.469-0400] {processor.py:161} INFO - Started process (PID=85582) to work on /Users/gaurav/Documents/Breast-Cancer-ML-Pipeline/venv/lib/python3.9/site-packages/airflow/example_dags/example_time_delta_sensor_async.py
[2025-04-21T17:08:49.471-0400] {processor.py:830} INFO - Processing file /Users/gaurav/Documents/Breast-Cancer-ML-Pipeline/venv/lib/python3.9/site-packages/airflow/example_dags/example_time_delta_sensor_async.py for tasks to queue
[2025-04-21T17:08:49.471-0400] {logging_mixin.py:188} INFO - [2025-04-21T17:08:49.471-0400] {dagbag.py:538} INFO - Filling up the DagBag from /Users/gaurav/Documents/Breast-Cancer-ML-Pipeline/venv/lib/python3.9/site-packages/airflow/example_dags/example_time_delta_sensor_async.py
[2025-04-21T17:08:49.477-0400] {processor.py:840} INFO - DAG(s) 'example_time_delta_sensor_async' retrieved from /Users/gaurav/Documents/Breast-Cancer-ML-Pipeline/venv/lib/python3.9/site-packages/airflow/example_dags/example_time_delta_sensor_async.py
[2025-04-21T17:08:49.549-0400] {logging_mixin.py:188} INFO - [2025-04-21T17:08:49.549-0400] {dag.py:3036} INFO - Sync 1 DAGs
[2025-04-21T17:08:49.556-0400] {logging_mixin.py:188} INFO - [2025-04-21T17:08:49.556-0400] {dag.py:3823} INFO - Setting next_dagrun for example_time_delta_sensor_async to None, run_after=None
[2025-04-21T17:08:49.568-0400] {processor.py:183} INFO - Processing /Users/gaurav/Documents/Breast-Cancer-ML-Pipeline/venv/lib/python3.9/site-packages/airflow/example_dags/example_time_delta_sensor_async.py took 0.100 seconds
[2025-04-21T17:10:01.646-0400] {processor.py:161} INFO - Started process (PID=85662) to work on /Users/gaurav/Documents/Breast-Cancer-ML-Pipeline/venv/lib/python3.9/site-packages/airflow/example_dags/example_time_delta_sensor_async.py
[2025-04-21T17:10:01.648-0400] {processor.py:830} INFO - Processing file /Users/gaurav/Documents/Breast-Cancer-ML-Pipeline/venv/lib/python3.9/site-packages/airflow/example_dags/example_time_delta_sensor_async.py for tasks to queue
[2025-04-21T17:10:01.648-0400] {logging_mixin.py:188} INFO - [2025-04-21T17:10:01.648-0400] {dagbag.py:538} INFO - Filling up the DagBag from /Users/gaurav/Documents/Breast-Cancer-ML-Pipeline/venv/lib/python3.9/site-packages/airflow/example_dags/example_time_delta_sensor_async.py
[2025-04-21T17:10:01.655-0400] {processor.py:840} INFO - DAG(s) 'example_time_delta_sensor_async' retrieved from /Users/gaurav/Documents/Breast-Cancer-ML-Pipeline/venv/lib/python3.9/site-packages/airflow/example_dags/example_time_delta_sensor_async.py
[2025-04-21T17:10:01.729-0400] {logging_mixin.py:188} INFO - [2025-04-21T17:10:01.728-0400] {dag.py:3036} INFO - Sync 1 DAGs
[2025-04-21T17:10:01.736-0400] {logging_mixin.py:188} INFO - [2025-04-21T17:10:01.736-0400] {dag.py:3823} INFO - Setting next_dagrun for example_time_delta_sensor_async to None, run_after=None
[2025-04-21T17:10:01.748-0400] {processor.py:183} INFO - Processing /Users/gaurav/Documents/Breast-Cancer-ML-Pipeline/venv/lib/python3.9/site-packages/airflow/example_dags/example_time_delta_sensor_async.py took 0.104 seconds
[2025-04-21T17:11:16.407-0400] {processor.py:161} INFO - Started process (PID=85744) to work on /Users/gaurav/Documents/Breast-Cancer-ML-Pipeline/venv/lib/python3.9/site-packages/airflow/example_dags/example_time_delta_sensor_async.py
[2025-04-21T17:11:16.409-0400] {processor.py:830} INFO - Processing file /Users/gaurav/Documents/Breast-Cancer-ML-Pipeline/venv/lib/python3.9/site-packages/airflow/example_dags/example_time_delta_sensor_async.py for tasks to queue
[2025-04-21T17:11:16.409-0400] {logging_mixin.py:188} INFO - [2025-04-21T17:11:16.409-0400] {dagbag.py:538} INFO - Filling up the DagBag from /Users/gaurav/Documents/Breast-Cancer-ML-Pipeline/venv/lib/python3.9/site-packages/airflow/example_dags/example_time_delta_sensor_async.py
[2025-04-21T17:11:16.415-0400] {processor.py:840} INFO - DAG(s) 'example_time_delta_sensor_async' retrieved from /Users/gaurav/Documents/Breast-Cancer-ML-Pipeline/venv/lib/python3.9/site-packages/airflow/example_dags/example_time_delta_sensor_async.py
[2025-04-21T17:11:16.488-0400] {logging_mixin.py:188} INFO - [2025-04-21T17:11:16.488-0400] {dag.py:3036} INFO - Sync 1 DAGs
[2025-04-21T17:11:16.495-0400] {logging_mixin.py:188} INFO - [2025-04-21T17:11:16.495-0400] {dag.py:3823} INFO - Setting next_dagrun for example_time_delta_sensor_async to None, run_after=None
[2025-04-21T17:11:16.508-0400] {processor.py:183} INFO - Processing /Users/gaurav/Documents/Breast-Cancer-ML-Pipeline/venv/lib/python3.9/site-packages/airflow/example_dags/example_time_delta_sensor_async.py took 0.102 seconds
[2025-04-21T17:12:29.737-0400] {processor.py:161} INFO - Started process (PID=85835) to work on /Users/gaurav/Documents/Breast-Cancer-ML-Pipeline/venv/lib/python3.9/site-packages/airflow/example_dags/example_time_delta_sensor_async.py
[2025-04-21T17:12:29.739-0400] {processor.py:830} INFO - Processing file /Users/gaurav/Documents/Breast-Cancer-ML-Pipeline/venv/lib/python3.9/site-packages/airflow/example_dags/example_time_delta_sensor_async.py for tasks to queue
[2025-04-21T17:12:29.740-0400] {logging_mixin.py:188} INFO - [2025-04-21T17:12:29.740-0400] {dagbag.py:538} INFO - Filling up the DagBag from /Users/gaurav/Documents/Breast-Cancer-ML-Pipeline/venv/lib/python3.9/site-packages/airflow/example_dags/example_time_delta_sensor_async.py
[2025-04-21T17:12:29.746-0400] {processor.py:840} INFO - DAG(s) 'example_time_delta_sensor_async' retrieved from /Users/gaurav/Documents/Breast-Cancer-ML-Pipeline/venv/lib/python3.9/site-packages/airflow/example_dags/example_time_delta_sensor_async.py
[2025-04-21T17:12:29.818-0400] {logging_mixin.py:188} INFO - [2025-04-21T17:12:29.818-0400] {dag.py:3036} INFO - Sync 1 DAGs
[2025-04-21T17:12:29.825-0400] {logging_mixin.py:188} INFO - [2025-04-21T17:12:29.825-0400] {dag.py:3823} INFO - Setting next_dagrun for example_time_delta_sensor_async to None, run_after=None
[2025-04-21T17:12:29.837-0400] {processor.py:183} INFO - Processing /Users/gaurav/Documents/Breast-Cancer-ML-Pipeline/venv/lib/python3.9/site-packages/airflow/example_dags/example_time_delta_sensor_async.py took 0.101 seconds
[2025-04-21T17:13:43.555-0400] {processor.py:161} INFO - Started process (PID=85930) to work on /Users/gaurav/Documents/Breast-Cancer-ML-Pipeline/venv/lib/python3.9/site-packages/airflow/example_dags/example_time_delta_sensor_async.py
[2025-04-21T17:13:43.556-0400] {processor.py:830} INFO - Processing file /Users/gaurav/Documents/Breast-Cancer-ML-Pipeline/venv/lib/python3.9/site-packages/airflow/example_dags/example_time_delta_sensor_async.py for tasks to queue
[2025-04-21T17:13:43.557-0400] {logging_mixin.py:188} INFO - [2025-04-21T17:13:43.557-0400] {dagbag.py:538} INFO - Filling up the DagBag from /Users/gaurav/Documents/Breast-Cancer-ML-Pipeline/venv/lib/python3.9/site-packages/airflow/example_dags/example_time_delta_sensor_async.py
[2025-04-21T17:13:43.563-0400] {processor.py:840} INFO - DAG(s) 'example_time_delta_sensor_async' retrieved from /Users/gaurav/Documents/Breast-Cancer-ML-Pipeline/venv/lib/python3.9/site-packages/airflow/example_dags/example_time_delta_sensor_async.py
[2025-04-21T17:13:43.637-0400] {logging_mixin.py:188} INFO - [2025-04-21T17:13:43.636-0400] {dag.py:3036} INFO - Sync 1 DAGs
[2025-04-21T17:13:43.643-0400] {logging_mixin.py:188} INFO - [2025-04-21T17:13:43.643-0400] {dag.py:3823} INFO - Setting next_dagrun for example_time_delta_sensor_async to None, run_after=None
[2025-04-21T17:13:43.655-0400] {processor.py:183} INFO - Processing /Users/gaurav/Documents/Breast-Cancer-ML-Pipeline/venv/lib/python3.9/site-packages/airflow/example_dags/example_time_delta_sensor_async.py took 0.101 seconds
[2025-04-21T17:14:56.850-0400] {processor.py:161} INFO - Started process (PID=86012) to work on /Users/gaurav/Documents/Breast-Cancer-ML-Pipeline/venv/lib/python3.9/site-packages/airflow/example_dags/example_time_delta_sensor_async.py
[2025-04-21T17:14:56.852-0400] {processor.py:830} INFO - Processing file /Users/gaurav/Documents/Breast-Cancer-ML-Pipeline/venv/lib/python3.9/site-packages/airflow/example_dags/example_time_delta_sensor_async.py for tasks to queue
[2025-04-21T17:14:56.853-0400] {logging_mixin.py:188} INFO - [2025-04-21T17:14:56.853-0400] {dagbag.py:538} INFO - Filling up the DagBag from /Users/gaurav/Documents/Breast-Cancer-ML-Pipeline/venv/lib/python3.9/site-packages/airflow/example_dags/example_time_delta_sensor_async.py
[2025-04-21T17:14:56.860-0400] {processor.py:840} INFO - DAG(s) 'example_time_delta_sensor_async' retrieved from /Users/gaurav/Documents/Breast-Cancer-ML-Pipeline/venv/lib/python3.9/site-packages/airflow/example_dags/example_time_delta_sensor_async.py
[2025-04-21T17:14:56.936-0400] {logging_mixin.py:188} INFO - [2025-04-21T17:14:56.935-0400] {dag.py:3036} INFO - Sync 1 DAGs
[2025-04-21T17:14:56.944-0400] {logging_mixin.py:188} INFO - [2025-04-21T17:14:56.944-0400] {dag.py:3823} INFO - Setting next_dagrun for example_time_delta_sensor_async to None, run_after=None
[2025-04-21T17:14:56.956-0400] {processor.py:183} INFO - Processing /Users/gaurav/Documents/Breast-Cancer-ML-Pipeline/venv/lib/python3.9/site-packages/airflow/example_dags/example_time_delta_sensor_async.py took 0.107 seconds
[2025-04-21T17:16:10.192-0400] {processor.py:161} INFO - Started process (PID=86100) to work on /Users/gaurav/Documents/Breast-Cancer-ML-Pipeline/venv/lib/python3.9/site-packages/airflow/example_dags/example_time_delta_sensor_async.py
[2025-04-21T17:16:10.194-0400] {processor.py:830} INFO - Processing file /Users/gaurav/Documents/Breast-Cancer-ML-Pipeline/venv/lib/python3.9/site-packages/airflow/example_dags/example_time_delta_sensor_async.py for tasks to queue
[2025-04-21T17:16:10.194-0400] {logging_mixin.py:188} INFO - [2025-04-21T17:16:10.194-0400] {dagbag.py:538} INFO - Filling up the DagBag from /Users/gaurav/Documents/Breast-Cancer-ML-Pipeline/venv/lib/python3.9/site-packages/airflow/example_dags/example_time_delta_sensor_async.py
[2025-04-21T17:16:10.200-0400] {processor.py:840} INFO - DAG(s) 'example_time_delta_sensor_async' retrieved from /Users/gaurav/Documents/Breast-Cancer-ML-Pipeline/venv/lib/python3.9/site-packages/airflow/example_dags/example_time_delta_sensor_async.py
[2025-04-21T17:16:10.272-0400] {logging_mixin.py:188} INFO - [2025-04-21T17:16:10.272-0400] {dag.py:3036} INFO - Sync 1 DAGs
[2025-04-21T17:16:10.279-0400] {logging_mixin.py:188} INFO - [2025-04-21T17:16:10.279-0400] {dag.py:3823} INFO - Setting next_dagrun for example_time_delta_sensor_async to None, run_after=None
[2025-04-21T17:16:10.292-0400] {processor.py:183} INFO - Processing /Users/gaurav/Documents/Breast-Cancer-ML-Pipeline/venv/lib/python3.9/site-packages/airflow/example_dags/example_time_delta_sensor_async.py took 0.101 seconds
[2025-04-21T17:17:24.202-0400] {processor.py:161} INFO - Started process (PID=86199) to work on /Users/gaurav/Documents/Breast-Cancer-ML-Pipeline/venv/lib/python3.9/site-packages/airflow/example_dags/example_time_delta_sensor_async.py
[2025-04-21T17:17:24.203-0400] {processor.py:830} INFO - Processing file /Users/gaurav/Documents/Breast-Cancer-ML-Pipeline/venv/lib/python3.9/site-packages/airflow/example_dags/example_time_delta_sensor_async.py for tasks to queue
[2025-04-21T17:17:24.203-0400] {logging_mixin.py:188} INFO - [2025-04-21T17:17:24.203-0400] {dagbag.py:538} INFO - Filling up the DagBag from /Users/gaurav/Documents/Breast-Cancer-ML-Pipeline/venv/lib/python3.9/site-packages/airflow/example_dags/example_time_delta_sensor_async.py
[2025-04-21T17:17:24.210-0400] {processor.py:840} INFO - DAG(s) 'example_time_delta_sensor_async' retrieved from /Users/gaurav/Documents/Breast-Cancer-ML-Pipeline/venv/lib/python3.9/site-packages/airflow/example_dags/example_time_delta_sensor_async.py
[2025-04-21T17:17:24.283-0400] {logging_mixin.py:188} INFO - [2025-04-21T17:17:24.283-0400] {dag.py:3036} INFO - Sync 1 DAGs
[2025-04-21T17:17:24.290-0400] {logging_mixin.py:188} INFO - [2025-04-21T17:17:24.290-0400] {dag.py:3823} INFO - Setting next_dagrun for example_time_delta_sensor_async to None, run_after=None
[2025-04-21T17:17:24.303-0400] {processor.py:183} INFO - Processing /Users/gaurav/Documents/Breast-Cancer-ML-Pipeline/venv/lib/python3.9/site-packages/airflow/example_dags/example_time_delta_sensor_async.py took 0.102 seconds
[2025-04-21T17:18:39.722-0400] {processor.py:161} INFO - Started process (PID=86295) to work on /Users/gaurav/Documents/Breast-Cancer-ML-Pipeline/venv/lib/python3.9/site-packages/airflow/example_dags/example_time_delta_sensor_async.py
[2025-04-21T17:18:39.723-0400] {processor.py:830} INFO - Processing file /Users/gaurav/Documents/Breast-Cancer-ML-Pipeline/venv/lib/python3.9/site-packages/airflow/example_dags/example_time_delta_sensor_async.py for tasks to queue
[2025-04-21T17:18:39.724-0400] {logging_mixin.py:188} INFO - [2025-04-21T17:18:39.724-0400] {dagbag.py:538} INFO - Filling up the DagBag from /Users/gaurav/Documents/Breast-Cancer-ML-Pipeline/venv/lib/python3.9/site-packages/airflow/example_dags/example_time_delta_sensor_async.py
[2025-04-21T17:18:39.730-0400] {processor.py:840} INFO - DAG(s) 'example_time_delta_sensor_async' retrieved from /Users/gaurav/Documents/Breast-Cancer-ML-Pipeline/venv/lib/python3.9/site-packages/airflow/example_dags/example_time_delta_sensor_async.py
[2025-04-21T17:18:39.802-0400] {logging_mixin.py:188} INFO - [2025-04-21T17:18:39.801-0400] {dag.py:3036} INFO - Sync 1 DAGs
[2025-04-21T17:18:39.809-0400] {logging_mixin.py:188} INFO - [2025-04-21T17:18:39.809-0400] {dag.py:3823} INFO - Setting next_dagrun for example_time_delta_sensor_async to None, run_after=None
[2025-04-21T17:18:39.821-0400] {processor.py:183} INFO - Processing /Users/gaurav/Documents/Breast-Cancer-ML-Pipeline/venv/lib/python3.9/site-packages/airflow/example_dags/example_time_delta_sensor_async.py took 0.100 seconds
[2025-04-21T17:19:55.052-0400] {processor.py:161} INFO - Started process (PID=86394) to work on /Users/gaurav/Documents/Breast-Cancer-ML-Pipeline/venv/lib/python3.9/site-packages/airflow/example_dags/example_time_delta_sensor_async.py
[2025-04-21T17:19:55.054-0400] {processor.py:830} INFO - Processing file /Users/gaurav/Documents/Breast-Cancer-ML-Pipeline/venv/lib/python3.9/site-packages/airflow/example_dags/example_time_delta_sensor_async.py for tasks to queue
[2025-04-21T17:19:55.054-0400] {logging_mixin.py:188} INFO - [2025-04-21T17:19:55.054-0400] {dagbag.py:538} INFO - Filling up the DagBag from /Users/gaurav/Documents/Breast-Cancer-ML-Pipeline/venv/lib/python3.9/site-packages/airflow/example_dags/example_time_delta_sensor_async.py
[2025-04-21T17:19:55.060-0400] {processor.py:840} INFO - DAG(s) 'example_time_delta_sensor_async' retrieved from /Users/gaurav/Documents/Breast-Cancer-ML-Pipeline/venv/lib/python3.9/site-packages/airflow/example_dags/example_time_delta_sensor_async.py
[2025-04-21T17:19:55.132-0400] {logging_mixin.py:188} INFO - [2025-04-21T17:19:55.132-0400] {dag.py:3036} INFO - Sync 1 DAGs
[2025-04-21T17:19:55.139-0400] {logging_mixin.py:188} INFO - [2025-04-21T17:19:55.139-0400] {dag.py:3823} INFO - Setting next_dagrun for example_time_delta_sensor_async to None, run_after=None
[2025-04-21T17:19:55.151-0400] {processor.py:183} INFO - Processing /Users/gaurav/Documents/Breast-Cancer-ML-Pipeline/venv/lib/python3.9/site-packages/airflow/example_dags/example_time_delta_sensor_async.py took 0.100 seconds
[2025-04-21T17:21:39.046-0400] {processor.py:161} INFO - Started process (PID=86498) to work on /Users/gaurav/Documents/Breast-Cancer-ML-Pipeline/venv/lib/python3.9/site-packages/airflow/example_dags/example_time_delta_sensor_async.py
[2025-04-21T17:21:39.048-0400] {processor.py:830} INFO - Processing file /Users/gaurav/Documents/Breast-Cancer-ML-Pipeline/venv/lib/python3.9/site-packages/airflow/example_dags/example_time_delta_sensor_async.py for tasks to queue
[2025-04-21T17:21:39.048-0400] {logging_mixin.py:188} INFO - [2025-04-21T17:21:39.048-0400] {dagbag.py:538} INFO - Filling up the DagBag from /Users/gaurav/Documents/Breast-Cancer-ML-Pipeline/venv/lib/python3.9/site-packages/airflow/example_dags/example_time_delta_sensor_async.py
[2025-04-21T17:21:39.054-0400] {processor.py:840} INFO - DAG(s) 'example_time_delta_sensor_async' retrieved from /Users/gaurav/Documents/Breast-Cancer-ML-Pipeline/venv/lib/python3.9/site-packages/airflow/example_dags/example_time_delta_sensor_async.py
[2025-04-21T17:21:39.180-0400] {logging_mixin.py:188} INFO - [2025-04-21T17:21:39.180-0400] {dag.py:3036} INFO - Sync 1 DAGs
[2025-04-21T17:21:39.187-0400] {logging_mixin.py:188} INFO - [2025-04-21T17:21:39.187-0400] {dag.py:3823} INFO - Setting next_dagrun for example_time_delta_sensor_async to None, run_after=None
[2025-04-21T17:21:39.201-0400] {processor.py:183} INFO - Processing /Users/gaurav/Documents/Breast-Cancer-ML-Pipeline/venv/lib/python3.9/site-packages/airflow/example_dags/example_time_delta_sensor_async.py took 0.155 seconds
[2025-04-21T17:23:10.358-0400] {processor.py:161} INFO - Started process (PID=86587) to work on /Users/gaurav/Documents/Breast-Cancer-ML-Pipeline/venv/lib/python3.9/site-packages/airflow/example_dags/example_time_delta_sensor_async.py
[2025-04-21T17:23:10.360-0400] {processor.py:830} INFO - Processing file /Users/gaurav/Documents/Breast-Cancer-ML-Pipeline/venv/lib/python3.9/site-packages/airflow/example_dags/example_time_delta_sensor_async.py for tasks to queue
[2025-04-21T17:23:10.360-0400] {logging_mixin.py:188} INFO - [2025-04-21T17:23:10.360-0400] {dagbag.py:538} INFO - Filling up the DagBag from /Users/gaurav/Documents/Breast-Cancer-ML-Pipeline/venv/lib/python3.9/site-packages/airflow/example_dags/example_time_delta_sensor_async.py
[2025-04-21T17:23:10.366-0400] {processor.py:840} INFO - DAG(s) 'example_time_delta_sensor_async' retrieved from /Users/gaurav/Documents/Breast-Cancer-ML-Pipeline/venv/lib/python3.9/site-packages/airflow/example_dags/example_time_delta_sensor_async.py
[2025-04-21T17:23:10.438-0400] {logging_mixin.py:188} INFO - [2025-04-21T17:23:10.438-0400] {dag.py:3036} INFO - Sync 1 DAGs
[2025-04-21T17:23:10.446-0400] {logging_mixin.py:188} INFO - [2025-04-21T17:23:10.446-0400] {dag.py:3823} INFO - Setting next_dagrun for example_time_delta_sensor_async to None, run_after=None
[2025-04-21T17:23:10.459-0400] {processor.py:183} INFO - Processing /Users/gaurav/Documents/Breast-Cancer-ML-Pipeline/venv/lib/python3.9/site-packages/airflow/example_dags/example_time_delta_sensor_async.py took 0.102 seconds
[2025-04-21T17:24:27.990-0400] {processor.py:161} INFO - Started process (PID=86684) to work on /Users/gaurav/Documents/Breast-Cancer-ML-Pipeline/venv/lib/python3.9/site-packages/airflow/example_dags/example_time_delta_sensor_async.py
[2025-04-21T17:24:27.992-0400] {processor.py:830} INFO - Processing file /Users/gaurav/Documents/Breast-Cancer-ML-Pipeline/venv/lib/python3.9/site-packages/airflow/example_dags/example_time_delta_sensor_async.py for tasks to queue
[2025-04-21T17:24:27.992-0400] {logging_mixin.py:188} INFO - [2025-04-21T17:24:27.992-0400] {dagbag.py:538} INFO - Filling up the DagBag from /Users/gaurav/Documents/Breast-Cancer-ML-Pipeline/venv/lib/python3.9/site-packages/airflow/example_dags/example_time_delta_sensor_async.py
[2025-04-21T17:24:27.999-0400] {processor.py:840} INFO - DAG(s) 'example_time_delta_sensor_async' retrieved from /Users/gaurav/Documents/Breast-Cancer-ML-Pipeline/venv/lib/python3.9/site-packages/airflow/example_dags/example_time_delta_sensor_async.py
[2025-04-21T17:24:28.077-0400] {logging_mixin.py:188} INFO - [2025-04-21T17:24:28.077-0400] {dag.py:3036} INFO - Sync 1 DAGs
[2025-04-21T17:24:28.084-0400] {logging_mixin.py:188} INFO - [2025-04-21T17:24:28.084-0400] {dag.py:3823} INFO - Setting next_dagrun for example_time_delta_sensor_async to None, run_after=None
[2025-04-21T17:24:28.098-0400] {processor.py:183} INFO - Processing /Users/gaurav/Documents/Breast-Cancer-ML-Pipeline/venv/lib/python3.9/site-packages/airflow/example_dags/example_time_delta_sensor_async.py took 0.109 seconds
[2025-04-21T17:25:45.476-0400] {processor.py:161} INFO - Started process (PID=86790) to work on /Users/gaurav/Documents/Breast-Cancer-ML-Pipeline/venv/lib/python3.9/site-packages/airflow/example_dags/example_time_delta_sensor_async.py
[2025-04-21T17:25:45.478-0400] {processor.py:830} INFO - Processing file /Users/gaurav/Documents/Breast-Cancer-ML-Pipeline/venv/lib/python3.9/site-packages/airflow/example_dags/example_time_delta_sensor_async.py for tasks to queue
[2025-04-21T17:25:45.478-0400] {logging_mixin.py:188} INFO - [2025-04-21T17:25:45.478-0400] {dagbag.py:538} INFO - Filling up the DagBag from /Users/gaurav/Documents/Breast-Cancer-ML-Pipeline/venv/lib/python3.9/site-packages/airflow/example_dags/example_time_delta_sensor_async.py
[2025-04-21T17:25:45.484-0400] {processor.py:840} INFO - DAG(s) 'example_time_delta_sensor_async' retrieved from /Users/gaurav/Documents/Breast-Cancer-ML-Pipeline/venv/lib/python3.9/site-packages/airflow/example_dags/example_time_delta_sensor_async.py
[2025-04-21T17:25:45.561-0400] {logging_mixin.py:188} INFO - [2025-04-21T17:25:45.561-0400] {dag.py:3036} INFO - Sync 1 DAGs
[2025-04-21T17:25:45.569-0400] {logging_mixin.py:188} INFO - [2025-04-21T17:25:45.569-0400] {dag.py:3823} INFO - Setting next_dagrun for example_time_delta_sensor_async to None, run_after=None
[2025-04-21T17:25:45.582-0400] {processor.py:183} INFO - Processing /Users/gaurav/Documents/Breast-Cancer-ML-Pipeline/venv/lib/python3.9/site-packages/airflow/example_dags/example_time_delta_sensor_async.py took 0.108 seconds
[2025-04-21T17:26:59.451-0400] {processor.py:161} INFO - Started process (PID=86881) to work on /Users/gaurav/Documents/Breast-Cancer-ML-Pipeline/venv/lib/python3.9/site-packages/airflow/example_dags/example_time_delta_sensor_async.py
[2025-04-21T17:26:59.452-0400] {processor.py:830} INFO - Processing file /Users/gaurav/Documents/Breast-Cancer-ML-Pipeline/venv/lib/python3.9/site-packages/airflow/example_dags/example_time_delta_sensor_async.py for tasks to queue
[2025-04-21T17:26:59.453-0400] {logging_mixin.py:188} INFO - [2025-04-21T17:26:59.453-0400] {dagbag.py:538} INFO - Filling up the DagBag from /Users/gaurav/Documents/Breast-Cancer-ML-Pipeline/venv/lib/python3.9/site-packages/airflow/example_dags/example_time_delta_sensor_async.py
[2025-04-21T17:26:59.459-0400] {processor.py:840} INFO - DAG(s) 'example_time_delta_sensor_async' retrieved from /Users/gaurav/Documents/Breast-Cancer-ML-Pipeline/venv/lib/python3.9/site-packages/airflow/example_dags/example_time_delta_sensor_async.py
[2025-04-21T17:26:59.531-0400] {logging_mixin.py:188} INFO - [2025-04-21T17:26:59.531-0400] {dag.py:3036} INFO - Sync 1 DAGs
[2025-04-21T17:26:59.538-0400] {logging_mixin.py:188} INFO - [2025-04-21T17:26:59.538-0400] {dag.py:3823} INFO - Setting next_dagrun for example_time_delta_sensor_async to None, run_after=None
[2025-04-21T17:26:59.551-0400] {processor.py:183} INFO - Processing /Users/gaurav/Documents/Breast-Cancer-ML-Pipeline/venv/lib/python3.9/site-packages/airflow/example_dags/example_time_delta_sensor_async.py took 0.101 seconds
[2025-04-21T17:29:19.294-0400] {processor.py:161} INFO - Started process (PID=87104) to work on /Users/gaurav/Documents/Breast-Cancer-ML-Pipeline/venv/lib/python3.9/site-packages/airflow/example_dags/example_time_delta_sensor_async.py
[2025-04-21T17:29:19.297-0400] {processor.py:830} INFO - Processing file /Users/gaurav/Documents/Breast-Cancer-ML-Pipeline/venv/lib/python3.9/site-packages/airflow/example_dags/example_time_delta_sensor_async.py for tasks to queue
[2025-04-21T17:29:19.297-0400] {logging_mixin.py:188} INFO - [2025-04-21T17:29:19.297-0400] {dagbag.py:538} INFO - Filling up the DagBag from /Users/gaurav/Documents/Breast-Cancer-ML-Pipeline/venv/lib/python3.9/site-packages/airflow/example_dags/example_time_delta_sensor_async.py
[2025-04-21T17:29:19.303-0400] {processor.py:840} INFO - DAG(s) 'example_time_delta_sensor_async' retrieved from /Users/gaurav/Documents/Breast-Cancer-ML-Pipeline/venv/lib/python3.9/site-packages/airflow/example_dags/example_time_delta_sensor_async.py
[2025-04-21T17:29:19.376-0400] {logging_mixin.py:188} INFO - [2025-04-21T17:29:19.376-0400] {dag.py:3036} INFO - Sync 1 DAGs
[2025-04-21T17:29:19.383-0400] {logging_mixin.py:188} INFO - [2025-04-21T17:29:19.383-0400] {dag.py:3823} INFO - Setting next_dagrun for example_time_delta_sensor_async to None, run_after=None
[2025-04-21T17:29:19.395-0400] {processor.py:183} INFO - Processing /Users/gaurav/Documents/Breast-Cancer-ML-Pipeline/venv/lib/python3.9/site-packages/airflow/example_dags/example_time_delta_sensor_async.py took 0.102 seconds
[2025-04-21T17:30:35.787-0400] {processor.py:161} INFO - Started process (PID=87191) to work on /Users/gaurav/Documents/Breast-Cancer-ML-Pipeline/venv/lib/python3.9/site-packages/airflow/example_dags/example_time_delta_sensor_async.py
[2025-04-21T17:30:35.789-0400] {processor.py:830} INFO - Processing file /Users/gaurav/Documents/Breast-Cancer-ML-Pipeline/venv/lib/python3.9/site-packages/airflow/example_dags/example_time_delta_sensor_async.py for tasks to queue
[2025-04-21T17:30:35.790-0400] {logging_mixin.py:188} INFO - [2025-04-21T17:30:35.790-0400] {dagbag.py:538} INFO - Filling up the DagBag from /Users/gaurav/Documents/Breast-Cancer-ML-Pipeline/venv/lib/python3.9/site-packages/airflow/example_dags/example_time_delta_sensor_async.py
[2025-04-21T17:30:35.797-0400] {processor.py:840} INFO - DAG(s) 'example_time_delta_sensor_async' retrieved from /Users/gaurav/Documents/Breast-Cancer-ML-Pipeline/venv/lib/python3.9/site-packages/airflow/example_dags/example_time_delta_sensor_async.py
[2025-04-21T17:30:35.875-0400] {logging_mixin.py:188} INFO - [2025-04-21T17:30:35.875-0400] {dag.py:3036} INFO - Sync 1 DAGs
[2025-04-21T17:30:35.882-0400] {logging_mixin.py:188} INFO - [2025-04-21T17:30:35.882-0400] {dag.py:3823} INFO - Setting next_dagrun for example_time_delta_sensor_async to None, run_after=None
[2025-04-21T17:30:35.896-0400] {processor.py:183} INFO - Processing /Users/gaurav/Documents/Breast-Cancer-ML-Pipeline/venv/lib/python3.9/site-packages/airflow/example_dags/example_time_delta_sensor_async.py took 0.110 seconds
[2025-04-21T17:31:49.493-0400] {processor.py:161} INFO - Started process (PID=87271) to work on /Users/gaurav/Documents/Breast-Cancer-ML-Pipeline/venv/lib/python3.9/site-packages/airflow/example_dags/example_time_delta_sensor_async.py
[2025-04-21T17:31:49.495-0400] {processor.py:830} INFO - Processing file /Users/gaurav/Documents/Breast-Cancer-ML-Pipeline/venv/lib/python3.9/site-packages/airflow/example_dags/example_time_delta_sensor_async.py for tasks to queue
[2025-04-21T17:31:49.495-0400] {logging_mixin.py:188} INFO - [2025-04-21T17:31:49.495-0400] {dagbag.py:538} INFO - Filling up the DagBag from /Users/gaurav/Documents/Breast-Cancer-ML-Pipeline/venv/lib/python3.9/site-packages/airflow/example_dags/example_time_delta_sensor_async.py
[2025-04-21T17:31:49.502-0400] {processor.py:840} INFO - DAG(s) 'example_time_delta_sensor_async' retrieved from /Users/gaurav/Documents/Breast-Cancer-ML-Pipeline/venv/lib/python3.9/site-packages/airflow/example_dags/example_time_delta_sensor_async.py
[2025-04-21T17:31:49.575-0400] {logging_mixin.py:188} INFO - [2025-04-21T17:31:49.574-0400] {dag.py:3036} INFO - Sync 1 DAGs
[2025-04-21T17:31:49.581-0400] {logging_mixin.py:188} INFO - [2025-04-21T17:31:49.581-0400] {dag.py:3823} INFO - Setting next_dagrun for example_time_delta_sensor_async to None, run_after=None
[2025-04-21T17:31:49.593-0400] {processor.py:183} INFO - Processing /Users/gaurav/Documents/Breast-Cancer-ML-Pipeline/venv/lib/python3.9/site-packages/airflow/example_dags/example_time_delta_sensor_async.py took 0.101 seconds
[2025-04-21T17:35:53.449-0400] {processor.py:161} INFO - Started process (PID=87469) to work on /Users/gaurav/Documents/Breast-Cancer-ML-Pipeline/venv/lib/python3.9/site-packages/airflow/example_dags/example_time_delta_sensor_async.py
[2025-04-21T17:35:53.451-0400] {processor.py:830} INFO - Processing file /Users/gaurav/Documents/Breast-Cancer-ML-Pipeline/venv/lib/python3.9/site-packages/airflow/example_dags/example_time_delta_sensor_async.py for tasks to queue
[2025-04-21T17:35:53.451-0400] {logging_mixin.py:188} INFO - [2025-04-21T17:35:53.451-0400] {dagbag.py:538} INFO - Filling up the DagBag from /Users/gaurav/Documents/Breast-Cancer-ML-Pipeline/venv/lib/python3.9/site-packages/airflow/example_dags/example_time_delta_sensor_async.py
[2025-04-21T17:35:53.457-0400] {processor.py:840} INFO - DAG(s) 'example_time_delta_sensor_async' retrieved from /Users/gaurav/Documents/Breast-Cancer-ML-Pipeline/venv/lib/python3.9/site-packages/airflow/example_dags/example_time_delta_sensor_async.py
[2025-04-21T17:35:53.593-0400] {logging_mixin.py:188} INFO - [2025-04-21T17:35:53.593-0400] {dag.py:3036} INFO - Sync 1 DAGs
[2025-04-21T17:35:53.600-0400] {logging_mixin.py:188} INFO - [2025-04-21T17:35:53.600-0400] {dag.py:3823} INFO - Setting next_dagrun for example_time_delta_sensor_async to None, run_after=None
[2025-04-21T17:35:53.614-0400] {processor.py:183} INFO - Processing /Users/gaurav/Documents/Breast-Cancer-ML-Pipeline/venv/lib/python3.9/site-packages/airflow/example_dags/example_time_delta_sensor_async.py took 0.166 seconds
[2025-04-21T17:38:37.743-0400] {processor.py:161} INFO - Started process (PID=87857) to work on /Users/gaurav/Documents/Breast-Cancer-ML-Pipeline/venv/lib/python3.9/site-packages/airflow/example_dags/example_time_delta_sensor_async.py
[2025-04-21T17:38:37.745-0400] {processor.py:830} INFO - Processing file /Users/gaurav/Documents/Breast-Cancer-ML-Pipeline/venv/lib/python3.9/site-packages/airflow/example_dags/example_time_delta_sensor_async.py for tasks to queue
[2025-04-21T17:38:37.746-0400] {logging_mixin.py:188} INFO - [2025-04-21T17:38:37.746-0400] {dagbag.py:538} INFO - Filling up the DagBag from /Users/gaurav/Documents/Breast-Cancer-ML-Pipeline/venv/lib/python3.9/site-packages/airflow/example_dags/example_time_delta_sensor_async.py
[2025-04-21T17:38:37.752-0400] {processor.py:840} INFO - DAG(s) 'example_time_delta_sensor_async' retrieved from /Users/gaurav/Documents/Breast-Cancer-ML-Pipeline/venv/lib/python3.9/site-packages/airflow/example_dags/example_time_delta_sensor_async.py
[2025-04-21T17:38:37.824-0400] {logging_mixin.py:188} INFO - [2025-04-21T17:38:37.824-0400] {dag.py:3036} INFO - Sync 1 DAGs
[2025-04-21T17:38:37.831-0400] {logging_mixin.py:188} INFO - [2025-04-21T17:38:37.831-0400] {dag.py:3823} INFO - Setting next_dagrun for example_time_delta_sensor_async to None, run_after=None
[2025-04-21T17:38:37.843-0400] {processor.py:183} INFO - Processing /Users/gaurav/Documents/Breast-Cancer-ML-Pipeline/venv/lib/python3.9/site-packages/airflow/example_dags/example_time_delta_sensor_async.py took 0.101 seconds
[2025-04-21T17:39:52.132-0400] {processor.py:161} INFO - Started process (PID=87928) to work on /Users/gaurav/Documents/Breast-Cancer-ML-Pipeline/venv/lib/python3.9/site-packages/airflow/example_dags/example_time_delta_sensor_async.py
[2025-04-21T17:39:52.134-0400] {processor.py:830} INFO - Processing file /Users/gaurav/Documents/Breast-Cancer-ML-Pipeline/venv/lib/python3.9/site-packages/airflow/example_dags/example_time_delta_sensor_async.py for tasks to queue
[2025-04-21T17:39:52.135-0400] {logging_mixin.py:188} INFO - [2025-04-21T17:39:52.134-0400] {dagbag.py:538} INFO - Filling up the DagBag from /Users/gaurav/Documents/Breast-Cancer-ML-Pipeline/venv/lib/python3.9/site-packages/airflow/example_dags/example_time_delta_sensor_async.py
[2025-04-21T17:39:52.141-0400] {processor.py:840} INFO - DAG(s) 'example_time_delta_sensor_async' retrieved from /Users/gaurav/Documents/Breast-Cancer-ML-Pipeline/venv/lib/python3.9/site-packages/airflow/example_dags/example_time_delta_sensor_async.py
[2025-04-21T17:39:52.213-0400] {logging_mixin.py:188} INFO - [2025-04-21T17:39:52.213-0400] {dag.py:3036} INFO - Sync 1 DAGs
[2025-04-21T17:39:52.220-0400] {logging_mixin.py:188} INFO - [2025-04-21T17:39:52.220-0400] {dag.py:3823} INFO - Setting next_dagrun for example_time_delta_sensor_async to None, run_after=None
[2025-04-21T17:39:52.232-0400] {processor.py:183} INFO - Processing /Users/gaurav/Documents/Breast-Cancer-ML-Pipeline/venv/lib/python3.9/site-packages/airflow/example_dags/example_time_delta_sensor_async.py took 0.101 seconds
[2025-04-21T17:41:16.459-0400] {processor.py:161} INFO - Started process (PID=88082) to work on /Users/gaurav/Documents/Breast-Cancer-ML-Pipeline/venv/lib/python3.9/site-packages/airflow/example_dags/example_time_delta_sensor_async.py
[2025-04-21T17:41:16.461-0400] {processor.py:830} INFO - Processing file /Users/gaurav/Documents/Breast-Cancer-ML-Pipeline/venv/lib/python3.9/site-packages/airflow/example_dags/example_time_delta_sensor_async.py for tasks to queue
[2025-04-21T17:41:16.461-0400] {logging_mixin.py:188} INFO - [2025-04-21T17:41:16.461-0400] {dagbag.py:538} INFO - Filling up the DagBag from /Users/gaurav/Documents/Breast-Cancer-ML-Pipeline/venv/lib/python3.9/site-packages/airflow/example_dags/example_time_delta_sensor_async.py
[2025-04-21T17:41:16.467-0400] {processor.py:840} INFO - DAG(s) 'example_time_delta_sensor_async' retrieved from /Users/gaurav/Documents/Breast-Cancer-ML-Pipeline/venv/lib/python3.9/site-packages/airflow/example_dags/example_time_delta_sensor_async.py
[2025-04-21T17:41:16.539-0400] {logging_mixin.py:188} INFO - [2025-04-21T17:41:16.539-0400] {dag.py:3036} INFO - Sync 1 DAGs
[2025-04-21T17:41:16.546-0400] {logging_mixin.py:188} INFO - [2025-04-21T17:41:16.546-0400] {dag.py:3823} INFO - Setting next_dagrun for example_time_delta_sensor_async to None, run_after=None
[2025-04-21T17:41:16.558-0400] {processor.py:183} INFO - Processing /Users/gaurav/Documents/Breast-Cancer-ML-Pipeline/venv/lib/python3.9/site-packages/airflow/example_dags/example_time_delta_sensor_async.py took 0.099 seconds
[2025-04-21T17:42:06.915-0400] {processor.py:161} INFO - Started process (PID=88144) to work on /Users/gaurav/Documents/Breast-Cancer-ML-Pipeline/venv/lib/python3.9/site-packages/airflow/example_dags/example_time_delta_sensor_async.py
[2025-04-21T17:42:06.917-0400] {processor.py:830} INFO - Processing file /Users/gaurav/Documents/Breast-Cancer-ML-Pipeline/venv/lib/python3.9/site-packages/airflow/example_dags/example_time_delta_sensor_async.py for tasks to queue
[2025-04-21T17:42:06.918-0400] {logging_mixin.py:188} INFO - [2025-04-21T17:42:06.918-0400] {dagbag.py:538} INFO - Filling up the DagBag from /Users/gaurav/Documents/Breast-Cancer-ML-Pipeline/venv/lib/python3.9/site-packages/airflow/example_dags/example_time_delta_sensor_async.py
[2025-04-21T17:42:06.923-0400] {processor.py:840} INFO - DAG(s) 'example_time_delta_sensor_async' retrieved from /Users/gaurav/Documents/Breast-Cancer-ML-Pipeline/venv/lib/python3.9/site-packages/airflow/example_dags/example_time_delta_sensor_async.py
[2025-04-21T17:42:06.995-0400] {logging_mixin.py:188} INFO - [2025-04-21T17:42:06.995-0400] {dag.py:3036} INFO - Sync 1 DAGs
[2025-04-21T17:42:07.002-0400] {logging_mixin.py:188} INFO - [2025-04-21T17:42:07.002-0400] {dag.py:3823} INFO - Setting next_dagrun for example_time_delta_sensor_async to None, run_after=None
[2025-04-21T17:42:07.014-0400] {processor.py:183} INFO - Processing /Users/gaurav/Documents/Breast-Cancer-ML-Pipeline/venv/lib/python3.9/site-packages/airflow/example_dags/example_time_delta_sensor_async.py took 0.100 seconds
[2025-04-21T17:43:18.231-0400] {processor.py:161} INFO - Started process (PID=88223) to work on /Users/gaurav/Documents/Breast-Cancer-ML-Pipeline/venv/lib/python3.9/site-packages/airflow/example_dags/example_time_delta_sensor_async.py
[2025-04-21T17:43:18.233-0400] {processor.py:830} INFO - Processing file /Users/gaurav/Documents/Breast-Cancer-ML-Pipeline/venv/lib/python3.9/site-packages/airflow/example_dags/example_time_delta_sensor_async.py for tasks to queue
[2025-04-21T17:43:18.234-0400] {logging_mixin.py:188} INFO - [2025-04-21T17:43:18.234-0400] {dagbag.py:538} INFO - Filling up the DagBag from /Users/gaurav/Documents/Breast-Cancer-ML-Pipeline/venv/lib/python3.9/site-packages/airflow/example_dags/example_time_delta_sensor_async.py
[2025-04-21T17:43:18.240-0400] {processor.py:840} INFO - DAG(s) 'example_time_delta_sensor_async' retrieved from /Users/gaurav/Documents/Breast-Cancer-ML-Pipeline/venv/lib/python3.9/site-packages/airflow/example_dags/example_time_delta_sensor_async.py
[2025-04-21T17:43:18.313-0400] {logging_mixin.py:188} INFO - [2025-04-21T17:43:18.312-0400] {dag.py:3036} INFO - Sync 1 DAGs
[2025-04-21T17:43:18.319-0400] {logging_mixin.py:188} INFO - [2025-04-21T17:43:18.319-0400] {dag.py:3823} INFO - Setting next_dagrun for example_time_delta_sensor_async to None, run_after=None
[2025-04-21T17:43:18.337-0400] {processor.py:183} INFO - Processing /Users/gaurav/Documents/Breast-Cancer-ML-Pipeline/venv/lib/python3.9/site-packages/airflow/example_dags/example_time_delta_sensor_async.py took 0.106 seconds
[2025-04-21T17:44:30.003-0400] {processor.py:161} INFO - Started process (PID=88311) to work on /Users/gaurav/Documents/Breast-Cancer-ML-Pipeline/venv/lib/python3.9/site-packages/airflow/example_dags/example_time_delta_sensor_async.py
[2025-04-21T17:44:30.004-0400] {processor.py:830} INFO - Processing file /Users/gaurav/Documents/Breast-Cancer-ML-Pipeline/venv/lib/python3.9/site-packages/airflow/example_dags/example_time_delta_sensor_async.py for tasks to queue
[2025-04-21T17:44:30.005-0400] {logging_mixin.py:188} INFO - [2025-04-21T17:44:30.005-0400] {dagbag.py:538} INFO - Filling up the DagBag from /Users/gaurav/Documents/Breast-Cancer-ML-Pipeline/venv/lib/python3.9/site-packages/airflow/example_dags/example_time_delta_sensor_async.py
[2025-04-21T17:44:30.011-0400] {processor.py:840} INFO - DAG(s) 'example_time_delta_sensor_async' retrieved from /Users/gaurav/Documents/Breast-Cancer-ML-Pipeline/venv/lib/python3.9/site-packages/airflow/example_dags/example_time_delta_sensor_async.py
[2025-04-21T17:44:30.084-0400] {logging_mixin.py:188} INFO - [2025-04-21T17:44:30.083-0400] {dag.py:3036} INFO - Sync 1 DAGs
[2025-04-21T17:44:30.091-0400] {logging_mixin.py:188} INFO - [2025-04-21T17:44:30.091-0400] {dag.py:3823} INFO - Setting next_dagrun for example_time_delta_sensor_async to None, run_after=None
[2025-04-21T17:44:30.104-0400] {processor.py:183} INFO - Processing /Users/gaurav/Documents/Breast-Cancer-ML-Pipeline/venv/lib/python3.9/site-packages/airflow/example_dags/example_time_delta_sensor_async.py took 0.101 seconds
[2025-04-21T17:45:28.119-0400] {processor.py:161} INFO - Started process (PID=88398) to work on /Users/gaurav/Documents/Breast-Cancer-ML-Pipeline/venv/lib/python3.9/site-packages/airflow/example_dags/example_time_delta_sensor_async.py
[2025-04-21T17:45:28.121-0400] {processor.py:830} INFO - Processing file /Users/gaurav/Documents/Breast-Cancer-ML-Pipeline/venv/lib/python3.9/site-packages/airflow/example_dags/example_time_delta_sensor_async.py for tasks to queue
[2025-04-21T17:45:28.122-0400] {logging_mixin.py:188} INFO - [2025-04-21T17:45:28.122-0400] {dagbag.py:538} INFO - Filling up the DagBag from /Users/gaurav/Documents/Breast-Cancer-ML-Pipeline/venv/lib/python3.9/site-packages/airflow/example_dags/example_time_delta_sensor_async.py
[2025-04-21T17:45:28.126-0400] {processor.py:840} INFO - DAG(s) 'example_time_delta_sensor_async' retrieved from /Users/gaurav/Documents/Breast-Cancer-ML-Pipeline/venv/lib/python3.9/site-packages/airflow/example_dags/example_time_delta_sensor_async.py
[2025-04-21T17:45:28.184-0400] {logging_mixin.py:188} INFO - [2025-04-21T17:45:28.183-0400] {dag.py:3036} INFO - Sync 1 DAGs
[2025-04-21T17:45:28.189-0400] {logging_mixin.py:188} INFO - [2025-04-21T17:45:28.189-0400] {dag.py:3823} INFO - Setting next_dagrun for example_time_delta_sensor_async to None, run_after=None
[2025-04-21T17:45:28.199-0400] {processor.py:183} INFO - Processing /Users/gaurav/Documents/Breast-Cancer-ML-Pipeline/venv/lib/python3.9/site-packages/airflow/example_dags/example_time_delta_sensor_async.py took 0.080 seconds
[2025-04-21T17:46:15.591-0400] {processor.py:161} INFO - Started process (PID=88523) to work on /Users/gaurav/Documents/Breast-Cancer-ML-Pipeline/venv/lib/python3.9/site-packages/airflow/example_dags/example_time_delta_sensor_async.py
[2025-04-21T17:46:15.592-0400] {processor.py:830} INFO - Processing file /Users/gaurav/Documents/Breast-Cancer-ML-Pipeline/venv/lib/python3.9/site-packages/airflow/example_dags/example_time_delta_sensor_async.py for tasks to queue
[2025-04-21T17:46:15.592-0400] {logging_mixin.py:188} INFO - [2025-04-21T17:46:15.592-0400] {dagbag.py:538} INFO - Filling up the DagBag from /Users/gaurav/Documents/Breast-Cancer-ML-Pipeline/venv/lib/python3.9/site-packages/airflow/example_dags/example_time_delta_sensor_async.py
[2025-04-21T17:46:15.597-0400] {processor.py:840} INFO - DAG(s) 'example_time_delta_sensor_async' retrieved from /Users/gaurav/Documents/Breast-Cancer-ML-Pipeline/venv/lib/python3.9/site-packages/airflow/example_dags/example_time_delta_sensor_async.py
[2025-04-21T17:46:15.655-0400] {logging_mixin.py:188} INFO - [2025-04-21T17:46:15.655-0400] {dag.py:3036} INFO - Sync 1 DAGs
[2025-04-21T17:46:15.660-0400] {logging_mixin.py:188} INFO - [2025-04-21T17:46:15.660-0400] {dag.py:3823} INFO - Setting next_dagrun for example_time_delta_sensor_async to None, run_after=None
[2025-04-21T17:46:15.669-0400] {processor.py:183} INFO - Processing /Users/gaurav/Documents/Breast-Cancer-ML-Pipeline/venv/lib/python3.9/site-packages/airflow/example_dags/example_time_delta_sensor_async.py took 0.079 seconds
[2025-04-21T17:47:13.246-0400] {processor.py:161} INFO - Started process (PID=88595) to work on /Users/gaurav/Documents/Breast-Cancer-ML-Pipeline/venv/lib/python3.9/site-packages/airflow/example_dags/example_time_delta_sensor_async.py
[2025-04-21T17:47:13.247-0400] {processor.py:830} INFO - Processing file /Users/gaurav/Documents/Breast-Cancer-ML-Pipeline/venv/lib/python3.9/site-packages/airflow/example_dags/example_time_delta_sensor_async.py for tasks to queue
[2025-04-21T17:47:13.247-0400] {logging_mixin.py:188} INFO - [2025-04-21T17:47:13.247-0400] {dagbag.py:538} INFO - Filling up the DagBag from /Users/gaurav/Documents/Breast-Cancer-ML-Pipeline/venv/lib/python3.9/site-packages/airflow/example_dags/example_time_delta_sensor_async.py
[2025-04-21T17:47:13.252-0400] {processor.py:840} INFO - DAG(s) 'example_time_delta_sensor_async' retrieved from /Users/gaurav/Documents/Breast-Cancer-ML-Pipeline/venv/lib/python3.9/site-packages/airflow/example_dags/example_time_delta_sensor_async.py
[2025-04-21T17:47:13.310-0400] {logging_mixin.py:188} INFO - [2025-04-21T17:47:13.310-0400] {dag.py:3036} INFO - Sync 1 DAGs
[2025-04-21T17:47:13.316-0400] {logging_mixin.py:188} INFO - [2025-04-21T17:47:13.315-0400] {dag.py:3823} INFO - Setting next_dagrun for example_time_delta_sensor_async to None, run_after=None
[2025-04-21T17:47:13.325-0400] {processor.py:183} INFO - Processing /Users/gaurav/Documents/Breast-Cancer-ML-Pipeline/venv/lib/python3.9/site-packages/airflow/example_dags/example_time_delta_sensor_async.py took 0.080 seconds
[2025-04-21T17:48:02.752-0400] {processor.py:161} INFO - Started process (PID=88658) to work on /Users/gaurav/Documents/Breast-Cancer-ML-Pipeline/venv/lib/python3.9/site-packages/airflow/example_dags/example_time_delta_sensor_async.py
[2025-04-21T17:48:02.754-0400] {processor.py:830} INFO - Processing file /Users/gaurav/Documents/Breast-Cancer-ML-Pipeline/venv/lib/python3.9/site-packages/airflow/example_dags/example_time_delta_sensor_async.py for tasks to queue
[2025-04-21T17:48:02.755-0400] {logging_mixin.py:188} INFO - [2025-04-21T17:48:02.754-0400] {dagbag.py:538} INFO - Filling up the DagBag from /Users/gaurav/Documents/Breast-Cancer-ML-Pipeline/venv/lib/python3.9/site-packages/airflow/example_dags/example_time_delta_sensor_async.py
[2025-04-21T17:48:02.759-0400] {processor.py:840} INFO - DAG(s) 'example_time_delta_sensor_async' retrieved from /Users/gaurav/Documents/Breast-Cancer-ML-Pipeline/venv/lib/python3.9/site-packages/airflow/example_dags/example_time_delta_sensor_async.py
[2025-04-21T17:48:02.816-0400] {logging_mixin.py:188} INFO - [2025-04-21T17:48:02.816-0400] {dag.py:3036} INFO - Sync 1 DAGs
[2025-04-21T17:48:02.822-0400] {logging_mixin.py:188} INFO - [2025-04-21T17:48:02.822-0400] {dag.py:3823} INFO - Setting next_dagrun for example_time_delta_sensor_async to None, run_after=None
[2025-04-21T17:48:02.831-0400] {processor.py:183} INFO - Processing /Users/gaurav/Documents/Breast-Cancer-ML-Pipeline/venv/lib/python3.9/site-packages/airflow/example_dags/example_time_delta_sensor_async.py took 0.079 seconds
[2025-04-21T17:48:47.400-0400] {processor.py:161} INFO - Started process (PID=88725) to work on /Users/gaurav/Documents/Breast-Cancer-ML-Pipeline/venv/lib/python3.9/site-packages/airflow/example_dags/example_time_delta_sensor_async.py
[2025-04-21T17:48:47.402-0400] {processor.py:830} INFO - Processing file /Users/gaurav/Documents/Breast-Cancer-ML-Pipeline/venv/lib/python3.9/site-packages/airflow/example_dags/example_time_delta_sensor_async.py for tasks to queue
[2025-04-21T17:48:47.403-0400] {logging_mixin.py:188} INFO - [2025-04-21T17:48:47.402-0400] {dagbag.py:538} INFO - Filling up the DagBag from /Users/gaurav/Documents/Breast-Cancer-ML-Pipeline/venv/lib/python3.9/site-packages/airflow/example_dags/example_time_delta_sensor_async.py
[2025-04-21T17:48:47.407-0400] {processor.py:840} INFO - DAG(s) 'example_time_delta_sensor_async' retrieved from /Users/gaurav/Documents/Breast-Cancer-ML-Pipeline/venv/lib/python3.9/site-packages/airflow/example_dags/example_time_delta_sensor_async.py
[2025-04-21T17:48:47.463-0400] {logging_mixin.py:188} INFO - [2025-04-21T17:48:47.463-0400] {dag.py:3036} INFO - Sync 1 DAGs
[2025-04-21T17:48:47.468-0400] {logging_mixin.py:188} INFO - [2025-04-21T17:48:47.468-0400] {dag.py:3823} INFO - Setting next_dagrun for example_time_delta_sensor_async to None, run_after=None
[2025-04-21T17:48:47.478-0400] {processor.py:183} INFO - Processing /Users/gaurav/Documents/Breast-Cancer-ML-Pipeline/venv/lib/python3.9/site-packages/airflow/example_dags/example_time_delta_sensor_async.py took 0.078 seconds
[2025-04-21T17:49:29.873-0400] {processor.py:161} INFO - Started process (PID=88780) to work on /Users/gaurav/Documents/Breast-Cancer-ML-Pipeline/venv/lib/python3.9/site-packages/airflow/example_dags/example_time_delta_sensor_async.py
[2025-04-21T17:49:29.875-0400] {processor.py:830} INFO - Processing file /Users/gaurav/Documents/Breast-Cancer-ML-Pipeline/venv/lib/python3.9/site-packages/airflow/example_dags/example_time_delta_sensor_async.py for tasks to queue
[2025-04-21T17:49:29.875-0400] {logging_mixin.py:188} INFO - [2025-04-21T17:49:29.875-0400] {dagbag.py:538} INFO - Filling up the DagBag from /Users/gaurav/Documents/Breast-Cancer-ML-Pipeline/venv/lib/python3.9/site-packages/airflow/example_dags/example_time_delta_sensor_async.py
[2025-04-21T17:49:29.880-0400] {processor.py:840} INFO - DAG(s) 'example_time_delta_sensor_async' retrieved from /Users/gaurav/Documents/Breast-Cancer-ML-Pipeline/venv/lib/python3.9/site-packages/airflow/example_dags/example_time_delta_sensor_async.py
[2025-04-21T17:49:29.936-0400] {logging_mixin.py:188} INFO - [2025-04-21T17:49:29.936-0400] {dag.py:3036} INFO - Sync 1 DAGs
[2025-04-21T17:49:29.941-0400] {logging_mixin.py:188} INFO - [2025-04-21T17:49:29.941-0400] {dag.py:3823} INFO - Setting next_dagrun for example_time_delta_sensor_async to None, run_after=None
[2025-04-21T17:49:29.951-0400] {processor.py:183} INFO - Processing /Users/gaurav/Documents/Breast-Cancer-ML-Pipeline/venv/lib/python3.9/site-packages/airflow/example_dags/example_time_delta_sensor_async.py took 0.078 seconds
[2025-04-21T17:50:15.128-0400] {processor.py:161} INFO - Started process (PID=88840) to work on /Users/gaurav/Documents/Breast-Cancer-ML-Pipeline/venv/lib/python3.9/site-packages/airflow/example_dags/example_time_delta_sensor_async.py
[2025-04-21T17:50:15.129-0400] {processor.py:830} INFO - Processing file /Users/gaurav/Documents/Breast-Cancer-ML-Pipeline/venv/lib/python3.9/site-packages/airflow/example_dags/example_time_delta_sensor_async.py for tasks to queue
[2025-04-21T17:50:15.129-0400] {logging_mixin.py:188} INFO - [2025-04-21T17:50:15.129-0400] {dagbag.py:538} INFO - Filling up the DagBag from /Users/gaurav/Documents/Breast-Cancer-ML-Pipeline/venv/lib/python3.9/site-packages/airflow/example_dags/example_time_delta_sensor_async.py
[2025-04-21T17:50:15.134-0400] {processor.py:840} INFO - DAG(s) 'example_time_delta_sensor_async' retrieved from /Users/gaurav/Documents/Breast-Cancer-ML-Pipeline/venv/lib/python3.9/site-packages/airflow/example_dags/example_time_delta_sensor_async.py
[2025-04-21T17:50:15.194-0400] {logging_mixin.py:188} INFO - [2025-04-21T17:50:15.194-0400] {dag.py:3036} INFO - Sync 1 DAGs
[2025-04-21T17:50:15.200-0400] {logging_mixin.py:188} INFO - [2025-04-21T17:50:15.200-0400] {dag.py:3823} INFO - Setting next_dagrun for example_time_delta_sensor_async to None, run_after=None
[2025-04-21T17:50:15.212-0400] {processor.py:183} INFO - Processing /Users/gaurav/Documents/Breast-Cancer-ML-Pipeline/venv/lib/python3.9/site-packages/airflow/example_dags/example_time_delta_sensor_async.py took 0.085 seconds
[2025-04-21T17:51:07.957-0400] {processor.py:161} INFO - Started process (PID=88915) to work on /Users/gaurav/Documents/Breast-Cancer-ML-Pipeline/venv/lib/python3.9/site-packages/airflow/example_dags/example_time_delta_sensor_async.py
[2025-04-21T17:51:07.958-0400] {processor.py:830} INFO - Processing file /Users/gaurav/Documents/Breast-Cancer-ML-Pipeline/venv/lib/python3.9/site-packages/airflow/example_dags/example_time_delta_sensor_async.py for tasks to queue
[2025-04-21T17:51:07.959-0400] {logging_mixin.py:188} INFO - [2025-04-21T17:51:07.959-0400] {dagbag.py:538} INFO - Filling up the DagBag from /Users/gaurav/Documents/Breast-Cancer-ML-Pipeline/venv/lib/python3.9/site-packages/airflow/example_dags/example_time_delta_sensor_async.py
[2025-04-21T17:51:07.964-0400] {processor.py:840} INFO - DAG(s) 'example_time_delta_sensor_async' retrieved from /Users/gaurav/Documents/Breast-Cancer-ML-Pipeline/venv/lib/python3.9/site-packages/airflow/example_dags/example_time_delta_sensor_async.py
[2025-04-21T17:51:08.022-0400] {logging_mixin.py:188} INFO - [2025-04-21T17:51:08.022-0400] {dag.py:3036} INFO - Sync 1 DAGs
[2025-04-21T17:51:08.027-0400] {logging_mixin.py:188} INFO - [2025-04-21T17:51:08.027-0400] {dag.py:3823} INFO - Setting next_dagrun for example_time_delta_sensor_async to None, run_after=None
[2025-04-21T17:51:08.037-0400] {processor.py:183} INFO - Processing /Users/gaurav/Documents/Breast-Cancer-ML-Pipeline/venv/lib/python3.9/site-packages/airflow/example_dags/example_time_delta_sensor_async.py took 0.081 seconds
[2025-04-21T17:52:00.045-0400] {processor.py:161} INFO - Started process (PID=88989) to work on /Users/gaurav/Documents/Breast-Cancer-ML-Pipeline/venv/lib/python3.9/site-packages/airflow/example_dags/example_time_delta_sensor_async.py
[2025-04-21T17:52:00.047-0400] {processor.py:830} INFO - Processing file /Users/gaurav/Documents/Breast-Cancer-ML-Pipeline/venv/lib/python3.9/site-packages/airflow/example_dags/example_time_delta_sensor_async.py for tasks to queue
[2025-04-21T17:52:00.047-0400] {logging_mixin.py:188} INFO - [2025-04-21T17:52:00.047-0400] {dagbag.py:538} INFO - Filling up the DagBag from /Users/gaurav/Documents/Breast-Cancer-ML-Pipeline/venv/lib/python3.9/site-packages/airflow/example_dags/example_time_delta_sensor_async.py
[2025-04-21T17:52:00.053-0400] {processor.py:840} INFO - DAG(s) 'example_time_delta_sensor_async' retrieved from /Users/gaurav/Documents/Breast-Cancer-ML-Pipeline/venv/lib/python3.9/site-packages/airflow/example_dags/example_time_delta_sensor_async.py
[2025-04-21T17:52:00.114-0400] {logging_mixin.py:188} INFO - [2025-04-21T17:52:00.114-0400] {dag.py:3036} INFO - Sync 1 DAGs
[2025-04-21T17:52:00.120-0400] {logging_mixin.py:188} INFO - [2025-04-21T17:52:00.120-0400] {dag.py:3823} INFO - Setting next_dagrun for example_time_delta_sensor_async to None, run_after=None
[2025-04-21T17:52:00.130-0400] {processor.py:183} INFO - Processing /Users/gaurav/Documents/Breast-Cancer-ML-Pipeline/venv/lib/python3.9/site-packages/airflow/example_dags/example_time_delta_sensor_async.py took 0.086 seconds
[2025-04-21T17:52:53.602-0400] {processor.py:161} INFO - Started process (PID=89064) to work on /Users/gaurav/Documents/Breast-Cancer-ML-Pipeline/venv/lib/python3.9/site-packages/airflow/example_dags/example_time_delta_sensor_async.py
[2025-04-21T17:52:53.604-0400] {processor.py:830} INFO - Processing file /Users/gaurav/Documents/Breast-Cancer-ML-Pipeline/venv/lib/python3.9/site-packages/airflow/example_dags/example_time_delta_sensor_async.py for tasks to queue
[2025-04-21T17:52:53.604-0400] {logging_mixin.py:188} INFO - [2025-04-21T17:52:53.604-0400] {dagbag.py:538} INFO - Filling up the DagBag from /Users/gaurav/Documents/Breast-Cancer-ML-Pipeline/venv/lib/python3.9/site-packages/airflow/example_dags/example_time_delta_sensor_async.py
[2025-04-21T17:52:53.609-0400] {processor.py:840} INFO - DAG(s) 'example_time_delta_sensor_async' retrieved from /Users/gaurav/Documents/Breast-Cancer-ML-Pipeline/venv/lib/python3.9/site-packages/airflow/example_dags/example_time_delta_sensor_async.py
[2025-04-21T17:52:53.667-0400] {logging_mixin.py:188} INFO - [2025-04-21T17:52:53.667-0400] {dag.py:3036} INFO - Sync 1 DAGs
[2025-04-21T17:52:53.672-0400] {logging_mixin.py:188} INFO - [2025-04-21T17:52:53.672-0400] {dag.py:3823} INFO - Setting next_dagrun for example_time_delta_sensor_async to None, run_after=None
[2025-04-21T17:52:53.682-0400] {processor.py:183} INFO - Processing /Users/gaurav/Documents/Breast-Cancer-ML-Pipeline/venv/lib/python3.9/site-packages/airflow/example_dags/example_time_delta_sensor_async.py took 0.081 seconds
[2025-04-21T17:53:42.192-0400] {processor.py:161} INFO - Started process (PID=89125) to work on /Users/gaurav/Documents/Breast-Cancer-ML-Pipeline/venv/lib/python3.9/site-packages/airflow/example_dags/example_time_delta_sensor_async.py
[2025-04-21T17:53:42.194-0400] {processor.py:830} INFO - Processing file /Users/gaurav/Documents/Breast-Cancer-ML-Pipeline/venv/lib/python3.9/site-packages/airflow/example_dags/example_time_delta_sensor_async.py for tasks to queue
[2025-04-21T17:53:42.194-0400] {logging_mixin.py:188} INFO - [2025-04-21T17:53:42.194-0400] {dagbag.py:538} INFO - Filling up the DagBag from /Users/gaurav/Documents/Breast-Cancer-ML-Pipeline/venv/lib/python3.9/site-packages/airflow/example_dags/example_time_delta_sensor_async.py
[2025-04-21T17:53:42.199-0400] {processor.py:840} INFO - DAG(s) 'example_time_delta_sensor_async' retrieved from /Users/gaurav/Documents/Breast-Cancer-ML-Pipeline/venv/lib/python3.9/site-packages/airflow/example_dags/example_time_delta_sensor_async.py
[2025-04-21T17:53:42.256-0400] {logging_mixin.py:188} INFO - [2025-04-21T17:53:42.256-0400] {dag.py:3036} INFO - Sync 1 DAGs
[2025-04-21T17:53:42.261-0400] {logging_mixin.py:188} INFO - [2025-04-21T17:53:42.261-0400] {dag.py:3823} INFO - Setting next_dagrun for example_time_delta_sensor_async to None, run_after=None
[2025-04-21T17:53:42.271-0400] {processor.py:183} INFO - Processing /Users/gaurav/Documents/Breast-Cancer-ML-Pipeline/venv/lib/python3.9/site-packages/airflow/example_dags/example_time_delta_sensor_async.py took 0.080 seconds
[2025-04-21T17:54:35.353-0400] {processor.py:161} INFO - Started process (PID=89206) to work on /Users/gaurav/Documents/Breast-Cancer-ML-Pipeline/venv/lib/python3.9/site-packages/airflow/example_dags/example_time_delta_sensor_async.py
[2025-04-21T17:54:35.355-0400] {processor.py:830} INFO - Processing file /Users/gaurav/Documents/Breast-Cancer-ML-Pipeline/venv/lib/python3.9/site-packages/airflow/example_dags/example_time_delta_sensor_async.py for tasks to queue
[2025-04-21T17:54:35.355-0400] {logging_mixin.py:188} INFO - [2025-04-21T17:54:35.355-0400] {dagbag.py:538} INFO - Filling up the DagBag from /Users/gaurav/Documents/Breast-Cancer-ML-Pipeline/venv/lib/python3.9/site-packages/airflow/example_dags/example_time_delta_sensor_async.py
[2025-04-21T17:54:35.360-0400] {processor.py:840} INFO - DAG(s) 'example_time_delta_sensor_async' retrieved from /Users/gaurav/Documents/Breast-Cancer-ML-Pipeline/venv/lib/python3.9/site-packages/airflow/example_dags/example_time_delta_sensor_async.py
[2025-04-21T17:54:35.415-0400] {logging_mixin.py:188} INFO - [2025-04-21T17:54:35.415-0400] {dag.py:3036} INFO - Sync 1 DAGs
[2025-04-21T17:54:35.420-0400] {logging_mixin.py:188} INFO - [2025-04-21T17:54:35.420-0400] {dag.py:3823} INFO - Setting next_dagrun for example_time_delta_sensor_async to None, run_after=None
[2025-04-21T17:54:35.430-0400] {processor.py:183} INFO - Processing /Users/gaurav/Documents/Breast-Cancer-ML-Pipeline/venv/lib/python3.9/site-packages/airflow/example_dags/example_time_delta_sensor_async.py took 0.077 seconds
[2025-04-21T17:55:29.807-0400] {processor.py:161} INFO - Started process (PID=89361) to work on /Users/gaurav/Documents/Breast-Cancer-ML-Pipeline/venv/lib/python3.9/site-packages/airflow/example_dags/example_time_delta_sensor_async.py
[2025-04-21T17:55:29.808-0400] {processor.py:830} INFO - Processing file /Users/gaurav/Documents/Breast-Cancer-ML-Pipeline/venv/lib/python3.9/site-packages/airflow/example_dags/example_time_delta_sensor_async.py for tasks to queue
[2025-04-21T17:55:29.808-0400] {logging_mixin.py:188} INFO - [2025-04-21T17:55:29.808-0400] {dagbag.py:538} INFO - Filling up the DagBag from /Users/gaurav/Documents/Breast-Cancer-ML-Pipeline/venv/lib/python3.9/site-packages/airflow/example_dags/example_time_delta_sensor_async.py
[2025-04-21T17:55:29.813-0400] {processor.py:840} INFO - DAG(s) 'example_time_delta_sensor_async' retrieved from /Users/gaurav/Documents/Breast-Cancer-ML-Pipeline/venv/lib/python3.9/site-packages/airflow/example_dags/example_time_delta_sensor_async.py
[2025-04-21T17:55:29.876-0400] {logging_mixin.py:188} INFO - [2025-04-21T17:55:29.875-0400] {dag.py:3036} INFO - Sync 1 DAGs
[2025-04-21T17:55:29.882-0400] {logging_mixin.py:188} INFO - [2025-04-21T17:55:29.882-0400] {dag.py:3823} INFO - Setting next_dagrun for example_time_delta_sensor_async to None, run_after=None
[2025-04-21T17:55:29.893-0400] {processor.py:183} INFO - Processing /Users/gaurav/Documents/Breast-Cancer-ML-Pipeline/venv/lib/python3.9/site-packages/airflow/example_dags/example_time_delta_sensor_async.py took 0.087 seconds
