[2025-04-21T16:38:37.407-0400] {processor.py:161} INFO - Started process (PID=83513) to work on /Users/gaurav/Documents/Breast-Cancer-ML-Pipeline/venv/lib/python3.9/site-packages/airflow/example_dags/example_xcom.py
[2025-04-21T16:38:37.408-0400] {processor.py:830} INFO - Processing file /Users/gaurav/Documents/Breast-Cancer-ML-Pipeline/venv/lib/python3.9/site-packages/airflow/example_dags/example_xcom.py for tasks to queue
[2025-04-21T16:38:37.408-0400] {logging_mixin.py:188} INFO - [2025-04-21T16:38:37.408-0400] {dagbag.py:538} INFO - Filling up the DagBag from /Users/gaurav/Documents/Breast-Cancer-ML-Pipeline/venv/lib/python3.9/site-packages/airflow/example_dags/example_xcom.py
[2025-04-21T16:38:37.439-0400] {processor.py:840} INFO - DAG(s) 'example_xcom' retrieved from /Users/gaurav/Documents/Breast-Cancer-ML-Pipeline/venv/lib/python3.9/site-packages/airflow/example_dags/example_xcom.py
[2025-04-21T16:38:37.567-0400] {logging_mixin.py:188} INFO - [2025-04-21T16:38:37.567-0400] {override.py:1769} INFO - Created Permission View: can read on DAG:example_xcom
[2025-04-21T16:38:37.572-0400] {logging_mixin.py:188} INFO - [2025-04-21T16:38:37.572-0400] {override.py:1769} INFO - Created Permission View: can edit on DAG:example_xcom
[2025-04-21T16:38:37.576-0400] {logging_mixin.py:188} INFO - [2025-04-21T16:38:37.576-0400] {override.py:1769} INFO - Created Permission View: can delete on DAG:example_xcom
[2025-04-21T16:38:37.576-0400] {logging_mixin.py:188} INFO - [2025-04-21T16:38:37.576-0400] {dag.py:3036} INFO - Sync 1 DAGs
[2025-04-21T16:38:37.583-0400] {logging_mixin.py:188} INFO - [2025-04-21T16:38:37.582-0400] {dag.py:3058} INFO - Creating ORM DAG for example_xcom
[2025-04-21T16:38:37.588-0400] {logging_mixin.py:188} INFO - [2025-04-21T16:38:37.587-0400] {dag.py:3823} INFO - Setting next_dagrun for example_xcom to 2021-01-01 00:00:00+00:00, run_after=2021-01-01 00:00:00+00:00
[2025-04-21T16:38:37.598-0400] {processor.py:183} INFO - Processing /Users/gaurav/Documents/Breast-Cancer-ML-Pipeline/venv/lib/python3.9/site-packages/airflow/example_dags/example_xcom.py took 0.192 seconds
[2025-04-21T16:40:32.954-0400] {processor.py:161} INFO - Started process (PID=83625) to work on /Users/gaurav/Documents/Breast-Cancer-ML-Pipeline/venv/lib/python3.9/site-packages/airflow/example_dags/example_xcom.py
[2025-04-21T16:40:32.955-0400] {processor.py:830} INFO - Processing file /Users/gaurav/Documents/Breast-Cancer-ML-Pipeline/venv/lib/python3.9/site-packages/airflow/example_dags/example_xcom.py for tasks to queue
[2025-04-21T16:40:32.956-0400] {logging_mixin.py:188} INFO - [2025-04-21T16:40:32.956-0400] {dagbag.py:538} INFO - Filling up the DagBag from /Users/gaurav/Documents/Breast-Cancer-ML-Pipeline/venv/lib/python3.9/site-packages/airflow/example_dags/example_xcom.py
[2025-04-21T16:40:32.983-0400] {processor.py:840} INFO - DAG(s) 'example_xcom' retrieved from /Users/gaurav/Documents/Breast-Cancer-ML-Pipeline/venv/lib/python3.9/site-packages/airflow/example_dags/example_xcom.py
[2025-04-21T16:40:33.047-0400] {logging_mixin.py:188} INFO - [2025-04-21T16:40:33.047-0400] {dag.py:3036} INFO - Sync 1 DAGs
[2025-04-21T16:40:33.057-0400] {logging_mixin.py:188} INFO - [2025-04-21T16:40:33.057-0400] {dag.py:3823} INFO - Setting next_dagrun for example_xcom to 2021-01-01 00:00:00+00:00, run_after=2021-01-01 00:00:00+00:00
[2025-04-21T16:40:33.070-0400] {processor.py:183} INFO - Processing /Users/gaurav/Documents/Breast-Cancer-ML-Pipeline/venv/lib/python3.9/site-packages/airflow/example_dags/example_xcom.py took 0.116 seconds
[2025-04-21T16:41:52.864-0400] {processor.py:161} INFO - Started process (PID=83690) to work on /Users/gaurav/Documents/Breast-Cancer-ML-Pipeline/venv/lib/python3.9/site-packages/airflow/example_dags/example_xcom.py
[2025-04-21T16:41:52.865-0400] {processor.py:830} INFO - Processing file /Users/gaurav/Documents/Breast-Cancer-ML-Pipeline/venv/lib/python3.9/site-packages/airflow/example_dags/example_xcom.py for tasks to queue
[2025-04-21T16:41:52.866-0400] {logging_mixin.py:188} INFO - [2025-04-21T16:41:52.866-0400] {dagbag.py:538} INFO - Filling up the DagBag from /Users/gaurav/Documents/Breast-Cancer-ML-Pipeline/venv/lib/python3.9/site-packages/airflow/example_dags/example_xcom.py
[2025-04-21T16:41:52.897-0400] {processor.py:840} INFO - DAG(s) 'example_xcom' retrieved from /Users/gaurav/Documents/Breast-Cancer-ML-Pipeline/venv/lib/python3.9/site-packages/airflow/example_dags/example_xcom.py
[2025-04-21T16:41:52.966-0400] {logging_mixin.py:188} INFO - [2025-04-21T16:41:52.966-0400] {dag.py:3036} INFO - Sync 1 DAGs
[2025-04-21T16:41:52.979-0400] {logging_mixin.py:188} INFO - [2025-04-21T16:41:52.979-0400] {dag.py:3823} INFO - Setting next_dagrun for example_xcom to 2021-01-01 00:00:00+00:00, run_after=2021-01-01 00:00:00+00:00
[2025-04-21T16:41:52.992-0400] {processor.py:183} INFO - Processing /Users/gaurav/Documents/Breast-Cancer-ML-Pipeline/venv/lib/python3.9/site-packages/airflow/example_dags/example_xcom.py took 0.129 seconds
[2025-04-21T16:43:13.556-0400] {processor.py:161} INFO - Started process (PID=83753) to work on /Users/gaurav/Documents/Breast-Cancer-ML-Pipeline/venv/lib/python3.9/site-packages/airflow/example_dags/example_xcom.py
[2025-04-21T16:43:13.557-0400] {processor.py:830} INFO - Processing file /Users/gaurav/Documents/Breast-Cancer-ML-Pipeline/venv/lib/python3.9/site-packages/airflow/example_dags/example_xcom.py for tasks to queue
[2025-04-21T16:43:13.558-0400] {logging_mixin.py:188} INFO - [2025-04-21T16:43:13.558-0400] {dagbag.py:538} INFO - Filling up the DagBag from /Users/gaurav/Documents/Breast-Cancer-ML-Pipeline/venv/lib/python3.9/site-packages/airflow/example_dags/example_xcom.py
[2025-04-21T16:43:13.588-0400] {processor.py:840} INFO - DAG(s) 'example_xcom' retrieved from /Users/gaurav/Documents/Breast-Cancer-ML-Pipeline/venv/lib/python3.9/site-packages/airflow/example_dags/example_xcom.py
[2025-04-21T16:43:13.660-0400] {logging_mixin.py:188} INFO - [2025-04-21T16:43:13.660-0400] {dag.py:3036} INFO - Sync 1 DAGs
[2025-04-21T16:43:13.674-0400] {logging_mixin.py:188} INFO - [2025-04-21T16:43:13.674-0400] {dag.py:3823} INFO - Setting next_dagrun for example_xcom to 2021-01-01 00:00:00+00:00, run_after=2021-01-01 00:00:00+00:00
[2025-04-21T16:43:13.689-0400] {processor.py:183} INFO - Processing /Users/gaurav/Documents/Breast-Cancer-ML-Pipeline/venv/lib/python3.9/site-packages/airflow/example_dags/example_xcom.py took 0.134 seconds
[2025-04-21T16:44:36.915-0400] {processor.py:161} INFO - Started process (PID=83829) to work on /Users/gaurav/Documents/Breast-Cancer-ML-Pipeline/venv/lib/python3.9/site-packages/airflow/example_dags/example_xcom.py
[2025-04-21T16:44:36.916-0400] {processor.py:830} INFO - Processing file /Users/gaurav/Documents/Breast-Cancer-ML-Pipeline/venv/lib/python3.9/site-packages/airflow/example_dags/example_xcom.py for tasks to queue
[2025-04-21T16:44:36.917-0400] {logging_mixin.py:188} INFO - [2025-04-21T16:44:36.916-0400] {dagbag.py:538} INFO - Filling up the DagBag from /Users/gaurav/Documents/Breast-Cancer-ML-Pipeline/venv/lib/python3.9/site-packages/airflow/example_dags/example_xcom.py
[2025-04-21T16:44:36.945-0400] {processor.py:840} INFO - DAG(s) 'example_xcom' retrieved from /Users/gaurav/Documents/Breast-Cancer-ML-Pipeline/venv/lib/python3.9/site-packages/airflow/example_dags/example_xcom.py
[2025-04-21T16:44:37.008-0400] {logging_mixin.py:188} INFO - [2025-04-21T16:44:37.008-0400] {dag.py:3036} INFO - Sync 1 DAGs
[2025-04-21T16:44:37.019-0400] {logging_mixin.py:188} INFO - [2025-04-21T16:44:37.019-0400] {dag.py:3823} INFO - Setting next_dagrun for example_xcom to 2021-01-01 00:00:00+00:00, run_after=2021-01-01 00:00:00+00:00
[2025-04-21T16:44:37.031-0400] {processor.py:183} INFO - Processing /Users/gaurav/Documents/Breast-Cancer-ML-Pipeline/venv/lib/python3.9/site-packages/airflow/example_dags/example_xcom.py took 0.117 seconds
[2025-04-21T16:46:41.363-0400] {processor.py:161} INFO - Started process (PID=83997) to work on /Users/gaurav/Documents/Breast-Cancer-ML-Pipeline/venv/lib/python3.9/site-packages/airflow/example_dags/example_xcom.py
[2025-04-21T16:46:41.364-0400] {processor.py:830} INFO - Processing file /Users/gaurav/Documents/Breast-Cancer-ML-Pipeline/venv/lib/python3.9/site-packages/airflow/example_dags/example_xcom.py for tasks to queue
[2025-04-21T16:46:41.365-0400] {logging_mixin.py:188} INFO - [2025-04-21T16:46:41.365-0400] {dagbag.py:538} INFO - Filling up the DagBag from /Users/gaurav/Documents/Breast-Cancer-ML-Pipeline/venv/lib/python3.9/site-packages/airflow/example_dags/example_xcom.py
[2025-04-21T16:46:41.393-0400] {processor.py:840} INFO - DAG(s) 'example_xcom' retrieved from /Users/gaurav/Documents/Breast-Cancer-ML-Pipeline/venv/lib/python3.9/site-packages/airflow/example_dags/example_xcom.py
[2025-04-21T16:46:41.462-0400] {logging_mixin.py:188} INFO - [2025-04-21T16:46:41.461-0400] {dag.py:3036} INFO - Sync 1 DAGs
[2025-04-21T16:46:41.473-0400] {logging_mixin.py:188} INFO - [2025-04-21T16:46:41.473-0400] {dag.py:3823} INFO - Setting next_dagrun for example_xcom to 2021-01-01 00:00:00+00:00, run_after=2021-01-01 00:00:00+00:00
[2025-04-21T16:46:41.487-0400] {processor.py:183} INFO - Processing /Users/gaurav/Documents/Breast-Cancer-ML-Pipeline/venv/lib/python3.9/site-packages/airflow/example_dags/example_xcom.py took 0.125 seconds
[2025-04-21T16:47:43.873-0400] {processor.py:161} INFO - Started process (PID=84063) to work on /Users/gaurav/Documents/Breast-Cancer-ML-Pipeline/venv/lib/python3.9/site-packages/airflow/example_dags/example_xcom.py
[2025-04-21T16:47:43.875-0400] {processor.py:830} INFO - Processing file /Users/gaurav/Documents/Breast-Cancer-ML-Pipeline/venv/lib/python3.9/site-packages/airflow/example_dags/example_xcom.py for tasks to queue
[2025-04-21T16:47:43.875-0400] {logging_mixin.py:188} INFO - [2025-04-21T16:47:43.875-0400] {dagbag.py:538} INFO - Filling up the DagBag from /Users/gaurav/Documents/Breast-Cancer-ML-Pipeline/venv/lib/python3.9/site-packages/airflow/example_dags/example_xcom.py
[2025-04-21T16:47:43.903-0400] {processor.py:840} INFO - DAG(s) 'example_xcom' retrieved from /Users/gaurav/Documents/Breast-Cancer-ML-Pipeline/venv/lib/python3.9/site-packages/airflow/example_dags/example_xcom.py
[2025-04-21T16:47:43.970-0400] {logging_mixin.py:188} INFO - [2025-04-21T16:47:43.970-0400] {dag.py:3036} INFO - Sync 1 DAGs
[2025-04-21T16:47:43.981-0400] {logging_mixin.py:188} INFO - [2025-04-21T16:47:43.981-0400] {dag.py:3823} INFO - Setting next_dagrun for example_xcom to 2021-01-01 00:00:00+00:00, run_after=2021-01-01 00:00:00+00:00
[2025-04-21T16:47:43.995-0400] {processor.py:183} INFO - Processing /Users/gaurav/Documents/Breast-Cancer-ML-Pipeline/venv/lib/python3.9/site-packages/airflow/example_dags/example_xcom.py took 0.123 seconds
[2025-04-21T16:48:55.646-0400] {processor.py:161} INFO - Started process (PID=84142) to work on /Users/gaurav/Documents/Breast-Cancer-ML-Pipeline/venv/lib/python3.9/site-packages/airflow/example_dags/example_xcom.py
[2025-04-21T16:48:55.648-0400] {processor.py:830} INFO - Processing file /Users/gaurav/Documents/Breast-Cancer-ML-Pipeline/venv/lib/python3.9/site-packages/airflow/example_dags/example_xcom.py for tasks to queue
[2025-04-21T16:48:55.649-0400] {logging_mixin.py:188} INFO - [2025-04-21T16:48:55.649-0400] {dagbag.py:538} INFO - Filling up the DagBag from /Users/gaurav/Documents/Breast-Cancer-ML-Pipeline/venv/lib/python3.9/site-packages/airflow/example_dags/example_xcom.py
[2025-04-21T16:48:55.678-0400] {processor.py:840} INFO - DAG(s) 'example_xcom' retrieved from /Users/gaurav/Documents/Breast-Cancer-ML-Pipeline/venv/lib/python3.9/site-packages/airflow/example_dags/example_xcom.py
[2025-04-21T16:48:55.743-0400] {logging_mixin.py:188} INFO - [2025-04-21T16:48:55.743-0400] {dag.py:3036} INFO - Sync 1 DAGs
[2025-04-21T16:48:55.754-0400] {logging_mixin.py:188} INFO - [2025-04-21T16:48:55.754-0400] {dag.py:3823} INFO - Setting next_dagrun for example_xcom to 2021-01-01 00:00:00+00:00, run_after=2021-01-01 00:00:00+00:00
[2025-04-21T16:48:55.767-0400] {processor.py:183} INFO - Processing /Users/gaurav/Documents/Breast-Cancer-ML-Pipeline/venv/lib/python3.9/site-packages/airflow/example_dags/example_xcom.py took 0.122 seconds
[2025-04-21T16:50:07.548-0400] {processor.py:161} INFO - Started process (PID=84227) to work on /Users/gaurav/Documents/Breast-Cancer-ML-Pipeline/venv/lib/python3.9/site-packages/airflow/example_dags/example_xcom.py
[2025-04-21T16:50:07.550-0400] {processor.py:830} INFO - Processing file /Users/gaurav/Documents/Breast-Cancer-ML-Pipeline/venv/lib/python3.9/site-packages/airflow/example_dags/example_xcom.py for tasks to queue
[2025-04-21T16:50:07.551-0400] {logging_mixin.py:188} INFO - [2025-04-21T16:50:07.551-0400] {dagbag.py:538} INFO - Filling up the DagBag from /Users/gaurav/Documents/Breast-Cancer-ML-Pipeline/venv/lib/python3.9/site-packages/airflow/example_dags/example_xcom.py
[2025-04-21T16:50:07.579-0400] {processor.py:840} INFO - DAG(s) 'example_xcom' retrieved from /Users/gaurav/Documents/Breast-Cancer-ML-Pipeline/venv/lib/python3.9/site-packages/airflow/example_dags/example_xcom.py
[2025-04-21T16:50:07.643-0400] {logging_mixin.py:188} INFO - [2025-04-21T16:50:07.642-0400] {dag.py:3036} INFO - Sync 1 DAGs
[2025-04-21T16:50:07.654-0400] {logging_mixin.py:188} INFO - [2025-04-21T16:50:07.654-0400] {dag.py:3823} INFO - Setting next_dagrun for example_xcom to 2021-01-01 00:00:00+00:00, run_after=2021-01-01 00:00:00+00:00
[2025-04-21T16:50:07.666-0400] {processor.py:183} INFO - Processing /Users/gaurav/Documents/Breast-Cancer-ML-Pipeline/venv/lib/python3.9/site-packages/airflow/example_dags/example_xcom.py took 0.119 seconds
[2025-04-21T16:51:25.222-0400] {processor.py:161} INFO - Started process (PID=84314) to work on /Users/gaurav/Documents/Breast-Cancer-ML-Pipeline/venv/lib/python3.9/site-packages/airflow/example_dags/example_xcom.py
[2025-04-21T16:51:25.223-0400] {processor.py:830} INFO - Processing file /Users/gaurav/Documents/Breast-Cancer-ML-Pipeline/venv/lib/python3.9/site-packages/airflow/example_dags/example_xcom.py for tasks to queue
[2025-04-21T16:51:25.224-0400] {logging_mixin.py:188} INFO - [2025-04-21T16:51:25.223-0400] {dagbag.py:538} INFO - Filling up the DagBag from /Users/gaurav/Documents/Breast-Cancer-ML-Pipeline/venv/lib/python3.9/site-packages/airflow/example_dags/example_xcom.py
[2025-04-21T16:51:25.250-0400] {processor.py:840} INFO - DAG(s) 'example_xcom' retrieved from /Users/gaurav/Documents/Breast-Cancer-ML-Pipeline/venv/lib/python3.9/site-packages/airflow/example_dags/example_xcom.py
[2025-04-21T16:51:25.314-0400] {logging_mixin.py:188} INFO - [2025-04-21T16:51:25.314-0400] {dag.py:3036} INFO - Sync 1 DAGs
[2025-04-21T16:51:25.325-0400] {logging_mixin.py:188} INFO - [2025-04-21T16:51:25.324-0400] {dag.py:3823} INFO - Setting next_dagrun for example_xcom to 2021-01-01 00:00:00+00:00, run_after=2021-01-01 00:00:00+00:00
[2025-04-21T16:51:25.338-0400] {processor.py:183} INFO - Processing /Users/gaurav/Documents/Breast-Cancer-ML-Pipeline/venv/lib/python3.9/site-packages/airflow/example_dags/example_xcom.py took 0.117 seconds
[2025-04-21T16:52:49.232-0400] {processor.py:161} INFO - Started process (PID=84409) to work on /Users/gaurav/Documents/Breast-Cancer-ML-Pipeline/venv/lib/python3.9/site-packages/airflow/example_dags/example_xcom.py
[2025-04-21T16:52:49.234-0400] {processor.py:830} INFO - Processing file /Users/gaurav/Documents/Breast-Cancer-ML-Pipeline/venv/lib/python3.9/site-packages/airflow/example_dags/example_xcom.py for tasks to queue
[2025-04-21T16:52:49.235-0400] {logging_mixin.py:188} INFO - [2025-04-21T16:52:49.235-0400] {dagbag.py:538} INFO - Filling up the DagBag from /Users/gaurav/Documents/Breast-Cancer-ML-Pipeline/venv/lib/python3.9/site-packages/airflow/example_dags/example_xcom.py
[2025-04-21T16:52:49.262-0400] {processor.py:840} INFO - DAG(s) 'example_xcom' retrieved from /Users/gaurav/Documents/Breast-Cancer-ML-Pipeline/venv/lib/python3.9/site-packages/airflow/example_dags/example_xcom.py
[2025-04-21T16:52:49.330-0400] {logging_mixin.py:188} INFO - [2025-04-21T16:52:49.330-0400] {dag.py:3036} INFO - Sync 1 DAGs
[2025-04-21T16:52:49.341-0400] {logging_mixin.py:188} INFO - [2025-04-21T16:52:49.341-0400] {dag.py:3823} INFO - Setting next_dagrun for example_xcom to 2021-01-01 00:00:00+00:00, run_after=2021-01-01 00:00:00+00:00
[2025-04-21T16:52:49.355-0400] {processor.py:183} INFO - Processing /Users/gaurav/Documents/Breast-Cancer-ML-Pipeline/venv/lib/python3.9/site-packages/airflow/example_dags/example_xcom.py took 0.124 seconds
[2025-04-21T16:54:08.516-0400] {processor.py:161} INFO - Started process (PID=84520) to work on /Users/gaurav/Documents/Breast-Cancer-ML-Pipeline/venv/lib/python3.9/site-packages/airflow/example_dags/example_xcom.py
[2025-04-21T16:54:08.518-0400] {processor.py:830} INFO - Processing file /Users/gaurav/Documents/Breast-Cancer-ML-Pipeline/venv/lib/python3.9/site-packages/airflow/example_dags/example_xcom.py for tasks to queue
[2025-04-21T16:54:08.518-0400] {logging_mixin.py:188} INFO - [2025-04-21T16:54:08.518-0400] {dagbag.py:538} INFO - Filling up the DagBag from /Users/gaurav/Documents/Breast-Cancer-ML-Pipeline/venv/lib/python3.9/site-packages/airflow/example_dags/example_xcom.py
[2025-04-21T16:54:08.547-0400] {processor.py:840} INFO - DAG(s) 'example_xcom' retrieved from /Users/gaurav/Documents/Breast-Cancer-ML-Pipeline/venv/lib/python3.9/site-packages/airflow/example_dags/example_xcom.py
[2025-04-21T16:54:08.613-0400] {logging_mixin.py:188} INFO - [2025-04-21T16:54:08.613-0400] {dag.py:3036} INFO - Sync 1 DAGs
[2025-04-21T16:54:08.624-0400] {logging_mixin.py:188} INFO - [2025-04-21T16:54:08.624-0400] {dag.py:3823} INFO - Setting next_dagrun for example_xcom to 2021-01-01 00:00:00+00:00, run_after=2021-01-01 00:00:00+00:00
[2025-04-21T16:54:08.638-0400] {processor.py:183} INFO - Processing /Users/gaurav/Documents/Breast-Cancer-ML-Pipeline/venv/lib/python3.9/site-packages/airflow/example_dags/example_xcom.py took 0.122 seconds
[2025-04-21T16:55:42.533-0400] {processor.py:161} INFO - Started process (PID=84614) to work on /Users/gaurav/Documents/Breast-Cancer-ML-Pipeline/venv/lib/python3.9/site-packages/airflow/example_dags/example_xcom.py
[2025-04-21T16:55:42.535-0400] {processor.py:830} INFO - Processing file /Users/gaurav/Documents/Breast-Cancer-ML-Pipeline/venv/lib/python3.9/site-packages/airflow/example_dags/example_xcom.py for tasks to queue
[2025-04-21T16:55:42.535-0400] {logging_mixin.py:188} INFO - [2025-04-21T16:55:42.535-0400] {dagbag.py:538} INFO - Filling up the DagBag from /Users/gaurav/Documents/Breast-Cancer-ML-Pipeline/venv/lib/python3.9/site-packages/airflow/example_dags/example_xcom.py
[2025-04-21T16:55:42.563-0400] {processor.py:840} INFO - DAG(s) 'example_xcom' retrieved from /Users/gaurav/Documents/Breast-Cancer-ML-Pipeline/venv/lib/python3.9/site-packages/airflow/example_dags/example_xcom.py
[2025-04-21T16:55:42.697-0400] {logging_mixin.py:188} INFO - [2025-04-21T16:55:42.697-0400] {dag.py:3036} INFO - Sync 1 DAGs
[2025-04-21T16:55:42.708-0400] {logging_mixin.py:188} INFO - [2025-04-21T16:55:42.708-0400] {dag.py:3823} INFO - Setting next_dagrun for example_xcom to 2021-01-01 00:00:00+00:00, run_after=2021-01-01 00:00:00+00:00
[2025-04-21T16:55:42.720-0400] {processor.py:183} INFO - Processing /Users/gaurav/Documents/Breast-Cancer-ML-Pipeline/venv/lib/python3.9/site-packages/airflow/example_dags/example_xcom.py took 0.188 seconds
[2025-04-21T16:57:23.780-0400] {processor.py:161} INFO - Started process (PID=84771) to work on /Users/gaurav/Documents/Breast-Cancer-ML-Pipeline/venv/lib/python3.9/site-packages/airflow/example_dags/example_xcom.py
[2025-04-21T16:57:23.782-0400] {processor.py:830} INFO - Processing file /Users/gaurav/Documents/Breast-Cancer-ML-Pipeline/venv/lib/python3.9/site-packages/airflow/example_dags/example_xcom.py for tasks to queue
[2025-04-21T16:57:23.783-0400] {logging_mixin.py:188} INFO - [2025-04-21T16:57:23.783-0400] {dagbag.py:538} INFO - Filling up the DagBag from /Users/gaurav/Documents/Breast-Cancer-ML-Pipeline/venv/lib/python3.9/site-packages/airflow/example_dags/example_xcom.py
[2025-04-21T16:57:23.811-0400] {processor.py:840} INFO - DAG(s) 'example_xcom' retrieved from /Users/gaurav/Documents/Breast-Cancer-ML-Pipeline/venv/lib/python3.9/site-packages/airflow/example_dags/example_xcom.py
[2025-04-21T16:57:23.879-0400] {logging_mixin.py:188} INFO - [2025-04-21T16:57:23.879-0400] {dag.py:3036} INFO - Sync 1 DAGs
[2025-04-21T16:57:23.891-0400] {logging_mixin.py:188} INFO - [2025-04-21T16:57:23.891-0400] {dag.py:3823} INFO - Setting next_dagrun for example_xcom to 2021-01-01 00:00:00+00:00, run_after=2021-01-01 00:00:00+00:00
[2025-04-21T16:57:23.905-0400] {processor.py:183} INFO - Processing /Users/gaurav/Documents/Breast-Cancer-ML-Pipeline/venv/lib/python3.9/site-packages/airflow/example_dags/example_xcom.py took 0.126 seconds
[2025-04-21T16:58:44.327-0400] {processor.py:161} INFO - Started process (PID=84867) to work on /Users/gaurav/Documents/Breast-Cancer-ML-Pipeline/venv/lib/python3.9/site-packages/airflow/example_dags/example_xcom.py
[2025-04-21T16:58:44.329-0400] {processor.py:830} INFO - Processing file /Users/gaurav/Documents/Breast-Cancer-ML-Pipeline/venv/lib/python3.9/site-packages/airflow/example_dags/example_xcom.py for tasks to queue
[2025-04-21T16:58:44.329-0400] {logging_mixin.py:188} INFO - [2025-04-21T16:58:44.329-0400] {dagbag.py:538} INFO - Filling up the DagBag from /Users/gaurav/Documents/Breast-Cancer-ML-Pipeline/venv/lib/python3.9/site-packages/airflow/example_dags/example_xcom.py
[2025-04-21T16:58:44.356-0400] {processor.py:840} INFO - DAG(s) 'example_xcom' retrieved from /Users/gaurav/Documents/Breast-Cancer-ML-Pipeline/venv/lib/python3.9/site-packages/airflow/example_dags/example_xcom.py
[2025-04-21T16:58:44.420-0400] {logging_mixin.py:188} INFO - [2025-04-21T16:58:44.420-0400] {dag.py:3036} INFO - Sync 1 DAGs
[2025-04-21T16:58:44.433-0400] {logging_mixin.py:188} INFO - [2025-04-21T16:58:44.433-0400] {dag.py:3823} INFO - Setting next_dagrun for example_xcom to 2021-01-01 00:00:00+00:00, run_after=2021-01-01 00:00:00+00:00
[2025-04-21T16:58:44.446-0400] {processor.py:183} INFO - Processing /Users/gaurav/Documents/Breast-Cancer-ML-Pipeline/venv/lib/python3.9/site-packages/airflow/example_dags/example_xcom.py took 0.120 seconds
[2025-04-21T17:00:02.401-0400] {processor.py:161} INFO - Started process (PID=84949) to work on /Users/gaurav/Documents/Breast-Cancer-ML-Pipeline/venv/lib/python3.9/site-packages/airflow/example_dags/example_xcom.py
[2025-04-21T17:00:02.402-0400] {processor.py:830} INFO - Processing file /Users/gaurav/Documents/Breast-Cancer-ML-Pipeline/venv/lib/python3.9/site-packages/airflow/example_dags/example_xcom.py for tasks to queue
[2025-04-21T17:00:02.403-0400] {logging_mixin.py:188} INFO - [2025-04-21T17:00:02.403-0400] {dagbag.py:538} INFO - Filling up the DagBag from /Users/gaurav/Documents/Breast-Cancer-ML-Pipeline/venv/lib/python3.9/site-packages/airflow/example_dags/example_xcom.py
[2025-04-21T17:00:02.430-0400] {processor.py:840} INFO - DAG(s) 'example_xcom' retrieved from /Users/gaurav/Documents/Breast-Cancer-ML-Pipeline/venv/lib/python3.9/site-packages/airflow/example_dags/example_xcom.py
[2025-04-21T17:00:02.495-0400] {logging_mixin.py:188} INFO - [2025-04-21T17:00:02.495-0400] {dag.py:3036} INFO - Sync 1 DAGs
[2025-04-21T17:00:02.507-0400] {logging_mixin.py:188} INFO - [2025-04-21T17:00:02.507-0400] {dag.py:3823} INFO - Setting next_dagrun for example_xcom to 2021-01-01 00:00:00+00:00, run_after=2021-01-01 00:00:00+00:00
[2025-04-21T17:00:02.521-0400] {processor.py:183} INFO - Processing /Users/gaurav/Documents/Breast-Cancer-ML-Pipeline/venv/lib/python3.9/site-packages/airflow/example_dags/example_xcom.py took 0.121 seconds
[2025-04-21T17:01:13.039-0400] {processor.py:161} INFO - Started process (PID=85038) to work on /Users/gaurav/Documents/Breast-Cancer-ML-Pipeline/venv/lib/python3.9/site-packages/airflow/example_dags/example_xcom.py
[2025-04-21T17:01:13.041-0400] {processor.py:830} INFO - Processing file /Users/gaurav/Documents/Breast-Cancer-ML-Pipeline/venv/lib/python3.9/site-packages/airflow/example_dags/example_xcom.py for tasks to queue
[2025-04-21T17:01:13.041-0400] {logging_mixin.py:188} INFO - [2025-04-21T17:01:13.041-0400] {dagbag.py:538} INFO - Filling up the DagBag from /Users/gaurav/Documents/Breast-Cancer-ML-Pipeline/venv/lib/python3.9/site-packages/airflow/example_dags/example_xcom.py
[2025-04-21T17:01:13.068-0400] {processor.py:840} INFO - DAG(s) 'example_xcom' retrieved from /Users/gaurav/Documents/Breast-Cancer-ML-Pipeline/venv/lib/python3.9/site-packages/airflow/example_dags/example_xcom.py
[2025-04-21T17:01:13.133-0400] {logging_mixin.py:188} INFO - [2025-04-21T17:01:13.132-0400] {dag.py:3036} INFO - Sync 1 DAGs
[2025-04-21T17:01:13.144-0400] {logging_mixin.py:188} INFO - [2025-04-21T17:01:13.144-0400] {dag.py:3823} INFO - Setting next_dagrun for example_xcom to 2021-01-01 00:00:00+00:00, run_after=2021-01-01 00:00:00+00:00
[2025-04-21T17:01:13.159-0400] {processor.py:183} INFO - Processing /Users/gaurav/Documents/Breast-Cancer-ML-Pipeline/venv/lib/python3.9/site-packages/airflow/example_dags/example_xcom.py took 0.120 seconds
[2025-04-21T17:02:39.826-0400] {processor.py:161} INFO - Started process (PID=85141) to work on /Users/gaurav/Documents/Breast-Cancer-ML-Pipeline/venv/lib/python3.9/site-packages/airflow/example_dags/example_xcom.py
[2025-04-21T17:02:39.827-0400] {processor.py:830} INFO - Processing file /Users/gaurav/Documents/Breast-Cancer-ML-Pipeline/venv/lib/python3.9/site-packages/airflow/example_dags/example_xcom.py for tasks to queue
[2025-04-21T17:02:39.827-0400] {logging_mixin.py:188} INFO - [2025-04-21T17:02:39.827-0400] {dagbag.py:538} INFO - Filling up the DagBag from /Users/gaurav/Documents/Breast-Cancer-ML-Pipeline/venv/lib/python3.9/site-packages/airflow/example_dags/example_xcom.py
[2025-04-21T17:02:39.856-0400] {processor.py:840} INFO - DAG(s) 'example_xcom' retrieved from /Users/gaurav/Documents/Breast-Cancer-ML-Pipeline/venv/lib/python3.9/site-packages/airflow/example_dags/example_xcom.py
[2025-04-21T17:02:39.924-0400] {logging_mixin.py:188} INFO - [2025-04-21T17:02:39.924-0400] {dag.py:3036} INFO - Sync 1 DAGs
[2025-04-21T17:02:39.936-0400] {logging_mixin.py:188} INFO - [2025-04-21T17:02:39.936-0400] {dag.py:3823} INFO - Setting next_dagrun for example_xcom to 2021-01-01 00:00:00+00:00, run_after=2021-01-01 00:00:00+00:00
[2025-04-21T17:02:39.950-0400] {processor.py:183} INFO - Processing /Users/gaurav/Documents/Breast-Cancer-ML-Pipeline/venv/lib/python3.9/site-packages/airflow/example_dags/example_xcom.py took 0.125 seconds
[2025-04-21T17:03:57.385-0400] {processor.py:161} INFO - Started process (PID=85250) to work on /Users/gaurav/Documents/Breast-Cancer-ML-Pipeline/venv/lib/python3.9/site-packages/airflow/example_dags/example_xcom.py
[2025-04-21T17:03:57.388-0400] {processor.py:830} INFO - Processing file /Users/gaurav/Documents/Breast-Cancer-ML-Pipeline/venv/lib/python3.9/site-packages/airflow/example_dags/example_xcom.py for tasks to queue
[2025-04-21T17:03:57.388-0400] {logging_mixin.py:188} INFO - [2025-04-21T17:03:57.388-0400] {dagbag.py:538} INFO - Filling up the DagBag from /Users/gaurav/Documents/Breast-Cancer-ML-Pipeline/venv/lib/python3.9/site-packages/airflow/example_dags/example_xcom.py
[2025-04-21T17:03:57.415-0400] {processor.py:840} INFO - DAG(s) 'example_xcom' retrieved from /Users/gaurav/Documents/Breast-Cancer-ML-Pipeline/venv/lib/python3.9/site-packages/airflow/example_dags/example_xcom.py
[2025-04-21T17:03:57.477-0400] {logging_mixin.py:188} INFO - [2025-04-21T17:03:57.477-0400] {dag.py:3036} INFO - Sync 1 DAGs
[2025-04-21T17:03:57.488-0400] {logging_mixin.py:188} INFO - [2025-04-21T17:03:57.488-0400] {dag.py:3823} INFO - Setting next_dagrun for example_xcom to 2021-01-01 00:00:00+00:00, run_after=2021-01-01 00:00:00+00:00
[2025-04-21T17:03:57.500-0400] {processor.py:183} INFO - Processing /Users/gaurav/Documents/Breast-Cancer-ML-Pipeline/venv/lib/python3.9/site-packages/airflow/example_dags/example_xcom.py took 0.115 seconds
[2025-04-21T17:05:08.024-0400] {processor.py:161} INFO - Started process (PID=85326) to work on /Users/gaurav/Documents/Breast-Cancer-ML-Pipeline/venv/lib/python3.9/site-packages/airflow/example_dags/example_xcom.py
[2025-04-21T17:05:08.027-0400] {processor.py:830} INFO - Processing file /Users/gaurav/Documents/Breast-Cancer-ML-Pipeline/venv/lib/python3.9/site-packages/airflow/example_dags/example_xcom.py for tasks to queue
[2025-04-21T17:05:08.027-0400] {logging_mixin.py:188} INFO - [2025-04-21T17:05:08.027-0400] {dagbag.py:538} INFO - Filling up the DagBag from /Users/gaurav/Documents/Breast-Cancer-ML-Pipeline/venv/lib/python3.9/site-packages/airflow/example_dags/example_xcom.py
[2025-04-21T17:05:08.054-0400] {processor.py:840} INFO - DAG(s) 'example_xcom' retrieved from /Users/gaurav/Documents/Breast-Cancer-ML-Pipeline/venv/lib/python3.9/site-packages/airflow/example_dags/example_xcom.py
[2025-04-21T17:05:08.117-0400] {logging_mixin.py:188} INFO - [2025-04-21T17:05:08.117-0400] {dag.py:3036} INFO - Sync 1 DAGs
[2025-04-21T17:05:08.127-0400] {logging_mixin.py:188} INFO - [2025-04-21T17:05:08.127-0400] {dag.py:3823} INFO - Setting next_dagrun for example_xcom to 2021-01-01 00:00:00+00:00, run_after=2021-01-01 00:00:00+00:00
[2025-04-21T17:05:08.140-0400] {processor.py:183} INFO - Processing /Users/gaurav/Documents/Breast-Cancer-ML-Pipeline/venv/lib/python3.9/site-packages/airflow/example_dags/example_xcom.py took 0.116 seconds
[2025-04-21T17:06:18.697-0400] {processor.py:161} INFO - Started process (PID=85416) to work on /Users/gaurav/Documents/Breast-Cancer-ML-Pipeline/venv/lib/python3.9/site-packages/airflow/example_dags/example_xcom.py
[2025-04-21T17:06:18.698-0400] {processor.py:830} INFO - Processing file /Users/gaurav/Documents/Breast-Cancer-ML-Pipeline/venv/lib/python3.9/site-packages/airflow/example_dags/example_xcom.py for tasks to queue
[2025-04-21T17:06:18.699-0400] {logging_mixin.py:188} INFO - [2025-04-21T17:06:18.699-0400] {dagbag.py:538} INFO - Filling up the DagBag from /Users/gaurav/Documents/Breast-Cancer-ML-Pipeline/venv/lib/python3.9/site-packages/airflow/example_dags/example_xcom.py
[2025-04-21T17:06:18.726-0400] {processor.py:840} INFO - DAG(s) 'example_xcom' retrieved from /Users/gaurav/Documents/Breast-Cancer-ML-Pipeline/venv/lib/python3.9/site-packages/airflow/example_dags/example_xcom.py
[2025-04-21T17:06:18.793-0400] {logging_mixin.py:188} INFO - [2025-04-21T17:06:18.793-0400] {dag.py:3036} INFO - Sync 1 DAGs
[2025-04-21T17:06:18.806-0400] {logging_mixin.py:188} INFO - [2025-04-21T17:06:18.806-0400] {dag.py:3823} INFO - Setting next_dagrun for example_xcom to 2021-01-01 00:00:00+00:00, run_after=2021-01-01 00:00:00+00:00
[2025-04-21T17:06:18.823-0400] {processor.py:183} INFO - Processing /Users/gaurav/Documents/Breast-Cancer-ML-Pipeline/venv/lib/python3.9/site-packages/airflow/example_dags/example_xcom.py took 0.127 seconds
[2025-04-21T17:07:30.555-0400] {processor.py:161} INFO - Started process (PID=85495) to work on /Users/gaurav/Documents/Breast-Cancer-ML-Pipeline/venv/lib/python3.9/site-packages/airflow/example_dags/example_xcom.py
[2025-04-21T17:07:30.557-0400] {processor.py:830} INFO - Processing file /Users/gaurav/Documents/Breast-Cancer-ML-Pipeline/venv/lib/python3.9/site-packages/airflow/example_dags/example_xcom.py for tasks to queue
[2025-04-21T17:07:30.557-0400] {logging_mixin.py:188} INFO - [2025-04-21T17:07:30.557-0400] {dagbag.py:538} INFO - Filling up the DagBag from /Users/gaurav/Documents/Breast-Cancer-ML-Pipeline/venv/lib/python3.9/site-packages/airflow/example_dags/example_xcom.py
[2025-04-21T17:07:30.584-0400] {processor.py:840} INFO - DAG(s) 'example_xcom' retrieved from /Users/gaurav/Documents/Breast-Cancer-ML-Pipeline/venv/lib/python3.9/site-packages/airflow/example_dags/example_xcom.py
[2025-04-21T17:07:30.647-0400] {logging_mixin.py:188} INFO - [2025-04-21T17:07:30.647-0400] {dag.py:3036} INFO - Sync 1 DAGs
[2025-04-21T17:07:30.658-0400] {logging_mixin.py:188} INFO - [2025-04-21T17:07:30.658-0400] {dag.py:3823} INFO - Setting next_dagrun for example_xcom to 2021-01-01 00:00:00+00:00, run_after=2021-01-01 00:00:00+00:00
[2025-04-21T17:07:30.671-0400] {processor.py:183} INFO - Processing /Users/gaurav/Documents/Breast-Cancer-ML-Pipeline/venv/lib/python3.9/site-packages/airflow/example_dags/example_xcom.py took 0.117 seconds
[2025-04-21T17:08:45.419-0400] {processor.py:161} INFO - Started process (PID=85579) to work on /Users/gaurav/Documents/Breast-Cancer-ML-Pipeline/venv/lib/python3.9/site-packages/airflow/example_dags/example_xcom.py
[2025-04-21T17:08:45.421-0400] {processor.py:830} INFO - Processing file /Users/gaurav/Documents/Breast-Cancer-ML-Pipeline/venv/lib/python3.9/site-packages/airflow/example_dags/example_xcom.py for tasks to queue
[2025-04-21T17:08:45.422-0400] {logging_mixin.py:188} INFO - [2025-04-21T17:08:45.422-0400] {dagbag.py:538} INFO - Filling up the DagBag from /Users/gaurav/Documents/Breast-Cancer-ML-Pipeline/venv/lib/python3.9/site-packages/airflow/example_dags/example_xcom.py
[2025-04-21T17:08:45.449-0400] {processor.py:840} INFO - DAG(s) 'example_xcom' retrieved from /Users/gaurav/Documents/Breast-Cancer-ML-Pipeline/venv/lib/python3.9/site-packages/airflow/example_dags/example_xcom.py
[2025-04-21T17:08:45.512-0400] {logging_mixin.py:188} INFO - [2025-04-21T17:08:45.512-0400] {dag.py:3036} INFO - Sync 1 DAGs
[2025-04-21T17:08:45.523-0400] {logging_mixin.py:188} INFO - [2025-04-21T17:08:45.522-0400] {dag.py:3823} INFO - Setting next_dagrun for example_xcom to 2021-01-01 00:00:00+00:00, run_after=2021-01-01 00:00:00+00:00
[2025-04-21T17:08:45.535-0400] {processor.py:183} INFO - Processing /Users/gaurav/Documents/Breast-Cancer-ML-Pipeline/venv/lib/python3.9/site-packages/airflow/example_dags/example_xcom.py took 0.117 seconds
[2025-04-21T17:09:57.495-0400] {processor.py:161} INFO - Started process (PID=85656) to work on /Users/gaurav/Documents/Breast-Cancer-ML-Pipeline/venv/lib/python3.9/site-packages/airflow/example_dags/example_xcom.py
[2025-04-21T17:09:57.497-0400] {processor.py:830} INFO - Processing file /Users/gaurav/Documents/Breast-Cancer-ML-Pipeline/venv/lib/python3.9/site-packages/airflow/example_dags/example_xcom.py for tasks to queue
[2025-04-21T17:09:57.497-0400] {logging_mixin.py:188} INFO - [2025-04-21T17:09:57.497-0400] {dagbag.py:538} INFO - Filling up the DagBag from /Users/gaurav/Documents/Breast-Cancer-ML-Pipeline/venv/lib/python3.9/site-packages/airflow/example_dags/example_xcom.py
[2025-04-21T17:09:57.526-0400] {processor.py:840} INFO - DAG(s) 'example_xcom' retrieved from /Users/gaurav/Documents/Breast-Cancer-ML-Pipeline/venv/lib/python3.9/site-packages/airflow/example_dags/example_xcom.py
[2025-04-21T17:09:57.595-0400] {logging_mixin.py:188} INFO - [2025-04-21T17:09:57.595-0400] {dag.py:3036} INFO - Sync 1 DAGs
[2025-04-21T17:09:57.607-0400] {logging_mixin.py:188} INFO - [2025-04-21T17:09:57.607-0400] {dag.py:3823} INFO - Setting next_dagrun for example_xcom to 2021-01-01 00:00:00+00:00, run_after=2021-01-01 00:00:00+00:00
[2025-04-21T17:09:57.620-0400] {processor.py:183} INFO - Processing /Users/gaurav/Documents/Breast-Cancer-ML-Pipeline/venv/lib/python3.9/site-packages/airflow/example_dags/example_xcom.py took 0.126 seconds
[2025-04-21T17:11:12.359-0400] {processor.py:161} INFO - Started process (PID=85741) to work on /Users/gaurav/Documents/Breast-Cancer-ML-Pipeline/venv/lib/python3.9/site-packages/airflow/example_dags/example_xcom.py
[2025-04-21T17:11:12.361-0400] {processor.py:830} INFO - Processing file /Users/gaurav/Documents/Breast-Cancer-ML-Pipeline/venv/lib/python3.9/site-packages/airflow/example_dags/example_xcom.py for tasks to queue
[2025-04-21T17:11:12.362-0400] {logging_mixin.py:188} INFO - [2025-04-21T17:11:12.362-0400] {dagbag.py:538} INFO - Filling up the DagBag from /Users/gaurav/Documents/Breast-Cancer-ML-Pipeline/venv/lib/python3.9/site-packages/airflow/example_dags/example_xcom.py
[2025-04-21T17:11:12.389-0400] {processor.py:840} INFO - DAG(s) 'example_xcom' retrieved from /Users/gaurav/Documents/Breast-Cancer-ML-Pipeline/venv/lib/python3.9/site-packages/airflow/example_dags/example_xcom.py
[2025-04-21T17:11:12.452-0400] {logging_mixin.py:188} INFO - [2025-04-21T17:11:12.452-0400] {dag.py:3036} INFO - Sync 1 DAGs
[2025-04-21T17:11:12.463-0400] {logging_mixin.py:188} INFO - [2025-04-21T17:11:12.463-0400] {dag.py:3823} INFO - Setting next_dagrun for example_xcom to 2021-01-01 00:00:00+00:00, run_after=2021-01-01 00:00:00+00:00
[2025-04-21T17:11:12.476-0400] {processor.py:183} INFO - Processing /Users/gaurav/Documents/Breast-Cancer-ML-Pipeline/venv/lib/python3.9/site-packages/airflow/example_dags/example_xcom.py took 0.118 seconds
[2025-04-21T17:12:25.697-0400] {processor.py:161} INFO - Started process (PID=85832) to work on /Users/gaurav/Documents/Breast-Cancer-ML-Pipeline/venv/lib/python3.9/site-packages/airflow/example_dags/example_xcom.py
[2025-04-21T17:12:25.699-0400] {processor.py:830} INFO - Processing file /Users/gaurav/Documents/Breast-Cancer-ML-Pipeline/venv/lib/python3.9/site-packages/airflow/example_dags/example_xcom.py for tasks to queue
[2025-04-21T17:12:25.700-0400] {logging_mixin.py:188} INFO - [2025-04-21T17:12:25.700-0400] {dagbag.py:538} INFO - Filling up the DagBag from /Users/gaurav/Documents/Breast-Cancer-ML-Pipeline/venv/lib/python3.9/site-packages/airflow/example_dags/example_xcom.py
[2025-04-21T17:12:25.726-0400] {processor.py:840} INFO - DAG(s) 'example_xcom' retrieved from /Users/gaurav/Documents/Breast-Cancer-ML-Pipeline/venv/lib/python3.9/site-packages/airflow/example_dags/example_xcom.py
[2025-04-21T17:12:25.788-0400] {logging_mixin.py:188} INFO - [2025-04-21T17:12:25.788-0400] {dag.py:3036} INFO - Sync 1 DAGs
[2025-04-21T17:12:25.799-0400] {logging_mixin.py:188} INFO - [2025-04-21T17:12:25.799-0400] {dag.py:3823} INFO - Setting next_dagrun for example_xcom to 2021-01-01 00:00:00+00:00, run_after=2021-01-01 00:00:00+00:00
[2025-04-21T17:12:25.812-0400] {processor.py:183} INFO - Processing /Users/gaurav/Documents/Breast-Cancer-ML-Pipeline/venv/lib/python3.9/site-packages/airflow/example_dags/example_xcom.py took 0.115 seconds
[2025-04-21T17:13:39.442-0400] {processor.py:161} INFO - Started process (PID=85921) to work on /Users/gaurav/Documents/Breast-Cancer-ML-Pipeline/venv/lib/python3.9/site-packages/airflow/example_dags/example_xcom.py
[2025-04-21T17:13:39.443-0400] {processor.py:830} INFO - Processing file /Users/gaurav/Documents/Breast-Cancer-ML-Pipeline/venv/lib/python3.9/site-packages/airflow/example_dags/example_xcom.py for tasks to queue
[2025-04-21T17:13:39.443-0400] {logging_mixin.py:188} INFO - [2025-04-21T17:13:39.443-0400] {dagbag.py:538} INFO - Filling up the DagBag from /Users/gaurav/Documents/Breast-Cancer-ML-Pipeline/venv/lib/python3.9/site-packages/airflow/example_dags/example_xcom.py
[2025-04-21T17:13:39.471-0400] {processor.py:840} INFO - DAG(s) 'example_xcom' retrieved from /Users/gaurav/Documents/Breast-Cancer-ML-Pipeline/venv/lib/python3.9/site-packages/airflow/example_dags/example_xcom.py
[2025-04-21T17:13:39.534-0400] {logging_mixin.py:188} INFO - [2025-04-21T17:13:39.534-0400] {dag.py:3036} INFO - Sync 1 DAGs
[2025-04-21T17:13:39.545-0400] {logging_mixin.py:188} INFO - [2025-04-21T17:13:39.545-0400] {dag.py:3823} INFO - Setting next_dagrun for example_xcom to 2021-01-01 00:00:00+00:00, run_after=2021-01-01 00:00:00+00:00
[2025-04-21T17:13:39.557-0400] {processor.py:183} INFO - Processing /Users/gaurav/Documents/Breast-Cancer-ML-Pipeline/venv/lib/python3.9/site-packages/airflow/example_dags/example_xcom.py took 0.117 seconds
[2025-04-21T17:14:52.828-0400] {processor.py:161} INFO - Started process (PID=86009) to work on /Users/gaurav/Documents/Breast-Cancer-ML-Pipeline/venv/lib/python3.9/site-packages/airflow/example_dags/example_xcom.py
[2025-04-21T17:14:52.831-0400] {processor.py:830} INFO - Processing file /Users/gaurav/Documents/Breast-Cancer-ML-Pipeline/venv/lib/python3.9/site-packages/airflow/example_dags/example_xcom.py for tasks to queue
[2025-04-21T17:14:52.831-0400] {logging_mixin.py:188} INFO - [2025-04-21T17:14:52.831-0400] {dagbag.py:538} INFO - Filling up the DagBag from /Users/gaurav/Documents/Breast-Cancer-ML-Pipeline/venv/lib/python3.9/site-packages/airflow/example_dags/example_xcom.py
[2025-04-21T17:14:52.859-0400] {processor.py:840} INFO - DAG(s) 'example_xcom' retrieved from /Users/gaurav/Documents/Breast-Cancer-ML-Pipeline/venv/lib/python3.9/site-packages/airflow/example_dags/example_xcom.py
[2025-04-21T17:14:52.921-0400] {logging_mixin.py:188} INFO - [2025-04-21T17:14:52.921-0400] {dag.py:3036} INFO - Sync 1 DAGs
[2025-04-21T17:14:52.932-0400] {logging_mixin.py:188} INFO - [2025-04-21T17:14:52.932-0400] {dag.py:3823} INFO - Setting next_dagrun for example_xcom to 2021-01-01 00:00:00+00:00, run_after=2021-01-01 00:00:00+00:00
[2025-04-21T17:14:52.945-0400] {processor.py:183} INFO - Processing /Users/gaurav/Documents/Breast-Cancer-ML-Pipeline/venv/lib/python3.9/site-packages/airflow/example_dags/example_xcom.py took 0.117 seconds
[2025-04-21T17:16:06.166-0400] {processor.py:161} INFO - Started process (PID=86097) to work on /Users/gaurav/Documents/Breast-Cancer-ML-Pipeline/venv/lib/python3.9/site-packages/airflow/example_dags/example_xcom.py
[2025-04-21T17:16:06.168-0400] {processor.py:830} INFO - Processing file /Users/gaurav/Documents/Breast-Cancer-ML-Pipeline/venv/lib/python3.9/site-packages/airflow/example_dags/example_xcom.py for tasks to queue
[2025-04-21T17:16:06.169-0400] {logging_mixin.py:188} INFO - [2025-04-21T17:16:06.169-0400] {dagbag.py:538} INFO - Filling up the DagBag from /Users/gaurav/Documents/Breast-Cancer-ML-Pipeline/venv/lib/python3.9/site-packages/airflow/example_dags/example_xcom.py
[2025-04-21T17:16:06.196-0400] {processor.py:840} INFO - DAG(s) 'example_xcom' retrieved from /Users/gaurav/Documents/Breast-Cancer-ML-Pipeline/venv/lib/python3.9/site-packages/airflow/example_dags/example_xcom.py
[2025-04-21T17:16:06.259-0400] {logging_mixin.py:188} INFO - [2025-04-21T17:16:06.258-0400] {dag.py:3036} INFO - Sync 1 DAGs
[2025-04-21T17:16:06.271-0400] {logging_mixin.py:188} INFO - [2025-04-21T17:16:06.270-0400] {dag.py:3823} INFO - Setting next_dagrun for example_xcom to 2021-01-01 00:00:00+00:00, run_after=2021-01-01 00:00:00+00:00
[2025-04-21T17:16:06.284-0400] {processor.py:183} INFO - Processing /Users/gaurav/Documents/Breast-Cancer-ML-Pipeline/venv/lib/python3.9/site-packages/airflow/example_dags/example_xcom.py took 0.119 seconds
[2025-04-21T17:17:20.022-0400] {processor.py:161} INFO - Started process (PID=86192) to work on /Users/gaurav/Documents/Breast-Cancer-ML-Pipeline/venv/lib/python3.9/site-packages/airflow/example_dags/example_xcom.py
[2025-04-21T17:17:20.024-0400] {processor.py:830} INFO - Processing file /Users/gaurav/Documents/Breast-Cancer-ML-Pipeline/venv/lib/python3.9/site-packages/airflow/example_dags/example_xcom.py for tasks to queue
[2025-04-21T17:17:20.024-0400] {logging_mixin.py:188} INFO - [2025-04-21T17:17:20.024-0400] {dagbag.py:538} INFO - Filling up the DagBag from /Users/gaurav/Documents/Breast-Cancer-ML-Pipeline/venv/lib/python3.9/site-packages/airflow/example_dags/example_xcom.py
[2025-04-21T17:17:20.053-0400] {processor.py:840} INFO - DAG(s) 'example_xcom' retrieved from /Users/gaurav/Documents/Breast-Cancer-ML-Pipeline/venv/lib/python3.9/site-packages/airflow/example_dags/example_xcom.py
[2025-04-21T17:17:20.117-0400] {logging_mixin.py:188} INFO - [2025-04-21T17:17:20.117-0400] {dag.py:3036} INFO - Sync 1 DAGs
[2025-04-21T17:17:20.128-0400] {logging_mixin.py:188} INFO - [2025-04-21T17:17:20.128-0400] {dag.py:3823} INFO - Setting next_dagrun for example_xcom to 2021-01-01 00:00:00+00:00, run_after=2021-01-01 00:00:00+00:00
[2025-04-21T17:17:20.140-0400] {processor.py:183} INFO - Processing /Users/gaurav/Documents/Breast-Cancer-ML-Pipeline/venv/lib/python3.9/site-packages/airflow/example_dags/example_xcom.py took 0.119 seconds
[2025-04-21T17:18:35.373-0400] {processor.py:161} INFO - Started process (PID=86286) to work on /Users/gaurav/Documents/Breast-Cancer-ML-Pipeline/venv/lib/python3.9/site-packages/airflow/example_dags/example_xcom.py
[2025-04-21T17:18:35.375-0400] {processor.py:830} INFO - Processing file /Users/gaurav/Documents/Breast-Cancer-ML-Pipeline/venv/lib/python3.9/site-packages/airflow/example_dags/example_xcom.py for tasks to queue
[2025-04-21T17:18:35.375-0400] {logging_mixin.py:188} INFO - [2025-04-21T17:18:35.375-0400] {dagbag.py:538} INFO - Filling up the DagBag from /Users/gaurav/Documents/Breast-Cancer-ML-Pipeline/venv/lib/python3.9/site-packages/airflow/example_dags/example_xcom.py
[2025-04-21T17:18:35.403-0400] {processor.py:840} INFO - DAG(s) 'example_xcom' retrieved from /Users/gaurav/Documents/Breast-Cancer-ML-Pipeline/venv/lib/python3.9/site-packages/airflow/example_dags/example_xcom.py
[2025-04-21T17:18:35.469-0400] {logging_mixin.py:188} INFO - [2025-04-21T17:18:35.468-0400] {dag.py:3036} INFO - Sync 1 DAGs
[2025-04-21T17:18:35.480-0400] {logging_mixin.py:188} INFO - [2025-04-21T17:18:35.480-0400] {dag.py:3823} INFO - Setting next_dagrun for example_xcom to 2021-01-01 00:00:00+00:00, run_after=2021-01-01 00:00:00+00:00
[2025-04-21T17:18:35.495-0400] {processor.py:183} INFO - Processing /Users/gaurav/Documents/Breast-Cancer-ML-Pipeline/venv/lib/python3.9/site-packages/airflow/example_dags/example_xcom.py took 0.123 seconds
[2025-04-21T17:19:50.804-0400] {processor.py:161} INFO - Started process (PID=86388) to work on /Users/gaurav/Documents/Breast-Cancer-ML-Pipeline/venv/lib/python3.9/site-packages/airflow/example_dags/example_xcom.py
[2025-04-21T17:19:50.806-0400] {processor.py:830} INFO - Processing file /Users/gaurav/Documents/Breast-Cancer-ML-Pipeline/venv/lib/python3.9/site-packages/airflow/example_dags/example_xcom.py for tasks to queue
[2025-04-21T17:19:50.807-0400] {logging_mixin.py:188} INFO - [2025-04-21T17:19:50.807-0400] {dagbag.py:538} INFO - Filling up the DagBag from /Users/gaurav/Documents/Breast-Cancer-ML-Pipeline/venv/lib/python3.9/site-packages/airflow/example_dags/example_xcom.py
[2025-04-21T17:19:50.835-0400] {processor.py:840} INFO - DAG(s) 'example_xcom' retrieved from /Users/gaurav/Documents/Breast-Cancer-ML-Pipeline/venv/lib/python3.9/site-packages/airflow/example_dags/example_xcom.py
[2025-04-21T17:19:50.897-0400] {logging_mixin.py:188} INFO - [2025-04-21T17:19:50.897-0400] {dag.py:3036} INFO - Sync 1 DAGs
[2025-04-21T17:19:50.907-0400] {logging_mixin.py:188} INFO - [2025-04-21T17:19:50.907-0400] {dag.py:3823} INFO - Setting next_dagrun for example_xcom to 2021-01-01 00:00:00+00:00, run_after=2021-01-01 00:00:00+00:00
[2025-04-21T17:19:50.919-0400] {processor.py:183} INFO - Processing /Users/gaurav/Documents/Breast-Cancer-ML-Pipeline/venv/lib/python3.9/site-packages/airflow/example_dags/example_xcom.py took 0.116 seconds
[2025-04-21T17:21:31.467-0400] {processor.py:161} INFO - Started process (PID=86489) to work on /Users/gaurav/Documents/Breast-Cancer-ML-Pipeline/venv/lib/python3.9/site-packages/airflow/example_dags/example_xcom.py
[2025-04-21T17:21:31.469-0400] {processor.py:830} INFO - Processing file /Users/gaurav/Documents/Breast-Cancer-ML-Pipeline/venv/lib/python3.9/site-packages/airflow/example_dags/example_xcom.py for tasks to queue
[2025-04-21T17:21:31.469-0400] {logging_mixin.py:188} INFO - [2025-04-21T17:21:31.469-0400] {dagbag.py:538} INFO - Filling up the DagBag from /Users/gaurav/Documents/Breast-Cancer-ML-Pipeline/venv/lib/python3.9/site-packages/airflow/example_dags/example_xcom.py
[2025-04-21T17:21:31.497-0400] {processor.py:840} INFO - DAG(s) 'example_xcom' retrieved from /Users/gaurav/Documents/Breast-Cancer-ML-Pipeline/venv/lib/python3.9/site-packages/airflow/example_dags/example_xcom.py
[2025-04-21T17:21:31.635-0400] {logging_mixin.py:188} INFO - [2025-04-21T17:21:31.635-0400] {dag.py:3036} INFO - Sync 1 DAGs
[2025-04-21T17:21:31.647-0400] {logging_mixin.py:188} INFO - [2025-04-21T17:21:31.647-0400] {dag.py:3823} INFO - Setting next_dagrun for example_xcom to 2021-01-01 00:00:00+00:00, run_after=2021-01-01 00:00:00+00:00
[2025-04-21T17:21:31.663-0400] {processor.py:183} INFO - Processing /Users/gaurav/Documents/Breast-Cancer-ML-Pipeline/venv/lib/python3.9/site-packages/airflow/example_dags/example_xcom.py took 0.197 seconds
[2025-04-21T17:23:06.129-0400] {processor.py:161} INFO - Started process (PID=86584) to work on /Users/gaurav/Documents/Breast-Cancer-ML-Pipeline/venv/lib/python3.9/site-packages/airflow/example_dags/example_xcom.py
[2025-04-21T17:23:06.131-0400] {processor.py:830} INFO - Processing file /Users/gaurav/Documents/Breast-Cancer-ML-Pipeline/venv/lib/python3.9/site-packages/airflow/example_dags/example_xcom.py for tasks to queue
[2025-04-21T17:23:06.131-0400] {logging_mixin.py:188} INFO - [2025-04-21T17:23:06.131-0400] {dagbag.py:538} INFO - Filling up the DagBag from /Users/gaurav/Documents/Breast-Cancer-ML-Pipeline/venv/lib/python3.9/site-packages/airflow/example_dags/example_xcom.py
[2025-04-21T17:23:06.161-0400] {processor.py:840} INFO - DAG(s) 'example_xcom' retrieved from /Users/gaurav/Documents/Breast-Cancer-ML-Pipeline/venv/lib/python3.9/site-packages/airflow/example_dags/example_xcom.py
[2025-04-21T17:23:06.232-0400] {logging_mixin.py:188} INFO - [2025-04-21T17:23:06.231-0400] {dag.py:3036} INFO - Sync 1 DAGs
[2025-04-21T17:23:06.243-0400] {logging_mixin.py:188} INFO - [2025-04-21T17:23:06.243-0400] {dag.py:3823} INFO - Setting next_dagrun for example_xcom to 2021-01-01 00:00:00+00:00, run_after=2021-01-01 00:00:00+00:00
[2025-04-21T17:23:06.258-0400] {processor.py:183} INFO - Processing /Users/gaurav/Documents/Breast-Cancer-ML-Pipeline/venv/lib/python3.9/site-packages/airflow/example_dags/example_xcom.py took 0.130 seconds
[2025-04-21T17:24:23.927-0400] {processor.py:161} INFO - Started process (PID=86681) to work on /Users/gaurav/Documents/Breast-Cancer-ML-Pipeline/venv/lib/python3.9/site-packages/airflow/example_dags/example_xcom.py
[2025-04-21T17:24:23.929-0400] {processor.py:830} INFO - Processing file /Users/gaurav/Documents/Breast-Cancer-ML-Pipeline/venv/lib/python3.9/site-packages/airflow/example_dags/example_xcom.py for tasks to queue
[2025-04-21T17:24:23.930-0400] {logging_mixin.py:188} INFO - [2025-04-21T17:24:23.929-0400] {dagbag.py:538} INFO - Filling up the DagBag from /Users/gaurav/Documents/Breast-Cancer-ML-Pipeline/venv/lib/python3.9/site-packages/airflow/example_dags/example_xcom.py
[2025-04-21T17:24:23.958-0400] {processor.py:840} INFO - DAG(s) 'example_xcom' retrieved from /Users/gaurav/Documents/Breast-Cancer-ML-Pipeline/venv/lib/python3.9/site-packages/airflow/example_dags/example_xcom.py
[2025-04-21T17:24:24.022-0400] {logging_mixin.py:188} INFO - [2025-04-21T17:24:24.021-0400] {dag.py:3036} INFO - Sync 1 DAGs
[2025-04-21T17:24:24.032-0400] {logging_mixin.py:188} INFO - [2025-04-21T17:24:24.032-0400] {dag.py:3823} INFO - Setting next_dagrun for example_xcom to 2021-01-01 00:00:00+00:00, run_after=2021-01-01 00:00:00+00:00
[2025-04-21T17:24:24.045-0400] {processor.py:183} INFO - Processing /Users/gaurav/Documents/Breast-Cancer-ML-Pipeline/venv/lib/python3.9/site-packages/airflow/example_dags/example_xcom.py took 0.118 seconds
[2025-04-21T17:25:41.040-0400] {processor.py:161} INFO - Started process (PID=86773) to work on /Users/gaurav/Documents/Breast-Cancer-ML-Pipeline/venv/lib/python3.9/site-packages/airflow/example_dags/example_xcom.py
[2025-04-21T17:25:41.042-0400] {processor.py:830} INFO - Processing file /Users/gaurav/Documents/Breast-Cancer-ML-Pipeline/venv/lib/python3.9/site-packages/airflow/example_dags/example_xcom.py for tasks to queue
[2025-04-21T17:25:41.042-0400] {logging_mixin.py:188} INFO - [2025-04-21T17:25:41.042-0400] {dagbag.py:538} INFO - Filling up the DagBag from /Users/gaurav/Documents/Breast-Cancer-ML-Pipeline/venv/lib/python3.9/site-packages/airflow/example_dags/example_xcom.py
[2025-04-21T17:25:41.070-0400] {processor.py:840} INFO - DAG(s) 'example_xcom' retrieved from /Users/gaurav/Documents/Breast-Cancer-ML-Pipeline/venv/lib/python3.9/site-packages/airflow/example_dags/example_xcom.py
[2025-04-21T17:25:41.138-0400] {logging_mixin.py:188} INFO - [2025-04-21T17:25:41.137-0400] {dag.py:3036} INFO - Sync 1 DAGs
[2025-04-21T17:25:41.149-0400] {logging_mixin.py:188} INFO - [2025-04-21T17:25:41.149-0400] {dag.py:3823} INFO - Setting next_dagrun for example_xcom to 2021-01-01 00:00:00+00:00, run_after=2021-01-01 00:00:00+00:00
[2025-04-21T17:25:41.163-0400] {processor.py:183} INFO - Processing /Users/gaurav/Documents/Breast-Cancer-ML-Pipeline/venv/lib/python3.9/site-packages/airflow/example_dags/example_xcom.py took 0.124 seconds
[2025-04-21T17:26:55.246-0400] {processor.py:161} INFO - Started process (PID=86878) to work on /Users/gaurav/Documents/Breast-Cancer-ML-Pipeline/venv/lib/python3.9/site-packages/airflow/example_dags/example_xcom.py
[2025-04-21T17:26:55.247-0400] {processor.py:830} INFO - Processing file /Users/gaurav/Documents/Breast-Cancer-ML-Pipeline/venv/lib/python3.9/site-packages/airflow/example_dags/example_xcom.py for tasks to queue
[2025-04-21T17:26:55.248-0400] {logging_mixin.py:188} INFO - [2025-04-21T17:26:55.248-0400] {dagbag.py:538} INFO - Filling up the DagBag from /Users/gaurav/Documents/Breast-Cancer-ML-Pipeline/venv/lib/python3.9/site-packages/airflow/example_dags/example_xcom.py
[2025-04-21T17:26:55.279-0400] {processor.py:840} INFO - DAG(s) 'example_xcom' retrieved from /Users/gaurav/Documents/Breast-Cancer-ML-Pipeline/venv/lib/python3.9/site-packages/airflow/example_dags/example_xcom.py
[2025-04-21T17:26:55.357-0400] {logging_mixin.py:188} INFO - [2025-04-21T17:26:55.357-0400] {dag.py:3036} INFO - Sync 1 DAGs
[2025-04-21T17:26:55.369-0400] {logging_mixin.py:188} INFO - [2025-04-21T17:26:55.368-0400] {dag.py:3823} INFO - Setting next_dagrun for example_xcom to 2021-01-01 00:00:00+00:00, run_after=2021-01-01 00:00:00+00:00
[2025-04-21T17:26:55.383-0400] {processor.py:183} INFO - Processing /Users/gaurav/Documents/Breast-Cancer-ML-Pipeline/venv/lib/python3.9/site-packages/airflow/example_dags/example_xcom.py took 0.138 seconds
[2025-04-21T17:29:15.296-0400] {processor.py:161} INFO - Started process (PID=87101) to work on /Users/gaurav/Documents/Breast-Cancer-ML-Pipeline/venv/lib/python3.9/site-packages/airflow/example_dags/example_xcom.py
[2025-04-21T17:29:15.297-0400] {processor.py:830} INFO - Processing file /Users/gaurav/Documents/Breast-Cancer-ML-Pipeline/venv/lib/python3.9/site-packages/airflow/example_dags/example_xcom.py for tasks to queue
[2025-04-21T17:29:15.298-0400] {logging_mixin.py:188} INFO - [2025-04-21T17:29:15.298-0400] {dagbag.py:538} INFO - Filling up the DagBag from /Users/gaurav/Documents/Breast-Cancer-ML-Pipeline/venv/lib/python3.9/site-packages/airflow/example_dags/example_xcom.py
[2025-04-21T17:29:15.327-0400] {processor.py:840} INFO - DAG(s) 'example_xcom' retrieved from /Users/gaurav/Documents/Breast-Cancer-ML-Pipeline/venv/lib/python3.9/site-packages/airflow/example_dags/example_xcom.py
[2025-04-21T17:29:15.392-0400] {logging_mixin.py:188} INFO - [2025-04-21T17:29:15.391-0400] {dag.py:3036} INFO - Sync 1 DAGs
[2025-04-21T17:29:15.402-0400] {logging_mixin.py:188} INFO - [2025-04-21T17:29:15.402-0400] {dag.py:3823} INFO - Setting next_dagrun for example_xcom to 2021-01-01 00:00:00+00:00, run_after=2021-01-01 00:00:00+00:00
[2025-04-21T17:29:15.416-0400] {processor.py:183} INFO - Processing /Users/gaurav/Documents/Breast-Cancer-ML-Pipeline/venv/lib/python3.9/site-packages/airflow/example_dags/example_xcom.py took 0.121 seconds
[2025-04-21T17:30:05.645-0400] {processor.py:161} INFO - Started process (PID=87155) to work on /Users/gaurav/Documents/Breast-Cancer-ML-Pipeline/venv/lib/python3.9/site-packages/airflow/example_dags/example_xcom.py
[2025-04-21T17:30:05.647-0400] {processor.py:830} INFO - Processing file /Users/gaurav/Documents/Breast-Cancer-ML-Pipeline/venv/lib/python3.9/site-packages/airflow/example_dags/example_xcom.py for tasks to queue
[2025-04-21T17:30:05.648-0400] {logging_mixin.py:188} INFO - [2025-04-21T17:30:05.648-0400] {dagbag.py:538} INFO - Filling up the DagBag from /Users/gaurav/Documents/Breast-Cancer-ML-Pipeline/venv/lib/python3.9/site-packages/airflow/example_dags/example_xcom.py
[2025-04-21T17:30:05.676-0400] {processor.py:840} INFO - DAG(s) 'example_xcom' retrieved from /Users/gaurav/Documents/Breast-Cancer-ML-Pipeline/venv/lib/python3.9/site-packages/airflow/example_dags/example_xcom.py
[2025-04-21T17:30:05.745-0400] {logging_mixin.py:188} INFO - [2025-04-21T17:30:05.745-0400] {dag.py:3036} INFO - Sync 1 DAGs
[2025-04-21T17:30:05.757-0400] {logging_mixin.py:188} INFO - [2025-04-21T17:30:05.757-0400] {dag.py:3823} INFO - Setting next_dagrun for example_xcom to 2021-01-01 00:00:00+00:00, run_after=2021-01-01 00:00:00+00:00
[2025-04-21T17:30:05.771-0400] {processor.py:183} INFO - Processing /Users/gaurav/Documents/Breast-Cancer-ML-Pipeline/venv/lib/python3.9/site-packages/airflow/example_dags/example_xcom.py took 0.127 seconds
[2025-04-21T17:31:22.120-0400] {processor.py:161} INFO - Started process (PID=87242) to work on /Users/gaurav/Documents/Breast-Cancer-ML-Pipeline/venv/lib/python3.9/site-packages/airflow/example_dags/example_xcom.py
[2025-04-21T17:31:22.122-0400] {processor.py:830} INFO - Processing file /Users/gaurav/Documents/Breast-Cancer-ML-Pipeline/venv/lib/python3.9/site-packages/airflow/example_dags/example_xcom.py for tasks to queue
[2025-04-21T17:31:22.122-0400] {logging_mixin.py:188} INFO - [2025-04-21T17:31:22.122-0400] {dagbag.py:538} INFO - Filling up the DagBag from /Users/gaurav/Documents/Breast-Cancer-ML-Pipeline/venv/lib/python3.9/site-packages/airflow/example_dags/example_xcom.py
[2025-04-21T17:31:22.149-0400] {processor.py:840} INFO - DAG(s) 'example_xcom' retrieved from /Users/gaurav/Documents/Breast-Cancer-ML-Pipeline/venv/lib/python3.9/site-packages/airflow/example_dags/example_xcom.py
[2025-04-21T17:31:22.214-0400] {logging_mixin.py:188} INFO - [2025-04-21T17:31:22.214-0400] {dag.py:3036} INFO - Sync 1 DAGs
[2025-04-21T17:31:22.226-0400] {logging_mixin.py:188} INFO - [2025-04-21T17:31:22.226-0400] {dag.py:3823} INFO - Setting next_dagrun for example_xcom to 2021-01-01 00:00:00+00:00, run_after=2021-01-01 00:00:00+00:00
[2025-04-21T17:31:22.239-0400] {processor.py:183} INFO - Processing /Users/gaurav/Documents/Breast-Cancer-ML-Pipeline/venv/lib/python3.9/site-packages/airflow/example_dags/example_xcom.py took 0.119 seconds
[2025-04-21T17:35:46.760-0400] {processor.py:161} INFO - Started process (PID=87463) to work on /Users/gaurav/Documents/Breast-Cancer-ML-Pipeline/venv/lib/python3.9/site-packages/airflow/example_dags/example_xcom.py
[2025-04-21T17:35:46.761-0400] {processor.py:830} INFO - Processing file /Users/gaurav/Documents/Breast-Cancer-ML-Pipeline/venv/lib/python3.9/site-packages/airflow/example_dags/example_xcom.py for tasks to queue
[2025-04-21T17:35:46.762-0400] {logging_mixin.py:188} INFO - [2025-04-21T17:35:46.762-0400] {dagbag.py:538} INFO - Filling up the DagBag from /Users/gaurav/Documents/Breast-Cancer-ML-Pipeline/venv/lib/python3.9/site-packages/airflow/example_dags/example_xcom.py
[2025-04-21T17:35:46.790-0400] {processor.py:840} INFO - DAG(s) 'example_xcom' retrieved from /Users/gaurav/Documents/Breast-Cancer-ML-Pipeline/venv/lib/python3.9/site-packages/airflow/example_dags/example_xcom.py
[2025-04-21T17:35:46.932-0400] {logging_mixin.py:188} INFO - [2025-04-21T17:35:46.931-0400] {dag.py:3036} INFO - Sync 1 DAGs
[2025-04-21T17:35:46.944-0400] {logging_mixin.py:188} INFO - [2025-04-21T17:35:46.944-0400] {dag.py:3823} INFO - Setting next_dagrun for example_xcom to 2021-01-01 00:00:00+00:00, run_after=2021-01-01 00:00:00+00:00
[2025-04-21T17:35:46.957-0400] {processor.py:183} INFO - Processing /Users/gaurav/Documents/Breast-Cancer-ML-Pipeline/venv/lib/python3.9/site-packages/airflow/example_dags/example_xcom.py took 0.198 seconds
[2025-04-21T17:38:31.378-0400] {processor.py:161} INFO - Started process (PID=87851) to work on /Users/gaurav/Documents/Breast-Cancer-ML-Pipeline/venv/lib/python3.9/site-packages/airflow/example_dags/example_xcom.py
[2025-04-21T17:38:31.380-0400] {processor.py:830} INFO - Processing file /Users/gaurav/Documents/Breast-Cancer-ML-Pipeline/venv/lib/python3.9/site-packages/airflow/example_dags/example_xcom.py for tasks to queue
[2025-04-21T17:38:31.380-0400] {logging_mixin.py:188} INFO - [2025-04-21T17:38:31.380-0400] {dagbag.py:538} INFO - Filling up the DagBag from /Users/gaurav/Documents/Breast-Cancer-ML-Pipeline/venv/lib/python3.9/site-packages/airflow/example_dags/example_xcom.py
[2025-04-21T17:38:31.407-0400] {processor.py:840} INFO - DAG(s) 'example_xcom' retrieved from /Users/gaurav/Documents/Breast-Cancer-ML-Pipeline/venv/lib/python3.9/site-packages/airflow/example_dags/example_xcom.py
[2025-04-21T17:38:31.470-0400] {logging_mixin.py:188} INFO - [2025-04-21T17:38:31.470-0400] {dag.py:3036} INFO - Sync 1 DAGs
[2025-04-21T17:38:31.482-0400] {logging_mixin.py:188} INFO - [2025-04-21T17:38:31.481-0400] {dag.py:3823} INFO - Setting next_dagrun for example_xcom to 2021-01-01 00:00:00+00:00, run_after=2021-01-01 00:00:00+00:00
[2025-04-21T17:38:31.496-0400] {processor.py:183} INFO - Processing /Users/gaurav/Documents/Breast-Cancer-ML-Pipeline/venv/lib/python3.9/site-packages/airflow/example_dags/example_xcom.py took 0.120 seconds
[2025-04-21T17:39:45.793-0400] {processor.py:161} INFO - Started process (PID=87925) to work on /Users/gaurav/Documents/Breast-Cancer-ML-Pipeline/venv/lib/python3.9/site-packages/airflow/example_dags/example_xcom.py
[2025-04-21T17:39:45.795-0400] {processor.py:830} INFO - Processing file /Users/gaurav/Documents/Breast-Cancer-ML-Pipeline/venv/lib/python3.9/site-packages/airflow/example_dags/example_xcom.py for tasks to queue
[2025-04-21T17:39:45.795-0400] {logging_mixin.py:188} INFO - [2025-04-21T17:39:45.795-0400] {dagbag.py:538} INFO - Filling up the DagBag from /Users/gaurav/Documents/Breast-Cancer-ML-Pipeline/venv/lib/python3.9/site-packages/airflow/example_dags/example_xcom.py
[2025-04-21T17:39:45.821-0400] {processor.py:840} INFO - DAG(s) 'example_xcom' retrieved from /Users/gaurav/Documents/Breast-Cancer-ML-Pipeline/venv/lib/python3.9/site-packages/airflow/example_dags/example_xcom.py
[2025-04-21T17:39:45.884-0400] {logging_mixin.py:188} INFO - [2025-04-21T17:39:45.883-0400] {dag.py:3036} INFO - Sync 1 DAGs
[2025-04-21T17:39:45.894-0400] {logging_mixin.py:188} INFO - [2025-04-21T17:39:45.894-0400] {dag.py:3823} INFO - Setting next_dagrun for example_xcom to 2021-01-01 00:00:00+00:00, run_after=2021-01-01 00:00:00+00:00
[2025-04-21T17:39:45.907-0400] {processor.py:183} INFO - Processing /Users/gaurav/Documents/Breast-Cancer-ML-Pipeline/venv/lib/python3.9/site-packages/airflow/example_dags/example_xcom.py took 0.115 seconds
[2025-04-21T17:41:04.573-0400] {processor.py:161} INFO - Started process (PID=88058) to work on /Users/gaurav/Documents/Breast-Cancer-ML-Pipeline/venv/lib/python3.9/site-packages/airflow/example_dags/example_xcom.py
[2025-04-21T17:41:04.574-0400] {processor.py:830} INFO - Processing file /Users/gaurav/Documents/Breast-Cancer-ML-Pipeline/venv/lib/python3.9/site-packages/airflow/example_dags/example_xcom.py for tasks to queue
[2025-04-21T17:41:04.575-0400] {logging_mixin.py:188} INFO - [2025-04-21T17:41:04.575-0400] {dagbag.py:538} INFO - Filling up the DagBag from /Users/gaurav/Documents/Breast-Cancer-ML-Pipeline/venv/lib/python3.9/site-packages/airflow/example_dags/example_xcom.py
[2025-04-21T17:41:04.601-0400] {processor.py:840} INFO - DAG(s) 'example_xcom' retrieved from /Users/gaurav/Documents/Breast-Cancer-ML-Pipeline/venv/lib/python3.9/site-packages/airflow/example_dags/example_xcom.py
[2025-04-21T17:41:04.663-0400] {logging_mixin.py:188} INFO - [2025-04-21T17:41:04.663-0400] {dag.py:3036} INFO - Sync 1 DAGs
[2025-04-21T17:41:04.674-0400] {logging_mixin.py:188} INFO - [2025-04-21T17:41:04.674-0400] {dag.py:3823} INFO - Setting next_dagrun for example_xcom to 2021-01-01 00:00:00+00:00, run_after=2021-01-01 00:00:00+00:00
[2025-04-21T17:41:04.687-0400] {processor.py:183} INFO - Processing /Users/gaurav/Documents/Breast-Cancer-ML-Pipeline/venv/lib/python3.9/site-packages/airflow/example_dags/example_xcom.py took 0.114 seconds
[2025-04-21T17:42:02.967-0400] {processor.py:161} INFO - Started process (PID=88141) to work on /Users/gaurav/Documents/Breast-Cancer-ML-Pipeline/venv/lib/python3.9/site-packages/airflow/example_dags/example_xcom.py
[2025-04-21T17:42:02.968-0400] {processor.py:830} INFO - Processing file /Users/gaurav/Documents/Breast-Cancer-ML-Pipeline/venv/lib/python3.9/site-packages/airflow/example_dags/example_xcom.py for tasks to queue
[2025-04-21T17:42:02.969-0400] {logging_mixin.py:188} INFO - [2025-04-21T17:42:02.969-0400] {dagbag.py:538} INFO - Filling up the DagBag from /Users/gaurav/Documents/Breast-Cancer-ML-Pipeline/venv/lib/python3.9/site-packages/airflow/example_dags/example_xcom.py
[2025-04-21T17:42:02.996-0400] {processor.py:840} INFO - DAG(s) 'example_xcom' retrieved from /Users/gaurav/Documents/Breast-Cancer-ML-Pipeline/venv/lib/python3.9/site-packages/airflow/example_dags/example_xcom.py
[2025-04-21T17:42:03.061-0400] {logging_mixin.py:188} INFO - [2025-04-21T17:42:03.061-0400] {dag.py:3036} INFO - Sync 1 DAGs
[2025-04-21T17:42:03.072-0400] {logging_mixin.py:188} INFO - [2025-04-21T17:42:03.072-0400] {dag.py:3823} INFO - Setting next_dagrun for example_xcom to 2021-01-01 00:00:00+00:00, run_after=2021-01-01 00:00:00+00:00
[2025-04-21T17:42:03.086-0400] {processor.py:183} INFO - Processing /Users/gaurav/Documents/Breast-Cancer-ML-Pipeline/venv/lib/python3.9/site-packages/airflow/example_dags/example_xcom.py took 0.120 seconds
[2025-04-21T17:43:14.216-0400] {processor.py:161} INFO - Started process (PID=88220) to work on /Users/gaurav/Documents/Breast-Cancer-ML-Pipeline/venv/lib/python3.9/site-packages/airflow/example_dags/example_xcom.py
[2025-04-21T17:43:14.218-0400] {processor.py:830} INFO - Processing file /Users/gaurav/Documents/Breast-Cancer-ML-Pipeline/venv/lib/python3.9/site-packages/airflow/example_dags/example_xcom.py for tasks to queue
[2025-04-21T17:43:14.219-0400] {logging_mixin.py:188} INFO - [2025-04-21T17:43:14.218-0400] {dagbag.py:538} INFO - Filling up the DagBag from /Users/gaurav/Documents/Breast-Cancer-ML-Pipeline/venv/lib/python3.9/site-packages/airflow/example_dags/example_xcom.py
[2025-04-21T17:43:14.245-0400] {processor.py:840} INFO - DAG(s) 'example_xcom' retrieved from /Users/gaurav/Documents/Breast-Cancer-ML-Pipeline/venv/lib/python3.9/site-packages/airflow/example_dags/example_xcom.py
[2025-04-21T17:43:14.308-0400] {logging_mixin.py:188} INFO - [2025-04-21T17:43:14.308-0400] {dag.py:3036} INFO - Sync 1 DAGs
[2025-04-21T17:43:14.319-0400] {logging_mixin.py:188} INFO - [2025-04-21T17:43:14.319-0400] {dag.py:3823} INFO - Setting next_dagrun for example_xcom to 2021-01-01 00:00:00+00:00, run_after=2021-01-01 00:00:00+00:00
[2025-04-21T17:43:14.332-0400] {processor.py:183} INFO - Processing /Users/gaurav/Documents/Breast-Cancer-ML-Pipeline/venv/lib/python3.9/site-packages/airflow/example_dags/example_xcom.py took 0.117 seconds
[2025-04-21T17:44:25.989-0400] {processor.py:161} INFO - Started process (PID=88308) to work on /Users/gaurav/Documents/Breast-Cancer-ML-Pipeline/venv/lib/python3.9/site-packages/airflow/example_dags/example_xcom.py
[2025-04-21T17:44:25.991-0400] {processor.py:830} INFO - Processing file /Users/gaurav/Documents/Breast-Cancer-ML-Pipeline/venv/lib/python3.9/site-packages/airflow/example_dags/example_xcom.py for tasks to queue
[2025-04-21T17:44:25.991-0400] {logging_mixin.py:188} INFO - [2025-04-21T17:44:25.991-0400] {dagbag.py:538} INFO - Filling up the DagBag from /Users/gaurav/Documents/Breast-Cancer-ML-Pipeline/venv/lib/python3.9/site-packages/airflow/example_dags/example_xcom.py
[2025-04-21T17:44:26.017-0400] {processor.py:840} INFO - DAG(s) 'example_xcom' retrieved from /Users/gaurav/Documents/Breast-Cancer-ML-Pipeline/venv/lib/python3.9/site-packages/airflow/example_dags/example_xcom.py
[2025-04-21T17:44:26.080-0400] {logging_mixin.py:188} INFO - [2025-04-21T17:44:26.079-0400] {dag.py:3036} INFO - Sync 1 DAGs
[2025-04-21T17:44:26.090-0400] {logging_mixin.py:188} INFO - [2025-04-21T17:44:26.090-0400] {dag.py:3823} INFO - Setting next_dagrun for example_xcom to 2021-01-01 00:00:00+00:00, run_after=2021-01-01 00:00:00+00:00
[2025-04-21T17:44:26.103-0400] {processor.py:183} INFO - Processing /Users/gaurav/Documents/Breast-Cancer-ML-Pipeline/venv/lib/python3.9/site-packages/airflow/example_dags/example_xcom.py took 0.115 seconds
[2025-04-21T17:45:24.882-0400] {processor.py:161} INFO - Started process (PID=88395) to work on /Users/gaurav/Documents/Breast-Cancer-ML-Pipeline/venv/lib/python3.9/site-packages/airflow/example_dags/example_xcom.py
[2025-04-21T17:45:24.884-0400] {processor.py:830} INFO - Processing file /Users/gaurav/Documents/Breast-Cancer-ML-Pipeline/venv/lib/python3.9/site-packages/airflow/example_dags/example_xcom.py for tasks to queue
[2025-04-21T17:45:24.884-0400] {logging_mixin.py:188} INFO - [2025-04-21T17:45:24.884-0400] {dagbag.py:538} INFO - Filling up the DagBag from /Users/gaurav/Documents/Breast-Cancer-ML-Pipeline/venv/lib/python3.9/site-packages/airflow/example_dags/example_xcom.py
[2025-04-21T17:45:24.910-0400] {processor.py:840} INFO - DAG(s) 'example_xcom' retrieved from /Users/gaurav/Documents/Breast-Cancer-ML-Pipeline/venv/lib/python3.9/site-packages/airflow/example_dags/example_xcom.py
[2025-04-21T17:45:24.963-0400] {logging_mixin.py:188} INFO - [2025-04-21T17:45:24.963-0400] {dag.py:3036} INFO - Sync 1 DAGs
[2025-04-21T17:45:24.972-0400] {logging_mixin.py:188} INFO - [2025-04-21T17:45:24.971-0400] {dag.py:3823} INFO - Setting next_dagrun for example_xcom to 2021-01-01 00:00:00+00:00, run_after=2021-01-01 00:00:00+00:00
[2025-04-21T17:45:24.981-0400] {processor.py:183} INFO - Processing /Users/gaurav/Documents/Breast-Cancer-ML-Pipeline/venv/lib/python3.9/site-packages/airflow/example_dags/example_xcom.py took 0.099 seconds
[2025-04-21T17:46:12.304-0400] {processor.py:161} INFO - Started process (PID=88520) to work on /Users/gaurav/Documents/Breast-Cancer-ML-Pipeline/venv/lib/python3.9/site-packages/airflow/example_dags/example_xcom.py
[2025-04-21T17:46:12.305-0400] {processor.py:830} INFO - Processing file /Users/gaurav/Documents/Breast-Cancer-ML-Pipeline/venv/lib/python3.9/site-packages/airflow/example_dags/example_xcom.py for tasks to queue
[2025-04-21T17:46:12.306-0400] {logging_mixin.py:188} INFO - [2025-04-21T17:46:12.306-0400] {dagbag.py:538} INFO - Filling up the DagBag from /Users/gaurav/Documents/Breast-Cancer-ML-Pipeline/venv/lib/python3.9/site-packages/airflow/example_dags/example_xcom.py
[2025-04-21T17:46:12.328-0400] {processor.py:840} INFO - DAG(s) 'example_xcom' retrieved from /Users/gaurav/Documents/Breast-Cancer-ML-Pipeline/venv/lib/python3.9/site-packages/airflow/example_dags/example_xcom.py
[2025-04-21T17:46:12.381-0400] {logging_mixin.py:188} INFO - [2025-04-21T17:46:12.381-0400] {dag.py:3036} INFO - Sync 1 DAGs
[2025-04-21T17:46:12.389-0400] {logging_mixin.py:188} INFO - [2025-04-21T17:46:12.389-0400] {dag.py:3823} INFO - Setting next_dagrun for example_xcom to 2021-01-01 00:00:00+00:00, run_after=2021-01-01 00:00:00+00:00
[2025-04-21T17:46:12.399-0400] {processor.py:183} INFO - Processing /Users/gaurav/Documents/Breast-Cancer-ML-Pipeline/venv/lib/python3.9/site-packages/airflow/example_dags/example_xcom.py took 0.096 seconds
[2025-04-21T17:47:09.994-0400] {processor.py:161} INFO - Started process (PID=88589) to work on /Users/gaurav/Documents/Breast-Cancer-ML-Pipeline/venv/lib/python3.9/site-packages/airflow/example_dags/example_xcom.py
[2025-04-21T17:47:09.995-0400] {processor.py:830} INFO - Processing file /Users/gaurav/Documents/Breast-Cancer-ML-Pipeline/venv/lib/python3.9/site-packages/airflow/example_dags/example_xcom.py for tasks to queue
[2025-04-21T17:47:09.996-0400] {logging_mixin.py:188} INFO - [2025-04-21T17:47:09.995-0400] {dagbag.py:538} INFO - Filling up the DagBag from /Users/gaurav/Documents/Breast-Cancer-ML-Pipeline/venv/lib/python3.9/site-packages/airflow/example_dags/example_xcom.py
[2025-04-21T17:47:10.018-0400] {processor.py:840} INFO - DAG(s) 'example_xcom' retrieved from /Users/gaurav/Documents/Breast-Cancer-ML-Pipeline/venv/lib/python3.9/site-packages/airflow/example_dags/example_xcom.py
[2025-04-21T17:47:10.067-0400] {logging_mixin.py:188} INFO - [2025-04-21T17:47:10.067-0400] {dag.py:3036} INFO - Sync 1 DAGs
[2025-04-21T17:47:10.075-0400] {logging_mixin.py:188} INFO - [2025-04-21T17:47:10.075-0400] {dag.py:3823} INFO - Setting next_dagrun for example_xcom to 2021-01-01 00:00:00+00:00, run_after=2021-01-01 00:00:00+00:00
[2025-04-21T17:47:10.085-0400] {processor.py:183} INFO - Processing /Users/gaurav/Documents/Breast-Cancer-ML-Pipeline/venv/lib/python3.9/site-packages/airflow/example_dags/example_xcom.py took 0.092 seconds
[2025-04-21T17:47:59.472-0400] {processor.py:161} INFO - Started process (PID=88652) to work on /Users/gaurav/Documents/Breast-Cancer-ML-Pipeline/venv/lib/python3.9/site-packages/airflow/example_dags/example_xcom.py
[2025-04-21T17:47:59.473-0400] {processor.py:830} INFO - Processing file /Users/gaurav/Documents/Breast-Cancer-ML-Pipeline/venv/lib/python3.9/site-packages/airflow/example_dags/example_xcom.py for tasks to queue
[2025-04-21T17:47:59.473-0400] {logging_mixin.py:188} INFO - [2025-04-21T17:47:59.473-0400] {dagbag.py:538} INFO - Filling up the DagBag from /Users/gaurav/Documents/Breast-Cancer-ML-Pipeline/venv/lib/python3.9/site-packages/airflow/example_dags/example_xcom.py
[2025-04-21T17:47:59.499-0400] {processor.py:840} INFO - DAG(s) 'example_xcom' retrieved from /Users/gaurav/Documents/Breast-Cancer-ML-Pipeline/venv/lib/python3.9/site-packages/airflow/example_dags/example_xcom.py
[2025-04-21T17:47:59.549-0400] {logging_mixin.py:188} INFO - [2025-04-21T17:47:59.549-0400] {dag.py:3036} INFO - Sync 1 DAGs
[2025-04-21T17:47:59.558-0400] {logging_mixin.py:188} INFO - [2025-04-21T17:47:59.558-0400] {dag.py:3823} INFO - Setting next_dagrun for example_xcom to 2021-01-01 00:00:00+00:00, run_after=2021-01-01 00:00:00+00:00
[2025-04-21T17:47:59.569-0400] {processor.py:183} INFO - Processing /Users/gaurav/Documents/Breast-Cancer-ML-Pipeline/venv/lib/python3.9/site-packages/airflow/example_dags/example_xcom.py took 0.098 seconds
[2025-04-21T17:48:44.277-0400] {processor.py:161} INFO - Started process (PID=88722) to work on /Users/gaurav/Documents/Breast-Cancer-ML-Pipeline/venv/lib/python3.9/site-packages/airflow/example_dags/example_xcom.py
[2025-04-21T17:48:44.279-0400] {processor.py:830} INFO - Processing file /Users/gaurav/Documents/Breast-Cancer-ML-Pipeline/venv/lib/python3.9/site-packages/airflow/example_dags/example_xcom.py for tasks to queue
[2025-04-21T17:48:44.279-0400] {logging_mixin.py:188} INFO - [2025-04-21T17:48:44.279-0400] {dagbag.py:538} INFO - Filling up the DagBag from /Users/gaurav/Documents/Breast-Cancer-ML-Pipeline/venv/lib/python3.9/site-packages/airflow/example_dags/example_xcom.py
[2025-04-21T17:48:44.300-0400] {processor.py:840} INFO - DAG(s) 'example_xcom' retrieved from /Users/gaurav/Documents/Breast-Cancer-ML-Pipeline/venv/lib/python3.9/site-packages/airflow/example_dags/example_xcom.py
[2025-04-21T17:48:44.348-0400] {logging_mixin.py:188} INFO - [2025-04-21T17:48:44.348-0400] {dag.py:3036} INFO - Sync 1 DAGs
[2025-04-21T17:48:44.356-0400] {logging_mixin.py:188} INFO - [2025-04-21T17:48:44.356-0400] {dag.py:3823} INFO - Setting next_dagrun for example_xcom to 2021-01-01 00:00:00+00:00, run_after=2021-01-01 00:00:00+00:00
[2025-04-21T17:48:44.366-0400] {processor.py:183} INFO - Processing /Users/gaurav/Documents/Breast-Cancer-ML-Pipeline/venv/lib/python3.9/site-packages/airflow/example_dags/example_xcom.py took 0.090 seconds
[2025-04-21T17:49:26.701-0400] {processor.py:161} INFO - Started process (PID=88777) to work on /Users/gaurav/Documents/Breast-Cancer-ML-Pipeline/venv/lib/python3.9/site-packages/airflow/example_dags/example_xcom.py
[2025-04-21T17:49:26.703-0400] {processor.py:830} INFO - Processing file /Users/gaurav/Documents/Breast-Cancer-ML-Pipeline/venv/lib/python3.9/site-packages/airflow/example_dags/example_xcom.py for tasks to queue
[2025-04-21T17:49:26.703-0400] {logging_mixin.py:188} INFO - [2025-04-21T17:49:26.703-0400] {dagbag.py:538} INFO - Filling up the DagBag from /Users/gaurav/Documents/Breast-Cancer-ML-Pipeline/venv/lib/python3.9/site-packages/airflow/example_dags/example_xcom.py
[2025-04-21T17:49:26.724-0400] {processor.py:840} INFO - DAG(s) 'example_xcom' retrieved from /Users/gaurav/Documents/Breast-Cancer-ML-Pipeline/venv/lib/python3.9/site-packages/airflow/example_dags/example_xcom.py
[2025-04-21T17:49:26.772-0400] {logging_mixin.py:188} INFO - [2025-04-21T17:49:26.771-0400] {dag.py:3036} INFO - Sync 1 DAGs
[2025-04-21T17:49:26.780-0400] {logging_mixin.py:188} INFO - [2025-04-21T17:49:26.780-0400] {dag.py:3823} INFO - Setting next_dagrun for example_xcom to 2021-01-01 00:00:00+00:00, run_after=2021-01-01 00:00:00+00:00
[2025-04-21T17:49:26.790-0400] {processor.py:183} INFO - Processing /Users/gaurav/Documents/Breast-Cancer-ML-Pipeline/venv/lib/python3.9/site-packages/airflow/example_dags/example_xcom.py took 0.089 seconds
[2025-04-21T17:50:11.336-0400] {processor.py:161} INFO - Started process (PID=88834) to work on /Users/gaurav/Documents/Breast-Cancer-ML-Pipeline/venv/lib/python3.9/site-packages/airflow/example_dags/example_xcom.py
[2025-04-21T17:50:11.337-0400] {processor.py:830} INFO - Processing file /Users/gaurav/Documents/Breast-Cancer-ML-Pipeline/venv/lib/python3.9/site-packages/airflow/example_dags/example_xcom.py for tasks to queue
[2025-04-21T17:50:11.338-0400] {logging_mixin.py:188} INFO - [2025-04-21T17:50:11.338-0400] {dagbag.py:538} INFO - Filling up the DagBag from /Users/gaurav/Documents/Breast-Cancer-ML-Pipeline/venv/lib/python3.9/site-packages/airflow/example_dags/example_xcom.py
[2025-04-21T17:50:11.364-0400] {processor.py:840} INFO - DAG(s) 'example_xcom' retrieved from /Users/gaurav/Documents/Breast-Cancer-ML-Pipeline/venv/lib/python3.9/site-packages/airflow/example_dags/example_xcom.py
[2025-04-21T17:50:11.421-0400] {logging_mixin.py:188} INFO - [2025-04-21T17:50:11.421-0400] {dag.py:3036} INFO - Sync 1 DAGs
[2025-04-21T17:50:11.432-0400] {logging_mixin.py:188} INFO - [2025-04-21T17:50:11.432-0400] {dag.py:3823} INFO - Setting next_dagrun for example_xcom to 2021-01-01 00:00:00+00:00, run_after=2021-01-01 00:00:00+00:00
[2025-04-21T17:50:11.443-0400] {processor.py:183} INFO - Processing /Users/gaurav/Documents/Breast-Cancer-ML-Pipeline/venv/lib/python3.9/site-packages/airflow/example_dags/example_xcom.py took 0.108 seconds
[2025-04-21T17:51:04.645-0400] {processor.py:161} INFO - Started process (PID=88911) to work on /Users/gaurav/Documents/Breast-Cancer-ML-Pipeline/venv/lib/python3.9/site-packages/airflow/example_dags/example_xcom.py
[2025-04-21T17:51:04.646-0400] {processor.py:830} INFO - Processing file /Users/gaurav/Documents/Breast-Cancer-ML-Pipeline/venv/lib/python3.9/site-packages/airflow/example_dags/example_xcom.py for tasks to queue
[2025-04-21T17:51:04.647-0400] {logging_mixin.py:188} INFO - [2025-04-21T17:51:04.647-0400] {dagbag.py:538} INFO - Filling up the DagBag from /Users/gaurav/Documents/Breast-Cancer-ML-Pipeline/venv/lib/python3.9/site-packages/airflow/example_dags/example_xcom.py
[2025-04-21T17:51:04.670-0400] {processor.py:840} INFO - DAG(s) 'example_xcom' retrieved from /Users/gaurav/Documents/Breast-Cancer-ML-Pipeline/venv/lib/python3.9/site-packages/airflow/example_dags/example_xcom.py
[2025-04-21T17:51:04.721-0400] {logging_mixin.py:188} INFO - [2025-04-21T17:51:04.721-0400] {dag.py:3036} INFO - Sync 1 DAGs
[2025-04-21T17:51:04.730-0400] {logging_mixin.py:188} INFO - [2025-04-21T17:51:04.729-0400] {dag.py:3823} INFO - Setting next_dagrun for example_xcom to 2021-01-01 00:00:00+00:00, run_after=2021-01-01 00:00:00+00:00
[2025-04-21T17:51:04.740-0400] {processor.py:183} INFO - Processing /Users/gaurav/Documents/Breast-Cancer-ML-Pipeline/venv/lib/python3.9/site-packages/airflow/example_dags/example_xcom.py took 0.095 seconds
[2025-04-21T17:51:56.426-0400] {processor.py:161} INFO - Started process (PID=88985) to work on /Users/gaurav/Documents/Breast-Cancer-ML-Pipeline/venv/lib/python3.9/site-packages/airflow/example_dags/example_xcom.py
[2025-04-21T17:51:56.427-0400] {processor.py:830} INFO - Processing file /Users/gaurav/Documents/Breast-Cancer-ML-Pipeline/venv/lib/python3.9/site-packages/airflow/example_dags/example_xcom.py for tasks to queue
[2025-04-21T17:51:56.428-0400] {logging_mixin.py:188} INFO - [2025-04-21T17:51:56.428-0400] {dagbag.py:538} INFO - Filling up the DagBag from /Users/gaurav/Documents/Breast-Cancer-ML-Pipeline/venv/lib/python3.9/site-packages/airflow/example_dags/example_xcom.py
[2025-04-21T17:51:56.454-0400] {processor.py:840} INFO - DAG(s) 'example_xcom' retrieved from /Users/gaurav/Documents/Breast-Cancer-ML-Pipeline/venv/lib/python3.9/site-packages/airflow/example_dags/example_xcom.py
[2025-04-21T17:51:56.511-0400] {logging_mixin.py:188} INFO - [2025-04-21T17:51:56.511-0400] {dag.py:3036} INFO - Sync 1 DAGs
[2025-04-21T17:51:56.521-0400] {logging_mixin.py:188} INFO - [2025-04-21T17:51:56.521-0400] {dag.py:3823} INFO - Setting next_dagrun for example_xcom to 2021-01-01 00:00:00+00:00, run_after=2021-01-01 00:00:00+00:00
[2025-04-21T17:51:56.532-0400] {processor.py:183} INFO - Processing /Users/gaurav/Documents/Breast-Cancer-ML-Pipeline/venv/lib/python3.9/site-packages/airflow/example_dags/example_xcom.py took 0.107 seconds
[2025-04-21T17:52:50.061-0400] {processor.py:161} INFO - Started process (PID=89058) to work on /Users/gaurav/Documents/Breast-Cancer-ML-Pipeline/venv/lib/python3.9/site-packages/airflow/example_dags/example_xcom.py
[2025-04-21T17:52:50.063-0400] {processor.py:830} INFO - Processing file /Users/gaurav/Documents/Breast-Cancer-ML-Pipeline/venv/lib/python3.9/site-packages/airflow/example_dags/example_xcom.py for tasks to queue
[2025-04-21T17:52:50.063-0400] {logging_mixin.py:188} INFO - [2025-04-21T17:52:50.063-0400] {dagbag.py:538} INFO - Filling up the DagBag from /Users/gaurav/Documents/Breast-Cancer-ML-Pipeline/venv/lib/python3.9/site-packages/airflow/example_dags/example_xcom.py
[2025-04-21T17:52:50.085-0400] {processor.py:840} INFO - DAG(s) 'example_xcom' retrieved from /Users/gaurav/Documents/Breast-Cancer-ML-Pipeline/venv/lib/python3.9/site-packages/airflow/example_dags/example_xcom.py
[2025-04-21T17:52:50.140-0400] {logging_mixin.py:188} INFO - [2025-04-21T17:52:50.140-0400] {dag.py:3036} INFO - Sync 1 DAGs
[2025-04-21T17:52:50.149-0400] {logging_mixin.py:188} INFO - [2025-04-21T17:52:50.149-0400] {dag.py:3823} INFO - Setting next_dagrun for example_xcom to 2021-01-01 00:00:00+00:00, run_after=2021-01-01 00:00:00+00:00
[2025-04-21T17:52:50.160-0400] {processor.py:183} INFO - Processing /Users/gaurav/Documents/Breast-Cancer-ML-Pipeline/venv/lib/python3.9/site-packages/airflow/example_dags/example_xcom.py took 0.100 seconds
[2025-04-21T17:53:38.775-0400] {processor.py:161} INFO - Started process (PID=89120) to work on /Users/gaurav/Documents/Breast-Cancer-ML-Pipeline/venv/lib/python3.9/site-packages/airflow/example_dags/example_xcom.py
[2025-04-21T17:53:38.777-0400] {processor.py:830} INFO - Processing file /Users/gaurav/Documents/Breast-Cancer-ML-Pipeline/venv/lib/python3.9/site-packages/airflow/example_dags/example_xcom.py for tasks to queue
[2025-04-21T17:53:38.777-0400] {logging_mixin.py:188} INFO - [2025-04-21T17:53:38.777-0400] {dagbag.py:538} INFO - Filling up the DagBag from /Users/gaurav/Documents/Breast-Cancer-ML-Pipeline/venv/lib/python3.9/site-packages/airflow/example_dags/example_xcom.py
[2025-04-21T17:53:38.800-0400] {processor.py:840} INFO - DAG(s) 'example_xcom' retrieved from /Users/gaurav/Documents/Breast-Cancer-ML-Pipeline/venv/lib/python3.9/site-packages/airflow/example_dags/example_xcom.py
[2025-04-21T17:53:38.849-0400] {logging_mixin.py:188} INFO - [2025-04-21T17:53:38.849-0400] {dag.py:3036} INFO - Sync 1 DAGs
[2025-04-21T17:53:38.858-0400] {logging_mixin.py:188} INFO - [2025-04-21T17:53:38.858-0400] {dag.py:3823} INFO - Setting next_dagrun for example_xcom to 2021-01-01 00:00:00+00:00, run_after=2021-01-01 00:00:00+00:00
[2025-04-21T17:53:38.867-0400] {processor.py:183} INFO - Processing /Users/gaurav/Documents/Breast-Cancer-ML-Pipeline/venv/lib/python3.9/site-packages/airflow/example_dags/example_xcom.py took 0.093 seconds
[2025-04-21T17:54:31.985-0400] {processor.py:161} INFO - Started process (PID=89200) to work on /Users/gaurav/Documents/Breast-Cancer-ML-Pipeline/venv/lib/python3.9/site-packages/airflow/example_dags/example_xcom.py
[2025-04-21T17:54:31.987-0400] {processor.py:830} INFO - Processing file /Users/gaurav/Documents/Breast-Cancer-ML-Pipeline/venv/lib/python3.9/site-packages/airflow/example_dags/example_xcom.py for tasks to queue
[2025-04-21T17:54:31.987-0400] {logging_mixin.py:188} INFO - [2025-04-21T17:54:31.987-0400] {dagbag.py:538} INFO - Filling up the DagBag from /Users/gaurav/Documents/Breast-Cancer-ML-Pipeline/venv/lib/python3.9/site-packages/airflow/example_dags/example_xcom.py
[2025-04-21T17:54:32.008-0400] {processor.py:840} INFO - DAG(s) 'example_xcom' retrieved from /Users/gaurav/Documents/Breast-Cancer-ML-Pipeline/venv/lib/python3.9/site-packages/airflow/example_dags/example_xcom.py
[2025-04-21T17:54:32.058-0400] {logging_mixin.py:188} INFO - [2025-04-21T17:54:32.058-0400] {dag.py:3036} INFO - Sync 1 DAGs
[2025-04-21T17:54:32.067-0400] {logging_mixin.py:188} INFO - [2025-04-21T17:54:32.067-0400] {dag.py:3823} INFO - Setting next_dagrun for example_xcom to 2021-01-01 00:00:00+00:00, run_after=2021-01-01 00:00:00+00:00
[2025-04-21T17:54:32.078-0400] {processor.py:183} INFO - Processing /Users/gaurav/Documents/Breast-Cancer-ML-Pipeline/venv/lib/python3.9/site-packages/airflow/example_dags/example_xcom.py took 0.093 seconds
[2025-04-21T17:55:25.989-0400] {processor.py:161} INFO - Started process (PID=89350) to work on /Users/gaurav/Documents/Breast-Cancer-ML-Pipeline/venv/lib/python3.9/site-packages/airflow/example_dags/example_xcom.py
[2025-04-21T17:55:25.990-0400] {processor.py:830} INFO - Processing file /Users/gaurav/Documents/Breast-Cancer-ML-Pipeline/venv/lib/python3.9/site-packages/airflow/example_dags/example_xcom.py for tasks to queue
[2025-04-21T17:55:25.990-0400] {logging_mixin.py:188} INFO - [2025-04-21T17:55:25.990-0400] {dagbag.py:538} INFO - Filling up the DagBag from /Users/gaurav/Documents/Breast-Cancer-ML-Pipeline/venv/lib/python3.9/site-packages/airflow/example_dags/example_xcom.py
[2025-04-21T17:55:26.013-0400] {processor.py:840} INFO - DAG(s) 'example_xcom' retrieved from /Users/gaurav/Documents/Breast-Cancer-ML-Pipeline/venv/lib/python3.9/site-packages/airflow/example_dags/example_xcom.py
[2025-04-21T17:55:26.064-0400] {logging_mixin.py:188} INFO - [2025-04-21T17:55:26.064-0400] {dag.py:3036} INFO - Sync 1 DAGs
[2025-04-21T17:55:26.072-0400] {logging_mixin.py:188} INFO - [2025-04-21T17:55:26.072-0400] {dag.py:3823} INFO - Setting next_dagrun for example_xcom to 2021-01-01 00:00:00+00:00, run_after=2021-01-01 00:00:00+00:00
[2025-04-21T17:55:26.082-0400] {processor.py:183} INFO - Processing /Users/gaurav/Documents/Breast-Cancer-ML-Pipeline/venv/lib/python3.9/site-packages/airflow/example_dags/example_xcom.py took 0.094 seconds
