[2025-04-21T16:38:53.408-0400] {processor.py:161} INFO - Started process (PID=83530) to work on /Users/gaurav/Documents/Breast-Cancer-ML-Pipeline/venv/lib/python3.9/site-packages/airflow/example_dags/example_sla_dag.py
[2025-04-21T16:38:53.410-0400] {processor.py:830} INFO - Processing file /Users/gaurav/Documents/Breast-Cancer-ML-Pipeline/venv/lib/python3.9/site-packages/airflow/example_dags/example_sla_dag.py for tasks to queue
[2025-04-21T16:38:53.410-0400] {logging_mixin.py:188} INFO - [2025-04-21T16:38:53.410-0400] {dagbag.py:538} INFO - Filling up the DagBag from /Users/gaurav/Documents/Breast-Cancer-ML-Pipeline/venv/lib/python3.9/site-packages/airflow/example_dags/example_sla_dag.py
[2025-04-21T16:38:53.442-0400] {processor.py:840} INFO - DAG(s) 'example_sla_dag' retrieved from /Users/gaurav/Documents/Breast-Cancer-ML-Pipeline/venv/lib/python3.9/site-packages/airflow/example_dags/example_sla_dag.py
[2025-04-21T16:38:53.572-0400] {logging_mixin.py:188} INFO - [2025-04-21T16:38:53.572-0400] {override.py:1769} INFO - Created Permission View: can edit on DAG:example_sla_dag
[2025-04-21T16:38:53.577-0400] {logging_mixin.py:188} INFO - [2025-04-21T16:38:53.577-0400] {override.py:1769} INFO - Created Permission View: can delete on DAG:example_sla_dag
[2025-04-21T16:38:53.581-0400] {logging_mixin.py:188} INFO - [2025-04-21T16:38:53.581-0400] {override.py:1769} INFO - Created Permission View: can read on DAG:example_sla_dag
[2025-04-21T16:38:53.582-0400] {logging_mixin.py:188} INFO - [2025-04-21T16:38:53.581-0400] {dag.py:3036} INFO - Sync 1 DAGs
[2025-04-21T16:38:53.588-0400] {logging_mixin.py:188} INFO - [2025-04-21T16:38:53.588-0400] {dag.py:3058} INFO - Creating ORM DAG for example_sla_dag
[2025-04-21T16:38:53.596-0400] {logging_mixin.py:188} INFO - [2025-04-21T16:38:53.596-0400] {dag.py:3823} INFO - Setting next_dagrun for example_sla_dag to 2025-04-21 20:36:00+00:00, run_after=2025-04-21 20:38:00+00:00
[2025-04-21T16:38:53.606-0400] {processor.py:183} INFO - Processing /Users/gaurav/Documents/Breast-Cancer-ML-Pipeline/venv/lib/python3.9/site-packages/airflow/example_dags/example_sla_dag.py took 0.199 seconds
[2025-04-21T16:40:47.780-0400] {processor.py:161} INFO - Started process (PID=83637) to work on /Users/gaurav/Documents/Breast-Cancer-ML-Pipeline/venv/lib/python3.9/site-packages/airflow/example_dags/example_sla_dag.py
[2025-04-21T16:40:47.781-0400] {processor.py:830} INFO - Processing file /Users/gaurav/Documents/Breast-Cancer-ML-Pipeline/venv/lib/python3.9/site-packages/airflow/example_dags/example_sla_dag.py for tasks to queue
[2025-04-21T16:40:47.782-0400] {logging_mixin.py:188} INFO - [2025-04-21T16:40:47.782-0400] {dagbag.py:538} INFO - Filling up the DagBag from /Users/gaurav/Documents/Breast-Cancer-ML-Pipeline/venv/lib/python3.9/site-packages/airflow/example_dags/example_sla_dag.py
[2025-04-21T16:40:47.810-0400] {processor.py:840} INFO - DAG(s) 'example_sla_dag' retrieved from /Users/gaurav/Documents/Breast-Cancer-ML-Pipeline/venv/lib/python3.9/site-packages/airflow/example_dags/example_sla_dag.py
[2025-04-21T16:40:47.873-0400] {logging_mixin.py:188} INFO - [2025-04-21T16:40:47.873-0400] {dag.py:3036} INFO - Sync 1 DAGs
[2025-04-21T16:40:47.886-0400] {logging_mixin.py:188} INFO - [2025-04-21T16:40:47.886-0400] {dag.py:3823} INFO - Setting next_dagrun for example_sla_dag to 2025-04-21 20:38:00+00:00, run_after=2025-04-21 20:40:00+00:00
[2025-04-21T16:40:47.901-0400] {processor.py:183} INFO - Processing /Users/gaurav/Documents/Breast-Cancer-ML-Pipeline/venv/lib/python3.9/site-packages/airflow/example_dags/example_sla_dag.py took 0.122 seconds
[2025-04-21T16:42:09.083-0400] {processor.py:161} INFO - Started process (PID=83701) to work on /Users/gaurav/Documents/Breast-Cancer-ML-Pipeline/venv/lib/python3.9/site-packages/airflow/example_dags/example_sla_dag.py
[2025-04-21T16:42:09.085-0400] {processor.py:830} INFO - Processing file /Users/gaurav/Documents/Breast-Cancer-ML-Pipeline/venv/lib/python3.9/site-packages/airflow/example_dags/example_sla_dag.py for tasks to queue
[2025-04-21T16:42:09.086-0400] {logging_mixin.py:188} INFO - [2025-04-21T16:42:09.085-0400] {dagbag.py:538} INFO - Filling up the DagBag from /Users/gaurav/Documents/Breast-Cancer-ML-Pipeline/venv/lib/python3.9/site-packages/airflow/example_dags/example_sla_dag.py
[2025-04-21T16:42:09.114-0400] {processor.py:840} INFO - DAG(s) 'example_sla_dag' retrieved from /Users/gaurav/Documents/Breast-Cancer-ML-Pipeline/venv/lib/python3.9/site-packages/airflow/example_dags/example_sla_dag.py
[2025-04-21T16:42:09.175-0400] {logging_mixin.py:188} INFO - [2025-04-21T16:42:09.175-0400] {dag.py:3036} INFO - Sync 1 DAGs
[2025-04-21T16:42:09.188-0400] {logging_mixin.py:188} INFO - [2025-04-21T16:42:09.188-0400] {dag.py:3823} INFO - Setting next_dagrun for example_sla_dag to 2025-04-21 20:40:00+00:00, run_after=2025-04-21 20:42:00+00:00
[2025-04-21T16:42:09.201-0400] {processor.py:183} INFO - Processing /Users/gaurav/Documents/Breast-Cancer-ML-Pipeline/venv/lib/python3.9/site-packages/airflow/example_dags/example_sla_dag.py took 0.118 seconds
[2025-04-21T16:43:29.814-0400] {processor.py:161} INFO - Started process (PID=83766) to work on /Users/gaurav/Documents/Breast-Cancer-ML-Pipeline/venv/lib/python3.9/site-packages/airflow/example_dags/example_sla_dag.py
[2025-04-21T16:43:29.815-0400] {processor.py:830} INFO - Processing file /Users/gaurav/Documents/Breast-Cancer-ML-Pipeline/venv/lib/python3.9/site-packages/airflow/example_dags/example_sla_dag.py for tasks to queue
[2025-04-21T16:43:29.816-0400] {logging_mixin.py:188} INFO - [2025-04-21T16:43:29.815-0400] {dagbag.py:538} INFO - Filling up the DagBag from /Users/gaurav/Documents/Breast-Cancer-ML-Pipeline/venv/lib/python3.9/site-packages/airflow/example_dags/example_sla_dag.py
[2025-04-21T16:43:29.845-0400] {processor.py:840} INFO - DAG(s) 'example_sla_dag' retrieved from /Users/gaurav/Documents/Breast-Cancer-ML-Pipeline/venv/lib/python3.9/site-packages/airflow/example_dags/example_sla_dag.py
[2025-04-21T16:43:29.910-0400] {logging_mixin.py:188} INFO - [2025-04-21T16:43:29.910-0400] {dag.py:3036} INFO - Sync 1 DAGs
[2025-04-21T16:43:29.924-0400] {logging_mixin.py:188} INFO - [2025-04-21T16:43:29.924-0400] {dag.py:3823} INFO - Setting next_dagrun for example_sla_dag to 2025-04-21 20:40:00+00:00, run_after=2025-04-21 20:42:00+00:00
[2025-04-21T16:43:29.937-0400] {processor.py:183} INFO - Processing /Users/gaurav/Documents/Breast-Cancer-ML-Pipeline/venv/lib/python3.9/site-packages/airflow/example_dags/example_sla_dag.py took 0.124 seconds
[2025-04-21T16:44:53.694-0400] {processor.py:161} INFO - Started process (PID=83850) to work on /Users/gaurav/Documents/Breast-Cancer-ML-Pipeline/venv/lib/python3.9/site-packages/airflow/example_dags/example_sla_dag.py
[2025-04-21T16:44:53.695-0400] {processor.py:830} INFO - Processing file /Users/gaurav/Documents/Breast-Cancer-ML-Pipeline/venv/lib/python3.9/site-packages/airflow/example_dags/example_sla_dag.py for tasks to queue
[2025-04-21T16:44:53.696-0400] {logging_mixin.py:188} INFO - [2025-04-21T16:44:53.695-0400] {dagbag.py:538} INFO - Filling up the DagBag from /Users/gaurav/Documents/Breast-Cancer-ML-Pipeline/venv/lib/python3.9/site-packages/airflow/example_dags/example_sla_dag.py
[2025-04-21T16:44:53.725-0400] {processor.py:840} INFO - DAG(s) 'example_sla_dag' retrieved from /Users/gaurav/Documents/Breast-Cancer-ML-Pipeline/venv/lib/python3.9/site-packages/airflow/example_dags/example_sla_dag.py
[2025-04-21T16:44:53.787-0400] {logging_mixin.py:188} INFO - [2025-04-21T16:44:53.786-0400] {dag.py:3036} INFO - Sync 1 DAGs
[2025-04-21T16:44:53.800-0400] {logging_mixin.py:188} INFO - [2025-04-21T16:44:53.800-0400] {dag.py:3823} INFO - Setting next_dagrun for example_sla_dag to 2025-04-21 20:42:00+00:00, run_after=2025-04-21 20:44:00+00:00
[2025-04-21T16:44:53.817-0400] {processor.py:183} INFO - Processing /Users/gaurav/Documents/Breast-Cancer-ML-Pipeline/venv/lib/python3.9/site-packages/airflow/example_dags/example_sla_dag.py took 0.125 seconds
[2025-04-21T16:46:51.632-0400] {processor.py:161} INFO - Started process (PID=84007) to work on /Users/gaurav/Documents/Breast-Cancer-ML-Pipeline/venv/lib/python3.9/site-packages/airflow/example_dags/example_sla_dag.py
[2025-04-21T16:46:51.634-0400] {processor.py:830} INFO - Processing file /Users/gaurav/Documents/Breast-Cancer-ML-Pipeline/venv/lib/python3.9/site-packages/airflow/example_dags/example_sla_dag.py for tasks to queue
[2025-04-21T16:46:51.636-0400] {logging_mixin.py:188} INFO - [2025-04-21T16:46:51.635-0400] {dagbag.py:538} INFO - Filling up the DagBag from /Users/gaurav/Documents/Breast-Cancer-ML-Pipeline/venv/lib/python3.9/site-packages/airflow/example_dags/example_sla_dag.py
[2025-04-21T16:46:51.666-0400] {processor.py:840} INFO - DAG(s) 'example_sla_dag' retrieved from /Users/gaurav/Documents/Breast-Cancer-ML-Pipeline/venv/lib/python3.9/site-packages/airflow/example_dags/example_sla_dag.py
[2025-04-21T16:46:51.731-0400] {logging_mixin.py:188} INFO - [2025-04-21T16:46:51.731-0400] {dag.py:3036} INFO - Sync 1 DAGs
[2025-04-21T16:46:51.746-0400] {logging_mixin.py:188} INFO - [2025-04-21T16:46:51.745-0400] {dag.py:3823} INFO - Setting next_dagrun for example_sla_dag to 2025-04-21 20:44:00+00:00, run_after=2025-04-21 20:46:00+00:00
[2025-04-21T16:46:51.761-0400] {processor.py:183} INFO - Processing /Users/gaurav/Documents/Breast-Cancer-ML-Pipeline/venv/lib/python3.9/site-packages/airflow/example_dags/example_sla_dag.py took 0.130 seconds
[2025-04-21T16:47:53.435-0400] {processor.py:161} INFO - Started process (PID=84073) to work on /Users/gaurav/Documents/Breast-Cancer-ML-Pipeline/venv/lib/python3.9/site-packages/airflow/example_dags/example_sla_dag.py
[2025-04-21T16:47:53.437-0400] {processor.py:830} INFO - Processing file /Users/gaurav/Documents/Breast-Cancer-ML-Pipeline/venv/lib/python3.9/site-packages/airflow/example_dags/example_sla_dag.py for tasks to queue
[2025-04-21T16:47:53.437-0400] {logging_mixin.py:188} INFO - [2025-04-21T16:47:53.437-0400] {dagbag.py:538} INFO - Filling up the DagBag from /Users/gaurav/Documents/Breast-Cancer-ML-Pipeline/venv/lib/python3.9/site-packages/airflow/example_dags/example_sla_dag.py
[2025-04-21T16:47:53.464-0400] {processor.py:840} INFO - DAG(s) 'example_sla_dag' retrieved from /Users/gaurav/Documents/Breast-Cancer-ML-Pipeline/venv/lib/python3.9/site-packages/airflow/example_dags/example_sla_dag.py
[2025-04-21T16:47:53.530-0400] {logging_mixin.py:188} INFO - [2025-04-21T16:47:53.530-0400] {dag.py:3036} INFO - Sync 1 DAGs
[2025-04-21T16:47:53.544-0400] {logging_mixin.py:188} INFO - [2025-04-21T16:47:53.544-0400] {dag.py:3823} INFO - Setting next_dagrun for example_sla_dag to 2025-04-21 20:44:00+00:00, run_after=2025-04-21 20:46:00+00:00
[2025-04-21T16:47:53.557-0400] {processor.py:183} INFO - Processing /Users/gaurav/Documents/Breast-Cancer-ML-Pipeline/venv/lib/python3.9/site-packages/airflow/example_dags/example_sla_dag.py took 0.123 seconds
[2025-04-21T16:49:04.954-0400] {processor.py:161} INFO - Started process (PID=84152) to work on /Users/gaurav/Documents/Breast-Cancer-ML-Pipeline/venv/lib/python3.9/site-packages/airflow/example_dags/example_sla_dag.py
[2025-04-21T16:49:04.956-0400] {processor.py:830} INFO - Processing file /Users/gaurav/Documents/Breast-Cancer-ML-Pipeline/venv/lib/python3.9/site-packages/airflow/example_dags/example_sla_dag.py for tasks to queue
[2025-04-21T16:49:04.956-0400] {logging_mixin.py:188} INFO - [2025-04-21T16:49:04.956-0400] {dagbag.py:538} INFO - Filling up the DagBag from /Users/gaurav/Documents/Breast-Cancer-ML-Pipeline/venv/lib/python3.9/site-packages/airflow/example_dags/example_sla_dag.py
[2025-04-21T16:49:04.983-0400] {processor.py:840} INFO - DAG(s) 'example_sla_dag' retrieved from /Users/gaurav/Documents/Breast-Cancer-ML-Pipeline/venv/lib/python3.9/site-packages/airflow/example_dags/example_sla_dag.py
[2025-04-21T16:49:05.045-0400] {logging_mixin.py:188} INFO - [2025-04-21T16:49:05.044-0400] {dag.py:3036} INFO - Sync 1 DAGs
[2025-04-21T16:49:05.058-0400] {logging_mixin.py:188} INFO - [2025-04-21T16:49:05.058-0400] {dag.py:3823} INFO - Setting next_dagrun for example_sla_dag to 2025-04-21 20:46:00+00:00, run_after=2025-04-21 20:48:00+00:00
[2025-04-21T16:49:05.070-0400] {processor.py:183} INFO - Processing /Users/gaurav/Documents/Breast-Cancer-ML-Pipeline/venv/lib/python3.9/site-packages/airflow/example_dags/example_sla_dag.py took 0.117 seconds
[2025-04-21T16:50:17.089-0400] {processor.py:161} INFO - Started process (PID=84239) to work on /Users/gaurav/Documents/Breast-Cancer-ML-Pipeline/venv/lib/python3.9/site-packages/airflow/example_dags/example_sla_dag.py
[2025-04-21T16:50:17.091-0400] {processor.py:830} INFO - Processing file /Users/gaurav/Documents/Breast-Cancer-ML-Pipeline/venv/lib/python3.9/site-packages/airflow/example_dags/example_sla_dag.py for tasks to queue
[2025-04-21T16:50:17.091-0400] {logging_mixin.py:188} INFO - [2025-04-21T16:50:17.091-0400] {dagbag.py:538} INFO - Filling up the DagBag from /Users/gaurav/Documents/Breast-Cancer-ML-Pipeline/venv/lib/python3.9/site-packages/airflow/example_dags/example_sla_dag.py
[2025-04-21T16:50:17.121-0400] {processor.py:840} INFO - DAG(s) 'example_sla_dag' retrieved from /Users/gaurav/Documents/Breast-Cancer-ML-Pipeline/venv/lib/python3.9/site-packages/airflow/example_dags/example_sla_dag.py
[2025-04-21T16:50:17.185-0400] {logging_mixin.py:188} INFO - [2025-04-21T16:50:17.185-0400] {dag.py:3036} INFO - Sync 1 DAGs
[2025-04-21T16:50:17.199-0400] {logging_mixin.py:188} INFO - [2025-04-21T16:50:17.199-0400] {dag.py:3823} INFO - Setting next_dagrun for example_sla_dag to 2025-04-21 20:48:00+00:00, run_after=2025-04-21 20:50:00+00:00
[2025-04-21T16:50:17.212-0400] {processor.py:183} INFO - Processing /Users/gaurav/Documents/Breast-Cancer-ML-Pipeline/venv/lib/python3.9/site-packages/airflow/example_dags/example_sla_dag.py took 0.124 seconds
[2025-04-21T16:51:37.704-0400] {processor.py:161} INFO - Started process (PID=84329) to work on /Users/gaurav/Documents/Breast-Cancer-ML-Pipeline/venv/lib/python3.9/site-packages/airflow/example_dags/example_sla_dag.py
[2025-04-21T16:51:37.706-0400] {processor.py:830} INFO - Processing file /Users/gaurav/Documents/Breast-Cancer-ML-Pipeline/venv/lib/python3.9/site-packages/airflow/example_dags/example_sla_dag.py for tasks to queue
[2025-04-21T16:51:37.706-0400] {logging_mixin.py:188} INFO - [2025-04-21T16:51:37.706-0400] {dagbag.py:538} INFO - Filling up the DagBag from /Users/gaurav/Documents/Breast-Cancer-ML-Pipeline/venv/lib/python3.9/site-packages/airflow/example_dags/example_sla_dag.py
[2025-04-21T16:51:37.735-0400] {processor.py:840} INFO - DAG(s) 'example_sla_dag' retrieved from /Users/gaurav/Documents/Breast-Cancer-ML-Pipeline/venv/lib/python3.9/site-packages/airflow/example_dags/example_sla_dag.py
[2025-04-21T16:51:37.801-0400] {logging_mixin.py:188} INFO - [2025-04-21T16:51:37.801-0400] {dag.py:3036} INFO - Sync 1 DAGs
[2025-04-21T16:51:37.817-0400] {logging_mixin.py:188} INFO - [2025-04-21T16:51:37.817-0400] {dag.py:3823} INFO - Setting next_dagrun for example_sla_dag to 2025-04-21 20:48:00+00:00, run_after=2025-04-21 20:50:00+00:00
[2025-04-21T16:51:37.831-0400] {processor.py:183} INFO - Processing /Users/gaurav/Documents/Breast-Cancer-ML-Pipeline/venv/lib/python3.9/site-packages/airflow/example_dags/example_sla_dag.py took 0.128 seconds
[2025-04-21T16:52:59.596-0400] {processor.py:161} INFO - Started process (PID=84429) to work on /Users/gaurav/Documents/Breast-Cancer-ML-Pipeline/venv/lib/python3.9/site-packages/airflow/example_dags/example_sla_dag.py
[2025-04-21T16:52:59.597-0400] {processor.py:830} INFO - Processing file /Users/gaurav/Documents/Breast-Cancer-ML-Pipeline/venv/lib/python3.9/site-packages/airflow/example_dags/example_sla_dag.py for tasks to queue
[2025-04-21T16:52:59.598-0400] {logging_mixin.py:188} INFO - [2025-04-21T16:52:59.598-0400] {dagbag.py:538} INFO - Filling up the DagBag from /Users/gaurav/Documents/Breast-Cancer-ML-Pipeline/venv/lib/python3.9/site-packages/airflow/example_dags/example_sla_dag.py
[2025-04-21T16:52:59.628-0400] {processor.py:840} INFO - DAG(s) 'example_sla_dag' retrieved from /Users/gaurav/Documents/Breast-Cancer-ML-Pipeline/venv/lib/python3.9/site-packages/airflow/example_dags/example_sla_dag.py
[2025-04-21T16:52:59.703-0400] {logging_mixin.py:188} INFO - [2025-04-21T16:52:59.703-0400] {dag.py:3036} INFO - Sync 1 DAGs
[2025-04-21T16:52:59.719-0400] {logging_mixin.py:188} INFO - [2025-04-21T16:52:59.718-0400] {dag.py:3823} INFO - Setting next_dagrun for example_sla_dag to 2025-04-21 20:50:00+00:00, run_after=2025-04-21 20:52:00+00:00
[2025-04-21T16:52:59.734-0400] {processor.py:183} INFO - Processing /Users/gaurav/Documents/Breast-Cancer-ML-Pipeline/venv/lib/python3.9/site-packages/airflow/example_dags/example_sla_dag.py took 0.139 seconds
[2025-04-21T16:54:17.950-0400] {processor.py:161} INFO - Started process (PID=84531) to work on /Users/gaurav/Documents/Breast-Cancer-ML-Pipeline/venv/lib/python3.9/site-packages/airflow/example_dags/example_sla_dag.py
[2025-04-21T16:54:17.951-0400] {processor.py:830} INFO - Processing file /Users/gaurav/Documents/Breast-Cancer-ML-Pipeline/venv/lib/python3.9/site-packages/airflow/example_dags/example_sla_dag.py for tasks to queue
[2025-04-21T16:54:17.952-0400] {logging_mixin.py:188} INFO - [2025-04-21T16:54:17.952-0400] {dagbag.py:538} INFO - Filling up the DagBag from /Users/gaurav/Documents/Breast-Cancer-ML-Pipeline/venv/lib/python3.9/site-packages/airflow/example_dags/example_sla_dag.py
[2025-04-21T16:54:17.979-0400] {processor.py:840} INFO - DAG(s) 'example_sla_dag' retrieved from /Users/gaurav/Documents/Breast-Cancer-ML-Pipeline/venv/lib/python3.9/site-packages/airflow/example_dags/example_sla_dag.py
[2025-04-21T16:54:18.041-0400] {logging_mixin.py:188} INFO - [2025-04-21T16:54:18.040-0400] {dag.py:3036} INFO - Sync 1 DAGs
[2025-04-21T16:54:18.054-0400] {logging_mixin.py:188} INFO - [2025-04-21T16:54:18.054-0400] {dag.py:3823} INFO - Setting next_dagrun for example_sla_dag to 2025-04-21 20:52:00+00:00, run_after=2025-04-21 20:54:00+00:00
[2025-04-21T16:54:18.067-0400] {processor.py:183} INFO - Processing /Users/gaurav/Documents/Breast-Cancer-ML-Pipeline/venv/lib/python3.9/site-packages/airflow/example_dags/example_sla_dag.py took 0.118 seconds
[2025-04-21T16:56:21.413-0400] {processor.py:161} INFO - Started process (PID=84682) to work on /Users/gaurav/Documents/Breast-Cancer-ML-Pipeline/venv/lib/python3.9/site-packages/airflow/example_dags/example_sla_dag.py
[2025-04-21T16:56:21.415-0400] {processor.py:830} INFO - Processing file /Users/gaurav/Documents/Breast-Cancer-ML-Pipeline/venv/lib/python3.9/site-packages/airflow/example_dags/example_sla_dag.py for tasks to queue
[2025-04-21T16:56:21.416-0400] {logging_mixin.py:188} INFO - [2025-04-21T16:56:21.416-0400] {dagbag.py:538} INFO - Filling up the DagBag from /Users/gaurav/Documents/Breast-Cancer-ML-Pipeline/venv/lib/python3.9/site-packages/airflow/example_dags/example_sla_dag.py
[2025-04-21T16:56:21.448-0400] {processor.py:840} INFO - DAG(s) 'example_sla_dag' retrieved from /Users/gaurav/Documents/Breast-Cancer-ML-Pipeline/venv/lib/python3.9/site-packages/airflow/example_dags/example_sla_dag.py
[2025-04-21T16:56:21.589-0400] {logging_mixin.py:188} INFO - [2025-04-21T16:56:21.589-0400] {dag.py:3036} INFO - Sync 1 DAGs
[2025-04-21T16:56:21.602-0400] {logging_mixin.py:188} INFO - [2025-04-21T16:56:21.602-0400] {dag.py:3823} INFO - Setting next_dagrun for example_sla_dag to 2025-04-21 20:54:00+00:00, run_after=2025-04-21 20:56:00+00:00
[2025-04-21T16:56:21.615-0400] {processor.py:183} INFO - Processing /Users/gaurav/Documents/Breast-Cancer-ML-Pipeline/venv/lib/python3.9/site-packages/airflow/example_dags/example_sla_dag.py took 0.203 seconds
[2025-04-21T16:57:33.992-0400] {processor.py:161} INFO - Started process (PID=84781) to work on /Users/gaurav/Documents/Breast-Cancer-ML-Pipeline/venv/lib/python3.9/site-packages/airflow/example_dags/example_sla_dag.py
[2025-04-21T16:57:33.994-0400] {processor.py:830} INFO - Processing file /Users/gaurav/Documents/Breast-Cancer-ML-Pipeline/venv/lib/python3.9/site-packages/airflow/example_dags/example_sla_dag.py for tasks to queue
[2025-04-21T16:57:33.995-0400] {logging_mixin.py:188} INFO - [2025-04-21T16:57:33.995-0400] {dagbag.py:538} INFO - Filling up the DagBag from /Users/gaurav/Documents/Breast-Cancer-ML-Pipeline/venv/lib/python3.9/site-packages/airflow/example_dags/example_sla_dag.py
[2025-04-21T16:57:34.024-0400] {processor.py:840} INFO - DAG(s) 'example_sla_dag' retrieved from /Users/gaurav/Documents/Breast-Cancer-ML-Pipeline/venv/lib/python3.9/site-packages/airflow/example_dags/example_sla_dag.py
[2025-04-21T16:57:34.086-0400] {logging_mixin.py:188} INFO - [2025-04-21T16:57:34.086-0400] {dag.py:3036} INFO - Sync 1 DAGs
[2025-04-21T16:57:34.099-0400] {logging_mixin.py:188} INFO - [2025-04-21T16:57:34.099-0400] {dag.py:3823} INFO - Setting next_dagrun for example_sla_dag to 2025-04-21 20:54:00+00:00, run_after=2025-04-21 20:56:00+00:00
[2025-04-21T16:57:34.112-0400] {processor.py:183} INFO - Processing /Users/gaurav/Documents/Breast-Cancer-ML-Pipeline/venv/lib/python3.9/site-packages/airflow/example_dags/example_sla_dag.py took 0.121 seconds
[2025-04-21T16:58:54.167-0400] {processor.py:161} INFO - Started process (PID=84877) to work on /Users/gaurav/Documents/Breast-Cancer-ML-Pipeline/venv/lib/python3.9/site-packages/airflow/example_dags/example_sla_dag.py
[2025-04-21T16:58:54.169-0400] {processor.py:830} INFO - Processing file /Users/gaurav/Documents/Breast-Cancer-ML-Pipeline/venv/lib/python3.9/site-packages/airflow/example_dags/example_sla_dag.py for tasks to queue
[2025-04-21T16:58:54.169-0400] {logging_mixin.py:188} INFO - [2025-04-21T16:58:54.169-0400] {dagbag.py:538} INFO - Filling up the DagBag from /Users/gaurav/Documents/Breast-Cancer-ML-Pipeline/venv/lib/python3.9/site-packages/airflow/example_dags/example_sla_dag.py
[2025-04-21T16:58:54.197-0400] {processor.py:840} INFO - DAG(s) 'example_sla_dag' retrieved from /Users/gaurav/Documents/Breast-Cancer-ML-Pipeline/venv/lib/python3.9/site-packages/airflow/example_dags/example_sla_dag.py
[2025-04-21T16:58:54.454-0400] {logging_mixin.py:188} INFO - [2025-04-21T16:58:54.453-0400] {dag.py:3036} INFO - Sync 1 DAGs
[2025-04-21T16:58:54.491-0400] {logging_mixin.py:188} INFO - [2025-04-21T16:58:54.490-0400] {dag.py:3823} INFO - Setting next_dagrun for example_sla_dag to 2025-04-21 20:56:00+00:00, run_after=2025-04-21 20:58:00+00:00
[2025-04-21T16:58:54.511-0400] {processor.py:183} INFO - Processing /Users/gaurav/Documents/Breast-Cancer-ML-Pipeline/venv/lib/python3.9/site-packages/airflow/example_dags/example_sla_dag.py took 0.345 seconds
[2025-04-21T17:00:11.821-0400] {processor.py:161} INFO - Started process (PID=84969) to work on /Users/gaurav/Documents/Breast-Cancer-ML-Pipeline/venv/lib/python3.9/site-packages/airflow/example_dags/example_sla_dag.py
[2025-04-21T17:00:11.823-0400] {processor.py:830} INFO - Processing file /Users/gaurav/Documents/Breast-Cancer-ML-Pipeline/venv/lib/python3.9/site-packages/airflow/example_dags/example_sla_dag.py for tasks to queue
[2025-04-21T17:00:11.823-0400] {logging_mixin.py:188} INFO - [2025-04-21T17:00:11.823-0400] {dagbag.py:538} INFO - Filling up the DagBag from /Users/gaurav/Documents/Breast-Cancer-ML-Pipeline/venv/lib/python3.9/site-packages/airflow/example_dags/example_sla_dag.py
[2025-04-21T17:00:11.850-0400] {processor.py:840} INFO - DAG(s) 'example_sla_dag' retrieved from /Users/gaurav/Documents/Breast-Cancer-ML-Pipeline/venv/lib/python3.9/site-packages/airflow/example_dags/example_sla_dag.py
[2025-04-21T17:00:11.912-0400] {logging_mixin.py:188} INFO - [2025-04-21T17:00:11.912-0400] {dag.py:3036} INFO - Sync 1 DAGs
[2025-04-21T17:00:11.925-0400] {logging_mixin.py:188} INFO - [2025-04-21T17:00:11.925-0400] {dag.py:3823} INFO - Setting next_dagrun for example_sla_dag to 2025-04-21 20:58:00+00:00, run_after=2025-04-21 21:00:00+00:00
[2025-04-21T17:00:11.937-0400] {processor.py:183} INFO - Processing /Users/gaurav/Documents/Breast-Cancer-ML-Pipeline/venv/lib/python3.9/site-packages/airflow/example_dags/example_sla_dag.py took 0.117 seconds
[2025-04-21T17:01:24.714-0400] {processor.py:161} INFO - Started process (PID=85063) to work on /Users/gaurav/Documents/Breast-Cancer-ML-Pipeline/venv/lib/python3.9/site-packages/airflow/example_dags/example_sla_dag.py
[2025-04-21T17:01:24.716-0400] {processor.py:830} INFO - Processing file /Users/gaurav/Documents/Breast-Cancer-ML-Pipeline/venv/lib/python3.9/site-packages/airflow/example_dags/example_sla_dag.py for tasks to queue
[2025-04-21T17:01:24.717-0400] {logging_mixin.py:188} INFO - [2025-04-21T17:01:24.717-0400] {dagbag.py:538} INFO - Filling up the DagBag from /Users/gaurav/Documents/Breast-Cancer-ML-Pipeline/venv/lib/python3.9/site-packages/airflow/example_dags/example_sla_dag.py
[2025-04-21T17:01:24.743-0400] {processor.py:840} INFO - DAG(s) 'example_sla_dag' retrieved from /Users/gaurav/Documents/Breast-Cancer-ML-Pipeline/venv/lib/python3.9/site-packages/airflow/example_dags/example_sla_dag.py
[2025-04-21T17:01:24.805-0400] {logging_mixin.py:188} INFO - [2025-04-21T17:01:24.805-0400] {dag.py:3036} INFO - Sync 1 DAGs
[2025-04-21T17:01:24.819-0400] {logging_mixin.py:188} INFO - [2025-04-21T17:01:24.819-0400] {dag.py:3823} INFO - Setting next_dagrun for example_sla_dag to 2025-04-21 20:58:00+00:00, run_after=2025-04-21 21:00:00+00:00
[2025-04-21T17:01:24.831-0400] {processor.py:183} INFO - Processing /Users/gaurav/Documents/Breast-Cancer-ML-Pipeline/venv/lib/python3.9/site-packages/airflow/example_dags/example_sla_dag.py took 0.117 seconds
[2025-04-21T17:02:49.801-0400] {processor.py:161} INFO - Started process (PID=85151) to work on /Users/gaurav/Documents/Breast-Cancer-ML-Pipeline/venv/lib/python3.9/site-packages/airflow/example_dags/example_sla_dag.py
[2025-04-21T17:02:49.803-0400] {processor.py:830} INFO - Processing file /Users/gaurav/Documents/Breast-Cancer-ML-Pipeline/venv/lib/python3.9/site-packages/airflow/example_dags/example_sla_dag.py for tasks to queue
[2025-04-21T17:02:49.804-0400] {logging_mixin.py:188} INFO - [2025-04-21T17:02:49.804-0400] {dagbag.py:538} INFO - Filling up the DagBag from /Users/gaurav/Documents/Breast-Cancer-ML-Pipeline/venv/lib/python3.9/site-packages/airflow/example_dags/example_sla_dag.py
[2025-04-21T17:02:49.833-0400] {processor.py:840} INFO - DAG(s) 'example_sla_dag' retrieved from /Users/gaurav/Documents/Breast-Cancer-ML-Pipeline/venv/lib/python3.9/site-packages/airflow/example_dags/example_sla_dag.py
[2025-04-21T17:02:49.900-0400] {logging_mixin.py:188} INFO - [2025-04-21T17:02:49.900-0400] {dag.py:3036} INFO - Sync 1 DAGs
[2025-04-21T17:02:49.916-0400] {logging_mixin.py:188} INFO - [2025-04-21T17:02:49.916-0400] {dag.py:3823} INFO - Setting next_dagrun for example_sla_dag to 2025-04-21 21:00:00+00:00, run_after=2025-04-21 21:02:00+00:00
[2025-04-21T17:02:49.931-0400] {processor.py:183} INFO - Processing /Users/gaurav/Documents/Breast-Cancer-ML-Pipeline/venv/lib/python3.9/site-packages/airflow/example_dags/example_sla_dag.py took 0.131 seconds
[2025-04-21T17:04:06.732-0400] {processor.py:161} INFO - Started process (PID=85260) to work on /Users/gaurav/Documents/Breast-Cancer-ML-Pipeline/venv/lib/python3.9/site-packages/airflow/example_dags/example_sla_dag.py
[2025-04-21T17:04:06.733-0400] {processor.py:830} INFO - Processing file /Users/gaurav/Documents/Breast-Cancer-ML-Pipeline/venv/lib/python3.9/site-packages/airflow/example_dags/example_sla_dag.py for tasks to queue
[2025-04-21T17:04:06.734-0400] {logging_mixin.py:188} INFO - [2025-04-21T17:04:06.734-0400] {dagbag.py:538} INFO - Filling up the DagBag from /Users/gaurav/Documents/Breast-Cancer-ML-Pipeline/venv/lib/python3.9/site-packages/airflow/example_dags/example_sla_dag.py
[2025-04-21T17:04:06.761-0400] {processor.py:840} INFO - DAG(s) 'example_sla_dag' retrieved from /Users/gaurav/Documents/Breast-Cancer-ML-Pipeline/venv/lib/python3.9/site-packages/airflow/example_dags/example_sla_dag.py
[2025-04-21T17:04:06.822-0400] {logging_mixin.py:188} INFO - [2025-04-21T17:04:06.822-0400] {dag.py:3036} INFO - Sync 1 DAGs
[2025-04-21T17:04:06.836-0400] {logging_mixin.py:188} INFO - [2025-04-21T17:04:06.836-0400] {dag.py:3823} INFO - Setting next_dagrun for example_sla_dag to 2025-04-21 21:02:00+00:00, run_after=2025-04-21 21:04:00+00:00
[2025-04-21T17:04:06.849-0400] {processor.py:183} INFO - Processing /Users/gaurav/Documents/Breast-Cancer-ML-Pipeline/venv/lib/python3.9/site-packages/airflow/example_dags/example_sla_dag.py took 0.118 seconds
[2025-04-21T17:05:17.270-0400] {processor.py:161} INFO - Started process (PID=85336) to work on /Users/gaurav/Documents/Breast-Cancer-ML-Pipeline/venv/lib/python3.9/site-packages/airflow/example_dags/example_sla_dag.py
[2025-04-21T17:05:17.272-0400] {processor.py:830} INFO - Processing file /Users/gaurav/Documents/Breast-Cancer-ML-Pipeline/venv/lib/python3.9/site-packages/airflow/example_dags/example_sla_dag.py for tasks to queue
[2025-04-21T17:05:17.272-0400] {logging_mixin.py:188} INFO - [2025-04-21T17:05:17.272-0400] {dagbag.py:538} INFO - Filling up the DagBag from /Users/gaurav/Documents/Breast-Cancer-ML-Pipeline/venv/lib/python3.9/site-packages/airflow/example_dags/example_sla_dag.py
[2025-04-21T17:05:17.298-0400] {processor.py:840} INFO - DAG(s) 'example_sla_dag' retrieved from /Users/gaurav/Documents/Breast-Cancer-ML-Pipeline/venv/lib/python3.9/site-packages/airflow/example_dags/example_sla_dag.py
[2025-04-21T17:05:17.362-0400] {logging_mixin.py:188} INFO - [2025-04-21T17:05:17.361-0400] {dag.py:3036} INFO - Sync 1 DAGs
[2025-04-21T17:05:17.376-0400] {logging_mixin.py:188} INFO - [2025-04-21T17:05:17.376-0400] {dag.py:3823} INFO - Setting next_dagrun for example_sla_dag to 2025-04-21 21:02:00+00:00, run_after=2025-04-21 21:04:00+00:00
[2025-04-21T17:05:17.389-0400] {processor.py:183} INFO - Processing /Users/gaurav/Documents/Breast-Cancer-ML-Pipeline/venv/lib/python3.9/site-packages/airflow/example_dags/example_sla_dag.py took 0.120 seconds
[2025-04-21T17:06:28.227-0400] {processor.py:161} INFO - Started process (PID=85429) to work on /Users/gaurav/Documents/Breast-Cancer-ML-Pipeline/venv/lib/python3.9/site-packages/airflow/example_dags/example_sla_dag.py
[2025-04-21T17:06:28.229-0400] {processor.py:830} INFO - Processing file /Users/gaurav/Documents/Breast-Cancer-ML-Pipeline/venv/lib/python3.9/site-packages/airflow/example_dags/example_sla_dag.py for tasks to queue
[2025-04-21T17:06:28.230-0400] {logging_mixin.py:188} INFO - [2025-04-21T17:06:28.230-0400] {dagbag.py:538} INFO - Filling up the DagBag from /Users/gaurav/Documents/Breast-Cancer-ML-Pipeline/venv/lib/python3.9/site-packages/airflow/example_dags/example_sla_dag.py
[2025-04-21T17:06:28.257-0400] {processor.py:840} INFO - DAG(s) 'example_sla_dag' retrieved from /Users/gaurav/Documents/Breast-Cancer-ML-Pipeline/venv/lib/python3.9/site-packages/airflow/example_dags/example_sla_dag.py
[2025-04-21T17:06:28.319-0400] {logging_mixin.py:188} INFO - [2025-04-21T17:06:28.319-0400] {dag.py:3036} INFO - Sync 1 DAGs
[2025-04-21T17:06:28.333-0400] {logging_mixin.py:188} INFO - [2025-04-21T17:06:28.333-0400] {dag.py:3823} INFO - Setting next_dagrun for example_sla_dag to 2025-04-21 21:04:00+00:00, run_after=2025-04-21 21:06:00+00:00
[2025-04-21T17:06:28.345-0400] {processor.py:183} INFO - Processing /Users/gaurav/Documents/Breast-Cancer-ML-Pipeline/venv/lib/python3.9/site-packages/airflow/example_dags/example_sla_dag.py took 0.119 seconds
[2025-04-21T17:07:40.124-0400] {processor.py:161} INFO - Started process (PID=85508) to work on /Users/gaurav/Documents/Breast-Cancer-ML-Pipeline/venv/lib/python3.9/site-packages/airflow/example_dags/example_sla_dag.py
[2025-04-21T17:07:40.126-0400] {processor.py:830} INFO - Processing file /Users/gaurav/Documents/Breast-Cancer-ML-Pipeline/venv/lib/python3.9/site-packages/airflow/example_dags/example_sla_dag.py for tasks to queue
[2025-04-21T17:07:40.127-0400] {logging_mixin.py:188} INFO - [2025-04-21T17:07:40.127-0400] {dagbag.py:538} INFO - Filling up the DagBag from /Users/gaurav/Documents/Breast-Cancer-ML-Pipeline/venv/lib/python3.9/site-packages/airflow/example_dags/example_sla_dag.py
[2025-04-21T17:07:40.154-0400] {processor.py:840} INFO - DAG(s) 'example_sla_dag' retrieved from /Users/gaurav/Documents/Breast-Cancer-ML-Pipeline/venv/lib/python3.9/site-packages/airflow/example_dags/example_sla_dag.py
[2025-04-21T17:07:40.223-0400] {logging_mixin.py:188} INFO - [2025-04-21T17:07:40.223-0400] {dag.py:3036} INFO - Sync 1 DAGs
[2025-04-21T17:07:40.239-0400] {logging_mixin.py:188} INFO - [2025-04-21T17:07:40.238-0400] {dag.py:3823} INFO - Setting next_dagrun for example_sla_dag to 2025-04-21 21:04:00+00:00, run_after=2025-04-21 21:06:00+00:00
[2025-04-21T17:07:40.256-0400] {processor.py:183} INFO - Processing /Users/gaurav/Documents/Breast-Cancer-ML-Pipeline/venv/lib/python3.9/site-packages/airflow/example_dags/example_sla_dag.py took 0.133 seconds
[2025-04-21T17:08:55.050-0400] {processor.py:161} INFO - Started process (PID=85589) to work on /Users/gaurav/Documents/Breast-Cancer-ML-Pipeline/venv/lib/python3.9/site-packages/airflow/example_dags/example_sla_dag.py
[2025-04-21T17:08:55.052-0400] {processor.py:830} INFO - Processing file /Users/gaurav/Documents/Breast-Cancer-ML-Pipeline/venv/lib/python3.9/site-packages/airflow/example_dags/example_sla_dag.py for tasks to queue
[2025-04-21T17:08:55.053-0400] {logging_mixin.py:188} INFO - [2025-04-21T17:08:55.053-0400] {dagbag.py:538} INFO - Filling up the DagBag from /Users/gaurav/Documents/Breast-Cancer-ML-Pipeline/venv/lib/python3.9/site-packages/airflow/example_dags/example_sla_dag.py
[2025-04-21T17:08:55.080-0400] {processor.py:840} INFO - DAG(s) 'example_sla_dag' retrieved from /Users/gaurav/Documents/Breast-Cancer-ML-Pipeline/venv/lib/python3.9/site-packages/airflow/example_dags/example_sla_dag.py
[2025-04-21T17:08:55.142-0400] {logging_mixin.py:188} INFO - [2025-04-21T17:08:55.142-0400] {dag.py:3036} INFO - Sync 1 DAGs
[2025-04-21T17:08:55.156-0400] {logging_mixin.py:188} INFO - [2025-04-21T17:08:55.156-0400] {dag.py:3823} INFO - Setting next_dagrun for example_sla_dag to 2025-04-21 21:06:00+00:00, run_after=2025-04-21 21:08:00+00:00
[2025-04-21T17:08:55.169-0400] {processor.py:183} INFO - Processing /Users/gaurav/Documents/Breast-Cancer-ML-Pipeline/venv/lib/python3.9/site-packages/airflow/example_dags/example_sla_dag.py took 0.119 seconds
[2025-04-21T17:10:07.066-0400] {processor.py:161} INFO - Started process (PID=85666) to work on /Users/gaurav/Documents/Breast-Cancer-ML-Pipeline/venv/lib/python3.9/site-packages/airflow/example_dags/example_sla_dag.py
[2025-04-21T17:10:07.067-0400] {processor.py:830} INFO - Processing file /Users/gaurav/Documents/Breast-Cancer-ML-Pipeline/venv/lib/python3.9/site-packages/airflow/example_dags/example_sla_dag.py for tasks to queue
[2025-04-21T17:10:07.068-0400] {logging_mixin.py:188} INFO - [2025-04-21T17:10:07.068-0400] {dagbag.py:538} INFO - Filling up the DagBag from /Users/gaurav/Documents/Breast-Cancer-ML-Pipeline/venv/lib/python3.9/site-packages/airflow/example_dags/example_sla_dag.py
[2025-04-21T17:10:07.094-0400] {processor.py:840} INFO - DAG(s) 'example_sla_dag' retrieved from /Users/gaurav/Documents/Breast-Cancer-ML-Pipeline/venv/lib/python3.9/site-packages/airflow/example_dags/example_sla_dag.py
[2025-04-21T17:10:07.155-0400] {logging_mixin.py:188} INFO - [2025-04-21T17:10:07.155-0400] {dag.py:3036} INFO - Sync 1 DAGs
[2025-04-21T17:10:07.169-0400] {logging_mixin.py:188} INFO - [2025-04-21T17:10:07.169-0400] {dag.py:3823} INFO - Setting next_dagrun for example_sla_dag to 2025-04-21 21:08:00+00:00, run_after=2025-04-21 21:10:00+00:00
[2025-04-21T17:10:07.182-0400] {processor.py:183} INFO - Processing /Users/gaurav/Documents/Breast-Cancer-ML-Pipeline/venv/lib/python3.9/site-packages/airflow/example_dags/example_sla_dag.py took 0.117 seconds
[2025-04-21T17:11:21.826-0400] {processor.py:161} INFO - Started process (PID=85752) to work on /Users/gaurav/Documents/Breast-Cancer-ML-Pipeline/venv/lib/python3.9/site-packages/airflow/example_dags/example_sla_dag.py
[2025-04-21T17:11:21.828-0400] {processor.py:830} INFO - Processing file /Users/gaurav/Documents/Breast-Cancer-ML-Pipeline/venv/lib/python3.9/site-packages/airflow/example_dags/example_sla_dag.py for tasks to queue
[2025-04-21T17:11:21.828-0400] {logging_mixin.py:188} INFO - [2025-04-21T17:11:21.828-0400] {dagbag.py:538} INFO - Filling up the DagBag from /Users/gaurav/Documents/Breast-Cancer-ML-Pipeline/venv/lib/python3.9/site-packages/airflow/example_dags/example_sla_dag.py
[2025-04-21T17:11:21.854-0400] {processor.py:840} INFO - DAG(s) 'example_sla_dag' retrieved from /Users/gaurav/Documents/Breast-Cancer-ML-Pipeline/venv/lib/python3.9/site-packages/airflow/example_dags/example_sla_dag.py
[2025-04-21T17:11:21.916-0400] {logging_mixin.py:188} INFO - [2025-04-21T17:11:21.916-0400] {dag.py:3036} INFO - Sync 1 DAGs
[2025-04-21T17:11:21.935-0400] {logging_mixin.py:188} INFO - [2025-04-21T17:11:21.935-0400] {dag.py:3823} INFO - Setting next_dagrun for example_sla_dag to 2025-04-21 21:08:00+00:00, run_after=2025-04-21 21:10:00+00:00
[2025-04-21T17:11:21.959-0400] {processor.py:183} INFO - Processing /Users/gaurav/Documents/Breast-Cancer-ML-Pipeline/venv/lib/python3.9/site-packages/airflow/example_dags/example_sla_dag.py took 0.133 seconds
[2025-04-21T17:12:35.211-0400] {processor.py:161} INFO - Started process (PID=85842) to work on /Users/gaurav/Documents/Breast-Cancer-ML-Pipeline/venv/lib/python3.9/site-packages/airflow/example_dags/example_sla_dag.py
[2025-04-21T17:12:35.213-0400] {processor.py:830} INFO - Processing file /Users/gaurav/Documents/Breast-Cancer-ML-Pipeline/venv/lib/python3.9/site-packages/airflow/example_dags/example_sla_dag.py for tasks to queue
[2025-04-21T17:12:35.213-0400] {logging_mixin.py:188} INFO - [2025-04-21T17:12:35.213-0400] {dagbag.py:538} INFO - Filling up the DagBag from /Users/gaurav/Documents/Breast-Cancer-ML-Pipeline/venv/lib/python3.9/site-packages/airflow/example_dags/example_sla_dag.py
[2025-04-21T17:12:35.240-0400] {processor.py:840} INFO - DAG(s) 'example_sla_dag' retrieved from /Users/gaurav/Documents/Breast-Cancer-ML-Pipeline/venv/lib/python3.9/site-packages/airflow/example_dags/example_sla_dag.py
[2025-04-21T17:12:35.303-0400] {logging_mixin.py:188} INFO - [2025-04-21T17:12:35.303-0400] {dag.py:3036} INFO - Sync 1 DAGs
[2025-04-21T17:12:35.317-0400] {logging_mixin.py:188} INFO - [2025-04-21T17:12:35.317-0400] {dag.py:3823} INFO - Setting next_dagrun for example_sla_dag to 2025-04-21 21:10:00+00:00, run_after=2025-04-21 21:12:00+00:00
[2025-04-21T17:12:35.330-0400] {processor.py:183} INFO - Processing /Users/gaurav/Documents/Breast-Cancer-ML-Pipeline/venv/lib/python3.9/site-packages/airflow/example_dags/example_sla_dag.py took 0.120 seconds
[2025-04-21T17:13:48.971-0400] {processor.py:161} INFO - Started process (PID=85937) to work on /Users/gaurav/Documents/Breast-Cancer-ML-Pipeline/venv/lib/python3.9/site-packages/airflow/example_dags/example_sla_dag.py
[2025-04-21T17:13:48.973-0400] {processor.py:830} INFO - Processing file /Users/gaurav/Documents/Breast-Cancer-ML-Pipeline/venv/lib/python3.9/site-packages/airflow/example_dags/example_sla_dag.py for tasks to queue
[2025-04-21T17:13:48.973-0400] {logging_mixin.py:188} INFO - [2025-04-21T17:13:48.973-0400] {dagbag.py:538} INFO - Filling up the DagBag from /Users/gaurav/Documents/Breast-Cancer-ML-Pipeline/venv/lib/python3.9/site-packages/airflow/example_dags/example_sla_dag.py
[2025-04-21T17:13:48.999-0400] {processor.py:840} INFO - DAG(s) 'example_sla_dag' retrieved from /Users/gaurav/Documents/Breast-Cancer-ML-Pipeline/venv/lib/python3.9/site-packages/airflow/example_dags/example_sla_dag.py
[2025-04-21T17:13:49.062-0400] {logging_mixin.py:188} INFO - [2025-04-21T17:13:49.062-0400] {dag.py:3036} INFO - Sync 1 DAGs
[2025-04-21T17:13:49.076-0400] {logging_mixin.py:188} INFO - [2025-04-21T17:13:49.076-0400] {dag.py:3823} INFO - Setting next_dagrun for example_sla_dag to 2025-04-21 21:10:00+00:00, run_after=2025-04-21 21:12:00+00:00
[2025-04-21T17:13:49.091-0400] {processor.py:183} INFO - Processing /Users/gaurav/Documents/Breast-Cancer-ML-Pipeline/venv/lib/python3.9/site-packages/airflow/example_dags/example_sla_dag.py took 0.121 seconds
[2025-04-21T17:15:02.383-0400] {processor.py:161} INFO - Started process (PID=86019) to work on /Users/gaurav/Documents/Breast-Cancer-ML-Pipeline/venv/lib/python3.9/site-packages/airflow/example_dags/example_sla_dag.py
[2025-04-21T17:15:02.385-0400] {processor.py:830} INFO - Processing file /Users/gaurav/Documents/Breast-Cancer-ML-Pipeline/venv/lib/python3.9/site-packages/airflow/example_dags/example_sla_dag.py for tasks to queue
[2025-04-21T17:15:02.386-0400] {logging_mixin.py:188} INFO - [2025-04-21T17:15:02.386-0400] {dagbag.py:538} INFO - Filling up the DagBag from /Users/gaurav/Documents/Breast-Cancer-ML-Pipeline/venv/lib/python3.9/site-packages/airflow/example_dags/example_sla_dag.py
[2025-04-21T17:15:02.412-0400] {processor.py:840} INFO - DAG(s) 'example_sla_dag' retrieved from /Users/gaurav/Documents/Breast-Cancer-ML-Pipeline/venv/lib/python3.9/site-packages/airflow/example_dags/example_sla_dag.py
[2025-04-21T17:15:02.475-0400] {logging_mixin.py:188} INFO - [2025-04-21T17:15:02.475-0400] {dag.py:3036} INFO - Sync 1 DAGs
[2025-04-21T17:15:02.489-0400] {logging_mixin.py:188} INFO - [2025-04-21T17:15:02.489-0400] {dag.py:3823} INFO - Setting next_dagrun for example_sla_dag to 2025-04-21 21:12:00+00:00, run_after=2025-04-21 21:14:00+00:00
[2025-04-21T17:15:02.501-0400] {processor.py:183} INFO - Processing /Users/gaurav/Documents/Breast-Cancer-ML-Pipeline/venv/lib/python3.9/site-packages/airflow/example_dags/example_sla_dag.py took 0.119 seconds
[2025-04-21T17:16:15.655-0400] {processor.py:161} INFO - Started process (PID=86107) to work on /Users/gaurav/Documents/Breast-Cancer-ML-Pipeline/venv/lib/python3.9/site-packages/airflow/example_dags/example_sla_dag.py
[2025-04-21T17:16:15.657-0400] {processor.py:830} INFO - Processing file /Users/gaurav/Documents/Breast-Cancer-ML-Pipeline/venv/lib/python3.9/site-packages/airflow/example_dags/example_sla_dag.py for tasks to queue
[2025-04-21T17:16:15.658-0400] {logging_mixin.py:188} INFO - [2025-04-21T17:16:15.658-0400] {dagbag.py:538} INFO - Filling up the DagBag from /Users/gaurav/Documents/Breast-Cancer-ML-Pipeline/venv/lib/python3.9/site-packages/airflow/example_dags/example_sla_dag.py
[2025-04-21T17:16:15.685-0400] {processor.py:840} INFO - DAG(s) 'example_sla_dag' retrieved from /Users/gaurav/Documents/Breast-Cancer-ML-Pipeline/venv/lib/python3.9/site-packages/airflow/example_dags/example_sla_dag.py
[2025-04-21T17:16:15.747-0400] {logging_mixin.py:188} INFO - [2025-04-21T17:16:15.747-0400] {dag.py:3036} INFO - Sync 1 DAGs
[2025-04-21T17:16:15.761-0400] {logging_mixin.py:188} INFO - [2025-04-21T17:16:15.761-0400] {dag.py:3823} INFO - Setting next_dagrun for example_sla_dag to 2025-04-21 21:14:00+00:00, run_after=2025-04-21 21:16:00+00:00
[2025-04-21T17:16:15.773-0400] {processor.py:183} INFO - Processing /Users/gaurav/Documents/Breast-Cancer-ML-Pipeline/venv/lib/python3.9/site-packages/airflow/example_dags/example_sla_dag.py took 0.119 seconds
[2025-04-21T17:17:29.540-0400] {processor.py:161} INFO - Started process (PID=86207) to work on /Users/gaurav/Documents/Breast-Cancer-ML-Pipeline/venv/lib/python3.9/site-packages/airflow/example_dags/example_sla_dag.py
[2025-04-21T17:17:29.541-0400] {processor.py:830} INFO - Processing file /Users/gaurav/Documents/Breast-Cancer-ML-Pipeline/venv/lib/python3.9/site-packages/airflow/example_dags/example_sla_dag.py for tasks to queue
[2025-04-21T17:17:29.542-0400] {logging_mixin.py:188} INFO - [2025-04-21T17:17:29.542-0400] {dagbag.py:538} INFO - Filling up the DagBag from /Users/gaurav/Documents/Breast-Cancer-ML-Pipeline/venv/lib/python3.9/site-packages/airflow/example_dags/example_sla_dag.py
[2025-04-21T17:17:29.569-0400] {processor.py:840} INFO - DAG(s) 'example_sla_dag' retrieved from /Users/gaurav/Documents/Breast-Cancer-ML-Pipeline/venv/lib/python3.9/site-packages/airflow/example_dags/example_sla_dag.py
[2025-04-21T17:17:29.632-0400] {logging_mixin.py:188} INFO - [2025-04-21T17:17:29.632-0400] {dag.py:3036} INFO - Sync 1 DAGs
[2025-04-21T17:17:29.646-0400] {logging_mixin.py:188} INFO - [2025-04-21T17:17:29.646-0400] {dag.py:3823} INFO - Setting next_dagrun for example_sla_dag to 2025-04-21 21:14:00+00:00, run_after=2025-04-21 21:16:00+00:00
[2025-04-21T17:17:29.659-0400] {processor.py:183} INFO - Processing /Users/gaurav/Documents/Breast-Cancer-ML-Pipeline/venv/lib/python3.9/site-packages/airflow/example_dags/example_sla_dag.py took 0.120 seconds
[2025-04-21T17:18:45.308-0400] {processor.py:161} INFO - Started process (PID=86305) to work on /Users/gaurav/Documents/Breast-Cancer-ML-Pipeline/venv/lib/python3.9/site-packages/airflow/example_dags/example_sla_dag.py
[2025-04-21T17:18:45.310-0400] {processor.py:830} INFO - Processing file /Users/gaurav/Documents/Breast-Cancer-ML-Pipeline/venv/lib/python3.9/site-packages/airflow/example_dags/example_sla_dag.py for tasks to queue
[2025-04-21T17:18:45.311-0400] {logging_mixin.py:188} INFO - [2025-04-21T17:18:45.311-0400] {dagbag.py:538} INFO - Filling up the DagBag from /Users/gaurav/Documents/Breast-Cancer-ML-Pipeline/venv/lib/python3.9/site-packages/airflow/example_dags/example_sla_dag.py
[2025-04-21T17:18:45.339-0400] {processor.py:840} INFO - DAG(s) 'example_sla_dag' retrieved from /Users/gaurav/Documents/Breast-Cancer-ML-Pipeline/venv/lib/python3.9/site-packages/airflow/example_dags/example_sla_dag.py
[2025-04-21T17:18:45.406-0400] {logging_mixin.py:188} INFO - [2025-04-21T17:18:45.406-0400] {dag.py:3036} INFO - Sync 1 DAGs
[2025-04-21T17:18:45.421-0400] {logging_mixin.py:188} INFO - [2025-04-21T17:18:45.421-0400] {dag.py:3823} INFO - Setting next_dagrun for example_sla_dag to 2025-04-21 21:16:00+00:00, run_after=2025-04-21 21:18:00+00:00
[2025-04-21T17:18:45.435-0400] {processor.py:183} INFO - Processing /Users/gaurav/Documents/Breast-Cancer-ML-Pipeline/venv/lib/python3.9/site-packages/airflow/example_dags/example_sla_dag.py took 0.127 seconds
[2025-04-21T17:20:00.427-0400] {processor.py:161} INFO - Started process (PID=86398) to work on /Users/gaurav/Documents/Breast-Cancer-ML-Pipeline/venv/lib/python3.9/site-packages/airflow/example_dags/example_sla_dag.py
[2025-04-21T17:20:00.428-0400] {processor.py:830} INFO - Processing file /Users/gaurav/Documents/Breast-Cancer-ML-Pipeline/venv/lib/python3.9/site-packages/airflow/example_dags/example_sla_dag.py for tasks to queue
[2025-04-21T17:20:00.428-0400] {logging_mixin.py:188} INFO - [2025-04-21T17:20:00.428-0400] {dagbag.py:538} INFO - Filling up the DagBag from /Users/gaurav/Documents/Breast-Cancer-ML-Pipeline/venv/lib/python3.9/site-packages/airflow/example_dags/example_sla_dag.py
[2025-04-21T17:20:00.457-0400] {processor.py:840} INFO - DAG(s) 'example_sla_dag' retrieved from /Users/gaurav/Documents/Breast-Cancer-ML-Pipeline/venv/lib/python3.9/site-packages/airflow/example_dags/example_sla_dag.py
[2025-04-21T17:20:00.521-0400] {logging_mixin.py:188} INFO - [2025-04-21T17:20:00.520-0400] {dag.py:3036} INFO - Sync 1 DAGs
[2025-04-21T17:20:00.534-0400] {logging_mixin.py:188} INFO - [2025-04-21T17:20:00.534-0400] {dag.py:3823} INFO - Setting next_dagrun for example_sla_dag to 2025-04-21 21:18:00+00:00, run_after=2025-04-21 21:20:00+00:00
[2025-04-21T17:20:00.547-0400] {processor.py:183} INFO - Processing /Users/gaurav/Documents/Breast-Cancer-ML-Pipeline/venv/lib/python3.9/site-packages/airflow/example_dags/example_sla_dag.py took 0.121 seconds
[2025-04-21T17:21:49.259-0400] {processor.py:161} INFO - Started process (PID=86505) to work on /Users/gaurav/Documents/Breast-Cancer-ML-Pipeline/venv/lib/python3.9/site-packages/airflow/example_dags/example_sla_dag.py
[2025-04-21T17:21:49.260-0400] {processor.py:830} INFO - Processing file /Users/gaurav/Documents/Breast-Cancer-ML-Pipeline/venv/lib/python3.9/site-packages/airflow/example_dags/example_sla_dag.py for tasks to queue
[2025-04-21T17:21:49.261-0400] {logging_mixin.py:188} INFO - [2025-04-21T17:21:49.261-0400] {dagbag.py:538} INFO - Filling up the DagBag from /Users/gaurav/Documents/Breast-Cancer-ML-Pipeline/venv/lib/python3.9/site-packages/airflow/example_dags/example_sla_dag.py
[2025-04-21T17:21:49.288-0400] {processor.py:840} INFO - DAG(s) 'example_sla_dag' retrieved from /Users/gaurav/Documents/Breast-Cancer-ML-Pipeline/venv/lib/python3.9/site-packages/airflow/example_dags/example_sla_dag.py
[2025-04-21T17:21:49.403-0400] {logging_mixin.py:188} INFO - [2025-04-21T17:21:49.403-0400] {dag.py:3036} INFO - Sync 1 DAGs
[2025-04-21T17:21:49.417-0400] {logging_mixin.py:188} INFO - [2025-04-21T17:21:49.417-0400] {dag.py:3823} INFO - Setting next_dagrun for example_sla_dag to 2025-04-21 21:18:00+00:00, run_after=2025-04-21 21:20:00+00:00
[2025-04-21T17:21:49.429-0400] {processor.py:183} INFO - Processing /Users/gaurav/Documents/Breast-Cancer-ML-Pipeline/venv/lib/python3.9/site-packages/airflow/example_dags/example_sla_dag.py took 0.172 seconds
[2025-04-21T17:23:15.747-0400] {processor.py:161} INFO - Started process (PID=86594) to work on /Users/gaurav/Documents/Breast-Cancer-ML-Pipeline/venv/lib/python3.9/site-packages/airflow/example_dags/example_sla_dag.py
[2025-04-21T17:23:15.749-0400] {processor.py:830} INFO - Processing file /Users/gaurav/Documents/Breast-Cancer-ML-Pipeline/venv/lib/python3.9/site-packages/airflow/example_dags/example_sla_dag.py for tasks to queue
[2025-04-21T17:23:15.749-0400] {logging_mixin.py:188} INFO - [2025-04-21T17:23:15.749-0400] {dagbag.py:538} INFO - Filling up the DagBag from /Users/gaurav/Documents/Breast-Cancer-ML-Pipeline/venv/lib/python3.9/site-packages/airflow/example_dags/example_sla_dag.py
[2025-04-21T17:23:15.775-0400] {processor.py:840} INFO - DAG(s) 'example_sla_dag' retrieved from /Users/gaurav/Documents/Breast-Cancer-ML-Pipeline/venv/lib/python3.9/site-packages/airflow/example_dags/example_sla_dag.py
[2025-04-21T17:23:15.851-0400] {logging_mixin.py:188} INFO - [2025-04-21T17:23:15.850-0400] {dag.py:3036} INFO - Sync 1 DAGs
[2025-04-21T17:23:15.868-0400] {logging_mixin.py:188} INFO - [2025-04-21T17:23:15.868-0400] {dag.py:3823} INFO - Setting next_dagrun for example_sla_dag to 2025-04-21 21:20:00+00:00, run_after=2025-04-21 21:22:00+00:00
[2025-04-21T17:23:15.886-0400] {processor.py:183} INFO - Processing /Users/gaurav/Documents/Breast-Cancer-ML-Pipeline/venv/lib/python3.9/site-packages/airflow/example_dags/example_sla_dag.py took 0.140 seconds
[2025-04-21T17:24:33.467-0400] {processor.py:161} INFO - Started process (PID=86691) to work on /Users/gaurav/Documents/Breast-Cancer-ML-Pipeline/venv/lib/python3.9/site-packages/airflow/example_dags/example_sla_dag.py
[2025-04-21T17:24:33.469-0400] {processor.py:830} INFO - Processing file /Users/gaurav/Documents/Breast-Cancer-ML-Pipeline/venv/lib/python3.9/site-packages/airflow/example_dags/example_sla_dag.py for tasks to queue
[2025-04-21T17:24:33.470-0400] {logging_mixin.py:188} INFO - [2025-04-21T17:24:33.469-0400] {dagbag.py:538} INFO - Filling up the DagBag from /Users/gaurav/Documents/Breast-Cancer-ML-Pipeline/venv/lib/python3.9/site-packages/airflow/example_dags/example_sla_dag.py
[2025-04-21T17:24:33.500-0400] {processor.py:840} INFO - DAG(s) 'example_sla_dag' retrieved from /Users/gaurav/Documents/Breast-Cancer-ML-Pipeline/venv/lib/python3.9/site-packages/airflow/example_dags/example_sla_dag.py
[2025-04-21T17:24:33.563-0400] {logging_mixin.py:188} INFO - [2025-04-21T17:24:33.563-0400] {dag.py:3036} INFO - Sync 1 DAGs
[2025-04-21T17:24:33.577-0400] {logging_mixin.py:188} INFO - [2025-04-21T17:24:33.577-0400] {dag.py:3823} INFO - Setting next_dagrun for example_sla_dag to 2025-04-21 21:22:00+00:00, run_after=2025-04-21 21:24:00+00:00
[2025-04-21T17:24:33.590-0400] {processor.py:183} INFO - Processing /Users/gaurav/Documents/Breast-Cancer-ML-Pipeline/venv/lib/python3.9/site-packages/airflow/example_dags/example_sla_dag.py took 0.123 seconds
[2025-04-21T17:25:51.184-0400] {processor.py:161} INFO - Started process (PID=86798) to work on /Users/gaurav/Documents/Breast-Cancer-ML-Pipeline/venv/lib/python3.9/site-packages/airflow/example_dags/example_sla_dag.py
[2025-04-21T17:25:51.186-0400] {processor.py:830} INFO - Processing file /Users/gaurav/Documents/Breast-Cancer-ML-Pipeline/venv/lib/python3.9/site-packages/airflow/example_dags/example_sla_dag.py for tasks to queue
[2025-04-21T17:25:51.186-0400] {logging_mixin.py:188} INFO - [2025-04-21T17:25:51.186-0400] {dagbag.py:538} INFO - Filling up the DagBag from /Users/gaurav/Documents/Breast-Cancer-ML-Pipeline/venv/lib/python3.9/site-packages/airflow/example_dags/example_sla_dag.py
[2025-04-21T17:25:51.214-0400] {processor.py:840} INFO - DAG(s) 'example_sla_dag' retrieved from /Users/gaurav/Documents/Breast-Cancer-ML-Pipeline/venv/lib/python3.9/site-packages/airflow/example_dags/example_sla_dag.py
[2025-04-21T17:25:51.277-0400] {logging_mixin.py:188} INFO - [2025-04-21T17:25:51.277-0400] {dag.py:3036} INFO - Sync 1 DAGs
[2025-04-21T17:25:51.291-0400] {logging_mixin.py:188} INFO - [2025-04-21T17:25:51.291-0400] {dag.py:3823} INFO - Setting next_dagrun for example_sla_dag to 2025-04-21 21:22:00+00:00, run_after=2025-04-21 21:24:00+00:00
[2025-04-21T17:25:51.303-0400] {processor.py:183} INFO - Processing /Users/gaurav/Documents/Breast-Cancer-ML-Pipeline/venv/lib/python3.9/site-packages/airflow/example_dags/example_sla_dag.py took 0.120 seconds
[2025-04-21T17:27:04.820-0400] {processor.py:161} INFO - Started process (PID=86889) to work on /Users/gaurav/Documents/Breast-Cancer-ML-Pipeline/venv/lib/python3.9/site-packages/airflow/example_dags/example_sla_dag.py
[2025-04-21T17:27:04.822-0400] {processor.py:830} INFO - Processing file /Users/gaurav/Documents/Breast-Cancer-ML-Pipeline/venv/lib/python3.9/site-packages/airflow/example_dags/example_sla_dag.py for tasks to queue
[2025-04-21T17:27:04.823-0400] {logging_mixin.py:188} INFO - [2025-04-21T17:27:04.823-0400] {dagbag.py:538} INFO - Filling up the DagBag from /Users/gaurav/Documents/Breast-Cancer-ML-Pipeline/venv/lib/python3.9/site-packages/airflow/example_dags/example_sla_dag.py
[2025-04-21T17:27:04.850-0400] {processor.py:840} INFO - DAG(s) 'example_sla_dag' retrieved from /Users/gaurav/Documents/Breast-Cancer-ML-Pipeline/venv/lib/python3.9/site-packages/airflow/example_dags/example_sla_dag.py
[2025-04-21T17:27:04.911-0400] {logging_mixin.py:188} INFO - [2025-04-21T17:27:04.911-0400] {dag.py:3036} INFO - Sync 1 DAGs
[2025-04-21T17:27:04.925-0400] {logging_mixin.py:188} INFO - [2025-04-21T17:27:04.925-0400] {dag.py:3823} INFO - Setting next_dagrun for example_sla_dag to 2025-04-21 21:24:00+00:00, run_after=2025-04-21 21:26:00+00:00
[2025-04-21T17:27:04.937-0400] {processor.py:183} INFO - Processing /Users/gaurav/Documents/Breast-Cancer-ML-Pipeline/venv/lib/python3.9/site-packages/airflow/example_dags/example_sla_dag.py took 0.118 seconds
[2025-04-21T17:29:24.724-0400] {processor.py:161} INFO - Started process (PID=87112) to work on /Users/gaurav/Documents/Breast-Cancer-ML-Pipeline/venv/lib/python3.9/site-packages/airflow/example_dags/example_sla_dag.py
[2025-04-21T17:29:24.726-0400] {processor.py:830} INFO - Processing file /Users/gaurav/Documents/Breast-Cancer-ML-Pipeline/venv/lib/python3.9/site-packages/airflow/example_dags/example_sla_dag.py for tasks to queue
[2025-04-21T17:29:24.726-0400] {logging_mixin.py:188} INFO - [2025-04-21T17:29:24.726-0400] {dagbag.py:538} INFO - Filling up the DagBag from /Users/gaurav/Documents/Breast-Cancer-ML-Pipeline/venv/lib/python3.9/site-packages/airflow/example_dags/example_sla_dag.py
[2025-04-21T17:29:24.754-0400] {processor.py:840} INFO - DAG(s) 'example_sla_dag' retrieved from /Users/gaurav/Documents/Breast-Cancer-ML-Pipeline/venv/lib/python3.9/site-packages/airflow/example_dags/example_sla_dag.py
[2025-04-21T17:29:24.816-0400] {logging_mixin.py:188} INFO - [2025-04-21T17:29:24.816-0400] {dag.py:3036} INFO - Sync 1 DAGs
[2025-04-21T17:29:24.829-0400] {logging_mixin.py:188} INFO - [2025-04-21T17:29:24.829-0400] {dag.py:3823} INFO - Setting next_dagrun for example_sla_dag to 2025-04-21 21:26:00+00:00, run_after=2025-04-21 21:28:00+00:00
[2025-04-21T17:29:24.842-0400] {processor.py:183} INFO - Processing /Users/gaurav/Documents/Breast-Cancer-ML-Pipeline/venv/lib/python3.9/site-packages/airflow/example_dags/example_sla_dag.py took 0.118 seconds
[2025-04-21T17:30:41.531-0400] {processor.py:161} INFO - Started process (PID=87197) to work on /Users/gaurav/Documents/Breast-Cancer-ML-Pipeline/venv/lib/python3.9/site-packages/airflow/example_dags/example_sla_dag.py
[2025-04-21T17:30:41.532-0400] {processor.py:830} INFO - Processing file /Users/gaurav/Documents/Breast-Cancer-ML-Pipeline/venv/lib/python3.9/site-packages/airflow/example_dags/example_sla_dag.py for tasks to queue
[2025-04-21T17:30:41.532-0400] {logging_mixin.py:188} INFO - [2025-04-21T17:30:41.532-0400] {dagbag.py:538} INFO - Filling up the DagBag from /Users/gaurav/Documents/Breast-Cancer-ML-Pipeline/venv/lib/python3.9/site-packages/airflow/example_dags/example_sla_dag.py
[2025-04-21T17:30:41.561-0400] {processor.py:840} INFO - DAG(s) 'example_sla_dag' retrieved from /Users/gaurav/Documents/Breast-Cancer-ML-Pipeline/venv/lib/python3.9/site-packages/airflow/example_dags/example_sla_dag.py
[2025-04-21T17:30:41.626-0400] {logging_mixin.py:188} INFO - [2025-04-21T17:30:41.626-0400] {dag.py:3036} INFO - Sync 1 DAGs
[2025-04-21T17:30:41.641-0400] {logging_mixin.py:188} INFO - [2025-04-21T17:30:41.641-0400] {dag.py:3823} INFO - Setting next_dagrun for example_sla_dag to 2025-04-21 21:28:00+00:00, run_after=2025-04-21 21:30:00+00:00
[2025-04-21T17:30:41.655-0400] {processor.py:183} INFO - Processing /Users/gaurav/Documents/Breast-Cancer-ML-Pipeline/venv/lib/python3.9/site-packages/airflow/example_dags/example_sla_dag.py took 0.125 seconds
[2025-04-21T17:31:55.062-0400] {processor.py:161} INFO - Started process (PID=87278) to work on /Users/gaurav/Documents/Breast-Cancer-ML-Pipeline/venv/lib/python3.9/site-packages/airflow/example_dags/example_sla_dag.py
[2025-04-21T17:31:55.063-0400] {processor.py:830} INFO - Processing file /Users/gaurav/Documents/Breast-Cancer-ML-Pipeline/venv/lib/python3.9/site-packages/airflow/example_dags/example_sla_dag.py for tasks to queue
[2025-04-21T17:31:55.064-0400] {logging_mixin.py:188} INFO - [2025-04-21T17:31:55.064-0400] {dagbag.py:538} INFO - Filling up the DagBag from /Users/gaurav/Documents/Breast-Cancer-ML-Pipeline/venv/lib/python3.9/site-packages/airflow/example_dags/example_sla_dag.py
[2025-04-21T17:31:55.091-0400] {processor.py:840} INFO - DAG(s) 'example_sla_dag' retrieved from /Users/gaurav/Documents/Breast-Cancer-ML-Pipeline/venv/lib/python3.9/site-packages/airflow/example_dags/example_sla_dag.py
[2025-04-21T17:31:55.155-0400] {logging_mixin.py:188} INFO - [2025-04-21T17:31:55.154-0400] {dag.py:3036} INFO - Sync 1 DAGs
[2025-04-21T17:31:55.168-0400] {logging_mixin.py:188} INFO - [2025-04-21T17:31:55.168-0400] {dag.py:3823} INFO - Setting next_dagrun for example_sla_dag to 2025-04-21 21:28:00+00:00, run_after=2025-04-21 21:30:00+00:00
[2025-04-21T17:31:55.181-0400] {processor.py:183} INFO - Processing /Users/gaurav/Documents/Breast-Cancer-ML-Pipeline/venv/lib/python3.9/site-packages/airflow/example_dags/example_sla_dag.py took 0.120 seconds
[2025-04-21T17:36:54.698-0400] {processor.py:161} INFO - Started process (PID=87588) to work on /Users/gaurav/Documents/Breast-Cancer-ML-Pipeline/venv/lib/python3.9/site-packages/airflow/example_dags/example_sla_dag.py
[2025-04-21T17:36:54.701-0400] {processor.py:830} INFO - Processing file /Users/gaurav/Documents/Breast-Cancer-ML-Pipeline/venv/lib/python3.9/site-packages/airflow/example_dags/example_sla_dag.py for tasks to queue
[2025-04-21T17:36:54.701-0400] {logging_mixin.py:188} INFO - [2025-04-21T17:36:54.701-0400] {dagbag.py:538} INFO - Filling up the DagBag from /Users/gaurav/Documents/Breast-Cancer-ML-Pipeline/venv/lib/python3.9/site-packages/airflow/example_dags/example_sla_dag.py
[2025-04-21T17:36:54.731-0400] {processor.py:840} INFO - DAG(s) 'example_sla_dag' retrieved from /Users/gaurav/Documents/Breast-Cancer-ML-Pipeline/venv/lib/python3.9/site-packages/airflow/example_dags/example_sla_dag.py
[2025-04-21T17:36:54.861-0400] {logging_mixin.py:188} INFO - [2025-04-21T17:36:54.861-0400] {dag.py:3036} INFO - Sync 1 DAGs
[2025-04-21T17:36:54.874-0400] {logging_mixin.py:188} INFO - [2025-04-21T17:36:54.874-0400] {dag.py:3823} INFO - Setting next_dagrun for example_sla_dag to 2025-04-21 21:34:00+00:00, run_after=2025-04-21 21:36:00+00:00
[2025-04-21T17:36:54.886-0400] {processor.py:183} INFO - Processing /Users/gaurav/Documents/Breast-Cancer-ML-Pipeline/venv/lib/python3.9/site-packages/airflow/example_dags/example_sla_dag.py took 0.189 seconds
[2025-04-21T17:38:46.548-0400] {processor.py:161} INFO - Started process (PID=87867) to work on /Users/gaurav/Documents/Breast-Cancer-ML-Pipeline/venv/lib/python3.9/site-packages/airflow/example_dags/example_sla_dag.py
[2025-04-21T17:38:46.549-0400] {processor.py:830} INFO - Processing file /Users/gaurav/Documents/Breast-Cancer-ML-Pipeline/venv/lib/python3.9/site-packages/airflow/example_dags/example_sla_dag.py for tasks to queue
[2025-04-21T17:38:46.550-0400] {logging_mixin.py:188} INFO - [2025-04-21T17:38:46.549-0400] {dagbag.py:538} INFO - Filling up the DagBag from /Users/gaurav/Documents/Breast-Cancer-ML-Pipeline/venv/lib/python3.9/site-packages/airflow/example_dags/example_sla_dag.py
[2025-04-21T17:38:46.577-0400] {processor.py:840} INFO - DAG(s) 'example_sla_dag' retrieved from /Users/gaurav/Documents/Breast-Cancer-ML-Pipeline/venv/lib/python3.9/site-packages/airflow/example_dags/example_sla_dag.py
[2025-04-21T17:38:46.638-0400] {logging_mixin.py:188} INFO - [2025-04-21T17:38:46.637-0400] {dag.py:3036} INFO - Sync 1 DAGs
[2025-04-21T17:38:46.651-0400] {logging_mixin.py:188} INFO - [2025-04-21T17:38:46.651-0400] {dag.py:3823} INFO - Setting next_dagrun for example_sla_dag to 2025-04-21 21:36:00+00:00, run_after=2025-04-21 21:38:00+00:00
[2025-04-21T17:38:46.664-0400] {processor.py:183} INFO - Processing /Users/gaurav/Documents/Breast-Cancer-ML-Pipeline/venv/lib/python3.9/site-packages/airflow/example_dags/example_sla_dag.py took 0.116 seconds
[2025-04-21T17:40:00.908-0400] {processor.py:161} INFO - Started process (PID=87935) to work on /Users/gaurav/Documents/Breast-Cancer-ML-Pipeline/venv/lib/python3.9/site-packages/airflow/example_dags/example_sla_dag.py
[2025-04-21T17:40:00.910-0400] {processor.py:830} INFO - Processing file /Users/gaurav/Documents/Breast-Cancer-ML-Pipeline/venv/lib/python3.9/site-packages/airflow/example_dags/example_sla_dag.py for tasks to queue
[2025-04-21T17:40:00.910-0400] {logging_mixin.py:188} INFO - [2025-04-21T17:40:00.910-0400] {dagbag.py:538} INFO - Filling up the DagBag from /Users/gaurav/Documents/Breast-Cancer-ML-Pipeline/venv/lib/python3.9/site-packages/airflow/example_dags/example_sla_dag.py
[2025-04-21T17:40:00.938-0400] {processor.py:840} INFO - DAG(s) 'example_sla_dag' retrieved from /Users/gaurav/Documents/Breast-Cancer-ML-Pipeline/venv/lib/python3.9/site-packages/airflow/example_dags/example_sla_dag.py
[2025-04-21T17:40:01.006-0400] {logging_mixin.py:188} INFO - [2025-04-21T17:40:01.005-0400] {dag.py:3036} INFO - Sync 1 DAGs
[2025-04-21T17:40:01.020-0400] {logging_mixin.py:188} INFO - [2025-04-21T17:40:01.019-0400] {dag.py:3823} INFO - Setting next_dagrun for example_sla_dag to 2025-04-21 21:38:00+00:00, run_after=2025-04-21 21:40:00+00:00
[2025-04-21T17:40:01.032-0400] {processor.py:183} INFO - Processing /Users/gaurav/Documents/Breast-Cancer-ML-Pipeline/venv/lib/python3.9/site-packages/airflow/example_dags/example_sla_dag.py took 0.125 seconds
[2025-04-21T17:41:24.884-0400] {processor.py:161} INFO - Started process (PID=88095) to work on /Users/gaurav/Documents/Breast-Cancer-ML-Pipeline/venv/lib/python3.9/site-packages/airflow/example_dags/example_sla_dag.py
[2025-04-21T17:41:24.886-0400] {processor.py:830} INFO - Processing file /Users/gaurav/Documents/Breast-Cancer-ML-Pipeline/venv/lib/python3.9/site-packages/airflow/example_dags/example_sla_dag.py for tasks to queue
[2025-04-21T17:41:24.887-0400] {logging_mixin.py:188} INFO - [2025-04-21T17:41:24.887-0400] {dagbag.py:538} INFO - Filling up the DagBag from /Users/gaurav/Documents/Breast-Cancer-ML-Pipeline/venv/lib/python3.9/site-packages/airflow/example_dags/example_sla_dag.py
[2025-04-21T17:41:24.914-0400] {processor.py:840} INFO - DAG(s) 'example_sla_dag' retrieved from /Users/gaurav/Documents/Breast-Cancer-ML-Pipeline/venv/lib/python3.9/site-packages/airflow/example_dags/example_sla_dag.py
[2025-04-21T17:41:24.976-0400] {logging_mixin.py:188} INFO - [2025-04-21T17:41:24.976-0400] {dag.py:3036} INFO - Sync 1 DAGs
[2025-04-21T17:41:24.990-0400] {logging_mixin.py:188} INFO - [2025-04-21T17:41:24.989-0400] {dag.py:3823} INFO - Setting next_dagrun for example_sla_dag to 2025-04-21 21:38:00+00:00, run_after=2025-04-21 21:40:00+00:00
[2025-04-21T17:41:25.002-0400] {processor.py:183} INFO - Processing /Users/gaurav/Documents/Breast-Cancer-ML-Pipeline/venv/lib/python3.9/site-packages/airflow/example_dags/example_sla_dag.py took 0.118 seconds
[2025-04-21T17:42:39.280-0400] {processor.py:161} INFO - Started process (PID=88179) to work on /Users/gaurav/Documents/Breast-Cancer-ML-Pipeline/venv/lib/python3.9/site-packages/airflow/example_dags/example_sla_dag.py
[2025-04-21T17:42:39.282-0400] {processor.py:830} INFO - Processing file /Users/gaurav/Documents/Breast-Cancer-ML-Pipeline/venv/lib/python3.9/site-packages/airflow/example_dags/example_sla_dag.py for tasks to queue
[2025-04-21T17:42:39.283-0400] {logging_mixin.py:188} INFO - [2025-04-21T17:42:39.283-0400] {dagbag.py:538} INFO - Filling up the DagBag from /Users/gaurav/Documents/Breast-Cancer-ML-Pipeline/venv/lib/python3.9/site-packages/airflow/example_dags/example_sla_dag.py
[2025-04-21T17:42:39.310-0400] {processor.py:840} INFO - DAG(s) 'example_sla_dag' retrieved from /Users/gaurav/Documents/Breast-Cancer-ML-Pipeline/venv/lib/python3.9/site-packages/airflow/example_dags/example_sla_dag.py
[2025-04-21T17:42:39.373-0400] {logging_mixin.py:188} INFO - [2025-04-21T17:42:39.372-0400] {dag.py:3036} INFO - Sync 1 DAGs
[2025-04-21T17:42:39.386-0400] {logging_mixin.py:188} INFO - [2025-04-21T17:42:39.385-0400] {dag.py:3823} INFO - Setting next_dagrun for example_sla_dag to 2025-04-21 21:40:00+00:00, run_after=2025-04-21 21:42:00+00:00
[2025-04-21T17:42:39.398-0400] {processor.py:183} INFO - Processing /Users/gaurav/Documents/Breast-Cancer-ML-Pipeline/venv/lib/python3.9/site-packages/airflow/example_dags/example_sla_dag.py took 0.118 seconds
[2025-04-21T17:43:51.314-0400] {processor.py:161} INFO - Started process (PID=88259) to work on /Users/gaurav/Documents/Breast-Cancer-ML-Pipeline/venv/lib/python3.9/site-packages/airflow/example_dags/example_sla_dag.py
[2025-04-21T17:43:51.315-0400] {processor.py:830} INFO - Processing file /Users/gaurav/Documents/Breast-Cancer-ML-Pipeline/venv/lib/python3.9/site-packages/airflow/example_dags/example_sla_dag.py for tasks to queue
[2025-04-21T17:43:51.316-0400] {logging_mixin.py:188} INFO - [2025-04-21T17:43:51.315-0400] {dagbag.py:538} INFO - Filling up the DagBag from /Users/gaurav/Documents/Breast-Cancer-ML-Pipeline/venv/lib/python3.9/site-packages/airflow/example_dags/example_sla_dag.py
[2025-04-21T17:43:51.346-0400] {processor.py:840} INFO - DAG(s) 'example_sla_dag' retrieved from /Users/gaurav/Documents/Breast-Cancer-ML-Pipeline/venv/lib/python3.9/site-packages/airflow/example_dags/example_sla_dag.py
[2025-04-21T17:43:51.414-0400] {logging_mixin.py:188} INFO - [2025-04-21T17:43:51.413-0400] {dag.py:3036} INFO - Sync 1 DAGs
[2025-04-21T17:43:51.428-0400] {logging_mixin.py:188} INFO - [2025-04-21T17:43:51.428-0400] {dag.py:3823} INFO - Setting next_dagrun for example_sla_dag to 2025-04-21 21:40:00+00:00, run_after=2025-04-21 21:42:00+00:00
[2025-04-21T17:43:51.440-0400] {processor.py:183} INFO - Processing /Users/gaurav/Documents/Breast-Cancer-ML-Pipeline/venv/lib/python3.9/site-packages/airflow/example_dags/example_sla_dag.py took 0.128 seconds
[2025-04-21T17:45:02.134-0400] {processor.py:161} INFO - Started process (PID=88364) to work on /Users/gaurav/Documents/Breast-Cancer-ML-Pipeline/venv/lib/python3.9/site-packages/airflow/example_dags/example_sla_dag.py
[2025-04-21T17:45:02.136-0400] {processor.py:830} INFO - Processing file /Users/gaurav/Documents/Breast-Cancer-ML-Pipeline/venv/lib/python3.9/site-packages/airflow/example_dags/example_sla_dag.py for tasks to queue
[2025-04-21T17:45:02.136-0400] {logging_mixin.py:188} INFO - [2025-04-21T17:45:02.136-0400] {dagbag.py:538} INFO - Filling up the DagBag from /Users/gaurav/Documents/Breast-Cancer-ML-Pipeline/venv/lib/python3.9/site-packages/airflow/example_dags/example_sla_dag.py
[2025-04-21T17:45:02.159-0400] {processor.py:840} INFO - DAG(s) 'example_sla_dag' retrieved from /Users/gaurav/Documents/Breast-Cancer-ML-Pipeline/venv/lib/python3.9/site-packages/airflow/example_dags/example_sla_dag.py
[2025-04-21T17:45:02.210-0400] {logging_mixin.py:188} INFO - [2025-04-21T17:45:02.209-0400] {dag.py:3036} INFO - Sync 1 DAGs
[2025-04-21T17:45:02.221-0400] {logging_mixin.py:188} INFO - [2025-04-21T17:45:02.221-0400] {dag.py:3823} INFO - Setting next_dagrun for example_sla_dag to 2025-04-21 21:42:00+00:00, run_after=2025-04-21 21:44:00+00:00
[2025-04-21T17:45:02.231-0400] {processor.py:183} INFO - Processing /Users/gaurav/Documents/Breast-Cancer-ML-Pipeline/venv/lib/python3.9/site-packages/airflow/example_dags/example_sla_dag.py took 0.097 seconds
[2025-04-21T17:45:55.088-0400] {processor.py:161} INFO - Started process (PID=88455) to work on /Users/gaurav/Documents/Breast-Cancer-ML-Pipeline/venv/lib/python3.9/site-packages/airflow/example_dags/example_sla_dag.py
[2025-04-21T17:45:55.089-0400] {processor.py:830} INFO - Processing file /Users/gaurav/Documents/Breast-Cancer-ML-Pipeline/venv/lib/python3.9/site-packages/airflow/example_dags/example_sla_dag.py for tasks to queue
[2025-04-21T17:45:55.089-0400] {logging_mixin.py:188} INFO - [2025-04-21T17:45:55.089-0400] {dagbag.py:538} INFO - Filling up the DagBag from /Users/gaurav/Documents/Breast-Cancer-ML-Pipeline/venv/lib/python3.9/site-packages/airflow/example_dags/example_sla_dag.py
[2025-04-21T17:45:55.112-0400] {processor.py:840} INFO - DAG(s) 'example_sla_dag' retrieved from /Users/gaurav/Documents/Breast-Cancer-ML-Pipeline/venv/lib/python3.9/site-packages/airflow/example_dags/example_sla_dag.py
[2025-04-21T17:45:55.166-0400] {logging_mixin.py:188} INFO - [2025-04-21T17:45:55.166-0400] {dag.py:3036} INFO - Sync 1 DAGs
[2025-04-21T17:45:55.178-0400] {logging_mixin.py:188} INFO - [2025-04-21T17:45:55.178-0400] {dag.py:3823} INFO - Setting next_dagrun for example_sla_dag to 2025-04-21 21:42:00+00:00, run_after=2025-04-21 21:44:00+00:00
[2025-04-21T17:45:55.190-0400] {processor.py:183} INFO - Processing /Users/gaurav/Documents/Breast-Cancer-ML-Pipeline/venv/lib/python3.9/site-packages/airflow/example_dags/example_sla_dag.py took 0.102 seconds
[2025-04-21T17:46:48.860-0400] {processor.py:161} INFO - Started process (PID=88563) to work on /Users/gaurav/Documents/Breast-Cancer-ML-Pipeline/venv/lib/python3.9/site-packages/airflow/example_dags/example_sla_dag.py
[2025-04-21T17:46:48.861-0400] {processor.py:830} INFO - Processing file /Users/gaurav/Documents/Breast-Cancer-ML-Pipeline/venv/lib/python3.9/site-packages/airflow/example_dags/example_sla_dag.py for tasks to queue
[2025-04-21T17:46:48.862-0400] {logging_mixin.py:188} INFO - [2025-04-21T17:46:48.862-0400] {dagbag.py:538} INFO - Filling up the DagBag from /Users/gaurav/Documents/Breast-Cancer-ML-Pipeline/venv/lib/python3.9/site-packages/airflow/example_dags/example_sla_dag.py
[2025-04-21T17:46:48.884-0400] {processor.py:840} INFO - DAG(s) 'example_sla_dag' retrieved from /Users/gaurav/Documents/Breast-Cancer-ML-Pipeline/venv/lib/python3.9/site-packages/airflow/example_dags/example_sla_dag.py
[2025-04-21T17:46:48.936-0400] {logging_mixin.py:188} INFO - [2025-04-21T17:46:48.935-0400] {dag.py:3036} INFO - Sync 1 DAGs
[2025-04-21T17:46:48.946-0400] {logging_mixin.py:188} INFO - [2025-04-21T17:46:48.946-0400] {dag.py:3823} INFO - Setting next_dagrun for example_sla_dag to 2025-04-21 21:44:00+00:00, run_after=2025-04-21 21:46:00+00:00
[2025-04-21T17:46:48.957-0400] {processor.py:183} INFO - Processing /Users/gaurav/Documents/Breast-Cancer-ML-Pipeline/venv/lib/python3.9/site-packages/airflow/example_dags/example_sla_dag.py took 0.097 seconds
[2025-04-21T17:47:43.078-0400] {processor.py:161} INFO - Started process (PID=88634) to work on /Users/gaurav/Documents/Breast-Cancer-ML-Pipeline/venv/lib/python3.9/site-packages/airflow/example_dags/example_sla_dag.py
[2025-04-21T17:47:43.079-0400] {processor.py:830} INFO - Processing file /Users/gaurav/Documents/Breast-Cancer-ML-Pipeline/venv/lib/python3.9/site-packages/airflow/example_dags/example_sla_dag.py for tasks to queue
[2025-04-21T17:47:43.080-0400] {logging_mixin.py:188} INFO - [2025-04-21T17:47:43.080-0400] {dagbag.py:538} INFO - Filling up the DagBag from /Users/gaurav/Documents/Breast-Cancer-ML-Pipeline/venv/lib/python3.9/site-packages/airflow/example_dags/example_sla_dag.py
[2025-04-21T17:47:43.101-0400] {processor.py:840} INFO - DAG(s) 'example_sla_dag' retrieved from /Users/gaurav/Documents/Breast-Cancer-ML-Pipeline/venv/lib/python3.9/site-packages/airflow/example_dags/example_sla_dag.py
[2025-04-21T17:47:43.149-0400] {logging_mixin.py:188} INFO - [2025-04-21T17:47:43.149-0400] {dag.py:3036} INFO - Sync 1 DAGs
[2025-04-21T17:47:43.159-0400] {logging_mixin.py:188} INFO - [2025-04-21T17:47:43.159-0400] {dag.py:3823} INFO - Setting next_dagrun for example_sla_dag to 2025-04-21 21:44:00+00:00, run_after=2025-04-21 21:46:00+00:00
[2025-04-21T17:47:43.169-0400] {processor.py:183} INFO - Processing /Users/gaurav/Documents/Breast-Cancer-ML-Pipeline/venv/lib/python3.9/site-packages/airflow/example_dags/example_sla_dag.py took 0.091 seconds
[2025-04-21T17:48:28.337-0400] {processor.py:161} INFO - Started process (PID=88689) to work on /Users/gaurav/Documents/Breast-Cancer-ML-Pipeline/venv/lib/python3.9/site-packages/airflow/example_dags/example_sla_dag.py
[2025-04-21T17:48:28.338-0400] {processor.py:830} INFO - Processing file /Users/gaurav/Documents/Breast-Cancer-ML-Pipeline/venv/lib/python3.9/site-packages/airflow/example_dags/example_sla_dag.py for tasks to queue
[2025-04-21T17:48:28.339-0400] {logging_mixin.py:188} INFO - [2025-04-21T17:48:28.339-0400] {dagbag.py:538} INFO - Filling up the DagBag from /Users/gaurav/Documents/Breast-Cancer-ML-Pipeline/venv/lib/python3.9/site-packages/airflow/example_dags/example_sla_dag.py
[2025-04-21T17:48:28.360-0400] {processor.py:840} INFO - DAG(s) 'example_sla_dag' retrieved from /Users/gaurav/Documents/Breast-Cancer-ML-Pipeline/venv/lib/python3.9/site-packages/airflow/example_dags/example_sla_dag.py
[2025-04-21T17:48:28.407-0400] {logging_mixin.py:188} INFO - [2025-04-21T17:48:28.407-0400] {dag.py:3036} INFO - Sync 1 DAGs
[2025-04-21T17:48:28.418-0400] {logging_mixin.py:188} INFO - [2025-04-21T17:48:28.418-0400] {dag.py:3823} INFO - Setting next_dagrun for example_sla_dag to 2025-04-21 21:46:00+00:00, run_after=2025-04-21 21:48:00+00:00
[2025-04-21T17:48:28.427-0400] {processor.py:183} INFO - Processing /Users/gaurav/Documents/Breast-Cancer-ML-Pipeline/venv/lib/python3.9/site-packages/airflow/example_dags/example_sla_dag.py took 0.091 seconds
[2025-04-21T17:49:12.072-0400] {processor.py:161} INFO - Started process (PID=88755) to work on /Users/gaurav/Documents/Breast-Cancer-ML-Pipeline/venv/lib/python3.9/site-packages/airflow/example_dags/example_sla_dag.py
[2025-04-21T17:49:12.073-0400] {processor.py:830} INFO - Processing file /Users/gaurav/Documents/Breast-Cancer-ML-Pipeline/venv/lib/python3.9/site-packages/airflow/example_dags/example_sla_dag.py for tasks to queue
[2025-04-21T17:49:12.074-0400] {logging_mixin.py:188} INFO - [2025-04-21T17:49:12.074-0400] {dagbag.py:538} INFO - Filling up the DagBag from /Users/gaurav/Documents/Breast-Cancer-ML-Pipeline/venv/lib/python3.9/site-packages/airflow/example_dags/example_sla_dag.py
[2025-04-21T17:49:12.094-0400] {processor.py:840} INFO - DAG(s) 'example_sla_dag' retrieved from /Users/gaurav/Documents/Breast-Cancer-ML-Pipeline/venv/lib/python3.9/site-packages/airflow/example_dags/example_sla_dag.py
[2025-04-21T17:49:12.143-0400] {logging_mixin.py:188} INFO - [2025-04-21T17:49:12.143-0400] {dag.py:3036} INFO - Sync 1 DAGs
[2025-04-21T17:49:12.154-0400] {logging_mixin.py:188} INFO - [2025-04-21T17:49:12.154-0400] {dag.py:3823} INFO - Setting next_dagrun for example_sla_dag to 2025-04-21 21:46:00+00:00, run_after=2025-04-21 21:48:00+00:00
[2025-04-21T17:49:12.164-0400] {processor.py:183} INFO - Processing /Users/gaurav/Documents/Breast-Cancer-ML-Pipeline/venv/lib/python3.9/site-packages/airflow/example_dags/example_sla_dag.py took 0.093 seconds
[2025-04-21T17:49:55.734-0400] {processor.py:161} INFO - Started process (PID=88815) to work on /Users/gaurav/Documents/Breast-Cancer-ML-Pipeline/venv/lib/python3.9/site-packages/airflow/example_dags/example_sla_dag.py
[2025-04-21T17:49:55.735-0400] {processor.py:830} INFO - Processing file /Users/gaurav/Documents/Breast-Cancer-ML-Pipeline/venv/lib/python3.9/site-packages/airflow/example_dags/example_sla_dag.py for tasks to queue
[2025-04-21T17:49:55.736-0400] {logging_mixin.py:188} INFO - [2025-04-21T17:49:55.736-0400] {dagbag.py:538} INFO - Filling up the DagBag from /Users/gaurav/Documents/Breast-Cancer-ML-Pipeline/venv/lib/python3.9/site-packages/airflow/example_dags/example_sla_dag.py
[2025-04-21T17:49:55.758-0400] {processor.py:840} INFO - DAG(s) 'example_sla_dag' retrieved from /Users/gaurav/Documents/Breast-Cancer-ML-Pipeline/venv/lib/python3.9/site-packages/airflow/example_dags/example_sla_dag.py
[2025-04-21T17:49:55.812-0400] {logging_mixin.py:188} INFO - [2025-04-21T17:49:55.812-0400] {dag.py:3036} INFO - Sync 1 DAGs
[2025-04-21T17:49:55.825-0400] {logging_mixin.py:188} INFO - [2025-04-21T17:49:55.825-0400] {dag.py:3823} INFO - Setting next_dagrun for example_sla_dag to 2025-04-21 21:46:00+00:00, run_after=2025-04-21 21:48:00+00:00
[2025-04-21T17:49:55.836-0400] {processor.py:183} INFO - Processing /Users/gaurav/Documents/Breast-Cancer-ML-Pipeline/venv/lib/python3.9/site-packages/airflow/example_dags/example_sla_dag.py took 0.103 seconds
[2025-04-21T17:50:45.238-0400] {processor.py:161} INFO - Started process (PID=88888) to work on /Users/gaurav/Documents/Breast-Cancer-ML-Pipeline/venv/lib/python3.9/site-packages/airflow/example_dags/example_sla_dag.py
[2025-04-21T17:50:45.239-0400] {processor.py:830} INFO - Processing file /Users/gaurav/Documents/Breast-Cancer-ML-Pipeline/venv/lib/python3.9/site-packages/airflow/example_dags/example_sla_dag.py for tasks to queue
[2025-04-21T17:50:45.239-0400] {logging_mixin.py:188} INFO - [2025-04-21T17:50:45.239-0400] {dagbag.py:538} INFO - Filling up the DagBag from /Users/gaurav/Documents/Breast-Cancer-ML-Pipeline/venv/lib/python3.9/site-packages/airflow/example_dags/example_sla_dag.py
[2025-04-21T17:50:45.263-0400] {processor.py:840} INFO - DAG(s) 'example_sla_dag' retrieved from /Users/gaurav/Documents/Breast-Cancer-ML-Pipeline/venv/lib/python3.9/site-packages/airflow/example_dags/example_sla_dag.py
[2025-04-21T17:50:45.319-0400] {logging_mixin.py:188} INFO - [2025-04-21T17:50:45.319-0400] {dag.py:3036} INFO - Sync 1 DAGs
[2025-04-21T17:50:45.330-0400] {logging_mixin.py:188} INFO - [2025-04-21T17:50:45.330-0400] {dag.py:3823} INFO - Setting next_dagrun for example_sla_dag to 2025-04-21 21:48:00+00:00, run_after=2025-04-21 21:50:00+00:00
[2025-04-21T17:50:45.341-0400] {processor.py:183} INFO - Processing /Users/gaurav/Documents/Breast-Cancer-ML-Pipeline/venv/lib/python3.9/site-packages/airflow/example_dags/example_sla_dag.py took 0.104 seconds
[2025-04-21T17:51:37.059-0400] {processor.py:161} INFO - Started process (PID=88961) to work on /Users/gaurav/Documents/Breast-Cancer-ML-Pipeline/venv/lib/python3.9/site-packages/airflow/example_dags/example_sla_dag.py
[2025-04-21T17:51:37.061-0400] {processor.py:830} INFO - Processing file /Users/gaurav/Documents/Breast-Cancer-ML-Pipeline/venv/lib/python3.9/site-packages/airflow/example_dags/example_sla_dag.py for tasks to queue
[2025-04-21T17:51:37.062-0400] {logging_mixin.py:188} INFO - [2025-04-21T17:51:37.061-0400] {dagbag.py:538} INFO - Filling up the DagBag from /Users/gaurav/Documents/Breast-Cancer-ML-Pipeline/venv/lib/python3.9/site-packages/airflow/example_dags/example_sla_dag.py
[2025-04-21T17:51:37.083-0400] {processor.py:840} INFO - DAG(s) 'example_sla_dag' retrieved from /Users/gaurav/Documents/Breast-Cancer-ML-Pipeline/venv/lib/python3.9/site-packages/airflow/example_dags/example_sla_dag.py
[2025-04-21T17:51:37.134-0400] {logging_mixin.py:188} INFO - [2025-04-21T17:51:37.134-0400] {dag.py:3036} INFO - Sync 1 DAGs
[2025-04-21T17:51:37.145-0400] {logging_mixin.py:188} INFO - [2025-04-21T17:51:37.145-0400] {dag.py:3823} INFO - Setting next_dagrun for example_sla_dag to 2025-04-21 21:48:00+00:00, run_after=2025-04-21 21:50:00+00:00
[2025-04-21T17:51:37.155-0400] {processor.py:183} INFO - Processing /Users/gaurav/Documents/Breast-Cancer-ML-Pipeline/venv/lib/python3.9/site-packages/airflow/example_dags/example_sla_dag.py took 0.096 seconds
[2025-04-21T17:52:28.986-0400] {processor.py:161} INFO - Started process (PID=89027) to work on /Users/gaurav/Documents/Breast-Cancer-ML-Pipeline/venv/lib/python3.9/site-packages/airflow/example_dags/example_sla_dag.py
[2025-04-21T17:52:28.988-0400] {processor.py:830} INFO - Processing file /Users/gaurav/Documents/Breast-Cancer-ML-Pipeline/venv/lib/python3.9/site-packages/airflow/example_dags/example_sla_dag.py for tasks to queue
[2025-04-21T17:52:28.988-0400] {logging_mixin.py:188} INFO - [2025-04-21T17:52:28.988-0400] {dagbag.py:538} INFO - Filling up the DagBag from /Users/gaurav/Documents/Breast-Cancer-ML-Pipeline/venv/lib/python3.9/site-packages/airflow/example_dags/example_sla_dag.py
[2025-04-21T17:52:29.010-0400] {processor.py:840} INFO - DAG(s) 'example_sla_dag' retrieved from /Users/gaurav/Documents/Breast-Cancer-ML-Pipeline/venv/lib/python3.9/site-packages/airflow/example_dags/example_sla_dag.py
[2025-04-21T17:52:29.058-0400] {logging_mixin.py:188} INFO - [2025-04-21T17:52:29.057-0400] {dag.py:3036} INFO - Sync 1 DAGs
[2025-04-21T17:52:29.068-0400] {logging_mixin.py:188} INFO - [2025-04-21T17:52:29.068-0400] {dag.py:3823} INFO - Setting next_dagrun for example_sla_dag to 2025-04-21 21:50:00+00:00, run_after=2025-04-21 21:52:00+00:00
[2025-04-21T17:52:29.078-0400] {processor.py:183} INFO - Processing /Users/gaurav/Documents/Breast-Cancer-ML-Pipeline/venv/lib/python3.9/site-packages/airflow/example_dags/example_sla_dag.py took 0.092 seconds
[2025-04-21T17:53:21.176-0400] {processor.py:161} INFO - Started process (PID=89097) to work on /Users/gaurav/Documents/Breast-Cancer-ML-Pipeline/venv/lib/python3.9/site-packages/airflow/example_dags/example_sla_dag.py
[2025-04-21T17:53:21.177-0400] {processor.py:830} INFO - Processing file /Users/gaurav/Documents/Breast-Cancer-ML-Pipeline/venv/lib/python3.9/site-packages/airflow/example_dags/example_sla_dag.py for tasks to queue
[2025-04-21T17:53:21.178-0400] {logging_mixin.py:188} INFO - [2025-04-21T17:53:21.178-0400] {dagbag.py:538} INFO - Filling up the DagBag from /Users/gaurav/Documents/Breast-Cancer-ML-Pipeline/venv/lib/python3.9/site-packages/airflow/example_dags/example_sla_dag.py
[2025-04-21T17:53:21.200-0400] {processor.py:840} INFO - DAG(s) 'example_sla_dag' retrieved from /Users/gaurav/Documents/Breast-Cancer-ML-Pipeline/venv/lib/python3.9/site-packages/airflow/example_dags/example_sla_dag.py
[2025-04-21T17:53:21.249-0400] {logging_mixin.py:188} INFO - [2025-04-21T17:53:21.249-0400] {dag.py:3036} INFO - Sync 1 DAGs
[2025-04-21T17:53:21.260-0400] {logging_mixin.py:188} INFO - [2025-04-21T17:53:21.260-0400] {dag.py:3823} INFO - Setting next_dagrun for example_sla_dag to 2025-04-21 21:50:00+00:00, run_after=2025-04-21 21:52:00+00:00
[2025-04-21T17:53:21.269-0400] {processor.py:183} INFO - Processing /Users/gaurav/Documents/Breast-Cancer-ML-Pipeline/venv/lib/python3.9/site-packages/airflow/example_dags/example_sla_dag.py took 0.094 seconds
[2025-04-21T17:54:12.579-0400] {processor.py:161} INFO - Started process (PID=89170) to work on /Users/gaurav/Documents/Breast-Cancer-ML-Pipeline/venv/lib/python3.9/site-packages/airflow/example_dags/example_sla_dag.py
[2025-04-21T17:54:12.581-0400] {processor.py:830} INFO - Processing file /Users/gaurav/Documents/Breast-Cancer-ML-Pipeline/venv/lib/python3.9/site-packages/airflow/example_dags/example_sla_dag.py for tasks to queue
[2025-04-21T17:54:12.581-0400] {logging_mixin.py:188} INFO - [2025-04-21T17:54:12.581-0400] {dagbag.py:538} INFO - Filling up the DagBag from /Users/gaurav/Documents/Breast-Cancer-ML-Pipeline/venv/lib/python3.9/site-packages/airflow/example_dags/example_sla_dag.py
[2025-04-21T17:54:12.603-0400] {processor.py:840} INFO - DAG(s) 'example_sla_dag' retrieved from /Users/gaurav/Documents/Breast-Cancer-ML-Pipeline/venv/lib/python3.9/site-packages/airflow/example_dags/example_sla_dag.py
[2025-04-21T17:54:12.653-0400] {logging_mixin.py:188} INFO - [2025-04-21T17:54:12.653-0400] {dag.py:3036} INFO - Sync 1 DAGs
[2025-04-21T17:54:12.664-0400] {logging_mixin.py:188} INFO - [2025-04-21T17:54:12.664-0400] {dag.py:3823} INFO - Setting next_dagrun for example_sla_dag to 2025-04-21 21:52:00+00:00, run_after=2025-04-21 21:54:00+00:00
[2025-04-21T17:54:12.676-0400] {processor.py:183} INFO - Processing /Users/gaurav/Documents/Breast-Cancer-ML-Pipeline/venv/lib/python3.9/site-packages/airflow/example_dags/example_sla_dag.py took 0.098 seconds
[2025-04-21T17:55:07.008-0400] {processor.py:161} INFO - Started process (PID=89303) to work on /Users/gaurav/Documents/Breast-Cancer-ML-Pipeline/venv/lib/python3.9/site-packages/airflow/example_dags/example_sla_dag.py
[2025-04-21T17:55:07.009-0400] {processor.py:830} INFO - Processing file /Users/gaurav/Documents/Breast-Cancer-ML-Pipeline/venv/lib/python3.9/site-packages/airflow/example_dags/example_sla_dag.py for tasks to queue
[2025-04-21T17:55:07.009-0400] {logging_mixin.py:188} INFO - [2025-04-21T17:55:07.009-0400] {dagbag.py:538} INFO - Filling up the DagBag from /Users/gaurav/Documents/Breast-Cancer-ML-Pipeline/venv/lib/python3.9/site-packages/airflow/example_dags/example_sla_dag.py
[2025-04-21T17:55:07.033-0400] {processor.py:840} INFO - DAG(s) 'example_sla_dag' retrieved from /Users/gaurav/Documents/Breast-Cancer-ML-Pipeline/venv/lib/python3.9/site-packages/airflow/example_dags/example_sla_dag.py
[2025-04-21T17:55:07.093-0400] {logging_mixin.py:188} INFO - [2025-04-21T17:55:07.093-0400] {dag.py:3036} INFO - Sync 1 DAGs
[2025-04-21T17:55:07.106-0400] {logging_mixin.py:188} INFO - [2025-04-21T17:55:07.106-0400] {dag.py:3823} INFO - Setting next_dagrun for example_sla_dag to 2025-04-21 21:52:00+00:00, run_after=2025-04-21 21:54:00+00:00
[2025-04-21T17:55:07.118-0400] {processor.py:183} INFO - Processing /Users/gaurav/Documents/Breast-Cancer-ML-Pipeline/venv/lib/python3.9/site-packages/airflow/example_dags/example_sla_dag.py took 0.112 seconds
