[2025-04-21T16:39:00.705-0400] {processor.py:161} INFO - Started process (PID=83533) to work on /Users/gaurav/Documents/Breast-Cancer-ML-Pipeline/venv/lib/python3.9/site-packages/airflow/example_dags/example_short_circuit_decorator.py
[2025-04-21T16:39:00.706-0400] {processor.py:830} INFO - Processing file /Users/gaurav/Documents/Breast-Cancer-ML-Pipeline/venv/lib/python3.9/site-packages/airflow/example_dags/example_short_circuit_decorator.py for tasks to queue
[2025-04-21T16:39:00.706-0400] {logging_mixin.py:188} INFO - [2025-04-21T16:39:00.706-0400] {dagbag.py:538} INFO - Filling up the DagBag from /Users/gaurav/Documents/Breast-Cancer-ML-Pipeline/venv/lib/python3.9/site-packages/airflow/example_dags/example_short_circuit_decorator.py
[2025-04-21T16:39:00.735-0400] {processor.py:840} INFO - DAG(s) 'example_short_circuit_decorator' retrieved from /Users/gaurav/Documents/Breast-Cancer-ML-Pipeline/venv/lib/python3.9/site-packages/airflow/example_dags/example_short_circuit_decorator.py
[2025-04-21T16:39:00.868-0400] {logging_mixin.py:188} INFO - [2025-04-21T16:39:00.867-0400] {override.py:1769} INFO - Created Permission View: can read on DAG:example_short_circuit_decorator
[2025-04-21T16:39:00.873-0400] {logging_mixin.py:188} INFO - [2025-04-21T16:39:00.873-0400] {override.py:1769} INFO - Created Permission View: can delete on DAG:example_short_circuit_decorator
[2025-04-21T16:39:00.877-0400] {logging_mixin.py:188} INFO - [2025-04-21T16:39:00.877-0400] {override.py:1769} INFO - Created Permission View: can edit on DAG:example_short_circuit_decorator
[2025-04-21T16:39:00.878-0400] {logging_mixin.py:188} INFO - [2025-04-21T16:39:00.877-0400] {dag.py:3036} INFO - Sync 1 DAGs
[2025-04-21T16:39:00.885-0400] {logging_mixin.py:188} INFO - [2025-04-21T16:39:00.884-0400] {dag.py:3058} INFO - Creating ORM DAG for example_short_circuit_decorator
[2025-04-21T16:39:00.891-0400] {logging_mixin.py:188} INFO - [2025-04-21T16:39:00.890-0400] {dag.py:3823} INFO - Setting next_dagrun for example_short_circuit_decorator to 2025-04-20 00:00:00+00:00, run_after=2025-04-21 00:00:00+00:00
[2025-04-21T16:39:00.903-0400] {processor.py:183} INFO - Processing /Users/gaurav/Documents/Breast-Cancer-ML-Pipeline/venv/lib/python3.9/site-packages/airflow/example_dags/example_short_circuit_decorator.py took 0.199 seconds
[2025-04-21T16:40:54.830-0400] {processor.py:161} INFO - Started process (PID=83643) to work on /Users/gaurav/Documents/Breast-Cancer-ML-Pipeline/venv/lib/python3.9/site-packages/airflow/example_dags/example_short_circuit_decorator.py
[2025-04-21T16:40:54.832-0400] {processor.py:830} INFO - Processing file /Users/gaurav/Documents/Breast-Cancer-ML-Pipeline/venv/lib/python3.9/site-packages/airflow/example_dags/example_short_circuit_decorator.py for tasks to queue
[2025-04-21T16:40:54.832-0400] {logging_mixin.py:188} INFO - [2025-04-21T16:40:54.832-0400] {dagbag.py:538} INFO - Filling up the DagBag from /Users/gaurav/Documents/Breast-Cancer-ML-Pipeline/venv/lib/python3.9/site-packages/airflow/example_dags/example_short_circuit_decorator.py
[2025-04-21T16:40:54.860-0400] {processor.py:840} INFO - DAG(s) 'example_short_circuit_decorator' retrieved from /Users/gaurav/Documents/Breast-Cancer-ML-Pipeline/venv/lib/python3.9/site-packages/airflow/example_dags/example_short_circuit_decorator.py
[2025-04-21T16:40:54.926-0400] {logging_mixin.py:188} INFO - [2025-04-21T16:40:54.926-0400] {dag.py:3036} INFO - Sync 1 DAGs
[2025-04-21T16:40:54.937-0400] {logging_mixin.py:188} INFO - [2025-04-21T16:40:54.937-0400] {dag.py:3823} INFO - Setting next_dagrun for example_short_circuit_decorator to 2025-04-20 00:00:00+00:00, run_after=2025-04-21 00:00:00+00:00
[2025-04-21T16:40:54.950-0400] {processor.py:183} INFO - Processing /Users/gaurav/Documents/Breast-Cancer-ML-Pipeline/venv/lib/python3.9/site-packages/airflow/example_dags/example_short_circuit_decorator.py took 0.121 seconds
[2025-04-21T16:42:15.403-0400] {processor.py:161} INFO - Started process (PID=83707) to work on /Users/gaurav/Documents/Breast-Cancer-ML-Pipeline/venv/lib/python3.9/site-packages/airflow/example_dags/example_short_circuit_decorator.py
[2025-04-21T16:42:15.405-0400] {processor.py:830} INFO - Processing file /Users/gaurav/Documents/Breast-Cancer-ML-Pipeline/venv/lib/python3.9/site-packages/airflow/example_dags/example_short_circuit_decorator.py for tasks to queue
[2025-04-21T16:42:15.405-0400] {logging_mixin.py:188} INFO - [2025-04-21T16:42:15.405-0400] {dagbag.py:538} INFO - Filling up the DagBag from /Users/gaurav/Documents/Breast-Cancer-ML-Pipeline/venv/lib/python3.9/site-packages/airflow/example_dags/example_short_circuit_decorator.py
[2025-04-21T16:42:15.434-0400] {processor.py:840} INFO - DAG(s) 'example_short_circuit_decorator' retrieved from /Users/gaurav/Documents/Breast-Cancer-ML-Pipeline/venv/lib/python3.9/site-packages/airflow/example_dags/example_short_circuit_decorator.py
[2025-04-21T16:42:15.504-0400] {logging_mixin.py:188} INFO - [2025-04-21T16:42:15.503-0400] {dag.py:3036} INFO - Sync 1 DAGs
[2025-04-21T16:42:15.516-0400] {logging_mixin.py:188} INFO - [2025-04-21T16:42:15.516-0400] {dag.py:3823} INFO - Setting next_dagrun for example_short_circuit_decorator to 2025-04-20 00:00:00+00:00, run_after=2025-04-21 00:00:00+00:00
[2025-04-21T16:42:15.529-0400] {processor.py:183} INFO - Processing /Users/gaurav/Documents/Breast-Cancer-ML-Pipeline/venv/lib/python3.9/site-packages/airflow/example_dags/example_short_circuit_decorator.py took 0.126 seconds
[2025-04-21T16:43:36.921-0400] {processor.py:161} INFO - Started process (PID=83774) to work on /Users/gaurav/Documents/Breast-Cancer-ML-Pipeline/venv/lib/python3.9/site-packages/airflow/example_dags/example_short_circuit_decorator.py
[2025-04-21T16:43:36.923-0400] {processor.py:830} INFO - Processing file /Users/gaurav/Documents/Breast-Cancer-ML-Pipeline/venv/lib/python3.9/site-packages/airflow/example_dags/example_short_circuit_decorator.py for tasks to queue
[2025-04-21T16:43:36.924-0400] {logging_mixin.py:188} INFO - [2025-04-21T16:43:36.923-0400] {dagbag.py:538} INFO - Filling up the DagBag from /Users/gaurav/Documents/Breast-Cancer-ML-Pipeline/venv/lib/python3.9/site-packages/airflow/example_dags/example_short_circuit_decorator.py
[2025-04-21T16:43:36.953-0400] {processor.py:840} INFO - DAG(s) 'example_short_circuit_decorator' retrieved from /Users/gaurav/Documents/Breast-Cancer-ML-Pipeline/venv/lib/python3.9/site-packages/airflow/example_dags/example_short_circuit_decorator.py
[2025-04-21T16:43:37.023-0400] {logging_mixin.py:188} INFO - [2025-04-21T16:43:37.022-0400] {dag.py:3036} INFO - Sync 1 DAGs
[2025-04-21T16:43:37.034-0400] {logging_mixin.py:188} INFO - [2025-04-21T16:43:37.034-0400] {dag.py:3823} INFO - Setting next_dagrun for example_short_circuit_decorator to 2025-04-20 00:00:00+00:00, run_after=2025-04-21 00:00:00+00:00
[2025-04-21T16:43:37.047-0400] {processor.py:183} INFO - Processing /Users/gaurav/Documents/Breast-Cancer-ML-Pipeline/venv/lib/python3.9/site-packages/airflow/example_dags/example_short_circuit_decorator.py took 0.126 seconds
[2025-04-21T16:45:00.178-0400] {processor.py:161} INFO - Started process (PID=83853) to work on /Users/gaurav/Documents/Breast-Cancer-ML-Pipeline/venv/lib/python3.9/site-packages/airflow/example_dags/example_short_circuit_decorator.py
[2025-04-21T16:45:00.179-0400] {processor.py:830} INFO - Processing file /Users/gaurav/Documents/Breast-Cancer-ML-Pipeline/venv/lib/python3.9/site-packages/airflow/example_dags/example_short_circuit_decorator.py for tasks to queue
[2025-04-21T16:45:00.180-0400] {logging_mixin.py:188} INFO - [2025-04-21T16:45:00.180-0400] {dagbag.py:538} INFO - Filling up the DagBag from /Users/gaurav/Documents/Breast-Cancer-ML-Pipeline/venv/lib/python3.9/site-packages/airflow/example_dags/example_short_circuit_decorator.py
[2025-04-21T16:45:00.209-0400] {processor.py:840} INFO - DAG(s) 'example_short_circuit_decorator' retrieved from /Users/gaurav/Documents/Breast-Cancer-ML-Pipeline/venv/lib/python3.9/site-packages/airflow/example_dags/example_short_circuit_decorator.py
[2025-04-21T16:45:00.278-0400] {logging_mixin.py:188} INFO - [2025-04-21T16:45:00.278-0400] {dag.py:3036} INFO - Sync 1 DAGs
[2025-04-21T16:45:00.290-0400] {logging_mixin.py:188} INFO - [2025-04-21T16:45:00.290-0400] {dag.py:3823} INFO - Setting next_dagrun for example_short_circuit_decorator to 2025-04-20 00:00:00+00:00, run_after=2025-04-21 00:00:00+00:00
[2025-04-21T16:45:00.303-0400] {processor.py:183} INFO - Processing /Users/gaurav/Documents/Breast-Cancer-ML-Pipeline/venv/lib/python3.9/site-packages/airflow/example_dags/example_short_circuit_decorator.py took 0.126 seconds
[2025-04-21T16:46:56.160-0400] {processor.py:161} INFO - Started process (PID=84010) to work on /Users/gaurav/Documents/Breast-Cancer-ML-Pipeline/venv/lib/python3.9/site-packages/airflow/example_dags/example_short_circuit_decorator.py
[2025-04-21T16:46:56.162-0400] {processor.py:830} INFO - Processing file /Users/gaurav/Documents/Breast-Cancer-ML-Pipeline/venv/lib/python3.9/site-packages/airflow/example_dags/example_short_circuit_decorator.py for tasks to queue
[2025-04-21T16:46:56.163-0400] {logging_mixin.py:188} INFO - [2025-04-21T16:46:56.163-0400] {dagbag.py:538} INFO - Filling up the DagBag from /Users/gaurav/Documents/Breast-Cancer-ML-Pipeline/venv/lib/python3.9/site-packages/airflow/example_dags/example_short_circuit_decorator.py
[2025-04-21T16:46:56.191-0400] {processor.py:840} INFO - DAG(s) 'example_short_circuit_decorator' retrieved from /Users/gaurav/Documents/Breast-Cancer-ML-Pipeline/venv/lib/python3.9/site-packages/airflow/example_dags/example_short_circuit_decorator.py
[2025-04-21T16:46:56.260-0400] {logging_mixin.py:188} INFO - [2025-04-21T16:46:56.260-0400] {dag.py:3036} INFO - Sync 1 DAGs
[2025-04-21T16:46:56.273-0400] {logging_mixin.py:188} INFO - [2025-04-21T16:46:56.273-0400] {dag.py:3823} INFO - Setting next_dagrun for example_short_circuit_decorator to 2025-04-20 00:00:00+00:00, run_after=2025-04-21 00:00:00+00:00
[2025-04-21T16:46:56.286-0400] {processor.py:183} INFO - Processing /Users/gaurav/Documents/Breast-Cancer-ML-Pipeline/venv/lib/python3.9/site-packages/airflow/example_dags/example_short_circuit_decorator.py took 0.127 seconds
[2025-04-21T16:47:57.502-0400] {processor.py:161} INFO - Started process (PID=84076) to work on /Users/gaurav/Documents/Breast-Cancer-ML-Pipeline/venv/lib/python3.9/site-packages/airflow/example_dags/example_short_circuit_decorator.py
[2025-04-21T16:47:57.503-0400] {processor.py:830} INFO - Processing file /Users/gaurav/Documents/Breast-Cancer-ML-Pipeline/venv/lib/python3.9/site-packages/airflow/example_dags/example_short_circuit_decorator.py for tasks to queue
[2025-04-21T16:47:57.504-0400] {logging_mixin.py:188} INFO - [2025-04-21T16:47:57.504-0400] {dagbag.py:538} INFO - Filling up the DagBag from /Users/gaurav/Documents/Breast-Cancer-ML-Pipeline/venv/lib/python3.9/site-packages/airflow/example_dags/example_short_circuit_decorator.py
[2025-04-21T16:47:57.533-0400] {processor.py:840} INFO - DAG(s) 'example_short_circuit_decorator' retrieved from /Users/gaurav/Documents/Breast-Cancer-ML-Pipeline/venv/lib/python3.9/site-packages/airflow/example_dags/example_short_circuit_decorator.py
[2025-04-21T16:47:57.601-0400] {logging_mixin.py:188} INFO - [2025-04-21T16:47:57.601-0400] {dag.py:3036} INFO - Sync 1 DAGs
[2025-04-21T16:47:57.613-0400] {logging_mixin.py:188} INFO - [2025-04-21T16:47:57.612-0400] {dag.py:3823} INFO - Setting next_dagrun for example_short_circuit_decorator to 2025-04-20 00:00:00+00:00, run_after=2025-04-21 00:00:00+00:00
[2025-04-21T16:47:57.626-0400] {processor.py:183} INFO - Processing /Users/gaurav/Documents/Breast-Cancer-ML-Pipeline/venv/lib/python3.9/site-packages/airflow/example_dags/example_short_circuit_decorator.py took 0.125 seconds
[2025-04-21T16:49:08.999-0400] {processor.py:161} INFO - Started process (PID=84155) to work on /Users/gaurav/Documents/Breast-Cancer-ML-Pipeline/venv/lib/python3.9/site-packages/airflow/example_dags/example_short_circuit_decorator.py
[2025-04-21T16:49:09.001-0400] {processor.py:830} INFO - Processing file /Users/gaurav/Documents/Breast-Cancer-ML-Pipeline/venv/lib/python3.9/site-packages/airflow/example_dags/example_short_circuit_decorator.py for tasks to queue
[2025-04-21T16:49:09.001-0400] {logging_mixin.py:188} INFO - [2025-04-21T16:49:09.001-0400] {dagbag.py:538} INFO - Filling up the DagBag from /Users/gaurav/Documents/Breast-Cancer-ML-Pipeline/venv/lib/python3.9/site-packages/airflow/example_dags/example_short_circuit_decorator.py
[2025-04-21T16:49:09.028-0400] {processor.py:840} INFO - DAG(s) 'example_short_circuit_decorator' retrieved from /Users/gaurav/Documents/Breast-Cancer-ML-Pipeline/venv/lib/python3.9/site-packages/airflow/example_dags/example_short_circuit_decorator.py
[2025-04-21T16:49:09.091-0400] {logging_mixin.py:188} INFO - [2025-04-21T16:49:09.091-0400] {dag.py:3036} INFO - Sync 1 DAGs
[2025-04-21T16:49:09.102-0400] {logging_mixin.py:188} INFO - [2025-04-21T16:49:09.102-0400] {dag.py:3823} INFO - Setting next_dagrun for example_short_circuit_decorator to 2025-04-20 00:00:00+00:00, run_after=2025-04-21 00:00:00+00:00
[2025-04-21T16:49:09.115-0400] {processor.py:183} INFO - Processing /Users/gaurav/Documents/Breast-Cancer-ML-Pipeline/venv/lib/python3.9/site-packages/airflow/example_dags/example_short_circuit_decorator.py took 0.117 seconds
[2025-04-21T16:50:21.319-0400] {processor.py:161} INFO - Started process (PID=84246) to work on /Users/gaurav/Documents/Breast-Cancer-ML-Pipeline/venv/lib/python3.9/site-packages/airflow/example_dags/example_short_circuit_decorator.py
[2025-04-21T16:50:21.321-0400] {processor.py:830} INFO - Processing file /Users/gaurav/Documents/Breast-Cancer-ML-Pipeline/venv/lib/python3.9/site-packages/airflow/example_dags/example_short_circuit_decorator.py for tasks to queue
[2025-04-21T16:50:21.322-0400] {logging_mixin.py:188} INFO - [2025-04-21T16:50:21.322-0400] {dagbag.py:538} INFO - Filling up the DagBag from /Users/gaurav/Documents/Breast-Cancer-ML-Pipeline/venv/lib/python3.9/site-packages/airflow/example_dags/example_short_circuit_decorator.py
[2025-04-21T16:50:21.352-0400] {processor.py:840} INFO - DAG(s) 'example_short_circuit_decorator' retrieved from /Users/gaurav/Documents/Breast-Cancer-ML-Pipeline/venv/lib/python3.9/site-packages/airflow/example_dags/example_short_circuit_decorator.py
[2025-04-21T16:50:21.438-0400] {logging_mixin.py:188} INFO - [2025-04-21T16:50:21.437-0400] {dag.py:3036} INFO - Sync 1 DAGs
[2025-04-21T16:50:21.450-0400] {logging_mixin.py:188} INFO - [2025-04-21T16:50:21.450-0400] {dag.py:3823} INFO - Setting next_dagrun for example_short_circuit_decorator to 2025-04-20 00:00:00+00:00, run_after=2025-04-21 00:00:00+00:00
[2025-04-21T16:50:21.465-0400] {processor.py:183} INFO - Processing /Users/gaurav/Documents/Breast-Cancer-ML-Pipeline/venv/lib/python3.9/site-packages/airflow/example_dags/example_short_circuit_decorator.py took 0.146 seconds
[2025-04-21T16:51:41.777-0400] {processor.py:161} INFO - Started process (PID=84335) to work on /Users/gaurav/Documents/Breast-Cancer-ML-Pipeline/venv/lib/python3.9/site-packages/airflow/example_dags/example_short_circuit_decorator.py
[2025-04-21T16:51:41.779-0400] {processor.py:830} INFO - Processing file /Users/gaurav/Documents/Breast-Cancer-ML-Pipeline/venv/lib/python3.9/site-packages/airflow/example_dags/example_short_circuit_decorator.py for tasks to queue
[2025-04-21T16:51:41.780-0400] {logging_mixin.py:188} INFO - [2025-04-21T16:51:41.780-0400] {dagbag.py:538} INFO - Filling up the DagBag from /Users/gaurav/Documents/Breast-Cancer-ML-Pipeline/venv/lib/python3.9/site-packages/airflow/example_dags/example_short_circuit_decorator.py
[2025-04-21T16:51:41.807-0400] {processor.py:840} INFO - DAG(s) 'example_short_circuit_decorator' retrieved from /Users/gaurav/Documents/Breast-Cancer-ML-Pipeline/venv/lib/python3.9/site-packages/airflow/example_dags/example_short_circuit_decorator.py
[2025-04-21T16:51:41.874-0400] {logging_mixin.py:188} INFO - [2025-04-21T16:51:41.874-0400] {dag.py:3036} INFO - Sync 1 DAGs
[2025-04-21T16:51:41.886-0400] {logging_mixin.py:188} INFO - [2025-04-21T16:51:41.886-0400] {dag.py:3823} INFO - Setting next_dagrun for example_short_circuit_decorator to 2025-04-20 00:00:00+00:00, run_after=2025-04-21 00:00:00+00:00
[2025-04-21T16:51:41.899-0400] {processor.py:183} INFO - Processing /Users/gaurav/Documents/Breast-Cancer-ML-Pipeline/venv/lib/python3.9/site-packages/airflow/example_dags/example_short_circuit_decorator.py took 0.122 seconds
[2025-04-21T16:53:04.029-0400] {processor.py:161} INFO - Started process (PID=84435) to work on /Users/gaurav/Documents/Breast-Cancer-ML-Pipeline/venv/lib/python3.9/site-packages/airflow/example_dags/example_short_circuit_decorator.py
[2025-04-21T16:53:04.030-0400] {processor.py:830} INFO - Processing file /Users/gaurav/Documents/Breast-Cancer-ML-Pipeline/venv/lib/python3.9/site-packages/airflow/example_dags/example_short_circuit_decorator.py for tasks to queue
[2025-04-21T16:53:04.031-0400] {logging_mixin.py:188} INFO - [2025-04-21T16:53:04.031-0400] {dagbag.py:538} INFO - Filling up the DagBag from /Users/gaurav/Documents/Breast-Cancer-ML-Pipeline/venv/lib/python3.9/site-packages/airflow/example_dags/example_short_circuit_decorator.py
[2025-04-21T16:53:04.059-0400] {processor.py:840} INFO - DAG(s) 'example_short_circuit_decorator' retrieved from /Users/gaurav/Documents/Breast-Cancer-ML-Pipeline/venv/lib/python3.9/site-packages/airflow/example_dags/example_short_circuit_decorator.py
[2025-04-21T16:53:04.123-0400] {logging_mixin.py:188} INFO - [2025-04-21T16:53:04.122-0400] {dag.py:3036} INFO - Sync 1 DAGs
[2025-04-21T16:53:04.134-0400] {logging_mixin.py:188} INFO - [2025-04-21T16:53:04.133-0400] {dag.py:3823} INFO - Setting next_dagrun for example_short_circuit_decorator to 2025-04-20 00:00:00+00:00, run_after=2025-04-21 00:00:00+00:00
[2025-04-21T16:53:04.146-0400] {processor.py:183} INFO - Processing /Users/gaurav/Documents/Breast-Cancer-ML-Pipeline/venv/lib/python3.9/site-packages/airflow/example_dags/example_short_circuit_decorator.py took 0.118 seconds
[2025-04-21T16:54:22.041-0400] {processor.py:161} INFO - Started process (PID=84538) to work on /Users/gaurav/Documents/Breast-Cancer-ML-Pipeline/venv/lib/python3.9/site-packages/airflow/example_dags/example_short_circuit_decorator.py
[2025-04-21T16:54:22.043-0400] {processor.py:830} INFO - Processing file /Users/gaurav/Documents/Breast-Cancer-ML-Pipeline/venv/lib/python3.9/site-packages/airflow/example_dags/example_short_circuit_decorator.py for tasks to queue
[2025-04-21T16:54:22.043-0400] {logging_mixin.py:188} INFO - [2025-04-21T16:54:22.043-0400] {dagbag.py:538} INFO - Filling up the DagBag from /Users/gaurav/Documents/Breast-Cancer-ML-Pipeline/venv/lib/python3.9/site-packages/airflow/example_dags/example_short_circuit_decorator.py
[2025-04-21T16:54:22.071-0400] {processor.py:840} INFO - DAG(s) 'example_short_circuit_decorator' retrieved from /Users/gaurav/Documents/Breast-Cancer-ML-Pipeline/venv/lib/python3.9/site-packages/airflow/example_dags/example_short_circuit_decorator.py
[2025-04-21T16:54:22.142-0400] {logging_mixin.py:188} INFO - [2025-04-21T16:54:22.141-0400] {dag.py:3036} INFO - Sync 1 DAGs
[2025-04-21T16:54:22.153-0400] {logging_mixin.py:188} INFO - [2025-04-21T16:54:22.153-0400] {dag.py:3823} INFO - Setting next_dagrun for example_short_circuit_decorator to 2025-04-20 00:00:00+00:00, run_after=2025-04-21 00:00:00+00:00
[2025-04-21T16:54:22.166-0400] {processor.py:183} INFO - Processing /Users/gaurav/Documents/Breast-Cancer-ML-Pipeline/venv/lib/python3.9/site-packages/airflow/example_dags/example_short_circuit_decorator.py took 0.126 seconds
[2025-04-21T16:56:25.680-0400] {processor.py:161} INFO - Started process (PID=84685) to work on /Users/gaurav/Documents/Breast-Cancer-ML-Pipeline/venv/lib/python3.9/site-packages/airflow/example_dags/example_short_circuit_decorator.py
[2025-04-21T16:56:25.682-0400] {processor.py:830} INFO - Processing file /Users/gaurav/Documents/Breast-Cancer-ML-Pipeline/venv/lib/python3.9/site-packages/airflow/example_dags/example_short_circuit_decorator.py for tasks to queue
[2025-04-21T16:56:25.683-0400] {logging_mixin.py:188} INFO - [2025-04-21T16:56:25.683-0400] {dagbag.py:538} INFO - Filling up the DagBag from /Users/gaurav/Documents/Breast-Cancer-ML-Pipeline/venv/lib/python3.9/site-packages/airflow/example_dags/example_short_circuit_decorator.py
[2025-04-21T16:56:25.709-0400] {processor.py:840} INFO - DAG(s) 'example_short_circuit_decorator' retrieved from /Users/gaurav/Documents/Breast-Cancer-ML-Pipeline/venv/lib/python3.9/site-packages/airflow/example_dags/example_short_circuit_decorator.py
[2025-04-21T16:56:25.826-0400] {logging_mixin.py:188} INFO - [2025-04-21T16:56:25.826-0400] {dag.py:3036} INFO - Sync 1 DAGs
[2025-04-21T16:56:25.837-0400] {logging_mixin.py:188} INFO - [2025-04-21T16:56:25.837-0400] {dag.py:3823} INFO - Setting next_dagrun for example_short_circuit_decorator to 2025-04-20 00:00:00+00:00, run_after=2025-04-21 00:00:00+00:00
[2025-04-21T16:56:25.849-0400] {processor.py:183} INFO - Processing /Users/gaurav/Documents/Breast-Cancer-ML-Pipeline/venv/lib/python3.9/site-packages/airflow/example_dags/example_short_circuit_decorator.py took 0.170 seconds
[2025-04-21T16:57:38.116-0400] {processor.py:161} INFO - Started process (PID=84786) to work on /Users/gaurav/Documents/Breast-Cancer-ML-Pipeline/venv/lib/python3.9/site-packages/airflow/example_dags/example_short_circuit_decorator.py
[2025-04-21T16:57:38.118-0400] {processor.py:830} INFO - Processing file /Users/gaurav/Documents/Breast-Cancer-ML-Pipeline/venv/lib/python3.9/site-packages/airflow/example_dags/example_short_circuit_decorator.py for tasks to queue
[2025-04-21T16:57:38.118-0400] {logging_mixin.py:188} INFO - [2025-04-21T16:57:38.118-0400] {dagbag.py:538} INFO - Filling up the DagBag from /Users/gaurav/Documents/Breast-Cancer-ML-Pipeline/venv/lib/python3.9/site-packages/airflow/example_dags/example_short_circuit_decorator.py
[2025-04-21T16:57:38.146-0400] {processor.py:840} INFO - DAG(s) 'example_short_circuit_decorator' retrieved from /Users/gaurav/Documents/Breast-Cancer-ML-Pipeline/venv/lib/python3.9/site-packages/airflow/example_dags/example_short_circuit_decorator.py
[2025-04-21T16:57:38.210-0400] {logging_mixin.py:188} INFO - [2025-04-21T16:57:38.210-0400] {dag.py:3036} INFO - Sync 1 DAGs
[2025-04-21T16:57:38.221-0400] {logging_mixin.py:188} INFO - [2025-04-21T16:57:38.221-0400] {dag.py:3823} INFO - Setting next_dagrun for example_short_circuit_decorator to 2025-04-20 00:00:00+00:00, run_after=2025-04-21 00:00:00+00:00
[2025-04-21T16:57:38.233-0400] {processor.py:183} INFO - Processing /Users/gaurav/Documents/Breast-Cancer-ML-Pipeline/venv/lib/python3.9/site-packages/airflow/example_dags/example_short_circuit_decorator.py took 0.118 seconds
[2025-04-21T16:58:58.848-0400] {processor.py:161} INFO - Started process (PID=84880) to work on /Users/gaurav/Documents/Breast-Cancer-ML-Pipeline/venv/lib/python3.9/site-packages/airflow/example_dags/example_short_circuit_decorator.py
[2025-04-21T16:58:58.850-0400] {processor.py:830} INFO - Processing file /Users/gaurav/Documents/Breast-Cancer-ML-Pipeline/venv/lib/python3.9/site-packages/airflow/example_dags/example_short_circuit_decorator.py for tasks to queue
[2025-04-21T16:58:58.850-0400] {logging_mixin.py:188} INFO - [2025-04-21T16:58:58.850-0400] {dagbag.py:538} INFO - Filling up the DagBag from /Users/gaurav/Documents/Breast-Cancer-ML-Pipeline/venv/lib/python3.9/site-packages/airflow/example_dags/example_short_circuit_decorator.py
[2025-04-21T16:58:58.878-0400] {processor.py:840} INFO - DAG(s) 'example_short_circuit_decorator' retrieved from /Users/gaurav/Documents/Breast-Cancer-ML-Pipeline/venv/lib/python3.9/site-packages/airflow/example_dags/example_short_circuit_decorator.py
[2025-04-21T16:58:58.949-0400] {logging_mixin.py:188} INFO - [2025-04-21T16:58:58.949-0400] {dag.py:3036} INFO - Sync 1 DAGs
[2025-04-21T16:58:58.961-0400] {logging_mixin.py:188} INFO - [2025-04-21T16:58:58.961-0400] {dag.py:3823} INFO - Setting next_dagrun for example_short_circuit_decorator to 2025-04-20 00:00:00+00:00, run_after=2025-04-21 00:00:00+00:00
[2025-04-21T16:58:58.974-0400] {processor.py:183} INFO - Processing /Users/gaurav/Documents/Breast-Cancer-ML-Pipeline/venv/lib/python3.9/site-packages/airflow/example_dags/example_short_circuit_decorator.py took 0.128 seconds
[2025-04-21T17:00:15.801-0400] {processor.py:161} INFO - Started process (PID=84972) to work on /Users/gaurav/Documents/Breast-Cancer-ML-Pipeline/venv/lib/python3.9/site-packages/airflow/example_dags/example_short_circuit_decorator.py
[2025-04-21T17:00:15.803-0400] {processor.py:830} INFO - Processing file /Users/gaurav/Documents/Breast-Cancer-ML-Pipeline/venv/lib/python3.9/site-packages/airflow/example_dags/example_short_circuit_decorator.py for tasks to queue
[2025-04-21T17:00:15.803-0400] {logging_mixin.py:188} INFO - [2025-04-21T17:00:15.803-0400] {dagbag.py:538} INFO - Filling up the DagBag from /Users/gaurav/Documents/Breast-Cancer-ML-Pipeline/venv/lib/python3.9/site-packages/airflow/example_dags/example_short_circuit_decorator.py
[2025-04-21T17:00:15.830-0400] {processor.py:840} INFO - DAG(s) 'example_short_circuit_decorator' retrieved from /Users/gaurav/Documents/Breast-Cancer-ML-Pipeline/venv/lib/python3.9/site-packages/airflow/example_dags/example_short_circuit_decorator.py
[2025-04-21T17:00:15.893-0400] {logging_mixin.py:188} INFO - [2025-04-21T17:00:15.893-0400] {dag.py:3036} INFO - Sync 1 DAGs
[2025-04-21T17:00:15.904-0400] {logging_mixin.py:188} INFO - [2025-04-21T17:00:15.904-0400] {dag.py:3823} INFO - Setting next_dagrun for example_short_circuit_decorator to 2025-04-20 00:00:00+00:00, run_after=2025-04-21 00:00:00+00:00
[2025-04-21T17:00:15.916-0400] {processor.py:183} INFO - Processing /Users/gaurav/Documents/Breast-Cancer-ML-Pipeline/venv/lib/python3.9/site-packages/airflow/example_dags/example_short_circuit_decorator.py took 0.116 seconds
[2025-04-21T17:01:32.524-0400] {processor.py:161} INFO - Started process (PID=85071) to work on /Users/gaurav/Documents/Breast-Cancer-ML-Pipeline/venv/lib/python3.9/site-packages/airflow/example_dags/example_short_circuit_decorator.py
[2025-04-21T17:01:32.526-0400] {processor.py:830} INFO - Processing file /Users/gaurav/Documents/Breast-Cancer-ML-Pipeline/venv/lib/python3.9/site-packages/airflow/example_dags/example_short_circuit_decorator.py for tasks to queue
[2025-04-21T17:01:32.526-0400] {logging_mixin.py:188} INFO - [2025-04-21T17:01:32.526-0400] {dagbag.py:538} INFO - Filling up the DagBag from /Users/gaurav/Documents/Breast-Cancer-ML-Pipeline/venv/lib/python3.9/site-packages/airflow/example_dags/example_short_circuit_decorator.py
[2025-04-21T17:01:32.555-0400] {processor.py:840} INFO - DAG(s) 'example_short_circuit_decorator' retrieved from /Users/gaurav/Documents/Breast-Cancer-ML-Pipeline/venv/lib/python3.9/site-packages/airflow/example_dags/example_short_circuit_decorator.py
[2025-04-21T17:01:32.624-0400] {logging_mixin.py:188} INFO - [2025-04-21T17:01:32.624-0400] {dag.py:3036} INFO - Sync 1 DAGs
[2025-04-21T17:01:32.636-0400] {logging_mixin.py:188} INFO - [2025-04-21T17:01:32.636-0400] {dag.py:3823} INFO - Setting next_dagrun for example_short_circuit_decorator to 2025-04-20 00:00:00+00:00, run_after=2025-04-21 00:00:00+00:00
[2025-04-21T17:01:32.649-0400] {processor.py:183} INFO - Processing /Users/gaurav/Documents/Breast-Cancer-ML-Pipeline/venv/lib/python3.9/site-packages/airflow/example_dags/example_short_circuit_decorator.py took 0.126 seconds
[2025-04-21T17:02:54.251-0400] {processor.py:161} INFO - Started process (PID=85157) to work on /Users/gaurav/Documents/Breast-Cancer-ML-Pipeline/venv/lib/python3.9/site-packages/airflow/example_dags/example_short_circuit_decorator.py
[2025-04-21T17:02:54.253-0400] {processor.py:830} INFO - Processing file /Users/gaurav/Documents/Breast-Cancer-ML-Pipeline/venv/lib/python3.9/site-packages/airflow/example_dags/example_short_circuit_decorator.py for tasks to queue
[2025-04-21T17:02:54.253-0400] {logging_mixin.py:188} INFO - [2025-04-21T17:02:54.253-0400] {dagbag.py:538} INFO - Filling up the DagBag from /Users/gaurav/Documents/Breast-Cancer-ML-Pipeline/venv/lib/python3.9/site-packages/airflow/example_dags/example_short_circuit_decorator.py
[2025-04-21T17:02:54.281-0400] {processor.py:840} INFO - DAG(s) 'example_short_circuit_decorator' retrieved from /Users/gaurav/Documents/Breast-Cancer-ML-Pipeline/venv/lib/python3.9/site-packages/airflow/example_dags/example_short_circuit_decorator.py
[2025-04-21T17:02:54.352-0400] {logging_mixin.py:188} INFO - [2025-04-21T17:02:54.352-0400] {dag.py:3036} INFO - Sync 1 DAGs
[2025-04-21T17:02:54.364-0400] {logging_mixin.py:188} INFO - [2025-04-21T17:02:54.364-0400] {dag.py:3823} INFO - Setting next_dagrun for example_short_circuit_decorator to 2025-04-20 00:00:00+00:00, run_after=2025-04-21 00:00:00+00:00
[2025-04-21T17:02:54.379-0400] {processor.py:183} INFO - Processing /Users/gaurav/Documents/Breast-Cancer-ML-Pipeline/venv/lib/python3.9/site-packages/airflow/example_dags/example_short_circuit_decorator.py took 0.129 seconds
[2025-04-21T17:04:10.739-0400] {processor.py:161} INFO - Started process (PID=85263) to work on /Users/gaurav/Documents/Breast-Cancer-ML-Pipeline/venv/lib/python3.9/site-packages/airflow/example_dags/example_short_circuit_decorator.py
[2025-04-21T17:04:10.740-0400] {processor.py:830} INFO - Processing file /Users/gaurav/Documents/Breast-Cancer-ML-Pipeline/venv/lib/python3.9/site-packages/airflow/example_dags/example_short_circuit_decorator.py for tasks to queue
[2025-04-21T17:04:10.741-0400] {logging_mixin.py:188} INFO - [2025-04-21T17:04:10.741-0400] {dagbag.py:538} INFO - Filling up the DagBag from /Users/gaurav/Documents/Breast-Cancer-ML-Pipeline/venv/lib/python3.9/site-packages/airflow/example_dags/example_short_circuit_decorator.py
[2025-04-21T17:04:10.769-0400] {processor.py:840} INFO - DAG(s) 'example_short_circuit_decorator' retrieved from /Users/gaurav/Documents/Breast-Cancer-ML-Pipeline/venv/lib/python3.9/site-packages/airflow/example_dags/example_short_circuit_decorator.py
[2025-04-21T17:04:10.833-0400] {logging_mixin.py:188} INFO - [2025-04-21T17:04:10.833-0400] {dag.py:3036} INFO - Sync 1 DAGs
[2025-04-21T17:04:10.844-0400] {logging_mixin.py:188} INFO - [2025-04-21T17:04:10.844-0400] {dag.py:3823} INFO - Setting next_dagrun for example_short_circuit_decorator to 2025-04-20 00:00:00+00:00, run_after=2025-04-21 00:00:00+00:00
[2025-04-21T17:04:10.858-0400] {processor.py:183} INFO - Processing /Users/gaurav/Documents/Breast-Cancer-ML-Pipeline/venv/lib/python3.9/site-packages/airflow/example_dags/example_short_circuit_decorator.py took 0.120 seconds
[2025-04-21T17:05:21.261-0400] {processor.py:161} INFO - Started process (PID=85343) to work on /Users/gaurav/Documents/Breast-Cancer-ML-Pipeline/venv/lib/python3.9/site-packages/airflow/example_dags/example_short_circuit_decorator.py
[2025-04-21T17:05:21.262-0400] {processor.py:830} INFO - Processing file /Users/gaurav/Documents/Breast-Cancer-ML-Pipeline/venv/lib/python3.9/site-packages/airflow/example_dags/example_short_circuit_decorator.py for tasks to queue
[2025-04-21T17:05:21.263-0400] {logging_mixin.py:188} INFO - [2025-04-21T17:05:21.263-0400] {dagbag.py:538} INFO - Filling up the DagBag from /Users/gaurav/Documents/Breast-Cancer-ML-Pipeline/venv/lib/python3.9/site-packages/airflow/example_dags/example_short_circuit_decorator.py
[2025-04-21T17:05:21.290-0400] {processor.py:840} INFO - DAG(s) 'example_short_circuit_decorator' retrieved from /Users/gaurav/Documents/Breast-Cancer-ML-Pipeline/venv/lib/python3.9/site-packages/airflow/example_dags/example_short_circuit_decorator.py
[2025-04-21T17:05:21.354-0400] {logging_mixin.py:188} INFO - [2025-04-21T17:05:21.354-0400] {dag.py:3036} INFO - Sync 1 DAGs
[2025-04-21T17:05:21.365-0400] {logging_mixin.py:188} INFO - [2025-04-21T17:05:21.364-0400] {dag.py:3823} INFO - Setting next_dagrun for example_short_circuit_decorator to 2025-04-20 00:00:00+00:00, run_after=2025-04-21 00:00:00+00:00
[2025-04-21T17:05:21.377-0400] {processor.py:183} INFO - Processing /Users/gaurav/Documents/Breast-Cancer-ML-Pipeline/venv/lib/python3.9/site-packages/airflow/example_dags/example_short_circuit_decorator.py took 0.117 seconds
[2025-04-21T17:06:32.341-0400] {processor.py:161} INFO - Started process (PID=85435) to work on /Users/gaurav/Documents/Breast-Cancer-ML-Pipeline/venv/lib/python3.9/site-packages/airflow/example_dags/example_short_circuit_decorator.py
[2025-04-21T17:06:32.343-0400] {processor.py:830} INFO - Processing file /Users/gaurav/Documents/Breast-Cancer-ML-Pipeline/venv/lib/python3.9/site-packages/airflow/example_dags/example_short_circuit_decorator.py for tasks to queue
[2025-04-21T17:06:32.344-0400] {logging_mixin.py:188} INFO - [2025-04-21T17:06:32.344-0400] {dagbag.py:538} INFO - Filling up the DagBag from /Users/gaurav/Documents/Breast-Cancer-ML-Pipeline/venv/lib/python3.9/site-packages/airflow/example_dags/example_short_circuit_decorator.py
[2025-04-21T17:06:32.372-0400] {processor.py:840} INFO - DAG(s) 'example_short_circuit_decorator' retrieved from /Users/gaurav/Documents/Breast-Cancer-ML-Pipeline/venv/lib/python3.9/site-packages/airflow/example_dags/example_short_circuit_decorator.py
[2025-04-21T17:06:32.437-0400] {logging_mixin.py:188} INFO - [2025-04-21T17:06:32.436-0400] {dag.py:3036} INFO - Sync 1 DAGs
[2025-04-21T17:06:32.448-0400] {logging_mixin.py:188} INFO - [2025-04-21T17:06:32.448-0400] {dag.py:3823} INFO - Setting next_dagrun for example_short_circuit_decorator to 2025-04-20 00:00:00+00:00, run_after=2025-04-21 00:00:00+00:00
[2025-04-21T17:06:32.461-0400] {processor.py:183} INFO - Processing /Users/gaurav/Documents/Breast-Cancer-ML-Pipeline/venv/lib/python3.9/site-packages/airflow/example_dags/example_short_circuit_decorator.py took 0.121 seconds
[2025-04-21T17:07:44.192-0400] {processor.py:161} INFO - Started process (PID=85514) to work on /Users/gaurav/Documents/Breast-Cancer-ML-Pipeline/venv/lib/python3.9/site-packages/airflow/example_dags/example_short_circuit_decorator.py
[2025-04-21T17:07:44.194-0400] {processor.py:830} INFO - Processing file /Users/gaurav/Documents/Breast-Cancer-ML-Pipeline/venv/lib/python3.9/site-packages/airflow/example_dags/example_short_circuit_decorator.py for tasks to queue
[2025-04-21T17:07:44.194-0400] {logging_mixin.py:188} INFO - [2025-04-21T17:07:44.194-0400] {dagbag.py:538} INFO - Filling up the DagBag from /Users/gaurav/Documents/Breast-Cancer-ML-Pipeline/venv/lib/python3.9/site-packages/airflow/example_dags/example_short_circuit_decorator.py
[2025-04-21T17:07:44.221-0400] {processor.py:840} INFO - DAG(s) 'example_short_circuit_decorator' retrieved from /Users/gaurav/Documents/Breast-Cancer-ML-Pipeline/venv/lib/python3.9/site-packages/airflow/example_dags/example_short_circuit_decorator.py
[2025-04-21T17:07:44.285-0400] {logging_mixin.py:188} INFO - [2025-04-21T17:07:44.285-0400] {dag.py:3036} INFO - Sync 1 DAGs
[2025-04-21T17:07:44.296-0400] {logging_mixin.py:188} INFO - [2025-04-21T17:07:44.296-0400] {dag.py:3823} INFO - Setting next_dagrun for example_short_circuit_decorator to 2025-04-20 00:00:00+00:00, run_after=2025-04-21 00:00:00+00:00
[2025-04-21T17:07:44.310-0400] {processor.py:183} INFO - Processing /Users/gaurav/Documents/Breast-Cancer-ML-Pipeline/venv/lib/python3.9/site-packages/airflow/example_dags/example_short_circuit_decorator.py took 0.118 seconds
[2025-04-21T17:08:59.094-0400] {processor.py:161} INFO - Started process (PID=85592) to work on /Users/gaurav/Documents/Breast-Cancer-ML-Pipeline/venv/lib/python3.9/site-packages/airflow/example_dags/example_short_circuit_decorator.py
[2025-04-21T17:08:59.096-0400] {processor.py:830} INFO - Processing file /Users/gaurav/Documents/Breast-Cancer-ML-Pipeline/venv/lib/python3.9/site-packages/airflow/example_dags/example_short_circuit_decorator.py for tasks to queue
[2025-04-21T17:08:59.096-0400] {logging_mixin.py:188} INFO - [2025-04-21T17:08:59.096-0400] {dagbag.py:538} INFO - Filling up the DagBag from /Users/gaurav/Documents/Breast-Cancer-ML-Pipeline/venv/lib/python3.9/site-packages/airflow/example_dags/example_short_circuit_decorator.py
[2025-04-21T17:08:59.124-0400] {processor.py:840} INFO - DAG(s) 'example_short_circuit_decorator' retrieved from /Users/gaurav/Documents/Breast-Cancer-ML-Pipeline/venv/lib/python3.9/site-packages/airflow/example_dags/example_short_circuit_decorator.py
[2025-04-21T17:08:59.190-0400] {logging_mixin.py:188} INFO - [2025-04-21T17:08:59.190-0400] {dag.py:3036} INFO - Sync 1 DAGs
[2025-04-21T17:08:59.201-0400] {logging_mixin.py:188} INFO - [2025-04-21T17:08:59.201-0400] {dag.py:3823} INFO - Setting next_dagrun for example_short_circuit_decorator to 2025-04-20 00:00:00+00:00, run_after=2025-04-21 00:00:00+00:00
[2025-04-21T17:08:59.214-0400] {processor.py:183} INFO - Processing /Users/gaurav/Documents/Breast-Cancer-ML-Pipeline/venv/lib/python3.9/site-packages/airflow/example_dags/example_short_circuit_decorator.py took 0.121 seconds
[2025-04-21T17:10:11.157-0400] {processor.py:161} INFO - Started process (PID=85669) to work on /Users/gaurav/Documents/Breast-Cancer-ML-Pipeline/venv/lib/python3.9/site-packages/airflow/example_dags/example_short_circuit_decorator.py
[2025-04-21T17:10:11.160-0400] {processor.py:830} INFO - Processing file /Users/gaurav/Documents/Breast-Cancer-ML-Pipeline/venv/lib/python3.9/site-packages/airflow/example_dags/example_short_circuit_decorator.py for tasks to queue
[2025-04-21T17:10:11.160-0400] {logging_mixin.py:188} INFO - [2025-04-21T17:10:11.160-0400] {dagbag.py:538} INFO - Filling up the DagBag from /Users/gaurav/Documents/Breast-Cancer-ML-Pipeline/venv/lib/python3.9/site-packages/airflow/example_dags/example_short_circuit_decorator.py
[2025-04-21T17:10:11.186-0400] {processor.py:840} INFO - DAG(s) 'example_short_circuit_decorator' retrieved from /Users/gaurav/Documents/Breast-Cancer-ML-Pipeline/venv/lib/python3.9/site-packages/airflow/example_dags/example_short_circuit_decorator.py
[2025-04-21T17:10:11.252-0400] {logging_mixin.py:188} INFO - [2025-04-21T17:10:11.251-0400] {dag.py:3036} INFO - Sync 1 DAGs
[2025-04-21T17:10:11.264-0400] {logging_mixin.py:188} INFO - [2025-04-21T17:10:11.263-0400] {dag.py:3823} INFO - Setting next_dagrun for example_short_circuit_decorator to 2025-04-20 00:00:00+00:00, run_after=2025-04-21 00:00:00+00:00
[2025-04-21T17:10:11.276-0400] {processor.py:183} INFO - Processing /Users/gaurav/Documents/Breast-Cancer-ML-Pipeline/venv/lib/python3.9/site-packages/airflow/example_dags/example_short_circuit_decorator.py took 0.119 seconds
[2025-04-21T17:11:25.902-0400] {processor.py:161} INFO - Started process (PID=85756) to work on /Users/gaurav/Documents/Breast-Cancer-ML-Pipeline/venv/lib/python3.9/site-packages/airflow/example_dags/example_short_circuit_decorator.py
[2025-04-21T17:11:25.904-0400] {processor.py:830} INFO - Processing file /Users/gaurav/Documents/Breast-Cancer-ML-Pipeline/venv/lib/python3.9/site-packages/airflow/example_dags/example_short_circuit_decorator.py for tasks to queue
[2025-04-21T17:11:25.904-0400] {logging_mixin.py:188} INFO - [2025-04-21T17:11:25.904-0400] {dagbag.py:538} INFO - Filling up the DagBag from /Users/gaurav/Documents/Breast-Cancer-ML-Pipeline/venv/lib/python3.9/site-packages/airflow/example_dags/example_short_circuit_decorator.py
[2025-04-21T17:11:25.931-0400] {processor.py:840} INFO - DAG(s) 'example_short_circuit_decorator' retrieved from /Users/gaurav/Documents/Breast-Cancer-ML-Pipeline/venv/lib/python3.9/site-packages/airflow/example_dags/example_short_circuit_decorator.py
[2025-04-21T17:11:25.994-0400] {logging_mixin.py:188} INFO - [2025-04-21T17:11:25.994-0400] {dag.py:3036} INFO - Sync 1 DAGs
[2025-04-21T17:11:26.005-0400] {logging_mixin.py:188} INFO - [2025-04-21T17:11:26.005-0400] {dag.py:3823} INFO - Setting next_dagrun for example_short_circuit_decorator to 2025-04-20 00:00:00+00:00, run_after=2025-04-21 00:00:00+00:00
[2025-04-21T17:11:26.018-0400] {processor.py:183} INFO - Processing /Users/gaurav/Documents/Breast-Cancer-ML-Pipeline/venv/lib/python3.9/site-packages/airflow/example_dags/example_short_circuit_decorator.py took 0.117 seconds
[2025-04-21T17:12:39.287-0400] {processor.py:161} INFO - Started process (PID=85847) to work on /Users/gaurav/Documents/Breast-Cancer-ML-Pipeline/venv/lib/python3.9/site-packages/airflow/example_dags/example_short_circuit_decorator.py
[2025-04-21T17:12:39.288-0400] {processor.py:830} INFO - Processing file /Users/gaurav/Documents/Breast-Cancer-ML-Pipeline/venv/lib/python3.9/site-packages/airflow/example_dags/example_short_circuit_decorator.py for tasks to queue
[2025-04-21T17:12:39.288-0400] {logging_mixin.py:188} INFO - [2025-04-21T17:12:39.288-0400] {dagbag.py:538} INFO - Filling up the DagBag from /Users/gaurav/Documents/Breast-Cancer-ML-Pipeline/venv/lib/python3.9/site-packages/airflow/example_dags/example_short_circuit_decorator.py
[2025-04-21T17:12:39.317-0400] {processor.py:840} INFO - DAG(s) 'example_short_circuit_decorator' retrieved from /Users/gaurav/Documents/Breast-Cancer-ML-Pipeline/venv/lib/python3.9/site-packages/airflow/example_dags/example_short_circuit_decorator.py
[2025-04-21T17:12:39.384-0400] {logging_mixin.py:188} INFO - [2025-04-21T17:12:39.383-0400] {dag.py:3036} INFO - Sync 1 DAGs
[2025-04-21T17:12:39.396-0400] {logging_mixin.py:188} INFO - [2025-04-21T17:12:39.396-0400] {dag.py:3823} INFO - Setting next_dagrun for example_short_circuit_decorator to 2025-04-20 00:00:00+00:00, run_after=2025-04-21 00:00:00+00:00
[2025-04-21T17:12:39.409-0400] {processor.py:183} INFO - Processing /Users/gaurav/Documents/Breast-Cancer-ML-Pipeline/venv/lib/python3.9/site-packages/airflow/example_dags/example_short_circuit_decorator.py took 0.123 seconds
[2025-04-21T17:13:53.210-0400] {processor.py:161} INFO - Started process (PID=85943) to work on /Users/gaurav/Documents/Breast-Cancer-ML-Pipeline/venv/lib/python3.9/site-packages/airflow/example_dags/example_short_circuit_decorator.py
[2025-04-21T17:13:53.212-0400] {processor.py:830} INFO - Processing file /Users/gaurav/Documents/Breast-Cancer-ML-Pipeline/venv/lib/python3.9/site-packages/airflow/example_dags/example_short_circuit_decorator.py for tasks to queue
[2025-04-21T17:13:53.212-0400] {logging_mixin.py:188} INFO - [2025-04-21T17:13:53.212-0400] {dagbag.py:538} INFO - Filling up the DagBag from /Users/gaurav/Documents/Breast-Cancer-ML-Pipeline/venv/lib/python3.9/site-packages/airflow/example_dags/example_short_circuit_decorator.py
[2025-04-21T17:13:53.241-0400] {processor.py:840} INFO - DAG(s) 'example_short_circuit_decorator' retrieved from /Users/gaurav/Documents/Breast-Cancer-ML-Pipeline/venv/lib/python3.9/site-packages/airflow/example_dags/example_short_circuit_decorator.py
[2025-04-21T17:13:53.308-0400] {logging_mixin.py:188} INFO - [2025-04-21T17:13:53.308-0400] {dag.py:3036} INFO - Sync 1 DAGs
[2025-04-21T17:13:53.321-0400] {logging_mixin.py:188} INFO - [2025-04-21T17:13:53.320-0400] {dag.py:3823} INFO - Setting next_dagrun for example_short_circuit_decorator to 2025-04-20 00:00:00+00:00, run_after=2025-04-21 00:00:00+00:00
[2025-04-21T17:13:53.333-0400] {processor.py:183} INFO - Processing /Users/gaurav/Documents/Breast-Cancer-ML-Pipeline/venv/lib/python3.9/site-packages/airflow/example_dags/example_short_circuit_decorator.py took 0.124 seconds
[2025-04-21T17:15:06.419-0400] {processor.py:161} INFO - Started process (PID=86022) to work on /Users/gaurav/Documents/Breast-Cancer-ML-Pipeline/venv/lib/python3.9/site-packages/airflow/example_dags/example_short_circuit_decorator.py
[2025-04-21T17:15:06.420-0400] {processor.py:830} INFO - Processing file /Users/gaurav/Documents/Breast-Cancer-ML-Pipeline/venv/lib/python3.9/site-packages/airflow/example_dags/example_short_circuit_decorator.py for tasks to queue
[2025-04-21T17:15:06.421-0400] {logging_mixin.py:188} INFO - [2025-04-21T17:15:06.421-0400] {dagbag.py:538} INFO - Filling up the DagBag from /Users/gaurav/Documents/Breast-Cancer-ML-Pipeline/venv/lib/python3.9/site-packages/airflow/example_dags/example_short_circuit_decorator.py
[2025-04-21T17:15:06.451-0400] {processor.py:840} INFO - DAG(s) 'example_short_circuit_decorator' retrieved from /Users/gaurav/Documents/Breast-Cancer-ML-Pipeline/venv/lib/python3.9/site-packages/airflow/example_dags/example_short_circuit_decorator.py
[2025-04-21T17:15:06.515-0400] {logging_mixin.py:188} INFO - [2025-04-21T17:15:06.515-0400] {dag.py:3036} INFO - Sync 1 DAGs
[2025-04-21T17:15:06.526-0400] {logging_mixin.py:188} INFO - [2025-04-21T17:15:06.526-0400] {dag.py:3823} INFO - Setting next_dagrun for example_short_circuit_decorator to 2025-04-20 00:00:00+00:00, run_after=2025-04-21 00:00:00+00:00
[2025-04-21T17:15:06.539-0400] {processor.py:183} INFO - Processing /Users/gaurav/Documents/Breast-Cancer-ML-Pipeline/venv/lib/python3.9/site-packages/airflow/example_dags/example_short_circuit_decorator.py took 0.121 seconds
[2025-04-21T17:16:19.693-0400] {processor.py:161} INFO - Started process (PID=86110) to work on /Users/gaurav/Documents/Breast-Cancer-ML-Pipeline/venv/lib/python3.9/site-packages/airflow/example_dags/example_short_circuit_decorator.py
[2025-04-21T17:16:19.695-0400] {processor.py:830} INFO - Processing file /Users/gaurav/Documents/Breast-Cancer-ML-Pipeline/venv/lib/python3.9/site-packages/airflow/example_dags/example_short_circuit_decorator.py for tasks to queue
[2025-04-21T17:16:19.695-0400] {logging_mixin.py:188} INFO - [2025-04-21T17:16:19.695-0400] {dagbag.py:538} INFO - Filling up the DagBag from /Users/gaurav/Documents/Breast-Cancer-ML-Pipeline/venv/lib/python3.9/site-packages/airflow/example_dags/example_short_circuit_decorator.py
[2025-04-21T17:16:19.723-0400] {processor.py:840} INFO - DAG(s) 'example_short_circuit_decorator' retrieved from /Users/gaurav/Documents/Breast-Cancer-ML-Pipeline/venv/lib/python3.9/site-packages/airflow/example_dags/example_short_circuit_decorator.py
[2025-04-21T17:16:19.787-0400] {logging_mixin.py:188} INFO - [2025-04-21T17:16:19.786-0400] {dag.py:3036} INFO - Sync 1 DAGs
[2025-04-21T17:16:19.799-0400] {logging_mixin.py:188} INFO - [2025-04-21T17:16:19.799-0400] {dag.py:3823} INFO - Setting next_dagrun for example_short_circuit_decorator to 2025-04-20 00:00:00+00:00, run_after=2025-04-21 00:00:00+00:00
[2025-04-21T17:16:19.813-0400] {processor.py:183} INFO - Processing /Users/gaurav/Documents/Breast-Cancer-ML-Pipeline/venv/lib/python3.9/site-packages/airflow/example_dags/example_short_circuit_decorator.py took 0.121 seconds
[2025-04-21T17:17:33.604-0400] {processor.py:161} INFO - Started process (PID=86217) to work on /Users/gaurav/Documents/Breast-Cancer-ML-Pipeline/venv/lib/python3.9/site-packages/airflow/example_dags/example_short_circuit_decorator.py
[2025-04-21T17:17:33.606-0400] {processor.py:830} INFO - Processing file /Users/gaurav/Documents/Breast-Cancer-ML-Pipeline/venv/lib/python3.9/site-packages/airflow/example_dags/example_short_circuit_decorator.py for tasks to queue
[2025-04-21T17:17:33.607-0400] {logging_mixin.py:188} INFO - [2025-04-21T17:17:33.606-0400] {dagbag.py:538} INFO - Filling up the DagBag from /Users/gaurav/Documents/Breast-Cancer-ML-Pipeline/venv/lib/python3.9/site-packages/airflow/example_dags/example_short_circuit_decorator.py
[2025-04-21T17:17:33.635-0400] {processor.py:840} INFO - DAG(s) 'example_short_circuit_decorator' retrieved from /Users/gaurav/Documents/Breast-Cancer-ML-Pipeline/venv/lib/python3.9/site-packages/airflow/example_dags/example_short_circuit_decorator.py
[2025-04-21T17:17:33.702-0400] {logging_mixin.py:188} INFO - [2025-04-21T17:17:33.701-0400] {dag.py:3036} INFO - Sync 1 DAGs
[2025-04-21T17:17:33.712-0400] {logging_mixin.py:188} INFO - [2025-04-21T17:17:33.712-0400] {dag.py:3823} INFO - Setting next_dagrun for example_short_circuit_decorator to 2025-04-20 00:00:00+00:00, run_after=2025-04-21 00:00:00+00:00
[2025-04-21T17:17:33.727-0400] {processor.py:183} INFO - Processing /Users/gaurav/Documents/Breast-Cancer-ML-Pipeline/venv/lib/python3.9/site-packages/airflow/example_dags/example_short_circuit_decorator.py took 0.123 seconds
[2025-04-21T17:18:49.289-0400] {processor.py:161} INFO - Started process (PID=86309) to work on /Users/gaurav/Documents/Breast-Cancer-ML-Pipeline/venv/lib/python3.9/site-packages/airflow/example_dags/example_short_circuit_decorator.py
[2025-04-21T17:18:49.292-0400] {processor.py:830} INFO - Processing file /Users/gaurav/Documents/Breast-Cancer-ML-Pipeline/venv/lib/python3.9/site-packages/airflow/example_dags/example_short_circuit_decorator.py for tasks to queue
[2025-04-21T17:18:49.292-0400] {logging_mixin.py:188} INFO - [2025-04-21T17:18:49.292-0400] {dagbag.py:538} INFO - Filling up the DagBag from /Users/gaurav/Documents/Breast-Cancer-ML-Pipeline/venv/lib/python3.9/site-packages/airflow/example_dags/example_short_circuit_decorator.py
[2025-04-21T17:18:49.319-0400] {processor.py:840} INFO - DAG(s) 'example_short_circuit_decorator' retrieved from /Users/gaurav/Documents/Breast-Cancer-ML-Pipeline/venv/lib/python3.9/site-packages/airflow/example_dags/example_short_circuit_decorator.py
[2025-04-21T17:18:49.383-0400] {logging_mixin.py:188} INFO - [2025-04-21T17:18:49.382-0400] {dag.py:3036} INFO - Sync 1 DAGs
[2025-04-21T17:18:49.394-0400] {logging_mixin.py:188} INFO - [2025-04-21T17:18:49.394-0400] {dag.py:3823} INFO - Setting next_dagrun for example_short_circuit_decorator to 2025-04-20 00:00:00+00:00, run_after=2025-04-21 00:00:00+00:00
[2025-04-21T17:18:49.406-0400] {processor.py:183} INFO - Processing /Users/gaurav/Documents/Breast-Cancer-ML-Pipeline/venv/lib/python3.9/site-packages/airflow/example_dags/example_short_circuit_decorator.py took 0.119 seconds
[2025-04-21T17:20:04.818-0400] {processor.py:161} INFO - Started process (PID=86404) to work on /Users/gaurav/Documents/Breast-Cancer-ML-Pipeline/venv/lib/python3.9/site-packages/airflow/example_dags/example_short_circuit_decorator.py
[2025-04-21T17:20:04.820-0400] {processor.py:830} INFO - Processing file /Users/gaurav/Documents/Breast-Cancer-ML-Pipeline/venv/lib/python3.9/site-packages/airflow/example_dags/example_short_circuit_decorator.py for tasks to queue
[2025-04-21T17:20:04.821-0400] {logging_mixin.py:188} INFO - [2025-04-21T17:20:04.821-0400] {dagbag.py:538} INFO - Filling up the DagBag from /Users/gaurav/Documents/Breast-Cancer-ML-Pipeline/venv/lib/python3.9/site-packages/airflow/example_dags/example_short_circuit_decorator.py
[2025-04-21T17:20:04.850-0400] {processor.py:840} INFO - DAG(s) 'example_short_circuit_decorator' retrieved from /Users/gaurav/Documents/Breast-Cancer-ML-Pipeline/venv/lib/python3.9/site-packages/airflow/example_dags/example_short_circuit_decorator.py
[2025-04-21T17:20:04.919-0400] {logging_mixin.py:188} INFO - [2025-04-21T17:20:04.918-0400] {dag.py:3036} INFO - Sync 1 DAGs
[2025-04-21T17:20:04.931-0400] {logging_mixin.py:188} INFO - [2025-04-21T17:20:04.930-0400] {dag.py:3823} INFO - Setting next_dagrun for example_short_circuit_decorator to 2025-04-20 00:00:00+00:00, run_after=2025-04-21 00:00:00+00:00
[2025-04-21T17:20:04.945-0400] {processor.py:183} INFO - Processing /Users/gaurav/Documents/Breast-Cancer-ML-Pipeline/venv/lib/python3.9/site-packages/airflow/example_dags/example_short_circuit_decorator.py took 0.128 seconds
[2025-04-21T17:21:55.968-0400] {processor.py:161} INFO - Started process (PID=86511) to work on /Users/gaurav/Documents/Breast-Cancer-ML-Pipeline/venv/lib/python3.9/site-packages/airflow/example_dags/example_short_circuit_decorator.py
[2025-04-21T17:21:55.970-0400] {processor.py:830} INFO - Processing file /Users/gaurav/Documents/Breast-Cancer-ML-Pipeline/venv/lib/python3.9/site-packages/airflow/example_dags/example_short_circuit_decorator.py for tasks to queue
[2025-04-21T17:21:55.971-0400] {logging_mixin.py:188} INFO - [2025-04-21T17:21:55.970-0400] {dagbag.py:538} INFO - Filling up the DagBag from /Users/gaurav/Documents/Breast-Cancer-ML-Pipeline/venv/lib/python3.9/site-packages/airflow/example_dags/example_short_circuit_decorator.py
[2025-04-21T17:21:55.998-0400] {processor.py:840} INFO - DAG(s) 'example_short_circuit_decorator' retrieved from /Users/gaurav/Documents/Breast-Cancer-ML-Pipeline/venv/lib/python3.9/site-packages/airflow/example_dags/example_short_circuit_decorator.py
[2025-04-21T17:21:56.118-0400] {logging_mixin.py:188} INFO - [2025-04-21T17:21:56.118-0400] {dag.py:3036} INFO - Sync 1 DAGs
[2025-04-21T17:21:56.129-0400] {logging_mixin.py:188} INFO - [2025-04-21T17:21:56.129-0400] {dag.py:3823} INFO - Setting next_dagrun for example_short_circuit_decorator to 2025-04-20 00:00:00+00:00, run_after=2025-04-21 00:00:00+00:00
[2025-04-21T17:21:56.142-0400] {processor.py:183} INFO - Processing /Users/gaurav/Documents/Breast-Cancer-ML-Pipeline/venv/lib/python3.9/site-packages/airflow/example_dags/example_short_circuit_decorator.py took 0.174 seconds
[2025-04-21T17:23:19.778-0400] {processor.py:161} INFO - Started process (PID=86597) to work on /Users/gaurav/Documents/Breast-Cancer-ML-Pipeline/venv/lib/python3.9/site-packages/airflow/example_dags/example_short_circuit_decorator.py
[2025-04-21T17:23:19.779-0400] {processor.py:830} INFO - Processing file /Users/gaurav/Documents/Breast-Cancer-ML-Pipeline/venv/lib/python3.9/site-packages/airflow/example_dags/example_short_circuit_decorator.py for tasks to queue
[2025-04-21T17:23:19.780-0400] {logging_mixin.py:188} INFO - [2025-04-21T17:23:19.780-0400] {dagbag.py:538} INFO - Filling up the DagBag from /Users/gaurav/Documents/Breast-Cancer-ML-Pipeline/venv/lib/python3.9/site-packages/airflow/example_dags/example_short_circuit_decorator.py
[2025-04-21T17:23:19.810-0400] {processor.py:840} INFO - DAG(s) 'example_short_circuit_decorator' retrieved from /Users/gaurav/Documents/Breast-Cancer-ML-Pipeline/venv/lib/python3.9/site-packages/airflow/example_dags/example_short_circuit_decorator.py
[2025-04-21T17:23:19.882-0400] {logging_mixin.py:188} INFO - [2025-04-21T17:23:19.881-0400] {dag.py:3036} INFO - Sync 1 DAGs
[2025-04-21T17:23:19.893-0400] {logging_mixin.py:188} INFO - [2025-04-21T17:23:19.893-0400] {dag.py:3823} INFO - Setting next_dagrun for example_short_circuit_decorator to 2025-04-20 00:00:00+00:00, run_after=2025-04-21 00:00:00+00:00
[2025-04-21T17:23:19.906-0400] {processor.py:183} INFO - Processing /Users/gaurav/Documents/Breast-Cancer-ML-Pipeline/venv/lib/python3.9/site-packages/airflow/example_dags/example_short_circuit_decorator.py took 0.130 seconds
[2025-04-21T17:24:37.544-0400] {processor.py:161} INFO - Started process (PID=86694) to work on /Users/gaurav/Documents/Breast-Cancer-ML-Pipeline/venv/lib/python3.9/site-packages/airflow/example_dags/example_short_circuit_decorator.py
[2025-04-21T17:24:37.545-0400] {processor.py:830} INFO - Processing file /Users/gaurav/Documents/Breast-Cancer-ML-Pipeline/venv/lib/python3.9/site-packages/airflow/example_dags/example_short_circuit_decorator.py for tasks to queue
[2025-04-21T17:24:37.545-0400] {logging_mixin.py:188} INFO - [2025-04-21T17:24:37.545-0400] {dagbag.py:538} INFO - Filling up the DagBag from /Users/gaurav/Documents/Breast-Cancer-ML-Pipeline/venv/lib/python3.9/site-packages/airflow/example_dags/example_short_circuit_decorator.py
[2025-04-21T17:24:37.574-0400] {processor.py:840} INFO - DAG(s) 'example_short_circuit_decorator' retrieved from /Users/gaurav/Documents/Breast-Cancer-ML-Pipeline/venv/lib/python3.9/site-packages/airflow/example_dags/example_short_circuit_decorator.py
[2025-04-21T17:24:37.646-0400] {logging_mixin.py:188} INFO - [2025-04-21T17:24:37.646-0400] {dag.py:3036} INFO - Sync 1 DAGs
[2025-04-21T17:24:37.659-0400] {logging_mixin.py:188} INFO - [2025-04-21T17:24:37.659-0400] {dag.py:3823} INFO - Setting next_dagrun for example_short_circuit_decorator to 2025-04-20 00:00:00+00:00, run_after=2025-04-21 00:00:00+00:00
[2025-04-21T17:24:37.674-0400] {processor.py:183} INFO - Processing /Users/gaurav/Documents/Breast-Cancer-ML-Pipeline/venv/lib/python3.9/site-packages/airflow/example_dags/example_short_circuit_decorator.py took 0.132 seconds
[2025-04-21T17:25:55.751-0400] {processor.py:161} INFO - Started process (PID=86804) to work on /Users/gaurav/Documents/Breast-Cancer-ML-Pipeline/venv/lib/python3.9/site-packages/airflow/example_dags/example_short_circuit_decorator.py
[2025-04-21T17:25:55.753-0400] {processor.py:830} INFO - Processing file /Users/gaurav/Documents/Breast-Cancer-ML-Pipeline/venv/lib/python3.9/site-packages/airflow/example_dags/example_short_circuit_decorator.py for tasks to queue
[2025-04-21T17:25:55.754-0400] {logging_mixin.py:188} INFO - [2025-04-21T17:25:55.754-0400] {dagbag.py:538} INFO - Filling up the DagBag from /Users/gaurav/Documents/Breast-Cancer-ML-Pipeline/venv/lib/python3.9/site-packages/airflow/example_dags/example_short_circuit_decorator.py
[2025-04-21T17:25:55.783-0400] {processor.py:840} INFO - DAG(s) 'example_short_circuit_decorator' retrieved from /Users/gaurav/Documents/Breast-Cancer-ML-Pipeline/venv/lib/python3.9/site-packages/airflow/example_dags/example_short_circuit_decorator.py
[2025-04-21T17:25:55.849-0400] {logging_mixin.py:188} INFO - [2025-04-21T17:25:55.848-0400] {dag.py:3036} INFO - Sync 1 DAGs
[2025-04-21T17:25:55.860-0400] {logging_mixin.py:188} INFO - [2025-04-21T17:25:55.860-0400] {dag.py:3823} INFO - Setting next_dagrun for example_short_circuit_decorator to 2025-04-20 00:00:00+00:00, run_after=2025-04-21 00:00:00+00:00
[2025-04-21T17:25:55.873-0400] {processor.py:183} INFO - Processing /Users/gaurav/Documents/Breast-Cancer-ML-Pipeline/venv/lib/python3.9/site-packages/airflow/example_dags/example_short_circuit_decorator.py took 0.123 seconds
[2025-04-21T17:27:08.797-0400] {processor.py:161} INFO - Started process (PID=86892) to work on /Users/gaurav/Documents/Breast-Cancer-ML-Pipeline/venv/lib/python3.9/site-packages/airflow/example_dags/example_short_circuit_decorator.py
[2025-04-21T17:27:08.799-0400] {processor.py:830} INFO - Processing file /Users/gaurav/Documents/Breast-Cancer-ML-Pipeline/venv/lib/python3.9/site-packages/airflow/example_dags/example_short_circuit_decorator.py for tasks to queue
[2025-04-21T17:27:08.799-0400] {logging_mixin.py:188} INFO - [2025-04-21T17:27:08.799-0400] {dagbag.py:538} INFO - Filling up the DagBag from /Users/gaurav/Documents/Breast-Cancer-ML-Pipeline/venv/lib/python3.9/site-packages/airflow/example_dags/example_short_circuit_decorator.py
[2025-04-21T17:27:08.829-0400] {processor.py:840} INFO - DAG(s) 'example_short_circuit_decorator' retrieved from /Users/gaurav/Documents/Breast-Cancer-ML-Pipeline/venv/lib/python3.9/site-packages/airflow/example_dags/example_short_circuit_decorator.py
[2025-04-21T17:27:08.900-0400] {logging_mixin.py:188} INFO - [2025-04-21T17:27:08.900-0400] {dag.py:3036} INFO - Sync 1 DAGs
[2025-04-21T17:27:08.912-0400] {logging_mixin.py:188} INFO - [2025-04-21T17:27:08.912-0400] {dag.py:3823} INFO - Setting next_dagrun for example_short_circuit_decorator to 2025-04-20 00:00:00+00:00, run_after=2025-04-21 00:00:00+00:00
[2025-04-21T17:27:08.927-0400] {processor.py:183} INFO - Processing /Users/gaurav/Documents/Breast-Cancer-ML-Pipeline/venv/lib/python3.9/site-packages/airflow/example_dags/example_short_circuit_decorator.py took 0.131 seconds
[2025-04-21T17:29:28.988-0400] {processor.py:161} INFO - Started process (PID=87115) to work on /Users/gaurav/Documents/Breast-Cancer-ML-Pipeline/venv/lib/python3.9/site-packages/airflow/example_dags/example_short_circuit_decorator.py
[2025-04-21T17:29:28.990-0400] {processor.py:830} INFO - Processing file /Users/gaurav/Documents/Breast-Cancer-ML-Pipeline/venv/lib/python3.9/site-packages/airflow/example_dags/example_short_circuit_decorator.py for tasks to queue
[2025-04-21T17:29:28.991-0400] {logging_mixin.py:188} INFO - [2025-04-21T17:29:28.990-0400] {dagbag.py:538} INFO - Filling up the DagBag from /Users/gaurav/Documents/Breast-Cancer-ML-Pipeline/venv/lib/python3.9/site-packages/airflow/example_dags/example_short_circuit_decorator.py
[2025-04-21T17:29:29.019-0400] {processor.py:840} INFO - DAG(s) 'example_short_circuit_decorator' retrieved from /Users/gaurav/Documents/Breast-Cancer-ML-Pipeline/venv/lib/python3.9/site-packages/airflow/example_dags/example_short_circuit_decorator.py
[2025-04-21T17:29:29.091-0400] {logging_mixin.py:188} INFO - [2025-04-21T17:29:29.091-0400] {dag.py:3036} INFO - Sync 1 DAGs
[2025-04-21T17:29:29.103-0400] {logging_mixin.py:188} INFO - [2025-04-21T17:29:29.103-0400] {dag.py:3823} INFO - Setting next_dagrun for example_short_circuit_decorator to 2025-04-20 00:00:00+00:00, run_after=2025-04-21 00:00:00+00:00
[2025-04-21T17:29:29.119-0400] {processor.py:183} INFO - Processing /Users/gaurav/Documents/Breast-Cancer-ML-Pipeline/venv/lib/python3.9/site-packages/airflow/example_dags/example_short_circuit_decorator.py took 0.132 seconds
[2025-04-21T17:30:45.792-0400] {processor.py:161} INFO - Started process (PID=87203) to work on /Users/gaurav/Documents/Breast-Cancer-ML-Pipeline/venv/lib/python3.9/site-packages/airflow/example_dags/example_short_circuit_decorator.py
[2025-04-21T17:30:45.794-0400] {processor.py:830} INFO - Processing file /Users/gaurav/Documents/Breast-Cancer-ML-Pipeline/venv/lib/python3.9/site-packages/airflow/example_dags/example_short_circuit_decorator.py for tasks to queue
[2025-04-21T17:30:45.794-0400] {logging_mixin.py:188} INFO - [2025-04-21T17:30:45.794-0400] {dagbag.py:538} INFO - Filling up the DagBag from /Users/gaurav/Documents/Breast-Cancer-ML-Pipeline/venv/lib/python3.9/site-packages/airflow/example_dags/example_short_circuit_decorator.py
[2025-04-21T17:30:45.822-0400] {processor.py:840} INFO - DAG(s) 'example_short_circuit_decorator' retrieved from /Users/gaurav/Documents/Breast-Cancer-ML-Pipeline/venv/lib/python3.9/site-packages/airflow/example_dags/example_short_circuit_decorator.py
[2025-04-21T17:30:45.891-0400] {logging_mixin.py:188} INFO - [2025-04-21T17:30:45.891-0400] {dag.py:3036} INFO - Sync 1 DAGs
[2025-04-21T17:30:45.903-0400] {logging_mixin.py:188} INFO - [2025-04-21T17:30:45.903-0400] {dag.py:3823} INFO - Setting next_dagrun for example_short_circuit_decorator to 2025-04-20 00:00:00+00:00, run_after=2025-04-21 00:00:00+00:00
[2025-04-21T17:30:45.917-0400] {processor.py:183} INFO - Processing /Users/gaurav/Documents/Breast-Cancer-ML-Pipeline/venv/lib/python3.9/site-packages/airflow/example_dags/example_short_circuit_decorator.py took 0.127 seconds
[2025-04-21T17:31:59.464-0400] {processor.py:161} INFO - Started process (PID=87282) to work on /Users/gaurav/Documents/Breast-Cancer-ML-Pipeline/venv/lib/python3.9/site-packages/airflow/example_dags/example_short_circuit_decorator.py
[2025-04-21T17:31:59.466-0400] {processor.py:830} INFO - Processing file /Users/gaurav/Documents/Breast-Cancer-ML-Pipeline/venv/lib/python3.9/site-packages/airflow/example_dags/example_short_circuit_decorator.py for tasks to queue
[2025-04-21T17:31:59.466-0400] {logging_mixin.py:188} INFO - [2025-04-21T17:31:59.466-0400] {dagbag.py:538} INFO - Filling up the DagBag from /Users/gaurav/Documents/Breast-Cancer-ML-Pipeline/venv/lib/python3.9/site-packages/airflow/example_dags/example_short_circuit_decorator.py
[2025-04-21T17:31:59.498-0400] {processor.py:840} INFO - DAG(s) 'example_short_circuit_decorator' retrieved from /Users/gaurav/Documents/Breast-Cancer-ML-Pipeline/venv/lib/python3.9/site-packages/airflow/example_dags/example_short_circuit_decorator.py
[2025-04-21T17:37:02.005-0400] {processor.py:161} INFO - Started process (PID=87595) to work on /Users/gaurav/Documents/Breast-Cancer-ML-Pipeline/venv/lib/python3.9/site-packages/airflow/example_dags/example_short_circuit_decorator.py
[2025-04-21T17:37:02.008-0400] {processor.py:830} INFO - Processing file /Users/gaurav/Documents/Breast-Cancer-ML-Pipeline/venv/lib/python3.9/site-packages/airflow/example_dags/example_short_circuit_decorator.py for tasks to queue
[2025-04-21T17:37:02.008-0400] {logging_mixin.py:188} INFO - [2025-04-21T17:37:02.008-0400] {dagbag.py:538} INFO - Filling up the DagBag from /Users/gaurav/Documents/Breast-Cancer-ML-Pipeline/venv/lib/python3.9/site-packages/airflow/example_dags/example_short_circuit_decorator.py
[2025-04-21T17:37:02.034-0400] {processor.py:840} INFO - DAG(s) 'example_short_circuit_decorator' retrieved from /Users/gaurav/Documents/Breast-Cancer-ML-Pipeline/venv/lib/python3.9/site-packages/airflow/example_dags/example_short_circuit_decorator.py
[2025-04-21T17:37:02.150-0400] {logging_mixin.py:188} INFO - [2025-04-21T17:37:02.149-0400] {dag.py:3036} INFO - Sync 1 DAGs
[2025-04-21T17:37:02.160-0400] {logging_mixin.py:188} INFO - [2025-04-21T17:37:02.160-0400] {dag.py:3823} INFO - Setting next_dagrun for example_short_circuit_decorator to 2025-04-20 00:00:00+00:00, run_after=2025-04-21 00:00:00+00:00
[2025-04-21T17:37:02.172-0400] {processor.py:183} INFO - Processing /Users/gaurav/Documents/Breast-Cancer-ML-Pipeline/venv/lib/python3.9/site-packages/airflow/example_dags/example_short_circuit_decorator.py took 0.168 seconds
[2025-04-21T17:38:53.003-0400] {processor.py:161} INFO - Started process (PID=87873) to work on /Users/gaurav/Documents/Breast-Cancer-ML-Pipeline/venv/lib/python3.9/site-packages/airflow/example_dags/example_short_circuit_decorator.py
[2025-04-21T17:38:53.004-0400] {processor.py:830} INFO - Processing file /Users/gaurav/Documents/Breast-Cancer-ML-Pipeline/venv/lib/python3.9/site-packages/airflow/example_dags/example_short_circuit_decorator.py for tasks to queue
[2025-04-21T17:38:53.005-0400] {logging_mixin.py:188} INFO - [2025-04-21T17:38:53.005-0400] {dagbag.py:538} INFO - Filling up the DagBag from /Users/gaurav/Documents/Breast-Cancer-ML-Pipeline/venv/lib/python3.9/site-packages/airflow/example_dags/example_short_circuit_decorator.py
[2025-04-21T17:38:53.031-0400] {processor.py:840} INFO - DAG(s) 'example_short_circuit_decorator' retrieved from /Users/gaurav/Documents/Breast-Cancer-ML-Pipeline/venv/lib/python3.9/site-packages/airflow/example_dags/example_short_circuit_decorator.py
[2025-04-21T17:38:53.095-0400] {logging_mixin.py:188} INFO - [2025-04-21T17:38:53.095-0400] {dag.py:3036} INFO - Sync 1 DAGs
[2025-04-21T17:38:53.107-0400] {logging_mixin.py:188} INFO - [2025-04-21T17:38:53.106-0400] {dag.py:3823} INFO - Setting next_dagrun for example_short_circuit_decorator to 2025-04-20 00:00:00+00:00, run_after=2025-04-21 00:00:00+00:00
[2025-04-21T17:38:53.119-0400] {processor.py:183} INFO - Processing /Users/gaurav/Documents/Breast-Cancer-ML-Pipeline/venv/lib/python3.9/site-packages/airflow/example_dags/example_short_circuit_decorator.py took 0.117 seconds
[2025-04-21T17:41:30.316-0400] {processor.py:161} INFO - Started process (PID=88100) to work on /Users/gaurav/Documents/Breast-Cancer-ML-Pipeline/venv/lib/python3.9/site-packages/airflow/example_dags/example_short_circuit_decorator.py
[2025-04-21T17:41:30.318-0400] {processor.py:830} INFO - Processing file /Users/gaurav/Documents/Breast-Cancer-ML-Pipeline/venv/lib/python3.9/site-packages/airflow/example_dags/example_short_circuit_decorator.py for tasks to queue
[2025-04-21T17:41:30.318-0400] {logging_mixin.py:188} INFO - [2025-04-21T17:41:30.318-0400] {dagbag.py:538} INFO - Filling up the DagBag from /Users/gaurav/Documents/Breast-Cancer-ML-Pipeline/venv/lib/python3.9/site-packages/airflow/example_dags/example_short_circuit_decorator.py
[2025-04-21T17:41:30.345-0400] {processor.py:840} INFO - DAG(s) 'example_short_circuit_decorator' retrieved from /Users/gaurav/Documents/Breast-Cancer-ML-Pipeline/venv/lib/python3.9/site-packages/airflow/example_dags/example_short_circuit_decorator.py
[2025-04-21T17:41:30.409-0400] {logging_mixin.py:188} INFO - [2025-04-21T17:41:30.409-0400] {dag.py:3036} INFO - Sync 1 DAGs
[2025-04-21T17:41:30.421-0400] {logging_mixin.py:188} INFO - [2025-04-21T17:41:30.421-0400] {dag.py:3823} INFO - Setting next_dagrun for example_short_circuit_decorator to 2025-04-20 00:00:00+00:00, run_after=2025-04-21 00:00:00+00:00
[2025-04-21T17:41:30.434-0400] {processor.py:183} INFO - Processing /Users/gaurav/Documents/Breast-Cancer-ML-Pipeline/venv/lib/python3.9/site-packages/airflow/example_dags/example_short_circuit_decorator.py took 0.119 seconds
[2025-04-21T17:42:43.524-0400] {processor.py:161} INFO - Started process (PID=88188) to work on /Users/gaurav/Documents/Breast-Cancer-ML-Pipeline/venv/lib/python3.9/site-packages/airflow/example_dags/example_short_circuit_decorator.py
[2025-04-21T17:42:43.525-0400] {processor.py:830} INFO - Processing file /Users/gaurav/Documents/Breast-Cancer-ML-Pipeline/venv/lib/python3.9/site-packages/airflow/example_dags/example_short_circuit_decorator.py for tasks to queue
[2025-04-21T17:42:43.526-0400] {logging_mixin.py:188} INFO - [2025-04-21T17:42:43.525-0400] {dagbag.py:538} INFO - Filling up the DagBag from /Users/gaurav/Documents/Breast-Cancer-ML-Pipeline/venv/lib/python3.9/site-packages/airflow/example_dags/example_short_circuit_decorator.py
[2025-04-21T17:42:43.554-0400] {processor.py:840} INFO - DAG(s) 'example_short_circuit_decorator' retrieved from /Users/gaurav/Documents/Breast-Cancer-ML-Pipeline/venv/lib/python3.9/site-packages/airflow/example_dags/example_short_circuit_decorator.py
[2025-04-21T17:42:43.621-0400] {logging_mixin.py:188} INFO - [2025-04-21T17:42:43.621-0400] {dag.py:3036} INFO - Sync 1 DAGs
[2025-04-21T17:42:43.632-0400] {logging_mixin.py:188} INFO - [2025-04-21T17:42:43.632-0400] {dag.py:3823} INFO - Setting next_dagrun for example_short_circuit_decorator to 2025-04-20 00:00:00+00:00, run_after=2025-04-21 00:00:00+00:00
[2025-04-21T17:42:43.644-0400] {processor.py:183} INFO - Processing /Users/gaurav/Documents/Breast-Cancer-ML-Pipeline/venv/lib/python3.9/site-packages/airflow/example_dags/example_short_circuit_decorator.py took 0.121 seconds
[2025-04-21T17:43:55.439-0400] {processor.py:161} INFO - Started process (PID=88274) to work on /Users/gaurav/Documents/Breast-Cancer-ML-Pipeline/venv/lib/python3.9/site-packages/airflow/example_dags/example_short_circuit_decorator.py
[2025-04-21T17:43:55.441-0400] {processor.py:830} INFO - Processing file /Users/gaurav/Documents/Breast-Cancer-ML-Pipeline/venv/lib/python3.9/site-packages/airflow/example_dags/example_short_circuit_decorator.py for tasks to queue
[2025-04-21T17:43:55.441-0400] {logging_mixin.py:188} INFO - [2025-04-21T17:43:55.441-0400] {dagbag.py:538} INFO - Filling up the DagBag from /Users/gaurav/Documents/Breast-Cancer-ML-Pipeline/venv/lib/python3.9/site-packages/airflow/example_dags/example_short_circuit_decorator.py
[2025-04-21T17:43:55.468-0400] {processor.py:840} INFO - DAG(s) 'example_short_circuit_decorator' retrieved from /Users/gaurav/Documents/Breast-Cancer-ML-Pipeline/venv/lib/python3.9/site-packages/airflow/example_dags/example_short_circuit_decorator.py
[2025-04-21T17:43:55.533-0400] {logging_mixin.py:188} INFO - [2025-04-21T17:43:55.533-0400] {dag.py:3036} INFO - Sync 1 DAGs
[2025-04-21T17:43:55.544-0400] {logging_mixin.py:188} INFO - [2025-04-21T17:43:55.544-0400] {dag.py:3823} INFO - Setting next_dagrun for example_short_circuit_decorator to 2025-04-20 00:00:00+00:00, run_after=2025-04-21 00:00:00+00:00
[2025-04-21T17:43:55.557-0400] {processor.py:183} INFO - Processing /Users/gaurav/Documents/Breast-Cancer-ML-Pipeline/venv/lib/python3.9/site-packages/airflow/example_dags/example_short_circuit_decorator.py took 0.119 seconds
[2025-04-21T17:45:05.391-0400] {processor.py:161} INFO - Started process (PID=88370) to work on /Users/gaurav/Documents/Breast-Cancer-ML-Pipeline/venv/lib/python3.9/site-packages/airflow/example_dags/example_short_circuit_decorator.py
[2025-04-21T17:45:05.392-0400] {processor.py:830} INFO - Processing file /Users/gaurav/Documents/Breast-Cancer-ML-Pipeline/venv/lib/python3.9/site-packages/airflow/example_dags/example_short_circuit_decorator.py for tasks to queue
[2025-04-21T17:45:05.393-0400] {logging_mixin.py:188} INFO - [2025-04-21T17:45:05.393-0400] {dagbag.py:538} INFO - Filling up the DagBag from /Users/gaurav/Documents/Breast-Cancer-ML-Pipeline/venv/lib/python3.9/site-packages/airflow/example_dags/example_short_circuit_decorator.py
[2025-04-21T17:45:05.415-0400] {processor.py:840} INFO - DAG(s) 'example_short_circuit_decorator' retrieved from /Users/gaurav/Documents/Breast-Cancer-ML-Pipeline/venv/lib/python3.9/site-packages/airflow/example_dags/example_short_circuit_decorator.py
[2025-04-21T17:45:05.467-0400] {logging_mixin.py:188} INFO - [2025-04-21T17:45:05.467-0400] {dag.py:3036} INFO - Sync 1 DAGs
[2025-04-21T17:45:05.476-0400] {logging_mixin.py:188} INFO - [2025-04-21T17:45:05.476-0400] {dag.py:3823} INFO - Setting next_dagrun for example_short_circuit_decorator to 2025-04-20 00:00:00+00:00, run_after=2025-04-21 00:00:00+00:00
[2025-04-21T17:45:05.487-0400] {processor.py:183} INFO - Processing /Users/gaurav/Documents/Breast-Cancer-ML-Pipeline/venv/lib/python3.9/site-packages/airflow/example_dags/example_short_circuit_decorator.py took 0.097 seconds
[2025-04-21T17:45:58.629-0400] {processor.py:161} INFO - Started process (PID=88467) to work on /Users/gaurav/Documents/Breast-Cancer-ML-Pipeline/venv/lib/python3.9/site-packages/airflow/example_dags/example_short_circuit_decorator.py
[2025-04-21T17:45:58.630-0400] {processor.py:830} INFO - Processing file /Users/gaurav/Documents/Breast-Cancer-ML-Pipeline/venv/lib/python3.9/site-packages/airflow/example_dags/example_short_circuit_decorator.py for tasks to queue
[2025-04-21T17:45:58.630-0400] {logging_mixin.py:188} INFO - [2025-04-21T17:45:58.630-0400] {dagbag.py:538} INFO - Filling up the DagBag from /Users/gaurav/Documents/Breast-Cancer-ML-Pipeline/venv/lib/python3.9/site-packages/airflow/example_dags/example_short_circuit_decorator.py
[2025-04-21T17:45:58.653-0400] {processor.py:840} INFO - DAG(s) 'example_short_circuit_decorator' retrieved from /Users/gaurav/Documents/Breast-Cancer-ML-Pipeline/venv/lib/python3.9/site-packages/airflow/example_dags/example_short_circuit_decorator.py
[2025-04-21T17:45:58.707-0400] {logging_mixin.py:188} INFO - [2025-04-21T17:45:58.707-0400] {dag.py:3036} INFO - Sync 1 DAGs
[2025-04-21T17:45:58.716-0400] {logging_mixin.py:188} INFO - [2025-04-21T17:45:58.716-0400] {dag.py:3823} INFO - Setting next_dagrun for example_short_circuit_decorator to 2025-04-20 00:00:00+00:00, run_after=2025-04-21 00:00:00+00:00
[2025-04-21T17:45:58.729-0400] {processor.py:183} INFO - Processing /Users/gaurav/Documents/Breast-Cancer-ML-Pipeline/venv/lib/python3.9/site-packages/airflow/example_dags/example_short_circuit_decorator.py took 0.101 seconds
[2025-04-21T17:46:52.103-0400] {processor.py:161} INFO - Started process (PID=88566) to work on /Users/gaurav/Documents/Breast-Cancer-ML-Pipeline/venv/lib/python3.9/site-packages/airflow/example_dags/example_short_circuit_decorator.py
[2025-04-21T17:46:52.104-0400] {processor.py:830} INFO - Processing file /Users/gaurav/Documents/Breast-Cancer-ML-Pipeline/venv/lib/python3.9/site-packages/airflow/example_dags/example_short_circuit_decorator.py for tasks to queue
[2025-04-21T17:46:52.105-0400] {logging_mixin.py:188} INFO - [2025-04-21T17:46:52.104-0400] {dagbag.py:538} INFO - Filling up the DagBag from /Users/gaurav/Documents/Breast-Cancer-ML-Pipeline/venv/lib/python3.9/site-packages/airflow/example_dags/example_short_circuit_decorator.py
[2025-04-21T17:46:52.126-0400] {processor.py:840} INFO - DAG(s) 'example_short_circuit_decorator' retrieved from /Users/gaurav/Documents/Breast-Cancer-ML-Pipeline/venv/lib/python3.9/site-packages/airflow/example_dags/example_short_circuit_decorator.py
[2025-04-21T17:46:52.180-0400] {logging_mixin.py:188} INFO - [2025-04-21T17:46:52.180-0400] {dag.py:3036} INFO - Sync 1 DAGs
[2025-04-21T17:46:52.189-0400] {logging_mixin.py:188} INFO - [2025-04-21T17:46:52.189-0400] {dag.py:3823} INFO - Setting next_dagrun for example_short_circuit_decorator to 2025-04-20 00:00:00+00:00, run_after=2025-04-21 00:00:00+00:00
[2025-04-21T17:46:52.199-0400] {processor.py:183} INFO - Processing /Users/gaurav/Documents/Breast-Cancer-ML-Pipeline/venv/lib/python3.9/site-packages/airflow/example_dags/example_short_circuit_decorator.py took 0.097 seconds
[2025-04-21T17:47:46.288-0400] {processor.py:161} INFO - Started process (PID=88637) to work on /Users/gaurav/Documents/Breast-Cancer-ML-Pipeline/venv/lib/python3.9/site-packages/airflow/example_dags/example_short_circuit_decorator.py
[2025-04-21T17:47:46.289-0400] {processor.py:830} INFO - Processing file /Users/gaurav/Documents/Breast-Cancer-ML-Pipeline/venv/lib/python3.9/site-packages/airflow/example_dags/example_short_circuit_decorator.py for tasks to queue
[2025-04-21T17:47:46.289-0400] {logging_mixin.py:188} INFO - [2025-04-21T17:47:46.289-0400] {dagbag.py:538} INFO - Filling up the DagBag from /Users/gaurav/Documents/Breast-Cancer-ML-Pipeline/venv/lib/python3.9/site-packages/airflow/example_dags/example_short_circuit_decorator.py
[2025-04-21T17:47:46.310-0400] {processor.py:840} INFO - DAG(s) 'example_short_circuit_decorator' retrieved from /Users/gaurav/Documents/Breast-Cancer-ML-Pipeline/venv/lib/python3.9/site-packages/airflow/example_dags/example_short_circuit_decorator.py
[2025-04-21T17:47:46.359-0400] {logging_mixin.py:188} INFO - [2025-04-21T17:47:46.359-0400] {dag.py:3036} INFO - Sync 1 DAGs
[2025-04-21T17:47:46.367-0400] {logging_mixin.py:188} INFO - [2025-04-21T17:47:46.367-0400] {dag.py:3823} INFO - Setting next_dagrun for example_short_circuit_decorator to 2025-04-20 00:00:00+00:00, run_after=2025-04-21 00:00:00+00:00
[2025-04-21T17:47:46.377-0400] {processor.py:183} INFO - Processing /Users/gaurav/Documents/Breast-Cancer-ML-Pipeline/venv/lib/python3.9/site-packages/airflow/example_dags/example_short_circuit_decorator.py took 0.090 seconds
[2025-04-21T17:48:31.481-0400] {processor.py:161} INFO - Started process (PID=88692) to work on /Users/gaurav/Documents/Breast-Cancer-ML-Pipeline/venv/lib/python3.9/site-packages/airflow/example_dags/example_short_circuit_decorator.py
[2025-04-21T17:48:31.482-0400] {processor.py:830} INFO - Processing file /Users/gaurav/Documents/Breast-Cancer-ML-Pipeline/venv/lib/python3.9/site-packages/airflow/example_dags/example_short_circuit_decorator.py for tasks to queue
[2025-04-21T17:48:31.482-0400] {logging_mixin.py:188} INFO - [2025-04-21T17:48:31.482-0400] {dagbag.py:538} INFO - Filling up the DagBag from /Users/gaurav/Documents/Breast-Cancer-ML-Pipeline/venv/lib/python3.9/site-packages/airflow/example_dags/example_short_circuit_decorator.py
[2025-04-21T17:48:31.505-0400] {processor.py:840} INFO - DAG(s) 'example_short_circuit_decorator' retrieved from /Users/gaurav/Documents/Breast-Cancer-ML-Pipeline/venv/lib/python3.9/site-packages/airflow/example_dags/example_short_circuit_decorator.py
[2025-04-21T17:48:31.555-0400] {logging_mixin.py:188} INFO - [2025-04-21T17:48:31.554-0400] {dag.py:3036} INFO - Sync 1 DAGs
[2025-04-21T17:48:31.564-0400] {logging_mixin.py:188} INFO - [2025-04-21T17:48:31.564-0400] {dag.py:3823} INFO - Setting next_dagrun for example_short_circuit_decorator to 2025-04-20 00:00:00+00:00, run_after=2025-04-21 00:00:00+00:00
[2025-04-21T17:48:31.574-0400] {processor.py:183} INFO - Processing /Users/gaurav/Documents/Breast-Cancer-ML-Pipeline/venv/lib/python3.9/site-packages/airflow/example_dags/example_short_circuit_decorator.py took 0.094 seconds
[2025-04-21T17:49:31.999-0400] {processor.py:161} INFO - Started process (PID=88782) to work on /Users/gaurav/Documents/Breast-Cancer-ML-Pipeline/venv/lib/python3.9/site-packages/airflow/example_dags/example_short_circuit_decorator.py
[2025-04-21T17:49:32.000-0400] {processor.py:830} INFO - Processing file /Users/gaurav/Documents/Breast-Cancer-ML-Pipeline/venv/lib/python3.9/site-packages/airflow/example_dags/example_short_circuit_decorator.py for tasks to queue
[2025-04-21T17:49:32.000-0400] {logging_mixin.py:188} INFO - [2025-04-21T17:49:32.000-0400] {dagbag.py:538} INFO - Filling up the DagBag from /Users/gaurav/Documents/Breast-Cancer-ML-Pipeline/venv/lib/python3.9/site-packages/airflow/example_dags/example_short_circuit_decorator.py
[2025-04-21T17:49:32.022-0400] {processor.py:840} INFO - DAG(s) 'example_short_circuit_decorator' retrieved from /Users/gaurav/Documents/Breast-Cancer-ML-Pipeline/venv/lib/python3.9/site-packages/airflow/example_dags/example_short_circuit_decorator.py
[2025-04-21T17:49:32.071-0400] {logging_mixin.py:188} INFO - [2025-04-21T17:49:32.071-0400] {dag.py:3036} INFO - Sync 1 DAGs
[2025-04-21T17:49:32.079-0400] {logging_mixin.py:188} INFO - [2025-04-21T17:49:32.079-0400] {dag.py:3823} INFO - Setting next_dagrun for example_short_circuit_decorator to 2025-04-20 00:00:00+00:00, run_after=2025-04-21 00:00:00+00:00
[2025-04-21T17:49:32.090-0400] {processor.py:183} INFO - Processing /Users/gaurav/Documents/Breast-Cancer-ML-Pipeline/venv/lib/python3.9/site-packages/airflow/example_dags/example_short_circuit_decorator.py took 0.091 seconds
[2025-04-21T17:50:18.890-0400] {processor.py:161} INFO - Started process (PID=88843) to work on /Users/gaurav/Documents/Breast-Cancer-ML-Pipeline/venv/lib/python3.9/site-packages/airflow/example_dags/example_short_circuit_decorator.py
[2025-04-21T17:50:18.892-0400] {processor.py:830} INFO - Processing file /Users/gaurav/Documents/Breast-Cancer-ML-Pipeline/venv/lib/python3.9/site-packages/airflow/example_dags/example_short_circuit_decorator.py for tasks to queue
[2025-04-21T17:50:18.893-0400] {logging_mixin.py:188} INFO - [2025-04-21T17:50:18.892-0400] {dagbag.py:538} INFO - Filling up the DagBag from /Users/gaurav/Documents/Breast-Cancer-ML-Pipeline/venv/lib/python3.9/site-packages/airflow/example_dags/example_short_circuit_decorator.py
[2025-04-21T17:50:18.917-0400] {processor.py:840} INFO - DAG(s) 'example_short_circuit_decorator' retrieved from /Users/gaurav/Documents/Breast-Cancer-ML-Pipeline/venv/lib/python3.9/site-packages/airflow/example_dags/example_short_circuit_decorator.py
[2025-04-21T17:50:18.974-0400] {logging_mixin.py:188} INFO - [2025-04-21T17:50:18.974-0400] {dag.py:3036} INFO - Sync 1 DAGs
[2025-04-21T17:50:18.984-0400] {logging_mixin.py:188} INFO - [2025-04-21T17:50:18.984-0400] {dag.py:3823} INFO - Setting next_dagrun for example_short_circuit_decorator to 2025-04-20 00:00:00+00:00, run_after=2025-04-21 00:00:00+00:00
[2025-04-21T17:50:18.996-0400] {processor.py:183} INFO - Processing /Users/gaurav/Documents/Breast-Cancer-ML-Pipeline/venv/lib/python3.9/site-packages/airflow/example_dags/example_short_circuit_decorator.py took 0.107 seconds
[2025-04-21T17:51:11.293-0400] {processor.py:161} INFO - Started process (PID=88918) to work on /Users/gaurav/Documents/Breast-Cancer-ML-Pipeline/venv/lib/python3.9/site-packages/airflow/example_dags/example_short_circuit_decorator.py
[2025-04-21T17:51:11.294-0400] {processor.py:830} INFO - Processing file /Users/gaurav/Documents/Breast-Cancer-ML-Pipeline/venv/lib/python3.9/site-packages/airflow/example_dags/example_short_circuit_decorator.py for tasks to queue
[2025-04-21T17:51:11.295-0400] {logging_mixin.py:188} INFO - [2025-04-21T17:51:11.295-0400] {dagbag.py:538} INFO - Filling up the DagBag from /Users/gaurav/Documents/Breast-Cancer-ML-Pipeline/venv/lib/python3.9/site-packages/airflow/example_dags/example_short_circuit_decorator.py
[2025-04-21T17:51:11.318-0400] {processor.py:840} INFO - DAG(s) 'example_short_circuit_decorator' retrieved from /Users/gaurav/Documents/Breast-Cancer-ML-Pipeline/venv/lib/python3.9/site-packages/airflow/example_dags/example_short_circuit_decorator.py
[2025-04-21T17:51:11.370-0400] {logging_mixin.py:188} INFO - [2025-04-21T17:51:11.370-0400] {dag.py:3036} INFO - Sync 1 DAGs
[2025-04-21T17:51:11.381-0400] {logging_mixin.py:188} INFO - [2025-04-21T17:51:11.381-0400] {dag.py:3823} INFO - Setting next_dagrun for example_short_circuit_decorator to 2025-04-20 00:00:00+00:00, run_after=2025-04-21 00:00:00+00:00
[2025-04-21T17:51:11.392-0400] {processor.py:183} INFO - Processing /Users/gaurav/Documents/Breast-Cancer-ML-Pipeline/venv/lib/python3.9/site-packages/airflow/example_dags/example_short_circuit_decorator.py took 0.100 seconds
[2025-04-21T17:52:03.599-0400] {processor.py:161} INFO - Started process (PID=88997) to work on /Users/gaurav/Documents/Breast-Cancer-ML-Pipeline/venv/lib/python3.9/site-packages/airflow/example_dags/example_short_circuit_decorator.py
[2025-04-21T17:52:03.601-0400] {processor.py:830} INFO - Processing file /Users/gaurav/Documents/Breast-Cancer-ML-Pipeline/venv/lib/python3.9/site-packages/airflow/example_dags/example_short_circuit_decorator.py for tasks to queue
[2025-04-21T17:52:03.601-0400] {logging_mixin.py:188} INFO - [2025-04-21T17:52:03.601-0400] {dagbag.py:538} INFO - Filling up the DagBag from /Users/gaurav/Documents/Breast-Cancer-ML-Pipeline/venv/lib/python3.9/site-packages/airflow/example_dags/example_short_circuit_decorator.py
[2025-04-21T17:52:03.625-0400] {processor.py:840} INFO - DAG(s) 'example_short_circuit_decorator' retrieved from /Users/gaurav/Documents/Breast-Cancer-ML-Pipeline/venv/lib/python3.9/site-packages/airflow/example_dags/example_short_circuit_decorator.py
[2025-04-21T17:52:03.679-0400] {logging_mixin.py:188} INFO - [2025-04-21T17:52:03.679-0400] {dag.py:3036} INFO - Sync 1 DAGs
[2025-04-21T17:52:03.689-0400] {logging_mixin.py:188} INFO - [2025-04-21T17:52:03.688-0400] {dag.py:3823} INFO - Setting next_dagrun for example_short_circuit_decorator to 2025-04-20 00:00:00+00:00, run_after=2025-04-21 00:00:00+00:00
[2025-04-21T17:52:03.700-0400] {processor.py:183} INFO - Processing /Users/gaurav/Documents/Breast-Cancer-ML-Pipeline/venv/lib/python3.9/site-packages/airflow/example_dags/example_short_circuit_decorator.py took 0.101 seconds
[2025-04-21T17:52:56.714-0400] {processor.py:161} INFO - Started process (PID=89067) to work on /Users/gaurav/Documents/Breast-Cancer-ML-Pipeline/venv/lib/python3.9/site-packages/airflow/example_dags/example_short_circuit_decorator.py
[2025-04-21T17:52:56.715-0400] {processor.py:830} INFO - Processing file /Users/gaurav/Documents/Breast-Cancer-ML-Pipeline/venv/lib/python3.9/site-packages/airflow/example_dags/example_short_circuit_decorator.py for tasks to queue
[2025-04-21T17:52:56.716-0400] {logging_mixin.py:188} INFO - [2025-04-21T17:52:56.716-0400] {dagbag.py:538} INFO - Filling up the DagBag from /Users/gaurav/Documents/Breast-Cancer-ML-Pipeline/venv/lib/python3.9/site-packages/airflow/example_dags/example_short_circuit_decorator.py
[2025-04-21T17:52:56.737-0400] {processor.py:840} INFO - DAG(s) 'example_short_circuit_decorator' retrieved from /Users/gaurav/Documents/Breast-Cancer-ML-Pipeline/venv/lib/python3.9/site-packages/airflow/example_dags/example_short_circuit_decorator.py
[2025-04-21T17:52:56.785-0400] {logging_mixin.py:188} INFO - [2025-04-21T17:52:56.785-0400] {dag.py:3036} INFO - Sync 1 DAGs
[2025-04-21T17:52:56.794-0400] {logging_mixin.py:188} INFO - [2025-04-21T17:52:56.794-0400] {dag.py:3823} INFO - Setting next_dagrun for example_short_circuit_decorator to 2025-04-20 00:00:00+00:00, run_after=2025-04-21 00:00:00+00:00
[2025-04-21T17:52:56.803-0400] {processor.py:183} INFO - Processing /Users/gaurav/Documents/Breast-Cancer-ML-Pipeline/venv/lib/python3.9/site-packages/airflow/example_dags/example_short_circuit_decorator.py took 0.090 seconds
[2025-04-21T17:53:45.429-0400] {processor.py:161} INFO - Started process (PID=89131) to work on /Users/gaurav/Documents/Breast-Cancer-ML-Pipeline/venv/lib/python3.9/site-packages/airflow/example_dags/example_short_circuit_decorator.py
[2025-04-21T17:53:45.431-0400] {processor.py:830} INFO - Processing file /Users/gaurav/Documents/Breast-Cancer-ML-Pipeline/venv/lib/python3.9/site-packages/airflow/example_dags/example_short_circuit_decorator.py for tasks to queue
[2025-04-21T17:53:45.431-0400] {logging_mixin.py:188} INFO - [2025-04-21T17:53:45.431-0400] {dagbag.py:538} INFO - Filling up the DagBag from /Users/gaurav/Documents/Breast-Cancer-ML-Pipeline/venv/lib/python3.9/site-packages/airflow/example_dags/example_short_circuit_decorator.py
[2025-04-21T17:53:45.454-0400] {processor.py:840} INFO - DAG(s) 'example_short_circuit_decorator' retrieved from /Users/gaurav/Documents/Breast-Cancer-ML-Pipeline/venv/lib/python3.9/site-packages/airflow/example_dags/example_short_circuit_decorator.py
[2025-04-21T17:53:45.504-0400] {logging_mixin.py:188} INFO - [2025-04-21T17:53:45.504-0400] {dag.py:3036} INFO - Sync 1 DAGs
[2025-04-21T17:53:45.513-0400] {logging_mixin.py:188} INFO - [2025-04-21T17:53:45.512-0400] {dag.py:3823} INFO - Setting next_dagrun for example_short_circuit_decorator to 2025-04-20 00:00:00+00:00, run_after=2025-04-21 00:00:00+00:00
[2025-04-21T17:53:45.523-0400] {processor.py:183} INFO - Processing /Users/gaurav/Documents/Breast-Cancer-ML-Pipeline/venv/lib/python3.9/site-packages/airflow/example_dags/example_short_circuit_decorator.py took 0.094 seconds
[2025-04-21T17:54:38.452-0400] {processor.py:161} INFO - Started process (PID=89209) to work on /Users/gaurav/Documents/Breast-Cancer-ML-Pipeline/venv/lib/python3.9/site-packages/airflow/example_dags/example_short_circuit_decorator.py
[2025-04-21T17:54:38.454-0400] {processor.py:830} INFO - Processing file /Users/gaurav/Documents/Breast-Cancer-ML-Pipeline/venv/lib/python3.9/site-packages/airflow/example_dags/example_short_circuit_decorator.py for tasks to queue
[2025-04-21T17:54:38.454-0400] {logging_mixin.py:188} INFO - [2025-04-21T17:54:38.454-0400] {dagbag.py:538} INFO - Filling up the DagBag from /Users/gaurav/Documents/Breast-Cancer-ML-Pipeline/venv/lib/python3.9/site-packages/airflow/example_dags/example_short_circuit_decorator.py
[2025-04-21T17:54:38.476-0400] {processor.py:840} INFO - DAG(s) 'example_short_circuit_decorator' retrieved from /Users/gaurav/Documents/Breast-Cancer-ML-Pipeline/venv/lib/python3.9/site-packages/airflow/example_dags/example_short_circuit_decorator.py
[2025-04-21T17:54:38.533-0400] {logging_mixin.py:188} INFO - [2025-04-21T17:54:38.532-0400] {dag.py:3036} INFO - Sync 1 DAGs
[2025-04-21T17:54:38.544-0400] {logging_mixin.py:188} INFO - [2025-04-21T17:54:38.544-0400] {dag.py:3823} INFO - Setting next_dagrun for example_short_circuit_decorator to 2025-04-20 00:00:00+00:00, run_after=2025-04-21 00:00:00+00:00
[2025-04-21T17:54:38.555-0400] {processor.py:183} INFO - Processing /Users/gaurav/Documents/Breast-Cancer-ML-Pipeline/venv/lib/python3.9/site-packages/airflow/example_dags/example_short_circuit_decorator.py took 0.103 seconds
