[2025-04-21T16:39:03.508-0400] {processor.py:161} INFO - Started process (PID=83537) to work on /Users/gaurav/Documents/Breast-Cancer-ML-Pipeline/venv/lib/python3.9/site-packages/airflow/example_dags/example_setup_teardown_taskflow.py
[2025-04-21T16:39:03.516-0400] {processor.py:830} INFO - Processing file /Users/gaurav/Documents/Breast-Cancer-ML-Pipeline/venv/lib/python3.9/site-packages/airflow/example_dags/example_setup_teardown_taskflow.py for tasks to queue
[2025-04-21T16:39:03.517-0400] {logging_mixin.py:188} INFO - [2025-04-21T16:39:03.517-0400] {dagbag.py:538} INFO - Filling up the DagBag from /Users/gaurav/Documents/Breast-Cancer-ML-Pipeline/venv/lib/python3.9/site-packages/airflow/example_dags/example_setup_teardown_taskflow.py
[2025-04-21T16:39:03.569-0400] {processor.py:840} INFO - DAG(s) 'example_setup_teardown_taskflow' retrieved from /Users/gaurav/Documents/Breast-Cancer-ML-Pipeline/venv/lib/python3.9/site-packages/airflow/example_dags/example_setup_teardown_taskflow.py
[2025-04-21T16:39:03.805-0400] {logging_mixin.py:188} INFO - [2025-04-21T16:39:03.804-0400] {override.py:1769} INFO - Created Permission View: can delete on DAG:example_setup_teardown_taskflow
[2025-04-21T16:39:03.812-0400] {logging_mixin.py:188} INFO - [2025-04-21T16:39:03.812-0400] {override.py:1769} INFO - Created Permission View: can edit on DAG:example_setup_teardown_taskflow
[2025-04-21T16:39:03.816-0400] {logging_mixin.py:188} INFO - [2025-04-21T16:39:03.816-0400] {override.py:1769} INFO - Created Permission View: can read on DAG:example_setup_teardown_taskflow
[2025-04-21T16:39:03.817-0400] {logging_mixin.py:188} INFO - [2025-04-21T16:39:03.817-0400] {dag.py:3036} INFO - Sync 1 DAGs
[2025-04-21T16:39:03.824-0400] {logging_mixin.py:188} INFO - [2025-04-21T16:39:03.824-0400] {dag.py:3058} INFO - Creating ORM DAG for example_setup_teardown_taskflow
[2025-04-21T16:39:03.830-0400] {logging_mixin.py:188} INFO - [2025-04-21T16:39:03.830-0400] {dag.py:3823} INFO - Setting next_dagrun for example_setup_teardown_taskflow to 2025-04-20 00:00:00+00:00, run_after=2025-04-21 00:00:00+00:00
[2025-04-21T16:39:03.842-0400] {processor.py:183} INFO - Processing /Users/gaurav/Documents/Breast-Cancer-ML-Pipeline/venv/lib/python3.9/site-packages/airflow/example_dags/example_setup_teardown_taskflow.py took 0.336 seconds
[2025-04-21T16:40:57.275-0400] {processor.py:161} INFO - Started process (PID=83644) to work on /Users/gaurav/Documents/Breast-Cancer-ML-Pipeline/venv/lib/python3.9/site-packages/airflow/example_dags/example_setup_teardown_taskflow.py
[2025-04-21T16:40:57.277-0400] {processor.py:830} INFO - Processing file /Users/gaurav/Documents/Breast-Cancer-ML-Pipeline/venv/lib/python3.9/site-packages/airflow/example_dags/example_setup_teardown_taskflow.py for tasks to queue
[2025-04-21T16:40:57.278-0400] {logging_mixin.py:188} INFO - [2025-04-21T16:40:57.277-0400] {dagbag.py:538} INFO - Filling up the DagBag from /Users/gaurav/Documents/Breast-Cancer-ML-Pipeline/venv/lib/python3.9/site-packages/airflow/example_dags/example_setup_teardown_taskflow.py
[2025-04-21T16:40:57.306-0400] {processor.py:840} INFO - DAG(s) 'example_setup_teardown_taskflow' retrieved from /Users/gaurav/Documents/Breast-Cancer-ML-Pipeline/venv/lib/python3.9/site-packages/airflow/example_dags/example_setup_teardown_taskflow.py
[2025-04-21T16:40:57.372-0400] {logging_mixin.py:188} INFO - [2025-04-21T16:40:57.372-0400] {dag.py:3036} INFO - Sync 1 DAGs
[2025-04-21T16:40:57.384-0400] {logging_mixin.py:188} INFO - [2025-04-21T16:40:57.384-0400] {dag.py:3823} INFO - Setting next_dagrun for example_setup_teardown_taskflow to 2025-04-20 00:00:00+00:00, run_after=2025-04-21 00:00:00+00:00
[2025-04-21T16:40:57.398-0400] {processor.py:183} INFO - Processing /Users/gaurav/Documents/Breast-Cancer-ML-Pipeline/venv/lib/python3.9/site-packages/airflow/example_dags/example_setup_teardown_taskflow.py took 0.124 seconds
[2025-04-21T16:43:38.445-0400] {processor.py:161} INFO - Started process (PID=83775) to work on /Users/gaurav/Documents/Breast-Cancer-ML-Pipeline/venv/lib/python3.9/site-packages/airflow/example_dags/example_setup_teardown_taskflow.py
[2025-04-21T16:43:38.446-0400] {processor.py:830} INFO - Processing file /Users/gaurav/Documents/Breast-Cancer-ML-Pipeline/venv/lib/python3.9/site-packages/airflow/example_dags/example_setup_teardown_taskflow.py for tasks to queue
[2025-04-21T16:43:38.447-0400] {logging_mixin.py:188} INFO - [2025-04-21T16:43:38.447-0400] {dagbag.py:538} INFO - Filling up the DagBag from /Users/gaurav/Documents/Breast-Cancer-ML-Pipeline/venv/lib/python3.9/site-packages/airflow/example_dags/example_setup_teardown_taskflow.py
[2025-04-21T16:43:38.478-0400] {processor.py:840} INFO - DAG(s) 'example_setup_teardown_taskflow' retrieved from /Users/gaurav/Documents/Breast-Cancer-ML-Pipeline/venv/lib/python3.9/site-packages/airflow/example_dags/example_setup_teardown_taskflow.py
[2025-04-21T16:43:38.550-0400] {logging_mixin.py:188} INFO - [2025-04-21T16:43:38.550-0400] {dag.py:3036} INFO - Sync 1 DAGs
[2025-04-21T16:43:38.563-0400] {logging_mixin.py:188} INFO - [2025-04-21T16:43:38.563-0400] {dag.py:3823} INFO - Setting next_dagrun for example_setup_teardown_taskflow to 2025-04-20 00:00:00+00:00, run_after=2025-04-21 00:00:00+00:00
[2025-04-21T16:43:38.577-0400] {processor.py:183} INFO - Processing /Users/gaurav/Documents/Breast-Cancer-ML-Pipeline/venv/lib/python3.9/site-packages/airflow/example_dags/example_setup_teardown_taskflow.py took 0.134 seconds
[2025-04-21T16:45:02.607-0400] {processor.py:161} INFO - Started process (PID=83857) to work on /Users/gaurav/Documents/Breast-Cancer-ML-Pipeline/venv/lib/python3.9/site-packages/airflow/example_dags/example_setup_teardown_taskflow.py
[2025-04-21T16:45:02.609-0400] {processor.py:830} INFO - Processing file /Users/gaurav/Documents/Breast-Cancer-ML-Pipeline/venv/lib/python3.9/site-packages/airflow/example_dags/example_setup_teardown_taskflow.py for tasks to queue
[2025-04-21T16:45:02.609-0400] {logging_mixin.py:188} INFO - [2025-04-21T16:45:02.609-0400] {dagbag.py:538} INFO - Filling up the DagBag from /Users/gaurav/Documents/Breast-Cancer-ML-Pipeline/venv/lib/python3.9/site-packages/airflow/example_dags/example_setup_teardown_taskflow.py
[2025-04-21T16:45:02.639-0400] {processor.py:840} INFO - DAG(s) 'example_setup_teardown_taskflow' retrieved from /Users/gaurav/Documents/Breast-Cancer-ML-Pipeline/venv/lib/python3.9/site-packages/airflow/example_dags/example_setup_teardown_taskflow.py
[2025-04-21T16:45:02.704-0400] {logging_mixin.py:188} INFO - [2025-04-21T16:45:02.704-0400] {dag.py:3036} INFO - Sync 1 DAGs
[2025-04-21T16:45:02.717-0400] {logging_mixin.py:188} INFO - [2025-04-21T16:45:02.717-0400] {dag.py:3823} INFO - Setting next_dagrun for example_setup_teardown_taskflow to 2025-04-20 00:00:00+00:00, run_after=2025-04-21 00:00:00+00:00
[2025-04-21T16:45:02.730-0400] {processor.py:183} INFO - Processing /Users/gaurav/Documents/Breast-Cancer-ML-Pipeline/venv/lib/python3.9/site-packages/airflow/example_dags/example_setup_teardown_taskflow.py took 0.124 seconds
[2025-04-21T16:46:57.663-0400] {processor.py:161} INFO - Started process (PID=84011) to work on /Users/gaurav/Documents/Breast-Cancer-ML-Pipeline/venv/lib/python3.9/site-packages/airflow/example_dags/example_setup_teardown_taskflow.py
[2025-04-21T16:46:57.665-0400] {processor.py:830} INFO - Processing file /Users/gaurav/Documents/Breast-Cancer-ML-Pipeline/venv/lib/python3.9/site-packages/airflow/example_dags/example_setup_teardown_taskflow.py for tasks to queue
[2025-04-21T16:46:57.665-0400] {logging_mixin.py:188} INFO - [2025-04-21T16:46:57.665-0400] {dagbag.py:538} INFO - Filling up the DagBag from /Users/gaurav/Documents/Breast-Cancer-ML-Pipeline/venv/lib/python3.9/site-packages/airflow/example_dags/example_setup_teardown_taskflow.py
[2025-04-21T16:46:57.695-0400] {processor.py:840} INFO - DAG(s) 'example_setup_teardown_taskflow' retrieved from /Users/gaurav/Documents/Breast-Cancer-ML-Pipeline/venv/lib/python3.9/site-packages/airflow/example_dags/example_setup_teardown_taskflow.py
[2025-04-21T16:46:57.766-0400] {logging_mixin.py:188} INFO - [2025-04-21T16:46:57.766-0400] {dag.py:3036} INFO - Sync 1 DAGs
[2025-04-21T16:46:57.779-0400] {logging_mixin.py:188} INFO - [2025-04-21T16:46:57.779-0400] {dag.py:3823} INFO - Setting next_dagrun for example_setup_teardown_taskflow to 2025-04-20 00:00:00+00:00, run_after=2025-04-21 00:00:00+00:00
[2025-04-21T16:46:57.794-0400] {processor.py:183} INFO - Processing /Users/gaurav/Documents/Breast-Cancer-ML-Pipeline/venv/lib/python3.9/site-packages/airflow/example_dags/example_setup_teardown_taskflow.py took 0.132 seconds
[2025-04-21T16:48:11.749-0400] {processor.py:161} INFO - Started process (PID=84094) to work on /Users/gaurav/Documents/Breast-Cancer-ML-Pipeline/venv/lib/python3.9/site-packages/airflow/example_dags/example_setup_teardown_taskflow.py
[2025-04-21T16:48:11.750-0400] {processor.py:830} INFO - Processing file /Users/gaurav/Documents/Breast-Cancer-ML-Pipeline/venv/lib/python3.9/site-packages/airflow/example_dags/example_setup_teardown_taskflow.py for tasks to queue
[2025-04-21T16:48:11.751-0400] {logging_mixin.py:188} INFO - [2025-04-21T16:48:11.751-0400] {dagbag.py:538} INFO - Filling up the DagBag from /Users/gaurav/Documents/Breast-Cancer-ML-Pipeline/venv/lib/python3.9/site-packages/airflow/example_dags/example_setup_teardown_taskflow.py
[2025-04-21T16:48:11.782-0400] {processor.py:840} INFO - DAG(s) 'example_setup_teardown_taskflow' retrieved from /Users/gaurav/Documents/Breast-Cancer-ML-Pipeline/venv/lib/python3.9/site-packages/airflow/example_dags/example_setup_teardown_taskflow.py
[2025-04-21T16:48:11.851-0400] {logging_mixin.py:188} INFO - [2025-04-21T16:48:11.851-0400] {dag.py:3036} INFO - Sync 1 DAGs
[2025-04-21T16:48:11.863-0400] {logging_mixin.py:188} INFO - [2025-04-21T16:48:11.863-0400] {dag.py:3823} INFO - Setting next_dagrun for example_setup_teardown_taskflow to 2025-04-20 00:00:00+00:00, run_after=2025-04-21 00:00:00+00:00
[2025-04-21T16:48:11.876-0400] {processor.py:183} INFO - Processing /Users/gaurav/Documents/Breast-Cancer-ML-Pipeline/venv/lib/python3.9/site-packages/airflow/example_dags/example_setup_teardown_taskflow.py took 0.128 seconds
[2025-04-21T16:49:23.096-0400] {processor.py:161} INFO - Started process (PID=84181) to work on /Users/gaurav/Documents/Breast-Cancer-ML-Pipeline/venv/lib/python3.9/site-packages/airflow/example_dags/example_setup_teardown_taskflow.py
[2025-04-21T16:49:23.098-0400] {processor.py:830} INFO - Processing file /Users/gaurav/Documents/Breast-Cancer-ML-Pipeline/venv/lib/python3.9/site-packages/airflow/example_dags/example_setup_teardown_taskflow.py for tasks to queue
[2025-04-21T16:49:23.099-0400] {logging_mixin.py:188} INFO - [2025-04-21T16:49:23.099-0400] {dagbag.py:538} INFO - Filling up the DagBag from /Users/gaurav/Documents/Breast-Cancer-ML-Pipeline/venv/lib/python3.9/site-packages/airflow/example_dags/example_setup_teardown_taskflow.py
[2025-04-21T16:49:23.130-0400] {processor.py:840} INFO - DAG(s) 'example_setup_teardown_taskflow' retrieved from /Users/gaurav/Documents/Breast-Cancer-ML-Pipeline/venv/lib/python3.9/site-packages/airflow/example_dags/example_setup_teardown_taskflow.py
[2025-04-21T16:49:23.195-0400] {logging_mixin.py:188} INFO - [2025-04-21T16:49:23.195-0400] {dag.py:3036} INFO - Sync 1 DAGs
[2025-04-21T16:49:23.206-0400] {logging_mixin.py:188} INFO - [2025-04-21T16:49:23.206-0400] {dag.py:3823} INFO - Setting next_dagrun for example_setup_teardown_taskflow to 2025-04-20 00:00:00+00:00, run_after=2025-04-21 00:00:00+00:00
[2025-04-21T16:49:23.218-0400] {processor.py:183} INFO - Processing /Users/gaurav/Documents/Breast-Cancer-ML-Pipeline/venv/lib/python3.9/site-packages/airflow/example_dags/example_setup_teardown_taskflow.py took 0.123 seconds
[2025-04-21T16:50:37.311-0400] {processor.py:161} INFO - Started process (PID=84262) to work on /Users/gaurav/Documents/Breast-Cancer-ML-Pipeline/venv/lib/python3.9/site-packages/airflow/example_dags/example_setup_teardown_taskflow.py
[2025-04-21T16:50:37.313-0400] {processor.py:830} INFO - Processing file /Users/gaurav/Documents/Breast-Cancer-ML-Pipeline/venv/lib/python3.9/site-packages/airflow/example_dags/example_setup_teardown_taskflow.py for tasks to queue
[2025-04-21T16:50:37.313-0400] {logging_mixin.py:188} INFO - [2025-04-21T16:50:37.313-0400] {dagbag.py:538} INFO - Filling up the DagBag from /Users/gaurav/Documents/Breast-Cancer-ML-Pipeline/venv/lib/python3.9/site-packages/airflow/example_dags/example_setup_teardown_taskflow.py
[2025-04-21T16:50:37.346-0400] {processor.py:840} INFO - DAG(s) 'example_setup_teardown_taskflow' retrieved from /Users/gaurav/Documents/Breast-Cancer-ML-Pipeline/venv/lib/python3.9/site-packages/airflow/example_dags/example_setup_teardown_taskflow.py
[2025-04-21T16:50:37.411-0400] {logging_mixin.py:188} INFO - [2025-04-21T16:50:37.410-0400] {dag.py:3036} INFO - Sync 1 DAGs
[2025-04-21T16:50:37.422-0400] {logging_mixin.py:188} INFO - [2025-04-21T16:50:37.422-0400] {dag.py:3823} INFO - Setting next_dagrun for example_setup_teardown_taskflow to 2025-04-20 00:00:00+00:00, run_after=2025-04-21 00:00:00+00:00
[2025-04-21T16:50:37.434-0400] {processor.py:183} INFO - Processing /Users/gaurav/Documents/Breast-Cancer-ML-Pipeline/venv/lib/python3.9/site-packages/airflow/example_dags/example_setup_teardown_taskflow.py took 0.124 seconds
[2025-04-21T16:51:43.209-0400] {processor.py:161} INFO - Started process (PID=84336) to work on /Users/gaurav/Documents/Breast-Cancer-ML-Pipeline/venv/lib/python3.9/site-packages/airflow/example_dags/example_setup_teardown_taskflow.py
[2025-04-21T16:51:43.211-0400] {processor.py:830} INFO - Processing file /Users/gaurav/Documents/Breast-Cancer-ML-Pipeline/venv/lib/python3.9/site-packages/airflow/example_dags/example_setup_teardown_taskflow.py for tasks to queue
[2025-04-21T16:51:43.211-0400] {logging_mixin.py:188} INFO - [2025-04-21T16:51:43.211-0400] {dagbag.py:538} INFO - Filling up the DagBag from /Users/gaurav/Documents/Breast-Cancer-ML-Pipeline/venv/lib/python3.9/site-packages/airflow/example_dags/example_setup_teardown_taskflow.py
[2025-04-21T16:51:43.240-0400] {processor.py:840} INFO - DAG(s) 'example_setup_teardown_taskflow' retrieved from /Users/gaurav/Documents/Breast-Cancer-ML-Pipeline/venv/lib/python3.9/site-packages/airflow/example_dags/example_setup_teardown_taskflow.py
[2025-04-21T16:51:43.312-0400] {logging_mixin.py:188} INFO - [2025-04-21T16:51:43.311-0400] {dag.py:3036} INFO - Sync 1 DAGs
[2025-04-21T16:51:43.325-0400] {logging_mixin.py:188} INFO - [2025-04-21T16:51:43.325-0400] {dag.py:3823} INFO - Setting next_dagrun for example_setup_teardown_taskflow to 2025-04-20 00:00:00+00:00, run_after=2025-04-21 00:00:00+00:00
[2025-04-21T16:51:43.355-0400] {processor.py:183} INFO - Processing /Users/gaurav/Documents/Breast-Cancer-ML-Pipeline/venv/lib/python3.9/site-packages/airflow/example_dags/example_setup_teardown_taskflow.py took 0.147 seconds
[2025-04-21T16:53:05.373-0400] {processor.py:161} INFO - Started process (PID=84436) to work on /Users/gaurav/Documents/Breast-Cancer-ML-Pipeline/venv/lib/python3.9/site-packages/airflow/example_dags/example_setup_teardown_taskflow.py
[2025-04-21T16:53:05.375-0400] {processor.py:830} INFO - Processing file /Users/gaurav/Documents/Breast-Cancer-ML-Pipeline/venv/lib/python3.9/site-packages/airflow/example_dags/example_setup_teardown_taskflow.py for tasks to queue
[2025-04-21T16:53:05.375-0400] {logging_mixin.py:188} INFO - [2025-04-21T16:53:05.375-0400] {dagbag.py:538} INFO - Filling up the DagBag from /Users/gaurav/Documents/Breast-Cancer-ML-Pipeline/venv/lib/python3.9/site-packages/airflow/example_dags/example_setup_teardown_taskflow.py
[2025-04-21T16:53:05.402-0400] {processor.py:840} INFO - DAG(s) 'example_setup_teardown_taskflow' retrieved from /Users/gaurav/Documents/Breast-Cancer-ML-Pipeline/venv/lib/python3.9/site-packages/airflow/example_dags/example_setup_teardown_taskflow.py
[2025-04-21T16:53:05.466-0400] {logging_mixin.py:188} INFO - [2025-04-21T16:53:05.465-0400] {dag.py:3036} INFO - Sync 1 DAGs
[2025-04-21T16:53:05.477-0400] {logging_mixin.py:188} INFO - [2025-04-21T16:53:05.476-0400] {dag.py:3823} INFO - Setting next_dagrun for example_setup_teardown_taskflow to 2025-04-20 00:00:00+00:00, run_after=2025-04-21 00:00:00+00:00
[2025-04-21T16:53:05.489-0400] {processor.py:183} INFO - Processing /Users/gaurav/Documents/Breast-Cancer-ML-Pipeline/venv/lib/python3.9/site-packages/airflow/example_dags/example_setup_teardown_taskflow.py took 0.117 seconds
[2025-04-21T16:54:23.380-0400] {processor.py:161} INFO - Started process (PID=84539) to work on /Users/gaurav/Documents/Breast-Cancer-ML-Pipeline/venv/lib/python3.9/site-packages/airflow/example_dags/example_setup_teardown_taskflow.py
[2025-04-21T16:54:23.382-0400] {processor.py:830} INFO - Processing file /Users/gaurav/Documents/Breast-Cancer-ML-Pipeline/venv/lib/python3.9/site-packages/airflow/example_dags/example_setup_teardown_taskflow.py for tasks to queue
[2025-04-21T16:54:23.383-0400] {logging_mixin.py:188} INFO - [2025-04-21T16:54:23.382-0400] {dagbag.py:538} INFO - Filling up the DagBag from /Users/gaurav/Documents/Breast-Cancer-ML-Pipeline/venv/lib/python3.9/site-packages/airflow/example_dags/example_setup_teardown_taskflow.py
[2025-04-21T16:54:23.411-0400] {processor.py:840} INFO - DAG(s) 'example_setup_teardown_taskflow' retrieved from /Users/gaurav/Documents/Breast-Cancer-ML-Pipeline/venv/lib/python3.9/site-packages/airflow/example_dags/example_setup_teardown_taskflow.py
[2025-04-21T16:54:23.474-0400] {logging_mixin.py:188} INFO - [2025-04-21T16:54:23.474-0400] {dag.py:3036} INFO - Sync 1 DAGs
[2025-04-21T16:54:23.485-0400] {logging_mixin.py:188} INFO - [2025-04-21T16:54:23.485-0400] {dag.py:3823} INFO - Setting next_dagrun for example_setup_teardown_taskflow to 2025-04-20 00:00:00+00:00, run_after=2025-04-21 00:00:00+00:00
[2025-04-21T16:54:23.497-0400] {processor.py:183} INFO - Processing /Users/gaurav/Documents/Breast-Cancer-ML-Pipeline/venv/lib/python3.9/site-packages/airflow/example_dags/example_setup_teardown_taskflow.py took 0.118 seconds
[2025-04-21T16:56:27.073-0400] {processor.py:161} INFO - Started process (PID=84686) to work on /Users/gaurav/Documents/Breast-Cancer-ML-Pipeline/venv/lib/python3.9/site-packages/airflow/example_dags/example_setup_teardown_taskflow.py
[2025-04-21T16:56:27.075-0400] {processor.py:830} INFO - Processing file /Users/gaurav/Documents/Breast-Cancer-ML-Pipeline/venv/lib/python3.9/site-packages/airflow/example_dags/example_setup_teardown_taskflow.py for tasks to queue
[2025-04-21T16:56:27.075-0400] {logging_mixin.py:188} INFO - [2025-04-21T16:56:27.075-0400] {dagbag.py:538} INFO - Filling up the DagBag from /Users/gaurav/Documents/Breast-Cancer-ML-Pipeline/venv/lib/python3.9/site-packages/airflow/example_dags/example_setup_teardown_taskflow.py
[2025-04-21T16:56:27.102-0400] {processor.py:840} INFO - DAG(s) 'example_setup_teardown_taskflow' retrieved from /Users/gaurav/Documents/Breast-Cancer-ML-Pipeline/venv/lib/python3.9/site-packages/airflow/example_dags/example_setup_teardown_taskflow.py
[2025-04-21T16:56:27.217-0400] {logging_mixin.py:188} INFO - [2025-04-21T16:56:27.217-0400] {dag.py:3036} INFO - Sync 1 DAGs
[2025-04-21T16:56:27.228-0400] {logging_mixin.py:188} INFO - [2025-04-21T16:56:27.228-0400] {dag.py:3823} INFO - Setting next_dagrun for example_setup_teardown_taskflow to 2025-04-20 00:00:00+00:00, run_after=2025-04-21 00:00:00+00:00
[2025-04-21T16:56:27.240-0400] {processor.py:183} INFO - Processing /Users/gaurav/Documents/Breast-Cancer-ML-Pipeline/venv/lib/python3.9/site-packages/airflow/example_dags/example_setup_teardown_taskflow.py took 0.168 seconds
[2025-04-21T16:57:39.437-0400] {processor.py:161} INFO - Started process (PID=84787) to work on /Users/gaurav/Documents/Breast-Cancer-ML-Pipeline/venv/lib/python3.9/site-packages/airflow/example_dags/example_setup_teardown_taskflow.py
[2025-04-21T16:57:39.439-0400] {processor.py:830} INFO - Processing file /Users/gaurav/Documents/Breast-Cancer-ML-Pipeline/venv/lib/python3.9/site-packages/airflow/example_dags/example_setup_teardown_taskflow.py for tasks to queue
[2025-04-21T16:57:39.440-0400] {logging_mixin.py:188} INFO - [2025-04-21T16:57:39.440-0400] {dagbag.py:538} INFO - Filling up the DagBag from /Users/gaurav/Documents/Breast-Cancer-ML-Pipeline/venv/lib/python3.9/site-packages/airflow/example_dags/example_setup_teardown_taskflow.py
[2025-04-21T16:57:39.467-0400] {processor.py:840} INFO - DAG(s) 'example_setup_teardown_taskflow' retrieved from /Users/gaurav/Documents/Breast-Cancer-ML-Pipeline/venv/lib/python3.9/site-packages/airflow/example_dags/example_setup_teardown_taskflow.py
[2025-04-21T16:57:39.530-0400] {logging_mixin.py:188} INFO - [2025-04-21T16:57:39.530-0400] {dag.py:3036} INFO - Sync 1 DAGs
[2025-04-21T16:57:39.541-0400] {logging_mixin.py:188} INFO - [2025-04-21T16:57:39.541-0400] {dag.py:3823} INFO - Setting next_dagrun for example_setup_teardown_taskflow to 2025-04-20 00:00:00+00:00, run_after=2025-04-21 00:00:00+00:00
[2025-04-21T16:57:39.554-0400] {processor.py:183} INFO - Processing /Users/gaurav/Documents/Breast-Cancer-ML-Pipeline/venv/lib/python3.9/site-packages/airflow/example_dags/example_setup_teardown_taskflow.py took 0.117 seconds
[2025-04-21T16:59:00.290-0400] {processor.py:161} INFO - Started process (PID=84881) to work on /Users/gaurav/Documents/Breast-Cancer-ML-Pipeline/venv/lib/python3.9/site-packages/airflow/example_dags/example_setup_teardown_taskflow.py
[2025-04-21T16:59:00.291-0400] {processor.py:830} INFO - Processing file /Users/gaurav/Documents/Breast-Cancer-ML-Pipeline/venv/lib/python3.9/site-packages/airflow/example_dags/example_setup_teardown_taskflow.py for tasks to queue
[2025-04-21T16:59:00.292-0400] {logging_mixin.py:188} INFO - [2025-04-21T16:59:00.292-0400] {dagbag.py:538} INFO - Filling up the DagBag from /Users/gaurav/Documents/Breast-Cancer-ML-Pipeline/venv/lib/python3.9/site-packages/airflow/example_dags/example_setup_teardown_taskflow.py
[2025-04-21T16:59:00.320-0400] {processor.py:840} INFO - DAG(s) 'example_setup_teardown_taskflow' retrieved from /Users/gaurav/Documents/Breast-Cancer-ML-Pipeline/venv/lib/python3.9/site-packages/airflow/example_dags/example_setup_teardown_taskflow.py
[2025-04-21T16:59:00.389-0400] {logging_mixin.py:188} INFO - [2025-04-21T16:59:00.388-0400] {dag.py:3036} INFO - Sync 1 DAGs
[2025-04-21T16:59:00.400-0400] {logging_mixin.py:188} INFO - [2025-04-21T16:59:00.400-0400] {dag.py:3823} INFO - Setting next_dagrun for example_setup_teardown_taskflow to 2025-04-20 00:00:00+00:00, run_after=2025-04-21 00:00:00+00:00
[2025-04-21T16:59:00.413-0400] {processor.py:183} INFO - Processing /Users/gaurav/Documents/Breast-Cancer-ML-Pipeline/venv/lib/python3.9/site-packages/airflow/example_dags/example_setup_teardown_taskflow.py took 0.125 seconds
[2025-04-21T17:00:17.138-0400] {processor.py:161} INFO - Started process (PID=84973) to work on /Users/gaurav/Documents/Breast-Cancer-ML-Pipeline/venv/lib/python3.9/site-packages/airflow/example_dags/example_setup_teardown_taskflow.py
[2025-04-21T17:00:17.139-0400] {processor.py:830} INFO - Processing file /Users/gaurav/Documents/Breast-Cancer-ML-Pipeline/venv/lib/python3.9/site-packages/airflow/example_dags/example_setup_teardown_taskflow.py for tasks to queue
[2025-04-21T17:00:17.140-0400] {logging_mixin.py:188} INFO - [2025-04-21T17:00:17.140-0400] {dagbag.py:538} INFO - Filling up the DagBag from /Users/gaurav/Documents/Breast-Cancer-ML-Pipeline/venv/lib/python3.9/site-packages/airflow/example_dags/example_setup_teardown_taskflow.py
[2025-04-21T17:00:17.166-0400] {processor.py:840} INFO - DAG(s) 'example_setup_teardown_taskflow' retrieved from /Users/gaurav/Documents/Breast-Cancer-ML-Pipeline/venv/lib/python3.9/site-packages/airflow/example_dags/example_setup_teardown_taskflow.py
[2025-04-21T17:00:17.228-0400] {logging_mixin.py:188} INFO - [2025-04-21T17:00:17.228-0400] {dag.py:3036} INFO - Sync 1 DAGs
[2025-04-21T17:00:17.239-0400] {logging_mixin.py:188} INFO - [2025-04-21T17:00:17.239-0400] {dag.py:3823} INFO - Setting next_dagrun for example_setup_teardown_taskflow to 2025-04-20 00:00:00+00:00, run_after=2025-04-21 00:00:00+00:00
[2025-04-21T17:00:17.251-0400] {processor.py:183} INFO - Processing /Users/gaurav/Documents/Breast-Cancer-ML-Pipeline/venv/lib/python3.9/site-packages/airflow/example_dags/example_setup_teardown_taskflow.py took 0.115 seconds
[2025-04-21T17:01:33.860-0400] {processor.py:161} INFO - Started process (PID=85072) to work on /Users/gaurav/Documents/Breast-Cancer-ML-Pipeline/venv/lib/python3.9/site-packages/airflow/example_dags/example_setup_teardown_taskflow.py
[2025-04-21T17:01:33.862-0400] {processor.py:830} INFO - Processing file /Users/gaurav/Documents/Breast-Cancer-ML-Pipeline/venv/lib/python3.9/site-packages/airflow/example_dags/example_setup_teardown_taskflow.py for tasks to queue
[2025-04-21T17:01:33.863-0400] {logging_mixin.py:188} INFO - [2025-04-21T17:01:33.863-0400] {dagbag.py:538} INFO - Filling up the DagBag from /Users/gaurav/Documents/Breast-Cancer-ML-Pipeline/venv/lib/python3.9/site-packages/airflow/example_dags/example_setup_teardown_taskflow.py
[2025-04-21T17:01:33.891-0400] {processor.py:840} INFO - DAG(s) 'example_setup_teardown_taskflow' retrieved from /Users/gaurav/Documents/Breast-Cancer-ML-Pipeline/venv/lib/python3.9/site-packages/airflow/example_dags/example_setup_teardown_taskflow.py
[2025-04-21T17:01:33.959-0400] {logging_mixin.py:188} INFO - [2025-04-21T17:01:33.959-0400] {dag.py:3036} INFO - Sync 1 DAGs
[2025-04-21T17:01:33.971-0400] {logging_mixin.py:188} INFO - [2025-04-21T17:01:33.970-0400] {dag.py:3823} INFO - Setting next_dagrun for example_setup_teardown_taskflow to 2025-04-20 00:00:00+00:00, run_after=2025-04-21 00:00:00+00:00
[2025-04-21T17:01:33.984-0400] {processor.py:183} INFO - Processing /Users/gaurav/Documents/Breast-Cancer-ML-Pipeline/venv/lib/python3.9/site-packages/airflow/example_dags/example_setup_teardown_taskflow.py took 0.124 seconds
[2025-04-21T17:02:55.680-0400] {processor.py:161} INFO - Started process (PID=85158) to work on /Users/gaurav/Documents/Breast-Cancer-ML-Pipeline/venv/lib/python3.9/site-packages/airflow/example_dags/example_setup_teardown_taskflow.py
[2025-04-21T17:02:55.681-0400] {processor.py:830} INFO - Processing file /Users/gaurav/Documents/Breast-Cancer-ML-Pipeline/venv/lib/python3.9/site-packages/airflow/example_dags/example_setup_teardown_taskflow.py for tasks to queue
[2025-04-21T17:02:55.682-0400] {logging_mixin.py:188} INFO - [2025-04-21T17:02:55.682-0400] {dagbag.py:538} INFO - Filling up the DagBag from /Users/gaurav/Documents/Breast-Cancer-ML-Pipeline/venv/lib/python3.9/site-packages/airflow/example_dags/example_setup_teardown_taskflow.py
[2025-04-21T17:02:55.711-0400] {processor.py:840} INFO - DAG(s) 'example_setup_teardown_taskflow' retrieved from /Users/gaurav/Documents/Breast-Cancer-ML-Pipeline/venv/lib/python3.9/site-packages/airflow/example_dags/example_setup_teardown_taskflow.py
[2025-04-21T17:02:55.778-0400] {logging_mixin.py:188} INFO - [2025-04-21T17:02:55.778-0400] {dag.py:3036} INFO - Sync 1 DAGs
[2025-04-21T17:02:55.790-0400] {logging_mixin.py:188} INFO - [2025-04-21T17:02:55.790-0400] {dag.py:3823} INFO - Setting next_dagrun for example_setup_teardown_taskflow to 2025-04-20 00:00:00+00:00, run_after=2025-04-21 00:00:00+00:00
[2025-04-21T17:02:55.805-0400] {processor.py:183} INFO - Processing /Users/gaurav/Documents/Breast-Cancer-ML-Pipeline/venv/lib/python3.9/site-packages/airflow/example_dags/example_setup_teardown_taskflow.py took 0.125 seconds
[2025-04-21T17:04:12.256-0400] {processor.py:161} INFO - Started process (PID=85267) to work on /Users/gaurav/Documents/Breast-Cancer-ML-Pipeline/venv/lib/python3.9/site-packages/airflow/example_dags/example_setup_teardown_taskflow.py
[2025-04-21T17:04:12.257-0400] {processor.py:830} INFO - Processing file /Users/gaurav/Documents/Breast-Cancer-ML-Pipeline/venv/lib/python3.9/site-packages/airflow/example_dags/example_setup_teardown_taskflow.py for tasks to queue
[2025-04-21T17:04:12.258-0400] {logging_mixin.py:188} INFO - [2025-04-21T17:04:12.258-0400] {dagbag.py:538} INFO - Filling up the DagBag from /Users/gaurav/Documents/Breast-Cancer-ML-Pipeline/venv/lib/python3.9/site-packages/airflow/example_dags/example_setup_teardown_taskflow.py
[2025-04-21T17:04:12.288-0400] {processor.py:840} INFO - DAG(s) 'example_setup_teardown_taskflow' retrieved from /Users/gaurav/Documents/Breast-Cancer-ML-Pipeline/venv/lib/python3.9/site-packages/airflow/example_dags/example_setup_teardown_taskflow.py
[2025-04-21T17:04:12.381-0400] {logging_mixin.py:188} INFO - [2025-04-21T17:04:12.381-0400] {dag.py:3036} INFO - Sync 1 DAGs
[2025-04-21T17:04:12.392-0400] {logging_mixin.py:188} INFO - [2025-04-21T17:04:12.392-0400] {dag.py:3823} INFO - Setting next_dagrun for example_setup_teardown_taskflow to 2025-04-20 00:00:00+00:00, run_after=2025-04-21 00:00:00+00:00
[2025-04-21T17:04:12.406-0400] {processor.py:183} INFO - Processing /Users/gaurav/Documents/Breast-Cancer-ML-Pipeline/venv/lib/python3.9/site-packages/airflow/example_dags/example_setup_teardown_taskflow.py took 0.151 seconds
[2025-04-21T17:05:22.626-0400] {processor.py:161} INFO - Started process (PID=85344) to work on /Users/gaurav/Documents/Breast-Cancer-ML-Pipeline/venv/lib/python3.9/site-packages/airflow/example_dags/example_setup_teardown_taskflow.py
[2025-04-21T17:05:22.628-0400] {processor.py:830} INFO - Processing file /Users/gaurav/Documents/Breast-Cancer-ML-Pipeline/venv/lib/python3.9/site-packages/airflow/example_dags/example_setup_teardown_taskflow.py for tasks to queue
[2025-04-21T17:05:22.629-0400] {logging_mixin.py:188} INFO - [2025-04-21T17:05:22.628-0400] {dagbag.py:538} INFO - Filling up the DagBag from /Users/gaurav/Documents/Breast-Cancer-ML-Pipeline/venv/lib/python3.9/site-packages/airflow/example_dags/example_setup_teardown_taskflow.py
[2025-04-21T17:05:22.656-0400] {processor.py:840} INFO - DAG(s) 'example_setup_teardown_taskflow' retrieved from /Users/gaurav/Documents/Breast-Cancer-ML-Pipeline/venv/lib/python3.9/site-packages/airflow/example_dags/example_setup_teardown_taskflow.py
[2025-04-21T17:05:22.725-0400] {logging_mixin.py:188} INFO - [2025-04-21T17:05:22.724-0400] {dag.py:3036} INFO - Sync 1 DAGs
[2025-04-21T17:05:22.737-0400] {logging_mixin.py:188} INFO - [2025-04-21T17:05:22.737-0400] {dag.py:3823} INFO - Setting next_dagrun for example_setup_teardown_taskflow to 2025-04-20 00:00:00+00:00, run_after=2025-04-21 00:00:00+00:00
[2025-04-21T17:05:22.750-0400] {processor.py:183} INFO - Processing /Users/gaurav/Documents/Breast-Cancer-ML-Pipeline/venv/lib/python3.9/site-packages/airflow/example_dags/example_setup_teardown_taskflow.py took 0.124 seconds
[2025-04-21T17:06:33.725-0400] {processor.py:161} INFO - Started process (PID=85436) to work on /Users/gaurav/Documents/Breast-Cancer-ML-Pipeline/venv/lib/python3.9/site-packages/airflow/example_dags/example_setup_teardown_taskflow.py
[2025-04-21T17:06:33.727-0400] {processor.py:830} INFO - Processing file /Users/gaurav/Documents/Breast-Cancer-ML-Pipeline/venv/lib/python3.9/site-packages/airflow/example_dags/example_setup_teardown_taskflow.py for tasks to queue
[2025-04-21T17:06:33.728-0400] {logging_mixin.py:188} INFO - [2025-04-21T17:06:33.727-0400] {dagbag.py:538} INFO - Filling up the DagBag from /Users/gaurav/Documents/Breast-Cancer-ML-Pipeline/venv/lib/python3.9/site-packages/airflow/example_dags/example_setup_teardown_taskflow.py
[2025-04-21T17:06:33.754-0400] {processor.py:840} INFO - DAG(s) 'example_setup_teardown_taskflow' retrieved from /Users/gaurav/Documents/Breast-Cancer-ML-Pipeline/venv/lib/python3.9/site-packages/airflow/example_dags/example_setup_teardown_taskflow.py
[2025-04-21T17:06:33.819-0400] {logging_mixin.py:188} INFO - [2025-04-21T17:06:33.819-0400] {dag.py:3036} INFO - Sync 1 DAGs
[2025-04-21T17:06:33.830-0400] {logging_mixin.py:188} INFO - [2025-04-21T17:06:33.830-0400] {dag.py:3823} INFO - Setting next_dagrun for example_setup_teardown_taskflow to 2025-04-20 00:00:00+00:00, run_after=2025-04-21 00:00:00+00:00
[2025-04-21T17:06:33.844-0400] {processor.py:183} INFO - Processing /Users/gaurav/Documents/Breast-Cancer-ML-Pipeline/venv/lib/python3.9/site-packages/airflow/example_dags/example_setup_teardown_taskflow.py took 0.120 seconds
[2025-04-21T17:07:45.558-0400] {processor.py:161} INFO - Started process (PID=85515) to work on /Users/gaurav/Documents/Breast-Cancer-ML-Pipeline/venv/lib/python3.9/site-packages/airflow/example_dags/example_setup_teardown_taskflow.py
[2025-04-21T17:07:45.560-0400] {processor.py:830} INFO - Processing file /Users/gaurav/Documents/Breast-Cancer-ML-Pipeline/venv/lib/python3.9/site-packages/airflow/example_dags/example_setup_teardown_taskflow.py for tasks to queue
[2025-04-21T17:07:45.561-0400] {logging_mixin.py:188} INFO - [2025-04-21T17:07:45.560-0400] {dagbag.py:538} INFO - Filling up the DagBag from /Users/gaurav/Documents/Breast-Cancer-ML-Pipeline/venv/lib/python3.9/site-packages/airflow/example_dags/example_setup_teardown_taskflow.py
[2025-04-21T17:07:45.587-0400] {processor.py:840} INFO - DAG(s) 'example_setup_teardown_taskflow' retrieved from /Users/gaurav/Documents/Breast-Cancer-ML-Pipeline/venv/lib/python3.9/site-packages/airflow/example_dags/example_setup_teardown_taskflow.py
[2025-04-21T17:07:45.650-0400] {logging_mixin.py:188} INFO - [2025-04-21T17:07:45.650-0400] {dag.py:3036} INFO - Sync 1 DAGs
[2025-04-21T17:07:45.661-0400] {logging_mixin.py:188} INFO - [2025-04-21T17:07:45.661-0400] {dag.py:3823} INFO - Setting next_dagrun for example_setup_teardown_taskflow to 2025-04-20 00:00:00+00:00, run_after=2025-04-21 00:00:00+00:00
[2025-04-21T17:07:45.674-0400] {processor.py:183} INFO - Processing /Users/gaurav/Documents/Breast-Cancer-ML-Pipeline/venv/lib/python3.9/site-packages/airflow/example_dags/example_setup_teardown_taskflow.py took 0.117 seconds
[2025-04-21T17:09:00.502-0400] {processor.py:161} INFO - Started process (PID=85593) to work on /Users/gaurav/Documents/Breast-Cancer-ML-Pipeline/venv/lib/python3.9/site-packages/airflow/example_dags/example_setup_teardown_taskflow.py
[2025-04-21T17:09:00.503-0400] {processor.py:830} INFO - Processing file /Users/gaurav/Documents/Breast-Cancer-ML-Pipeline/venv/lib/python3.9/site-packages/airflow/example_dags/example_setup_teardown_taskflow.py for tasks to queue
[2025-04-21T17:09:00.504-0400] {logging_mixin.py:188} INFO - [2025-04-21T17:09:00.504-0400] {dagbag.py:538} INFO - Filling up the DagBag from /Users/gaurav/Documents/Breast-Cancer-ML-Pipeline/venv/lib/python3.9/site-packages/airflow/example_dags/example_setup_teardown_taskflow.py
[2025-04-21T17:09:00.533-0400] {processor.py:840} INFO - DAG(s) 'example_setup_teardown_taskflow' retrieved from /Users/gaurav/Documents/Breast-Cancer-ML-Pipeline/venv/lib/python3.9/site-packages/airflow/example_dags/example_setup_teardown_taskflow.py
[2025-04-21T17:09:00.596-0400] {logging_mixin.py:188} INFO - [2025-04-21T17:09:00.596-0400] {dag.py:3036} INFO - Sync 1 DAGs
[2025-04-21T17:09:00.607-0400] {logging_mixin.py:188} INFO - [2025-04-21T17:09:00.607-0400] {dag.py:3823} INFO - Setting next_dagrun for example_setup_teardown_taskflow to 2025-04-20 00:00:00+00:00, run_after=2025-04-21 00:00:00+00:00
[2025-04-21T17:09:00.620-0400] {processor.py:183} INFO - Processing /Users/gaurav/Documents/Breast-Cancer-ML-Pipeline/venv/lib/python3.9/site-packages/airflow/example_dags/example_setup_teardown_taskflow.py took 0.120 seconds
[2025-04-21T17:10:12.555-0400] {processor.py:161} INFO - Started process (PID=85673) to work on /Users/gaurav/Documents/Breast-Cancer-ML-Pipeline/venv/lib/python3.9/site-packages/airflow/example_dags/example_setup_teardown_taskflow.py
[2025-04-21T17:10:12.558-0400] {processor.py:830} INFO - Processing file /Users/gaurav/Documents/Breast-Cancer-ML-Pipeline/venv/lib/python3.9/site-packages/airflow/example_dags/example_setup_teardown_taskflow.py for tasks to queue
[2025-04-21T17:10:12.558-0400] {logging_mixin.py:188} INFO - [2025-04-21T17:10:12.558-0400] {dagbag.py:538} INFO - Filling up the DagBag from /Users/gaurav/Documents/Breast-Cancer-ML-Pipeline/venv/lib/python3.9/site-packages/airflow/example_dags/example_setup_teardown_taskflow.py
[2025-04-21T17:10:12.585-0400] {processor.py:840} INFO - DAG(s) 'example_setup_teardown_taskflow' retrieved from /Users/gaurav/Documents/Breast-Cancer-ML-Pipeline/venv/lib/python3.9/site-packages/airflow/example_dags/example_setup_teardown_taskflow.py
[2025-04-21T17:10:12.649-0400] {logging_mixin.py:188} INFO - [2025-04-21T17:10:12.649-0400] {dag.py:3036} INFO - Sync 1 DAGs
[2025-04-21T17:10:12.660-0400] {logging_mixin.py:188} INFO - [2025-04-21T17:10:12.660-0400] {dag.py:3823} INFO - Setting next_dagrun for example_setup_teardown_taskflow to 2025-04-20 00:00:00+00:00, run_after=2025-04-21 00:00:00+00:00
[2025-04-21T17:10:12.673-0400] {processor.py:183} INFO - Processing /Users/gaurav/Documents/Breast-Cancer-ML-Pipeline/venv/lib/python3.9/site-packages/airflow/example_dags/example_setup_teardown_taskflow.py took 0.119 seconds
[2025-04-21T17:11:27.255-0400] {processor.py:161} INFO - Started process (PID=85757) to work on /Users/gaurav/Documents/Breast-Cancer-ML-Pipeline/venv/lib/python3.9/site-packages/airflow/example_dags/example_setup_teardown_taskflow.py
[2025-04-21T17:11:27.257-0400] {processor.py:830} INFO - Processing file /Users/gaurav/Documents/Breast-Cancer-ML-Pipeline/venv/lib/python3.9/site-packages/airflow/example_dags/example_setup_teardown_taskflow.py for tasks to queue
[2025-04-21T17:11:27.257-0400] {logging_mixin.py:188} INFO - [2025-04-21T17:11:27.257-0400] {dagbag.py:538} INFO - Filling up the DagBag from /Users/gaurav/Documents/Breast-Cancer-ML-Pipeline/venv/lib/python3.9/site-packages/airflow/example_dags/example_setup_teardown_taskflow.py
[2025-04-21T17:11:27.285-0400] {processor.py:840} INFO - DAG(s) 'example_setup_teardown_taskflow' retrieved from /Users/gaurav/Documents/Breast-Cancer-ML-Pipeline/venv/lib/python3.9/site-packages/airflow/example_dags/example_setup_teardown_taskflow.py
[2025-04-21T17:11:27.349-0400] {logging_mixin.py:188} INFO - [2025-04-21T17:11:27.348-0400] {dag.py:3036} INFO - Sync 1 DAGs
[2025-04-21T17:11:27.360-0400] {logging_mixin.py:188} INFO - [2025-04-21T17:11:27.360-0400] {dag.py:3823} INFO - Setting next_dagrun for example_setup_teardown_taskflow to 2025-04-20 00:00:00+00:00, run_after=2025-04-21 00:00:00+00:00
[2025-04-21T17:11:27.373-0400] {processor.py:183} INFO - Processing /Users/gaurav/Documents/Breast-Cancer-ML-Pipeline/venv/lib/python3.9/site-packages/airflow/example_dags/example_setup_teardown_taskflow.py took 0.119 seconds
[2025-04-21T17:12:40.688-0400] {processor.py:161} INFO - Started process (PID=85848) to work on /Users/gaurav/Documents/Breast-Cancer-ML-Pipeline/venv/lib/python3.9/site-packages/airflow/example_dags/example_setup_teardown_taskflow.py
[2025-04-21T17:12:40.690-0400] {processor.py:830} INFO - Processing file /Users/gaurav/Documents/Breast-Cancer-ML-Pipeline/venv/lib/python3.9/site-packages/airflow/example_dags/example_setup_teardown_taskflow.py for tasks to queue
[2025-04-21T17:12:40.690-0400] {logging_mixin.py:188} INFO - [2025-04-21T17:12:40.690-0400] {dagbag.py:538} INFO - Filling up the DagBag from /Users/gaurav/Documents/Breast-Cancer-ML-Pipeline/venv/lib/python3.9/site-packages/airflow/example_dags/example_setup_teardown_taskflow.py
[2025-04-21T17:12:40.717-0400] {processor.py:840} INFO - DAG(s) 'example_setup_teardown_taskflow' retrieved from /Users/gaurav/Documents/Breast-Cancer-ML-Pipeline/venv/lib/python3.9/site-packages/airflow/example_dags/example_setup_teardown_taskflow.py
[2025-04-21T17:12:40.780-0400] {logging_mixin.py:188} INFO - [2025-04-21T17:12:40.780-0400] {dag.py:3036} INFO - Sync 1 DAGs
[2025-04-21T17:12:40.791-0400] {logging_mixin.py:188} INFO - [2025-04-21T17:12:40.791-0400] {dag.py:3823} INFO - Setting next_dagrun for example_setup_teardown_taskflow to 2025-04-20 00:00:00+00:00, run_after=2025-04-21 00:00:00+00:00
[2025-04-21T17:12:40.803-0400] {processor.py:183} INFO - Processing /Users/gaurav/Documents/Breast-Cancer-ML-Pipeline/venv/lib/python3.9/site-packages/airflow/example_dags/example_setup_teardown_taskflow.py took 0.116 seconds
[2025-04-21T17:13:54.585-0400] {processor.py:161} INFO - Started process (PID=85944) to work on /Users/gaurav/Documents/Breast-Cancer-ML-Pipeline/venv/lib/python3.9/site-packages/airflow/example_dags/example_setup_teardown_taskflow.py
[2025-04-21T17:13:54.587-0400] {processor.py:830} INFO - Processing file /Users/gaurav/Documents/Breast-Cancer-ML-Pipeline/venv/lib/python3.9/site-packages/airflow/example_dags/example_setup_teardown_taskflow.py for tasks to queue
[2025-04-21T17:13:54.588-0400] {logging_mixin.py:188} INFO - [2025-04-21T17:13:54.588-0400] {dagbag.py:538} INFO - Filling up the DagBag from /Users/gaurav/Documents/Breast-Cancer-ML-Pipeline/venv/lib/python3.9/site-packages/airflow/example_dags/example_setup_teardown_taskflow.py
[2025-04-21T17:13:54.615-0400] {processor.py:840} INFO - DAG(s) 'example_setup_teardown_taskflow' retrieved from /Users/gaurav/Documents/Breast-Cancer-ML-Pipeline/venv/lib/python3.9/site-packages/airflow/example_dags/example_setup_teardown_taskflow.py
[2025-04-21T17:13:54.679-0400] {logging_mixin.py:188} INFO - [2025-04-21T17:13:54.679-0400] {dag.py:3036} INFO - Sync 1 DAGs
[2025-04-21T17:13:54.690-0400] {logging_mixin.py:188} INFO - [2025-04-21T17:13:54.690-0400] {dag.py:3823} INFO - Setting next_dagrun for example_setup_teardown_taskflow to 2025-04-20 00:00:00+00:00, run_after=2025-04-21 00:00:00+00:00
[2025-04-21T17:13:54.703-0400] {processor.py:183} INFO - Processing /Users/gaurav/Documents/Breast-Cancer-ML-Pipeline/venv/lib/python3.9/site-packages/airflow/example_dags/example_setup_teardown_taskflow.py took 0.118 seconds
[2025-04-21T17:15:07.780-0400] {processor.py:161} INFO - Started process (PID=86023) to work on /Users/gaurav/Documents/Breast-Cancer-ML-Pipeline/venv/lib/python3.9/site-packages/airflow/example_dags/example_setup_teardown_taskflow.py
[2025-04-21T17:15:07.782-0400] {processor.py:830} INFO - Processing file /Users/gaurav/Documents/Breast-Cancer-ML-Pipeline/venv/lib/python3.9/site-packages/airflow/example_dags/example_setup_teardown_taskflow.py for tasks to queue
[2025-04-21T17:15:07.782-0400] {logging_mixin.py:188} INFO - [2025-04-21T17:15:07.782-0400] {dagbag.py:538} INFO - Filling up the DagBag from /Users/gaurav/Documents/Breast-Cancer-ML-Pipeline/venv/lib/python3.9/site-packages/airflow/example_dags/example_setup_teardown_taskflow.py
[2025-04-21T17:15:07.810-0400] {processor.py:840} INFO - DAG(s) 'example_setup_teardown_taskflow' retrieved from /Users/gaurav/Documents/Breast-Cancer-ML-Pipeline/venv/lib/python3.9/site-packages/airflow/example_dags/example_setup_teardown_taskflow.py
[2025-04-21T17:15:07.873-0400] {logging_mixin.py:188} INFO - [2025-04-21T17:15:07.873-0400] {dag.py:3036} INFO - Sync 1 DAGs
[2025-04-21T17:15:07.885-0400] {logging_mixin.py:188} INFO - [2025-04-21T17:15:07.884-0400] {dag.py:3823} INFO - Setting next_dagrun for example_setup_teardown_taskflow to 2025-04-20 00:00:00+00:00, run_after=2025-04-21 00:00:00+00:00
[2025-04-21T17:15:07.897-0400] {processor.py:183} INFO - Processing /Users/gaurav/Documents/Breast-Cancer-ML-Pipeline/venv/lib/python3.9/site-packages/airflow/example_dags/example_setup_teardown_taskflow.py took 0.119 seconds
[2025-04-21T17:16:21.109-0400] {processor.py:161} INFO - Started process (PID=86112) to work on /Users/gaurav/Documents/Breast-Cancer-ML-Pipeline/venv/lib/python3.9/site-packages/airflow/example_dags/example_setup_teardown_taskflow.py
[2025-04-21T17:16:21.116-0400] {processor.py:830} INFO - Processing file /Users/gaurav/Documents/Breast-Cancer-ML-Pipeline/venv/lib/python3.9/site-packages/airflow/example_dags/example_setup_teardown_taskflow.py for tasks to queue
[2025-04-21T17:16:21.116-0400] {logging_mixin.py:188} INFO - [2025-04-21T17:16:21.116-0400] {dagbag.py:538} INFO - Filling up the DagBag from /Users/gaurav/Documents/Breast-Cancer-ML-Pipeline/venv/lib/python3.9/site-packages/airflow/example_dags/example_setup_teardown_taskflow.py
[2025-04-21T17:16:21.145-0400] {processor.py:840} INFO - DAG(s) 'example_setup_teardown_taskflow' retrieved from /Users/gaurav/Documents/Breast-Cancer-ML-Pipeline/venv/lib/python3.9/site-packages/airflow/example_dags/example_setup_teardown_taskflow.py
[2025-04-21T17:16:21.211-0400] {logging_mixin.py:188} INFO - [2025-04-21T17:16:21.210-0400] {dag.py:3036} INFO - Sync 1 DAGs
[2025-04-21T17:16:21.222-0400] {logging_mixin.py:188} INFO - [2025-04-21T17:16:21.222-0400] {dag.py:3823} INFO - Setting next_dagrun for example_setup_teardown_taskflow to 2025-04-20 00:00:00+00:00, run_after=2025-04-21 00:00:00+00:00
[2025-04-21T17:16:21.234-0400] {processor.py:183} INFO - Processing /Users/gaurav/Documents/Breast-Cancer-ML-Pipeline/venv/lib/python3.9/site-packages/airflow/example_dags/example_setup_teardown_taskflow.py took 0.125 seconds
[2025-04-21T17:17:35.001-0400] {processor.py:161} INFO - Started process (PID=86218) to work on /Users/gaurav/Documents/Breast-Cancer-ML-Pipeline/venv/lib/python3.9/site-packages/airflow/example_dags/example_setup_teardown_taskflow.py
[2025-04-21T17:17:35.002-0400] {processor.py:830} INFO - Processing file /Users/gaurav/Documents/Breast-Cancer-ML-Pipeline/venv/lib/python3.9/site-packages/airflow/example_dags/example_setup_teardown_taskflow.py for tasks to queue
[2025-04-21T17:17:35.003-0400] {logging_mixin.py:188} INFO - [2025-04-21T17:17:35.003-0400] {dagbag.py:538} INFO - Filling up the DagBag from /Users/gaurav/Documents/Breast-Cancer-ML-Pipeline/venv/lib/python3.9/site-packages/airflow/example_dags/example_setup_teardown_taskflow.py
[2025-04-21T17:17:35.030-0400] {processor.py:840} INFO - DAG(s) 'example_setup_teardown_taskflow' retrieved from /Users/gaurav/Documents/Breast-Cancer-ML-Pipeline/venv/lib/python3.9/site-packages/airflow/example_dags/example_setup_teardown_taskflow.py
[2025-04-21T17:17:35.094-0400] {logging_mixin.py:188} INFO - [2025-04-21T17:17:35.094-0400] {dag.py:3036} INFO - Sync 1 DAGs
[2025-04-21T17:17:35.105-0400] {logging_mixin.py:188} INFO - [2025-04-21T17:17:35.105-0400] {dag.py:3823} INFO - Setting next_dagrun for example_setup_teardown_taskflow to 2025-04-20 00:00:00+00:00, run_after=2025-04-21 00:00:00+00:00
[2025-04-21T17:17:35.117-0400] {processor.py:183} INFO - Processing /Users/gaurav/Documents/Breast-Cancer-ML-Pipeline/venv/lib/python3.9/site-packages/airflow/example_dags/example_setup_teardown_taskflow.py took 0.118 seconds
[2025-04-21T17:18:50.638-0400] {processor.py:161} INFO - Started process (PID=86310) to work on /Users/gaurav/Documents/Breast-Cancer-ML-Pipeline/venv/lib/python3.9/site-packages/airflow/example_dags/example_setup_teardown_taskflow.py
[2025-04-21T17:18:50.640-0400] {processor.py:830} INFO - Processing file /Users/gaurav/Documents/Breast-Cancer-ML-Pipeline/venv/lib/python3.9/site-packages/airflow/example_dags/example_setup_teardown_taskflow.py for tasks to queue
[2025-04-21T17:18:50.641-0400] {logging_mixin.py:188} INFO - [2025-04-21T17:18:50.641-0400] {dagbag.py:538} INFO - Filling up the DagBag from /Users/gaurav/Documents/Breast-Cancer-ML-Pipeline/venv/lib/python3.9/site-packages/airflow/example_dags/example_setup_teardown_taskflow.py
[2025-04-21T17:18:50.668-0400] {processor.py:840} INFO - DAG(s) 'example_setup_teardown_taskflow' retrieved from /Users/gaurav/Documents/Breast-Cancer-ML-Pipeline/venv/lib/python3.9/site-packages/airflow/example_dags/example_setup_teardown_taskflow.py
[2025-04-21T17:18:50.734-0400] {logging_mixin.py:188} INFO - [2025-04-21T17:18:50.734-0400] {dag.py:3036} INFO - Sync 1 DAGs
[2025-04-21T17:18:50.746-0400] {logging_mixin.py:188} INFO - [2025-04-21T17:18:50.746-0400] {dag.py:3823} INFO - Setting next_dagrun for example_setup_teardown_taskflow to 2025-04-20 00:00:00+00:00, run_after=2025-04-21 00:00:00+00:00
[2025-04-21T17:18:50.758-0400] {processor.py:183} INFO - Processing /Users/gaurav/Documents/Breast-Cancer-ML-Pipeline/venv/lib/python3.9/site-packages/airflow/example_dags/example_setup_teardown_taskflow.py took 0.121 seconds
[2025-04-21T17:20:06.206-0400] {processor.py:161} INFO - Started process (PID=86406) to work on /Users/gaurav/Documents/Breast-Cancer-ML-Pipeline/venv/lib/python3.9/site-packages/airflow/example_dags/example_setup_teardown_taskflow.py
[2025-04-21T17:20:06.207-0400] {processor.py:830} INFO - Processing file /Users/gaurav/Documents/Breast-Cancer-ML-Pipeline/venv/lib/python3.9/site-packages/airflow/example_dags/example_setup_teardown_taskflow.py for tasks to queue
[2025-04-21T17:20:06.208-0400] {logging_mixin.py:188} INFO - [2025-04-21T17:20:06.208-0400] {dagbag.py:538} INFO - Filling up the DagBag from /Users/gaurav/Documents/Breast-Cancer-ML-Pipeline/venv/lib/python3.9/site-packages/airflow/example_dags/example_setup_teardown_taskflow.py
[2025-04-21T17:20:06.235-0400] {processor.py:840} INFO - DAG(s) 'example_setup_teardown_taskflow' retrieved from /Users/gaurav/Documents/Breast-Cancer-ML-Pipeline/venv/lib/python3.9/site-packages/airflow/example_dags/example_setup_teardown_taskflow.py
[2025-04-21T17:20:06.302-0400] {logging_mixin.py:188} INFO - [2025-04-21T17:20:06.301-0400] {dag.py:3036} INFO - Sync 1 DAGs
[2025-04-21T17:20:06.313-0400] {logging_mixin.py:188} INFO - [2025-04-21T17:20:06.313-0400] {dag.py:3823} INFO - Setting next_dagrun for example_setup_teardown_taskflow to 2025-04-20 00:00:00+00:00, run_after=2025-04-21 00:00:00+00:00
[2025-04-21T17:20:06.326-0400] {processor.py:183} INFO - Processing /Users/gaurav/Documents/Breast-Cancer-ML-Pipeline/venv/lib/python3.9/site-packages/airflow/example_dags/example_setup_teardown_taskflow.py took 0.121 seconds
[2025-04-21T17:21:58.196-0400] {processor.py:161} INFO - Started process (PID=86512) to work on /Users/gaurav/Documents/Breast-Cancer-ML-Pipeline/venv/lib/python3.9/site-packages/airflow/example_dags/example_setup_teardown_taskflow.py
[2025-04-21T17:21:58.198-0400] {processor.py:830} INFO - Processing file /Users/gaurav/Documents/Breast-Cancer-ML-Pipeline/venv/lib/python3.9/site-packages/airflow/example_dags/example_setup_teardown_taskflow.py for tasks to queue
[2025-04-21T17:21:58.198-0400] {logging_mixin.py:188} INFO - [2025-04-21T17:21:58.198-0400] {dagbag.py:538} INFO - Filling up the DagBag from /Users/gaurav/Documents/Breast-Cancer-ML-Pipeline/venv/lib/python3.9/site-packages/airflow/example_dags/example_setup_teardown_taskflow.py
[2025-04-21T17:21:58.229-0400] {processor.py:840} INFO - DAG(s) 'example_setup_teardown_taskflow' retrieved from /Users/gaurav/Documents/Breast-Cancer-ML-Pipeline/venv/lib/python3.9/site-packages/airflow/example_dags/example_setup_teardown_taskflow.py
[2025-04-21T17:21:58.346-0400] {logging_mixin.py:188} INFO - [2025-04-21T17:21:58.346-0400] {dag.py:3036} INFO - Sync 1 DAGs
[2025-04-21T17:21:58.357-0400] {logging_mixin.py:188} INFO - [2025-04-21T17:21:58.356-0400] {dag.py:3823} INFO - Setting next_dagrun for example_setup_teardown_taskflow to 2025-04-20 00:00:00+00:00, run_after=2025-04-21 00:00:00+00:00
[2025-04-21T17:21:58.369-0400] {processor.py:183} INFO - Processing /Users/gaurav/Documents/Breast-Cancer-ML-Pipeline/venv/lib/python3.9/site-packages/airflow/example_dags/example_setup_teardown_taskflow.py took 0.174 seconds
[2025-04-21T17:23:21.272-0400] {processor.py:161} INFO - Started process (PID=86598) to work on /Users/gaurav/Documents/Breast-Cancer-ML-Pipeline/venv/lib/python3.9/site-packages/airflow/example_dags/example_setup_teardown_taskflow.py
[2025-04-21T17:23:21.274-0400] {processor.py:830} INFO - Processing file /Users/gaurav/Documents/Breast-Cancer-ML-Pipeline/venv/lib/python3.9/site-packages/airflow/example_dags/example_setup_teardown_taskflow.py for tasks to queue
[2025-04-21T17:23:21.274-0400] {logging_mixin.py:188} INFO - [2025-04-21T17:23:21.274-0400] {dagbag.py:538} INFO - Filling up the DagBag from /Users/gaurav/Documents/Breast-Cancer-ML-Pipeline/venv/lib/python3.9/site-packages/airflow/example_dags/example_setup_teardown_taskflow.py
[2025-04-21T17:23:21.302-0400] {processor.py:840} INFO - DAG(s) 'example_setup_teardown_taskflow' retrieved from /Users/gaurav/Documents/Breast-Cancer-ML-Pipeline/venv/lib/python3.9/site-packages/airflow/example_dags/example_setup_teardown_taskflow.py
[2025-04-21T17:23:21.368-0400] {logging_mixin.py:188} INFO - [2025-04-21T17:23:21.368-0400] {dag.py:3036} INFO - Sync 1 DAGs
[2025-04-21T17:23:21.380-0400] {logging_mixin.py:188} INFO - [2025-04-21T17:23:21.380-0400] {dag.py:3823} INFO - Setting next_dagrun for example_setup_teardown_taskflow to 2025-04-20 00:00:00+00:00, run_after=2025-04-21 00:00:00+00:00
[2025-04-21T17:23:21.393-0400] {processor.py:183} INFO - Processing /Users/gaurav/Documents/Breast-Cancer-ML-Pipeline/venv/lib/python3.9/site-packages/airflow/example_dags/example_setup_teardown_taskflow.py took 0.122 seconds
[2025-04-21T17:24:39.049-0400] {processor.py:161} INFO - Started process (PID=86695) to work on /Users/gaurav/Documents/Breast-Cancer-ML-Pipeline/venv/lib/python3.9/site-packages/airflow/example_dags/example_setup_teardown_taskflow.py
[2025-04-21T17:24:39.051-0400] {processor.py:830} INFO - Processing file /Users/gaurav/Documents/Breast-Cancer-ML-Pipeline/venv/lib/python3.9/site-packages/airflow/example_dags/example_setup_teardown_taskflow.py for tasks to queue
[2025-04-21T17:24:39.051-0400] {logging_mixin.py:188} INFO - [2025-04-21T17:24:39.051-0400] {dagbag.py:538} INFO - Filling up the DagBag from /Users/gaurav/Documents/Breast-Cancer-ML-Pipeline/venv/lib/python3.9/site-packages/airflow/example_dags/example_setup_teardown_taskflow.py
[2025-04-21T17:24:39.079-0400] {processor.py:840} INFO - DAG(s) 'example_setup_teardown_taskflow' retrieved from /Users/gaurav/Documents/Breast-Cancer-ML-Pipeline/venv/lib/python3.9/site-packages/airflow/example_dags/example_setup_teardown_taskflow.py
[2025-04-21T17:24:39.149-0400] {logging_mixin.py:188} INFO - [2025-04-21T17:24:39.149-0400] {dag.py:3036} INFO - Sync 1 DAGs
[2025-04-21T17:24:39.161-0400] {logging_mixin.py:188} INFO - [2025-04-21T17:24:39.161-0400] {dag.py:3823} INFO - Setting next_dagrun for example_setup_teardown_taskflow to 2025-04-20 00:00:00+00:00, run_after=2025-04-21 00:00:00+00:00
[2025-04-21T17:24:39.174-0400] {processor.py:183} INFO - Processing /Users/gaurav/Documents/Breast-Cancer-ML-Pipeline/venv/lib/python3.9/site-packages/airflow/example_dags/example_setup_teardown_taskflow.py took 0.126 seconds
[2025-04-21T17:25:57.217-0400] {processor.py:161} INFO - Started process (PID=86810) to work on /Users/gaurav/Documents/Breast-Cancer-ML-Pipeline/venv/lib/python3.9/site-packages/airflow/example_dags/example_setup_teardown_taskflow.py
[2025-04-21T17:25:57.219-0400] {processor.py:830} INFO - Processing file /Users/gaurav/Documents/Breast-Cancer-ML-Pipeline/venv/lib/python3.9/site-packages/airflow/example_dags/example_setup_teardown_taskflow.py for tasks to queue
[2025-04-21T17:25:57.220-0400] {logging_mixin.py:188} INFO - [2025-04-21T17:25:57.220-0400] {dagbag.py:538} INFO - Filling up the DagBag from /Users/gaurav/Documents/Breast-Cancer-ML-Pipeline/venv/lib/python3.9/site-packages/airflow/example_dags/example_setup_teardown_taskflow.py
[2025-04-21T17:25:57.248-0400] {processor.py:840} INFO - DAG(s) 'example_setup_teardown_taskflow' retrieved from /Users/gaurav/Documents/Breast-Cancer-ML-Pipeline/venv/lib/python3.9/site-packages/airflow/example_dags/example_setup_teardown_taskflow.py
[2025-04-21T17:25:57.312-0400] {logging_mixin.py:188} INFO - [2025-04-21T17:25:57.312-0400] {dag.py:3036} INFO - Sync 1 DAGs
[2025-04-21T17:25:57.323-0400] {logging_mixin.py:188} INFO - [2025-04-21T17:25:57.323-0400] {dag.py:3823} INFO - Setting next_dagrun for example_setup_teardown_taskflow to 2025-04-20 00:00:00+00:00, run_after=2025-04-21 00:00:00+00:00
[2025-04-21T17:25:57.336-0400] {processor.py:183} INFO - Processing /Users/gaurav/Documents/Breast-Cancer-ML-Pipeline/venv/lib/python3.9/site-packages/airflow/example_dags/example_setup_teardown_taskflow.py took 0.120 seconds
[2025-04-21T17:27:10.224-0400] {processor.py:161} INFO - Started process (PID=86893) to work on /Users/gaurav/Documents/Breast-Cancer-ML-Pipeline/venv/lib/python3.9/site-packages/airflow/example_dags/example_setup_teardown_taskflow.py
[2025-04-21T17:27:10.226-0400] {processor.py:830} INFO - Processing file /Users/gaurav/Documents/Breast-Cancer-ML-Pipeline/venv/lib/python3.9/site-packages/airflow/example_dags/example_setup_teardown_taskflow.py for tasks to queue
[2025-04-21T17:27:10.227-0400] {logging_mixin.py:188} INFO - [2025-04-21T17:27:10.227-0400] {dagbag.py:538} INFO - Filling up the DagBag from /Users/gaurav/Documents/Breast-Cancer-ML-Pipeline/venv/lib/python3.9/site-packages/airflow/example_dags/example_setup_teardown_taskflow.py
[2025-04-21T17:27:10.256-0400] {processor.py:840} INFO - DAG(s) 'example_setup_teardown_taskflow' retrieved from /Users/gaurav/Documents/Breast-Cancer-ML-Pipeline/venv/lib/python3.9/site-packages/airflow/example_dags/example_setup_teardown_taskflow.py
[2025-04-21T17:27:10.320-0400] {logging_mixin.py:188} INFO - [2025-04-21T17:27:10.320-0400] {dag.py:3036} INFO - Sync 1 DAGs
[2025-04-21T17:27:10.333-0400] {logging_mixin.py:188} INFO - [2025-04-21T17:27:10.333-0400] {dag.py:3823} INFO - Setting next_dagrun for example_setup_teardown_taskflow to 2025-04-20 00:00:00+00:00, run_after=2025-04-21 00:00:00+00:00
[2025-04-21T17:27:10.346-0400] {processor.py:183} INFO - Processing /Users/gaurav/Documents/Breast-Cancer-ML-Pipeline/venv/lib/python3.9/site-packages/airflow/example_dags/example_setup_teardown_taskflow.py took 0.122 seconds
[2025-04-21T17:29:30.407-0400] {processor.py:161} INFO - Started process (PID=87116) to work on /Users/gaurav/Documents/Breast-Cancer-ML-Pipeline/venv/lib/python3.9/site-packages/airflow/example_dags/example_setup_teardown_taskflow.py
[2025-04-21T17:29:30.409-0400] {processor.py:830} INFO - Processing file /Users/gaurav/Documents/Breast-Cancer-ML-Pipeline/venv/lib/python3.9/site-packages/airflow/example_dags/example_setup_teardown_taskflow.py for tasks to queue
[2025-04-21T17:29:30.409-0400] {logging_mixin.py:188} INFO - [2025-04-21T17:29:30.409-0400] {dagbag.py:538} INFO - Filling up the DagBag from /Users/gaurav/Documents/Breast-Cancer-ML-Pipeline/venv/lib/python3.9/site-packages/airflow/example_dags/example_setup_teardown_taskflow.py
[2025-04-21T17:29:30.436-0400] {processor.py:840} INFO - DAG(s) 'example_setup_teardown_taskflow' retrieved from /Users/gaurav/Documents/Breast-Cancer-ML-Pipeline/venv/lib/python3.9/site-packages/airflow/example_dags/example_setup_teardown_taskflow.py
[2025-04-21T17:29:30.508-0400] {logging_mixin.py:188} INFO - [2025-04-21T17:29:30.507-0400] {dag.py:3036} INFO - Sync 1 DAGs
[2025-04-21T17:29:30.521-0400] {logging_mixin.py:188} INFO - [2025-04-21T17:29:30.521-0400] {dag.py:3823} INFO - Setting next_dagrun for example_setup_teardown_taskflow to 2025-04-20 00:00:00+00:00, run_after=2025-04-21 00:00:00+00:00
[2025-04-21T17:29:30.537-0400] {processor.py:183} INFO - Processing /Users/gaurav/Documents/Breast-Cancer-ML-Pipeline/venv/lib/python3.9/site-packages/airflow/example_dags/example_setup_teardown_taskflow.py took 0.131 seconds
[2025-04-21T17:30:47.226-0400] {processor.py:161} INFO - Started process (PID=87204) to work on /Users/gaurav/Documents/Breast-Cancer-ML-Pipeline/venv/lib/python3.9/site-packages/airflow/example_dags/example_setup_teardown_taskflow.py
[2025-04-21T17:30:47.228-0400] {processor.py:830} INFO - Processing file /Users/gaurav/Documents/Breast-Cancer-ML-Pipeline/venv/lib/python3.9/site-packages/airflow/example_dags/example_setup_teardown_taskflow.py for tasks to queue
[2025-04-21T17:30:47.228-0400] {logging_mixin.py:188} INFO - [2025-04-21T17:30:47.228-0400] {dagbag.py:538} INFO - Filling up the DagBag from /Users/gaurav/Documents/Breast-Cancer-ML-Pipeline/venv/lib/python3.9/site-packages/airflow/example_dags/example_setup_teardown_taskflow.py
[2025-04-21T17:30:47.257-0400] {processor.py:840} INFO - DAG(s) 'example_setup_teardown_taskflow' retrieved from /Users/gaurav/Documents/Breast-Cancer-ML-Pipeline/venv/lib/python3.9/site-packages/airflow/example_dags/example_setup_teardown_taskflow.py
[2025-04-21T17:30:47.329-0400] {logging_mixin.py:188} INFO - [2025-04-21T17:30:47.328-0400] {dag.py:3036} INFO - Sync 1 DAGs
[2025-04-21T17:30:47.341-0400] {logging_mixin.py:188} INFO - [2025-04-21T17:30:47.340-0400] {dag.py:3823} INFO - Setting next_dagrun for example_setup_teardown_taskflow to 2025-04-20 00:00:00+00:00, run_after=2025-04-21 00:00:00+00:00
[2025-04-21T17:30:47.354-0400] {processor.py:183} INFO - Processing /Users/gaurav/Documents/Breast-Cancer-ML-Pipeline/venv/lib/python3.9/site-packages/airflow/example_dags/example_setup_teardown_taskflow.py took 0.128 seconds
[2025-04-21T17:37:04.488-0400] {processor.py:161} INFO - Started process (PID=87599) to work on /Users/gaurav/Documents/Breast-Cancer-ML-Pipeline/venv/lib/python3.9/site-packages/airflow/example_dags/example_setup_teardown_taskflow.py
[2025-04-21T17:37:04.490-0400] {processor.py:830} INFO - Processing file /Users/gaurav/Documents/Breast-Cancer-ML-Pipeline/venv/lib/python3.9/site-packages/airflow/example_dags/example_setup_teardown_taskflow.py for tasks to queue
[2025-04-21T17:37:04.490-0400] {logging_mixin.py:188} INFO - [2025-04-21T17:37:04.490-0400] {dagbag.py:538} INFO - Filling up the DagBag from /Users/gaurav/Documents/Breast-Cancer-ML-Pipeline/venv/lib/python3.9/site-packages/airflow/example_dags/example_setup_teardown_taskflow.py
[2025-04-21T17:37:04.518-0400] {processor.py:840} INFO - DAG(s) 'example_setup_teardown_taskflow' retrieved from /Users/gaurav/Documents/Breast-Cancer-ML-Pipeline/venv/lib/python3.9/site-packages/airflow/example_dags/example_setup_teardown_taskflow.py
[2025-04-21T17:37:04.637-0400] {logging_mixin.py:188} INFO - [2025-04-21T17:37:04.637-0400] {dag.py:3036} INFO - Sync 1 DAGs
[2025-04-21T17:37:04.648-0400] {logging_mixin.py:188} INFO - [2025-04-21T17:37:04.648-0400] {dag.py:3823} INFO - Setting next_dagrun for example_setup_teardown_taskflow to 2025-04-20 00:00:00+00:00, run_after=2025-04-21 00:00:00+00:00
[2025-04-21T17:37:04.660-0400] {processor.py:183} INFO - Processing /Users/gaurav/Documents/Breast-Cancer-ML-Pipeline/venv/lib/python3.9/site-packages/airflow/example_dags/example_setup_teardown_taskflow.py took 0.174 seconds
[2025-04-21T17:38:54.510-0400] {processor.py:161} INFO - Started process (PID=87874) to work on /Users/gaurav/Documents/Breast-Cancer-ML-Pipeline/venv/lib/python3.9/site-packages/airflow/example_dags/example_setup_teardown_taskflow.py
[2025-04-21T17:38:54.512-0400] {processor.py:830} INFO - Processing file /Users/gaurav/Documents/Breast-Cancer-ML-Pipeline/venv/lib/python3.9/site-packages/airflow/example_dags/example_setup_teardown_taskflow.py for tasks to queue
[2025-04-21T17:38:54.513-0400] {logging_mixin.py:188} INFO - [2025-04-21T17:38:54.512-0400] {dagbag.py:538} INFO - Filling up the DagBag from /Users/gaurav/Documents/Breast-Cancer-ML-Pipeline/venv/lib/python3.9/site-packages/airflow/example_dags/example_setup_teardown_taskflow.py
[2025-04-21T17:38:54.540-0400] {processor.py:840} INFO - DAG(s) 'example_setup_teardown_taskflow' retrieved from /Users/gaurav/Documents/Breast-Cancer-ML-Pipeline/venv/lib/python3.9/site-packages/airflow/example_dags/example_setup_teardown_taskflow.py
[2025-04-21T17:38:54.603-0400] {logging_mixin.py:188} INFO - [2025-04-21T17:38:54.603-0400] {dag.py:3036} INFO - Sync 1 DAGs
[2025-04-21T17:38:54.614-0400] {logging_mixin.py:188} INFO - [2025-04-21T17:38:54.614-0400] {dag.py:3823} INFO - Setting next_dagrun for example_setup_teardown_taskflow to 2025-04-20 00:00:00+00:00, run_after=2025-04-21 00:00:00+00:00
[2025-04-21T17:38:54.626-0400] {processor.py:183} INFO - Processing /Users/gaurav/Documents/Breast-Cancer-ML-Pipeline/venv/lib/python3.9/site-packages/airflow/example_dags/example_setup_teardown_taskflow.py took 0.117 seconds
[2025-04-21T17:41:31.678-0400] {processor.py:161} INFO - Started process (PID=88101) to work on /Users/gaurav/Documents/Breast-Cancer-ML-Pipeline/venv/lib/python3.9/site-packages/airflow/example_dags/example_setup_teardown_taskflow.py
[2025-04-21T17:41:31.680-0400] {processor.py:830} INFO - Processing file /Users/gaurav/Documents/Breast-Cancer-ML-Pipeline/venv/lib/python3.9/site-packages/airflow/example_dags/example_setup_teardown_taskflow.py for tasks to queue
[2025-04-21T17:41:31.680-0400] {logging_mixin.py:188} INFO - [2025-04-21T17:41:31.680-0400] {dagbag.py:538} INFO - Filling up the DagBag from /Users/gaurav/Documents/Breast-Cancer-ML-Pipeline/venv/lib/python3.9/site-packages/airflow/example_dags/example_setup_teardown_taskflow.py
[2025-04-21T17:41:31.708-0400] {processor.py:840} INFO - DAG(s) 'example_setup_teardown_taskflow' retrieved from /Users/gaurav/Documents/Breast-Cancer-ML-Pipeline/venv/lib/python3.9/site-packages/airflow/example_dags/example_setup_teardown_taskflow.py
[2025-04-21T17:41:31.772-0400] {logging_mixin.py:188} INFO - [2025-04-21T17:41:31.772-0400] {dag.py:3036} INFO - Sync 1 DAGs
[2025-04-21T17:41:31.783-0400] {logging_mixin.py:188} INFO - [2025-04-21T17:41:31.783-0400] {dag.py:3823} INFO - Setting next_dagrun for example_setup_teardown_taskflow to 2025-04-20 00:00:00+00:00, run_after=2025-04-21 00:00:00+00:00
[2025-04-21T17:41:31.796-0400] {processor.py:183} INFO - Processing /Users/gaurav/Documents/Breast-Cancer-ML-Pipeline/venv/lib/python3.9/site-packages/airflow/example_dags/example_setup_teardown_taskflow.py took 0.119 seconds
[2025-04-21T17:42:44.919-0400] {processor.py:161} INFO - Started process (PID=88189) to work on /Users/gaurav/Documents/Breast-Cancer-ML-Pipeline/venv/lib/python3.9/site-packages/airflow/example_dags/example_setup_teardown_taskflow.py
[2025-04-21T17:42:44.921-0400] {processor.py:830} INFO - Processing file /Users/gaurav/Documents/Breast-Cancer-ML-Pipeline/venv/lib/python3.9/site-packages/airflow/example_dags/example_setup_teardown_taskflow.py for tasks to queue
[2025-04-21T17:42:44.922-0400] {logging_mixin.py:188} INFO - [2025-04-21T17:42:44.922-0400] {dagbag.py:538} INFO - Filling up the DagBag from /Users/gaurav/Documents/Breast-Cancer-ML-Pipeline/venv/lib/python3.9/site-packages/airflow/example_dags/example_setup_teardown_taskflow.py
[2025-04-21T17:42:44.949-0400] {processor.py:840} INFO - DAG(s) 'example_setup_teardown_taskflow' retrieved from /Users/gaurav/Documents/Breast-Cancer-ML-Pipeline/venv/lib/python3.9/site-packages/airflow/example_dags/example_setup_teardown_taskflow.py
[2025-04-21T17:42:45.013-0400] {logging_mixin.py:188} INFO - [2025-04-21T17:42:45.012-0400] {dag.py:3036} INFO - Sync 1 DAGs
[2025-04-21T17:42:45.024-0400] {logging_mixin.py:188} INFO - [2025-04-21T17:42:45.024-0400] {dag.py:3823} INFO - Setting next_dagrun for example_setup_teardown_taskflow to 2025-04-20 00:00:00+00:00, run_after=2025-04-21 00:00:00+00:00
[2025-04-21T17:42:45.036-0400] {processor.py:183} INFO - Processing /Users/gaurav/Documents/Breast-Cancer-ML-Pipeline/venv/lib/python3.9/site-packages/airflow/example_dags/example_setup_teardown_taskflow.py took 0.118 seconds
[2025-04-21T17:43:56.794-0400] {processor.py:161} INFO - Started process (PID=88275) to work on /Users/gaurav/Documents/Breast-Cancer-ML-Pipeline/venv/lib/python3.9/site-packages/airflow/example_dags/example_setup_teardown_taskflow.py
[2025-04-21T17:43:56.796-0400] {processor.py:830} INFO - Processing file /Users/gaurav/Documents/Breast-Cancer-ML-Pipeline/venv/lib/python3.9/site-packages/airflow/example_dags/example_setup_teardown_taskflow.py for tasks to queue
[2025-04-21T17:43:56.797-0400] {logging_mixin.py:188} INFO - [2025-04-21T17:43:56.797-0400] {dagbag.py:538} INFO - Filling up the DagBag from /Users/gaurav/Documents/Breast-Cancer-ML-Pipeline/venv/lib/python3.9/site-packages/airflow/example_dags/example_setup_teardown_taskflow.py
[2025-04-21T17:43:56.825-0400] {processor.py:840} INFO - DAG(s) 'example_setup_teardown_taskflow' retrieved from /Users/gaurav/Documents/Breast-Cancer-ML-Pipeline/venv/lib/python3.9/site-packages/airflow/example_dags/example_setup_teardown_taskflow.py
[2025-04-21T17:43:56.889-0400] {logging_mixin.py:188} INFO - [2025-04-21T17:43:56.888-0400] {dag.py:3036} INFO - Sync 1 DAGs
[2025-04-21T17:43:56.900-0400] {logging_mixin.py:188} INFO - [2025-04-21T17:43:56.900-0400] {dag.py:3823} INFO - Setting next_dagrun for example_setup_teardown_taskflow to 2025-04-20 00:00:00+00:00, run_after=2025-04-21 00:00:00+00:00
[2025-04-21T17:43:56.913-0400] {processor.py:183} INFO - Processing /Users/gaurav/Documents/Breast-Cancer-ML-Pipeline/venv/lib/python3.9/site-packages/airflow/example_dags/example_setup_teardown_taskflow.py took 0.119 seconds
[2025-04-21T17:45:06.488-0400] {processor.py:161} INFO - Started process (PID=88371) to work on /Users/gaurav/Documents/Breast-Cancer-ML-Pipeline/venv/lib/python3.9/site-packages/airflow/example_dags/example_setup_teardown_taskflow.py
[2025-04-21T17:45:06.490-0400] {processor.py:830} INFO - Processing file /Users/gaurav/Documents/Breast-Cancer-ML-Pipeline/venv/lib/python3.9/site-packages/airflow/example_dags/example_setup_teardown_taskflow.py for tasks to queue
[2025-04-21T17:45:06.490-0400] {logging_mixin.py:188} INFO - [2025-04-21T17:45:06.490-0400] {dagbag.py:538} INFO - Filling up the DagBag from /Users/gaurav/Documents/Breast-Cancer-ML-Pipeline/venv/lib/python3.9/site-packages/airflow/example_dags/example_setup_teardown_taskflow.py
[2025-04-21T17:45:06.514-0400] {processor.py:840} INFO - DAG(s) 'example_setup_teardown_taskflow' retrieved from /Users/gaurav/Documents/Breast-Cancer-ML-Pipeline/venv/lib/python3.9/site-packages/airflow/example_dags/example_setup_teardown_taskflow.py
[2025-04-21T17:45:06.564-0400] {logging_mixin.py:188} INFO - [2025-04-21T17:45:06.564-0400] {dag.py:3036} INFO - Sync 1 DAGs
[2025-04-21T17:45:06.574-0400] {logging_mixin.py:188} INFO - [2025-04-21T17:45:06.574-0400] {dag.py:3823} INFO - Setting next_dagrun for example_setup_teardown_taskflow to 2025-04-20 00:00:00+00:00, run_after=2025-04-21 00:00:00+00:00
[2025-04-21T17:45:06.585-0400] {processor.py:183} INFO - Processing /Users/gaurav/Documents/Breast-Cancer-ML-Pipeline/venv/lib/python3.9/site-packages/airflow/example_dags/example_setup_teardown_taskflow.py took 0.098 seconds
[2025-04-21T17:45:59.796-0400] {processor.py:161} INFO - Started process (PID=88477) to work on /Users/gaurav/Documents/Breast-Cancer-ML-Pipeline/venv/lib/python3.9/site-packages/airflow/example_dags/example_setup_teardown_taskflow.py
[2025-04-21T17:45:59.797-0400] {processor.py:830} INFO - Processing file /Users/gaurav/Documents/Breast-Cancer-ML-Pipeline/venv/lib/python3.9/site-packages/airflow/example_dags/example_setup_teardown_taskflow.py for tasks to queue
[2025-04-21T17:45:59.798-0400] {logging_mixin.py:188} INFO - [2025-04-21T17:45:59.798-0400] {dagbag.py:538} INFO - Filling up the DagBag from /Users/gaurav/Documents/Breast-Cancer-ML-Pipeline/venv/lib/python3.9/site-packages/airflow/example_dags/example_setup_teardown_taskflow.py
[2025-04-21T17:45:59.820-0400] {processor.py:840} INFO - DAG(s) 'example_setup_teardown_taskflow' retrieved from /Users/gaurav/Documents/Breast-Cancer-ML-Pipeline/venv/lib/python3.9/site-packages/airflow/example_dags/example_setup_teardown_taskflow.py
[2025-04-21T17:45:59.874-0400] {logging_mixin.py:188} INFO - [2025-04-21T17:45:59.874-0400] {dag.py:3036} INFO - Sync 1 DAGs
[2025-04-21T17:45:59.883-0400] {logging_mixin.py:188} INFO - [2025-04-21T17:45:59.883-0400] {dag.py:3823} INFO - Setting next_dagrun for example_setup_teardown_taskflow to 2025-04-20 00:00:00+00:00, run_after=2025-04-21 00:00:00+00:00
[2025-04-21T17:45:59.894-0400] {processor.py:183} INFO - Processing /Users/gaurav/Documents/Breast-Cancer-ML-Pipeline/venv/lib/python3.9/site-packages/airflow/example_dags/example_setup_teardown_taskflow.py took 0.098 seconds
[2025-04-21T17:46:53.425-0400] {processor.py:161} INFO - Started process (PID=88570) to work on /Users/gaurav/Documents/Breast-Cancer-ML-Pipeline/venv/lib/python3.9/site-packages/airflow/example_dags/example_setup_teardown_taskflow.py
[2025-04-21T17:46:53.426-0400] {processor.py:830} INFO - Processing file /Users/gaurav/Documents/Breast-Cancer-ML-Pipeline/venv/lib/python3.9/site-packages/airflow/example_dags/example_setup_teardown_taskflow.py for tasks to queue
[2025-04-21T17:46:53.426-0400] {logging_mixin.py:188} INFO - [2025-04-21T17:46:53.426-0400] {dagbag.py:538} INFO - Filling up the DagBag from /Users/gaurav/Documents/Breast-Cancer-ML-Pipeline/venv/lib/python3.9/site-packages/airflow/example_dags/example_setup_teardown_taskflow.py
[2025-04-21T17:46:53.450-0400] {processor.py:840} INFO - DAG(s) 'example_setup_teardown_taskflow' retrieved from /Users/gaurav/Documents/Breast-Cancer-ML-Pipeline/venv/lib/python3.9/site-packages/airflow/example_dags/example_setup_teardown_taskflow.py
[2025-04-21T17:46:53.501-0400] {logging_mixin.py:188} INFO - [2025-04-21T17:46:53.500-0400] {dag.py:3036} INFO - Sync 1 DAGs
[2025-04-21T17:46:53.509-0400] {logging_mixin.py:188} INFO - [2025-04-21T17:46:53.509-0400] {dag.py:3823} INFO - Setting next_dagrun for example_setup_teardown_taskflow to 2025-04-20 00:00:00+00:00, run_after=2025-04-21 00:00:00+00:00
[2025-04-21T17:46:53.519-0400] {processor.py:183} INFO - Processing /Users/gaurav/Documents/Breast-Cancer-ML-Pipeline/venv/lib/python3.9/site-packages/airflow/example_dags/example_setup_teardown_taskflow.py took 0.095 seconds
[2025-04-21T17:47:47.368-0400] {processor.py:161} INFO - Started process (PID=88638) to work on /Users/gaurav/Documents/Breast-Cancer-ML-Pipeline/venv/lib/python3.9/site-packages/airflow/example_dags/example_setup_teardown_taskflow.py
[2025-04-21T17:47:47.369-0400] {processor.py:830} INFO - Processing file /Users/gaurav/Documents/Breast-Cancer-ML-Pipeline/venv/lib/python3.9/site-packages/airflow/example_dags/example_setup_teardown_taskflow.py for tasks to queue
[2025-04-21T17:47:47.370-0400] {logging_mixin.py:188} INFO - [2025-04-21T17:47:47.370-0400] {dagbag.py:538} INFO - Filling up the DagBag from /Users/gaurav/Documents/Breast-Cancer-ML-Pipeline/venv/lib/python3.9/site-packages/airflow/example_dags/example_setup_teardown_taskflow.py
[2025-04-21T17:47:47.392-0400] {processor.py:840} INFO - DAG(s) 'example_setup_teardown_taskflow' retrieved from /Users/gaurav/Documents/Breast-Cancer-ML-Pipeline/venv/lib/python3.9/site-packages/airflow/example_dags/example_setup_teardown_taskflow.py
[2025-04-21T17:47:47.442-0400] {logging_mixin.py:188} INFO - [2025-04-21T17:47:47.441-0400] {dag.py:3036} INFO - Sync 1 DAGs
[2025-04-21T17:47:47.450-0400] {logging_mixin.py:188} INFO - [2025-04-21T17:47:47.450-0400] {dag.py:3823} INFO - Setting next_dagrun for example_setup_teardown_taskflow to 2025-04-20 00:00:00+00:00, run_after=2025-04-21 00:00:00+00:00
[2025-04-21T17:47:47.460-0400] {processor.py:183} INFO - Processing /Users/gaurav/Documents/Breast-Cancer-ML-Pipeline/venv/lib/python3.9/site-packages/airflow/example_dags/example_setup_teardown_taskflow.py took 0.092 seconds
[2025-04-21T17:48:48.436-0400] {processor.py:161} INFO - Started process (PID=88726) to work on /Users/gaurav/Documents/Breast-Cancer-ML-Pipeline/venv/lib/python3.9/site-packages/airflow/example_dags/example_setup_teardown_taskflow.py
[2025-04-21T17:48:48.436-0400] {processor.py:830} INFO - Processing file /Users/gaurav/Documents/Breast-Cancer-ML-Pipeline/venv/lib/python3.9/site-packages/airflow/example_dags/example_setup_teardown_taskflow.py for tasks to queue
[2025-04-21T17:48:48.437-0400] {logging_mixin.py:188} INFO - [2025-04-21T17:48:48.437-0400] {dagbag.py:538} INFO - Filling up the DagBag from /Users/gaurav/Documents/Breast-Cancer-ML-Pipeline/venv/lib/python3.9/site-packages/airflow/example_dags/example_setup_teardown_taskflow.py
[2025-04-21T17:48:48.458-0400] {processor.py:840} INFO - DAG(s) 'example_setup_teardown_taskflow' retrieved from /Users/gaurav/Documents/Breast-Cancer-ML-Pipeline/venv/lib/python3.9/site-packages/airflow/example_dags/example_setup_teardown_taskflow.py
[2025-04-21T17:48:48.510-0400] {logging_mixin.py:188} INFO - [2025-04-21T17:48:48.510-0400] {dag.py:3036} INFO - Sync 1 DAGs
[2025-04-21T17:48:48.519-0400] {logging_mixin.py:188} INFO - [2025-04-21T17:48:48.519-0400] {dag.py:3823} INFO - Setting next_dagrun for example_setup_teardown_taskflow to 2025-04-20 00:00:00+00:00, run_after=2025-04-21 00:00:00+00:00
[2025-04-21T17:48:48.529-0400] {processor.py:183} INFO - Processing /Users/gaurav/Documents/Breast-Cancer-ML-Pipeline/venv/lib/python3.9/site-packages/airflow/example_dags/example_setup_teardown_taskflow.py took 0.094 seconds
[2025-04-21T17:49:33.042-0400] {processor.py:161} INFO - Started process (PID=88786) to work on /Users/gaurav/Documents/Breast-Cancer-ML-Pipeline/venv/lib/python3.9/site-packages/airflow/example_dags/example_setup_teardown_taskflow.py
[2025-04-21T17:49:33.043-0400] {processor.py:830} INFO - Processing file /Users/gaurav/Documents/Breast-Cancer-ML-Pipeline/venv/lib/python3.9/site-packages/airflow/example_dags/example_setup_teardown_taskflow.py for tasks to queue
[2025-04-21T17:49:33.044-0400] {logging_mixin.py:188} INFO - [2025-04-21T17:49:33.044-0400] {dagbag.py:538} INFO - Filling up the DagBag from /Users/gaurav/Documents/Breast-Cancer-ML-Pipeline/venv/lib/python3.9/site-packages/airflow/example_dags/example_setup_teardown_taskflow.py
[2025-04-21T17:49:33.075-0400] {processor.py:840} INFO - DAG(s) 'example_setup_teardown_taskflow' retrieved from /Users/gaurav/Documents/Breast-Cancer-ML-Pipeline/venv/lib/python3.9/site-packages/airflow/example_dags/example_setup_teardown_taskflow.py
[2025-04-21T17:49:33.136-0400] {logging_mixin.py:188} INFO - [2025-04-21T17:49:33.135-0400] {dag.py:3036} INFO - Sync 1 DAGs
[2025-04-21T17:49:33.144-0400] {logging_mixin.py:188} INFO - [2025-04-21T17:49:33.144-0400] {dag.py:3823} INFO - Setting next_dagrun for example_setup_teardown_taskflow to 2025-04-20 00:00:00+00:00, run_after=2025-04-21 00:00:00+00:00
[2025-04-21T17:49:33.155-0400] {processor.py:183} INFO - Processing /Users/gaurav/Documents/Breast-Cancer-ML-Pipeline/venv/lib/python3.9/site-packages/airflow/example_dags/example_setup_teardown_taskflow.py took 0.113 seconds
[2025-04-21T17:50:20.131-0400] {processor.py:161} INFO - Started process (PID=88844) to work on /Users/gaurav/Documents/Breast-Cancer-ML-Pipeline/venv/lib/python3.9/site-packages/airflow/example_dags/example_setup_teardown_taskflow.py
[2025-04-21T17:50:20.132-0400] {processor.py:830} INFO - Processing file /Users/gaurav/Documents/Breast-Cancer-ML-Pipeline/venv/lib/python3.9/site-packages/airflow/example_dags/example_setup_teardown_taskflow.py for tasks to queue
[2025-04-21T17:50:20.133-0400] {logging_mixin.py:188} INFO - [2025-04-21T17:50:20.133-0400] {dagbag.py:538} INFO - Filling up the DagBag from /Users/gaurav/Documents/Breast-Cancer-ML-Pipeline/venv/lib/python3.9/site-packages/airflow/example_dags/example_setup_teardown_taskflow.py
[2025-04-21T17:50:20.155-0400] {processor.py:840} INFO - DAG(s) 'example_setup_teardown_taskflow' retrieved from /Users/gaurav/Documents/Breast-Cancer-ML-Pipeline/venv/lib/python3.9/site-packages/airflow/example_dags/example_setup_teardown_taskflow.py
[2025-04-21T17:50:20.210-0400] {logging_mixin.py:188} INFO - [2025-04-21T17:50:20.210-0400] {dag.py:3036} INFO - Sync 1 DAGs
[2025-04-21T17:50:20.220-0400] {logging_mixin.py:188} INFO - [2025-04-21T17:50:20.220-0400] {dag.py:3823} INFO - Setting next_dagrun for example_setup_teardown_taskflow to 2025-04-20 00:00:00+00:00, run_after=2025-04-21 00:00:00+00:00
[2025-04-21T17:50:20.232-0400] {processor.py:183} INFO - Processing /Users/gaurav/Documents/Breast-Cancer-ML-Pipeline/venv/lib/python3.9/site-packages/airflow/example_dags/example_setup_teardown_taskflow.py took 0.101 seconds
[2025-04-21T17:51:12.406-0400] {processor.py:161} INFO - Started process (PID=88923) to work on /Users/gaurav/Documents/Breast-Cancer-ML-Pipeline/venv/lib/python3.9/site-packages/airflow/example_dags/example_setup_teardown_taskflow.py
[2025-04-21T17:51:12.408-0400] {processor.py:830} INFO - Processing file /Users/gaurav/Documents/Breast-Cancer-ML-Pipeline/venv/lib/python3.9/site-packages/airflow/example_dags/example_setup_teardown_taskflow.py for tasks to queue
[2025-04-21T17:51:12.408-0400] {logging_mixin.py:188} INFO - [2025-04-21T17:51:12.408-0400] {dagbag.py:538} INFO - Filling up the DagBag from /Users/gaurav/Documents/Breast-Cancer-ML-Pipeline/venv/lib/python3.9/site-packages/airflow/example_dags/example_setup_teardown_taskflow.py
[2025-04-21T17:51:12.430-0400] {processor.py:840} INFO - DAG(s) 'example_setup_teardown_taskflow' retrieved from /Users/gaurav/Documents/Breast-Cancer-ML-Pipeline/venv/lib/python3.9/site-packages/airflow/example_dags/example_setup_teardown_taskflow.py
[2025-04-21T17:51:12.480-0400] {logging_mixin.py:188} INFO - [2025-04-21T17:51:12.480-0400] {dag.py:3036} INFO - Sync 1 DAGs
[2025-04-21T17:51:12.489-0400] {logging_mixin.py:188} INFO - [2025-04-21T17:51:12.489-0400] {dag.py:3823} INFO - Setting next_dagrun for example_setup_teardown_taskflow to 2025-04-20 00:00:00+00:00, run_after=2025-04-21 00:00:00+00:00
[2025-04-21T17:51:12.500-0400] {processor.py:183} INFO - Processing /Users/gaurav/Documents/Breast-Cancer-ML-Pipeline/venv/lib/python3.9/site-packages/airflow/example_dags/example_setup_teardown_taskflow.py took 0.094 seconds
[2025-04-21T17:52:04.991-0400] {processor.py:161} INFO - Started process (PID=88998) to work on /Users/gaurav/Documents/Breast-Cancer-ML-Pipeline/venv/lib/python3.9/site-packages/airflow/example_dags/example_setup_teardown_taskflow.py
[2025-04-21T17:52:04.992-0400] {processor.py:830} INFO - Processing file /Users/gaurav/Documents/Breast-Cancer-ML-Pipeline/venv/lib/python3.9/site-packages/airflow/example_dags/example_setup_teardown_taskflow.py for tasks to queue
[2025-04-21T17:52:04.993-0400] {logging_mixin.py:188} INFO - [2025-04-21T17:52:04.993-0400] {dagbag.py:538} INFO - Filling up the DagBag from /Users/gaurav/Documents/Breast-Cancer-ML-Pipeline/venv/lib/python3.9/site-packages/airflow/example_dags/example_setup_teardown_taskflow.py
[2025-04-21T17:52:05.017-0400] {processor.py:840} INFO - DAG(s) 'example_setup_teardown_taskflow' retrieved from /Users/gaurav/Documents/Breast-Cancer-ML-Pipeline/venv/lib/python3.9/site-packages/airflow/example_dags/example_setup_teardown_taskflow.py
[2025-04-21T17:52:05.072-0400] {logging_mixin.py:188} INFO - [2025-04-21T17:52:05.072-0400] {dag.py:3036} INFO - Sync 1 DAGs
[2025-04-21T17:52:05.081-0400] {logging_mixin.py:188} INFO - [2025-04-21T17:52:05.081-0400] {dag.py:3823} INFO - Setting next_dagrun for example_setup_teardown_taskflow to 2025-04-20 00:00:00+00:00, run_after=2025-04-21 00:00:00+00:00
[2025-04-21T17:52:05.093-0400] {processor.py:183} INFO - Processing /Users/gaurav/Documents/Breast-Cancer-ML-Pipeline/venv/lib/python3.9/site-packages/airflow/example_dags/example_setup_teardown_taskflow.py took 0.103 seconds
[2025-04-21T17:52:57.757-0400] {processor.py:161} INFO - Started process (PID=89068) to work on /Users/gaurav/Documents/Breast-Cancer-ML-Pipeline/venv/lib/python3.9/site-packages/airflow/example_dags/example_setup_teardown_taskflow.py
[2025-04-21T17:52:57.759-0400] {processor.py:830} INFO - Processing file /Users/gaurav/Documents/Breast-Cancer-ML-Pipeline/venv/lib/python3.9/site-packages/airflow/example_dags/example_setup_teardown_taskflow.py for tasks to queue
[2025-04-21T17:52:57.760-0400] {logging_mixin.py:188} INFO - [2025-04-21T17:52:57.760-0400] {dagbag.py:538} INFO - Filling up the DagBag from /Users/gaurav/Documents/Breast-Cancer-ML-Pipeline/venv/lib/python3.9/site-packages/airflow/example_dags/example_setup_teardown_taskflow.py
[2025-04-21T17:52:57.780-0400] {processor.py:840} INFO - DAG(s) 'example_setup_teardown_taskflow' retrieved from /Users/gaurav/Documents/Breast-Cancer-ML-Pipeline/venv/lib/python3.9/site-packages/airflow/example_dags/example_setup_teardown_taskflow.py
[2025-04-21T17:52:57.828-0400] {logging_mixin.py:188} INFO - [2025-04-21T17:52:57.827-0400] {dag.py:3036} INFO - Sync 1 DAGs
[2025-04-21T17:52:57.836-0400] {logging_mixin.py:188} INFO - [2025-04-21T17:52:57.836-0400] {dag.py:3823} INFO - Setting next_dagrun for example_setup_teardown_taskflow to 2025-04-20 00:00:00+00:00, run_after=2025-04-21 00:00:00+00:00
[2025-04-21T17:52:57.846-0400] {processor.py:183} INFO - Processing /Users/gaurav/Documents/Breast-Cancer-ML-Pipeline/venv/lib/python3.9/site-packages/airflow/example_dags/example_setup_teardown_taskflow.py took 0.089 seconds
[2025-04-21T17:53:46.528-0400] {processor.py:161} INFO - Started process (PID=89132) to work on /Users/gaurav/Documents/Breast-Cancer-ML-Pipeline/venv/lib/python3.9/site-packages/airflow/example_dags/example_setup_teardown_taskflow.py
[2025-04-21T17:53:46.530-0400] {processor.py:830} INFO - Processing file /Users/gaurav/Documents/Breast-Cancer-ML-Pipeline/venv/lib/python3.9/site-packages/airflow/example_dags/example_setup_teardown_taskflow.py for tasks to queue
[2025-04-21T17:53:46.531-0400] {logging_mixin.py:188} INFO - [2025-04-21T17:53:46.531-0400] {dagbag.py:538} INFO - Filling up the DagBag from /Users/gaurav/Documents/Breast-Cancer-ML-Pipeline/venv/lib/python3.9/site-packages/airflow/example_dags/example_setup_teardown_taskflow.py
[2025-04-21T17:53:46.553-0400] {processor.py:840} INFO - DAG(s) 'example_setup_teardown_taskflow' retrieved from /Users/gaurav/Documents/Breast-Cancer-ML-Pipeline/venv/lib/python3.9/site-packages/airflow/example_dags/example_setup_teardown_taskflow.py
[2025-04-21T17:53:46.615-0400] {logging_mixin.py:188} INFO - [2025-04-21T17:53:46.614-0400] {dag.py:3036} INFO - Sync 1 DAGs
[2025-04-21T17:53:46.624-0400] {logging_mixin.py:188} INFO - [2025-04-21T17:53:46.624-0400] {dag.py:3823} INFO - Setting next_dagrun for example_setup_teardown_taskflow to 2025-04-20 00:00:00+00:00, run_after=2025-04-21 00:00:00+00:00
[2025-04-21T17:53:46.638-0400] {processor.py:183} INFO - Processing /Users/gaurav/Documents/Breast-Cancer-ML-Pipeline/venv/lib/python3.9/site-packages/airflow/example_dags/example_setup_teardown_taskflow.py took 0.111 seconds
[2025-04-21T17:54:39.524-0400] {processor.py:161} INFO - Started process (PID=89210) to work on /Users/gaurav/Documents/Breast-Cancer-ML-Pipeline/venv/lib/python3.9/site-packages/airflow/example_dags/example_setup_teardown_taskflow.py
[2025-04-21T17:54:39.525-0400] {processor.py:830} INFO - Processing file /Users/gaurav/Documents/Breast-Cancer-ML-Pipeline/venv/lib/python3.9/site-packages/airflow/example_dags/example_setup_teardown_taskflow.py for tasks to queue
[2025-04-21T17:54:39.526-0400] {logging_mixin.py:188} INFO - [2025-04-21T17:54:39.526-0400] {dagbag.py:538} INFO - Filling up the DagBag from /Users/gaurav/Documents/Breast-Cancer-ML-Pipeline/venv/lib/python3.9/site-packages/airflow/example_dags/example_setup_teardown_taskflow.py
[2025-04-21T17:54:39.547-0400] {processor.py:840} INFO - DAG(s) 'example_setup_teardown_taskflow' retrieved from /Users/gaurav/Documents/Breast-Cancer-ML-Pipeline/venv/lib/python3.9/site-packages/airflow/example_dags/example_setup_teardown_taskflow.py
[2025-04-21T17:54:39.596-0400] {logging_mixin.py:188} INFO - [2025-04-21T17:54:39.596-0400] {dag.py:3036} INFO - Sync 1 DAGs
[2025-04-21T17:54:39.605-0400] {logging_mixin.py:188} INFO - [2025-04-21T17:54:39.605-0400] {dag.py:3823} INFO - Setting next_dagrun for example_setup_teardown_taskflow to 2025-04-20 00:00:00+00:00, run_after=2025-04-21 00:00:00+00:00
[2025-04-21T17:54:39.615-0400] {processor.py:183} INFO - Processing /Users/gaurav/Documents/Breast-Cancer-ML-Pipeline/venv/lib/python3.9/site-packages/airflow/example_dags/example_setup_teardown_taskflow.py took 0.091 seconds
