[2025-04-21T16:39:14.222-0400] {processor.py:161} INFO - Started process (PID=83545) to work on /Users/gaurav/Documents/Breast-Cancer-ML-Pipeline/venv/lib/python3.9/site-packages/airflow/example_dags/example_python_operator.py
[2025-04-21T16:39:14.223-0400] {processor.py:830} INFO - Processing file /Users/gaurav/Documents/Breast-Cancer-ML-Pipeline/venv/lib/python3.9/site-packages/airflow/example_dags/example_python_operator.py for tasks to queue
[2025-04-21T16:39:14.223-0400] {logging_mixin.py:188} INFO - [2025-04-21T16:39:14.223-0400] {dagbag.py:538} INFO - Filling up the DagBag from /Users/gaurav/Documents/Breast-Cancer-ML-Pipeline/venv/lib/python3.9/site-packages/airflow/example_dags/example_python_operator.py
[2025-04-21T16:39:14.245-0400] {logging_mixin.py:188} INFO - [2025-04-21T16:39:14.244-0400] {example_python_operator.py:88} WARNING - The virtalenv_python example task requires virtualenv, please install it.
[2025-04-21T16:39:14.247-0400] {processor.py:840} INFO - DAG(s) 'example_python_operator' retrieved from /Users/gaurav/Documents/Breast-Cancer-ML-Pipeline/venv/lib/python3.9/site-packages/airflow/example_dags/example_python_operator.py
[2025-04-21T16:39:14.375-0400] {logging_mixin.py:188} INFO - [2025-04-21T16:39:14.375-0400] {override.py:1769} INFO - Created Permission View: can read on DAG:example_python_operator
[2025-04-21T16:39:14.382-0400] {logging_mixin.py:188} INFO - [2025-04-21T16:39:14.381-0400] {override.py:1769} INFO - Created Permission View: can edit on DAG:example_python_operator
[2025-04-21T16:39:14.386-0400] {logging_mixin.py:188} INFO - [2025-04-21T16:39:14.386-0400] {override.py:1769} INFO - Created Permission View: can delete on DAG:example_python_operator
[2025-04-21T16:39:14.386-0400] {logging_mixin.py:188} INFO - [2025-04-21T16:39:14.386-0400] {dag.py:3036} INFO - Sync 1 DAGs
[2025-04-21T16:39:14.394-0400] {logging_mixin.py:188} INFO - [2025-04-21T16:39:14.394-0400] {dag.py:3058} INFO - Creating ORM DAG for example_python_operator
[2025-04-21T16:39:14.394-0400] {logging_mixin.py:188} INFO - [2025-04-21T16:39:14.394-0400] {dag.py:3823} INFO - Setting next_dagrun for example_python_operator to None, run_after=None
[2025-04-21T16:39:14.406-0400] {processor.py:183} INFO - Processing /Users/gaurav/Documents/Breast-Cancer-ML-Pipeline/venv/lib/python3.9/site-packages/airflow/example_dags/example_python_operator.py took 0.185 seconds
[2025-04-21T16:41:05.116-0400] {processor.py:161} INFO - Started process (PID=83651) to work on /Users/gaurav/Documents/Breast-Cancer-ML-Pipeline/venv/lib/python3.9/site-packages/airflow/example_dags/example_python_operator.py
[2025-04-21T16:41:05.118-0400] {processor.py:830} INFO - Processing file /Users/gaurav/Documents/Breast-Cancer-ML-Pipeline/venv/lib/python3.9/site-packages/airflow/example_dags/example_python_operator.py for tasks to queue
[2025-04-21T16:41:05.119-0400] {logging_mixin.py:188} INFO - [2025-04-21T16:41:05.118-0400] {dagbag.py:538} INFO - Filling up the DagBag from /Users/gaurav/Documents/Breast-Cancer-ML-Pipeline/venv/lib/python3.9/site-packages/airflow/example_dags/example_python_operator.py
[2025-04-21T16:41:05.137-0400] {logging_mixin.py:188} INFO - [2025-04-21T16:41:05.137-0400] {example_python_operator.py:88} WARNING - The virtalenv_python example task requires virtualenv, please install it.
[2025-04-21T16:41:05.140-0400] {processor.py:840} INFO - DAG(s) 'example_python_operator' retrieved from /Users/gaurav/Documents/Breast-Cancer-ML-Pipeline/venv/lib/python3.9/site-packages/airflow/example_dags/example_python_operator.py
[2025-04-21T16:41:05.204-0400] {logging_mixin.py:188} INFO - [2025-04-21T16:41:05.203-0400] {dag.py:3036} INFO - Sync 1 DAGs
[2025-04-21T16:41:05.212-0400] {logging_mixin.py:188} INFO - [2025-04-21T16:41:05.212-0400] {dag.py:3823} INFO - Setting next_dagrun for example_python_operator to None, run_after=None
[2025-04-21T16:41:05.225-0400] {processor.py:183} INFO - Processing /Users/gaurav/Documents/Breast-Cancer-ML-Pipeline/venv/lib/python3.9/site-packages/airflow/example_dags/example_python_operator.py took 0.110 seconds
[2025-04-21T16:43:48.426-0400] {processor.py:161} INFO - Started process (PID=83782) to work on /Users/gaurav/Documents/Breast-Cancer-ML-Pipeline/venv/lib/python3.9/site-packages/airflow/example_dags/example_python_operator.py
[2025-04-21T16:43:48.428-0400] {processor.py:830} INFO - Processing file /Users/gaurav/Documents/Breast-Cancer-ML-Pipeline/venv/lib/python3.9/site-packages/airflow/example_dags/example_python_operator.py for tasks to queue
[2025-04-21T16:43:48.429-0400] {logging_mixin.py:188} INFO - [2025-04-21T16:43:48.429-0400] {dagbag.py:538} INFO - Filling up the DagBag from /Users/gaurav/Documents/Breast-Cancer-ML-Pipeline/venv/lib/python3.9/site-packages/airflow/example_dags/example_python_operator.py
[2025-04-21T16:43:48.451-0400] {logging_mixin.py:188} INFO - [2025-04-21T16:43:48.451-0400] {example_python_operator.py:88} WARNING - The virtalenv_python example task requires virtualenv, please install it.
[2025-04-21T16:43:48.453-0400] {processor.py:840} INFO - DAG(s) 'example_python_operator' retrieved from /Users/gaurav/Documents/Breast-Cancer-ML-Pipeline/venv/lib/python3.9/site-packages/airflow/example_dags/example_python_operator.py
[2025-04-21T16:43:48.520-0400] {logging_mixin.py:188} INFO - [2025-04-21T16:43:48.520-0400] {dag.py:3036} INFO - Sync 1 DAGs
[2025-04-21T16:43:48.528-0400] {logging_mixin.py:188} INFO - [2025-04-21T16:43:48.527-0400] {dag.py:3823} INFO - Setting next_dagrun for example_python_operator to None, run_after=None
[2025-04-21T16:43:48.540-0400] {processor.py:183} INFO - Processing /Users/gaurav/Documents/Breast-Cancer-ML-Pipeline/venv/lib/python3.9/site-packages/airflow/example_dags/example_python_operator.py took 0.114 seconds
[2025-04-21T16:47:03.478-0400] {processor.py:161} INFO - Started process (PID=84018) to work on /Users/gaurav/Documents/Breast-Cancer-ML-Pipeline/venv/lib/python3.9/site-packages/airflow/example_dags/example_python_operator.py
[2025-04-21T16:47:03.480-0400] {processor.py:830} INFO - Processing file /Users/gaurav/Documents/Breast-Cancer-ML-Pipeline/venv/lib/python3.9/site-packages/airflow/example_dags/example_python_operator.py for tasks to queue
[2025-04-21T16:47:03.480-0400] {logging_mixin.py:188} INFO - [2025-04-21T16:47:03.480-0400] {dagbag.py:538} INFO - Filling up the DagBag from /Users/gaurav/Documents/Breast-Cancer-ML-Pipeline/venv/lib/python3.9/site-packages/airflow/example_dags/example_python_operator.py
[2025-04-21T16:47:03.499-0400] {logging_mixin.py:188} INFO - [2025-04-21T16:47:03.499-0400] {example_python_operator.py:88} WARNING - The virtalenv_python example task requires virtualenv, please install it.
[2025-04-21T16:47:03.501-0400] {processor.py:840} INFO - DAG(s) 'example_python_operator' retrieved from /Users/gaurav/Documents/Breast-Cancer-ML-Pipeline/venv/lib/python3.9/site-packages/airflow/example_dags/example_python_operator.py
[2025-04-21T16:47:03.569-0400] {logging_mixin.py:188} INFO - [2025-04-21T16:47:03.569-0400] {dag.py:3036} INFO - Sync 1 DAGs
[2025-04-21T16:47:03.576-0400] {logging_mixin.py:188} INFO - [2025-04-21T16:47:03.575-0400] {dag.py:3823} INFO - Setting next_dagrun for example_python_operator to None, run_after=None
[2025-04-21T16:47:03.589-0400] {processor.py:183} INFO - Processing /Users/gaurav/Documents/Breast-Cancer-ML-Pipeline/venv/lib/python3.9/site-packages/airflow/example_dags/example_python_operator.py took 0.112 seconds
[2025-04-21T16:48:17.141-0400] {processor.py:161} INFO - Started process (PID=84099) to work on /Users/gaurav/Documents/Breast-Cancer-ML-Pipeline/venv/lib/python3.9/site-packages/airflow/example_dags/example_python_operator.py
[2025-04-21T16:48:17.143-0400] {processor.py:830} INFO - Processing file /Users/gaurav/Documents/Breast-Cancer-ML-Pipeline/venv/lib/python3.9/site-packages/airflow/example_dags/example_python_operator.py for tasks to queue
[2025-04-21T16:48:17.143-0400] {logging_mixin.py:188} INFO - [2025-04-21T16:48:17.143-0400] {dagbag.py:538} INFO - Filling up the DagBag from /Users/gaurav/Documents/Breast-Cancer-ML-Pipeline/venv/lib/python3.9/site-packages/airflow/example_dags/example_python_operator.py
[2025-04-21T16:48:17.162-0400] {logging_mixin.py:188} INFO - [2025-04-21T16:48:17.162-0400] {example_python_operator.py:88} WARNING - The virtalenv_python example task requires virtualenv, please install it.
[2025-04-21T16:48:17.164-0400] {processor.py:840} INFO - DAG(s) 'example_python_operator' retrieved from /Users/gaurav/Documents/Breast-Cancer-ML-Pipeline/venv/lib/python3.9/site-packages/airflow/example_dags/example_python_operator.py
[2025-04-21T16:48:17.228-0400] {logging_mixin.py:188} INFO - [2025-04-21T16:48:17.228-0400] {dag.py:3036} INFO - Sync 1 DAGs
[2025-04-21T16:48:17.234-0400] {logging_mixin.py:188} INFO - [2025-04-21T16:48:17.234-0400] {dag.py:3823} INFO - Setting next_dagrun for example_python_operator to None, run_after=None
[2025-04-21T16:48:17.247-0400] {processor.py:183} INFO - Processing /Users/gaurav/Documents/Breast-Cancer-ML-Pipeline/venv/lib/python3.9/site-packages/airflow/example_dags/example_python_operator.py took 0.107 seconds
[2025-04-21T16:49:28.388-0400] {processor.py:161} INFO - Started process (PID=84185) to work on /Users/gaurav/Documents/Breast-Cancer-ML-Pipeline/venv/lib/python3.9/site-packages/airflow/example_dags/example_python_operator.py
[2025-04-21T16:49:28.390-0400] {processor.py:830} INFO - Processing file /Users/gaurav/Documents/Breast-Cancer-ML-Pipeline/venv/lib/python3.9/site-packages/airflow/example_dags/example_python_operator.py for tasks to queue
[2025-04-21T16:49:28.391-0400] {logging_mixin.py:188} INFO - [2025-04-21T16:49:28.391-0400] {dagbag.py:538} INFO - Filling up the DagBag from /Users/gaurav/Documents/Breast-Cancer-ML-Pipeline/venv/lib/python3.9/site-packages/airflow/example_dags/example_python_operator.py
[2025-04-21T16:49:28.410-0400] {logging_mixin.py:188} INFO - [2025-04-21T16:49:28.409-0400] {example_python_operator.py:88} WARNING - The virtalenv_python example task requires virtualenv, please install it.
[2025-04-21T16:49:28.412-0400] {processor.py:840} INFO - DAG(s) 'example_python_operator' retrieved from /Users/gaurav/Documents/Breast-Cancer-ML-Pipeline/venv/lib/python3.9/site-packages/airflow/example_dags/example_python_operator.py
[2025-04-21T16:49:28.475-0400] {logging_mixin.py:188} INFO - [2025-04-21T16:49:28.474-0400] {dag.py:3036} INFO - Sync 1 DAGs
[2025-04-21T16:49:28.481-0400] {logging_mixin.py:188} INFO - [2025-04-21T16:49:28.480-0400] {dag.py:3823} INFO - Setting next_dagrun for example_python_operator to None, run_after=None
[2025-04-21T16:49:28.493-0400] {processor.py:183} INFO - Processing /Users/gaurav/Documents/Breast-Cancer-ML-Pipeline/venv/lib/python3.9/site-packages/airflow/example_dags/example_python_operator.py took 0.105 seconds
[2025-04-21T16:50:42.833-0400] {processor.py:161} INFO - Started process (PID=84269) to work on /Users/gaurav/Documents/Breast-Cancer-ML-Pipeline/venv/lib/python3.9/site-packages/airflow/example_dags/example_python_operator.py
[2025-04-21T16:50:42.834-0400] {processor.py:830} INFO - Processing file /Users/gaurav/Documents/Breast-Cancer-ML-Pipeline/venv/lib/python3.9/site-packages/airflow/example_dags/example_python_operator.py for tasks to queue
[2025-04-21T16:50:42.835-0400] {logging_mixin.py:188} INFO - [2025-04-21T16:50:42.835-0400] {dagbag.py:538} INFO - Filling up the DagBag from /Users/gaurav/Documents/Breast-Cancer-ML-Pipeline/venv/lib/python3.9/site-packages/airflow/example_dags/example_python_operator.py
[2025-04-21T16:50:42.854-0400] {logging_mixin.py:188} INFO - [2025-04-21T16:50:42.854-0400] {example_python_operator.py:88} WARNING - The virtalenv_python example task requires virtualenv, please install it.
[2025-04-21T16:50:42.856-0400] {processor.py:840} INFO - DAG(s) 'example_python_operator' retrieved from /Users/gaurav/Documents/Breast-Cancer-ML-Pipeline/venv/lib/python3.9/site-packages/airflow/example_dags/example_python_operator.py
[2025-04-21T16:50:42.921-0400] {logging_mixin.py:188} INFO - [2025-04-21T16:50:42.921-0400] {dag.py:3036} INFO - Sync 1 DAGs
[2025-04-21T16:50:42.927-0400] {logging_mixin.py:188} INFO - [2025-04-21T16:50:42.927-0400] {dag.py:3823} INFO - Setting next_dagrun for example_python_operator to None, run_after=None
[2025-04-21T16:50:42.939-0400] {processor.py:183} INFO - Processing /Users/gaurav/Documents/Breast-Cancer-ML-Pipeline/venv/lib/python3.9/site-packages/airflow/example_dags/example_python_operator.py took 0.107 seconds
[2025-04-21T16:52:06.304-0400] {processor.py:161} INFO - Started process (PID=84359) to work on /Users/gaurav/Documents/Breast-Cancer-ML-Pipeline/venv/lib/python3.9/site-packages/airflow/example_dags/example_python_operator.py
[2025-04-21T16:52:06.306-0400] {processor.py:830} INFO - Processing file /Users/gaurav/Documents/Breast-Cancer-ML-Pipeline/venv/lib/python3.9/site-packages/airflow/example_dags/example_python_operator.py for tasks to queue
[2025-04-21T16:52:06.306-0400] {logging_mixin.py:188} INFO - [2025-04-21T16:52:06.306-0400] {dagbag.py:538} INFO - Filling up the DagBag from /Users/gaurav/Documents/Breast-Cancer-ML-Pipeline/venv/lib/python3.9/site-packages/airflow/example_dags/example_python_operator.py
[2025-04-21T16:52:06.325-0400] {logging_mixin.py:188} INFO - [2025-04-21T16:52:06.325-0400] {example_python_operator.py:88} WARNING - The virtalenv_python example task requires virtualenv, please install it.
[2025-04-21T16:52:06.327-0400] {processor.py:840} INFO - DAG(s) 'example_python_operator' retrieved from /Users/gaurav/Documents/Breast-Cancer-ML-Pipeline/venv/lib/python3.9/site-packages/airflow/example_dags/example_python_operator.py
[2025-04-21T16:52:06.389-0400] {logging_mixin.py:188} INFO - [2025-04-21T16:52:06.389-0400] {dag.py:3036} INFO - Sync 1 DAGs
[2025-04-21T16:52:06.396-0400] {logging_mixin.py:188} INFO - [2025-04-21T16:52:06.395-0400] {dag.py:3823} INFO - Setting next_dagrun for example_python_operator to None, run_after=None
[2025-04-21T16:52:06.408-0400] {processor.py:183} INFO - Processing /Users/gaurav/Documents/Breast-Cancer-ML-Pipeline/venv/lib/python3.9/site-packages/airflow/example_dags/example_python_operator.py took 0.105 seconds
[2025-04-21T16:53:28.195-0400] {processor.py:161} INFO - Started process (PID=84460) to work on /Users/gaurav/Documents/Breast-Cancer-ML-Pipeline/venv/lib/python3.9/site-packages/airflow/example_dags/example_python_operator.py
[2025-04-21T16:53:28.196-0400] {processor.py:830} INFO - Processing file /Users/gaurav/Documents/Breast-Cancer-ML-Pipeline/venv/lib/python3.9/site-packages/airflow/example_dags/example_python_operator.py for tasks to queue
[2025-04-21T16:53:28.197-0400] {logging_mixin.py:188} INFO - [2025-04-21T16:53:28.197-0400] {dagbag.py:538} INFO - Filling up the DagBag from /Users/gaurav/Documents/Breast-Cancer-ML-Pipeline/venv/lib/python3.9/site-packages/airflow/example_dags/example_python_operator.py
[2025-04-21T16:53:28.216-0400] {logging_mixin.py:188} INFO - [2025-04-21T16:53:28.215-0400] {example_python_operator.py:88} WARNING - The virtalenv_python example task requires virtualenv, please install it.
[2025-04-21T16:53:28.218-0400] {processor.py:840} INFO - DAG(s) 'example_python_operator' retrieved from /Users/gaurav/Documents/Breast-Cancer-ML-Pipeline/venv/lib/python3.9/site-packages/airflow/example_dags/example_python_operator.py
[2025-04-21T16:53:28.281-0400] {logging_mixin.py:188} INFO - [2025-04-21T16:53:28.281-0400] {dag.py:3036} INFO - Sync 1 DAGs
[2025-04-21T16:53:28.287-0400] {logging_mixin.py:188} INFO - [2025-04-21T16:53:28.287-0400] {dag.py:3823} INFO - Setting next_dagrun for example_python_operator to None, run_after=None
[2025-04-21T16:53:28.299-0400] {processor.py:183} INFO - Processing /Users/gaurav/Documents/Breast-Cancer-ML-Pipeline/venv/lib/python3.9/site-packages/airflow/example_dags/example_python_operator.py took 0.105 seconds
[2025-04-21T16:56:32.721-0400] {processor.py:161} INFO - Started process (PID=84693) to work on /Users/gaurav/Documents/Breast-Cancer-ML-Pipeline/venv/lib/python3.9/site-packages/airflow/example_dags/example_python_operator.py
[2025-04-21T16:56:32.723-0400] {processor.py:830} INFO - Processing file /Users/gaurav/Documents/Breast-Cancer-ML-Pipeline/venv/lib/python3.9/site-packages/airflow/example_dags/example_python_operator.py for tasks to queue
[2025-04-21T16:56:32.724-0400] {logging_mixin.py:188} INFO - [2025-04-21T16:56:32.723-0400] {dagbag.py:538} INFO - Filling up the DagBag from /Users/gaurav/Documents/Breast-Cancer-ML-Pipeline/venv/lib/python3.9/site-packages/airflow/example_dags/example_python_operator.py
[2025-04-21T16:56:32.742-0400] {logging_mixin.py:188} INFO - [2025-04-21T16:56:32.741-0400] {example_python_operator.py:88} WARNING - The virtalenv_python example task requires virtualenv, please install it.
[2025-04-21T16:56:32.744-0400] {processor.py:840} INFO - DAG(s) 'example_python_operator' retrieved from /Users/gaurav/Documents/Breast-Cancer-ML-Pipeline/venv/lib/python3.9/site-packages/airflow/example_dags/example_python_operator.py
[2025-04-21T16:56:32.858-0400] {logging_mixin.py:188} INFO - [2025-04-21T16:56:32.858-0400] {dag.py:3036} INFO - Sync 1 DAGs
[2025-04-21T16:56:32.864-0400] {logging_mixin.py:188} INFO - [2025-04-21T16:56:32.864-0400] {dag.py:3823} INFO - Setting next_dagrun for example_python_operator to None, run_after=None
[2025-04-21T16:56:32.877-0400] {processor.py:183} INFO - Processing /Users/gaurav/Documents/Breast-Cancer-ML-Pipeline/venv/lib/python3.9/site-packages/airflow/example_dags/example_python_operator.py took 0.157 seconds
[2025-04-21T16:57:45.103-0400] {processor.py:161} INFO - Started process (PID=84794) to work on /Users/gaurav/Documents/Breast-Cancer-ML-Pipeline/venv/lib/python3.9/site-packages/airflow/example_dags/example_python_operator.py
[2025-04-21T16:57:45.105-0400] {processor.py:830} INFO - Processing file /Users/gaurav/Documents/Breast-Cancer-ML-Pipeline/venv/lib/python3.9/site-packages/airflow/example_dags/example_python_operator.py for tasks to queue
[2025-04-21T16:57:45.105-0400] {logging_mixin.py:188} INFO - [2025-04-21T16:57:45.105-0400] {dagbag.py:538} INFO - Filling up the DagBag from /Users/gaurav/Documents/Breast-Cancer-ML-Pipeline/venv/lib/python3.9/site-packages/airflow/example_dags/example_python_operator.py
[2025-04-21T16:57:45.124-0400] {logging_mixin.py:188} INFO - [2025-04-21T16:57:45.124-0400] {example_python_operator.py:88} WARNING - The virtalenv_python example task requires virtualenv, please install it.
[2025-04-21T16:57:45.126-0400] {processor.py:840} INFO - DAG(s) 'example_python_operator' retrieved from /Users/gaurav/Documents/Breast-Cancer-ML-Pipeline/venv/lib/python3.9/site-packages/airflow/example_dags/example_python_operator.py
[2025-04-21T16:57:45.188-0400] {logging_mixin.py:188} INFO - [2025-04-21T16:57:45.188-0400] {dag.py:3036} INFO - Sync 1 DAGs
[2025-04-21T16:57:45.195-0400] {logging_mixin.py:188} INFO - [2025-04-21T16:57:45.194-0400] {dag.py:3823} INFO - Setting next_dagrun for example_python_operator to None, run_after=None
[2025-04-21T16:57:45.207-0400] {processor.py:183} INFO - Processing /Users/gaurav/Documents/Breast-Cancer-ML-Pipeline/venv/lib/python3.9/site-packages/airflow/example_dags/example_python_operator.py took 0.105 seconds
[2025-04-21T16:59:06.276-0400] {processor.py:161} INFO - Started process (PID=84888) to work on /Users/gaurav/Documents/Breast-Cancer-ML-Pipeline/venv/lib/python3.9/site-packages/airflow/example_dags/example_python_operator.py
[2025-04-21T16:59:06.278-0400] {processor.py:830} INFO - Processing file /Users/gaurav/Documents/Breast-Cancer-ML-Pipeline/venv/lib/python3.9/site-packages/airflow/example_dags/example_python_operator.py for tasks to queue
[2025-04-21T16:59:06.279-0400] {logging_mixin.py:188} INFO - [2025-04-21T16:59:06.279-0400] {dagbag.py:538} INFO - Filling up the DagBag from /Users/gaurav/Documents/Breast-Cancer-ML-Pipeline/venv/lib/python3.9/site-packages/airflow/example_dags/example_python_operator.py
[2025-04-21T16:59:06.298-0400] {logging_mixin.py:188} INFO - [2025-04-21T16:59:06.298-0400] {example_python_operator.py:88} WARNING - The virtalenv_python example task requires virtualenv, please install it.
[2025-04-21T16:59:06.300-0400] {processor.py:840} INFO - DAG(s) 'example_python_operator' retrieved from /Users/gaurav/Documents/Breast-Cancer-ML-Pipeline/venv/lib/python3.9/site-packages/airflow/example_dags/example_python_operator.py
[2025-04-21T16:59:06.368-0400] {logging_mixin.py:188} INFO - [2025-04-21T16:59:06.368-0400] {dag.py:3036} INFO - Sync 1 DAGs
[2025-04-21T16:59:06.375-0400] {logging_mixin.py:188} INFO - [2025-04-21T16:59:06.375-0400] {dag.py:3823} INFO - Setting next_dagrun for example_python_operator to None, run_after=None
[2025-04-21T16:59:06.388-0400] {processor.py:183} INFO - Processing /Users/gaurav/Documents/Breast-Cancer-ML-Pipeline/venv/lib/python3.9/site-packages/airflow/example_dags/example_python_operator.py took 0.113 seconds
[2025-04-21T17:00:22.610-0400] {processor.py:161} INFO - Started process (PID=84982) to work on /Users/gaurav/Documents/Breast-Cancer-ML-Pipeline/venv/lib/python3.9/site-packages/airflow/example_dags/example_python_operator.py
[2025-04-21T17:00:22.612-0400] {processor.py:830} INFO - Processing file /Users/gaurav/Documents/Breast-Cancer-ML-Pipeline/venv/lib/python3.9/site-packages/airflow/example_dags/example_python_operator.py for tasks to queue
[2025-04-21T17:00:22.612-0400] {logging_mixin.py:188} INFO - [2025-04-21T17:00:22.612-0400] {dagbag.py:538} INFO - Filling up the DagBag from /Users/gaurav/Documents/Breast-Cancer-ML-Pipeline/venv/lib/python3.9/site-packages/airflow/example_dags/example_python_operator.py
[2025-04-21T17:00:22.630-0400] {logging_mixin.py:188} INFO - [2025-04-21T17:00:22.630-0400] {example_python_operator.py:88} WARNING - The virtalenv_python example task requires virtualenv, please install it.
[2025-04-21T17:00:22.632-0400] {processor.py:840} INFO - DAG(s) 'example_python_operator' retrieved from /Users/gaurav/Documents/Breast-Cancer-ML-Pipeline/venv/lib/python3.9/site-packages/airflow/example_dags/example_python_operator.py
[2025-04-21T17:00:22.694-0400] {logging_mixin.py:188} INFO - [2025-04-21T17:00:22.694-0400] {dag.py:3036} INFO - Sync 1 DAGs
[2025-04-21T17:00:22.700-0400] {logging_mixin.py:188} INFO - [2025-04-21T17:00:22.700-0400] {dag.py:3823} INFO - Setting next_dagrun for example_python_operator to None, run_after=None
[2025-04-21T17:00:22.713-0400] {processor.py:183} INFO - Processing /Users/gaurav/Documents/Breast-Cancer-ML-Pipeline/venv/lib/python3.9/site-packages/airflow/example_dags/example_python_operator.py took 0.104 seconds
[2025-04-21T17:01:39.474-0400] {processor.py:161} INFO - Started process (PID=85078) to work on /Users/gaurav/Documents/Breast-Cancer-ML-Pipeline/venv/lib/python3.9/site-packages/airflow/example_dags/example_python_operator.py
[2025-04-21T17:01:39.476-0400] {processor.py:830} INFO - Processing file /Users/gaurav/Documents/Breast-Cancer-ML-Pipeline/venv/lib/python3.9/site-packages/airflow/example_dags/example_python_operator.py for tasks to queue
[2025-04-21T17:01:39.476-0400] {logging_mixin.py:188} INFO - [2025-04-21T17:01:39.476-0400] {dagbag.py:538} INFO - Filling up the DagBag from /Users/gaurav/Documents/Breast-Cancer-ML-Pipeline/venv/lib/python3.9/site-packages/airflow/example_dags/example_python_operator.py
[2025-04-21T17:01:39.495-0400] {logging_mixin.py:188} INFO - [2025-04-21T17:01:39.495-0400] {example_python_operator.py:88} WARNING - The virtalenv_python example task requires virtualenv, please install it.
[2025-04-21T17:01:39.498-0400] {processor.py:840} INFO - DAG(s) 'example_python_operator' retrieved from /Users/gaurav/Documents/Breast-Cancer-ML-Pipeline/venv/lib/python3.9/site-packages/airflow/example_dags/example_python_operator.py
[2025-04-21T17:01:39.566-0400] {logging_mixin.py:188} INFO - [2025-04-21T17:01:39.566-0400] {dag.py:3036} INFO - Sync 1 DAGs
[2025-04-21T17:01:39.573-0400] {logging_mixin.py:188} INFO - [2025-04-21T17:01:39.573-0400] {dag.py:3823} INFO - Setting next_dagrun for example_python_operator to None, run_after=None
[2025-04-21T17:01:39.590-0400] {processor.py:183} INFO - Processing /Users/gaurav/Documents/Breast-Cancer-ML-Pipeline/venv/lib/python3.9/site-packages/airflow/example_dags/example_python_operator.py took 0.118 seconds
[2025-04-21T17:03:01.541-0400] {processor.py:161} INFO - Started process (PID=85165) to work on /Users/gaurav/Documents/Breast-Cancer-ML-Pipeline/venv/lib/python3.9/site-packages/airflow/example_dags/example_python_operator.py
[2025-04-21T17:03:01.543-0400] {processor.py:830} INFO - Processing file /Users/gaurav/Documents/Breast-Cancer-ML-Pipeline/venv/lib/python3.9/site-packages/airflow/example_dags/example_python_operator.py for tasks to queue
[2025-04-21T17:03:01.543-0400] {logging_mixin.py:188} INFO - [2025-04-21T17:03:01.543-0400] {dagbag.py:538} INFO - Filling up the DagBag from /Users/gaurav/Documents/Breast-Cancer-ML-Pipeline/venv/lib/python3.9/site-packages/airflow/example_dags/example_python_operator.py
[2025-04-21T17:03:01.562-0400] {logging_mixin.py:188} INFO - [2025-04-21T17:03:01.562-0400] {example_python_operator.py:88} WARNING - The virtalenv_python example task requires virtualenv, please install it.
[2025-04-21T17:03:01.564-0400] {processor.py:840} INFO - DAG(s) 'example_python_operator' retrieved from /Users/gaurav/Documents/Breast-Cancer-ML-Pipeline/venv/lib/python3.9/site-packages/airflow/example_dags/example_python_operator.py
[2025-04-21T17:03:01.628-0400] {logging_mixin.py:188} INFO - [2025-04-21T17:03:01.628-0400] {dag.py:3036} INFO - Sync 1 DAGs
[2025-04-21T17:03:01.634-0400] {logging_mixin.py:188} INFO - [2025-04-21T17:03:01.634-0400] {dag.py:3823} INFO - Setting next_dagrun for example_python_operator to None, run_after=None
[2025-04-21T17:03:01.647-0400] {processor.py:183} INFO - Processing /Users/gaurav/Documents/Breast-Cancer-ML-Pipeline/venv/lib/python3.9/site-packages/airflow/example_dags/example_python_operator.py took 0.107 seconds
[2025-04-21T17:04:17.603-0400] {processor.py:161} INFO - Started process (PID=85271) to work on /Users/gaurav/Documents/Breast-Cancer-ML-Pipeline/venv/lib/python3.9/site-packages/airflow/example_dags/example_python_operator.py
[2025-04-21T17:04:17.605-0400] {processor.py:830} INFO - Processing file /Users/gaurav/Documents/Breast-Cancer-ML-Pipeline/venv/lib/python3.9/site-packages/airflow/example_dags/example_python_operator.py for tasks to queue
[2025-04-21T17:04:17.606-0400] {logging_mixin.py:188} INFO - [2025-04-21T17:04:17.605-0400] {dagbag.py:538} INFO - Filling up the DagBag from /Users/gaurav/Documents/Breast-Cancer-ML-Pipeline/venv/lib/python3.9/site-packages/airflow/example_dags/example_python_operator.py
[2025-04-21T17:04:17.623-0400] {logging_mixin.py:188} INFO - [2025-04-21T17:04:17.623-0400] {example_python_operator.py:88} WARNING - The virtalenv_python example task requires virtualenv, please install it.
[2025-04-21T17:04:17.625-0400] {processor.py:840} INFO - DAG(s) 'example_python_operator' retrieved from /Users/gaurav/Documents/Breast-Cancer-ML-Pipeline/venv/lib/python3.9/site-packages/airflow/example_dags/example_python_operator.py
[2025-04-21T17:04:17.688-0400] {logging_mixin.py:188} INFO - [2025-04-21T17:04:17.688-0400] {dag.py:3036} INFO - Sync 1 DAGs
[2025-04-21T17:04:17.694-0400] {logging_mixin.py:188} INFO - [2025-04-21T17:04:17.694-0400] {dag.py:3823} INFO - Setting next_dagrun for example_python_operator to None, run_after=None
[2025-04-21T17:04:17.707-0400] {processor.py:183} INFO - Processing /Users/gaurav/Documents/Breast-Cancer-ML-Pipeline/venv/lib/python3.9/site-packages/airflow/example_dags/example_python_operator.py took 0.104 seconds
[2025-04-21T17:05:27.964-0400] {processor.py:161} INFO - Started process (PID=85348) to work on /Users/gaurav/Documents/Breast-Cancer-ML-Pipeline/venv/lib/python3.9/site-packages/airflow/example_dags/example_python_operator.py
[2025-04-21T17:05:27.966-0400] {processor.py:830} INFO - Processing file /Users/gaurav/Documents/Breast-Cancer-ML-Pipeline/venv/lib/python3.9/site-packages/airflow/example_dags/example_python_operator.py for tasks to queue
[2025-04-21T17:05:27.967-0400] {logging_mixin.py:188} INFO - [2025-04-21T17:05:27.967-0400] {dagbag.py:538} INFO - Filling up the DagBag from /Users/gaurav/Documents/Breast-Cancer-ML-Pipeline/venv/lib/python3.9/site-packages/airflow/example_dags/example_python_operator.py
[2025-04-21T17:05:27.984-0400] {logging_mixin.py:188} INFO - [2025-04-21T17:05:27.984-0400] {example_python_operator.py:88} WARNING - The virtalenv_python example task requires virtualenv, please install it.
[2025-04-21T17:05:27.987-0400] {processor.py:840} INFO - DAG(s) 'example_python_operator' retrieved from /Users/gaurav/Documents/Breast-Cancer-ML-Pipeline/venv/lib/python3.9/site-packages/airflow/example_dags/example_python_operator.py
[2025-04-21T17:05:28.053-0400] {logging_mixin.py:188} INFO - [2025-04-21T17:05:28.053-0400] {dag.py:3036} INFO - Sync 1 DAGs
[2025-04-21T17:05:28.059-0400] {logging_mixin.py:188} INFO - [2025-04-21T17:05:28.059-0400] {dag.py:3823} INFO - Setting next_dagrun for example_python_operator to None, run_after=None
[2025-04-21T17:05:28.071-0400] {processor.py:183} INFO - Processing /Users/gaurav/Documents/Breast-Cancer-ML-Pipeline/venv/lib/python3.9/site-packages/airflow/example_dags/example_python_operator.py took 0.107 seconds
[2025-04-21T17:06:39.161-0400] {processor.py:161} INFO - Started process (PID=85442) to work on /Users/gaurav/Documents/Breast-Cancer-ML-Pipeline/venv/lib/python3.9/site-packages/airflow/example_dags/example_python_operator.py
[2025-04-21T17:06:39.163-0400] {processor.py:830} INFO - Processing file /Users/gaurav/Documents/Breast-Cancer-ML-Pipeline/venv/lib/python3.9/site-packages/airflow/example_dags/example_python_operator.py for tasks to queue
[2025-04-21T17:06:39.164-0400] {logging_mixin.py:188} INFO - [2025-04-21T17:06:39.164-0400] {dagbag.py:538} INFO - Filling up the DagBag from /Users/gaurav/Documents/Breast-Cancer-ML-Pipeline/venv/lib/python3.9/site-packages/airflow/example_dags/example_python_operator.py
[2025-04-21T17:06:39.182-0400] {logging_mixin.py:188} INFO - [2025-04-21T17:06:39.182-0400] {example_python_operator.py:88} WARNING - The virtalenv_python example task requires virtualenv, please install it.
[2025-04-21T17:06:39.185-0400] {processor.py:840} INFO - DAG(s) 'example_python_operator' retrieved from /Users/gaurav/Documents/Breast-Cancer-ML-Pipeline/venv/lib/python3.9/site-packages/airflow/example_dags/example_python_operator.py
[2025-04-21T17:06:39.250-0400] {logging_mixin.py:188} INFO - [2025-04-21T17:06:39.250-0400] {dag.py:3036} INFO - Sync 1 DAGs
[2025-04-21T17:06:39.256-0400] {logging_mixin.py:188} INFO - [2025-04-21T17:06:39.256-0400] {dag.py:3823} INFO - Setting next_dagrun for example_python_operator to None, run_after=None
[2025-04-21T17:06:39.269-0400] {processor.py:183} INFO - Processing /Users/gaurav/Documents/Breast-Cancer-ML-Pipeline/venv/lib/python3.9/site-packages/airflow/example_dags/example_python_operator.py took 0.108 seconds
[2025-04-21T17:07:51.071-0400] {processor.py:161} INFO - Started process (PID=85519) to work on /Users/gaurav/Documents/Breast-Cancer-ML-Pipeline/venv/lib/python3.9/site-packages/airflow/example_dags/example_python_operator.py
[2025-04-21T17:07:51.073-0400] {processor.py:830} INFO - Processing file /Users/gaurav/Documents/Breast-Cancer-ML-Pipeline/venv/lib/python3.9/site-packages/airflow/example_dags/example_python_operator.py for tasks to queue
[2025-04-21T17:07:51.073-0400] {logging_mixin.py:188} INFO - [2025-04-21T17:07:51.073-0400] {dagbag.py:538} INFO - Filling up the DagBag from /Users/gaurav/Documents/Breast-Cancer-ML-Pipeline/venv/lib/python3.9/site-packages/airflow/example_dags/example_python_operator.py
[2025-04-21T17:07:51.091-0400] {logging_mixin.py:188} INFO - [2025-04-21T17:07:51.091-0400] {example_python_operator.py:88} WARNING - The virtalenv_python example task requires virtualenv, please install it.
[2025-04-21T17:07:51.093-0400] {processor.py:840} INFO - DAG(s) 'example_python_operator' retrieved from /Users/gaurav/Documents/Breast-Cancer-ML-Pipeline/venv/lib/python3.9/site-packages/airflow/example_dags/example_python_operator.py
[2025-04-21T17:07:51.156-0400] {logging_mixin.py:188} INFO - [2025-04-21T17:07:51.156-0400] {dag.py:3036} INFO - Sync 1 DAGs
[2025-04-21T17:07:51.162-0400] {logging_mixin.py:188} INFO - [2025-04-21T17:07:51.162-0400] {dag.py:3823} INFO - Setting next_dagrun for example_python_operator to None, run_after=None
[2025-04-21T17:07:51.174-0400] {processor.py:183} INFO - Processing /Users/gaurav/Documents/Breast-Cancer-ML-Pipeline/venv/lib/python3.9/site-packages/airflow/example_dags/example_python_operator.py took 0.104 seconds
[2025-04-21T17:09:05.904-0400] {processor.py:161} INFO - Started process (PID=85600) to work on /Users/gaurav/Documents/Breast-Cancer-ML-Pipeline/venv/lib/python3.9/site-packages/airflow/example_dags/example_python_operator.py
[2025-04-21T17:09:05.906-0400] {processor.py:830} INFO - Processing file /Users/gaurav/Documents/Breast-Cancer-ML-Pipeline/venv/lib/python3.9/site-packages/airflow/example_dags/example_python_operator.py for tasks to queue
[2025-04-21T17:09:05.907-0400] {logging_mixin.py:188} INFO - [2025-04-21T17:09:05.907-0400] {dagbag.py:538} INFO - Filling up the DagBag from /Users/gaurav/Documents/Breast-Cancer-ML-Pipeline/venv/lib/python3.9/site-packages/airflow/example_dags/example_python_operator.py
[2025-04-21T17:09:05.925-0400] {logging_mixin.py:188} INFO - [2025-04-21T17:09:05.925-0400] {example_python_operator.py:88} WARNING - The virtalenv_python example task requires virtualenv, please install it.
[2025-04-21T17:09:05.927-0400] {processor.py:840} INFO - DAG(s) 'example_python_operator' retrieved from /Users/gaurav/Documents/Breast-Cancer-ML-Pipeline/venv/lib/python3.9/site-packages/airflow/example_dags/example_python_operator.py
[2025-04-21T17:09:05.990-0400] {logging_mixin.py:188} INFO - [2025-04-21T17:09:05.990-0400] {dag.py:3036} INFO - Sync 1 DAGs
[2025-04-21T17:09:05.997-0400] {logging_mixin.py:188} INFO - [2025-04-21T17:09:05.996-0400] {dag.py:3823} INFO - Setting next_dagrun for example_python_operator to None, run_after=None
[2025-04-21T17:09:06.009-0400] {processor.py:183} INFO - Processing /Users/gaurav/Documents/Breast-Cancer-ML-Pipeline/venv/lib/python3.9/site-packages/airflow/example_dags/example_python_operator.py took 0.106 seconds
[2025-04-21T17:10:18.036-0400] {processor.py:161} INFO - Started process (PID=85677) to work on /Users/gaurav/Documents/Breast-Cancer-ML-Pipeline/venv/lib/python3.9/site-packages/airflow/example_dags/example_python_operator.py
[2025-04-21T17:10:18.037-0400] {processor.py:830} INFO - Processing file /Users/gaurav/Documents/Breast-Cancer-ML-Pipeline/venv/lib/python3.9/site-packages/airflow/example_dags/example_python_operator.py for tasks to queue
[2025-04-21T17:10:18.037-0400] {logging_mixin.py:188} INFO - [2025-04-21T17:10:18.037-0400] {dagbag.py:538} INFO - Filling up the DagBag from /Users/gaurav/Documents/Breast-Cancer-ML-Pipeline/venv/lib/python3.9/site-packages/airflow/example_dags/example_python_operator.py
[2025-04-21T17:10:18.054-0400] {logging_mixin.py:188} INFO - [2025-04-21T17:10:18.054-0400] {example_python_operator.py:88} WARNING - The virtalenv_python example task requires virtualenv, please install it.
[2025-04-21T17:10:18.057-0400] {processor.py:840} INFO - DAG(s) 'example_python_operator' retrieved from /Users/gaurav/Documents/Breast-Cancer-ML-Pipeline/venv/lib/python3.9/site-packages/airflow/example_dags/example_python_operator.py
[2025-04-21T17:10:18.120-0400] {logging_mixin.py:188} INFO - [2025-04-21T17:10:18.119-0400] {dag.py:3036} INFO - Sync 1 DAGs
[2025-04-21T17:10:18.126-0400] {logging_mixin.py:188} INFO - [2025-04-21T17:10:18.126-0400] {dag.py:3823} INFO - Setting next_dagrun for example_python_operator to None, run_after=None
[2025-04-21T17:10:18.138-0400] {processor.py:183} INFO - Processing /Users/gaurav/Documents/Breast-Cancer-ML-Pipeline/venv/lib/python3.9/site-packages/airflow/example_dags/example_python_operator.py took 0.103 seconds
[2025-04-21T17:11:32.763-0400] {processor.py:161} INFO - Started process (PID=85765) to work on /Users/gaurav/Documents/Breast-Cancer-ML-Pipeline/venv/lib/python3.9/site-packages/airflow/example_dags/example_python_operator.py
[2025-04-21T17:11:32.765-0400] {processor.py:830} INFO - Processing file /Users/gaurav/Documents/Breast-Cancer-ML-Pipeline/venv/lib/python3.9/site-packages/airflow/example_dags/example_python_operator.py for tasks to queue
[2025-04-21T17:11:32.766-0400] {logging_mixin.py:188} INFO - [2025-04-21T17:11:32.765-0400] {dagbag.py:538} INFO - Filling up the DagBag from /Users/gaurav/Documents/Breast-Cancer-ML-Pipeline/venv/lib/python3.9/site-packages/airflow/example_dags/example_python_operator.py
[2025-04-21T17:11:32.784-0400] {logging_mixin.py:188} INFO - [2025-04-21T17:11:32.784-0400] {example_python_operator.py:88} WARNING - The virtalenv_python example task requires virtualenv, please install it.
[2025-04-21T17:11:32.786-0400] {processor.py:840} INFO - DAG(s) 'example_python_operator' retrieved from /Users/gaurav/Documents/Breast-Cancer-ML-Pipeline/venv/lib/python3.9/site-packages/airflow/example_dags/example_python_operator.py
[2025-04-21T17:11:32.849-0400] {logging_mixin.py:188} INFO - [2025-04-21T17:11:32.848-0400] {dag.py:3036} INFO - Sync 1 DAGs
[2025-04-21T17:11:32.855-0400] {logging_mixin.py:188} INFO - [2025-04-21T17:11:32.855-0400] {dag.py:3823} INFO - Setting next_dagrun for example_python_operator to None, run_after=None
[2025-04-21T17:11:32.867-0400] {processor.py:183} INFO - Processing /Users/gaurav/Documents/Breast-Cancer-ML-Pipeline/venv/lib/python3.9/site-packages/airflow/example_dags/example_python_operator.py took 0.105 seconds
[2025-04-21T17:12:46.124-0400] {processor.py:161} INFO - Started process (PID=85855) to work on /Users/gaurav/Documents/Breast-Cancer-ML-Pipeline/venv/lib/python3.9/site-packages/airflow/example_dags/example_python_operator.py
[2025-04-21T17:12:46.126-0400] {processor.py:830} INFO - Processing file /Users/gaurav/Documents/Breast-Cancer-ML-Pipeline/venv/lib/python3.9/site-packages/airflow/example_dags/example_python_operator.py for tasks to queue
[2025-04-21T17:12:46.126-0400] {logging_mixin.py:188} INFO - [2025-04-21T17:12:46.126-0400] {dagbag.py:538} INFO - Filling up the DagBag from /Users/gaurav/Documents/Breast-Cancer-ML-Pipeline/venv/lib/python3.9/site-packages/airflow/example_dags/example_python_operator.py
[2025-04-21T17:12:46.144-0400] {logging_mixin.py:188} INFO - [2025-04-21T17:12:46.144-0400] {example_python_operator.py:88} WARNING - The virtalenv_python example task requires virtualenv, please install it.
[2025-04-21T17:12:46.146-0400] {processor.py:840} INFO - DAG(s) 'example_python_operator' retrieved from /Users/gaurav/Documents/Breast-Cancer-ML-Pipeline/venv/lib/python3.9/site-packages/airflow/example_dags/example_python_operator.py
[2025-04-21T17:12:46.210-0400] {logging_mixin.py:188} INFO - [2025-04-21T17:12:46.209-0400] {dag.py:3036} INFO - Sync 1 DAGs
[2025-04-21T17:12:46.216-0400] {logging_mixin.py:188} INFO - [2025-04-21T17:12:46.216-0400] {dag.py:3823} INFO - Setting next_dagrun for example_python_operator to None, run_after=None
[2025-04-21T17:12:46.228-0400] {processor.py:183} INFO - Processing /Users/gaurav/Documents/Breast-Cancer-ML-Pipeline/venv/lib/python3.9/site-packages/airflow/example_dags/example_python_operator.py took 0.105 seconds
[2025-04-21T17:14:00.041-0400] {processor.py:161} INFO - Started process (PID=85948) to work on /Users/gaurav/Documents/Breast-Cancer-ML-Pipeline/venv/lib/python3.9/site-packages/airflow/example_dags/example_python_operator.py
[2025-04-21T17:14:00.042-0400] {processor.py:830} INFO - Processing file /Users/gaurav/Documents/Breast-Cancer-ML-Pipeline/venv/lib/python3.9/site-packages/airflow/example_dags/example_python_operator.py for tasks to queue
[2025-04-21T17:14:00.043-0400] {logging_mixin.py:188} INFO - [2025-04-21T17:14:00.043-0400] {dagbag.py:538} INFO - Filling up the DagBag from /Users/gaurav/Documents/Breast-Cancer-ML-Pipeline/venv/lib/python3.9/site-packages/airflow/example_dags/example_python_operator.py
[2025-04-21T17:14:00.061-0400] {logging_mixin.py:188} INFO - [2025-04-21T17:14:00.061-0400] {example_python_operator.py:88} WARNING - The virtalenv_python example task requires virtualenv, please install it.
[2025-04-21T17:14:00.064-0400] {processor.py:840} INFO - DAG(s) 'example_python_operator' retrieved from /Users/gaurav/Documents/Breast-Cancer-ML-Pipeline/venv/lib/python3.9/site-packages/airflow/example_dags/example_python_operator.py
[2025-04-21T17:14:00.128-0400] {logging_mixin.py:188} INFO - [2025-04-21T17:14:00.128-0400] {dag.py:3036} INFO - Sync 1 DAGs
[2025-04-21T17:14:00.135-0400] {logging_mixin.py:188} INFO - [2025-04-21T17:14:00.135-0400] {dag.py:3823} INFO - Setting next_dagrun for example_python_operator to None, run_after=None
[2025-04-21T17:14:00.147-0400] {processor.py:183} INFO - Processing /Users/gaurav/Documents/Breast-Cancer-ML-Pipeline/venv/lib/python3.9/site-packages/airflow/example_dags/example_python_operator.py took 0.107 seconds
[2025-04-21T17:15:13.178-0400] {processor.py:161} INFO - Started process (PID=86030) to work on /Users/gaurav/Documents/Breast-Cancer-ML-Pipeline/venv/lib/python3.9/site-packages/airflow/example_dags/example_python_operator.py
[2025-04-21T17:15:13.179-0400] {processor.py:830} INFO - Processing file /Users/gaurav/Documents/Breast-Cancer-ML-Pipeline/venv/lib/python3.9/site-packages/airflow/example_dags/example_python_operator.py for tasks to queue
[2025-04-21T17:15:13.180-0400] {logging_mixin.py:188} INFO - [2025-04-21T17:15:13.180-0400] {dagbag.py:538} INFO - Filling up the DagBag from /Users/gaurav/Documents/Breast-Cancer-ML-Pipeline/venv/lib/python3.9/site-packages/airflow/example_dags/example_python_operator.py
[2025-04-21T17:15:13.198-0400] {logging_mixin.py:188} INFO - [2025-04-21T17:15:13.198-0400] {example_python_operator.py:88} WARNING - The virtalenv_python example task requires virtualenv, please install it.
[2025-04-21T17:15:13.201-0400] {processor.py:840} INFO - DAG(s) 'example_python_operator' retrieved from /Users/gaurav/Documents/Breast-Cancer-ML-Pipeline/venv/lib/python3.9/site-packages/airflow/example_dags/example_python_operator.py
[2025-04-21T17:15:13.263-0400] {logging_mixin.py:188} INFO - [2025-04-21T17:15:13.263-0400] {dag.py:3036} INFO - Sync 1 DAGs
[2025-04-21T17:15:13.269-0400] {logging_mixin.py:188} INFO - [2025-04-21T17:15:13.269-0400] {dag.py:3823} INFO - Setting next_dagrun for example_python_operator to None, run_after=None
[2025-04-21T17:15:13.282-0400] {processor.py:183} INFO - Processing /Users/gaurav/Documents/Breast-Cancer-ML-Pipeline/venv/lib/python3.9/site-packages/airflow/example_dags/example_python_operator.py took 0.105 seconds
[2025-04-21T17:16:26.570-0400] {processor.py:161} INFO - Started process (PID=86119) to work on /Users/gaurav/Documents/Breast-Cancer-ML-Pipeline/venv/lib/python3.9/site-packages/airflow/example_dags/example_python_operator.py
[2025-04-21T17:16:26.572-0400] {processor.py:830} INFO - Processing file /Users/gaurav/Documents/Breast-Cancer-ML-Pipeline/venv/lib/python3.9/site-packages/airflow/example_dags/example_python_operator.py for tasks to queue
[2025-04-21T17:16:26.572-0400] {logging_mixin.py:188} INFO - [2025-04-21T17:16:26.572-0400] {dagbag.py:538} INFO - Filling up the DagBag from /Users/gaurav/Documents/Breast-Cancer-ML-Pipeline/venv/lib/python3.9/site-packages/airflow/example_dags/example_python_operator.py
[2025-04-21T17:16:26.591-0400] {logging_mixin.py:188} INFO - [2025-04-21T17:16:26.591-0400] {example_python_operator.py:88} WARNING - The virtalenv_python example task requires virtualenv, please install it.
[2025-04-21T17:16:26.593-0400] {processor.py:840} INFO - DAG(s) 'example_python_operator' retrieved from /Users/gaurav/Documents/Breast-Cancer-ML-Pipeline/venv/lib/python3.9/site-packages/airflow/example_dags/example_python_operator.py
[2025-04-21T17:16:26.658-0400] {logging_mixin.py:188} INFO - [2025-04-21T17:16:26.658-0400] {dag.py:3036} INFO - Sync 1 DAGs
[2025-04-21T17:16:26.665-0400] {logging_mixin.py:188} INFO - [2025-04-21T17:16:26.665-0400] {dag.py:3823} INFO - Setting next_dagrun for example_python_operator to None, run_after=None
[2025-04-21T17:16:26.677-0400] {processor.py:183} INFO - Processing /Users/gaurav/Documents/Breast-Cancer-ML-Pipeline/venv/lib/python3.9/site-packages/airflow/example_dags/example_python_operator.py took 0.109 seconds
[2025-04-21T17:17:40.424-0400] {processor.py:161} INFO - Started process (PID=86225) to work on /Users/gaurav/Documents/Breast-Cancer-ML-Pipeline/venv/lib/python3.9/site-packages/airflow/example_dags/example_python_operator.py
[2025-04-21T17:17:40.427-0400] {processor.py:830} INFO - Processing file /Users/gaurav/Documents/Breast-Cancer-ML-Pipeline/venv/lib/python3.9/site-packages/airflow/example_dags/example_python_operator.py for tasks to queue
[2025-04-21T17:17:40.427-0400] {logging_mixin.py:188} INFO - [2025-04-21T17:17:40.427-0400] {dagbag.py:538} INFO - Filling up the DagBag from /Users/gaurav/Documents/Breast-Cancer-ML-Pipeline/venv/lib/python3.9/site-packages/airflow/example_dags/example_python_operator.py
[2025-04-21T17:17:40.446-0400] {logging_mixin.py:188} INFO - [2025-04-21T17:17:40.446-0400] {example_python_operator.py:88} WARNING - The virtalenv_python example task requires virtualenv, please install it.
[2025-04-21T17:17:40.449-0400] {processor.py:840} INFO - DAG(s) 'example_python_operator' retrieved from /Users/gaurav/Documents/Breast-Cancer-ML-Pipeline/venv/lib/python3.9/site-packages/airflow/example_dags/example_python_operator.py
[2025-04-21T17:17:40.518-0400] {logging_mixin.py:188} INFO - [2025-04-21T17:17:40.518-0400] {dag.py:3036} INFO - Sync 1 DAGs
[2025-04-21T17:17:40.524-0400] {logging_mixin.py:188} INFO - [2025-04-21T17:17:40.524-0400] {dag.py:3823} INFO - Setting next_dagrun for example_python_operator to None, run_after=None
[2025-04-21T17:17:40.537-0400] {processor.py:183} INFO - Processing /Users/gaurav/Documents/Breast-Cancer-ML-Pipeline/venv/lib/python3.9/site-packages/airflow/example_dags/example_python_operator.py took 0.114 seconds
[2025-04-21T17:18:56.160-0400] {processor.py:161} INFO - Started process (PID=86318) to work on /Users/gaurav/Documents/Breast-Cancer-ML-Pipeline/venv/lib/python3.9/site-packages/airflow/example_dags/example_python_operator.py
[2025-04-21T17:18:56.162-0400] {processor.py:830} INFO - Processing file /Users/gaurav/Documents/Breast-Cancer-ML-Pipeline/venv/lib/python3.9/site-packages/airflow/example_dags/example_python_operator.py for tasks to queue
[2025-04-21T17:18:56.162-0400] {logging_mixin.py:188} INFO - [2025-04-21T17:18:56.162-0400] {dagbag.py:538} INFO - Filling up the DagBag from /Users/gaurav/Documents/Breast-Cancer-ML-Pipeline/venv/lib/python3.9/site-packages/airflow/example_dags/example_python_operator.py
[2025-04-21T17:18:56.181-0400] {logging_mixin.py:188} INFO - [2025-04-21T17:18:56.181-0400] {example_python_operator.py:88} WARNING - The virtalenv_python example task requires virtualenv, please install it.
[2025-04-21T17:18:56.183-0400] {processor.py:840} INFO - DAG(s) 'example_python_operator' retrieved from /Users/gaurav/Documents/Breast-Cancer-ML-Pipeline/venv/lib/python3.9/site-packages/airflow/example_dags/example_python_operator.py
[2025-04-21T17:18:56.246-0400] {logging_mixin.py:188} INFO - [2025-04-21T17:18:56.246-0400] {dag.py:3036} INFO - Sync 1 DAGs
[2025-04-21T17:18:56.253-0400] {logging_mixin.py:188} INFO - [2025-04-21T17:18:56.253-0400] {dag.py:3823} INFO - Setting next_dagrun for example_python_operator to None, run_after=None
[2025-04-21T17:18:56.265-0400] {processor.py:183} INFO - Processing /Users/gaurav/Documents/Breast-Cancer-ML-Pipeline/venv/lib/python3.9/site-packages/airflow/example_dags/example_python_operator.py took 0.106 seconds
[2025-04-21T17:20:11.597-0400] {processor.py:161} INFO - Started process (PID=86411) to work on /Users/gaurav/Documents/Breast-Cancer-ML-Pipeline/venv/lib/python3.9/site-packages/airflow/example_dags/example_python_operator.py
[2025-04-21T17:20:11.599-0400] {processor.py:830} INFO - Processing file /Users/gaurav/Documents/Breast-Cancer-ML-Pipeline/venv/lib/python3.9/site-packages/airflow/example_dags/example_python_operator.py for tasks to queue
[2025-04-21T17:20:11.600-0400] {logging_mixin.py:188} INFO - [2025-04-21T17:20:11.600-0400] {dagbag.py:538} INFO - Filling up the DagBag from /Users/gaurav/Documents/Breast-Cancer-ML-Pipeline/venv/lib/python3.9/site-packages/airflow/example_dags/example_python_operator.py
[2025-04-21T17:20:11.619-0400] {logging_mixin.py:188} INFO - [2025-04-21T17:20:11.618-0400] {example_python_operator.py:88} WARNING - The virtalenv_python example task requires virtualenv, please install it.
[2025-04-21T17:20:11.621-0400] {processor.py:840} INFO - DAG(s) 'example_python_operator' retrieved from /Users/gaurav/Documents/Breast-Cancer-ML-Pipeline/venv/lib/python3.9/site-packages/airflow/example_dags/example_python_operator.py
[2025-04-21T17:20:11.687-0400] {logging_mixin.py:188} INFO - [2025-04-21T17:20:11.686-0400] {dag.py:3036} INFO - Sync 1 DAGs
[2025-04-21T17:20:11.693-0400] {logging_mixin.py:188} INFO - [2025-04-21T17:20:11.693-0400] {dag.py:3823} INFO - Setting next_dagrun for example_python_operator to None, run_after=None
[2025-04-21T17:20:11.706-0400] {processor.py:183} INFO - Processing /Users/gaurav/Documents/Breast-Cancer-ML-Pipeline/venv/lib/python3.9/site-packages/airflow/example_dags/example_python_operator.py took 0.109 seconds
[2025-04-21T17:22:08.753-0400] {processor.py:161} INFO - Started process (PID=86522) to work on /Users/gaurav/Documents/Breast-Cancer-ML-Pipeline/venv/lib/python3.9/site-packages/airflow/example_dags/example_python_operator.py
[2025-04-21T17:22:08.754-0400] {processor.py:830} INFO - Processing file /Users/gaurav/Documents/Breast-Cancer-ML-Pipeline/venv/lib/python3.9/site-packages/airflow/example_dags/example_python_operator.py for tasks to queue
[2025-04-21T17:22:08.755-0400] {logging_mixin.py:188} INFO - [2025-04-21T17:22:08.755-0400] {dagbag.py:538} INFO - Filling up the DagBag from /Users/gaurav/Documents/Breast-Cancer-ML-Pipeline/venv/lib/python3.9/site-packages/airflow/example_dags/example_python_operator.py
[2025-04-21T17:22:08.773-0400] {logging_mixin.py:188} INFO - [2025-04-21T17:22:08.773-0400] {example_python_operator.py:88} WARNING - The virtalenv_python example task requires virtualenv, please install it.
[2025-04-21T17:22:08.775-0400] {processor.py:840} INFO - DAG(s) 'example_python_operator' retrieved from /Users/gaurav/Documents/Breast-Cancer-ML-Pipeline/venv/lib/python3.9/site-packages/airflow/example_dags/example_python_operator.py
[2025-04-21T17:22:08.893-0400] {logging_mixin.py:188} INFO - [2025-04-21T17:22:08.893-0400] {dag.py:3036} INFO - Sync 1 DAGs
[2025-04-21T17:22:08.900-0400] {logging_mixin.py:188} INFO - [2025-04-21T17:22:08.900-0400] {dag.py:3823} INFO - Setting next_dagrun for example_python_operator to None, run_after=None
[2025-04-21T17:22:08.912-0400] {processor.py:183} INFO - Processing /Users/gaurav/Documents/Breast-Cancer-ML-Pipeline/venv/lib/python3.9/site-packages/airflow/example_dags/example_python_operator.py took 0.160 seconds
[2025-04-21T17:23:27.730-0400] {processor.py:161} INFO - Started process (PID=86607) to work on /Users/gaurav/Documents/Breast-Cancer-ML-Pipeline/venv/lib/python3.9/site-packages/airflow/example_dags/example_python_operator.py
[2025-04-21T17:23:27.732-0400] {processor.py:830} INFO - Processing file /Users/gaurav/Documents/Breast-Cancer-ML-Pipeline/venv/lib/python3.9/site-packages/airflow/example_dags/example_python_operator.py for tasks to queue
[2025-04-21T17:23:27.732-0400] {logging_mixin.py:188} INFO - [2025-04-21T17:23:27.732-0400] {dagbag.py:538} INFO - Filling up the DagBag from /Users/gaurav/Documents/Breast-Cancer-ML-Pipeline/venv/lib/python3.9/site-packages/airflow/example_dags/example_python_operator.py
[2025-04-21T17:23:27.751-0400] {logging_mixin.py:188} INFO - [2025-04-21T17:23:27.750-0400] {example_python_operator.py:88} WARNING - The virtalenv_python example task requires virtualenv, please install it.
[2025-04-21T17:23:27.753-0400] {processor.py:840} INFO - DAG(s) 'example_python_operator' retrieved from /Users/gaurav/Documents/Breast-Cancer-ML-Pipeline/venv/lib/python3.9/site-packages/airflow/example_dags/example_python_operator.py
[2025-04-21T17:23:27.818-0400] {logging_mixin.py:188} INFO - [2025-04-21T17:23:27.817-0400] {dag.py:3036} INFO - Sync 1 DAGs
[2025-04-21T17:23:27.824-0400] {logging_mixin.py:188} INFO - [2025-04-21T17:23:27.824-0400] {dag.py:3823} INFO - Setting next_dagrun for example_python_operator to None, run_after=None
[2025-04-21T17:23:27.836-0400] {processor.py:183} INFO - Processing /Users/gaurav/Documents/Breast-Cancer-ML-Pipeline/venv/lib/python3.9/site-packages/airflow/example_dags/example_python_operator.py took 0.107 seconds
[2025-04-21T17:24:44.740-0400] {processor.py:161} INFO - Started process (PID=86704) to work on /Users/gaurav/Documents/Breast-Cancer-ML-Pipeline/venv/lib/python3.9/site-packages/airflow/example_dags/example_python_operator.py
[2025-04-21T17:24:44.742-0400] {processor.py:830} INFO - Processing file /Users/gaurav/Documents/Breast-Cancer-ML-Pipeline/venv/lib/python3.9/site-packages/airflow/example_dags/example_python_operator.py for tasks to queue
[2025-04-21T17:24:44.742-0400] {logging_mixin.py:188} INFO - [2025-04-21T17:24:44.742-0400] {dagbag.py:538} INFO - Filling up the DagBag from /Users/gaurav/Documents/Breast-Cancer-ML-Pipeline/venv/lib/python3.9/site-packages/airflow/example_dags/example_python_operator.py
[2025-04-21T17:24:44.760-0400] {logging_mixin.py:188} INFO - [2025-04-21T17:24:44.760-0400] {example_python_operator.py:88} WARNING - The virtalenv_python example task requires virtualenv, please install it.
[2025-04-21T17:24:44.763-0400] {processor.py:840} INFO - DAG(s) 'example_python_operator' retrieved from /Users/gaurav/Documents/Breast-Cancer-ML-Pipeline/venv/lib/python3.9/site-packages/airflow/example_dags/example_python_operator.py
[2025-04-21T17:24:44.830-0400] {logging_mixin.py:188} INFO - [2025-04-21T17:24:44.830-0400] {dag.py:3036} INFO - Sync 1 DAGs
[2025-04-21T17:24:44.836-0400] {logging_mixin.py:188} INFO - [2025-04-21T17:24:44.836-0400] {dag.py:3823} INFO - Setting next_dagrun for example_python_operator to None, run_after=None
[2025-04-21T17:24:44.849-0400] {processor.py:183} INFO - Processing /Users/gaurav/Documents/Breast-Cancer-ML-Pipeline/venv/lib/python3.9/site-packages/airflow/example_dags/example_python_operator.py took 0.110 seconds
[2025-04-21T17:26:02.632-0400] {processor.py:161} INFO - Started process (PID=86820) to work on /Users/gaurav/Documents/Breast-Cancer-ML-Pipeline/venv/lib/python3.9/site-packages/airflow/example_dags/example_python_operator.py
[2025-04-21T17:26:02.634-0400] {processor.py:830} INFO - Processing file /Users/gaurav/Documents/Breast-Cancer-ML-Pipeline/venv/lib/python3.9/site-packages/airflow/example_dags/example_python_operator.py for tasks to queue
[2025-04-21T17:26:02.635-0400] {logging_mixin.py:188} INFO - [2025-04-21T17:26:02.635-0400] {dagbag.py:538} INFO - Filling up the DagBag from /Users/gaurav/Documents/Breast-Cancer-ML-Pipeline/venv/lib/python3.9/site-packages/airflow/example_dags/example_python_operator.py
[2025-04-21T17:26:02.653-0400] {logging_mixin.py:188} INFO - [2025-04-21T17:26:02.653-0400] {example_python_operator.py:88} WARNING - The virtalenv_python example task requires virtualenv, please install it.
[2025-04-21T17:26:02.656-0400] {processor.py:840} INFO - DAG(s) 'example_python_operator' retrieved from /Users/gaurav/Documents/Breast-Cancer-ML-Pipeline/venv/lib/python3.9/site-packages/airflow/example_dags/example_python_operator.py
[2025-04-21T17:26:02.720-0400] {logging_mixin.py:188} INFO - [2025-04-21T17:26:02.719-0400] {dag.py:3036} INFO - Sync 1 DAGs
[2025-04-21T17:26:02.726-0400] {logging_mixin.py:188} INFO - [2025-04-21T17:26:02.726-0400] {dag.py:3823} INFO - Setting next_dagrun for example_python_operator to None, run_after=None
[2025-04-21T17:26:02.738-0400] {processor.py:183} INFO - Processing /Users/gaurav/Documents/Breast-Cancer-ML-Pipeline/venv/lib/python3.9/site-packages/airflow/example_dags/example_python_operator.py took 0.106 seconds
[2025-04-21T17:27:18.633-0400] {processor.py:161} INFO - Started process (PID=86918) to work on /Users/gaurav/Documents/Breast-Cancer-ML-Pipeline/venv/lib/python3.9/site-packages/airflow/example_dags/example_python_operator.py
[2025-04-21T17:27:18.634-0400] {processor.py:830} INFO - Processing file /Users/gaurav/Documents/Breast-Cancer-ML-Pipeline/venv/lib/python3.9/site-packages/airflow/example_dags/example_python_operator.py for tasks to queue
[2025-04-21T17:27:18.635-0400] {logging_mixin.py:188} INFO - [2025-04-21T17:27:18.635-0400] {dagbag.py:538} INFO - Filling up the DagBag from /Users/gaurav/Documents/Breast-Cancer-ML-Pipeline/venv/lib/python3.9/site-packages/airflow/example_dags/example_python_operator.py
[2025-04-21T17:27:18.653-0400] {logging_mixin.py:188} INFO - [2025-04-21T17:27:18.653-0400] {example_python_operator.py:88} WARNING - The virtalenv_python example task requires virtualenv, please install it.
[2025-04-21T17:27:18.656-0400] {processor.py:840} INFO - DAG(s) 'example_python_operator' retrieved from /Users/gaurav/Documents/Breast-Cancer-ML-Pipeline/venv/lib/python3.9/site-packages/airflow/example_dags/example_python_operator.py
[2025-04-21T17:27:18.722-0400] {logging_mixin.py:188} INFO - [2025-04-21T17:27:18.722-0400] {dag.py:3036} INFO - Sync 1 DAGs
[2025-04-21T17:27:18.729-0400] {logging_mixin.py:188} INFO - [2025-04-21T17:27:18.729-0400] {dag.py:3823} INFO - Setting next_dagrun for example_python_operator to None, run_after=None
[2025-04-21T17:27:18.741-0400] {processor.py:183} INFO - Processing /Users/gaurav/Documents/Breast-Cancer-ML-Pipeline/venv/lib/python3.9/site-packages/airflow/example_dags/example_python_operator.py took 0.108 seconds
[2025-04-21T17:29:36.065-0400] {processor.py:161} INFO - Started process (PID=87123) to work on /Users/gaurav/Documents/Breast-Cancer-ML-Pipeline/venv/lib/python3.9/site-packages/airflow/example_dags/example_python_operator.py
[2025-04-21T17:29:36.067-0400] {processor.py:830} INFO - Processing file /Users/gaurav/Documents/Breast-Cancer-ML-Pipeline/venv/lib/python3.9/site-packages/airflow/example_dags/example_python_operator.py for tasks to queue
[2025-04-21T17:29:36.067-0400] {logging_mixin.py:188} INFO - [2025-04-21T17:29:36.067-0400] {dagbag.py:538} INFO - Filling up the DagBag from /Users/gaurav/Documents/Breast-Cancer-ML-Pipeline/venv/lib/python3.9/site-packages/airflow/example_dags/example_python_operator.py
[2025-04-21T17:29:36.085-0400] {logging_mixin.py:188} INFO - [2025-04-21T17:29:36.085-0400] {example_python_operator.py:88} WARNING - The virtalenv_python example task requires virtualenv, please install it.
[2025-04-21T17:29:36.088-0400] {processor.py:840} INFO - DAG(s) 'example_python_operator' retrieved from /Users/gaurav/Documents/Breast-Cancer-ML-Pipeline/venv/lib/python3.9/site-packages/airflow/example_dags/example_python_operator.py
[2025-04-21T17:29:36.154-0400] {logging_mixin.py:188} INFO - [2025-04-21T17:29:36.154-0400] {dag.py:3036} INFO - Sync 1 DAGs
[2025-04-21T17:29:36.161-0400] {logging_mixin.py:188} INFO - [2025-04-21T17:29:36.161-0400] {dag.py:3823} INFO - Setting next_dagrun for example_python_operator to None, run_after=None
[2025-04-21T17:29:36.174-0400] {processor.py:183} INFO - Processing /Users/gaurav/Documents/Breast-Cancer-ML-Pipeline/venv/lib/python3.9/site-packages/airflow/example_dags/example_python_operator.py took 0.110 seconds
[2025-04-21T17:30:53.137-0400] {processor.py:161} INFO - Started process (PID=87211) to work on /Users/gaurav/Documents/Breast-Cancer-ML-Pipeline/venv/lib/python3.9/site-packages/airflow/example_dags/example_python_operator.py
[2025-04-21T17:30:53.138-0400] {processor.py:830} INFO - Processing file /Users/gaurav/Documents/Breast-Cancer-ML-Pipeline/venv/lib/python3.9/site-packages/airflow/example_dags/example_python_operator.py for tasks to queue
[2025-04-21T17:30:53.139-0400] {logging_mixin.py:188} INFO - [2025-04-21T17:30:53.139-0400] {dagbag.py:538} INFO - Filling up the DagBag from /Users/gaurav/Documents/Breast-Cancer-ML-Pipeline/venv/lib/python3.9/site-packages/airflow/example_dags/example_python_operator.py
[2025-04-21T17:30:53.158-0400] {logging_mixin.py:188} INFO - [2025-04-21T17:30:53.157-0400] {example_python_operator.py:88} WARNING - The virtalenv_python example task requires virtualenv, please install it.
[2025-04-21T17:30:53.160-0400] {processor.py:840} INFO - DAG(s) 'example_python_operator' retrieved from /Users/gaurav/Documents/Breast-Cancer-ML-Pipeline/venv/lib/python3.9/site-packages/airflow/example_dags/example_python_operator.py
[2025-04-21T17:30:53.228-0400] {logging_mixin.py:188} INFO - [2025-04-21T17:30:53.228-0400] {dag.py:3036} INFO - Sync 1 DAGs
[2025-04-21T17:30:53.237-0400] {logging_mixin.py:188} INFO - [2025-04-21T17:30:53.237-0400] {dag.py:3823} INFO - Setting next_dagrun for example_python_operator to None, run_after=None
[2025-04-21T17:30:53.250-0400] {processor.py:183} INFO - Processing /Users/gaurav/Documents/Breast-Cancer-ML-Pipeline/venv/lib/python3.9/site-packages/airflow/example_dags/example_python_operator.py took 0.114 seconds
[2025-04-21T17:37:13.637-0400] {processor.py:161} INFO - Started process (PID=87643) to work on /Users/gaurav/Documents/Breast-Cancer-ML-Pipeline/venv/lib/python3.9/site-packages/airflow/example_dags/example_python_operator.py
[2025-04-21T17:37:13.638-0400] {processor.py:830} INFO - Processing file /Users/gaurav/Documents/Breast-Cancer-ML-Pipeline/venv/lib/python3.9/site-packages/airflow/example_dags/example_python_operator.py for tasks to queue
[2025-04-21T17:37:13.639-0400] {logging_mixin.py:188} INFO - [2025-04-21T17:37:13.639-0400] {dagbag.py:538} INFO - Filling up the DagBag from /Users/gaurav/Documents/Breast-Cancer-ML-Pipeline/venv/lib/python3.9/site-packages/airflow/example_dags/example_python_operator.py
[2025-04-21T17:37:13.664-0400] {logging_mixin.py:188} INFO - [2025-04-21T17:37:13.664-0400] {example_python_operator.py:88} WARNING - The virtalenv_python example task requires virtualenv, please install it.
[2025-04-21T17:37:13.667-0400] {processor.py:840} INFO - DAG(s) 'example_python_operator' retrieved from /Users/gaurav/Documents/Breast-Cancer-ML-Pipeline/venv/lib/python3.9/site-packages/airflow/example_dags/example_python_operator.py
[2025-04-21T17:37:13.811-0400] {logging_mixin.py:188} INFO - [2025-04-21T17:37:13.811-0400] {dag.py:3036} INFO - Sync 1 DAGs
[2025-04-21T17:37:13.818-0400] {logging_mixin.py:188} INFO - [2025-04-21T17:37:13.817-0400] {dag.py:3823} INFO - Setting next_dagrun for example_python_operator to None, run_after=None
[2025-04-21T17:37:13.830-0400] {processor.py:183} INFO - Processing /Users/gaurav/Documents/Breast-Cancer-ML-Pipeline/venv/lib/python3.9/site-packages/airflow/example_dags/example_python_operator.py took 0.194 seconds
[2025-04-21T17:39:02.785-0400] {processor.py:161} INFO - Started process (PID=87881) to work on /Users/gaurav/Documents/Breast-Cancer-ML-Pipeline/venv/lib/python3.9/site-packages/airflow/example_dags/example_python_operator.py
[2025-04-21T17:39:02.787-0400] {processor.py:830} INFO - Processing file /Users/gaurav/Documents/Breast-Cancer-ML-Pipeline/venv/lib/python3.9/site-packages/airflow/example_dags/example_python_operator.py for tasks to queue
[2025-04-21T17:39:02.788-0400] {logging_mixin.py:188} INFO - [2025-04-21T17:39:02.787-0400] {dagbag.py:538} INFO - Filling up the DagBag from /Users/gaurav/Documents/Breast-Cancer-ML-Pipeline/venv/lib/python3.9/site-packages/airflow/example_dags/example_python_operator.py
[2025-04-21T17:39:02.806-0400] {logging_mixin.py:188} INFO - [2025-04-21T17:39:02.805-0400] {example_python_operator.py:88} WARNING - The virtalenv_python example task requires virtualenv, please install it.
[2025-04-21T17:39:02.808-0400] {processor.py:840} INFO - DAG(s) 'example_python_operator' retrieved from /Users/gaurav/Documents/Breast-Cancer-ML-Pipeline/venv/lib/python3.9/site-packages/airflow/example_dags/example_python_operator.py
[2025-04-21T17:39:02.871-0400] {logging_mixin.py:188} INFO - [2025-04-21T17:39:02.870-0400] {dag.py:3036} INFO - Sync 1 DAGs
[2025-04-21T17:39:02.877-0400] {logging_mixin.py:188} INFO - [2025-04-21T17:39:02.877-0400] {dag.py:3823} INFO - Setting next_dagrun for example_python_operator to None, run_after=None
[2025-04-21T17:39:02.889-0400] {processor.py:183} INFO - Processing /Users/gaurav/Documents/Breast-Cancer-ML-Pipeline/venv/lib/python3.9/site-packages/airflow/example_dags/example_python_operator.py took 0.105 seconds
[2025-04-21T17:41:36.971-0400] {processor.py:161} INFO - Started process (PID=88108) to work on /Users/gaurav/Documents/Breast-Cancer-ML-Pipeline/venv/lib/python3.9/site-packages/airflow/example_dags/example_python_operator.py
[2025-04-21T17:41:36.973-0400] {processor.py:830} INFO - Processing file /Users/gaurav/Documents/Breast-Cancer-ML-Pipeline/venv/lib/python3.9/site-packages/airflow/example_dags/example_python_operator.py for tasks to queue
[2025-04-21T17:41:36.973-0400] {logging_mixin.py:188} INFO - [2025-04-21T17:41:36.973-0400] {dagbag.py:538} INFO - Filling up the DagBag from /Users/gaurav/Documents/Breast-Cancer-ML-Pipeline/venv/lib/python3.9/site-packages/airflow/example_dags/example_python_operator.py
[2025-04-21T17:41:36.991-0400] {logging_mixin.py:188} INFO - [2025-04-21T17:41:36.991-0400] {example_python_operator.py:88} WARNING - The virtalenv_python example task requires virtualenv, please install it.
[2025-04-21T17:41:36.993-0400] {processor.py:840} INFO - DAG(s) 'example_python_operator' retrieved from /Users/gaurav/Documents/Breast-Cancer-ML-Pipeline/venv/lib/python3.9/site-packages/airflow/example_dags/example_python_operator.py
[2025-04-21T17:41:37.057-0400] {logging_mixin.py:188} INFO - [2025-04-21T17:41:37.056-0400] {dag.py:3036} INFO - Sync 1 DAGs
[2025-04-21T17:41:37.063-0400] {logging_mixin.py:188} INFO - [2025-04-21T17:41:37.063-0400] {dag.py:3823} INFO - Setting next_dagrun for example_python_operator to None, run_after=None
[2025-04-21T17:41:37.075-0400] {processor.py:183} INFO - Processing /Users/gaurav/Documents/Breast-Cancer-ML-Pipeline/venv/lib/python3.9/site-packages/airflow/example_dags/example_python_operator.py took 0.105 seconds
[2025-04-21T17:42:50.357-0400] {processor.py:161} INFO - Started process (PID=88194) to work on /Users/gaurav/Documents/Breast-Cancer-ML-Pipeline/venv/lib/python3.9/site-packages/airflow/example_dags/example_python_operator.py
[2025-04-21T17:42:50.359-0400] {processor.py:830} INFO - Processing file /Users/gaurav/Documents/Breast-Cancer-ML-Pipeline/venv/lib/python3.9/site-packages/airflow/example_dags/example_python_operator.py for tasks to queue
[2025-04-21T17:42:50.359-0400] {logging_mixin.py:188} INFO - [2025-04-21T17:42:50.359-0400] {dagbag.py:538} INFO - Filling up the DagBag from /Users/gaurav/Documents/Breast-Cancer-ML-Pipeline/venv/lib/python3.9/site-packages/airflow/example_dags/example_python_operator.py
[2025-04-21T17:42:50.378-0400] {logging_mixin.py:188} INFO - [2025-04-21T17:42:50.378-0400] {example_python_operator.py:88} WARNING - The virtalenv_python example task requires virtualenv, please install it.
[2025-04-21T17:42:50.381-0400] {processor.py:840} INFO - DAG(s) 'example_python_operator' retrieved from /Users/gaurav/Documents/Breast-Cancer-ML-Pipeline/venv/lib/python3.9/site-packages/airflow/example_dags/example_python_operator.py
[2025-04-21T17:42:50.445-0400] {logging_mixin.py:188} INFO - [2025-04-21T17:42:50.444-0400] {dag.py:3036} INFO - Sync 1 DAGs
[2025-04-21T17:42:50.451-0400] {logging_mixin.py:188} INFO - [2025-04-21T17:42:50.451-0400] {dag.py:3823} INFO - Setting next_dagrun for example_python_operator to None, run_after=None
[2025-04-21T17:42:50.464-0400] {processor.py:183} INFO - Processing /Users/gaurav/Documents/Breast-Cancer-ML-Pipeline/venv/lib/python3.9/site-packages/airflow/example_dags/example_python_operator.py took 0.107 seconds
[2025-04-21T17:44:02.282-0400] {processor.py:161} INFO - Started process (PID=88281) to work on /Users/gaurav/Documents/Breast-Cancer-ML-Pipeline/venv/lib/python3.9/site-packages/airflow/example_dags/example_python_operator.py
[2025-04-21T17:44:02.284-0400] {processor.py:830} INFO - Processing file /Users/gaurav/Documents/Breast-Cancer-ML-Pipeline/venv/lib/python3.9/site-packages/airflow/example_dags/example_python_operator.py for tasks to queue
[2025-04-21T17:44:02.285-0400] {logging_mixin.py:188} INFO - [2025-04-21T17:44:02.284-0400] {dagbag.py:538} INFO - Filling up the DagBag from /Users/gaurav/Documents/Breast-Cancer-ML-Pipeline/venv/lib/python3.9/site-packages/airflow/example_dags/example_python_operator.py
[2025-04-21T17:44:02.303-0400] {logging_mixin.py:188} INFO - [2025-04-21T17:44:02.303-0400] {example_python_operator.py:88} WARNING - The virtalenv_python example task requires virtualenv, please install it.
[2025-04-21T17:44:02.305-0400] {processor.py:840} INFO - DAG(s) 'example_python_operator' retrieved from /Users/gaurav/Documents/Breast-Cancer-ML-Pipeline/venv/lib/python3.9/site-packages/airflow/example_dags/example_python_operator.py
[2025-04-21T17:44:02.369-0400] {logging_mixin.py:188} INFO - [2025-04-21T17:44:02.369-0400] {dag.py:3036} INFO - Sync 1 DAGs
[2025-04-21T17:44:02.375-0400] {logging_mixin.py:188} INFO - [2025-04-21T17:44:02.375-0400] {dag.py:3823} INFO - Setting next_dagrun for example_python_operator to None, run_after=None
[2025-04-21T17:44:02.388-0400] {processor.py:183} INFO - Processing /Users/gaurav/Documents/Breast-Cancer-ML-Pipeline/venv/lib/python3.9/site-packages/airflow/example_dags/example_python_operator.py took 0.107 seconds
[2025-04-21T17:45:10.755-0400] {processor.py:161} INFO - Started process (PID=88375) to work on /Users/gaurav/Documents/Breast-Cancer-ML-Pipeline/venv/lib/python3.9/site-packages/airflow/example_dags/example_python_operator.py
[2025-04-21T17:45:10.757-0400] {processor.py:830} INFO - Processing file /Users/gaurav/Documents/Breast-Cancer-ML-Pipeline/venv/lib/python3.9/site-packages/airflow/example_dags/example_python_operator.py for tasks to queue
[2025-04-21T17:45:10.757-0400] {logging_mixin.py:188} INFO - [2025-04-21T17:45:10.757-0400] {dagbag.py:538} INFO - Filling up the DagBag from /Users/gaurav/Documents/Breast-Cancer-ML-Pipeline/venv/lib/python3.9/site-packages/airflow/example_dags/example_python_operator.py
[2025-04-21T17:45:10.771-0400] {logging_mixin.py:188} INFO - [2025-04-21T17:45:10.771-0400] {example_python_operator.py:88} WARNING - The virtalenv_python example task requires virtualenv, please install it.
[2025-04-21T17:45:10.773-0400] {processor.py:840} INFO - DAG(s) 'example_python_operator' retrieved from /Users/gaurav/Documents/Breast-Cancer-ML-Pipeline/venv/lib/python3.9/site-packages/airflow/example_dags/example_python_operator.py
[2025-04-21T17:45:10.824-0400] {logging_mixin.py:188} INFO - [2025-04-21T17:45:10.824-0400] {dag.py:3036} INFO - Sync 1 DAGs
[2025-04-21T17:45:10.829-0400] {logging_mixin.py:188} INFO - [2025-04-21T17:45:10.829-0400] {dag.py:3823} INFO - Setting next_dagrun for example_python_operator to None, run_after=None
[2025-04-21T17:45:10.839-0400] {processor.py:183} INFO - Processing /Users/gaurav/Documents/Breast-Cancer-ML-Pipeline/venv/lib/python3.9/site-packages/airflow/example_dags/example_python_operator.py took 0.084 seconds
[2025-04-21T17:46:04.467-0400] {processor.py:161} INFO - Started process (PID=88505) to work on /Users/gaurav/Documents/Breast-Cancer-ML-Pipeline/venv/lib/python3.9/site-packages/airflow/example_dags/example_python_operator.py
[2025-04-21T17:46:04.468-0400] {processor.py:830} INFO - Processing file /Users/gaurav/Documents/Breast-Cancer-ML-Pipeline/venv/lib/python3.9/site-packages/airflow/example_dags/example_python_operator.py for tasks to queue
[2025-04-21T17:46:04.468-0400] {logging_mixin.py:188} INFO - [2025-04-21T17:46:04.468-0400] {dagbag.py:538} INFO - Filling up the DagBag from /Users/gaurav/Documents/Breast-Cancer-ML-Pipeline/venv/lib/python3.9/site-packages/airflow/example_dags/example_python_operator.py
[2025-04-21T17:46:04.483-0400] {logging_mixin.py:188} INFO - [2025-04-21T17:46:04.483-0400] {example_python_operator.py:88} WARNING - The virtalenv_python example task requires virtualenv, please install it.
[2025-04-21T17:46:04.485-0400] {processor.py:840} INFO - DAG(s) 'example_python_operator' retrieved from /Users/gaurav/Documents/Breast-Cancer-ML-Pipeline/venv/lib/python3.9/site-packages/airflow/example_dags/example_python_operator.py
[2025-04-21T17:46:04.535-0400] {logging_mixin.py:188} INFO - [2025-04-21T17:46:04.535-0400] {dag.py:3036} INFO - Sync 1 DAGs
[2025-04-21T17:46:04.540-0400] {logging_mixin.py:188} INFO - [2025-04-21T17:46:04.540-0400] {dag.py:3823} INFO - Setting next_dagrun for example_python_operator to None, run_after=None
[2025-04-21T17:46:04.549-0400] {processor.py:183} INFO - Processing /Users/gaurav/Documents/Breast-Cancer-ML-Pipeline/venv/lib/python3.9/site-packages/airflow/example_dags/example_python_operator.py took 0.083 seconds
[2025-04-21T17:46:57.741-0400] {processor.py:161} INFO - Started process (PID=88574) to work on /Users/gaurav/Documents/Breast-Cancer-ML-Pipeline/venv/lib/python3.9/site-packages/airflow/example_dags/example_python_operator.py
[2025-04-21T17:46:57.742-0400] {processor.py:830} INFO - Processing file /Users/gaurav/Documents/Breast-Cancer-ML-Pipeline/venv/lib/python3.9/site-packages/airflow/example_dags/example_python_operator.py for tasks to queue
[2025-04-21T17:46:57.742-0400] {logging_mixin.py:188} INFO - [2025-04-21T17:46:57.742-0400] {dagbag.py:538} INFO - Filling up the DagBag from /Users/gaurav/Documents/Breast-Cancer-ML-Pipeline/venv/lib/python3.9/site-packages/airflow/example_dags/example_python_operator.py
[2025-04-21T17:46:57.758-0400] {logging_mixin.py:188} INFO - [2025-04-21T17:46:57.757-0400] {example_python_operator.py:88} WARNING - The virtalenv_python example task requires virtualenv, please install it.
[2025-04-21T17:46:57.759-0400] {processor.py:840} INFO - DAG(s) 'example_python_operator' retrieved from /Users/gaurav/Documents/Breast-Cancer-ML-Pipeline/venv/lib/python3.9/site-packages/airflow/example_dags/example_python_operator.py
[2025-04-21T17:46:57.812-0400] {logging_mixin.py:188} INFO - [2025-04-21T17:46:57.812-0400] {dag.py:3036} INFO - Sync 1 DAGs
[2025-04-21T17:46:57.818-0400] {logging_mixin.py:188} INFO - [2025-04-21T17:46:57.818-0400] {dag.py:3823} INFO - Setting next_dagrun for example_python_operator to None, run_after=None
[2025-04-21T17:46:57.827-0400] {processor.py:183} INFO - Processing /Users/gaurav/Documents/Breast-Cancer-ML-Pipeline/venv/lib/python3.9/site-packages/airflow/example_dags/example_python_operator.py took 0.087 seconds
[2025-04-21T17:47:51.694-0400] {processor.py:161} INFO - Started process (PID=88642) to work on /Users/gaurav/Documents/Breast-Cancer-ML-Pipeline/venv/lib/python3.9/site-packages/airflow/example_dags/example_python_operator.py
[2025-04-21T17:47:51.695-0400] {processor.py:830} INFO - Processing file /Users/gaurav/Documents/Breast-Cancer-ML-Pipeline/venv/lib/python3.9/site-packages/airflow/example_dags/example_python_operator.py for tasks to queue
[2025-04-21T17:47:51.696-0400] {logging_mixin.py:188} INFO - [2025-04-21T17:47:51.696-0400] {dagbag.py:538} INFO - Filling up the DagBag from /Users/gaurav/Documents/Breast-Cancer-ML-Pipeline/venv/lib/python3.9/site-packages/airflow/example_dags/example_python_operator.py
[2025-04-21T17:47:51.711-0400] {logging_mixin.py:188} INFO - [2025-04-21T17:47:51.711-0400] {example_python_operator.py:88} WARNING - The virtalenv_python example task requires virtualenv, please install it.
[2025-04-21T17:47:51.713-0400] {processor.py:840} INFO - DAG(s) 'example_python_operator' retrieved from /Users/gaurav/Documents/Breast-Cancer-ML-Pipeline/venv/lib/python3.9/site-packages/airflow/example_dags/example_python_operator.py
[2025-04-21T17:47:51.763-0400] {logging_mixin.py:188} INFO - [2025-04-21T17:47:51.763-0400] {dag.py:3036} INFO - Sync 1 DAGs
[2025-04-21T17:47:51.768-0400] {logging_mixin.py:188} INFO - [2025-04-21T17:47:51.768-0400] {dag.py:3823} INFO - Setting next_dagrun for example_python_operator to None, run_after=None
[2025-04-21T17:47:51.778-0400] {processor.py:183} INFO - Processing /Users/gaurav/Documents/Breast-Cancer-ML-Pipeline/venv/lib/python3.9/site-packages/airflow/example_dags/example_python_operator.py took 0.084 seconds
[2025-04-21T17:48:52.662-0400] {processor.py:161} INFO - Started process (PID=88733) to work on /Users/gaurav/Documents/Breast-Cancer-ML-Pipeline/venv/lib/python3.9/site-packages/airflow/example_dags/example_python_operator.py
[2025-04-21T17:48:52.663-0400] {processor.py:830} INFO - Processing file /Users/gaurav/Documents/Breast-Cancer-ML-Pipeline/venv/lib/python3.9/site-packages/airflow/example_dags/example_python_operator.py for tasks to queue
[2025-04-21T17:48:52.664-0400] {logging_mixin.py:188} INFO - [2025-04-21T17:48:52.664-0400] {dagbag.py:538} INFO - Filling up the DagBag from /Users/gaurav/Documents/Breast-Cancer-ML-Pipeline/venv/lib/python3.9/site-packages/airflow/example_dags/example_python_operator.py
[2025-04-21T17:48:52.679-0400] {logging_mixin.py:188} INFO - [2025-04-21T17:48:52.679-0400] {example_python_operator.py:88} WARNING - The virtalenv_python example task requires virtualenv, please install it.
[2025-04-21T17:48:52.681-0400] {processor.py:840} INFO - DAG(s) 'example_python_operator' retrieved from /Users/gaurav/Documents/Breast-Cancer-ML-Pipeline/venv/lib/python3.9/site-packages/airflow/example_dags/example_python_operator.py
[2025-04-21T17:48:52.731-0400] {logging_mixin.py:188} INFO - [2025-04-21T17:48:52.731-0400] {dag.py:3036} INFO - Sync 1 DAGs
[2025-04-21T17:48:52.736-0400] {logging_mixin.py:188} INFO - [2025-04-21T17:48:52.736-0400] {dag.py:3823} INFO - Setting next_dagrun for example_python_operator to None, run_after=None
[2025-04-21T17:48:52.747-0400] {processor.py:183} INFO - Processing /Users/gaurav/Documents/Breast-Cancer-ML-Pipeline/venv/lib/python3.9/site-packages/airflow/example_dags/example_python_operator.py took 0.085 seconds
[2025-04-21T17:49:57.922-0400] {processor.py:161} INFO - Started process (PID=88818) to work on /Users/gaurav/Documents/Breast-Cancer-ML-Pipeline/venv/lib/python3.9/site-packages/airflow/example_dags/example_python_operator.py
[2025-04-21T17:49:57.924-0400] {processor.py:830} INFO - Processing file /Users/gaurav/Documents/Breast-Cancer-ML-Pipeline/venv/lib/python3.9/site-packages/airflow/example_dags/example_python_operator.py for tasks to queue
[2025-04-21T17:49:57.924-0400] {logging_mixin.py:188} INFO - [2025-04-21T17:49:57.924-0400] {dagbag.py:538} INFO - Filling up the DagBag from /Users/gaurav/Documents/Breast-Cancer-ML-Pipeline/venv/lib/python3.9/site-packages/airflow/example_dags/example_python_operator.py
[2025-04-21T17:49:57.939-0400] {logging_mixin.py:188} INFO - [2025-04-21T17:49:57.939-0400] {example_python_operator.py:88} WARNING - The virtalenv_python example task requires virtualenv, please install it.
[2025-04-21T17:49:57.941-0400] {processor.py:840} INFO - DAG(s) 'example_python_operator' retrieved from /Users/gaurav/Documents/Breast-Cancer-ML-Pipeline/venv/lib/python3.9/site-packages/airflow/example_dags/example_python_operator.py
[2025-04-21T17:49:57.998-0400] {logging_mixin.py:188} INFO - [2025-04-21T17:49:57.998-0400] {dag.py:3036} INFO - Sync 1 DAGs
[2025-04-21T17:49:58.004-0400] {logging_mixin.py:188} INFO - [2025-04-21T17:49:58.004-0400] {dag.py:3823} INFO - Setting next_dagrun for example_python_operator to None, run_after=None
[2025-04-21T17:49:58.022-0400] {processor.py:183} INFO - Processing /Users/gaurav/Documents/Breast-Cancer-ML-Pipeline/venv/lib/python3.9/site-packages/airflow/example_dags/example_python_operator.py took 0.101 seconds
[2025-04-21T17:50:47.448-0400] {processor.py:161} INFO - Started process (PID=88890) to work on /Users/gaurav/Documents/Breast-Cancer-ML-Pipeline/venv/lib/python3.9/site-packages/airflow/example_dags/example_python_operator.py
[2025-04-21T17:50:47.449-0400] {processor.py:830} INFO - Processing file /Users/gaurav/Documents/Breast-Cancer-ML-Pipeline/venv/lib/python3.9/site-packages/airflow/example_dags/example_python_operator.py for tasks to queue
[2025-04-21T17:50:47.450-0400] {logging_mixin.py:188} INFO - [2025-04-21T17:50:47.450-0400] {dagbag.py:538} INFO - Filling up the DagBag from /Users/gaurav/Documents/Breast-Cancer-ML-Pipeline/venv/lib/python3.9/site-packages/airflow/example_dags/example_python_operator.py
[2025-04-21T17:50:47.465-0400] {logging_mixin.py:188} INFO - [2025-04-21T17:50:47.464-0400] {example_python_operator.py:88} WARNING - The virtalenv_python example task requires virtualenv, please install it.
[2025-04-21T17:50:47.466-0400] {processor.py:840} INFO - DAG(s) 'example_python_operator' retrieved from /Users/gaurav/Documents/Breast-Cancer-ML-Pipeline/venv/lib/python3.9/site-packages/airflow/example_dags/example_python_operator.py
[2025-04-21T17:50:47.516-0400] {logging_mixin.py:188} INFO - [2025-04-21T17:50:47.516-0400] {dag.py:3036} INFO - Sync 1 DAGs
[2025-04-21T17:50:47.521-0400] {logging_mixin.py:188} INFO - [2025-04-21T17:50:47.521-0400] {dag.py:3823} INFO - Setting next_dagrun for example_python_operator to None, run_after=None
[2025-04-21T17:50:47.531-0400] {processor.py:183} INFO - Processing /Users/gaurav/Documents/Breast-Cancer-ML-Pipeline/venv/lib/python3.9/site-packages/airflow/example_dags/example_python_operator.py took 0.084 seconds
[2025-04-21T17:51:39.220-0400] {processor.py:161} INFO - Started process (PID=88963) to work on /Users/gaurav/Documents/Breast-Cancer-ML-Pipeline/venv/lib/python3.9/site-packages/airflow/example_dags/example_python_operator.py
[2025-04-21T17:51:39.222-0400] {processor.py:830} INFO - Processing file /Users/gaurav/Documents/Breast-Cancer-ML-Pipeline/venv/lib/python3.9/site-packages/airflow/example_dags/example_python_operator.py for tasks to queue
[2025-04-21T17:51:39.222-0400] {logging_mixin.py:188} INFO - [2025-04-21T17:51:39.222-0400] {dagbag.py:538} INFO - Filling up the DagBag from /Users/gaurav/Documents/Breast-Cancer-ML-Pipeline/venv/lib/python3.9/site-packages/airflow/example_dags/example_python_operator.py
[2025-04-21T17:51:39.237-0400] {logging_mixin.py:188} INFO - [2025-04-21T17:51:39.237-0400] {example_python_operator.py:88} WARNING - The virtalenv_python example task requires virtualenv, please install it.
[2025-04-21T17:51:39.238-0400] {processor.py:840} INFO - DAG(s) 'example_python_operator' retrieved from /Users/gaurav/Documents/Breast-Cancer-ML-Pipeline/venv/lib/python3.9/site-packages/airflow/example_dags/example_python_operator.py
[2025-04-21T17:51:39.288-0400] {logging_mixin.py:188} INFO - [2025-04-21T17:51:39.288-0400] {dag.py:3036} INFO - Sync 1 DAGs
[2025-04-21T17:51:39.294-0400] {logging_mixin.py:188} INFO - [2025-04-21T17:51:39.294-0400] {dag.py:3823} INFO - Setting next_dagrun for example_python_operator to None, run_after=None
[2025-04-21T17:51:39.305-0400] {processor.py:183} INFO - Processing /Users/gaurav/Documents/Breast-Cancer-ML-Pipeline/venv/lib/python3.9/site-packages/airflow/example_dags/example_python_operator.py took 0.085 seconds
[2025-04-21T17:52:31.163-0400] {processor.py:161} INFO - Started process (PID=89029) to work on /Users/gaurav/Documents/Breast-Cancer-ML-Pipeline/venv/lib/python3.9/site-packages/airflow/example_dags/example_python_operator.py
[2025-04-21T17:52:31.164-0400] {processor.py:830} INFO - Processing file /Users/gaurav/Documents/Breast-Cancer-ML-Pipeline/venv/lib/python3.9/site-packages/airflow/example_dags/example_python_operator.py for tasks to queue
[2025-04-21T17:52:31.164-0400] {logging_mixin.py:188} INFO - [2025-04-21T17:52:31.164-0400] {dagbag.py:538} INFO - Filling up the DagBag from /Users/gaurav/Documents/Breast-Cancer-ML-Pipeline/venv/lib/python3.9/site-packages/airflow/example_dags/example_python_operator.py
[2025-04-21T17:52:31.180-0400] {logging_mixin.py:188} INFO - [2025-04-21T17:52:31.179-0400] {example_python_operator.py:88} WARNING - The virtalenv_python example task requires virtualenv, please install it.
[2025-04-21T17:52:31.182-0400] {processor.py:840} INFO - DAG(s) 'example_python_operator' retrieved from /Users/gaurav/Documents/Breast-Cancer-ML-Pipeline/venv/lib/python3.9/site-packages/airflow/example_dags/example_python_operator.py
[2025-04-21T17:52:31.240-0400] {logging_mixin.py:188} INFO - [2025-04-21T17:52:31.240-0400] {dag.py:3036} INFO - Sync 1 DAGs
[2025-04-21T17:52:31.247-0400] {logging_mixin.py:188} INFO - [2025-04-21T17:52:31.247-0400] {dag.py:3823} INFO - Setting next_dagrun for example_python_operator to None, run_after=None
[2025-04-21T17:52:31.257-0400] {processor.py:183} INFO - Processing /Users/gaurav/Documents/Breast-Cancer-ML-Pipeline/venv/lib/python3.9/site-packages/airflow/example_dags/example_python_operator.py took 0.094 seconds
[2025-04-21T17:53:23.427-0400] {processor.py:161} INFO - Started process (PID=89102) to work on /Users/gaurav/Documents/Breast-Cancer-ML-Pipeline/venv/lib/python3.9/site-packages/airflow/example_dags/example_python_operator.py
[2025-04-21T17:53:23.430-0400] {processor.py:830} INFO - Processing file /Users/gaurav/Documents/Breast-Cancer-ML-Pipeline/venv/lib/python3.9/site-packages/airflow/example_dags/example_python_operator.py for tasks to queue
[2025-04-21T17:53:23.431-0400] {logging_mixin.py:188} INFO - [2025-04-21T17:53:23.431-0400] {dagbag.py:538} INFO - Filling up the DagBag from /Users/gaurav/Documents/Breast-Cancer-ML-Pipeline/venv/lib/python3.9/site-packages/airflow/example_dags/example_python_operator.py
[2025-04-21T17:53:23.446-0400] {logging_mixin.py:188} INFO - [2025-04-21T17:53:23.445-0400] {example_python_operator.py:88} WARNING - The virtalenv_python example task requires virtualenv, please install it.
[2025-04-21T17:53:23.447-0400] {processor.py:840} INFO - DAG(s) 'example_python_operator' retrieved from /Users/gaurav/Documents/Breast-Cancer-ML-Pipeline/venv/lib/python3.9/site-packages/airflow/example_dags/example_python_operator.py
[2025-04-21T17:53:23.497-0400] {logging_mixin.py:188} INFO - [2025-04-21T17:53:23.497-0400] {dag.py:3036} INFO - Sync 1 DAGs
[2025-04-21T17:53:23.502-0400] {logging_mixin.py:188} INFO - [2025-04-21T17:53:23.502-0400] {dag.py:3823} INFO - Setting next_dagrun for example_python_operator to None, run_after=None
[2025-04-21T17:53:23.513-0400] {processor.py:183} INFO - Processing /Users/gaurav/Documents/Breast-Cancer-ML-Pipeline/venv/lib/python3.9/site-packages/airflow/example_dags/example_python_operator.py took 0.086 seconds
[2025-04-21T17:54:14.872-0400] {processor.py:161} INFO - Started process (PID=89173) to work on /Users/gaurav/Documents/Breast-Cancer-ML-Pipeline/venv/lib/python3.9/site-packages/airflow/example_dags/example_python_operator.py
[2025-04-21T17:54:14.874-0400] {processor.py:830} INFO - Processing file /Users/gaurav/Documents/Breast-Cancer-ML-Pipeline/venv/lib/python3.9/site-packages/airflow/example_dags/example_python_operator.py for tasks to queue
[2025-04-21T17:54:14.874-0400] {logging_mixin.py:188} INFO - [2025-04-21T17:54:14.874-0400] {dagbag.py:538} INFO - Filling up the DagBag from /Users/gaurav/Documents/Breast-Cancer-ML-Pipeline/venv/lib/python3.9/site-packages/airflow/example_dags/example_python_operator.py
[2025-04-21T17:54:14.890-0400] {logging_mixin.py:188} INFO - [2025-04-21T17:54:14.890-0400] {example_python_operator.py:88} WARNING - The virtalenv_python example task requires virtualenv, please install it.
[2025-04-21T17:54:14.892-0400] {processor.py:840} INFO - DAG(s) 'example_python_operator' retrieved from /Users/gaurav/Documents/Breast-Cancer-ML-Pipeline/venv/lib/python3.9/site-packages/airflow/example_dags/example_python_operator.py
[2025-04-21T17:54:14.941-0400] {logging_mixin.py:188} INFO - [2025-04-21T17:54:14.940-0400] {dag.py:3036} INFO - Sync 1 DAGs
[2025-04-21T17:54:14.945-0400] {logging_mixin.py:188} INFO - [2025-04-21T17:54:14.945-0400] {dag.py:3823} INFO - Setting next_dagrun for example_python_operator to None, run_after=None
[2025-04-21T17:54:14.956-0400] {processor.py:183} INFO - Processing /Users/gaurav/Documents/Breast-Cancer-ML-Pipeline/venv/lib/python3.9/site-packages/airflow/example_dags/example_python_operator.py took 0.084 seconds
[2025-04-21T17:55:09.450-0400] {processor.py:161} INFO - Started process (PID=89310) to work on /Users/gaurav/Documents/Breast-Cancer-ML-Pipeline/venv/lib/python3.9/site-packages/airflow/example_dags/example_python_operator.py
[2025-04-21T17:55:09.451-0400] {processor.py:830} INFO - Processing file /Users/gaurav/Documents/Breast-Cancer-ML-Pipeline/venv/lib/python3.9/site-packages/airflow/example_dags/example_python_operator.py for tasks to queue
[2025-04-21T17:55:09.451-0400] {logging_mixin.py:188} INFO - [2025-04-21T17:55:09.451-0400] {dagbag.py:538} INFO - Filling up the DagBag from /Users/gaurav/Documents/Breast-Cancer-ML-Pipeline/venv/lib/python3.9/site-packages/airflow/example_dags/example_python_operator.py
[2025-04-21T17:55:09.467-0400] {logging_mixin.py:188} INFO - [2025-04-21T17:55:09.467-0400] {example_python_operator.py:88} WARNING - The virtalenv_python example task requires virtualenv, please install it.
[2025-04-21T17:55:09.469-0400] {processor.py:840} INFO - DAG(s) 'example_python_operator' retrieved from /Users/gaurav/Documents/Breast-Cancer-ML-Pipeline/venv/lib/python3.9/site-packages/airflow/example_dags/example_python_operator.py
[2025-04-21T17:55:09.523-0400] {logging_mixin.py:188} INFO - [2025-04-21T17:55:09.523-0400] {dag.py:3036} INFO - Sync 1 DAGs
[2025-04-21T17:55:09.530-0400] {logging_mixin.py:188} INFO - [2025-04-21T17:55:09.529-0400] {dag.py:3823} INFO - Setting next_dagrun for example_python_operator to None, run_after=None
[2025-04-21T17:55:09.541-0400] {processor.py:183} INFO - Processing /Users/gaurav/Documents/Breast-Cancer-ML-Pipeline/venv/lib/python3.9/site-packages/airflow/example_dags/example_python_operator.py took 0.092 seconds
