[2025-04-21T16:40:02.023-0400] {processor.py:161} INFO - Started process (PID=83601) to work on /Users/gaurav/Documents/Breast-Cancer-ML-Pipeline/venv/lib/python3.9/site-packages/airflow/example_dags/example_branch_day_of_week_operator.py
[2025-04-21T16:40:02.024-0400] {processor.py:830} INFO - Processing file /Users/gaurav/Documents/Breast-Cancer-ML-Pipeline/venv/lib/python3.9/site-packages/airflow/example_dags/example_branch_day_of_week_operator.py for tasks to queue
[2025-04-21T16:40:02.024-0400] {logging_mixin.py:188} INFO - [2025-04-21T16:40:02.024-0400] {dagbag.py:538} INFO - Filling up the DagBag from /Users/gaurav/Documents/Breast-Cancer-ML-Pipeline/venv/lib/python3.9/site-packages/airflow/example_dags/example_branch_day_of_week_operator.py
[2025-04-21T16:40:02.034-0400] {processor.py:840} INFO - DAG(s) 'example_weekday_branch_operator' retrieved from /Users/gaurav/Documents/Breast-Cancer-ML-Pipeline/venv/lib/python3.9/site-packages/airflow/example_dags/example_branch_day_of_week_operator.py
[2025-04-21T16:40:02.159-0400] {logging_mixin.py:188} INFO - [2025-04-21T16:40:02.159-0400] {override.py:1769} INFO - Created Permission View: can read on DAG:example_weekday_branch_operator
[2025-04-21T16:40:02.165-0400] {logging_mixin.py:188} INFO - [2025-04-21T16:40:02.164-0400] {override.py:1769} INFO - Created Permission View: can delete on DAG:example_weekday_branch_operator
[2025-04-21T16:40:02.168-0400] {logging_mixin.py:188} INFO - [2025-04-21T16:40:02.168-0400] {override.py:1769} INFO - Created Permission View: can edit on DAG:example_weekday_branch_operator
[2025-04-21T16:40:02.168-0400] {logging_mixin.py:188} INFO - [2025-04-21T16:40:02.168-0400] {dag.py:3036} INFO - Sync 1 DAGs
[2025-04-21T16:40:02.175-0400] {logging_mixin.py:188} INFO - [2025-04-21T16:40:02.175-0400] {dag.py:3058} INFO - Creating ORM DAG for example_weekday_branch_operator
[2025-04-21T16:40:02.182-0400] {logging_mixin.py:188} INFO - [2025-04-21T16:40:02.182-0400] {dag.py:3823} INFO - Setting next_dagrun for example_weekday_branch_operator to 2025-04-20 00:00:00+00:00, run_after=2025-04-21 00:00:00+00:00
[2025-04-21T16:40:02.193-0400] {processor.py:183} INFO - Processing /Users/gaurav/Documents/Breast-Cancer-ML-Pipeline/venv/lib/python3.9/site-packages/airflow/example_dags/example_branch_day_of_week_operator.py took 0.171 seconds
[2025-04-21T16:42:40.927-0400] {processor.py:161} INFO - Started process (PID=83730) to work on /Users/gaurav/Documents/Breast-Cancer-ML-Pipeline/venv/lib/python3.9/site-packages/airflow/example_dags/example_branch_day_of_week_operator.py
[2025-04-21T16:42:40.929-0400] {processor.py:830} INFO - Processing file /Users/gaurav/Documents/Breast-Cancer-ML-Pipeline/venv/lib/python3.9/site-packages/airflow/example_dags/example_branch_day_of_week_operator.py for tasks to queue
[2025-04-21T16:42:40.929-0400] {logging_mixin.py:188} INFO - [2025-04-21T16:42:40.929-0400] {dagbag.py:538} INFO - Filling up the DagBag from /Users/gaurav/Documents/Breast-Cancer-ML-Pipeline/venv/lib/python3.9/site-packages/airflow/example_dags/example_branch_day_of_week_operator.py
[2025-04-21T16:42:40.938-0400] {processor.py:840} INFO - DAG(s) 'example_weekday_branch_operator' retrieved from /Users/gaurav/Documents/Breast-Cancer-ML-Pipeline/venv/lib/python3.9/site-packages/airflow/example_dags/example_branch_day_of_week_operator.py
[2025-04-21T16:42:41.006-0400] {logging_mixin.py:188} INFO - [2025-04-21T16:42:41.005-0400] {dag.py:3036} INFO - Sync 1 DAGs
[2025-04-21T16:42:41.018-0400] {logging_mixin.py:188} INFO - [2025-04-21T16:42:41.018-0400] {dag.py:3823} INFO - Setting next_dagrun for example_weekday_branch_operator to 2025-04-20 00:00:00+00:00, run_after=2025-04-21 00:00:00+00:00
[2025-04-21T16:42:41.029-0400] {processor.py:183} INFO - Processing /Users/gaurav/Documents/Breast-Cancer-ML-Pipeline/venv/lib/python3.9/site-packages/airflow/example_dags/example_branch_day_of_week_operator.py took 0.103 seconds
[2025-04-21T16:46:20.135-0400] {processor.py:161} INFO - Started process (PID=83971) to work on /Users/gaurav/Documents/Breast-Cancer-ML-Pipeline/venv/lib/python3.9/site-packages/airflow/example_dags/example_branch_day_of_week_operator.py
[2025-04-21T16:46:20.136-0400] {processor.py:830} INFO - Processing file /Users/gaurav/Documents/Breast-Cancer-ML-Pipeline/venv/lib/python3.9/site-packages/airflow/example_dags/example_branch_day_of_week_operator.py for tasks to queue
[2025-04-21T16:46:20.137-0400] {logging_mixin.py:188} INFO - [2025-04-21T16:46:20.137-0400] {dagbag.py:538} INFO - Filling up the DagBag from /Users/gaurav/Documents/Breast-Cancer-ML-Pipeline/venv/lib/python3.9/site-packages/airflow/example_dags/example_branch_day_of_week_operator.py
[2025-04-21T16:46:20.144-0400] {processor.py:840} INFO - DAG(s) 'example_weekday_branch_operator' retrieved from /Users/gaurav/Documents/Breast-Cancer-ML-Pipeline/venv/lib/python3.9/site-packages/airflow/example_dags/example_branch_day_of_week_operator.py
[2025-04-21T16:46:20.215-0400] {logging_mixin.py:188} INFO - [2025-04-21T16:46:20.215-0400] {dag.py:3036} INFO - Sync 1 DAGs
[2025-04-21T16:46:20.229-0400] {logging_mixin.py:188} INFO - [2025-04-21T16:46:20.229-0400] {dag.py:3823} INFO - Setting next_dagrun for example_weekday_branch_operator to 2025-04-20 00:00:00+00:00, run_after=2025-04-21 00:00:00+00:00
[2025-04-21T16:46:20.242-0400] {processor.py:183} INFO - Processing /Users/gaurav/Documents/Breast-Cancer-ML-Pipeline/venv/lib/python3.9/site-packages/airflow/example_dags/example_branch_day_of_week_operator.py took 0.108 seconds
[2025-04-21T16:48:01.591-0400] {processor.py:161} INFO - Started process (PID=84083) to work on /Users/gaurav/Documents/Breast-Cancer-ML-Pipeline/venv/lib/python3.9/site-packages/airflow/example_dags/example_branch_day_of_week_operator.py
[2025-04-21T16:48:01.593-0400] {processor.py:830} INFO - Processing file /Users/gaurav/Documents/Breast-Cancer-ML-Pipeline/venv/lib/python3.9/site-packages/airflow/example_dags/example_branch_day_of_week_operator.py for tasks to queue
[2025-04-21T16:48:01.593-0400] {logging_mixin.py:188} INFO - [2025-04-21T16:48:01.593-0400] {dagbag.py:538} INFO - Filling up the DagBag from /Users/gaurav/Documents/Breast-Cancer-ML-Pipeline/venv/lib/python3.9/site-packages/airflow/example_dags/example_branch_day_of_week_operator.py
[2025-04-21T16:48:01.601-0400] {processor.py:840} INFO - DAG(s) 'example_weekday_branch_operator' retrieved from /Users/gaurav/Documents/Breast-Cancer-ML-Pipeline/venv/lib/python3.9/site-packages/airflow/example_dags/example_branch_day_of_week_operator.py
[2025-04-21T16:48:01.669-0400] {logging_mixin.py:188} INFO - [2025-04-21T16:48:01.669-0400] {dag.py:3036} INFO - Sync 1 DAGs
[2025-04-21T16:48:01.682-0400] {logging_mixin.py:188} INFO - [2025-04-21T16:48:01.682-0400] {dag.py:3823} INFO - Setting next_dagrun for example_weekday_branch_operator to 2025-04-20 00:00:00+00:00, run_after=2025-04-21 00:00:00+00:00
[2025-04-21T16:48:01.694-0400] {processor.py:183} INFO - Processing /Users/gaurav/Documents/Breast-Cancer-ML-Pipeline/venv/lib/python3.9/site-packages/airflow/example_dags/example_branch_day_of_week_operator.py took 0.104 seconds
[2025-04-21T16:49:12.972-0400] {processor.py:161} INFO - Started process (PID=84161) to work on /Users/gaurav/Documents/Breast-Cancer-ML-Pipeline/venv/lib/python3.9/site-packages/airflow/example_dags/example_branch_day_of_week_operator.py
[2025-04-21T16:49:12.973-0400] {processor.py:830} INFO - Processing file /Users/gaurav/Documents/Breast-Cancer-ML-Pipeline/venv/lib/python3.9/site-packages/airflow/example_dags/example_branch_day_of_week_operator.py for tasks to queue
[2025-04-21T16:49:12.974-0400] {logging_mixin.py:188} INFO - [2025-04-21T16:49:12.974-0400] {dagbag.py:538} INFO - Filling up the DagBag from /Users/gaurav/Documents/Breast-Cancer-ML-Pipeline/venv/lib/python3.9/site-packages/airflow/example_dags/example_branch_day_of_week_operator.py
[2025-04-21T16:49:12.981-0400] {processor.py:840} INFO - DAG(s) 'example_weekday_branch_operator' retrieved from /Users/gaurav/Documents/Breast-Cancer-ML-Pipeline/venv/lib/python3.9/site-packages/airflow/example_dags/example_branch_day_of_week_operator.py
[2025-04-21T16:49:13.048-0400] {logging_mixin.py:188} INFO - [2025-04-21T16:49:13.047-0400] {dag.py:3036} INFO - Sync 1 DAGs
[2025-04-21T16:49:13.060-0400] {logging_mixin.py:188} INFO - [2025-04-21T16:49:13.060-0400] {dag.py:3823} INFO - Setting next_dagrun for example_weekday_branch_operator to 2025-04-20 00:00:00+00:00, run_after=2025-04-21 00:00:00+00:00
[2025-04-21T16:49:13.072-0400] {processor.py:183} INFO - Processing /Users/gaurav/Documents/Breast-Cancer-ML-Pipeline/venv/lib/python3.9/site-packages/airflow/example_dags/example_branch_day_of_week_operator.py took 0.101 seconds
[2025-04-21T16:50:25.454-0400] {processor.py:161} INFO - Started process (PID=84249) to work on /Users/gaurav/Documents/Breast-Cancer-ML-Pipeline/venv/lib/python3.9/site-packages/airflow/example_dags/example_branch_day_of_week_operator.py
[2025-04-21T16:50:25.456-0400] {processor.py:830} INFO - Processing file /Users/gaurav/Documents/Breast-Cancer-ML-Pipeline/venv/lib/python3.9/site-packages/airflow/example_dags/example_branch_day_of_week_operator.py for tasks to queue
[2025-04-21T16:50:25.456-0400] {logging_mixin.py:188} INFO - [2025-04-21T16:50:25.456-0400] {dagbag.py:538} INFO - Filling up the DagBag from /Users/gaurav/Documents/Breast-Cancer-ML-Pipeline/venv/lib/python3.9/site-packages/airflow/example_dags/example_branch_day_of_week_operator.py
[2025-04-21T16:50:25.464-0400] {processor.py:840} INFO - DAG(s) 'example_weekday_branch_operator' retrieved from /Users/gaurav/Documents/Breast-Cancer-ML-Pipeline/venv/lib/python3.9/site-packages/airflow/example_dags/example_branch_day_of_week_operator.py
[2025-04-21T16:50:25.533-0400] {logging_mixin.py:188} INFO - [2025-04-21T16:50:25.533-0400] {dag.py:3036} INFO - Sync 1 DAGs
[2025-04-21T16:50:25.547-0400] {logging_mixin.py:188} INFO - [2025-04-21T16:50:25.547-0400] {dag.py:3823} INFO - Setting next_dagrun for example_weekday_branch_operator to 2025-04-20 00:00:00+00:00, run_after=2025-04-21 00:00:00+00:00
[2025-04-21T16:50:25.560-0400] {processor.py:183} INFO - Processing /Users/gaurav/Documents/Breast-Cancer-ML-Pipeline/venv/lib/python3.9/site-packages/airflow/example_dags/example_branch_day_of_week_operator.py took 0.107 seconds
[2025-04-21T16:51:47.526-0400] {processor.py:161} INFO - Started process (PID=84339) to work on /Users/gaurav/Documents/Breast-Cancer-ML-Pipeline/venv/lib/python3.9/site-packages/airflow/example_dags/example_branch_day_of_week_operator.py
[2025-04-21T16:51:47.527-0400] {processor.py:830} INFO - Processing file /Users/gaurav/Documents/Breast-Cancer-ML-Pipeline/venv/lib/python3.9/site-packages/airflow/example_dags/example_branch_day_of_week_operator.py for tasks to queue
[2025-04-21T16:51:47.528-0400] {logging_mixin.py:188} INFO - [2025-04-21T16:51:47.528-0400] {dagbag.py:538} INFO - Filling up the DagBag from /Users/gaurav/Documents/Breast-Cancer-ML-Pipeline/venv/lib/python3.9/site-packages/airflow/example_dags/example_branch_day_of_week_operator.py
[2025-04-21T16:51:47.536-0400] {processor.py:840} INFO - DAG(s) 'example_weekday_branch_operator' retrieved from /Users/gaurav/Documents/Breast-Cancer-ML-Pipeline/venv/lib/python3.9/site-packages/airflow/example_dags/example_branch_day_of_week_operator.py
[2025-04-21T16:51:47.607-0400] {logging_mixin.py:188} INFO - [2025-04-21T16:51:47.606-0400] {dag.py:3036} INFO - Sync 1 DAGs
[2025-04-21T16:51:47.620-0400] {logging_mixin.py:188} INFO - [2025-04-21T16:51:47.620-0400] {dag.py:3823} INFO - Setting next_dagrun for example_weekday_branch_operator to 2025-04-20 00:00:00+00:00, run_after=2025-04-21 00:00:00+00:00
[2025-04-21T16:51:47.634-0400] {processor.py:183} INFO - Processing /Users/gaurav/Documents/Breast-Cancer-ML-Pipeline/venv/lib/python3.9/site-packages/airflow/example_dags/example_branch_day_of_week_operator.py took 0.110 seconds
[2025-04-21T16:53:09.352-0400] {processor.py:161} INFO - Started process (PID=84439) to work on /Users/gaurav/Documents/Breast-Cancer-ML-Pipeline/venv/lib/python3.9/site-packages/airflow/example_dags/example_branch_day_of_week_operator.py
[2025-04-21T16:53:09.354-0400] {processor.py:830} INFO - Processing file /Users/gaurav/Documents/Breast-Cancer-ML-Pipeline/venv/lib/python3.9/site-packages/airflow/example_dags/example_branch_day_of_week_operator.py for tasks to queue
[2025-04-21T16:53:09.354-0400] {logging_mixin.py:188} INFO - [2025-04-21T16:53:09.354-0400] {dagbag.py:538} INFO - Filling up the DagBag from /Users/gaurav/Documents/Breast-Cancer-ML-Pipeline/venv/lib/python3.9/site-packages/airflow/example_dags/example_branch_day_of_week_operator.py
[2025-04-21T16:53:09.362-0400] {processor.py:840} INFO - DAG(s) 'example_weekday_branch_operator' retrieved from /Users/gaurav/Documents/Breast-Cancer-ML-Pipeline/venv/lib/python3.9/site-packages/airflow/example_dags/example_branch_day_of_week_operator.py
[2025-04-21T16:53:09.428-0400] {logging_mixin.py:188} INFO - [2025-04-21T16:53:09.428-0400] {dag.py:3036} INFO - Sync 1 DAGs
[2025-04-21T16:53:09.442-0400] {logging_mixin.py:188} INFO - [2025-04-21T16:53:09.442-0400] {dag.py:3823} INFO - Setting next_dagrun for example_weekday_branch_operator to 2025-04-20 00:00:00+00:00, run_after=2025-04-21 00:00:00+00:00
[2025-04-21T16:53:09.460-0400] {processor.py:183} INFO - Processing /Users/gaurav/Documents/Breast-Cancer-ML-Pipeline/venv/lib/python3.9/site-packages/airflow/example_dags/example_branch_day_of_week_operator.py took 0.109 seconds
[2025-04-21T16:54:27.400-0400] {processor.py:161} INFO - Started process (PID=84542) to work on /Users/gaurav/Documents/Breast-Cancer-ML-Pipeline/venv/lib/python3.9/site-packages/airflow/example_dags/example_branch_day_of_week_operator.py
[2025-04-21T16:54:27.401-0400] {processor.py:830} INFO - Processing file /Users/gaurav/Documents/Breast-Cancer-ML-Pipeline/venv/lib/python3.9/site-packages/airflow/example_dags/example_branch_day_of_week_operator.py for tasks to queue
[2025-04-21T16:54:27.402-0400] {logging_mixin.py:188} INFO - [2025-04-21T16:54:27.402-0400] {dagbag.py:538} INFO - Filling up the DagBag from /Users/gaurav/Documents/Breast-Cancer-ML-Pipeline/venv/lib/python3.9/site-packages/airflow/example_dags/example_branch_day_of_week_operator.py
[2025-04-21T16:54:27.410-0400] {processor.py:840} INFO - DAG(s) 'example_weekday_branch_operator' retrieved from /Users/gaurav/Documents/Breast-Cancer-ML-Pipeline/venv/lib/python3.9/site-packages/airflow/example_dags/example_branch_day_of_week_operator.py
[2025-04-21T16:54:27.498-0400] {logging_mixin.py:188} INFO - [2025-04-21T16:54:27.497-0400] {dag.py:3036} INFO - Sync 1 DAGs
[2025-04-21T16:54:27.511-0400] {logging_mixin.py:188} INFO - [2025-04-21T16:54:27.511-0400] {dag.py:3823} INFO - Setting next_dagrun for example_weekday_branch_operator to 2025-04-20 00:00:00+00:00, run_after=2025-04-21 00:00:00+00:00
[2025-04-21T16:54:27.523-0400] {processor.py:183} INFO - Processing /Users/gaurav/Documents/Breast-Cancer-ML-Pipeline/venv/lib/python3.9/site-packages/airflow/example_dags/example_branch_day_of_week_operator.py took 0.125 seconds
[2025-04-21T16:57:02.955-0400] {processor.py:161} INFO - Started process (PID=84740) to work on /Users/gaurav/Documents/Breast-Cancer-ML-Pipeline/venv/lib/python3.9/site-packages/airflow/example_dags/example_branch_day_of_week_operator.py
[2025-04-21T16:57:02.956-0400] {processor.py:830} INFO - Processing file /Users/gaurav/Documents/Breast-Cancer-ML-Pipeline/venv/lib/python3.9/site-packages/airflow/example_dags/example_branch_day_of_week_operator.py for tasks to queue
[2025-04-21T16:57:02.957-0400] {logging_mixin.py:188} INFO - [2025-04-21T16:57:02.957-0400] {dagbag.py:538} INFO - Filling up the DagBag from /Users/gaurav/Documents/Breast-Cancer-ML-Pipeline/venv/lib/python3.9/site-packages/airflow/example_dags/example_branch_day_of_week_operator.py
[2025-04-21T16:57:02.965-0400] {processor.py:840} INFO - DAG(s) 'example_weekday_branch_operator' retrieved from /Users/gaurav/Documents/Breast-Cancer-ML-Pipeline/venv/lib/python3.9/site-packages/airflow/example_dags/example_branch_day_of_week_operator.py
[2025-04-21T16:57:03.084-0400] {logging_mixin.py:188} INFO - [2025-04-21T16:57:03.084-0400] {dag.py:3036} INFO - Sync 1 DAGs
[2025-04-21T16:57:03.097-0400] {logging_mixin.py:188} INFO - [2025-04-21T16:57:03.096-0400] {dag.py:3823} INFO - Setting next_dagrun for example_weekday_branch_operator to 2025-04-20 00:00:00+00:00, run_after=2025-04-21 00:00:00+00:00
[2025-04-21T16:57:03.111-0400] {processor.py:183} INFO - Processing /Users/gaurav/Documents/Breast-Cancer-ML-Pipeline/venv/lib/python3.9/site-packages/airflow/example_dags/example_branch_day_of_week_operator.py took 0.158 seconds
[2025-04-21T16:58:25.845-0400] {processor.py:161} INFO - Started process (PID=84846) to work on /Users/gaurav/Documents/Breast-Cancer-ML-Pipeline/venv/lib/python3.9/site-packages/airflow/example_dags/example_branch_day_of_week_operator.py
[2025-04-21T16:58:25.847-0400] {processor.py:830} INFO - Processing file /Users/gaurav/Documents/Breast-Cancer-ML-Pipeline/venv/lib/python3.9/site-packages/airflow/example_dags/example_branch_day_of_week_operator.py for tasks to queue
[2025-04-21T16:58:25.848-0400] {logging_mixin.py:188} INFO - [2025-04-21T16:58:25.848-0400] {dagbag.py:538} INFO - Filling up the DagBag from /Users/gaurav/Documents/Breast-Cancer-ML-Pipeline/venv/lib/python3.9/site-packages/airflow/example_dags/example_branch_day_of_week_operator.py
[2025-04-21T16:58:25.855-0400] {processor.py:840} INFO - DAG(s) 'example_weekday_branch_operator' retrieved from /Users/gaurav/Documents/Breast-Cancer-ML-Pipeline/venv/lib/python3.9/site-packages/airflow/example_dags/example_branch_day_of_week_operator.py
[2025-04-21T16:58:25.927-0400] {logging_mixin.py:188} INFO - [2025-04-21T16:58:25.927-0400] {dag.py:3036} INFO - Sync 1 DAGs
[2025-04-21T16:58:25.940-0400] {logging_mixin.py:188} INFO - [2025-04-21T16:58:25.940-0400] {dag.py:3823} INFO - Setting next_dagrun for example_weekday_branch_operator to 2025-04-20 00:00:00+00:00, run_after=2025-04-21 00:00:00+00:00
[2025-04-21T16:58:25.954-0400] {processor.py:183} INFO - Processing /Users/gaurav/Documents/Breast-Cancer-ML-Pipeline/venv/lib/python3.9/site-packages/airflow/example_dags/example_branch_day_of_week_operator.py took 0.109 seconds
[2025-04-21T16:59:45.740-0400] {processor.py:161} INFO - Started process (PID=84931) to work on /Users/gaurav/Documents/Breast-Cancer-ML-Pipeline/venv/lib/python3.9/site-packages/airflow/example_dags/example_branch_day_of_week_operator.py
[2025-04-21T16:59:45.741-0400] {processor.py:830} INFO - Processing file /Users/gaurav/Documents/Breast-Cancer-ML-Pipeline/venv/lib/python3.9/site-packages/airflow/example_dags/example_branch_day_of_week_operator.py for tasks to queue
[2025-04-21T16:59:45.742-0400] {logging_mixin.py:188} INFO - [2025-04-21T16:59:45.742-0400] {dagbag.py:538} INFO - Filling up the DagBag from /Users/gaurav/Documents/Breast-Cancer-ML-Pipeline/venv/lib/python3.9/site-packages/airflow/example_dags/example_branch_day_of_week_operator.py
[2025-04-21T16:59:45.750-0400] {processor.py:840} INFO - DAG(s) 'example_weekday_branch_operator' retrieved from /Users/gaurav/Documents/Breast-Cancer-ML-Pipeline/venv/lib/python3.9/site-packages/airflow/example_dags/example_branch_day_of_week_operator.py
[2025-04-21T16:59:45.816-0400] {logging_mixin.py:188} INFO - [2025-04-21T16:59:45.815-0400] {dag.py:3036} INFO - Sync 1 DAGs
[2025-04-21T16:59:45.828-0400] {logging_mixin.py:188} INFO - [2025-04-21T16:59:45.828-0400] {dag.py:3823} INFO - Setting next_dagrun for example_weekday_branch_operator to 2025-04-20 00:00:00+00:00, run_after=2025-04-21 00:00:00+00:00
[2025-04-21T16:59:45.840-0400] {processor.py:183} INFO - Processing /Users/gaurav/Documents/Breast-Cancer-ML-Pipeline/venv/lib/python3.9/site-packages/airflow/example_dags/example_branch_day_of_week_operator.py took 0.101 seconds
[2025-04-21T17:00:57.888-0400] {processor.py:161} INFO - Started process (PID=85019) to work on /Users/gaurav/Documents/Breast-Cancer-ML-Pipeline/venv/lib/python3.9/site-packages/airflow/example_dags/example_branch_day_of_week_operator.py
[2025-04-21T17:00:57.889-0400] {processor.py:830} INFO - Processing file /Users/gaurav/Documents/Breast-Cancer-ML-Pipeline/venv/lib/python3.9/site-packages/airflow/example_dags/example_branch_day_of_week_operator.py for tasks to queue
[2025-04-21T17:00:57.889-0400] {logging_mixin.py:188} INFO - [2025-04-21T17:00:57.889-0400] {dagbag.py:538} INFO - Filling up the DagBag from /Users/gaurav/Documents/Breast-Cancer-ML-Pipeline/venv/lib/python3.9/site-packages/airflow/example_dags/example_branch_day_of_week_operator.py
[2025-04-21T17:00:57.897-0400] {processor.py:840} INFO - DAG(s) 'example_weekday_branch_operator' retrieved from /Users/gaurav/Documents/Breast-Cancer-ML-Pipeline/venv/lib/python3.9/site-packages/airflow/example_dags/example_branch_day_of_week_operator.py
[2025-04-21T17:00:57.963-0400] {logging_mixin.py:188} INFO - [2025-04-21T17:00:57.963-0400] {dag.py:3036} INFO - Sync 1 DAGs
[2025-04-21T17:00:57.976-0400] {logging_mixin.py:188} INFO - [2025-04-21T17:00:57.975-0400] {dag.py:3823} INFO - Setting next_dagrun for example_weekday_branch_operator to 2025-04-20 00:00:00+00:00, run_after=2025-04-21 00:00:00+00:00
[2025-04-21T17:00:57.988-0400] {processor.py:183} INFO - Processing /Users/gaurav/Documents/Breast-Cancer-ML-Pipeline/venv/lib/python3.9/site-packages/airflow/example_dags/example_branch_day_of_week_operator.py took 0.102 seconds
[2025-04-21T17:02:22.121-0400] {processor.py:161} INFO - Started process (PID=85124) to work on /Users/gaurav/Documents/Breast-Cancer-ML-Pipeline/venv/lib/python3.9/site-packages/airflow/example_dags/example_branch_day_of_week_operator.py
[2025-04-21T17:02:22.122-0400] {processor.py:830} INFO - Processing file /Users/gaurav/Documents/Breast-Cancer-ML-Pipeline/venv/lib/python3.9/site-packages/airflow/example_dags/example_branch_day_of_week_operator.py for tasks to queue
[2025-04-21T17:02:22.123-0400] {logging_mixin.py:188} INFO - [2025-04-21T17:02:22.123-0400] {dagbag.py:538} INFO - Filling up the DagBag from /Users/gaurav/Documents/Breast-Cancer-ML-Pipeline/venv/lib/python3.9/site-packages/airflow/example_dags/example_branch_day_of_week_operator.py
[2025-04-21T17:02:22.131-0400] {processor.py:840} INFO - DAG(s) 'example_weekday_branch_operator' retrieved from /Users/gaurav/Documents/Breast-Cancer-ML-Pipeline/venv/lib/python3.9/site-packages/airflow/example_dags/example_branch_day_of_week_operator.py
[2025-04-21T17:02:22.197-0400] {logging_mixin.py:188} INFO - [2025-04-21T17:02:22.196-0400] {dag.py:3036} INFO - Sync 1 DAGs
[2025-04-21T17:02:22.209-0400] {logging_mixin.py:188} INFO - [2025-04-21T17:02:22.209-0400] {dag.py:3823} INFO - Setting next_dagrun for example_weekday_branch_operator to 2025-04-20 00:00:00+00:00, run_after=2025-04-21 00:00:00+00:00
[2025-04-21T17:02:22.221-0400] {processor.py:183} INFO - Processing /Users/gaurav/Documents/Breast-Cancer-ML-Pipeline/venv/lib/python3.9/site-packages/airflow/example_dags/example_branch_day_of_week_operator.py took 0.101 seconds
[2025-04-21T17:03:40.030-0400] {processor.py:161} INFO - Started process (PID=85211) to work on /Users/gaurav/Documents/Breast-Cancer-ML-Pipeline/venv/lib/python3.9/site-packages/airflow/example_dags/example_branch_day_of_week_operator.py
[2025-04-21T17:03:40.031-0400] {processor.py:830} INFO - Processing file /Users/gaurav/Documents/Breast-Cancer-ML-Pipeline/venv/lib/python3.9/site-packages/airflow/example_dags/example_branch_day_of_week_operator.py for tasks to queue
[2025-04-21T17:03:40.031-0400] {logging_mixin.py:188} INFO - [2025-04-21T17:03:40.031-0400] {dagbag.py:538} INFO - Filling up the DagBag from /Users/gaurav/Documents/Breast-Cancer-ML-Pipeline/venv/lib/python3.9/site-packages/airflow/example_dags/example_branch_day_of_week_operator.py
[2025-04-21T17:03:40.039-0400] {processor.py:840} INFO - DAG(s) 'example_weekday_branch_operator' retrieved from /Users/gaurav/Documents/Breast-Cancer-ML-Pipeline/venv/lib/python3.9/site-packages/airflow/example_dags/example_branch_day_of_week_operator.py
[2025-04-21T17:03:40.116-0400] {logging_mixin.py:188} INFO - [2025-04-21T17:03:40.116-0400] {dag.py:3036} INFO - Sync 1 DAGs
[2025-04-21T17:03:40.130-0400] {logging_mixin.py:188} INFO - [2025-04-21T17:03:40.129-0400] {dag.py:3823} INFO - Setting next_dagrun for example_weekday_branch_operator to 2025-04-20 00:00:00+00:00, run_after=2025-04-21 00:00:00+00:00
[2025-04-21T17:03:40.142-0400] {processor.py:183} INFO - Processing /Users/gaurav/Documents/Breast-Cancer-ML-Pipeline/venv/lib/python3.9/site-packages/airflow/example_dags/example_branch_day_of_week_operator.py took 0.113 seconds
[2025-04-21T17:04:52.962-0400] {processor.py:161} INFO - Started process (PID=85312) to work on /Users/gaurav/Documents/Breast-Cancer-ML-Pipeline/venv/lib/python3.9/site-packages/airflow/example_dags/example_branch_day_of_week_operator.py
[2025-04-21T17:04:52.964-0400] {processor.py:830} INFO - Processing file /Users/gaurav/Documents/Breast-Cancer-ML-Pipeline/venv/lib/python3.9/site-packages/airflow/example_dags/example_branch_day_of_week_operator.py for tasks to queue
[2025-04-21T17:04:52.965-0400] {logging_mixin.py:188} INFO - [2025-04-21T17:04:52.965-0400] {dagbag.py:538} INFO - Filling up the DagBag from /Users/gaurav/Documents/Breast-Cancer-ML-Pipeline/venv/lib/python3.9/site-packages/airflow/example_dags/example_branch_day_of_week_operator.py
[2025-04-21T17:04:52.973-0400] {processor.py:840} INFO - DAG(s) 'example_weekday_branch_operator' retrieved from /Users/gaurav/Documents/Breast-Cancer-ML-Pipeline/venv/lib/python3.9/site-packages/airflow/example_dags/example_branch_day_of_week_operator.py
[2025-04-21T17:04:53.043-0400] {logging_mixin.py:188} INFO - [2025-04-21T17:04:53.043-0400] {dag.py:3036} INFO - Sync 1 DAGs
[2025-04-21T17:04:53.056-0400] {logging_mixin.py:188} INFO - [2025-04-21T17:04:53.055-0400] {dag.py:3823} INFO - Setting next_dagrun for example_weekday_branch_operator to 2025-04-20 00:00:00+00:00, run_after=2025-04-21 00:00:00+00:00
[2025-04-21T17:04:53.069-0400] {processor.py:183} INFO - Processing /Users/gaurav/Documents/Breast-Cancer-ML-Pipeline/venv/lib/python3.9/site-packages/airflow/example_dags/example_branch_day_of_week_operator.py took 0.108 seconds
[2025-04-21T17:06:03.738-0400] {processor.py:161} INFO - Started process (PID=85402) to work on /Users/gaurav/Documents/Breast-Cancer-ML-Pipeline/venv/lib/python3.9/site-packages/airflow/example_dags/example_branch_day_of_week_operator.py
[2025-04-21T17:06:03.739-0400] {processor.py:830} INFO - Processing file /Users/gaurav/Documents/Breast-Cancer-ML-Pipeline/venv/lib/python3.9/site-packages/airflow/example_dags/example_branch_day_of_week_operator.py for tasks to queue
[2025-04-21T17:06:03.740-0400] {logging_mixin.py:188} INFO - [2025-04-21T17:06:03.740-0400] {dagbag.py:538} INFO - Filling up the DagBag from /Users/gaurav/Documents/Breast-Cancer-ML-Pipeline/venv/lib/python3.9/site-packages/airflow/example_dags/example_branch_day_of_week_operator.py
[2025-04-21T17:06:03.747-0400] {processor.py:840} INFO - DAG(s) 'example_weekday_branch_operator' retrieved from /Users/gaurav/Documents/Breast-Cancer-ML-Pipeline/venv/lib/python3.9/site-packages/airflow/example_dags/example_branch_day_of_week_operator.py
[2025-04-21T17:06:03.812-0400] {logging_mixin.py:188} INFO - [2025-04-21T17:06:03.812-0400] {dag.py:3036} INFO - Sync 1 DAGs
[2025-04-21T17:06:03.824-0400] {logging_mixin.py:188} INFO - [2025-04-21T17:06:03.824-0400] {dag.py:3823} INFO - Setting next_dagrun for example_weekday_branch_operator to 2025-04-20 00:00:00+00:00, run_after=2025-04-21 00:00:00+00:00
[2025-04-21T17:06:03.836-0400] {processor.py:183} INFO - Processing /Users/gaurav/Documents/Breast-Cancer-ML-Pipeline/venv/lib/python3.9/site-packages/airflow/example_dags/example_branch_day_of_week_operator.py took 0.099 seconds
[2025-04-21T17:07:15.136-0400] {processor.py:161} INFO - Started process (PID=85480) to work on /Users/gaurav/Documents/Breast-Cancer-ML-Pipeline/venv/lib/python3.9/site-packages/airflow/example_dags/example_branch_day_of_week_operator.py
[2025-04-21T17:07:15.138-0400] {processor.py:830} INFO - Processing file /Users/gaurav/Documents/Breast-Cancer-ML-Pipeline/venv/lib/python3.9/site-packages/airflow/example_dags/example_branch_day_of_week_operator.py for tasks to queue
[2025-04-21T17:07:15.138-0400] {logging_mixin.py:188} INFO - [2025-04-21T17:07:15.138-0400] {dagbag.py:538} INFO - Filling up the DagBag from /Users/gaurav/Documents/Breast-Cancer-ML-Pipeline/venv/lib/python3.9/site-packages/airflow/example_dags/example_branch_day_of_week_operator.py
[2025-04-21T17:07:15.146-0400] {processor.py:840} INFO - DAG(s) 'example_weekday_branch_operator' retrieved from /Users/gaurav/Documents/Breast-Cancer-ML-Pipeline/venv/lib/python3.9/site-packages/airflow/example_dags/example_branch_day_of_week_operator.py
[2025-04-21T17:07:15.212-0400] {logging_mixin.py:188} INFO - [2025-04-21T17:07:15.212-0400] {dag.py:3036} INFO - Sync 1 DAGs
[2025-04-21T17:07:15.225-0400] {logging_mixin.py:188} INFO - [2025-04-21T17:07:15.225-0400] {dag.py:3823} INFO - Setting next_dagrun for example_weekday_branch_operator to 2025-04-20 00:00:00+00:00, run_after=2025-04-21 00:00:00+00:00
[2025-04-21T17:07:15.239-0400] {processor.py:183} INFO - Processing /Users/gaurav/Documents/Breast-Cancer-ML-Pipeline/venv/lib/python3.9/site-packages/airflow/example_dags/example_branch_day_of_week_operator.py took 0.105 seconds
[2025-04-21T17:08:28.627-0400] {processor.py:161} INFO - Started process (PID=85559) to work on /Users/gaurav/Documents/Breast-Cancer-ML-Pipeline/venv/lib/python3.9/site-packages/airflow/example_dags/example_branch_day_of_week_operator.py
[2025-04-21T17:08:28.629-0400] {processor.py:830} INFO - Processing file /Users/gaurav/Documents/Breast-Cancer-ML-Pipeline/venv/lib/python3.9/site-packages/airflow/example_dags/example_branch_day_of_week_operator.py for tasks to queue
[2025-04-21T17:08:28.629-0400] {logging_mixin.py:188} INFO - [2025-04-21T17:08:28.629-0400] {dagbag.py:538} INFO - Filling up the DagBag from /Users/gaurav/Documents/Breast-Cancer-ML-Pipeline/venv/lib/python3.9/site-packages/airflow/example_dags/example_branch_day_of_week_operator.py
[2025-04-21T17:08:28.639-0400] {processor.py:840} INFO - DAG(s) 'example_weekday_branch_operator' retrieved from /Users/gaurav/Documents/Breast-Cancer-ML-Pipeline/venv/lib/python3.9/site-packages/airflow/example_dags/example_branch_day_of_week_operator.py
[2025-04-21T17:08:28.705-0400] {logging_mixin.py:188} INFO - [2025-04-21T17:08:28.705-0400] {dag.py:3036} INFO - Sync 1 DAGs
[2025-04-21T17:08:28.721-0400] {logging_mixin.py:188} INFO - [2025-04-21T17:08:28.720-0400] {dag.py:3823} INFO - Setting next_dagrun for example_weekday_branch_operator to 2025-04-20 00:00:00+00:00, run_after=2025-04-21 00:00:00+00:00
[2025-04-21T17:08:28.732-0400] {processor.py:183} INFO - Processing /Users/gaurav/Documents/Breast-Cancer-ML-Pipeline/venv/lib/python3.9/site-packages/airflow/example_dags/example_branch_day_of_week_operator.py took 0.106 seconds
[2025-04-21T17:09:41.810-0400] {processor.py:161} INFO - Started process (PID=85642) to work on /Users/gaurav/Documents/Breast-Cancer-ML-Pipeline/venv/lib/python3.9/site-packages/airflow/example_dags/example_branch_day_of_week_operator.py
[2025-04-21T17:09:41.812-0400] {processor.py:830} INFO - Processing file /Users/gaurav/Documents/Breast-Cancer-ML-Pipeline/venv/lib/python3.9/site-packages/airflow/example_dags/example_branch_day_of_week_operator.py for tasks to queue
[2025-04-21T17:09:41.812-0400] {logging_mixin.py:188} INFO - [2025-04-21T17:09:41.812-0400] {dagbag.py:538} INFO - Filling up the DagBag from /Users/gaurav/Documents/Breast-Cancer-ML-Pipeline/venv/lib/python3.9/site-packages/airflow/example_dags/example_branch_day_of_week_operator.py
[2025-04-21T17:09:41.819-0400] {processor.py:840} INFO - DAG(s) 'example_weekday_branch_operator' retrieved from /Users/gaurav/Documents/Breast-Cancer-ML-Pipeline/venv/lib/python3.9/site-packages/airflow/example_dags/example_branch_day_of_week_operator.py
[2025-04-21T17:09:41.909-0400] {logging_mixin.py:188} INFO - [2025-04-21T17:09:41.908-0400] {dag.py:3036} INFO - Sync 1 DAGs
[2025-04-21T17:09:41.922-0400] {logging_mixin.py:188} INFO - [2025-04-21T17:09:41.922-0400] {dag.py:3823} INFO - Setting next_dagrun for example_weekday_branch_operator to 2025-04-20 00:00:00+00:00, run_after=2025-04-21 00:00:00+00:00
[2025-04-21T17:09:41.937-0400] {processor.py:183} INFO - Processing /Users/gaurav/Documents/Breast-Cancer-ML-Pipeline/venv/lib/python3.9/site-packages/airflow/example_dags/example_branch_day_of_week_operator.py took 0.127 seconds
[2025-04-21T17:10:55.534-0400] {processor.py:161} INFO - Started process (PID=85720) to work on /Users/gaurav/Documents/Breast-Cancer-ML-Pipeline/venv/lib/python3.9/site-packages/airflow/example_dags/example_branch_day_of_week_operator.py
[2025-04-21T17:10:55.536-0400] {processor.py:830} INFO - Processing file /Users/gaurav/Documents/Breast-Cancer-ML-Pipeline/venv/lib/python3.9/site-packages/airflow/example_dags/example_branch_day_of_week_operator.py for tasks to queue
[2025-04-21T17:10:55.537-0400] {logging_mixin.py:188} INFO - [2025-04-21T17:10:55.536-0400] {dagbag.py:538} INFO - Filling up the DagBag from /Users/gaurav/Documents/Breast-Cancer-ML-Pipeline/venv/lib/python3.9/site-packages/airflow/example_dags/example_branch_day_of_week_operator.py
[2025-04-21T17:10:55.544-0400] {processor.py:840} INFO - DAG(s) 'example_weekday_branch_operator' retrieved from /Users/gaurav/Documents/Breast-Cancer-ML-Pipeline/venv/lib/python3.9/site-packages/airflow/example_dags/example_branch_day_of_week_operator.py
[2025-04-21T17:10:55.609-0400] {logging_mixin.py:188} INFO - [2025-04-21T17:10:55.609-0400] {dag.py:3036} INFO - Sync 1 DAGs
[2025-04-21T17:10:55.622-0400] {logging_mixin.py:188} INFO - [2025-04-21T17:10:55.622-0400] {dag.py:3823} INFO - Setting next_dagrun for example_weekday_branch_operator to 2025-04-20 00:00:00+00:00, run_after=2025-04-21 00:00:00+00:00
[2025-04-21T17:10:55.635-0400] {processor.py:183} INFO - Processing /Users/gaurav/Documents/Breast-Cancer-ML-Pipeline/venv/lib/python3.9/site-packages/airflow/example_dags/example_branch_day_of_week_operator.py took 0.101 seconds
[2025-04-21T17:12:08.919-0400] {processor.py:161} INFO - Started process (PID=85813) to work on /Users/gaurav/Documents/Breast-Cancer-ML-Pipeline/venv/lib/python3.9/site-packages/airflow/example_dags/example_branch_day_of_week_operator.py
[2025-04-21T17:12:08.921-0400] {processor.py:830} INFO - Processing file /Users/gaurav/Documents/Breast-Cancer-ML-Pipeline/venv/lib/python3.9/site-packages/airflow/example_dags/example_branch_day_of_week_operator.py for tasks to queue
[2025-04-21T17:12:08.921-0400] {logging_mixin.py:188} INFO - [2025-04-21T17:12:08.921-0400] {dagbag.py:538} INFO - Filling up the DagBag from /Users/gaurav/Documents/Breast-Cancer-ML-Pipeline/venv/lib/python3.9/site-packages/airflow/example_dags/example_branch_day_of_week_operator.py
[2025-04-21T17:12:08.929-0400] {processor.py:840} INFO - DAG(s) 'example_weekday_branch_operator' retrieved from /Users/gaurav/Documents/Breast-Cancer-ML-Pipeline/venv/lib/python3.9/site-packages/airflow/example_dags/example_branch_day_of_week_operator.py
[2025-04-21T17:12:08.993-0400] {logging_mixin.py:188} INFO - [2025-04-21T17:12:08.993-0400] {dag.py:3036} INFO - Sync 1 DAGs
[2025-04-21T17:12:09.006-0400] {logging_mixin.py:188} INFO - [2025-04-21T17:12:09.005-0400] {dag.py:3823} INFO - Setting next_dagrun for example_weekday_branch_operator to 2025-04-20 00:00:00+00:00, run_after=2025-04-21 00:00:00+00:00
[2025-04-21T17:12:09.017-0400] {processor.py:183} INFO - Processing /Users/gaurav/Documents/Breast-Cancer-ML-Pipeline/venv/lib/python3.9/site-packages/airflow/example_dags/example_branch_day_of_week_operator.py took 0.100 seconds
[2025-04-21T17:13:22.631-0400] {processor.py:161} INFO - Started process (PID=85894) to work on /Users/gaurav/Documents/Breast-Cancer-ML-Pipeline/venv/lib/python3.9/site-packages/airflow/example_dags/example_branch_day_of_week_operator.py
[2025-04-21T17:13:22.633-0400] {processor.py:830} INFO - Processing file /Users/gaurav/Documents/Breast-Cancer-ML-Pipeline/venv/lib/python3.9/site-packages/airflow/example_dags/example_branch_day_of_week_operator.py for tasks to queue
[2025-04-21T17:13:22.634-0400] {logging_mixin.py:188} INFO - [2025-04-21T17:13:22.634-0400] {dagbag.py:538} INFO - Filling up the DagBag from /Users/gaurav/Documents/Breast-Cancer-ML-Pipeline/venv/lib/python3.9/site-packages/airflow/example_dags/example_branch_day_of_week_operator.py
[2025-04-21T17:13:22.641-0400] {processor.py:840} INFO - DAG(s) 'example_weekday_branch_operator' retrieved from /Users/gaurav/Documents/Breast-Cancer-ML-Pipeline/venv/lib/python3.9/site-packages/airflow/example_dags/example_branch_day_of_week_operator.py
[2025-04-21T17:13:22.706-0400] {logging_mixin.py:188} INFO - [2025-04-21T17:13:22.705-0400] {dag.py:3036} INFO - Sync 1 DAGs
[2025-04-21T17:13:22.721-0400] {logging_mixin.py:188} INFO - [2025-04-21T17:13:22.720-0400] {dag.py:3823} INFO - Setting next_dagrun for example_weekday_branch_operator to 2025-04-20 00:00:00+00:00, run_after=2025-04-21 00:00:00+00:00
[2025-04-21T17:13:22.734-0400] {processor.py:183} INFO - Processing /Users/gaurav/Documents/Breast-Cancer-ML-Pipeline/venv/lib/python3.9/site-packages/airflow/example_dags/example_branch_day_of_week_operator.py took 0.103 seconds
[2025-04-21T17:14:37.293-0400] {processor.py:161} INFO - Started process (PID=85990) to work on /Users/gaurav/Documents/Breast-Cancer-ML-Pipeline/venv/lib/python3.9/site-packages/airflow/example_dags/example_branch_day_of_week_operator.py
[2025-04-21T17:14:37.295-0400] {processor.py:830} INFO - Processing file /Users/gaurav/Documents/Breast-Cancer-ML-Pipeline/venv/lib/python3.9/site-packages/airflow/example_dags/example_branch_day_of_week_operator.py for tasks to queue
[2025-04-21T17:14:37.295-0400] {logging_mixin.py:188} INFO - [2025-04-21T17:14:37.295-0400] {dagbag.py:538} INFO - Filling up the DagBag from /Users/gaurav/Documents/Breast-Cancer-ML-Pipeline/venv/lib/python3.9/site-packages/airflow/example_dags/example_branch_day_of_week_operator.py
[2025-04-21T17:14:37.303-0400] {processor.py:840} INFO - DAG(s) 'example_weekday_branch_operator' retrieved from /Users/gaurav/Documents/Breast-Cancer-ML-Pipeline/venv/lib/python3.9/site-packages/airflow/example_dags/example_branch_day_of_week_operator.py
[2025-04-21T17:14:37.367-0400] {logging_mixin.py:188} INFO - [2025-04-21T17:14:37.366-0400] {dag.py:3036} INFO - Sync 1 DAGs
[2025-04-21T17:14:37.379-0400] {logging_mixin.py:188} INFO - [2025-04-21T17:14:37.379-0400] {dag.py:3823} INFO - Setting next_dagrun for example_weekday_branch_operator to 2025-04-20 00:00:00+00:00, run_after=2025-04-21 00:00:00+00:00
[2025-04-21T17:14:37.391-0400] {processor.py:183} INFO - Processing /Users/gaurav/Documents/Breast-Cancer-ML-Pipeline/venv/lib/python3.9/site-packages/airflow/example_dags/example_branch_day_of_week_operator.py took 0.099 seconds
[2025-04-21T17:15:49.215-0400] {processor.py:161} INFO - Started process (PID=86079) to work on /Users/gaurav/Documents/Breast-Cancer-ML-Pipeline/venv/lib/python3.9/site-packages/airflow/example_dags/example_branch_day_of_week_operator.py
[2025-04-21T17:15:49.217-0400] {processor.py:830} INFO - Processing file /Users/gaurav/Documents/Breast-Cancer-ML-Pipeline/venv/lib/python3.9/site-packages/airflow/example_dags/example_branch_day_of_week_operator.py for tasks to queue
[2025-04-21T17:15:49.217-0400] {logging_mixin.py:188} INFO - [2025-04-21T17:15:49.217-0400] {dagbag.py:538} INFO - Filling up the DagBag from /Users/gaurav/Documents/Breast-Cancer-ML-Pipeline/venv/lib/python3.9/site-packages/airflow/example_dags/example_branch_day_of_week_operator.py
[2025-04-21T17:15:49.225-0400] {processor.py:840} INFO - DAG(s) 'example_weekday_branch_operator' retrieved from /Users/gaurav/Documents/Breast-Cancer-ML-Pipeline/venv/lib/python3.9/site-packages/airflow/example_dags/example_branch_day_of_week_operator.py
[2025-04-21T17:15:49.290-0400] {logging_mixin.py:188} INFO - [2025-04-21T17:15:49.290-0400] {dag.py:3036} INFO - Sync 1 DAGs
[2025-04-21T17:15:49.303-0400] {logging_mixin.py:188} INFO - [2025-04-21T17:15:49.303-0400] {dag.py:3823} INFO - Setting next_dagrun for example_weekday_branch_operator to 2025-04-20 00:00:00+00:00, run_after=2025-04-21 00:00:00+00:00
[2025-04-21T17:15:49.315-0400] {processor.py:183} INFO - Processing /Users/gaurav/Documents/Breast-Cancer-ML-Pipeline/venv/lib/python3.9/site-packages/airflow/example_dags/example_branch_day_of_week_operator.py took 0.101 seconds
[2025-04-21T17:17:02.855-0400] {processor.py:161} INFO - Started process (PID=86169) to work on /Users/gaurav/Documents/Breast-Cancer-ML-Pipeline/venv/lib/python3.9/site-packages/airflow/example_dags/example_branch_day_of_week_operator.py
[2025-04-21T17:17:02.857-0400] {processor.py:830} INFO - Processing file /Users/gaurav/Documents/Breast-Cancer-ML-Pipeline/venv/lib/python3.9/site-packages/airflow/example_dags/example_branch_day_of_week_operator.py for tasks to queue
[2025-04-21T17:17:02.857-0400] {logging_mixin.py:188} INFO - [2025-04-21T17:17:02.857-0400] {dagbag.py:538} INFO - Filling up the DagBag from /Users/gaurav/Documents/Breast-Cancer-ML-Pipeline/venv/lib/python3.9/site-packages/airflow/example_dags/example_branch_day_of_week_operator.py
[2025-04-21T17:17:02.865-0400] {processor.py:840} INFO - DAG(s) 'example_weekday_branch_operator' retrieved from /Users/gaurav/Documents/Breast-Cancer-ML-Pipeline/venv/lib/python3.9/site-packages/airflow/example_dags/example_branch_day_of_week_operator.py
[2025-04-21T17:17:02.930-0400] {logging_mixin.py:188} INFO - [2025-04-21T17:17:02.929-0400] {dag.py:3036} INFO - Sync 1 DAGs
[2025-04-21T17:17:02.942-0400] {logging_mixin.py:188} INFO - [2025-04-21T17:17:02.942-0400] {dag.py:3823} INFO - Setting next_dagrun for example_weekday_branch_operator to 2025-04-20 00:00:00+00:00, run_after=2025-04-21 00:00:00+00:00
[2025-04-21T17:17:02.954-0400] {processor.py:183} INFO - Processing /Users/gaurav/Documents/Breast-Cancer-ML-Pipeline/venv/lib/python3.9/site-packages/airflow/example_dags/example_branch_day_of_week_operator.py took 0.100 seconds
[2025-04-21T17:18:17.375-0400] {processor.py:161} INFO - Started process (PID=86263) to work on /Users/gaurav/Documents/Breast-Cancer-ML-Pipeline/venv/lib/python3.9/site-packages/airflow/example_dags/example_branch_day_of_week_operator.py
[2025-04-21T17:18:17.376-0400] {processor.py:830} INFO - Processing file /Users/gaurav/Documents/Breast-Cancer-ML-Pipeline/venv/lib/python3.9/site-packages/airflow/example_dags/example_branch_day_of_week_operator.py for tasks to queue
[2025-04-21T17:18:17.377-0400] {logging_mixin.py:188} INFO - [2025-04-21T17:18:17.377-0400] {dagbag.py:538} INFO - Filling up the DagBag from /Users/gaurav/Documents/Breast-Cancer-ML-Pipeline/venv/lib/python3.9/site-packages/airflow/example_dags/example_branch_day_of_week_operator.py
[2025-04-21T17:18:17.385-0400] {processor.py:840} INFO - DAG(s) 'example_weekday_branch_operator' retrieved from /Users/gaurav/Documents/Breast-Cancer-ML-Pipeline/venv/lib/python3.9/site-packages/airflow/example_dags/example_branch_day_of_week_operator.py
[2025-04-21T17:18:17.449-0400] {logging_mixin.py:188} INFO - [2025-04-21T17:18:17.448-0400] {dag.py:3036} INFO - Sync 1 DAGs
[2025-04-21T17:18:17.461-0400] {logging_mixin.py:188} INFO - [2025-04-21T17:18:17.461-0400] {dag.py:3823} INFO - Setting next_dagrun for example_weekday_branch_operator to 2025-04-20 00:00:00+00:00, run_after=2025-04-21 00:00:00+00:00
[2025-04-21T17:18:17.473-0400] {processor.py:183} INFO - Processing /Users/gaurav/Documents/Breast-Cancer-ML-Pipeline/venv/lib/python3.9/site-packages/airflow/example_dags/example_branch_day_of_week_operator.py took 0.098 seconds
[2025-04-21T17:19:33.929-0400] {processor.py:161} INFO - Started process (PID=86364) to work on /Users/gaurav/Documents/Breast-Cancer-ML-Pipeline/venv/lib/python3.9/site-packages/airflow/example_dags/example_branch_day_of_week_operator.py
[2025-04-21T17:19:33.931-0400] {processor.py:830} INFO - Processing file /Users/gaurav/Documents/Breast-Cancer-ML-Pipeline/venv/lib/python3.9/site-packages/airflow/example_dags/example_branch_day_of_week_operator.py for tasks to queue
[2025-04-21T17:19:33.932-0400] {logging_mixin.py:188} INFO - [2025-04-21T17:19:33.931-0400] {dagbag.py:538} INFO - Filling up the DagBag from /Users/gaurav/Documents/Breast-Cancer-ML-Pipeline/venv/lib/python3.9/site-packages/airflow/example_dags/example_branch_day_of_week_operator.py
[2025-04-21T17:19:33.939-0400] {processor.py:840} INFO - DAG(s) 'example_weekday_branch_operator' retrieved from /Users/gaurav/Documents/Breast-Cancer-ML-Pipeline/venv/lib/python3.9/site-packages/airflow/example_dags/example_branch_day_of_week_operator.py
[2025-04-21T17:19:34.005-0400] {logging_mixin.py:188} INFO - [2025-04-21T17:19:34.004-0400] {dag.py:3036} INFO - Sync 1 DAGs
[2025-04-21T17:19:34.017-0400] {logging_mixin.py:188} INFO - [2025-04-21T17:19:34.017-0400] {dag.py:3823} INFO - Setting next_dagrun for example_weekday_branch_operator to 2025-04-20 00:00:00+00:00, run_after=2025-04-21 00:00:00+00:00
[2025-04-21T17:19:34.030-0400] {processor.py:183} INFO - Processing /Users/gaurav/Documents/Breast-Cancer-ML-Pipeline/venv/lib/python3.9/site-packages/airflow/example_dags/example_branch_day_of_week_operator.py took 0.101 seconds
[2025-04-21T17:22:38.470-0400] {processor.py:161} INFO - Started process (PID=86554) to work on /Users/gaurav/Documents/Breast-Cancer-ML-Pipeline/venv/lib/python3.9/site-packages/airflow/example_dags/example_branch_day_of_week_operator.py
[2025-04-21T17:22:38.471-0400] {processor.py:830} INFO - Processing file /Users/gaurav/Documents/Breast-Cancer-ML-Pipeline/venv/lib/python3.9/site-packages/airflow/example_dags/example_branch_day_of_week_operator.py for tasks to queue
[2025-04-21T17:22:38.472-0400] {logging_mixin.py:188} INFO - [2025-04-21T17:22:38.471-0400] {dagbag.py:538} INFO - Filling up the DagBag from /Users/gaurav/Documents/Breast-Cancer-ML-Pipeline/venv/lib/python3.9/site-packages/airflow/example_dags/example_branch_day_of_week_operator.py
[2025-04-21T17:22:38.479-0400] {processor.py:840} INFO - DAG(s) 'example_weekday_branch_operator' retrieved from /Users/gaurav/Documents/Breast-Cancer-ML-Pipeline/venv/lib/python3.9/site-packages/airflow/example_dags/example_branch_day_of_week_operator.py
[2025-04-21T17:22:38.603-0400] {logging_mixin.py:188} INFO - [2025-04-21T17:22:38.603-0400] {dag.py:3036} INFO - Sync 1 DAGs
[2025-04-21T17:22:38.615-0400] {logging_mixin.py:188} INFO - [2025-04-21T17:22:38.615-0400] {dag.py:3823} INFO - Setting next_dagrun for example_weekday_branch_operator to 2025-04-20 00:00:00+00:00, run_after=2025-04-21 00:00:00+00:00
[2025-04-21T17:22:38.629-0400] {processor.py:183} INFO - Processing /Users/gaurav/Documents/Breast-Cancer-ML-Pipeline/venv/lib/python3.9/site-packages/airflow/example_dags/example_branch_day_of_week_operator.py took 0.160 seconds
[2025-04-21T17:24:09.401-0400] {processor.py:161} INFO - Started process (PID=86664) to work on /Users/gaurav/Documents/Breast-Cancer-ML-Pipeline/venv/lib/python3.9/site-packages/airflow/example_dags/example_branch_day_of_week_operator.py
[2025-04-21T17:24:09.403-0400] {processor.py:830} INFO - Processing file /Users/gaurav/Documents/Breast-Cancer-ML-Pipeline/venv/lib/python3.9/site-packages/airflow/example_dags/example_branch_day_of_week_operator.py for tasks to queue
[2025-04-21T17:24:09.404-0400] {logging_mixin.py:188} INFO - [2025-04-21T17:24:09.404-0400] {dagbag.py:538} INFO - Filling up the DagBag from /Users/gaurav/Documents/Breast-Cancer-ML-Pipeline/venv/lib/python3.9/site-packages/airflow/example_dags/example_branch_day_of_week_operator.py
[2025-04-21T17:24:09.412-0400] {processor.py:840} INFO - DAG(s) 'example_weekday_branch_operator' retrieved from /Users/gaurav/Documents/Breast-Cancer-ML-Pipeline/venv/lib/python3.9/site-packages/airflow/example_dags/example_branch_day_of_week_operator.py
[2025-04-21T17:24:09.479-0400] {logging_mixin.py:188} INFO - [2025-04-21T17:24:09.479-0400] {dag.py:3036} INFO - Sync 1 DAGs
[2025-04-21T17:24:09.491-0400] {logging_mixin.py:188} INFO - [2025-04-21T17:24:09.491-0400] {dag.py:3823} INFO - Setting next_dagrun for example_weekday_branch_operator to 2025-04-20 00:00:00+00:00, run_after=2025-04-21 00:00:00+00:00
[2025-04-21T17:24:09.504-0400] {processor.py:183} INFO - Processing /Users/gaurav/Documents/Breast-Cancer-ML-Pipeline/venv/lib/python3.9/site-packages/airflow/example_dags/example_branch_day_of_week_operator.py took 0.103 seconds
[2025-04-21T17:25:26.533-0400] {processor.py:161} INFO - Started process (PID=86751) to work on /Users/gaurav/Documents/Breast-Cancer-ML-Pipeline/venv/lib/python3.9/site-packages/airflow/example_dags/example_branch_day_of_week_operator.py
[2025-04-21T17:25:26.535-0400] {processor.py:830} INFO - Processing file /Users/gaurav/Documents/Breast-Cancer-ML-Pipeline/venv/lib/python3.9/site-packages/airflow/example_dags/example_branch_day_of_week_operator.py for tasks to queue
[2025-04-21T17:25:26.536-0400] {logging_mixin.py:188} INFO - [2025-04-21T17:25:26.535-0400] {dagbag.py:538} INFO - Filling up the DagBag from /Users/gaurav/Documents/Breast-Cancer-ML-Pipeline/venv/lib/python3.9/site-packages/airflow/example_dags/example_branch_day_of_week_operator.py
[2025-04-21T17:25:26.543-0400] {processor.py:840} INFO - DAG(s) 'example_weekday_branch_operator' retrieved from /Users/gaurav/Documents/Breast-Cancer-ML-Pipeline/venv/lib/python3.9/site-packages/airflow/example_dags/example_branch_day_of_week_operator.py
[2025-04-21T17:25:26.613-0400] {logging_mixin.py:188} INFO - [2025-04-21T17:25:26.613-0400] {dag.py:3036} INFO - Sync 1 DAGs
[2025-04-21T17:25:26.626-0400] {logging_mixin.py:188} INFO - [2025-04-21T17:25:26.626-0400] {dag.py:3823} INFO - Setting next_dagrun for example_weekday_branch_operator to 2025-04-20 00:00:00+00:00, run_after=2025-04-21 00:00:00+00:00
[2025-04-21T17:25:26.639-0400] {processor.py:183} INFO - Processing /Users/gaurav/Documents/Breast-Cancer-ML-Pipeline/venv/lib/python3.9/site-packages/airflow/example_dags/example_branch_day_of_week_operator.py took 0.108 seconds
[2025-04-21T17:26:41.971-0400] {processor.py:161} INFO - Started process (PID=86864) to work on /Users/gaurav/Documents/Breast-Cancer-ML-Pipeline/venv/lib/python3.9/site-packages/airflow/example_dags/example_branch_day_of_week_operator.py
[2025-04-21T17:26:41.972-0400] {processor.py:830} INFO - Processing file /Users/gaurav/Documents/Breast-Cancer-ML-Pipeline/venv/lib/python3.9/site-packages/airflow/example_dags/example_branch_day_of_week_operator.py for tasks to queue
[2025-04-21T17:26:41.972-0400] {logging_mixin.py:188} INFO - [2025-04-21T17:26:41.972-0400] {dagbag.py:538} INFO - Filling up the DagBag from /Users/gaurav/Documents/Breast-Cancer-ML-Pipeline/venv/lib/python3.9/site-packages/airflow/example_dags/example_branch_day_of_week_operator.py
[2025-04-21T17:26:41.980-0400] {processor.py:840} INFO - DAG(s) 'example_weekday_branch_operator' retrieved from /Users/gaurav/Documents/Breast-Cancer-ML-Pipeline/venv/lib/python3.9/site-packages/airflow/example_dags/example_branch_day_of_week_operator.py
[2025-04-21T17:26:42.046-0400] {logging_mixin.py:188} INFO - [2025-04-21T17:26:42.046-0400] {dag.py:3036} INFO - Sync 1 DAGs
[2025-04-21T17:26:42.059-0400] {logging_mixin.py:188} INFO - [2025-04-21T17:26:42.059-0400] {dag.py:3823} INFO - Setting next_dagrun for example_weekday_branch_operator to 2025-04-20 00:00:00+00:00, run_after=2025-04-21 00:00:00+00:00
[2025-04-21T17:26:42.072-0400] {processor.py:183} INFO - Processing /Users/gaurav/Documents/Breast-Cancer-ML-Pipeline/venv/lib/python3.9/site-packages/airflow/example_dags/example_branch_day_of_week_operator.py took 0.101 seconds
[2025-04-21T17:28:56.290-0400] {processor.py:161} INFO - Started process (PID=87073) to work on /Users/gaurav/Documents/Breast-Cancer-ML-Pipeline/venv/lib/python3.9/site-packages/airflow/example_dags/example_branch_day_of_week_operator.py
[2025-04-21T17:28:56.291-0400] {processor.py:830} INFO - Processing file /Users/gaurav/Documents/Breast-Cancer-ML-Pipeline/venv/lib/python3.9/site-packages/airflow/example_dags/example_branch_day_of_week_operator.py for tasks to queue
[2025-04-21T17:28:56.292-0400] {logging_mixin.py:188} INFO - [2025-04-21T17:28:56.291-0400] {dagbag.py:538} INFO - Filling up the DagBag from /Users/gaurav/Documents/Breast-Cancer-ML-Pipeline/venv/lib/python3.9/site-packages/airflow/example_dags/example_branch_day_of_week_operator.py
[2025-04-21T17:28:56.298-0400] {processor.py:840} INFO - DAG(s) 'example_weekday_branch_operator' retrieved from /Users/gaurav/Documents/Breast-Cancer-ML-Pipeline/venv/lib/python3.9/site-packages/airflow/example_dags/example_branch_day_of_week_operator.py
[2025-04-21T17:28:56.363-0400] {logging_mixin.py:188} INFO - [2025-04-21T17:28:56.363-0400] {dag.py:3036} INFO - Sync 1 DAGs
[2025-04-21T17:28:56.375-0400] {logging_mixin.py:188} INFO - [2025-04-21T17:28:56.375-0400] {dag.py:3823} INFO - Setting next_dagrun for example_weekday_branch_operator to 2025-04-20 00:00:00+00:00, run_after=2025-04-21 00:00:00+00:00
[2025-04-21T17:28:56.388-0400] {processor.py:183} INFO - Processing /Users/gaurav/Documents/Breast-Cancer-ML-Pipeline/venv/lib/python3.9/site-packages/airflow/example_dags/example_branch_day_of_week_operator.py took 0.099 seconds
[2025-04-21T17:30:24.279-0400] {processor.py:161} INFO - Started process (PID=87178) to work on /Users/gaurav/Documents/Breast-Cancer-ML-Pipeline/venv/lib/python3.9/site-packages/airflow/example_dags/example_branch_day_of_week_operator.py
[2025-04-21T17:30:24.280-0400] {processor.py:830} INFO - Processing file /Users/gaurav/Documents/Breast-Cancer-ML-Pipeline/venv/lib/python3.9/site-packages/airflow/example_dags/example_branch_day_of_week_operator.py for tasks to queue
[2025-04-21T17:30:24.281-0400] {logging_mixin.py:188} INFO - [2025-04-21T17:30:24.281-0400] {dagbag.py:538} INFO - Filling up the DagBag from /Users/gaurav/Documents/Breast-Cancer-ML-Pipeline/venv/lib/python3.9/site-packages/airflow/example_dags/example_branch_day_of_week_operator.py
[2025-04-21T17:30:24.289-0400] {processor.py:840} INFO - DAG(s) 'example_weekday_branch_operator' retrieved from /Users/gaurav/Documents/Breast-Cancer-ML-Pipeline/venv/lib/python3.9/site-packages/airflow/example_dags/example_branch_day_of_week_operator.py
[2025-04-21T17:30:24.354-0400] {logging_mixin.py:188} INFO - [2025-04-21T17:30:24.354-0400] {dag.py:3036} INFO - Sync 1 DAGs
[2025-04-21T17:30:24.367-0400] {logging_mixin.py:188} INFO - [2025-04-21T17:30:24.367-0400] {dag.py:3823} INFO - Setting next_dagrun for example_weekday_branch_operator to 2025-04-20 00:00:00+00:00, run_after=2025-04-21 00:00:00+00:00
[2025-04-21T17:30:24.379-0400] {processor.py:183} INFO - Processing /Users/gaurav/Documents/Breast-Cancer-ML-Pipeline/venv/lib/python3.9/site-packages/airflow/example_dags/example_branch_day_of_week_operator.py took 0.101 seconds
[2025-04-21T17:31:39.731-0400] {processor.py:161} INFO - Started process (PID=87260) to work on /Users/gaurav/Documents/Breast-Cancer-ML-Pipeline/venv/lib/python3.9/site-packages/airflow/example_dags/example_branch_day_of_week_operator.py
[2025-04-21T17:31:39.732-0400] {processor.py:830} INFO - Processing file /Users/gaurav/Documents/Breast-Cancer-ML-Pipeline/venv/lib/python3.9/site-packages/airflow/example_dags/example_branch_day_of_week_operator.py for tasks to queue
[2025-04-21T17:31:39.733-0400] {logging_mixin.py:188} INFO - [2025-04-21T17:31:39.733-0400] {dagbag.py:538} INFO - Filling up the DagBag from /Users/gaurav/Documents/Breast-Cancer-ML-Pipeline/venv/lib/python3.9/site-packages/airflow/example_dags/example_branch_day_of_week_operator.py
[2025-04-21T17:31:39.740-0400] {processor.py:840} INFO - DAG(s) 'example_weekday_branch_operator' retrieved from /Users/gaurav/Documents/Breast-Cancer-ML-Pipeline/venv/lib/python3.9/site-packages/airflow/example_dags/example_branch_day_of_week_operator.py
[2025-04-21T17:31:39.805-0400] {logging_mixin.py:188} INFO - [2025-04-21T17:31:39.805-0400] {dag.py:3036} INFO - Sync 1 DAGs
[2025-04-21T17:31:39.817-0400] {logging_mixin.py:188} INFO - [2025-04-21T17:31:39.817-0400] {dag.py:3823} INFO - Setting next_dagrun for example_weekday_branch_operator to 2025-04-20 00:00:00+00:00, run_after=2025-04-21 00:00:00+00:00
[2025-04-21T17:31:39.829-0400] {processor.py:183} INFO - Processing /Users/gaurav/Documents/Breast-Cancer-ML-Pipeline/venv/lib/python3.9/site-packages/airflow/example_dags/example_branch_day_of_week_operator.py took 0.099 seconds
[2025-04-21T17:37:59.223-0400] {processor.py:161} INFO - Started process (PID=87827) to work on /Users/gaurav/Documents/Breast-Cancer-ML-Pipeline/venv/lib/python3.9/site-packages/airflow/example_dags/example_branch_day_of_week_operator.py
[2025-04-21T17:37:59.225-0400] {processor.py:830} INFO - Processing file /Users/gaurav/Documents/Breast-Cancer-ML-Pipeline/venv/lib/python3.9/site-packages/airflow/example_dags/example_branch_day_of_week_operator.py for tasks to queue
[2025-04-21T17:37:59.226-0400] {logging_mixin.py:188} INFO - [2025-04-21T17:37:59.226-0400] {dagbag.py:538} INFO - Filling up the DagBag from /Users/gaurav/Documents/Breast-Cancer-ML-Pipeline/venv/lib/python3.9/site-packages/airflow/example_dags/example_branch_day_of_week_operator.py
[2025-04-21T17:37:59.233-0400] {processor.py:840} INFO - DAG(s) 'example_weekday_branch_operator' retrieved from /Users/gaurav/Documents/Breast-Cancer-ML-Pipeline/venv/lib/python3.9/site-packages/airflow/example_dags/example_branch_day_of_week_operator.py
[2025-04-21T17:37:59.354-0400] {logging_mixin.py:188} INFO - [2025-04-21T17:37:59.354-0400] {dag.py:3036} INFO - Sync 1 DAGs
[2025-04-21T17:37:59.365-0400] {logging_mixin.py:188} INFO - [2025-04-21T17:37:59.365-0400] {dag.py:3823} INFO - Setting next_dagrun for example_weekday_branch_operator to 2025-04-20 00:00:00+00:00, run_after=2025-04-21 00:00:00+00:00
[2025-04-21T17:37:59.379-0400] {processor.py:183} INFO - Processing /Users/gaurav/Documents/Breast-Cancer-ML-Pipeline/venv/lib/python3.9/site-packages/airflow/example_dags/example_branch_day_of_week_operator.py took 0.156 seconds
[2025-04-21T17:40:32.299-0400] {processor.py:161} INFO - Started process (PID=88028) to work on /Users/gaurav/Documents/Breast-Cancer-ML-Pipeline/venv/lib/python3.9/site-packages/airflow/example_dags/example_branch_day_of_week_operator.py
[2025-04-21T17:40:32.301-0400] {processor.py:830} INFO - Processing file /Users/gaurav/Documents/Breast-Cancer-ML-Pipeline/venv/lib/python3.9/site-packages/airflow/example_dags/example_branch_day_of_week_operator.py for tasks to queue
[2025-04-21T17:40:32.301-0400] {logging_mixin.py:188} INFO - [2025-04-21T17:40:32.301-0400] {dagbag.py:538} INFO - Filling up the DagBag from /Users/gaurav/Documents/Breast-Cancer-ML-Pipeline/venv/lib/python3.9/site-packages/airflow/example_dags/example_branch_day_of_week_operator.py
[2025-04-21T17:40:32.310-0400] {processor.py:840} INFO - DAG(s) 'example_weekday_branch_operator' retrieved from /Users/gaurav/Documents/Breast-Cancer-ML-Pipeline/venv/lib/python3.9/site-packages/airflow/example_dags/example_branch_day_of_week_operator.py
[2025-04-21T17:40:32.380-0400] {logging_mixin.py:188} INFO - [2025-04-21T17:40:32.380-0400] {dag.py:3036} INFO - Sync 1 DAGs
[2025-04-21T17:40:32.395-0400] {logging_mixin.py:188} INFO - [2025-04-21T17:40:32.395-0400] {dag.py:3823} INFO - Setting next_dagrun for example_weekday_branch_operator to 2025-04-20 00:00:00+00:00, run_after=2025-04-21 00:00:00+00:00
[2025-04-21T17:40:32.408-0400] {processor.py:183} INFO - Processing /Users/gaurav/Documents/Breast-Cancer-ML-Pipeline/venv/lib/python3.9/site-packages/airflow/example_dags/example_branch_day_of_week_operator.py took 0.110 seconds
[2025-04-21T17:42:22.994-0400] {processor.py:161} INFO - Started process (PID=88163) to work on /Users/gaurav/Documents/Breast-Cancer-ML-Pipeline/venv/lib/python3.9/site-packages/airflow/example_dags/example_branch_day_of_week_operator.py
[2025-04-21T17:42:22.996-0400] {processor.py:830} INFO - Processing file /Users/gaurav/Documents/Breast-Cancer-ML-Pipeline/venv/lib/python3.9/site-packages/airflow/example_dags/example_branch_day_of_week_operator.py for tasks to queue
[2025-04-21T17:42:22.996-0400] {logging_mixin.py:188} INFO - [2025-04-21T17:42:22.996-0400] {dagbag.py:538} INFO - Filling up the DagBag from /Users/gaurav/Documents/Breast-Cancer-ML-Pipeline/venv/lib/python3.9/site-packages/airflow/example_dags/example_branch_day_of_week_operator.py
[2025-04-21T17:42:23.004-0400] {processor.py:840} INFO - DAG(s) 'example_weekday_branch_operator' retrieved from /Users/gaurav/Documents/Breast-Cancer-ML-Pipeline/venv/lib/python3.9/site-packages/airflow/example_dags/example_branch_day_of_week_operator.py
[2025-04-21T17:42:23.068-0400] {logging_mixin.py:188} INFO - [2025-04-21T17:42:23.067-0400] {dag.py:3036} INFO - Sync 1 DAGs
[2025-04-21T17:42:23.080-0400] {logging_mixin.py:188} INFO - [2025-04-21T17:42:23.080-0400] {dag.py:3823} INFO - Setting next_dagrun for example_weekday_branch_operator to 2025-04-20 00:00:00+00:00, run_after=2025-04-21 00:00:00+00:00
[2025-04-21T17:42:23.092-0400] {processor.py:183} INFO - Processing /Users/gaurav/Documents/Breast-Cancer-ML-Pipeline/venv/lib/python3.9/site-packages/airflow/example_dags/example_branch_day_of_week_operator.py took 0.099 seconds
[2025-04-21T17:43:34.614-0400] {processor.py:161} INFO - Started process (PID=88242) to work on /Users/gaurav/Documents/Breast-Cancer-ML-Pipeline/venv/lib/python3.9/site-packages/airflow/example_dags/example_branch_day_of_week_operator.py
[2025-04-21T17:43:34.616-0400] {processor.py:830} INFO - Processing file /Users/gaurav/Documents/Breast-Cancer-ML-Pipeline/venv/lib/python3.9/site-packages/airflow/example_dags/example_branch_day_of_week_operator.py for tasks to queue
[2025-04-21T17:43:34.616-0400] {logging_mixin.py:188} INFO - [2025-04-21T17:43:34.616-0400] {dagbag.py:538} INFO - Filling up the DagBag from /Users/gaurav/Documents/Breast-Cancer-ML-Pipeline/venv/lib/python3.9/site-packages/airflow/example_dags/example_branch_day_of_week_operator.py
[2025-04-21T17:43:34.624-0400] {processor.py:840} INFO - DAG(s) 'example_weekday_branch_operator' retrieved from /Users/gaurav/Documents/Breast-Cancer-ML-Pipeline/venv/lib/python3.9/site-packages/airflow/example_dags/example_branch_day_of_week_operator.py
[2025-04-21T17:43:34.688-0400] {logging_mixin.py:188} INFO - [2025-04-21T17:43:34.688-0400] {dag.py:3036} INFO - Sync 1 DAGs
[2025-04-21T17:43:34.701-0400] {logging_mixin.py:188} INFO - [2025-04-21T17:43:34.700-0400] {dag.py:3823} INFO - Setting next_dagrun for example_weekday_branch_operator to 2025-04-20 00:00:00+00:00, run_after=2025-04-21 00:00:00+00:00
[2025-04-21T17:43:34.713-0400] {processor.py:183} INFO - Processing /Users/gaurav/Documents/Breast-Cancer-ML-Pipeline/venv/lib/python3.9/site-packages/airflow/example_dags/example_branch_day_of_week_operator.py took 0.100 seconds
[2025-04-21T17:44:46.994-0400] {processor.py:161} INFO - Started process (PID=88334) to work on /Users/gaurav/Documents/Breast-Cancer-ML-Pipeline/venv/lib/python3.9/site-packages/airflow/example_dags/example_branch_day_of_week_operator.py
[2025-04-21T17:44:46.995-0400] {processor.py:830} INFO - Processing file /Users/gaurav/Documents/Breast-Cancer-ML-Pipeline/venv/lib/python3.9/site-packages/airflow/example_dags/example_branch_day_of_week_operator.py for tasks to queue
[2025-04-21T17:44:46.995-0400] {logging_mixin.py:188} INFO - [2025-04-21T17:44:46.995-0400] {dagbag.py:538} INFO - Filling up the DagBag from /Users/gaurav/Documents/Breast-Cancer-ML-Pipeline/venv/lib/python3.9/site-packages/airflow/example_dags/example_branch_day_of_week_operator.py
[2025-04-21T17:44:47.003-0400] {processor.py:840} INFO - DAG(s) 'example_weekday_branch_operator' retrieved from /Users/gaurav/Documents/Breast-Cancer-ML-Pipeline/venv/lib/python3.9/site-packages/airflow/example_dags/example_branch_day_of_week_operator.py
[2025-04-21T17:44:47.069-0400] {logging_mixin.py:188} INFO - [2025-04-21T17:44:47.069-0400] {dag.py:3036} INFO - Sync 1 DAGs
[2025-04-21T17:44:47.082-0400] {logging_mixin.py:188} INFO - [2025-04-21T17:44:47.081-0400] {dag.py:3823} INFO - Setting next_dagrun for example_weekday_branch_operator to 2025-04-20 00:00:00+00:00, run_after=2025-04-21 00:00:00+00:00
[2025-04-21T17:44:47.094-0400] {processor.py:183} INFO - Processing /Users/gaurav/Documents/Breast-Cancer-ML-Pipeline/venv/lib/python3.9/site-packages/airflow/example_dags/example_branch_day_of_week_operator.py took 0.101 seconds
[2025-04-21T17:45:41.186-0400] {processor.py:161} INFO - Started process (PID=88415) to work on /Users/gaurav/Documents/Breast-Cancer-ML-Pipeline/venv/lib/python3.9/site-packages/airflow/example_dags/example_branch_day_of_week_operator.py
[2025-04-21T17:45:41.188-0400] {processor.py:830} INFO - Processing file /Users/gaurav/Documents/Breast-Cancer-ML-Pipeline/venv/lib/python3.9/site-packages/airflow/example_dags/example_branch_day_of_week_operator.py for tasks to queue
[2025-04-21T17:45:41.188-0400] {logging_mixin.py:188} INFO - [2025-04-21T17:45:41.188-0400] {dagbag.py:538} INFO - Filling up the DagBag from /Users/gaurav/Documents/Breast-Cancer-ML-Pipeline/venv/lib/python3.9/site-packages/airflow/example_dags/example_branch_day_of_week_operator.py
[2025-04-21T17:45:41.195-0400] {processor.py:840} INFO - DAG(s) 'example_weekday_branch_operator' retrieved from /Users/gaurav/Documents/Breast-Cancer-ML-Pipeline/venv/lib/python3.9/site-packages/airflow/example_dags/example_branch_day_of_week_operator.py
[2025-04-21T17:45:41.248-0400] {logging_mixin.py:188} INFO - [2025-04-21T17:45:41.248-0400] {dag.py:3036} INFO - Sync 1 DAGs
[2025-04-21T17:45:41.259-0400] {logging_mixin.py:188} INFO - [2025-04-21T17:45:41.258-0400] {dag.py:3823} INFO - Setting next_dagrun for example_weekday_branch_operator to 2025-04-20 00:00:00+00:00, run_after=2025-04-21 00:00:00+00:00
[2025-04-21T17:45:41.268-0400] {processor.py:183} INFO - Processing /Users/gaurav/Documents/Breast-Cancer-ML-Pipeline/venv/lib/python3.9/site-packages/airflow/example_dags/example_branch_day_of_week_operator.py took 0.083 seconds
[2025-04-21T17:47:03.453-0400] {processor.py:161} INFO - Started process (PID=88583) to work on /Users/gaurav/Documents/Breast-Cancer-ML-Pipeline/venv/lib/python3.9/site-packages/airflow/example_dags/example_branch_day_of_week_operator.py
[2025-04-21T17:47:03.454-0400] {processor.py:830} INFO - Processing file /Users/gaurav/Documents/Breast-Cancer-ML-Pipeline/venv/lib/python3.9/site-packages/airflow/example_dags/example_branch_day_of_week_operator.py for tasks to queue
[2025-04-21T17:47:03.455-0400] {logging_mixin.py:188} INFO - [2025-04-21T17:47:03.455-0400] {dagbag.py:538} INFO - Filling up the DagBag from /Users/gaurav/Documents/Breast-Cancer-ML-Pipeline/venv/lib/python3.9/site-packages/airflow/example_dags/example_branch_day_of_week_operator.py
[2025-04-21T17:47:03.461-0400] {processor.py:840} INFO - DAG(s) 'example_weekday_branch_operator' retrieved from /Users/gaurav/Documents/Breast-Cancer-ML-Pipeline/venv/lib/python3.9/site-packages/airflow/example_dags/example_branch_day_of_week_operator.py
[2025-04-21T17:47:03.515-0400] {logging_mixin.py:188} INFO - [2025-04-21T17:47:03.515-0400] {dag.py:3036} INFO - Sync 1 DAGs
[2025-04-21T17:47:03.525-0400] {logging_mixin.py:188} INFO - [2025-04-21T17:47:03.525-0400] {dag.py:3823} INFO - Setting next_dagrun for example_weekday_branch_operator to 2025-04-20 00:00:00+00:00, run_after=2025-04-21 00:00:00+00:00
[2025-04-21T17:47:03.534-0400] {processor.py:183} INFO - Processing /Users/gaurav/Documents/Breast-Cancer-ML-Pipeline/venv/lib/python3.9/site-packages/airflow/example_dags/example_branch_day_of_week_operator.py took 0.082 seconds
[2025-04-21T17:48:15.445-0400] {processor.py:161} INFO - Started process (PID=88673) to work on /Users/gaurav/Documents/Breast-Cancer-ML-Pipeline/venv/lib/python3.9/site-packages/airflow/example_dags/example_branch_day_of_week_operator.py
[2025-04-21T17:48:15.446-0400] {processor.py:830} INFO - Processing file /Users/gaurav/Documents/Breast-Cancer-ML-Pipeline/venv/lib/python3.9/site-packages/airflow/example_dags/example_branch_day_of_week_operator.py for tasks to queue
[2025-04-21T17:48:15.446-0400] {logging_mixin.py:188} INFO - [2025-04-21T17:48:15.446-0400] {dagbag.py:538} INFO - Filling up the DagBag from /Users/gaurav/Documents/Breast-Cancer-ML-Pipeline/venv/lib/python3.9/site-packages/airflow/example_dags/example_branch_day_of_week_operator.py
[2025-04-21T17:48:15.453-0400] {processor.py:840} INFO - DAG(s) 'example_weekday_branch_operator' retrieved from /Users/gaurav/Documents/Breast-Cancer-ML-Pipeline/venv/lib/python3.9/site-packages/airflow/example_dags/example_branch_day_of_week_operator.py
[2025-04-21T17:48:15.505-0400] {logging_mixin.py:188} INFO - [2025-04-21T17:48:15.505-0400] {dag.py:3036} INFO - Sync 1 DAGs
[2025-04-21T17:48:15.515-0400] {logging_mixin.py:188} INFO - [2025-04-21T17:48:15.515-0400] {dag.py:3823} INFO - Setting next_dagrun for example_weekday_branch_operator to 2025-04-20 00:00:00+00:00, run_after=2025-04-21 00:00:00+00:00
[2025-04-21T17:48:15.525-0400] {processor.py:183} INFO - Processing /Users/gaurav/Documents/Breast-Cancer-ML-Pipeline/venv/lib/python3.9/site-packages/airflow/example_dags/example_branch_day_of_week_operator.py took 0.080 seconds
[2025-04-21T17:49:20.353-0400] {processor.py:161} INFO - Started process (PID=88766) to work on /Users/gaurav/Documents/Breast-Cancer-ML-Pipeline/venv/lib/python3.9/site-packages/airflow/example_dags/example_branch_day_of_week_operator.py
[2025-04-21T17:49:20.355-0400] {processor.py:830} INFO - Processing file /Users/gaurav/Documents/Breast-Cancer-ML-Pipeline/venv/lib/python3.9/site-packages/airflow/example_dags/example_branch_day_of_week_operator.py for tasks to queue
[2025-04-21T17:49:20.355-0400] {logging_mixin.py:188} INFO - [2025-04-21T17:49:20.355-0400] {dagbag.py:538} INFO - Filling up the DagBag from /Users/gaurav/Documents/Breast-Cancer-ML-Pipeline/venv/lib/python3.9/site-packages/airflow/example_dags/example_branch_day_of_week_operator.py
[2025-04-21T17:49:20.361-0400] {processor.py:840} INFO - DAG(s) 'example_weekday_branch_operator' retrieved from /Users/gaurav/Documents/Breast-Cancer-ML-Pipeline/venv/lib/python3.9/site-packages/airflow/example_dags/example_branch_day_of_week_operator.py
[2025-04-21T17:49:20.413-0400] {logging_mixin.py:188} INFO - [2025-04-21T17:49:20.413-0400] {dag.py:3036} INFO - Sync 1 DAGs
[2025-04-21T17:49:20.423-0400] {logging_mixin.py:188} INFO - [2025-04-21T17:49:20.423-0400] {dag.py:3823} INFO - Setting next_dagrun for example_weekday_branch_operator to 2025-04-20 00:00:00+00:00, run_after=2025-04-21 00:00:00+00:00
[2025-04-21T17:49:20.433-0400] {processor.py:183} INFO - Processing /Users/gaurav/Documents/Breast-Cancer-ML-Pipeline/venv/lib/python3.9/site-packages/airflow/example_dags/example_branch_day_of_week_operator.py took 0.081 seconds
[2025-04-21T17:50:31.017-0400] {processor.py:161} INFO - Started process (PID=88868) to work on /Users/gaurav/Documents/Breast-Cancer-ML-Pipeline/venv/lib/python3.9/site-packages/airflow/example_dags/example_branch_day_of_week_operator.py
[2025-04-21T17:50:31.018-0400] {processor.py:830} INFO - Processing file /Users/gaurav/Documents/Breast-Cancer-ML-Pipeline/venv/lib/python3.9/site-packages/airflow/example_dags/example_branch_day_of_week_operator.py for tasks to queue
[2025-04-21T17:50:31.018-0400] {logging_mixin.py:188} INFO - [2025-04-21T17:50:31.018-0400] {dagbag.py:538} INFO - Filling up the DagBag from /Users/gaurav/Documents/Breast-Cancer-ML-Pipeline/venv/lib/python3.9/site-packages/airflow/example_dags/example_branch_day_of_week_operator.py
[2025-04-21T17:50:31.024-0400] {processor.py:840} INFO - DAG(s) 'example_weekday_branch_operator' retrieved from /Users/gaurav/Documents/Breast-Cancer-ML-Pipeline/venv/lib/python3.9/site-packages/airflow/example_dags/example_branch_day_of_week_operator.py
[2025-04-21T17:50:31.079-0400] {logging_mixin.py:188} INFO - [2025-04-21T17:50:31.079-0400] {dag.py:3036} INFO - Sync 1 DAGs
[2025-04-21T17:50:31.091-0400] {logging_mixin.py:188} INFO - [2025-04-21T17:50:31.090-0400] {dag.py:3823} INFO - Setting next_dagrun for example_weekday_branch_operator to 2025-04-20 00:00:00+00:00, run_after=2025-04-21 00:00:00+00:00
[2025-04-21T17:50:31.101-0400] {processor.py:183} INFO - Processing /Users/gaurav/Documents/Breast-Cancer-ML-Pipeline/venv/lib/python3.9/site-packages/airflow/example_dags/example_branch_day_of_week_operator.py took 0.085 seconds
[2025-04-21T17:51:48.764-0400] {processor.py:161} INFO - Started process (PID=88976) to work on /Users/gaurav/Documents/Breast-Cancer-ML-Pipeline/venv/lib/python3.9/site-packages/airflow/example_dags/example_branch_day_of_week_operator.py
[2025-04-21T17:51:48.766-0400] {processor.py:830} INFO - Processing file /Users/gaurav/Documents/Breast-Cancer-ML-Pipeline/venv/lib/python3.9/site-packages/airflow/example_dags/example_branch_day_of_week_operator.py for tasks to queue
[2025-04-21T17:51:48.766-0400] {logging_mixin.py:188} INFO - [2025-04-21T17:51:48.766-0400] {dagbag.py:538} INFO - Filling up the DagBag from /Users/gaurav/Documents/Breast-Cancer-ML-Pipeline/venv/lib/python3.9/site-packages/airflow/example_dags/example_branch_day_of_week_operator.py
[2025-04-21T17:51:48.772-0400] {processor.py:840} INFO - DAG(s) 'example_weekday_branch_operator' retrieved from /Users/gaurav/Documents/Breast-Cancer-ML-Pipeline/venv/lib/python3.9/site-packages/airflow/example_dags/example_branch_day_of_week_operator.py
[2025-04-21T17:51:48.827-0400] {logging_mixin.py:188} INFO - [2025-04-21T17:51:48.827-0400] {dag.py:3036} INFO - Sync 1 DAGs
[2025-04-21T17:51:48.837-0400] {logging_mixin.py:188} INFO - [2025-04-21T17:51:48.837-0400] {dag.py:3823} INFO - Setting next_dagrun for example_weekday_branch_operator to 2025-04-20 00:00:00+00:00, run_after=2025-04-21 00:00:00+00:00
[2025-04-21T17:51:48.848-0400] {processor.py:183} INFO - Processing /Users/gaurav/Documents/Breast-Cancer-ML-Pipeline/venv/lib/python3.9/site-packages/airflow/example_dags/example_branch_day_of_week_operator.py took 0.085 seconds
[2025-04-21T17:53:07.505-0400] {processor.py:161} INFO - Started process (PID=89081) to work on /Users/gaurav/Documents/Breast-Cancer-ML-Pipeline/venv/lib/python3.9/site-packages/airflow/example_dags/example_branch_day_of_week_operator.py
[2025-04-21T17:53:07.507-0400] {processor.py:830} INFO - Processing file /Users/gaurav/Documents/Breast-Cancer-ML-Pipeline/venv/lib/python3.9/site-packages/airflow/example_dags/example_branch_day_of_week_operator.py for tasks to queue
[2025-04-21T17:53:07.507-0400] {logging_mixin.py:188} INFO - [2025-04-21T17:53:07.507-0400] {dagbag.py:538} INFO - Filling up the DagBag from /Users/gaurav/Documents/Breast-Cancer-ML-Pipeline/venv/lib/python3.9/site-packages/airflow/example_dags/example_branch_day_of_week_operator.py
[2025-04-21T17:53:07.513-0400] {processor.py:840} INFO - DAG(s) 'example_weekday_branch_operator' retrieved from /Users/gaurav/Documents/Breast-Cancer-ML-Pipeline/venv/lib/python3.9/site-packages/airflow/example_dags/example_branch_day_of_week_operator.py
[2025-04-21T17:53:07.565-0400] {logging_mixin.py:188} INFO - [2025-04-21T17:53:07.565-0400] {dag.py:3036} INFO - Sync 1 DAGs
[2025-04-21T17:53:07.575-0400] {logging_mixin.py:188} INFO - [2025-04-21T17:53:07.575-0400] {dag.py:3823} INFO - Setting next_dagrun for example_weekday_branch_operator to 2025-04-20 00:00:00+00:00, run_after=2025-04-21 00:00:00+00:00
[2025-04-21T17:53:07.585-0400] {processor.py:183} INFO - Processing /Users/gaurav/Documents/Breast-Cancer-ML-Pipeline/venv/lib/python3.9/site-packages/airflow/example_dags/example_branch_day_of_week_operator.py took 0.080 seconds
[2025-04-21T17:54:25.265-0400] {processor.py:161} INFO - Started process (PID=89194) to work on /Users/gaurav/Documents/Breast-Cancer-ML-Pipeline/venv/lib/python3.9/site-packages/airflow/example_dags/example_branch_day_of_week_operator.py
[2025-04-21T17:54:25.267-0400] {processor.py:830} INFO - Processing file /Users/gaurav/Documents/Breast-Cancer-ML-Pipeline/venv/lib/python3.9/site-packages/airflow/example_dags/example_branch_day_of_week_operator.py for tasks to queue
[2025-04-21T17:54:25.267-0400] {logging_mixin.py:188} INFO - [2025-04-21T17:54:25.267-0400] {dagbag.py:538} INFO - Filling up the DagBag from /Users/gaurav/Documents/Breast-Cancer-ML-Pipeline/venv/lib/python3.9/site-packages/airflow/example_dags/example_branch_day_of_week_operator.py
[2025-04-21T17:54:25.273-0400] {processor.py:840} INFO - DAG(s) 'example_weekday_branch_operator' retrieved from /Users/gaurav/Documents/Breast-Cancer-ML-Pipeline/venv/lib/python3.9/site-packages/airflow/example_dags/example_branch_day_of_week_operator.py
[2025-04-21T17:54:25.322-0400] {logging_mixin.py:188} INFO - [2025-04-21T17:54:25.322-0400] {dag.py:3036} INFO - Sync 1 DAGs
[2025-04-21T17:54:25.331-0400] {logging_mixin.py:188} INFO - [2025-04-21T17:54:25.331-0400] {dag.py:3823} INFO - Setting next_dagrun for example_weekday_branch_operator to 2025-04-20 00:00:00+00:00, run_after=2025-04-21 00:00:00+00:00
[2025-04-21T17:54:25.341-0400] {processor.py:183} INFO - Processing /Users/gaurav/Documents/Breast-Cancer-ML-Pipeline/venv/lib/python3.9/site-packages/airflow/example_dags/example_branch_day_of_week_operator.py took 0.076 seconds
