[2025-04-21T16:39:21.874-0400] {processor.py:161} INFO - Started process (PID=83553) to work on /Users/gaurav/Documents/Breast-Cancer-ML-Pipeline/venv/lib/python3.9/site-packages/airflow/example_dags/example_params_ui_tutorial.py
[2025-04-21T16:39:21.875-0400] {processor.py:830} INFO - Processing file /Users/gaurav/Documents/Breast-Cancer-ML-Pipeline/venv/lib/python3.9/site-packages/airflow/example_dags/example_params_ui_tutorial.py for tasks to queue
[2025-04-21T16:39:21.875-0400] {logging_mixin.py:188} INFO - [2025-04-21T16:39:21.875-0400] {dagbag.py:538} INFO - Filling up the DagBag from /Users/gaurav/Documents/Breast-Cancer-ML-Pipeline/venv/lib/python3.9/site-packages/airflow/example_dags/example_params_ui_tutorial.py
[2025-04-21T16:39:21.904-0400] {processor.py:840} INFO - DAG(s) 'example_params_ui_tutorial' retrieved from /Users/gaurav/Documents/Breast-Cancer-ML-Pipeline/venv/lib/python3.9/site-packages/airflow/example_dags/example_params_ui_tutorial.py
[2025-04-21T16:39:22.045-0400] {logging_mixin.py:188} INFO - [2025-04-21T16:39:22.045-0400] {override.py:1769} INFO - Created Permission View: can read on DAG:example_params_ui_tutorial
[2025-04-21T16:39:22.052-0400] {logging_mixin.py:188} INFO - [2025-04-21T16:39:22.051-0400] {override.py:1769} INFO - Created Permission View: can edit on DAG:example_params_ui_tutorial
[2025-04-21T16:39:22.055-0400] {logging_mixin.py:188} INFO - [2025-04-21T16:39:22.055-0400] {override.py:1769} INFO - Created Permission View: can delete on DAG:example_params_ui_tutorial
[2025-04-21T16:39:22.056-0400] {logging_mixin.py:188} INFO - [2025-04-21T16:39:22.056-0400] {dag.py:3036} INFO - Sync 1 DAGs
[2025-04-21T16:39:22.062-0400] {logging_mixin.py:188} INFO - [2025-04-21T16:39:22.062-0400] {dag.py:3058} INFO - Creating ORM DAG for example_params_ui_tutorial
[2025-04-21T16:39:22.063-0400] {logging_mixin.py:188} INFO - [2025-04-21T16:39:22.062-0400] {dag.py:3823} INFO - Setting next_dagrun for example_params_ui_tutorial to None, run_after=None
[2025-04-21T16:39:22.073-0400] {processor.py:183} INFO - Processing /Users/gaurav/Documents/Breast-Cancer-ML-Pipeline/venv/lib/python3.9/site-packages/airflow/example_dags/example_params_ui_tutorial.py took 0.201 seconds
[2025-04-21T16:41:11.535-0400] {processor.py:161} INFO - Started process (PID=83657) to work on /Users/gaurav/Documents/Breast-Cancer-ML-Pipeline/venv/lib/python3.9/site-packages/airflow/example_dags/example_params_ui_tutorial.py
[2025-04-21T16:41:11.537-0400] {processor.py:830} INFO - Processing file /Users/gaurav/Documents/Breast-Cancer-ML-Pipeline/venv/lib/python3.9/site-packages/airflow/example_dags/example_params_ui_tutorial.py for tasks to queue
[2025-04-21T16:41:11.537-0400] {logging_mixin.py:188} INFO - [2025-04-21T16:41:11.537-0400] {dagbag.py:538} INFO - Filling up the DagBag from /Users/gaurav/Documents/Breast-Cancer-ML-Pipeline/venv/lib/python3.9/site-packages/airflow/example_dags/example_params_ui_tutorial.py
[2025-04-21T16:41:11.567-0400] {processor.py:840} INFO - DAG(s) 'example_params_ui_tutorial' retrieved from /Users/gaurav/Documents/Breast-Cancer-ML-Pipeline/venv/lib/python3.9/site-packages/airflow/example_dags/example_params_ui_tutorial.py
[2025-04-21T16:41:11.652-0400] {logging_mixin.py:188} INFO - [2025-04-21T16:41:11.652-0400] {dag.py:3036} INFO - Sync 1 DAGs
[2025-04-21T16:41:11.658-0400] {logging_mixin.py:188} INFO - [2025-04-21T16:41:11.658-0400] {dag.py:3823} INFO - Setting next_dagrun for example_params_ui_tutorial to None, run_after=None
[2025-04-21T16:41:11.670-0400] {processor.py:183} INFO - Processing /Users/gaurav/Documents/Breast-Cancer-ML-Pipeline/venv/lib/python3.9/site-packages/airflow/example_dags/example_params_ui_tutorial.py took 0.136 seconds
[2025-04-21T16:43:54.985-0400] {processor.py:161} INFO - Started process (PID=83795) to work on /Users/gaurav/Documents/Breast-Cancer-ML-Pipeline/venv/lib/python3.9/site-packages/airflow/example_dags/example_params_ui_tutorial.py
[2025-04-21T16:43:54.987-0400] {processor.py:830} INFO - Processing file /Users/gaurav/Documents/Breast-Cancer-ML-Pipeline/venv/lib/python3.9/site-packages/airflow/example_dags/example_params_ui_tutorial.py for tasks to queue
[2025-04-21T16:43:54.988-0400] {logging_mixin.py:188} INFO - [2025-04-21T16:43:54.988-0400] {dagbag.py:538} INFO - Filling up the DagBag from /Users/gaurav/Documents/Breast-Cancer-ML-Pipeline/venv/lib/python3.9/site-packages/airflow/example_dags/example_params_ui_tutorial.py
[2025-04-21T16:43:55.018-0400] {processor.py:840} INFO - DAG(s) 'example_params_ui_tutorial' retrieved from /Users/gaurav/Documents/Breast-Cancer-ML-Pipeline/venv/lib/python3.9/site-packages/airflow/example_dags/example_params_ui_tutorial.py
[2025-04-21T16:43:55.108-0400] {logging_mixin.py:188} INFO - [2025-04-21T16:43:55.108-0400] {dag.py:3036} INFO - Sync 1 DAGs
[2025-04-21T16:43:55.115-0400] {logging_mixin.py:188} INFO - [2025-04-21T16:43:55.115-0400] {dag.py:3823} INFO - Setting next_dagrun for example_params_ui_tutorial to None, run_after=None
[2025-04-21T16:43:55.127-0400] {processor.py:183} INFO - Processing /Users/gaurav/Documents/Breast-Cancer-ML-Pipeline/venv/lib/python3.9/site-packages/airflow/example_dags/example_params_ui_tutorial.py took 0.143 seconds
[2025-04-21T16:47:07.966-0400] {processor.py:161} INFO - Started process (PID=84021) to work on /Users/gaurav/Documents/Breast-Cancer-ML-Pipeline/venv/lib/python3.9/site-packages/airflow/example_dags/example_params_ui_tutorial.py
[2025-04-21T16:47:07.967-0400] {processor.py:830} INFO - Processing file /Users/gaurav/Documents/Breast-Cancer-ML-Pipeline/venv/lib/python3.9/site-packages/airflow/example_dags/example_params_ui_tutorial.py for tasks to queue
[2025-04-21T16:47:07.968-0400] {logging_mixin.py:188} INFO - [2025-04-21T16:47:07.968-0400] {dagbag.py:538} INFO - Filling up the DagBag from /Users/gaurav/Documents/Breast-Cancer-ML-Pipeline/venv/lib/python3.9/site-packages/airflow/example_dags/example_params_ui_tutorial.py
[2025-04-21T16:47:07.997-0400] {processor.py:840} INFO - DAG(s) 'example_params_ui_tutorial' retrieved from /Users/gaurav/Documents/Breast-Cancer-ML-Pipeline/venv/lib/python3.9/site-packages/airflow/example_dags/example_params_ui_tutorial.py
[2025-04-21T16:47:08.081-0400] {logging_mixin.py:188} INFO - [2025-04-21T16:47:08.080-0400] {dag.py:3036} INFO - Sync 1 DAGs
[2025-04-21T16:47:08.087-0400] {logging_mixin.py:188} INFO - [2025-04-21T16:47:08.086-0400] {dag.py:3823} INFO - Setting next_dagrun for example_params_ui_tutorial to None, run_after=None
[2025-04-21T16:47:08.098-0400] {processor.py:183} INFO - Processing /Users/gaurav/Documents/Breast-Cancer-ML-Pipeline/venv/lib/python3.9/site-packages/airflow/example_dags/example_params_ui_tutorial.py took 0.133 seconds
[2025-04-21T16:48:21.259-0400] {processor.py:161} INFO - Started process (PID=84106) to work on /Users/gaurav/Documents/Breast-Cancer-ML-Pipeline/venv/lib/python3.9/site-packages/airflow/example_dags/example_params_ui_tutorial.py
[2025-04-21T16:48:21.261-0400] {processor.py:830} INFO - Processing file /Users/gaurav/Documents/Breast-Cancer-ML-Pipeline/venv/lib/python3.9/site-packages/airflow/example_dags/example_params_ui_tutorial.py for tasks to queue
[2025-04-21T16:48:21.261-0400] {logging_mixin.py:188} INFO - [2025-04-21T16:48:21.261-0400] {dagbag.py:538} INFO - Filling up the DagBag from /Users/gaurav/Documents/Breast-Cancer-ML-Pipeline/venv/lib/python3.9/site-packages/airflow/example_dags/example_params_ui_tutorial.py
[2025-04-21T16:48:21.292-0400] {processor.py:840} INFO - DAG(s) 'example_params_ui_tutorial' retrieved from /Users/gaurav/Documents/Breast-Cancer-ML-Pipeline/venv/lib/python3.9/site-packages/airflow/example_dags/example_params_ui_tutorial.py
[2025-04-21T16:48:21.401-0400] {logging_mixin.py:188} INFO - [2025-04-21T16:48:21.401-0400] {dag.py:3036} INFO - Sync 1 DAGs
[2025-04-21T16:48:21.407-0400] {logging_mixin.py:188} INFO - [2025-04-21T16:48:21.407-0400] {dag.py:3823} INFO - Setting next_dagrun for example_params_ui_tutorial to None, run_after=None
[2025-04-21T16:48:21.419-0400] {processor.py:183} INFO - Processing /Users/gaurav/Documents/Breast-Cancer-ML-Pipeline/venv/lib/python3.9/site-packages/airflow/example_dags/example_params_ui_tutorial.py took 0.161 seconds
[2025-04-21T16:49:32.427-0400] {processor.py:161} INFO - Started process (PID=84191) to work on /Users/gaurav/Documents/Breast-Cancer-ML-Pipeline/venv/lib/python3.9/site-packages/airflow/example_dags/example_params_ui_tutorial.py
[2025-04-21T16:49:32.429-0400] {processor.py:830} INFO - Processing file /Users/gaurav/Documents/Breast-Cancer-ML-Pipeline/venv/lib/python3.9/site-packages/airflow/example_dags/example_params_ui_tutorial.py for tasks to queue
[2025-04-21T16:49:32.430-0400] {logging_mixin.py:188} INFO - [2025-04-21T16:49:32.430-0400] {dagbag.py:538} INFO - Filling up the DagBag from /Users/gaurav/Documents/Breast-Cancer-ML-Pipeline/venv/lib/python3.9/site-packages/airflow/example_dags/example_params_ui_tutorial.py
[2025-04-21T16:49:32.459-0400] {processor.py:840} INFO - DAG(s) 'example_params_ui_tutorial' retrieved from /Users/gaurav/Documents/Breast-Cancer-ML-Pipeline/venv/lib/python3.9/site-packages/airflow/example_dags/example_params_ui_tutorial.py
[2025-04-21T16:49:32.543-0400] {logging_mixin.py:188} INFO - [2025-04-21T16:49:32.543-0400] {dag.py:3036} INFO - Sync 1 DAGs
[2025-04-21T16:49:32.549-0400] {logging_mixin.py:188} INFO - [2025-04-21T16:49:32.549-0400] {dag.py:3823} INFO - Setting next_dagrun for example_params_ui_tutorial to None, run_after=None
[2025-04-21T16:49:32.560-0400] {processor.py:183} INFO - Processing /Users/gaurav/Documents/Breast-Cancer-ML-Pipeline/venv/lib/python3.9/site-packages/airflow/example_dags/example_params_ui_tutorial.py took 0.134 seconds
[2025-04-21T16:50:46.959-0400] {processor.py:161} INFO - Started process (PID=84272) to work on /Users/gaurav/Documents/Breast-Cancer-ML-Pipeline/venv/lib/python3.9/site-packages/airflow/example_dags/example_params_ui_tutorial.py
[2025-04-21T16:50:46.961-0400] {processor.py:830} INFO - Processing file /Users/gaurav/Documents/Breast-Cancer-ML-Pipeline/venv/lib/python3.9/site-packages/airflow/example_dags/example_params_ui_tutorial.py for tasks to queue
[2025-04-21T16:50:46.962-0400] {logging_mixin.py:188} INFO - [2025-04-21T16:50:46.962-0400] {dagbag.py:538} INFO - Filling up the DagBag from /Users/gaurav/Documents/Breast-Cancer-ML-Pipeline/venv/lib/python3.9/site-packages/airflow/example_dags/example_params_ui_tutorial.py
[2025-04-21T16:50:46.993-0400] {processor.py:840} INFO - DAG(s) 'example_params_ui_tutorial' retrieved from /Users/gaurav/Documents/Breast-Cancer-ML-Pipeline/venv/lib/python3.9/site-packages/airflow/example_dags/example_params_ui_tutorial.py
[2025-04-21T16:50:47.079-0400] {logging_mixin.py:188} INFO - [2025-04-21T16:50:47.079-0400] {dag.py:3036} INFO - Sync 1 DAGs
[2025-04-21T16:50:47.085-0400] {logging_mixin.py:188} INFO - [2025-04-21T16:50:47.085-0400] {dag.py:3823} INFO - Setting next_dagrun for example_params_ui_tutorial to None, run_after=None
[2025-04-21T16:50:47.097-0400] {processor.py:183} INFO - Processing /Users/gaurav/Documents/Breast-Cancer-ML-Pipeline/venv/lib/python3.9/site-packages/airflow/example_dags/example_params_ui_tutorial.py took 0.139 seconds
[2025-04-21T16:52:10.358-0400] {processor.py:161} INFO - Started process (PID=84362) to work on /Users/gaurav/Documents/Breast-Cancer-ML-Pipeline/venv/lib/python3.9/site-packages/airflow/example_dags/example_params_ui_tutorial.py
[2025-04-21T16:52:10.360-0400] {processor.py:830} INFO - Processing file /Users/gaurav/Documents/Breast-Cancer-ML-Pipeline/venv/lib/python3.9/site-packages/airflow/example_dags/example_params_ui_tutorial.py for tasks to queue
[2025-04-21T16:52:10.361-0400] {logging_mixin.py:188} INFO - [2025-04-21T16:52:10.361-0400] {dagbag.py:538} INFO - Filling up the DagBag from /Users/gaurav/Documents/Breast-Cancer-ML-Pipeline/venv/lib/python3.9/site-packages/airflow/example_dags/example_params_ui_tutorial.py
[2025-04-21T16:52:10.391-0400] {processor.py:840} INFO - DAG(s) 'example_params_ui_tutorial' retrieved from /Users/gaurav/Documents/Breast-Cancer-ML-Pipeline/venv/lib/python3.9/site-packages/airflow/example_dags/example_params_ui_tutorial.py
[2025-04-21T16:52:10.480-0400] {logging_mixin.py:188} INFO - [2025-04-21T16:52:10.480-0400] {dag.py:3036} INFO - Sync 1 DAGs
[2025-04-21T16:52:10.486-0400] {logging_mixin.py:188} INFO - [2025-04-21T16:52:10.486-0400] {dag.py:3823} INFO - Setting next_dagrun for example_params_ui_tutorial to None, run_after=None
[2025-04-21T16:52:10.498-0400] {processor.py:183} INFO - Processing /Users/gaurav/Documents/Breast-Cancer-ML-Pipeline/venv/lib/python3.9/site-packages/airflow/example_dags/example_params_ui_tutorial.py took 0.141 seconds
[2025-04-21T16:53:32.637-0400] {processor.py:161} INFO - Started process (PID=84471) to work on /Users/gaurav/Documents/Breast-Cancer-ML-Pipeline/venv/lib/python3.9/site-packages/airflow/example_dags/example_params_ui_tutorial.py
[2025-04-21T16:53:32.639-0400] {processor.py:830} INFO - Processing file /Users/gaurav/Documents/Breast-Cancer-ML-Pipeline/venv/lib/python3.9/site-packages/airflow/example_dags/example_params_ui_tutorial.py for tasks to queue
[2025-04-21T16:53:32.639-0400] {logging_mixin.py:188} INFO - [2025-04-21T16:53:32.639-0400] {dagbag.py:538} INFO - Filling up the DagBag from /Users/gaurav/Documents/Breast-Cancer-ML-Pipeline/venv/lib/python3.9/site-packages/airflow/example_dags/example_params_ui_tutorial.py
[2025-04-21T16:53:32.669-0400] {processor.py:840} INFO - DAG(s) 'example_params_ui_tutorial' retrieved from /Users/gaurav/Documents/Breast-Cancer-ML-Pipeline/venv/lib/python3.9/site-packages/airflow/example_dags/example_params_ui_tutorial.py
[2025-04-21T16:53:32.755-0400] {logging_mixin.py:188} INFO - [2025-04-21T16:53:32.755-0400] {dag.py:3036} INFO - Sync 1 DAGs
[2025-04-21T16:53:32.761-0400] {logging_mixin.py:188} INFO - [2025-04-21T16:53:32.761-0400] {dag.py:3823} INFO - Setting next_dagrun for example_params_ui_tutorial to None, run_after=None
[2025-04-21T16:53:32.773-0400] {processor.py:183} INFO - Processing /Users/gaurav/Documents/Breast-Cancer-ML-Pipeline/venv/lib/python3.9/site-packages/airflow/example_dags/example_params_ui_tutorial.py took 0.138 seconds
[2025-04-21T16:56:36.941-0400] {processor.py:161} INFO - Started process (PID=84700) to work on /Users/gaurav/Documents/Breast-Cancer-ML-Pipeline/venv/lib/python3.9/site-packages/airflow/example_dags/example_params_ui_tutorial.py
[2025-04-21T16:56:36.943-0400] {processor.py:830} INFO - Processing file /Users/gaurav/Documents/Breast-Cancer-ML-Pipeline/venv/lib/python3.9/site-packages/airflow/example_dags/example_params_ui_tutorial.py for tasks to queue
[2025-04-21T16:56:36.943-0400] {logging_mixin.py:188} INFO - [2025-04-21T16:56:36.943-0400] {dagbag.py:538} INFO - Filling up the DagBag from /Users/gaurav/Documents/Breast-Cancer-ML-Pipeline/venv/lib/python3.9/site-packages/airflow/example_dags/example_params_ui_tutorial.py
[2025-04-21T16:56:36.975-0400] {processor.py:840} INFO - DAG(s) 'example_params_ui_tutorial' retrieved from /Users/gaurav/Documents/Breast-Cancer-ML-Pipeline/venv/lib/python3.9/site-packages/airflow/example_dags/example_params_ui_tutorial.py
[2025-04-21T16:56:37.113-0400] {logging_mixin.py:188} INFO - [2025-04-21T16:56:37.113-0400] {dag.py:3036} INFO - Sync 1 DAGs
[2025-04-21T16:56:37.119-0400] {logging_mixin.py:188} INFO - [2025-04-21T16:56:37.119-0400] {dag.py:3823} INFO - Setting next_dagrun for example_params_ui_tutorial to None, run_after=None
[2025-04-21T16:56:37.132-0400] {processor.py:183} INFO - Processing /Users/gaurav/Documents/Breast-Cancer-ML-Pipeline/venv/lib/python3.9/site-packages/airflow/example_dags/example_params_ui_tutorial.py took 0.192 seconds
[2025-04-21T16:58:01.300-0400] {processor.py:161} INFO - Started process (PID=84813) to work on /Users/gaurav/Documents/Breast-Cancer-ML-Pipeline/venv/lib/python3.9/site-packages/airflow/example_dags/example_params_ui_tutorial.py
[2025-04-21T16:58:01.302-0400] {processor.py:830} INFO - Processing file /Users/gaurav/Documents/Breast-Cancer-ML-Pipeline/venv/lib/python3.9/site-packages/airflow/example_dags/example_params_ui_tutorial.py for tasks to queue
[2025-04-21T16:58:01.302-0400] {logging_mixin.py:188} INFO - [2025-04-21T16:58:01.302-0400] {dagbag.py:538} INFO - Filling up the DagBag from /Users/gaurav/Documents/Breast-Cancer-ML-Pipeline/venv/lib/python3.9/site-packages/airflow/example_dags/example_params_ui_tutorial.py
[2025-04-21T16:58:01.334-0400] {processor.py:840} INFO - DAG(s) 'example_params_ui_tutorial' retrieved from /Users/gaurav/Documents/Breast-Cancer-ML-Pipeline/venv/lib/python3.9/site-packages/airflow/example_dags/example_params_ui_tutorial.py
[2025-04-21T16:58:01.425-0400] {logging_mixin.py:188} INFO - [2025-04-21T16:58:01.425-0400] {dag.py:3036} INFO - Sync 1 DAGs
[2025-04-21T16:58:01.432-0400] {logging_mixin.py:188} INFO - [2025-04-21T16:58:01.432-0400] {dag.py:3823} INFO - Setting next_dagrun for example_params_ui_tutorial to None, run_after=None
[2025-04-21T16:58:01.446-0400] {processor.py:183} INFO - Processing /Users/gaurav/Documents/Breast-Cancer-ML-Pipeline/venv/lib/python3.9/site-packages/airflow/example_dags/example_params_ui_tutorial.py took 0.147 seconds
[2025-04-21T16:59:22.385-0400] {processor.py:161} INFO - Started process (PID=84906) to work on /Users/gaurav/Documents/Breast-Cancer-ML-Pipeline/venv/lib/python3.9/site-packages/airflow/example_dags/example_params_ui_tutorial.py
[2025-04-21T16:59:22.387-0400] {processor.py:830} INFO - Processing file /Users/gaurav/Documents/Breast-Cancer-ML-Pipeline/venv/lib/python3.9/site-packages/airflow/example_dags/example_params_ui_tutorial.py for tasks to queue
[2025-04-21T16:59:22.388-0400] {logging_mixin.py:188} INFO - [2025-04-21T16:59:22.387-0400] {dagbag.py:538} INFO - Filling up the DagBag from /Users/gaurav/Documents/Breast-Cancer-ML-Pipeline/venv/lib/python3.9/site-packages/airflow/example_dags/example_params_ui_tutorial.py
[2025-04-21T16:59:22.419-0400] {processor.py:840} INFO - DAG(s) 'example_params_ui_tutorial' retrieved from /Users/gaurav/Documents/Breast-Cancer-ML-Pipeline/venv/lib/python3.9/site-packages/airflow/example_dags/example_params_ui_tutorial.py
[2025-04-21T16:59:22.508-0400] {logging_mixin.py:188} INFO - [2025-04-21T16:59:22.508-0400] {dag.py:3036} INFO - Sync 1 DAGs
[2025-04-21T16:59:22.515-0400] {logging_mixin.py:188} INFO - [2025-04-21T16:59:22.514-0400] {dag.py:3823} INFO - Setting next_dagrun for example_params_ui_tutorial to None, run_after=None
[2025-04-21T16:59:22.526-0400] {processor.py:183} INFO - Processing /Users/gaurav/Documents/Breast-Cancer-ML-Pipeline/venv/lib/python3.9/site-packages/airflow/example_dags/example_params_ui_tutorial.py took 0.142 seconds
[2025-04-21T17:00:35.217-0400] {processor.py:161} INFO - Started process (PID=84994) to work on /Users/gaurav/Documents/Breast-Cancer-ML-Pipeline/venv/lib/python3.9/site-packages/airflow/example_dags/example_params_ui_tutorial.py
[2025-04-21T17:00:35.219-0400] {processor.py:830} INFO - Processing file /Users/gaurav/Documents/Breast-Cancer-ML-Pipeline/venv/lib/python3.9/site-packages/airflow/example_dags/example_params_ui_tutorial.py for tasks to queue
[2025-04-21T17:00:35.219-0400] {logging_mixin.py:188} INFO - [2025-04-21T17:00:35.219-0400] {dagbag.py:538} INFO - Filling up the DagBag from /Users/gaurav/Documents/Breast-Cancer-ML-Pipeline/venv/lib/python3.9/site-packages/airflow/example_dags/example_params_ui_tutorial.py
[2025-04-21T17:00:35.248-0400] {processor.py:840} INFO - DAG(s) 'example_params_ui_tutorial' retrieved from /Users/gaurav/Documents/Breast-Cancer-ML-Pipeline/venv/lib/python3.9/site-packages/airflow/example_dags/example_params_ui_tutorial.py
[2025-04-21T17:00:35.329-0400] {logging_mixin.py:188} INFO - [2025-04-21T17:00:35.329-0400] {dag.py:3036} INFO - Sync 1 DAGs
[2025-04-21T17:00:35.335-0400] {logging_mixin.py:188} INFO - [2025-04-21T17:00:35.335-0400] {dag.py:3823} INFO - Setting next_dagrun for example_params_ui_tutorial to None, run_after=None
[2025-04-21T17:00:35.347-0400] {processor.py:183} INFO - Processing /Users/gaurav/Documents/Breast-Cancer-ML-Pipeline/venv/lib/python3.9/site-packages/airflow/example_dags/example_params_ui_tutorial.py took 0.131 seconds
[2025-04-21T17:01:58.402-0400] {processor.py:161} INFO - Started process (PID=85097) to work on /Users/gaurav/Documents/Breast-Cancer-ML-Pipeline/venv/lib/python3.9/site-packages/airflow/example_dags/example_params_ui_tutorial.py
[2025-04-21T17:01:58.404-0400] {processor.py:830} INFO - Processing file /Users/gaurav/Documents/Breast-Cancer-ML-Pipeline/venv/lib/python3.9/site-packages/airflow/example_dags/example_params_ui_tutorial.py for tasks to queue
[2025-04-21T17:01:58.404-0400] {logging_mixin.py:188} INFO - [2025-04-21T17:01:58.404-0400] {dagbag.py:538} INFO - Filling up the DagBag from /Users/gaurav/Documents/Breast-Cancer-ML-Pipeline/venv/lib/python3.9/site-packages/airflow/example_dags/example_params_ui_tutorial.py
[2025-04-21T17:01:58.435-0400] {processor.py:840} INFO - DAG(s) 'example_params_ui_tutorial' retrieved from /Users/gaurav/Documents/Breast-Cancer-ML-Pipeline/venv/lib/python3.9/site-packages/airflow/example_dags/example_params_ui_tutorial.py
[2025-04-21T17:01:58.529-0400] {logging_mixin.py:188} INFO - [2025-04-21T17:01:58.529-0400] {dag.py:3036} INFO - Sync 1 DAGs
[2025-04-21T17:01:58.537-0400] {logging_mixin.py:188} INFO - [2025-04-21T17:01:58.536-0400] {dag.py:3823} INFO - Setting next_dagrun for example_params_ui_tutorial to None, run_after=None
[2025-04-21T17:01:58.551-0400] {processor.py:183} INFO - Processing /Users/gaurav/Documents/Breast-Cancer-ML-Pipeline/venv/lib/python3.9/site-packages/airflow/example_dags/example_params_ui_tutorial.py took 0.149 seconds
[2025-04-21T17:03:16.975-0400] {processor.py:161} INFO - Started process (PID=85185) to work on /Users/gaurav/Documents/Breast-Cancer-ML-Pipeline/venv/lib/python3.9/site-packages/airflow/example_dags/example_params_ui_tutorial.py
[2025-04-21T17:03:16.976-0400] {processor.py:830} INFO - Processing file /Users/gaurav/Documents/Breast-Cancer-ML-Pipeline/venv/lib/python3.9/site-packages/airflow/example_dags/example_params_ui_tutorial.py for tasks to queue
[2025-04-21T17:03:16.977-0400] {logging_mixin.py:188} INFO - [2025-04-21T17:03:16.977-0400] {dagbag.py:538} INFO - Filling up the DagBag from /Users/gaurav/Documents/Breast-Cancer-ML-Pipeline/venv/lib/python3.9/site-packages/airflow/example_dags/example_params_ui_tutorial.py
[2025-04-21T17:03:17.011-0400] {processor.py:840} INFO - DAG(s) 'example_params_ui_tutorial' retrieved from /Users/gaurav/Documents/Breast-Cancer-ML-Pipeline/venv/lib/python3.9/site-packages/airflow/example_dags/example_params_ui_tutorial.py
[2025-04-21T17:03:17.097-0400] {logging_mixin.py:188} INFO - [2025-04-21T17:03:17.097-0400] {dag.py:3036} INFO - Sync 1 DAGs
[2025-04-21T17:03:17.103-0400] {logging_mixin.py:188} INFO - [2025-04-21T17:03:17.103-0400] {dag.py:3823} INFO - Setting next_dagrun for example_params_ui_tutorial to None, run_after=None
[2025-04-21T17:03:17.115-0400] {processor.py:183} INFO - Processing /Users/gaurav/Documents/Breast-Cancer-ML-Pipeline/venv/lib/python3.9/site-packages/airflow/example_dags/example_params_ui_tutorial.py took 0.140 seconds
[2025-04-21T17:04:30.126-0400] {processor.py:161} INFO - Started process (PID=85284) to work on /Users/gaurav/Documents/Breast-Cancer-ML-Pipeline/venv/lib/python3.9/site-packages/airflow/example_dags/example_params_ui_tutorial.py
[2025-04-21T17:04:30.127-0400] {processor.py:830} INFO - Processing file /Users/gaurav/Documents/Breast-Cancer-ML-Pipeline/venv/lib/python3.9/site-packages/airflow/example_dags/example_params_ui_tutorial.py for tasks to queue
[2025-04-21T17:04:30.128-0400] {logging_mixin.py:188} INFO - [2025-04-21T17:04:30.128-0400] {dagbag.py:538} INFO - Filling up the DagBag from /Users/gaurav/Documents/Breast-Cancer-ML-Pipeline/venv/lib/python3.9/site-packages/airflow/example_dags/example_params_ui_tutorial.py
[2025-04-21T17:04:30.161-0400] {processor.py:840} INFO - DAG(s) 'example_params_ui_tutorial' retrieved from /Users/gaurav/Documents/Breast-Cancer-ML-Pipeline/venv/lib/python3.9/site-packages/airflow/example_dags/example_params_ui_tutorial.py
[2025-04-21T17:04:30.247-0400] {logging_mixin.py:188} INFO - [2025-04-21T17:04:30.247-0400] {dag.py:3036} INFO - Sync 1 DAGs
[2025-04-21T17:04:30.253-0400] {logging_mixin.py:188} INFO - [2025-04-21T17:04:30.253-0400] {dag.py:3823} INFO - Setting next_dagrun for example_params_ui_tutorial to None, run_after=None
[2025-04-21T17:04:30.265-0400] {processor.py:183} INFO - Processing /Users/gaurav/Documents/Breast-Cancer-ML-Pipeline/venv/lib/python3.9/site-packages/airflow/example_dags/example_params_ui_tutorial.py took 0.140 seconds
[2025-04-21T17:05:40.384-0400] {processor.py:161} INFO - Started process (PID=85362) to work on /Users/gaurav/Documents/Breast-Cancer-ML-Pipeline/venv/lib/python3.9/site-packages/airflow/example_dags/example_params_ui_tutorial.py
[2025-04-21T17:05:40.385-0400] {processor.py:830} INFO - Processing file /Users/gaurav/Documents/Breast-Cancer-ML-Pipeline/venv/lib/python3.9/site-packages/airflow/example_dags/example_params_ui_tutorial.py for tasks to queue
[2025-04-21T17:05:40.386-0400] {logging_mixin.py:188} INFO - [2025-04-21T17:05:40.386-0400] {dagbag.py:538} INFO - Filling up the DagBag from /Users/gaurav/Documents/Breast-Cancer-ML-Pipeline/venv/lib/python3.9/site-packages/airflow/example_dags/example_params_ui_tutorial.py
[2025-04-21T17:05:40.414-0400] {processor.py:840} INFO - DAG(s) 'example_params_ui_tutorial' retrieved from /Users/gaurav/Documents/Breast-Cancer-ML-Pipeline/venv/lib/python3.9/site-packages/airflow/example_dags/example_params_ui_tutorial.py
[2025-04-21T17:05:40.500-0400] {logging_mixin.py:188} INFO - [2025-04-21T17:05:40.499-0400] {dag.py:3036} INFO - Sync 1 DAGs
[2025-04-21T17:05:40.506-0400] {logging_mixin.py:188} INFO - [2025-04-21T17:05:40.506-0400] {dag.py:3823} INFO - Setting next_dagrun for example_params_ui_tutorial to None, run_after=None
[2025-04-21T17:05:40.522-0400] {processor.py:183} INFO - Processing /Users/gaurav/Documents/Breast-Cancer-ML-Pipeline/venv/lib/python3.9/site-packages/airflow/example_dags/example_params_ui_tutorial.py took 0.138 seconds
[2025-04-21T17:06:51.957-0400] {processor.py:161} INFO - Started process (PID=85457) to work on /Users/gaurav/Documents/Breast-Cancer-ML-Pipeline/venv/lib/python3.9/site-packages/airflow/example_dags/example_params_ui_tutorial.py
[2025-04-21T17:06:51.958-0400] {processor.py:830} INFO - Processing file /Users/gaurav/Documents/Breast-Cancer-ML-Pipeline/venv/lib/python3.9/site-packages/airflow/example_dags/example_params_ui_tutorial.py for tasks to queue
[2025-04-21T17:06:51.958-0400] {logging_mixin.py:188} INFO - [2025-04-21T17:06:51.958-0400] {dagbag.py:538} INFO - Filling up the DagBag from /Users/gaurav/Documents/Breast-Cancer-ML-Pipeline/venv/lib/python3.9/site-packages/airflow/example_dags/example_params_ui_tutorial.py
[2025-04-21T17:06:51.988-0400] {processor.py:840} INFO - DAG(s) 'example_params_ui_tutorial' retrieved from /Users/gaurav/Documents/Breast-Cancer-ML-Pipeline/venv/lib/python3.9/site-packages/airflow/example_dags/example_params_ui_tutorial.py
[2025-04-21T17:06:52.072-0400] {logging_mixin.py:188} INFO - [2025-04-21T17:06:52.072-0400] {dag.py:3036} INFO - Sync 1 DAGs
[2025-04-21T17:06:52.078-0400] {logging_mixin.py:188} INFO - [2025-04-21T17:06:52.078-0400] {dag.py:3823} INFO - Setting next_dagrun for example_params_ui_tutorial to None, run_after=None
[2025-04-21T17:06:52.089-0400] {processor.py:183} INFO - Processing /Users/gaurav/Documents/Breast-Cancer-ML-Pipeline/venv/lib/python3.9/site-packages/airflow/example_dags/example_params_ui_tutorial.py took 0.134 seconds
[2025-04-21T17:08:05.124-0400] {processor.py:161} INFO - Started process (PID=85535) to work on /Users/gaurav/Documents/Breast-Cancer-ML-Pipeline/venv/lib/python3.9/site-packages/airflow/example_dags/example_params_ui_tutorial.py
[2025-04-21T17:08:05.126-0400] {processor.py:830} INFO - Processing file /Users/gaurav/Documents/Breast-Cancer-ML-Pipeline/venv/lib/python3.9/site-packages/airflow/example_dags/example_params_ui_tutorial.py for tasks to queue
[2025-04-21T17:08:05.127-0400] {logging_mixin.py:188} INFO - [2025-04-21T17:08:05.127-0400] {dagbag.py:538} INFO - Filling up the DagBag from /Users/gaurav/Documents/Breast-Cancer-ML-Pipeline/venv/lib/python3.9/site-packages/airflow/example_dags/example_params_ui_tutorial.py
[2025-04-21T17:08:05.159-0400] {processor.py:840} INFO - DAG(s) 'example_params_ui_tutorial' retrieved from /Users/gaurav/Documents/Breast-Cancer-ML-Pipeline/venv/lib/python3.9/site-packages/airflow/example_dags/example_params_ui_tutorial.py
[2025-04-21T17:08:05.242-0400] {logging_mixin.py:188} INFO - [2025-04-21T17:08:05.242-0400] {dag.py:3036} INFO - Sync 1 DAGs
[2025-04-21T17:08:05.248-0400] {logging_mixin.py:188} INFO - [2025-04-21T17:08:05.248-0400] {dag.py:3823} INFO - Setting next_dagrun for example_params_ui_tutorial to None, run_after=None
[2025-04-21T17:08:05.260-0400] {processor.py:183} INFO - Processing /Users/gaurav/Documents/Breast-Cancer-ML-Pipeline/venv/lib/python3.9/site-packages/airflow/example_dags/example_params_ui_tutorial.py took 0.137 seconds
[2025-04-21T17:09:18.585-0400] {processor.py:161} INFO - Started process (PID=85612) to work on /Users/gaurav/Documents/Breast-Cancer-ML-Pipeline/venv/lib/python3.9/site-packages/airflow/example_dags/example_params_ui_tutorial.py
[2025-04-21T17:09:18.587-0400] {processor.py:830} INFO - Processing file /Users/gaurav/Documents/Breast-Cancer-ML-Pipeline/venv/lib/python3.9/site-packages/airflow/example_dags/example_params_ui_tutorial.py for tasks to queue
[2025-04-21T17:09:18.587-0400] {logging_mixin.py:188} INFO - [2025-04-21T17:09:18.587-0400] {dagbag.py:538} INFO - Filling up the DagBag from /Users/gaurav/Documents/Breast-Cancer-ML-Pipeline/venv/lib/python3.9/site-packages/airflow/example_dags/example_params_ui_tutorial.py
[2025-04-21T17:09:18.616-0400] {processor.py:840} INFO - DAG(s) 'example_params_ui_tutorial' retrieved from /Users/gaurav/Documents/Breast-Cancer-ML-Pipeline/venv/lib/python3.9/site-packages/airflow/example_dags/example_params_ui_tutorial.py
[2025-04-21T17:09:18.700-0400] {logging_mixin.py:188} INFO - [2025-04-21T17:09:18.699-0400] {dag.py:3036} INFO - Sync 1 DAGs
[2025-04-21T17:09:18.706-0400] {logging_mixin.py:188} INFO - [2025-04-21T17:09:18.706-0400] {dag.py:3823} INFO - Setting next_dagrun for example_params_ui_tutorial to None, run_after=None
[2025-04-21T17:09:18.718-0400] {processor.py:183} INFO - Processing /Users/gaurav/Documents/Breast-Cancer-ML-Pipeline/venv/lib/python3.9/site-packages/airflow/example_dags/example_params_ui_tutorial.py took 0.134 seconds
[2025-04-21T17:10:32.225-0400] {processor.py:161} INFO - Started process (PID=85695) to work on /Users/gaurav/Documents/Breast-Cancer-ML-Pipeline/venv/lib/python3.9/site-packages/airflow/example_dags/example_params_ui_tutorial.py
[2025-04-21T17:10:32.228-0400] {processor.py:830} INFO - Processing file /Users/gaurav/Documents/Breast-Cancer-ML-Pipeline/venv/lib/python3.9/site-packages/airflow/example_dags/example_params_ui_tutorial.py for tasks to queue
[2025-04-21T17:10:32.228-0400] {logging_mixin.py:188} INFO - [2025-04-21T17:10:32.228-0400] {dagbag.py:538} INFO - Filling up the DagBag from /Users/gaurav/Documents/Breast-Cancer-ML-Pipeline/venv/lib/python3.9/site-packages/airflow/example_dags/example_params_ui_tutorial.py
[2025-04-21T17:10:32.258-0400] {processor.py:840} INFO - DAG(s) 'example_params_ui_tutorial' retrieved from /Users/gaurav/Documents/Breast-Cancer-ML-Pipeline/venv/lib/python3.9/site-packages/airflow/example_dags/example_params_ui_tutorial.py
[2025-04-21T17:10:32.341-0400] {logging_mixin.py:188} INFO - [2025-04-21T17:10:32.341-0400] {dag.py:3036} INFO - Sync 1 DAGs
[2025-04-21T17:10:32.347-0400] {logging_mixin.py:188} INFO - [2025-04-21T17:10:32.347-0400] {dag.py:3823} INFO - Setting next_dagrun for example_params_ui_tutorial to None, run_after=None
[2025-04-21T17:10:32.362-0400] {processor.py:183} INFO - Processing /Users/gaurav/Documents/Breast-Cancer-ML-Pipeline/venv/lib/python3.9/site-packages/airflow/example_dags/example_params_ui_tutorial.py took 0.138 seconds
[2025-04-21T17:11:45.559-0400] {processor.py:161} INFO - Started process (PID=85783) to work on /Users/gaurav/Documents/Breast-Cancer-ML-Pipeline/venv/lib/python3.9/site-packages/airflow/example_dags/example_params_ui_tutorial.py
[2025-04-21T17:11:45.561-0400] {processor.py:830} INFO - Processing file /Users/gaurav/Documents/Breast-Cancer-ML-Pipeline/venv/lib/python3.9/site-packages/airflow/example_dags/example_params_ui_tutorial.py for tasks to queue
[2025-04-21T17:11:45.561-0400] {logging_mixin.py:188} INFO - [2025-04-21T17:11:45.561-0400] {dagbag.py:538} INFO - Filling up the DagBag from /Users/gaurav/Documents/Breast-Cancer-ML-Pipeline/venv/lib/python3.9/site-packages/airflow/example_dags/example_params_ui_tutorial.py
[2025-04-21T17:11:45.589-0400] {processor.py:840} INFO - DAG(s) 'example_params_ui_tutorial' retrieved from /Users/gaurav/Documents/Breast-Cancer-ML-Pipeline/venv/lib/python3.9/site-packages/airflow/example_dags/example_params_ui_tutorial.py
[2025-04-21T17:11:45.673-0400] {logging_mixin.py:188} INFO - [2025-04-21T17:11:45.673-0400] {dag.py:3036} INFO - Sync 1 DAGs
[2025-04-21T17:11:45.679-0400] {logging_mixin.py:188} INFO - [2025-04-21T17:11:45.679-0400] {dag.py:3823} INFO - Setting next_dagrun for example_params_ui_tutorial to None, run_after=None
[2025-04-21T17:11:45.691-0400] {processor.py:183} INFO - Processing /Users/gaurav/Documents/Breast-Cancer-ML-Pipeline/venv/lib/python3.9/site-packages/airflow/example_dags/example_params_ui_tutorial.py took 0.133 seconds
[2025-04-21T17:12:59.041-0400] {processor.py:161} INFO - Started process (PID=85867) to work on /Users/gaurav/Documents/Breast-Cancer-ML-Pipeline/venv/lib/python3.9/site-packages/airflow/example_dags/example_params_ui_tutorial.py
[2025-04-21T17:12:59.043-0400] {processor.py:830} INFO - Processing file /Users/gaurav/Documents/Breast-Cancer-ML-Pipeline/venv/lib/python3.9/site-packages/airflow/example_dags/example_params_ui_tutorial.py for tasks to queue
[2025-04-21T17:12:59.043-0400] {logging_mixin.py:188} INFO - [2025-04-21T17:12:59.043-0400] {dagbag.py:538} INFO - Filling up the DagBag from /Users/gaurav/Documents/Breast-Cancer-ML-Pipeline/venv/lib/python3.9/site-packages/airflow/example_dags/example_params_ui_tutorial.py
[2025-04-21T17:12:59.071-0400] {processor.py:840} INFO - DAG(s) 'example_params_ui_tutorial' retrieved from /Users/gaurav/Documents/Breast-Cancer-ML-Pipeline/venv/lib/python3.9/site-packages/airflow/example_dags/example_params_ui_tutorial.py
[2025-04-21T17:12:59.156-0400] {logging_mixin.py:188} INFO - [2025-04-21T17:12:59.156-0400] {dag.py:3036} INFO - Sync 1 DAGs
[2025-04-21T17:12:59.162-0400] {logging_mixin.py:188} INFO - [2025-04-21T17:12:59.162-0400] {dag.py:3823} INFO - Setting next_dagrun for example_params_ui_tutorial to None, run_after=None
[2025-04-21T17:12:59.174-0400] {processor.py:183} INFO - Processing /Users/gaurav/Documents/Breast-Cancer-ML-Pipeline/venv/lib/python3.9/site-packages/airflow/example_dags/example_params_ui_tutorial.py took 0.134 seconds
[2025-04-21T17:14:14.207-0400] {processor.py:161} INFO - Started process (PID=85966) to work on /Users/gaurav/Documents/Breast-Cancer-ML-Pipeline/venv/lib/python3.9/site-packages/airflow/example_dags/example_params_ui_tutorial.py
[2025-04-21T17:14:14.209-0400] {processor.py:830} INFO - Processing file /Users/gaurav/Documents/Breast-Cancer-ML-Pipeline/venv/lib/python3.9/site-packages/airflow/example_dags/example_params_ui_tutorial.py for tasks to queue
[2025-04-21T17:14:14.210-0400] {logging_mixin.py:188} INFO - [2025-04-21T17:14:14.210-0400] {dagbag.py:538} INFO - Filling up the DagBag from /Users/gaurav/Documents/Breast-Cancer-ML-Pipeline/venv/lib/python3.9/site-packages/airflow/example_dags/example_params_ui_tutorial.py
[2025-04-21T17:14:14.239-0400] {processor.py:840} INFO - DAG(s) 'example_params_ui_tutorial' retrieved from /Users/gaurav/Documents/Breast-Cancer-ML-Pipeline/venv/lib/python3.9/site-packages/airflow/example_dags/example_params_ui_tutorial.py
[2025-04-21T17:14:14.321-0400] {logging_mixin.py:188} INFO - [2025-04-21T17:14:14.321-0400] {dag.py:3036} INFO - Sync 1 DAGs
[2025-04-21T17:14:14.327-0400] {logging_mixin.py:188} INFO - [2025-04-21T17:14:14.327-0400] {dag.py:3823} INFO - Setting next_dagrun for example_params_ui_tutorial to None, run_after=None
[2025-04-21T17:14:14.340-0400] {processor.py:183} INFO - Processing /Users/gaurav/Documents/Breast-Cancer-ML-Pipeline/venv/lib/python3.9/site-packages/airflow/example_dags/example_params_ui_tutorial.py took 0.133 seconds
[2025-04-21T17:15:25.957-0400] {processor.py:161} INFO - Started process (PID=86045) to work on /Users/gaurav/Documents/Breast-Cancer-ML-Pipeline/venv/lib/python3.9/site-packages/airflow/example_dags/example_params_ui_tutorial.py
[2025-04-21T17:15:25.959-0400] {processor.py:830} INFO - Processing file /Users/gaurav/Documents/Breast-Cancer-ML-Pipeline/venv/lib/python3.9/site-packages/airflow/example_dags/example_params_ui_tutorial.py for tasks to queue
[2025-04-21T17:15:25.959-0400] {logging_mixin.py:188} INFO - [2025-04-21T17:15:25.959-0400] {dagbag.py:538} INFO - Filling up the DagBag from /Users/gaurav/Documents/Breast-Cancer-ML-Pipeline/venv/lib/python3.9/site-packages/airflow/example_dags/example_params_ui_tutorial.py
[2025-04-21T17:15:25.988-0400] {processor.py:840} INFO - DAG(s) 'example_params_ui_tutorial' retrieved from /Users/gaurav/Documents/Breast-Cancer-ML-Pipeline/venv/lib/python3.9/site-packages/airflow/example_dags/example_params_ui_tutorial.py
[2025-04-21T17:15:26.072-0400] {logging_mixin.py:188} INFO - [2025-04-21T17:15:26.072-0400] {dag.py:3036} INFO - Sync 1 DAGs
[2025-04-21T17:15:26.078-0400] {logging_mixin.py:188} INFO - [2025-04-21T17:15:26.078-0400] {dag.py:3823} INFO - Setting next_dagrun for example_params_ui_tutorial to None, run_after=None
[2025-04-21T17:15:26.089-0400] {processor.py:183} INFO - Processing /Users/gaurav/Documents/Breast-Cancer-ML-Pipeline/venv/lib/python3.9/site-packages/airflow/example_dags/example_params_ui_tutorial.py took 0.133 seconds
[2025-04-21T17:16:39.457-0400] {processor.py:161} INFO - Started process (PID=86133) to work on /Users/gaurav/Documents/Breast-Cancer-ML-Pipeline/venv/lib/python3.9/site-packages/airflow/example_dags/example_params_ui_tutorial.py
[2025-04-21T17:16:39.459-0400] {processor.py:830} INFO - Processing file /Users/gaurav/Documents/Breast-Cancer-ML-Pipeline/venv/lib/python3.9/site-packages/airflow/example_dags/example_params_ui_tutorial.py for tasks to queue
[2025-04-21T17:16:39.459-0400] {logging_mixin.py:188} INFO - [2025-04-21T17:16:39.459-0400] {dagbag.py:538} INFO - Filling up the DagBag from /Users/gaurav/Documents/Breast-Cancer-ML-Pipeline/venv/lib/python3.9/site-packages/airflow/example_dags/example_params_ui_tutorial.py
[2025-04-21T17:16:39.487-0400] {processor.py:840} INFO - DAG(s) 'example_params_ui_tutorial' retrieved from /Users/gaurav/Documents/Breast-Cancer-ML-Pipeline/venv/lib/python3.9/site-packages/airflow/example_dags/example_params_ui_tutorial.py
[2025-04-21T17:16:39.571-0400] {logging_mixin.py:188} INFO - [2025-04-21T17:16:39.571-0400] {dag.py:3036} INFO - Sync 1 DAGs
[2025-04-21T17:16:39.577-0400] {logging_mixin.py:188} INFO - [2025-04-21T17:16:39.577-0400] {dag.py:3823} INFO - Setting next_dagrun for example_params_ui_tutorial to None, run_after=None
[2025-04-21T17:16:39.590-0400] {processor.py:183} INFO - Processing /Users/gaurav/Documents/Breast-Cancer-ML-Pipeline/venv/lib/python3.9/site-packages/airflow/example_dags/example_params_ui_tutorial.py took 0.133 seconds
[2025-04-21T17:17:53.432-0400] {processor.py:161} INFO - Started process (PID=86240) to work on /Users/gaurav/Documents/Breast-Cancer-ML-Pipeline/venv/lib/python3.9/site-packages/airflow/example_dags/example_params_ui_tutorial.py
[2025-04-21T17:17:53.434-0400] {processor.py:830} INFO - Processing file /Users/gaurav/Documents/Breast-Cancer-ML-Pipeline/venv/lib/python3.9/site-packages/airflow/example_dags/example_params_ui_tutorial.py for tasks to queue
[2025-04-21T17:17:53.434-0400] {logging_mixin.py:188} INFO - [2025-04-21T17:17:53.434-0400] {dagbag.py:538} INFO - Filling up the DagBag from /Users/gaurav/Documents/Breast-Cancer-ML-Pipeline/venv/lib/python3.9/site-packages/airflow/example_dags/example_params_ui_tutorial.py
[2025-04-21T17:17:53.464-0400] {processor.py:840} INFO - DAG(s) 'example_params_ui_tutorial' retrieved from /Users/gaurav/Documents/Breast-Cancer-ML-Pipeline/venv/lib/python3.9/site-packages/airflow/example_dags/example_params_ui_tutorial.py
[2025-04-21T17:17:53.551-0400] {logging_mixin.py:188} INFO - [2025-04-21T17:17:53.551-0400] {dag.py:3036} INFO - Sync 1 DAGs
[2025-04-21T17:17:53.558-0400] {logging_mixin.py:188} INFO - [2025-04-21T17:17:53.557-0400] {dag.py:3823} INFO - Setting next_dagrun for example_params_ui_tutorial to None, run_after=None
[2025-04-21T17:17:53.569-0400] {processor.py:183} INFO - Processing /Users/gaurav/Documents/Breast-Cancer-ML-Pipeline/venv/lib/python3.9/site-packages/airflow/example_dags/example_params_ui_tutorial.py took 0.138 seconds
[2025-04-21T17:19:10.220-0400] {processor.py:161} INFO - Started process (PID=86337) to work on /Users/gaurav/Documents/Breast-Cancer-ML-Pipeline/venv/lib/python3.9/site-packages/airflow/example_dags/example_params_ui_tutorial.py
[2025-04-21T17:19:10.221-0400] {processor.py:830} INFO - Processing file /Users/gaurav/Documents/Breast-Cancer-ML-Pipeline/venv/lib/python3.9/site-packages/airflow/example_dags/example_params_ui_tutorial.py for tasks to queue
[2025-04-21T17:19:10.222-0400] {logging_mixin.py:188} INFO - [2025-04-21T17:19:10.222-0400] {dagbag.py:538} INFO - Filling up the DagBag from /Users/gaurav/Documents/Breast-Cancer-ML-Pipeline/venv/lib/python3.9/site-packages/airflow/example_dags/example_params_ui_tutorial.py
[2025-04-21T17:19:10.251-0400] {processor.py:840} INFO - DAG(s) 'example_params_ui_tutorial' retrieved from /Users/gaurav/Documents/Breast-Cancer-ML-Pipeline/venv/lib/python3.9/site-packages/airflow/example_dags/example_params_ui_tutorial.py
[2025-04-21T17:19:10.335-0400] {logging_mixin.py:188} INFO - [2025-04-21T17:19:10.335-0400] {dag.py:3036} INFO - Sync 1 DAGs
[2025-04-21T17:19:10.341-0400] {logging_mixin.py:188} INFO - [2025-04-21T17:19:10.341-0400] {dag.py:3823} INFO - Setting next_dagrun for example_params_ui_tutorial to None, run_after=None
[2025-04-21T17:19:10.353-0400] {processor.py:183} INFO - Processing /Users/gaurav/Documents/Breast-Cancer-ML-Pipeline/venv/lib/python3.9/site-packages/airflow/example_dags/example_params_ui_tutorial.py took 0.134 seconds
[2025-04-21T17:20:25.971-0400] {processor.py:161} INFO - Started process (PID=86429) to work on /Users/gaurav/Documents/Breast-Cancer-ML-Pipeline/venv/lib/python3.9/site-packages/airflow/example_dags/example_params_ui_tutorial.py
[2025-04-21T17:20:25.973-0400] {processor.py:830} INFO - Processing file /Users/gaurav/Documents/Breast-Cancer-ML-Pipeline/venv/lib/python3.9/site-packages/airflow/example_dags/example_params_ui_tutorial.py for tasks to queue
[2025-04-21T17:20:25.973-0400] {logging_mixin.py:188} INFO - [2025-04-21T17:20:25.973-0400] {dagbag.py:538} INFO - Filling up the DagBag from /Users/gaurav/Documents/Breast-Cancer-ML-Pipeline/venv/lib/python3.9/site-packages/airflow/example_dags/example_params_ui_tutorial.py
[2025-04-21T17:20:26.003-0400] {processor.py:840} INFO - DAG(s) 'example_params_ui_tutorial' retrieved from /Users/gaurav/Documents/Breast-Cancer-ML-Pipeline/venv/lib/python3.9/site-packages/airflow/example_dags/example_params_ui_tutorial.py
[2025-04-21T17:20:26.089-0400] {logging_mixin.py:188} INFO - [2025-04-21T17:20:26.089-0400] {dag.py:3036} INFO - Sync 1 DAGs
[2025-04-21T17:20:26.096-0400] {logging_mixin.py:188} INFO - [2025-04-21T17:20:26.096-0400] {dag.py:3823} INFO - Setting next_dagrun for example_params_ui_tutorial to None, run_after=None
[2025-04-21T17:20:26.110-0400] {processor.py:183} INFO - Processing /Users/gaurav/Documents/Breast-Cancer-ML-Pipeline/venv/lib/python3.9/site-packages/airflow/example_dags/example_params_ui_tutorial.py took 0.140 seconds
[2025-04-21T17:22:14.416-0400] {processor.py:161} INFO - Started process (PID=86529) to work on /Users/gaurav/Documents/Breast-Cancer-ML-Pipeline/venv/lib/python3.9/site-packages/airflow/example_dags/example_params_ui_tutorial.py
[2025-04-21T17:22:14.418-0400] {processor.py:830} INFO - Processing file /Users/gaurav/Documents/Breast-Cancer-ML-Pipeline/venv/lib/python3.9/site-packages/airflow/example_dags/example_params_ui_tutorial.py for tasks to queue
[2025-04-21T17:22:14.419-0400] {logging_mixin.py:188} INFO - [2025-04-21T17:22:14.418-0400] {dagbag.py:538} INFO - Filling up the DagBag from /Users/gaurav/Documents/Breast-Cancer-ML-Pipeline/venv/lib/python3.9/site-packages/airflow/example_dags/example_params_ui_tutorial.py
[2025-04-21T17:22:14.448-0400] {processor.py:840} INFO - DAG(s) 'example_params_ui_tutorial' retrieved from /Users/gaurav/Documents/Breast-Cancer-ML-Pipeline/venv/lib/python3.9/site-packages/airflow/example_dags/example_params_ui_tutorial.py
[2025-04-21T17:22:14.586-0400] {logging_mixin.py:188} INFO - [2025-04-21T17:22:14.586-0400] {dag.py:3036} INFO - Sync 1 DAGs
[2025-04-21T17:22:14.591-0400] {logging_mixin.py:188} INFO - [2025-04-21T17:22:14.591-0400] {dag.py:3823} INFO - Setting next_dagrun for example_params_ui_tutorial to None, run_after=None
[2025-04-21T17:22:14.604-0400] {processor.py:183} INFO - Processing /Users/gaurav/Documents/Breast-Cancer-ML-Pipeline/venv/lib/python3.9/site-packages/airflow/example_dags/example_params_ui_tutorial.py took 0.189 seconds
[2025-04-21T17:23:31.899-0400] {processor.py:161} INFO - Started process (PID=86613) to work on /Users/gaurav/Documents/Breast-Cancer-ML-Pipeline/venv/lib/python3.9/site-packages/airflow/example_dags/example_params_ui_tutorial.py
[2025-04-21T17:23:31.902-0400] {processor.py:830} INFO - Processing file /Users/gaurav/Documents/Breast-Cancer-ML-Pipeline/venv/lib/python3.9/site-packages/airflow/example_dags/example_params_ui_tutorial.py for tasks to queue
[2025-04-21T17:23:31.902-0400] {logging_mixin.py:188} INFO - [2025-04-21T17:23:31.902-0400] {dagbag.py:538} INFO - Filling up the DagBag from /Users/gaurav/Documents/Breast-Cancer-ML-Pipeline/venv/lib/python3.9/site-packages/airflow/example_dags/example_params_ui_tutorial.py
[2025-04-21T17:23:31.931-0400] {processor.py:840} INFO - DAG(s) 'example_params_ui_tutorial' retrieved from /Users/gaurav/Documents/Breast-Cancer-ML-Pipeline/venv/lib/python3.9/site-packages/airflow/example_dags/example_params_ui_tutorial.py
[2025-04-21T17:23:32.014-0400] {logging_mixin.py:188} INFO - [2025-04-21T17:23:32.013-0400] {dag.py:3036} INFO - Sync 1 DAGs
[2025-04-21T17:23:32.020-0400] {logging_mixin.py:188} INFO - [2025-04-21T17:23:32.020-0400] {dag.py:3823} INFO - Setting next_dagrun for example_params_ui_tutorial to None, run_after=None
[2025-04-21T17:23:32.031-0400] {processor.py:183} INFO - Processing /Users/gaurav/Documents/Breast-Cancer-ML-Pipeline/venv/lib/python3.9/site-packages/airflow/example_dags/example_params_ui_tutorial.py took 0.133 seconds
[2025-04-21T17:24:49.120-0400] {processor.py:161} INFO - Started process (PID=86707) to work on /Users/gaurav/Documents/Breast-Cancer-ML-Pipeline/venv/lib/python3.9/site-packages/airflow/example_dags/example_params_ui_tutorial.py
[2025-04-21T17:24:49.122-0400] {processor.py:830} INFO - Processing file /Users/gaurav/Documents/Breast-Cancer-ML-Pipeline/venv/lib/python3.9/site-packages/airflow/example_dags/example_params_ui_tutorial.py for tasks to queue
[2025-04-21T17:24:49.123-0400] {logging_mixin.py:188} INFO - [2025-04-21T17:24:49.123-0400] {dagbag.py:538} INFO - Filling up the DagBag from /Users/gaurav/Documents/Breast-Cancer-ML-Pipeline/venv/lib/python3.9/site-packages/airflow/example_dags/example_params_ui_tutorial.py
[2025-04-21T17:24:49.153-0400] {processor.py:840} INFO - DAG(s) 'example_params_ui_tutorial' retrieved from /Users/gaurav/Documents/Breast-Cancer-ML-Pipeline/venv/lib/python3.9/site-packages/airflow/example_dags/example_params_ui_tutorial.py
[2025-04-21T17:24:49.240-0400] {logging_mixin.py:188} INFO - [2025-04-21T17:24:49.240-0400] {dag.py:3036} INFO - Sync 1 DAGs
[2025-04-21T17:24:49.247-0400] {logging_mixin.py:188} INFO - [2025-04-21T17:24:49.247-0400] {dag.py:3823} INFO - Setting next_dagrun for example_params_ui_tutorial to None, run_after=None
[2025-04-21T17:24:49.260-0400] {processor.py:183} INFO - Processing /Users/gaurav/Documents/Breast-Cancer-ML-Pipeline/venv/lib/python3.9/site-packages/airflow/example_dags/example_params_ui_tutorial.py took 0.141 seconds
[2025-04-21T17:26:06.629-0400] {processor.py:161} INFO - Started process (PID=86823) to work on /Users/gaurav/Documents/Breast-Cancer-ML-Pipeline/venv/lib/python3.9/site-packages/airflow/example_dags/example_params_ui_tutorial.py
[2025-04-21T17:26:06.632-0400] {processor.py:830} INFO - Processing file /Users/gaurav/Documents/Breast-Cancer-ML-Pipeline/venv/lib/python3.9/site-packages/airflow/example_dags/example_params_ui_tutorial.py for tasks to queue
[2025-04-21T17:26:06.632-0400] {logging_mixin.py:188} INFO - [2025-04-21T17:26:06.632-0400] {dagbag.py:538} INFO - Filling up the DagBag from /Users/gaurav/Documents/Breast-Cancer-ML-Pipeline/venv/lib/python3.9/site-packages/airflow/example_dags/example_params_ui_tutorial.py
[2025-04-21T17:26:06.662-0400] {processor.py:840} INFO - DAG(s) 'example_params_ui_tutorial' retrieved from /Users/gaurav/Documents/Breast-Cancer-ML-Pipeline/venv/lib/python3.9/site-packages/airflow/example_dags/example_params_ui_tutorial.py
[2025-04-21T17:26:06.748-0400] {logging_mixin.py:188} INFO - [2025-04-21T17:26:06.747-0400] {dag.py:3036} INFO - Sync 1 DAGs
[2025-04-21T17:26:06.754-0400] {logging_mixin.py:188} INFO - [2025-04-21T17:26:06.754-0400] {dag.py:3823} INFO - Setting next_dagrun for example_params_ui_tutorial to None, run_after=None
[2025-04-21T17:26:06.766-0400] {processor.py:183} INFO - Processing /Users/gaurav/Documents/Breast-Cancer-ML-Pipeline/venv/lib/python3.9/site-packages/airflow/example_dags/example_params_ui_tutorial.py took 0.137 seconds
[2025-04-21T17:27:22.890-0400] {processor.py:161} INFO - Started process (PID=86930) to work on /Users/gaurav/Documents/Breast-Cancer-ML-Pipeline/venv/lib/python3.9/site-packages/airflow/example_dags/example_params_ui_tutorial.py
[2025-04-21T17:27:22.893-0400] {processor.py:830} INFO - Processing file /Users/gaurav/Documents/Breast-Cancer-ML-Pipeline/venv/lib/python3.9/site-packages/airflow/example_dags/example_params_ui_tutorial.py for tasks to queue
[2025-04-21T17:27:22.893-0400] {logging_mixin.py:188} INFO - [2025-04-21T17:27:22.893-0400] {dagbag.py:538} INFO - Filling up the DagBag from /Users/gaurav/Documents/Breast-Cancer-ML-Pipeline/venv/lib/python3.9/site-packages/airflow/example_dags/example_params_ui_tutorial.py
[2025-04-21T17:27:22.924-0400] {processor.py:840} INFO - DAG(s) 'example_params_ui_tutorial' retrieved from /Users/gaurav/Documents/Breast-Cancer-ML-Pipeline/venv/lib/python3.9/site-packages/airflow/example_dags/example_params_ui_tutorial.py
[2025-04-21T17:27:23.014-0400] {logging_mixin.py:188} INFO - [2025-04-21T17:27:23.014-0400] {dag.py:3036} INFO - Sync 1 DAGs
[2025-04-21T17:27:23.020-0400] {logging_mixin.py:188} INFO - [2025-04-21T17:27:23.020-0400] {dag.py:3823} INFO - Setting next_dagrun for example_params_ui_tutorial to None, run_after=None
[2025-04-21T17:27:23.033-0400] {processor.py:183} INFO - Processing /Users/gaurav/Documents/Breast-Cancer-ML-Pipeline/venv/lib/python3.9/site-packages/airflow/example_dags/example_params_ui_tutorial.py took 0.143 seconds
[2025-04-21T17:29:40.349-0400] {processor.py:161} INFO - Started process (PID=87128) to work on /Users/gaurav/Documents/Breast-Cancer-ML-Pipeline/venv/lib/python3.9/site-packages/airflow/example_dags/example_params_ui_tutorial.py
[2025-04-21T17:29:40.351-0400] {processor.py:830} INFO - Processing file /Users/gaurav/Documents/Breast-Cancer-ML-Pipeline/venv/lib/python3.9/site-packages/airflow/example_dags/example_params_ui_tutorial.py for tasks to queue
[2025-04-21T17:29:40.352-0400] {logging_mixin.py:188} INFO - [2025-04-21T17:29:40.351-0400] {dagbag.py:538} INFO - Filling up the DagBag from /Users/gaurav/Documents/Breast-Cancer-ML-Pipeline/venv/lib/python3.9/site-packages/airflow/example_dags/example_params_ui_tutorial.py
[2025-04-21T17:29:40.382-0400] {processor.py:840} INFO - DAG(s) 'example_params_ui_tutorial' retrieved from /Users/gaurav/Documents/Breast-Cancer-ML-Pipeline/venv/lib/python3.9/site-packages/airflow/example_dags/example_params_ui_tutorial.py
[2025-04-21T17:29:40.488-0400] {logging_mixin.py:188} INFO - [2025-04-21T17:29:40.487-0400] {dag.py:3036} INFO - Sync 1 DAGs
[2025-04-21T17:29:40.494-0400] {logging_mixin.py:188} INFO - [2025-04-21T17:29:40.494-0400] {dag.py:3823} INFO - Setting next_dagrun for example_params_ui_tutorial to None, run_after=None
[2025-04-21T17:29:40.507-0400] {processor.py:183} INFO - Processing /Users/gaurav/Documents/Breast-Cancer-ML-Pipeline/venv/lib/python3.9/site-packages/airflow/example_dags/example_params_ui_tutorial.py took 0.159 seconds
[2025-04-21T17:30:57.385-0400] {processor.py:161} INFO - Started process (PID=87214) to work on /Users/gaurav/Documents/Breast-Cancer-ML-Pipeline/venv/lib/python3.9/site-packages/airflow/example_dags/example_params_ui_tutorial.py
[2025-04-21T17:30:57.387-0400] {processor.py:830} INFO - Processing file /Users/gaurav/Documents/Breast-Cancer-ML-Pipeline/venv/lib/python3.9/site-packages/airflow/example_dags/example_params_ui_tutorial.py for tasks to queue
[2025-04-21T17:30:57.388-0400] {logging_mixin.py:188} INFO - [2025-04-21T17:30:57.388-0400] {dagbag.py:538} INFO - Filling up the DagBag from /Users/gaurav/Documents/Breast-Cancer-ML-Pipeline/venv/lib/python3.9/site-packages/airflow/example_dags/example_params_ui_tutorial.py
[2025-04-21T17:30:57.416-0400] {processor.py:840} INFO - DAG(s) 'example_params_ui_tutorial' retrieved from /Users/gaurav/Documents/Breast-Cancer-ML-Pipeline/venv/lib/python3.9/site-packages/airflow/example_dags/example_params_ui_tutorial.py
[2025-04-21T17:30:57.498-0400] {logging_mixin.py:188} INFO - [2025-04-21T17:30:57.498-0400] {dag.py:3036} INFO - Sync 1 DAGs
[2025-04-21T17:30:57.504-0400] {logging_mixin.py:188} INFO - [2025-04-21T17:30:57.504-0400] {dag.py:3823} INFO - Setting next_dagrun for example_params_ui_tutorial to None, run_after=None
[2025-04-21T17:30:57.516-0400] {processor.py:183} INFO - Processing /Users/gaurav/Documents/Breast-Cancer-ML-Pipeline/venv/lib/python3.9/site-packages/airflow/example_dags/example_params_ui_tutorial.py took 0.132 seconds
[2025-04-21T17:37:21.233-0400] {processor.py:161} INFO - Started process (PID=87678) to work on /Users/gaurav/Documents/Breast-Cancer-ML-Pipeline/venv/lib/python3.9/site-packages/airflow/example_dags/example_params_ui_tutorial.py
[2025-04-21T17:37:21.235-0400] {processor.py:830} INFO - Processing file /Users/gaurav/Documents/Breast-Cancer-ML-Pipeline/venv/lib/python3.9/site-packages/airflow/example_dags/example_params_ui_tutorial.py for tasks to queue
[2025-04-21T17:37:21.235-0400] {logging_mixin.py:188} INFO - [2025-04-21T17:37:21.235-0400] {dagbag.py:538} INFO - Filling up the DagBag from /Users/gaurav/Documents/Breast-Cancer-ML-Pipeline/venv/lib/python3.9/site-packages/airflow/example_dags/example_params_ui_tutorial.py
[2025-04-21T17:37:21.265-0400] {processor.py:840} INFO - DAG(s) 'example_params_ui_tutorial' retrieved from /Users/gaurav/Documents/Breast-Cancer-ML-Pipeline/venv/lib/python3.9/site-packages/airflow/example_dags/example_params_ui_tutorial.py
[2025-04-21T17:37:21.408-0400] {logging_mixin.py:188} INFO - [2025-04-21T17:37:21.407-0400] {dag.py:3036} INFO - Sync 1 DAGs
[2025-04-21T17:37:21.414-0400] {logging_mixin.py:188} INFO - [2025-04-21T17:37:21.414-0400] {dag.py:3823} INFO - Setting next_dagrun for example_params_ui_tutorial to None, run_after=None
[2025-04-21T17:37:21.427-0400] {processor.py:183} INFO - Processing /Users/gaurav/Documents/Breast-Cancer-ML-Pipeline/venv/lib/python3.9/site-packages/airflow/example_dags/example_params_ui_tutorial.py took 0.194 seconds
[2025-04-21T17:39:09.158-0400] {processor.py:161} INFO - Started process (PID=87884) to work on /Users/gaurav/Documents/Breast-Cancer-ML-Pipeline/venv/lib/python3.9/site-packages/airflow/example_dags/example_params_ui_tutorial.py
[2025-04-21T17:39:09.160-0400] {processor.py:830} INFO - Processing file /Users/gaurav/Documents/Breast-Cancer-ML-Pipeline/venv/lib/python3.9/site-packages/airflow/example_dags/example_params_ui_tutorial.py for tasks to queue
[2025-04-21T17:39:09.160-0400] {logging_mixin.py:188} INFO - [2025-04-21T17:39:09.160-0400] {dagbag.py:538} INFO - Filling up the DagBag from /Users/gaurav/Documents/Breast-Cancer-ML-Pipeline/venv/lib/python3.9/site-packages/airflow/example_dags/example_params_ui_tutorial.py
[2025-04-21T17:39:09.188-0400] {processor.py:840} INFO - DAG(s) 'example_params_ui_tutorial' retrieved from /Users/gaurav/Documents/Breast-Cancer-ML-Pipeline/venv/lib/python3.9/site-packages/airflow/example_dags/example_params_ui_tutorial.py
[2025-04-21T17:39:09.272-0400] {logging_mixin.py:188} INFO - [2025-04-21T17:39:09.272-0400] {dag.py:3036} INFO - Sync 1 DAGs
[2025-04-21T17:39:09.278-0400] {logging_mixin.py:188} INFO - [2025-04-21T17:39:09.278-0400] {dag.py:3823} INFO - Setting next_dagrun for example_params_ui_tutorial to None, run_after=None
[2025-04-21T17:39:09.289-0400] {processor.py:183} INFO - Processing /Users/gaurav/Documents/Breast-Cancer-ML-Pipeline/venv/lib/python3.9/site-packages/airflow/example_dags/example_params_ui_tutorial.py took 0.132 seconds
[2025-04-21T17:41:40.948-0400] {processor.py:161} INFO - Started process (PID=88113) to work on /Users/gaurav/Documents/Breast-Cancer-ML-Pipeline/venv/lib/python3.9/site-packages/airflow/example_dags/example_params_ui_tutorial.py
[2025-04-21T17:41:40.949-0400] {processor.py:830} INFO - Processing file /Users/gaurav/Documents/Breast-Cancer-ML-Pipeline/venv/lib/python3.9/site-packages/airflow/example_dags/example_params_ui_tutorial.py for tasks to queue
[2025-04-21T17:41:40.950-0400] {logging_mixin.py:188} INFO - [2025-04-21T17:41:40.950-0400] {dagbag.py:538} INFO - Filling up the DagBag from /Users/gaurav/Documents/Breast-Cancer-ML-Pipeline/venv/lib/python3.9/site-packages/airflow/example_dags/example_params_ui_tutorial.py
[2025-04-21T17:41:40.978-0400] {processor.py:840} INFO - DAG(s) 'example_params_ui_tutorial' retrieved from /Users/gaurav/Documents/Breast-Cancer-ML-Pipeline/venv/lib/python3.9/site-packages/airflow/example_dags/example_params_ui_tutorial.py
[2025-04-21T17:41:41.061-0400] {logging_mixin.py:188} INFO - [2025-04-21T17:41:41.061-0400] {dag.py:3036} INFO - Sync 1 DAGs
[2025-04-21T17:41:41.067-0400] {logging_mixin.py:188} INFO - [2025-04-21T17:41:41.067-0400] {dag.py:3823} INFO - Setting next_dagrun for example_params_ui_tutorial to None, run_after=None
[2025-04-21T17:41:41.078-0400] {processor.py:183} INFO - Processing /Users/gaurav/Documents/Breast-Cancer-ML-Pipeline/venv/lib/python3.9/site-packages/airflow/example_dags/example_params_ui_tutorial.py took 0.132 seconds
[2025-04-21T17:42:54.537-0400] {processor.py:161} INFO - Started process (PID=88200) to work on /Users/gaurav/Documents/Breast-Cancer-ML-Pipeline/venv/lib/python3.9/site-packages/airflow/example_dags/example_params_ui_tutorial.py
[2025-04-21T17:42:54.539-0400] {processor.py:830} INFO - Processing file /Users/gaurav/Documents/Breast-Cancer-ML-Pipeline/venv/lib/python3.9/site-packages/airflow/example_dags/example_params_ui_tutorial.py for tasks to queue
[2025-04-21T17:42:54.539-0400] {logging_mixin.py:188} INFO - [2025-04-21T17:42:54.539-0400] {dagbag.py:538} INFO - Filling up the DagBag from /Users/gaurav/Documents/Breast-Cancer-ML-Pipeline/venv/lib/python3.9/site-packages/airflow/example_dags/example_params_ui_tutorial.py
[2025-04-21T17:42:54.567-0400] {processor.py:840} INFO - DAG(s) 'example_params_ui_tutorial' retrieved from /Users/gaurav/Documents/Breast-Cancer-ML-Pipeline/venv/lib/python3.9/site-packages/airflow/example_dags/example_params_ui_tutorial.py
[2025-04-21T17:42:54.652-0400] {logging_mixin.py:188} INFO - [2025-04-21T17:42:54.652-0400] {dag.py:3036} INFO - Sync 1 DAGs
[2025-04-21T17:42:54.658-0400] {logging_mixin.py:188} INFO - [2025-04-21T17:42:54.658-0400] {dag.py:3823} INFO - Setting next_dagrun for example_params_ui_tutorial to None, run_after=None
[2025-04-21T17:42:54.670-0400] {processor.py:183} INFO - Processing /Users/gaurav/Documents/Breast-Cancer-ML-Pipeline/venv/lib/python3.9/site-packages/airflow/example_dags/example_params_ui_tutorial.py took 0.133 seconds
[2025-04-21T17:44:06.377-0400] {processor.py:161} INFO - Started process (PID=88287) to work on /Users/gaurav/Documents/Breast-Cancer-ML-Pipeline/venv/lib/python3.9/site-packages/airflow/example_dags/example_params_ui_tutorial.py
[2025-04-21T17:44:06.380-0400] {processor.py:830} INFO - Processing file /Users/gaurav/Documents/Breast-Cancer-ML-Pipeline/venv/lib/python3.9/site-packages/airflow/example_dags/example_params_ui_tutorial.py for tasks to queue
[2025-04-21T17:44:06.380-0400] {logging_mixin.py:188} INFO - [2025-04-21T17:44:06.380-0400] {dagbag.py:538} INFO - Filling up the DagBag from /Users/gaurav/Documents/Breast-Cancer-ML-Pipeline/venv/lib/python3.9/site-packages/airflow/example_dags/example_params_ui_tutorial.py
[2025-04-21T17:44:06.408-0400] {processor.py:840} INFO - DAG(s) 'example_params_ui_tutorial' retrieved from /Users/gaurav/Documents/Breast-Cancer-ML-Pipeline/venv/lib/python3.9/site-packages/airflow/example_dags/example_params_ui_tutorial.py
[2025-04-21T17:44:06.492-0400] {logging_mixin.py:188} INFO - [2025-04-21T17:44:06.492-0400] {dag.py:3036} INFO - Sync 1 DAGs
[2025-04-21T17:44:06.500-0400] {logging_mixin.py:188} INFO - [2025-04-21T17:44:06.499-0400] {dag.py:3823} INFO - Setting next_dagrun for example_params_ui_tutorial to None, run_after=None
[2025-04-21T17:44:06.512-0400] {processor.py:183} INFO - Processing /Users/gaurav/Documents/Breast-Cancer-ML-Pipeline/venv/lib/python3.9/site-packages/airflow/example_dags/example_params_ui_tutorial.py took 0.135 seconds
[2025-04-21T17:45:14.019-0400] {processor.py:161} INFO - Started process (PID=88381) to work on /Users/gaurav/Documents/Breast-Cancer-ML-Pipeline/venv/lib/python3.9/site-packages/airflow/example_dags/example_params_ui_tutorial.py
[2025-04-21T17:45:14.021-0400] {processor.py:830} INFO - Processing file /Users/gaurav/Documents/Breast-Cancer-ML-Pipeline/venv/lib/python3.9/site-packages/airflow/example_dags/example_params_ui_tutorial.py for tasks to queue
[2025-04-21T17:45:14.021-0400] {logging_mixin.py:188} INFO - [2025-04-21T17:45:14.021-0400] {dagbag.py:538} INFO - Filling up the DagBag from /Users/gaurav/Documents/Breast-Cancer-ML-Pipeline/venv/lib/python3.9/site-packages/airflow/example_dags/example_params_ui_tutorial.py
[2025-04-21T17:45:14.045-0400] {processor.py:840} INFO - DAG(s) 'example_params_ui_tutorial' retrieved from /Users/gaurav/Documents/Breast-Cancer-ML-Pipeline/venv/lib/python3.9/site-packages/airflow/example_dags/example_params_ui_tutorial.py
[2025-04-21T17:45:14.111-0400] {logging_mixin.py:188} INFO - [2025-04-21T17:45:14.111-0400] {dag.py:3036} INFO - Sync 1 DAGs
[2025-04-21T17:45:14.116-0400] {logging_mixin.py:188} INFO - [2025-04-21T17:45:14.116-0400] {dag.py:3823} INFO - Setting next_dagrun for example_params_ui_tutorial to None, run_after=None
[2025-04-21T17:45:14.125-0400] {processor.py:183} INFO - Processing /Users/gaurav/Documents/Breast-Cancer-ML-Pipeline/venv/lib/python3.9/site-packages/airflow/example_dags/example_params_ui_tutorial.py took 0.106 seconds
[2025-04-21T17:46:17.741-0400] {processor.py:161} INFO - Started process (PID=88525) to work on /Users/gaurav/Documents/Breast-Cancer-ML-Pipeline/venv/lib/python3.9/site-packages/airflow/example_dags/example_params_ui_tutorial.py
[2025-04-21T17:46:17.742-0400] {processor.py:830} INFO - Processing file /Users/gaurav/Documents/Breast-Cancer-ML-Pipeline/venv/lib/python3.9/site-packages/airflow/example_dags/example_params_ui_tutorial.py for tasks to queue
[2025-04-21T17:46:17.743-0400] {logging_mixin.py:188} INFO - [2025-04-21T17:46:17.743-0400] {dagbag.py:538} INFO - Filling up the DagBag from /Users/gaurav/Documents/Breast-Cancer-ML-Pipeline/venv/lib/python3.9/site-packages/airflow/example_dags/example_params_ui_tutorial.py
[2025-04-21T17:46:17.766-0400] {processor.py:840} INFO - DAG(s) 'example_params_ui_tutorial' retrieved from /Users/gaurav/Documents/Breast-Cancer-ML-Pipeline/venv/lib/python3.9/site-packages/airflow/example_dags/example_params_ui_tutorial.py
[2025-04-21T17:46:17.833-0400] {logging_mixin.py:188} INFO - [2025-04-21T17:46:17.833-0400] {dag.py:3036} INFO - Sync 1 DAGs
[2025-04-21T17:46:17.838-0400] {logging_mixin.py:188} INFO - [2025-04-21T17:46:17.838-0400] {dag.py:3823} INFO - Setting next_dagrun for example_params_ui_tutorial to None, run_after=None
[2025-04-21T17:46:17.848-0400] {processor.py:183} INFO - Processing /Users/gaurav/Documents/Breast-Cancer-ML-Pipeline/venv/lib/python3.9/site-packages/airflow/example_dags/example_params_ui_tutorial.py took 0.107 seconds
[2025-04-21T17:47:16.524-0400] {processor.py:161} INFO - Started process (PID=88598) to work on /Users/gaurav/Documents/Breast-Cancer-ML-Pipeline/venv/lib/python3.9/site-packages/airflow/example_dags/example_params_ui_tutorial.py
[2025-04-21T17:47:16.526-0400] {processor.py:830} INFO - Processing file /Users/gaurav/Documents/Breast-Cancer-ML-Pipeline/venv/lib/python3.9/site-packages/airflow/example_dags/example_params_ui_tutorial.py for tasks to queue
[2025-04-21T17:47:16.527-0400] {logging_mixin.py:188} INFO - [2025-04-21T17:47:16.527-0400] {dagbag.py:538} INFO - Filling up the DagBag from /Users/gaurav/Documents/Breast-Cancer-ML-Pipeline/venv/lib/python3.9/site-packages/airflow/example_dags/example_params_ui_tutorial.py
[2025-04-21T17:47:16.549-0400] {processor.py:840} INFO - DAG(s) 'example_params_ui_tutorial' retrieved from /Users/gaurav/Documents/Breast-Cancer-ML-Pipeline/venv/lib/python3.9/site-packages/airflow/example_dags/example_params_ui_tutorial.py
[2025-04-21T17:47:16.615-0400] {logging_mixin.py:188} INFO - [2025-04-21T17:47:16.614-0400] {dag.py:3036} INFO - Sync 1 DAGs
[2025-04-21T17:47:16.619-0400] {logging_mixin.py:188} INFO - [2025-04-21T17:47:16.619-0400] {dag.py:3823} INFO - Setting next_dagrun for example_params_ui_tutorial to None, run_after=None
[2025-04-21T17:47:16.629-0400] {processor.py:183} INFO - Processing /Users/gaurav/Documents/Breast-Cancer-ML-Pipeline/venv/lib/python3.9/site-packages/airflow/example_dags/example_params_ui_tutorial.py took 0.105 seconds
[2025-04-21T17:48:06.006-0400] {processor.py:161} INFO - Started process (PID=88661) to work on /Users/gaurav/Documents/Breast-Cancer-ML-Pipeline/venv/lib/python3.9/site-packages/airflow/example_dags/example_params_ui_tutorial.py
[2025-04-21T17:48:06.007-0400] {processor.py:830} INFO - Processing file /Users/gaurav/Documents/Breast-Cancer-ML-Pipeline/venv/lib/python3.9/site-packages/airflow/example_dags/example_params_ui_tutorial.py for tasks to queue
[2025-04-21T17:48:06.007-0400] {logging_mixin.py:188} INFO - [2025-04-21T17:48:06.007-0400] {dagbag.py:538} INFO - Filling up the DagBag from /Users/gaurav/Documents/Breast-Cancer-ML-Pipeline/venv/lib/python3.9/site-packages/airflow/example_dags/example_params_ui_tutorial.py
[2025-04-21T17:48:06.030-0400] {processor.py:840} INFO - DAG(s) 'example_params_ui_tutorial' retrieved from /Users/gaurav/Documents/Breast-Cancer-ML-Pipeline/venv/lib/python3.9/site-packages/airflow/example_dags/example_params_ui_tutorial.py
[2025-04-21T17:48:06.094-0400] {logging_mixin.py:188} INFO - [2025-04-21T17:48:06.094-0400] {dag.py:3036} INFO - Sync 1 DAGs
[2025-04-21T17:48:06.099-0400] {logging_mixin.py:188} INFO - [2025-04-21T17:48:06.099-0400] {dag.py:3823} INFO - Setting next_dagrun for example_params_ui_tutorial to None, run_after=None
[2025-04-21T17:48:06.108-0400] {processor.py:183} INFO - Processing /Users/gaurav/Documents/Breast-Cancer-ML-Pipeline/venv/lib/python3.9/site-packages/airflow/example_dags/example_params_ui_tutorial.py took 0.102 seconds
[2025-04-21T17:48:55.866-0400] {processor.py:161} INFO - Started process (PID=88736) to work on /Users/gaurav/Documents/Breast-Cancer-ML-Pipeline/venv/lib/python3.9/site-packages/airflow/example_dags/example_params_ui_tutorial.py
[2025-04-21T17:48:55.868-0400] {processor.py:830} INFO - Processing file /Users/gaurav/Documents/Breast-Cancer-ML-Pipeline/venv/lib/python3.9/site-packages/airflow/example_dags/example_params_ui_tutorial.py for tasks to queue
[2025-04-21T17:48:55.869-0400] {logging_mixin.py:188} INFO - [2025-04-21T17:48:55.868-0400] {dagbag.py:538} INFO - Filling up the DagBag from /Users/gaurav/Documents/Breast-Cancer-ML-Pipeline/venv/lib/python3.9/site-packages/airflow/example_dags/example_params_ui_tutorial.py
[2025-04-21T17:48:55.892-0400] {processor.py:840} INFO - DAG(s) 'example_params_ui_tutorial' retrieved from /Users/gaurav/Documents/Breast-Cancer-ML-Pipeline/venv/lib/python3.9/site-packages/airflow/example_dags/example_params_ui_tutorial.py
[2025-04-21T17:48:55.961-0400] {logging_mixin.py:188} INFO - [2025-04-21T17:48:55.960-0400] {dag.py:3036} INFO - Sync 1 DAGs
[2025-04-21T17:48:55.966-0400] {logging_mixin.py:188} INFO - [2025-04-21T17:48:55.966-0400] {dag.py:3823} INFO - Setting next_dagrun for example_params_ui_tutorial to None, run_after=None
[2025-04-21T17:48:55.975-0400] {processor.py:183} INFO - Processing /Users/gaurav/Documents/Breast-Cancer-ML-Pipeline/venv/lib/python3.9/site-packages/airflow/example_dags/example_params_ui_tutorial.py took 0.109 seconds
[2025-04-21T17:50:01.376-0400] {processor.py:161} INFO - Started process (PID=88821) to work on /Users/gaurav/Documents/Breast-Cancer-ML-Pipeline/venv/lib/python3.9/site-packages/airflow/example_dags/example_params_ui_tutorial.py
[2025-04-21T17:50:01.378-0400] {processor.py:830} INFO - Processing file /Users/gaurav/Documents/Breast-Cancer-ML-Pipeline/venv/lib/python3.9/site-packages/airflow/example_dags/example_params_ui_tutorial.py for tasks to queue
[2025-04-21T17:50:01.378-0400] {logging_mixin.py:188} INFO - [2025-04-21T17:50:01.378-0400] {dagbag.py:538} INFO - Filling up the DagBag from /Users/gaurav/Documents/Breast-Cancer-ML-Pipeline/venv/lib/python3.9/site-packages/airflow/example_dags/example_params_ui_tutorial.py
[2025-04-21T17:50:01.402-0400] {processor.py:840} INFO - DAG(s) 'example_params_ui_tutorial' retrieved from /Users/gaurav/Documents/Breast-Cancer-ML-Pipeline/venv/lib/python3.9/site-packages/airflow/example_dags/example_params_ui_tutorial.py
[2025-04-21T17:50:01.467-0400] {logging_mixin.py:188} INFO - [2025-04-21T17:50:01.467-0400] {dag.py:3036} INFO - Sync 1 DAGs
[2025-04-21T17:50:01.472-0400] {logging_mixin.py:188} INFO - [2025-04-21T17:50:01.472-0400] {dag.py:3823} INFO - Setting next_dagrun for example_params_ui_tutorial to None, run_after=None
[2025-04-21T17:50:01.485-0400] {processor.py:183} INFO - Processing /Users/gaurav/Documents/Breast-Cancer-ML-Pipeline/venv/lib/python3.9/site-packages/airflow/example_dags/example_params_ui_tutorial.py took 0.110 seconds
[2025-04-21T17:50:50.967-0400] {processor.py:161} INFO - Started process (PID=88893) to work on /Users/gaurav/Documents/Breast-Cancer-ML-Pipeline/venv/lib/python3.9/site-packages/airflow/example_dags/example_params_ui_tutorial.py
[2025-04-21T17:50:50.969-0400] {processor.py:830} INFO - Processing file /Users/gaurav/Documents/Breast-Cancer-ML-Pipeline/venv/lib/python3.9/site-packages/airflow/example_dags/example_params_ui_tutorial.py for tasks to queue
[2025-04-21T17:50:50.969-0400] {logging_mixin.py:188} INFO - [2025-04-21T17:50:50.969-0400] {dagbag.py:538} INFO - Filling up the DagBag from /Users/gaurav/Documents/Breast-Cancer-ML-Pipeline/venv/lib/python3.9/site-packages/airflow/example_dags/example_params_ui_tutorial.py
[2025-04-21T17:50:50.992-0400] {processor.py:840} INFO - DAG(s) 'example_params_ui_tutorial' retrieved from /Users/gaurav/Documents/Breast-Cancer-ML-Pipeline/venv/lib/python3.9/site-packages/airflow/example_dags/example_params_ui_tutorial.py
[2025-04-21T17:50:51.056-0400] {logging_mixin.py:188} INFO - [2025-04-21T17:50:51.056-0400] {dag.py:3036} INFO - Sync 1 DAGs
[2025-04-21T17:50:51.061-0400] {logging_mixin.py:188} INFO - [2025-04-21T17:50:51.061-0400] {dag.py:3823} INFO - Setting next_dagrun for example_params_ui_tutorial to None, run_after=None
[2025-04-21T17:50:51.070-0400] {processor.py:183} INFO - Processing /Users/gaurav/Documents/Breast-Cancer-ML-Pipeline/venv/lib/python3.9/site-packages/airflow/example_dags/example_params_ui_tutorial.py took 0.104 seconds
[2025-04-21T17:51:42.682-0400] {processor.py:161} INFO - Started process (PID=88971) to work on /Users/gaurav/Documents/Breast-Cancer-ML-Pipeline/venv/lib/python3.9/site-packages/airflow/example_dags/example_params_ui_tutorial.py
[2025-04-21T17:51:42.683-0400] {processor.py:830} INFO - Processing file /Users/gaurav/Documents/Breast-Cancer-ML-Pipeline/venv/lib/python3.9/site-packages/airflow/example_dags/example_params_ui_tutorial.py for tasks to queue
[2025-04-21T17:51:42.684-0400] {logging_mixin.py:188} INFO - [2025-04-21T17:51:42.683-0400] {dagbag.py:538} INFO - Filling up the DagBag from /Users/gaurav/Documents/Breast-Cancer-ML-Pipeline/venv/lib/python3.9/site-packages/airflow/example_dags/example_params_ui_tutorial.py
[2025-04-21T17:51:42.708-0400] {processor.py:840} INFO - DAG(s) 'example_params_ui_tutorial' retrieved from /Users/gaurav/Documents/Breast-Cancer-ML-Pipeline/venv/lib/python3.9/site-packages/airflow/example_dags/example_params_ui_tutorial.py
[2025-04-21T17:51:42.774-0400] {logging_mixin.py:188} INFO - [2025-04-21T17:51:42.774-0400] {dag.py:3036} INFO - Sync 1 DAGs
[2025-04-21T17:51:42.779-0400] {logging_mixin.py:188} INFO - [2025-04-21T17:51:42.779-0400] {dag.py:3823} INFO - Setting next_dagrun for example_params_ui_tutorial to None, run_after=None
[2025-04-21T17:51:42.788-0400] {processor.py:183} INFO - Processing /Users/gaurav/Documents/Breast-Cancer-ML-Pipeline/venv/lib/python3.9/site-packages/airflow/example_dags/example_params_ui_tutorial.py took 0.107 seconds
[2025-04-21T17:52:34.696-0400] {processor.py:161} INFO - Started process (PID=89036) to work on /Users/gaurav/Documents/Breast-Cancer-ML-Pipeline/venv/lib/python3.9/site-packages/airflow/example_dags/example_params_ui_tutorial.py
[2025-04-21T17:52:34.698-0400] {processor.py:830} INFO - Processing file /Users/gaurav/Documents/Breast-Cancer-ML-Pipeline/venv/lib/python3.9/site-packages/airflow/example_dags/example_params_ui_tutorial.py for tasks to queue
[2025-04-21T17:52:34.698-0400] {logging_mixin.py:188} INFO - [2025-04-21T17:52:34.698-0400] {dagbag.py:538} INFO - Filling up the DagBag from /Users/gaurav/Documents/Breast-Cancer-ML-Pipeline/venv/lib/python3.9/site-packages/airflow/example_dags/example_params_ui_tutorial.py
[2025-04-21T17:52:34.727-0400] {processor.py:840} INFO - DAG(s) 'example_params_ui_tutorial' retrieved from /Users/gaurav/Documents/Breast-Cancer-ML-Pipeline/venv/lib/python3.9/site-packages/airflow/example_dags/example_params_ui_tutorial.py
[2025-04-21T17:52:34.806-0400] {logging_mixin.py:188} INFO - [2025-04-21T17:52:34.805-0400] {dag.py:3036} INFO - Sync 1 DAGs
[2025-04-21T17:52:34.812-0400] {logging_mixin.py:188} INFO - [2025-04-21T17:52:34.812-0400] {dag.py:3823} INFO - Setting next_dagrun for example_params_ui_tutorial to None, run_after=None
[2025-04-21T17:52:34.829-0400] {processor.py:183} INFO - Processing /Users/gaurav/Documents/Breast-Cancer-ML-Pipeline/venv/lib/python3.9/site-packages/airflow/example_dags/example_params_ui_tutorial.py took 0.135 seconds
[2025-04-21T17:53:26.714-0400] {processor.py:161} INFO - Started process (PID=89106) to work on /Users/gaurav/Documents/Breast-Cancer-ML-Pipeline/venv/lib/python3.9/site-packages/airflow/example_dags/example_params_ui_tutorial.py
[2025-04-21T17:53:26.716-0400] {processor.py:830} INFO - Processing file /Users/gaurav/Documents/Breast-Cancer-ML-Pipeline/venv/lib/python3.9/site-packages/airflow/example_dags/example_params_ui_tutorial.py for tasks to queue
[2025-04-21T17:53:26.716-0400] {logging_mixin.py:188} INFO - [2025-04-21T17:53:26.716-0400] {dagbag.py:538} INFO - Filling up the DagBag from /Users/gaurav/Documents/Breast-Cancer-ML-Pipeline/venv/lib/python3.9/site-packages/airflow/example_dags/example_params_ui_tutorial.py
[2025-04-21T17:53:26.739-0400] {processor.py:840} INFO - DAG(s) 'example_params_ui_tutorial' retrieved from /Users/gaurav/Documents/Breast-Cancer-ML-Pipeline/venv/lib/python3.9/site-packages/airflow/example_dags/example_params_ui_tutorial.py
[2025-04-21T17:53:26.808-0400] {logging_mixin.py:188} INFO - [2025-04-21T17:53:26.808-0400] {dag.py:3036} INFO - Sync 1 DAGs
[2025-04-21T17:53:26.813-0400] {logging_mixin.py:188} INFO - [2025-04-21T17:53:26.813-0400] {dag.py:3823} INFO - Setting next_dagrun for example_params_ui_tutorial to None, run_after=None
[2025-04-21T17:53:26.822-0400] {processor.py:183} INFO - Processing /Users/gaurav/Documents/Breast-Cancer-ML-Pipeline/venv/lib/python3.9/site-packages/airflow/example_dags/example_params_ui_tutorial.py took 0.109 seconds
[2025-04-21T17:54:18.449-0400] {processor.py:161} INFO - Started process (PID=89180) to work on /Users/gaurav/Documents/Breast-Cancer-ML-Pipeline/venv/lib/python3.9/site-packages/airflow/example_dags/example_params_ui_tutorial.py
[2025-04-21T17:54:18.450-0400] {processor.py:830} INFO - Processing file /Users/gaurav/Documents/Breast-Cancer-ML-Pipeline/venv/lib/python3.9/site-packages/airflow/example_dags/example_params_ui_tutorial.py for tasks to queue
[2025-04-21T17:54:18.451-0400] {logging_mixin.py:188} INFO - [2025-04-21T17:54:18.450-0400] {dagbag.py:538} INFO - Filling up the DagBag from /Users/gaurav/Documents/Breast-Cancer-ML-Pipeline/venv/lib/python3.9/site-packages/airflow/example_dags/example_params_ui_tutorial.py
[2025-04-21T17:54:18.477-0400] {processor.py:840} INFO - DAG(s) 'example_params_ui_tutorial' retrieved from /Users/gaurav/Documents/Breast-Cancer-ML-Pipeline/venv/lib/python3.9/site-packages/airflow/example_dags/example_params_ui_tutorial.py
[2025-04-21T17:54:18.547-0400] {logging_mixin.py:188} INFO - [2025-04-21T17:54:18.547-0400] {dag.py:3036} INFO - Sync 1 DAGs
[2025-04-21T17:54:18.552-0400] {logging_mixin.py:188} INFO - [2025-04-21T17:54:18.552-0400] {dag.py:3823} INFO - Setting next_dagrun for example_params_ui_tutorial to None, run_after=None
[2025-04-21T17:54:18.562-0400] {processor.py:183} INFO - Processing /Users/gaurav/Documents/Breast-Cancer-ML-Pipeline/venv/lib/python3.9/site-packages/airflow/example_dags/example_params_ui_tutorial.py took 0.113 seconds
[2025-04-21T17:55:13.138-0400] {processor.py:161} INFO - Started process (PID=89324) to work on /Users/gaurav/Documents/Breast-Cancer-ML-Pipeline/venv/lib/python3.9/site-packages/airflow/example_dags/example_params_ui_tutorial.py
[2025-04-21T17:55:13.139-0400] {processor.py:830} INFO - Processing file /Users/gaurav/Documents/Breast-Cancer-ML-Pipeline/venv/lib/python3.9/site-packages/airflow/example_dags/example_params_ui_tutorial.py for tasks to queue
[2025-04-21T17:55:13.139-0400] {logging_mixin.py:188} INFO - [2025-04-21T17:55:13.139-0400] {dagbag.py:538} INFO - Filling up the DagBag from /Users/gaurav/Documents/Breast-Cancer-ML-Pipeline/venv/lib/python3.9/site-packages/airflow/example_dags/example_params_ui_tutorial.py
[2025-04-21T17:55:13.164-0400] {processor.py:840} INFO - DAG(s) 'example_params_ui_tutorial' retrieved from /Users/gaurav/Documents/Breast-Cancer-ML-Pipeline/venv/lib/python3.9/site-packages/airflow/example_dags/example_params_ui_tutorial.py
[2025-04-21T17:55:13.234-0400] {logging_mixin.py:188} INFO - [2025-04-21T17:55:13.234-0400] {dag.py:3036} INFO - Sync 1 DAGs
[2025-04-21T17:55:13.240-0400] {logging_mixin.py:188} INFO - [2025-04-21T17:55:13.240-0400] {dag.py:3823} INFO - Setting next_dagrun for example_params_ui_tutorial to None, run_after=None
[2025-04-21T17:55:13.249-0400] {processor.py:183} INFO - Processing /Users/gaurav/Documents/Breast-Cancer-ML-Pipeline/venv/lib/python3.9/site-packages/airflow/example_dags/example_params_ui_tutorial.py took 0.112 seconds
