[2025-04-21T16:39:30.891-0400] {processor.py:161} INFO - Started process (PID=83561) to work on /Users/gaurav/Documents/Breast-Cancer-ML-Pipeline/venv/lib/python3.9/site-packages/airflow/example_dags/example_latest_only_with_trigger.py
[2025-04-21T16:39:30.892-0400] {processor.py:830} INFO - Processing file /Users/gaurav/Documents/Breast-Cancer-ML-Pipeline/venv/lib/python3.9/site-packages/airflow/example_dags/example_latest_only_with_trigger.py for tasks to queue
[2025-04-21T16:39:30.893-0400] {logging_mixin.py:188} INFO - [2025-04-21T16:39:30.893-0400] {dagbag.py:538} INFO - Filling up the DagBag from /Users/gaurav/Documents/Breast-Cancer-ML-Pipeline/venv/lib/python3.9/site-packages/airflow/example_dags/example_latest_only_with_trigger.py
[2025-04-21T16:39:30.899-0400] {processor.py:840} INFO - DAG(s) 'latest_only_with_trigger' retrieved from /Users/gaurav/Documents/Breast-Cancer-ML-Pipeline/venv/lib/python3.9/site-packages/airflow/example_dags/example_latest_only_with_trigger.py
[2025-04-21T16:39:31.026-0400] {logging_mixin.py:188} INFO - [2025-04-21T16:39:31.025-0400] {override.py:1769} INFO - Created Permission View: can read on DAG:latest_only_with_trigger
[2025-04-21T16:39:31.031-0400] {logging_mixin.py:188} INFO - [2025-04-21T16:39:31.031-0400] {override.py:1769} INFO - Created Permission View: can edit on DAG:latest_only_with_trigger
[2025-04-21T16:39:31.034-0400] {logging_mixin.py:188} INFO - [2025-04-21T16:39:31.034-0400] {override.py:1769} INFO - Created Permission View: can delete on DAG:latest_only_with_trigger
[2025-04-21T16:39:31.035-0400] {logging_mixin.py:188} INFO - [2025-04-21T16:39:31.034-0400] {dag.py:3036} INFO - Sync 1 DAGs
[2025-04-21T16:39:31.041-0400] {logging_mixin.py:188} INFO - [2025-04-21T16:39:31.041-0400] {dag.py:3058} INFO - Creating ORM DAG for latest_only_with_trigger
[2025-04-21T16:39:31.047-0400] {logging_mixin.py:188} INFO - [2025-04-21T16:39:31.047-0400] {dag.py:3823} INFO - Setting next_dagrun for latest_only_with_trigger to 2025-04-21 16:00:00+00:00, run_after=2025-04-21 20:00:00+00:00
[2025-04-21T16:39:31.058-0400] {processor.py:183} INFO - Processing /Users/gaurav/Documents/Breast-Cancer-ML-Pipeline/venv/lib/python3.9/site-packages/airflow/example_dags/example_latest_only_with_trigger.py took 0.168 seconds
[2025-04-21T16:41:20.016-0400] {processor.py:161} INFO - Started process (PID=83662) to work on /Users/gaurav/Documents/Breast-Cancer-ML-Pipeline/venv/lib/python3.9/site-packages/airflow/example_dags/example_latest_only_with_trigger.py
[2025-04-21T16:41:20.017-0400] {processor.py:830} INFO - Processing file /Users/gaurav/Documents/Breast-Cancer-ML-Pipeline/venv/lib/python3.9/site-packages/airflow/example_dags/example_latest_only_with_trigger.py for tasks to queue
[2025-04-21T16:41:20.018-0400] {logging_mixin.py:188} INFO - [2025-04-21T16:41:20.018-0400] {dagbag.py:538} INFO - Filling up the DagBag from /Users/gaurav/Documents/Breast-Cancer-ML-Pipeline/venv/lib/python3.9/site-packages/airflow/example_dags/example_latest_only_with_trigger.py
[2025-04-21T16:41:20.024-0400] {processor.py:840} INFO - DAG(s) 'latest_only_with_trigger' retrieved from /Users/gaurav/Documents/Breast-Cancer-ML-Pipeline/venv/lib/python3.9/site-packages/airflow/example_dags/example_latest_only_with_trigger.py
[2025-04-21T16:41:20.090-0400] {logging_mixin.py:188} INFO - [2025-04-21T16:41:20.090-0400] {dag.py:3036} INFO - Sync 1 DAGs
[2025-04-21T16:41:20.104-0400] {logging_mixin.py:188} INFO - [2025-04-21T16:41:20.104-0400] {dag.py:3823} INFO - Setting next_dagrun for latest_only_with_trigger to 2025-04-21 16:00:00+00:00, run_after=2025-04-21 20:00:00+00:00
[2025-04-21T16:41:20.118-0400] {processor.py:183} INFO - Processing /Users/gaurav/Documents/Breast-Cancer-ML-Pipeline/venv/lib/python3.9/site-packages/airflow/example_dags/example_latest_only_with_trigger.py took 0.103 seconds
[2025-04-21T16:44:04.936-0400] {processor.py:161} INFO - Started process (PID=83803) to work on /Users/gaurav/Documents/Breast-Cancer-ML-Pipeline/venv/lib/python3.9/site-packages/airflow/example_dags/example_latest_only_with_trigger.py
[2025-04-21T16:44:04.938-0400] {processor.py:830} INFO - Processing file /Users/gaurav/Documents/Breast-Cancer-ML-Pipeline/venv/lib/python3.9/site-packages/airflow/example_dags/example_latest_only_with_trigger.py for tasks to queue
[2025-04-21T16:44:04.939-0400] {logging_mixin.py:188} INFO - [2025-04-21T16:44:04.939-0400] {dagbag.py:538} INFO - Filling up the DagBag from /Users/gaurav/Documents/Breast-Cancer-ML-Pipeline/venv/lib/python3.9/site-packages/airflow/example_dags/example_latest_only_with_trigger.py
[2025-04-21T16:44:04.945-0400] {processor.py:840} INFO - DAG(s) 'latest_only_with_trigger' retrieved from /Users/gaurav/Documents/Breast-Cancer-ML-Pipeline/venv/lib/python3.9/site-packages/airflow/example_dags/example_latest_only_with_trigger.py
[2025-04-21T16:44:05.016-0400] {logging_mixin.py:188} INFO - [2025-04-21T16:44:05.015-0400] {dag.py:3036} INFO - Sync 1 DAGs
[2025-04-21T16:44:05.030-0400] {logging_mixin.py:188} INFO - [2025-04-21T16:44:05.030-0400] {dag.py:3823} INFO - Setting next_dagrun for latest_only_with_trigger to 2025-04-21 16:00:00+00:00, run_after=2025-04-21 20:00:00+00:00
[2025-04-21T16:44:05.043-0400] {processor.py:183} INFO - Processing /Users/gaurav/Documents/Breast-Cancer-ML-Pipeline/venv/lib/python3.9/site-packages/airflow/example_dags/example_latest_only_with_trigger.py took 0.107 seconds
[2025-04-21T16:47:13.433-0400] {processor.py:161} INFO - Started process (PID=84028) to work on /Users/gaurav/Documents/Breast-Cancer-ML-Pipeline/venv/lib/python3.9/site-packages/airflow/example_dags/example_latest_only_with_trigger.py
[2025-04-21T16:47:13.434-0400] {processor.py:830} INFO - Processing file /Users/gaurav/Documents/Breast-Cancer-ML-Pipeline/venv/lib/python3.9/site-packages/airflow/example_dags/example_latest_only_with_trigger.py for tasks to queue
[2025-04-21T16:47:13.435-0400] {logging_mixin.py:188} INFO - [2025-04-21T16:47:13.435-0400] {dagbag.py:538} INFO - Filling up the DagBag from /Users/gaurav/Documents/Breast-Cancer-ML-Pipeline/venv/lib/python3.9/site-packages/airflow/example_dags/example_latest_only_with_trigger.py
[2025-04-21T16:47:13.442-0400] {processor.py:840} INFO - DAG(s) 'latest_only_with_trigger' retrieved from /Users/gaurav/Documents/Breast-Cancer-ML-Pipeline/venv/lib/python3.9/site-packages/airflow/example_dags/example_latest_only_with_trigger.py
[2025-04-21T16:47:13.510-0400] {logging_mixin.py:188} INFO - [2025-04-21T16:47:13.510-0400] {dag.py:3036} INFO - Sync 1 DAGs
[2025-04-21T16:47:13.523-0400] {logging_mixin.py:188} INFO - [2025-04-21T16:47:13.523-0400] {dag.py:3823} INFO - Setting next_dagrun for latest_only_with_trigger to 2025-04-21 16:00:00+00:00, run_after=2025-04-21 20:00:00+00:00
[2025-04-21T16:47:13.535-0400] {processor.py:183} INFO - Processing /Users/gaurav/Documents/Breast-Cancer-ML-Pipeline/venv/lib/python3.9/site-packages/airflow/example_dags/example_latest_only_with_trigger.py took 0.103 seconds
[2025-04-21T16:48:26.627-0400] {processor.py:161} INFO - Started process (PID=84110) to work on /Users/gaurav/Documents/Breast-Cancer-ML-Pipeline/venv/lib/python3.9/site-packages/airflow/example_dags/example_latest_only_with_trigger.py
[2025-04-21T16:48:26.628-0400] {processor.py:830} INFO - Processing file /Users/gaurav/Documents/Breast-Cancer-ML-Pipeline/venv/lib/python3.9/site-packages/airflow/example_dags/example_latest_only_with_trigger.py for tasks to queue
[2025-04-21T16:48:26.629-0400] {logging_mixin.py:188} INFO - [2025-04-21T16:48:26.628-0400] {dagbag.py:538} INFO - Filling up the DagBag from /Users/gaurav/Documents/Breast-Cancer-ML-Pipeline/venv/lib/python3.9/site-packages/airflow/example_dags/example_latest_only_with_trigger.py
[2025-04-21T16:48:26.634-0400] {processor.py:840} INFO - DAG(s) 'latest_only_with_trigger' retrieved from /Users/gaurav/Documents/Breast-Cancer-ML-Pipeline/venv/lib/python3.9/site-packages/airflow/example_dags/example_latest_only_with_trigger.py
[2025-04-21T16:48:26.701-0400] {logging_mixin.py:188} INFO - [2025-04-21T16:48:26.701-0400] {dag.py:3036} INFO - Sync 1 DAGs
[2025-04-21T16:48:26.713-0400] {logging_mixin.py:188} INFO - [2025-04-21T16:48:26.713-0400] {dag.py:3823} INFO - Setting next_dagrun for latest_only_with_trigger to 2025-04-21 16:00:00+00:00, run_after=2025-04-21 20:00:00+00:00
[2025-04-21T16:48:26.726-0400] {processor.py:183} INFO - Processing /Users/gaurav/Documents/Breast-Cancer-ML-Pipeline/venv/lib/python3.9/site-packages/airflow/example_dags/example_latest_only_with_trigger.py took 0.100 seconds
[2025-04-21T16:49:37.740-0400] {processor.py:161} INFO - Started process (PID=84197) to work on /Users/gaurav/Documents/Breast-Cancer-ML-Pipeline/venv/lib/python3.9/site-packages/airflow/example_dags/example_latest_only_with_trigger.py
[2025-04-21T16:49:37.742-0400] {processor.py:830} INFO - Processing file /Users/gaurav/Documents/Breast-Cancer-ML-Pipeline/venv/lib/python3.9/site-packages/airflow/example_dags/example_latest_only_with_trigger.py for tasks to queue
[2025-04-21T16:49:37.743-0400] {logging_mixin.py:188} INFO - [2025-04-21T16:49:37.743-0400] {dagbag.py:538} INFO - Filling up the DagBag from /Users/gaurav/Documents/Breast-Cancer-ML-Pipeline/venv/lib/python3.9/site-packages/airflow/example_dags/example_latest_only_with_trigger.py
[2025-04-21T16:49:37.748-0400] {processor.py:840} INFO - DAG(s) 'latest_only_with_trigger' retrieved from /Users/gaurav/Documents/Breast-Cancer-ML-Pipeline/venv/lib/python3.9/site-packages/airflow/example_dags/example_latest_only_with_trigger.py
[2025-04-21T16:49:37.815-0400] {logging_mixin.py:188} INFO - [2025-04-21T16:49:37.815-0400] {dag.py:3036} INFO - Sync 1 DAGs
[2025-04-21T16:49:37.827-0400] {logging_mixin.py:188} INFO - [2025-04-21T16:49:37.827-0400] {dag.py:3823} INFO - Setting next_dagrun for latest_only_with_trigger to 2025-04-21 16:00:00+00:00, run_after=2025-04-21 20:00:00+00:00
[2025-04-21T16:49:37.839-0400] {processor.py:183} INFO - Processing /Users/gaurav/Documents/Breast-Cancer-ML-Pipeline/venv/lib/python3.9/site-packages/airflow/example_dags/example_latest_only_with_trigger.py took 0.100 seconds
[2025-04-21T16:50:52.689-0400] {processor.py:161} INFO - Started process (PID=84279) to work on /Users/gaurav/Documents/Breast-Cancer-ML-Pipeline/venv/lib/python3.9/site-packages/airflow/example_dags/example_latest_only_with_trigger.py
[2025-04-21T16:50:52.691-0400] {processor.py:830} INFO - Processing file /Users/gaurav/Documents/Breast-Cancer-ML-Pipeline/venv/lib/python3.9/site-packages/airflow/example_dags/example_latest_only_with_trigger.py for tasks to queue
[2025-04-21T16:50:52.691-0400] {logging_mixin.py:188} INFO - [2025-04-21T16:50:52.691-0400] {dagbag.py:538} INFO - Filling up the DagBag from /Users/gaurav/Documents/Breast-Cancer-ML-Pipeline/venv/lib/python3.9/site-packages/airflow/example_dags/example_latest_only_with_trigger.py
[2025-04-21T16:50:52.697-0400] {processor.py:840} INFO - DAG(s) 'latest_only_with_trigger' retrieved from /Users/gaurav/Documents/Breast-Cancer-ML-Pipeline/venv/lib/python3.9/site-packages/airflow/example_dags/example_latest_only_with_trigger.py
[2025-04-21T16:50:52.769-0400] {logging_mixin.py:188} INFO - [2025-04-21T16:50:52.769-0400] {dag.py:3036} INFO - Sync 1 DAGs
[2025-04-21T16:50:52.783-0400] {logging_mixin.py:188} INFO - [2025-04-21T16:50:52.783-0400] {dag.py:3823} INFO - Setting next_dagrun for latest_only_with_trigger to 2025-04-21 16:00:00+00:00, run_after=2025-04-21 20:00:00+00:00
[2025-04-21T16:50:52.797-0400] {processor.py:183} INFO - Processing /Users/gaurav/Documents/Breast-Cancer-ML-Pipeline/venv/lib/python3.9/site-packages/airflow/example_dags/example_latest_only_with_trigger.py took 0.108 seconds
[2025-04-21T16:52:15.848-0400] {processor.py:161} INFO - Started process (PID=84369) to work on /Users/gaurav/Documents/Breast-Cancer-ML-Pipeline/venv/lib/python3.9/site-packages/airflow/example_dags/example_latest_only_with_trigger.py
[2025-04-21T16:52:15.849-0400] {processor.py:830} INFO - Processing file /Users/gaurav/Documents/Breast-Cancer-ML-Pipeline/venv/lib/python3.9/site-packages/airflow/example_dags/example_latest_only_with_trigger.py for tasks to queue
[2025-04-21T16:52:15.849-0400] {logging_mixin.py:188} INFO - [2025-04-21T16:52:15.849-0400] {dagbag.py:538} INFO - Filling up the DagBag from /Users/gaurav/Documents/Breast-Cancer-ML-Pipeline/venv/lib/python3.9/site-packages/airflow/example_dags/example_latest_only_with_trigger.py
[2025-04-21T16:52:15.855-0400] {processor.py:840} INFO - DAG(s) 'latest_only_with_trigger' retrieved from /Users/gaurav/Documents/Breast-Cancer-ML-Pipeline/venv/lib/python3.9/site-packages/airflow/example_dags/example_latest_only_with_trigger.py
[2025-04-21T16:52:15.926-0400] {logging_mixin.py:188} INFO - [2025-04-21T16:52:15.926-0400] {dag.py:3036} INFO - Sync 1 DAGs
[2025-04-21T16:52:15.940-0400] {logging_mixin.py:188} INFO - [2025-04-21T16:52:15.940-0400] {dag.py:3823} INFO - Setting next_dagrun for latest_only_with_trigger to 2025-04-21 16:00:00+00:00, run_after=2025-04-21 20:00:00+00:00
[2025-04-21T16:52:15.953-0400] {processor.py:183} INFO - Processing /Users/gaurav/Documents/Breast-Cancer-ML-Pipeline/venv/lib/python3.9/site-packages/airflow/example_dags/example_latest_only_with_trigger.py took 0.106 seconds
[2025-04-21T16:53:37.919-0400] {processor.py:161} INFO - Started process (PID=84481) to work on /Users/gaurav/Documents/Breast-Cancer-ML-Pipeline/venv/lib/python3.9/site-packages/airflow/example_dags/example_latest_only_with_trigger.py
[2025-04-21T16:53:37.921-0400] {processor.py:830} INFO - Processing file /Users/gaurav/Documents/Breast-Cancer-ML-Pipeline/venv/lib/python3.9/site-packages/airflow/example_dags/example_latest_only_with_trigger.py for tasks to queue
[2025-04-21T16:53:37.921-0400] {logging_mixin.py:188} INFO - [2025-04-21T16:53:37.921-0400] {dagbag.py:538} INFO - Filling up the DagBag from /Users/gaurav/Documents/Breast-Cancer-ML-Pipeline/venv/lib/python3.9/site-packages/airflow/example_dags/example_latest_only_with_trigger.py
[2025-04-21T16:53:37.928-0400] {processor.py:840} INFO - DAG(s) 'latest_only_with_trigger' retrieved from /Users/gaurav/Documents/Breast-Cancer-ML-Pipeline/venv/lib/python3.9/site-packages/airflow/example_dags/example_latest_only_with_trigger.py
[2025-04-21T16:53:37.999-0400] {logging_mixin.py:188} INFO - [2025-04-21T16:53:37.998-0400] {dag.py:3036} INFO - Sync 1 DAGs
[2025-04-21T16:53:38.014-0400] {logging_mixin.py:188} INFO - [2025-04-21T16:53:38.014-0400] {dag.py:3823} INFO - Setting next_dagrun for latest_only_with_trigger to 2025-04-21 16:00:00+00:00, run_after=2025-04-21 20:00:00+00:00
[2025-04-21T16:53:38.027-0400] {processor.py:183} INFO - Processing /Users/gaurav/Documents/Breast-Cancer-ML-Pipeline/venv/lib/python3.9/site-packages/airflow/example_dags/example_latest_only_with_trigger.py took 0.110 seconds
[2025-04-21T16:56:43.084-0400] {processor.py:161} INFO - Started process (PID=84713) to work on /Users/gaurav/Documents/Breast-Cancer-ML-Pipeline/venv/lib/python3.9/site-packages/airflow/example_dags/example_latest_only_with_trigger.py
[2025-04-21T16:56:43.085-0400] {processor.py:830} INFO - Processing file /Users/gaurav/Documents/Breast-Cancer-ML-Pipeline/venv/lib/python3.9/site-packages/airflow/example_dags/example_latest_only_with_trigger.py for tasks to queue
[2025-04-21T16:56:43.086-0400] {logging_mixin.py:188} INFO - [2025-04-21T16:56:43.086-0400] {dagbag.py:538} INFO - Filling up the DagBag from /Users/gaurav/Documents/Breast-Cancer-ML-Pipeline/venv/lib/python3.9/site-packages/airflow/example_dags/example_latest_only_with_trigger.py
[2025-04-21T16:56:43.092-0400] {processor.py:840} INFO - DAG(s) 'latest_only_with_trigger' retrieved from /Users/gaurav/Documents/Breast-Cancer-ML-Pipeline/venv/lib/python3.9/site-packages/airflow/example_dags/example_latest_only_with_trigger.py
[2025-04-21T16:56:43.214-0400] {logging_mixin.py:188} INFO - [2025-04-21T16:56:43.214-0400] {dag.py:3036} INFO - Sync 1 DAGs
[2025-04-21T16:56:43.226-0400] {logging_mixin.py:188} INFO - [2025-04-21T16:56:43.226-0400] {dag.py:3823} INFO - Setting next_dagrun for latest_only_with_trigger to 2025-04-21 16:00:00+00:00, run_after=2025-04-21 20:00:00+00:00
[2025-04-21T16:56:43.239-0400] {processor.py:183} INFO - Processing /Users/gaurav/Documents/Breast-Cancer-ML-Pipeline/venv/lib/python3.9/site-packages/airflow/example_dags/example_latest_only_with_trigger.py took 0.156 seconds
[2025-04-21T16:58:07.052-0400] {processor.py:161} INFO - Started process (PID=84825) to work on /Users/gaurav/Documents/Breast-Cancer-ML-Pipeline/venv/lib/python3.9/site-packages/airflow/example_dags/example_latest_only_with_trigger.py
[2025-04-21T16:58:07.055-0400] {processor.py:830} INFO - Processing file /Users/gaurav/Documents/Breast-Cancer-ML-Pipeline/venv/lib/python3.9/site-packages/airflow/example_dags/example_latest_only_with_trigger.py for tasks to queue
[2025-04-21T16:58:07.056-0400] {logging_mixin.py:188} INFO - [2025-04-21T16:58:07.056-0400] {dagbag.py:538} INFO - Filling up the DagBag from /Users/gaurav/Documents/Breast-Cancer-ML-Pipeline/venv/lib/python3.9/site-packages/airflow/example_dags/example_latest_only_with_trigger.py
[2025-04-21T16:58:07.063-0400] {processor.py:840} INFO - DAG(s) 'latest_only_with_trigger' retrieved from /Users/gaurav/Documents/Breast-Cancer-ML-Pipeline/venv/lib/python3.9/site-packages/airflow/example_dags/example_latest_only_with_trigger.py
[2025-04-21T16:58:07.137-0400] {logging_mixin.py:188} INFO - [2025-04-21T16:58:07.136-0400] {dag.py:3036} INFO - Sync 1 DAGs
[2025-04-21T16:58:07.151-0400] {logging_mixin.py:188} INFO - [2025-04-21T16:58:07.150-0400] {dag.py:3823} INFO - Setting next_dagrun for latest_only_with_trigger to 2025-04-21 16:00:00+00:00, run_after=2025-04-21 20:00:00+00:00
[2025-04-21T16:58:07.165-0400] {processor.py:183} INFO - Processing /Users/gaurav/Documents/Breast-Cancer-ML-Pipeline/venv/lib/python3.9/site-packages/airflow/example_dags/example_latest_only_with_trigger.py took 0.113 seconds
[2025-04-21T16:59:28.172-0400] {processor.py:161} INFO - Started process (PID=84910) to work on /Users/gaurav/Documents/Breast-Cancer-ML-Pipeline/venv/lib/python3.9/site-packages/airflow/example_dags/example_latest_only_with_trigger.py
[2025-04-21T16:59:28.174-0400] {processor.py:830} INFO - Processing file /Users/gaurav/Documents/Breast-Cancer-ML-Pipeline/venv/lib/python3.9/site-packages/airflow/example_dags/example_latest_only_with_trigger.py for tasks to queue
[2025-04-21T16:59:28.174-0400] {logging_mixin.py:188} INFO - [2025-04-21T16:59:28.174-0400] {dagbag.py:538} INFO - Filling up the DagBag from /Users/gaurav/Documents/Breast-Cancer-ML-Pipeline/venv/lib/python3.9/site-packages/airflow/example_dags/example_latest_only_with_trigger.py
[2025-04-21T16:59:28.181-0400] {processor.py:840} INFO - DAG(s) 'latest_only_with_trigger' retrieved from /Users/gaurav/Documents/Breast-Cancer-ML-Pipeline/venv/lib/python3.9/site-packages/airflow/example_dags/example_latest_only_with_trigger.py
[2025-04-21T16:59:28.254-0400] {logging_mixin.py:188} INFO - [2025-04-21T16:59:28.254-0400] {dag.py:3036} INFO - Sync 1 DAGs
[2025-04-21T16:59:28.267-0400] {logging_mixin.py:188} INFO - [2025-04-21T16:59:28.266-0400] {dag.py:3823} INFO - Setting next_dagrun for latest_only_with_trigger to 2025-04-21 16:00:00+00:00, run_after=2025-04-21 20:00:00+00:00
[2025-04-21T16:59:28.281-0400] {processor.py:183} INFO - Processing /Users/gaurav/Documents/Breast-Cancer-ML-Pipeline/venv/lib/python3.9/site-packages/airflow/example_dags/example_latest_only_with_trigger.py took 0.109 seconds
[2025-04-21T17:00:40.571-0400] {processor.py:161} INFO - Started process (PID=85000) to work on /Users/gaurav/Documents/Breast-Cancer-ML-Pipeline/venv/lib/python3.9/site-packages/airflow/example_dags/example_latest_only_with_trigger.py
[2025-04-21T17:00:40.573-0400] {processor.py:830} INFO - Processing file /Users/gaurav/Documents/Breast-Cancer-ML-Pipeline/venv/lib/python3.9/site-packages/airflow/example_dags/example_latest_only_with_trigger.py for tasks to queue
[2025-04-21T17:00:40.574-0400] {logging_mixin.py:188} INFO - [2025-04-21T17:00:40.573-0400] {dagbag.py:538} INFO - Filling up the DagBag from /Users/gaurav/Documents/Breast-Cancer-ML-Pipeline/venv/lib/python3.9/site-packages/airflow/example_dags/example_latest_only_with_trigger.py
[2025-04-21T17:00:40.579-0400] {processor.py:840} INFO - DAG(s) 'latest_only_with_trigger' retrieved from /Users/gaurav/Documents/Breast-Cancer-ML-Pipeline/venv/lib/python3.9/site-packages/airflow/example_dags/example_latest_only_with_trigger.py
[2025-04-21T17:00:40.645-0400] {logging_mixin.py:188} INFO - [2025-04-21T17:00:40.645-0400] {dag.py:3036} INFO - Sync 1 DAGs
[2025-04-21T17:00:40.657-0400] {logging_mixin.py:188} INFO - [2025-04-21T17:00:40.657-0400] {dag.py:3823} INFO - Setting next_dagrun for latest_only_with_trigger to 2025-04-21 16:00:00+00:00, run_after=2025-04-21 20:00:00+00:00
[2025-04-21T17:00:40.669-0400] {processor.py:183} INFO - Processing /Users/gaurav/Documents/Breast-Cancer-ML-Pipeline/venv/lib/python3.9/site-packages/airflow/example_dags/example_latest_only_with_trigger.py took 0.098 seconds
[2025-04-21T17:02:04.045-0400] {processor.py:161} INFO - Started process (PID=85104) to work on /Users/gaurav/Documents/Breast-Cancer-ML-Pipeline/venv/lib/python3.9/site-packages/airflow/example_dags/example_latest_only_with_trigger.py
[2025-04-21T17:02:04.047-0400] {processor.py:830} INFO - Processing file /Users/gaurav/Documents/Breast-Cancer-ML-Pipeline/venv/lib/python3.9/site-packages/airflow/example_dags/example_latest_only_with_trigger.py for tasks to queue
[2025-04-21T17:02:04.047-0400] {logging_mixin.py:188} INFO - [2025-04-21T17:02:04.047-0400] {dagbag.py:538} INFO - Filling up the DagBag from /Users/gaurav/Documents/Breast-Cancer-ML-Pipeline/venv/lib/python3.9/site-packages/airflow/example_dags/example_latest_only_with_trigger.py
[2025-04-21T17:02:04.053-0400] {processor.py:840} INFO - DAG(s) 'latest_only_with_trigger' retrieved from /Users/gaurav/Documents/Breast-Cancer-ML-Pipeline/venv/lib/python3.9/site-packages/airflow/example_dags/example_latest_only_with_trigger.py
[2025-04-21T17:02:04.119-0400] {logging_mixin.py:188} INFO - [2025-04-21T17:02:04.119-0400] {dag.py:3036} INFO - Sync 1 DAGs
[2025-04-21T17:02:04.132-0400] {logging_mixin.py:188} INFO - [2025-04-21T17:02:04.132-0400] {dag.py:3823} INFO - Setting next_dagrun for latest_only_with_trigger to 2025-04-21 16:00:00+00:00, run_after=2025-04-21 20:00:00+00:00
[2025-04-21T17:02:04.143-0400] {processor.py:183} INFO - Processing /Users/gaurav/Documents/Breast-Cancer-ML-Pipeline/venv/lib/python3.9/site-packages/airflow/example_dags/example_latest_only_with_trigger.py took 0.099 seconds
[2025-04-21T17:03:22.510-0400] {processor.py:161} INFO - Started process (PID=85193) to work on /Users/gaurav/Documents/Breast-Cancer-ML-Pipeline/venv/lib/python3.9/site-packages/airflow/example_dags/example_latest_only_with_trigger.py
[2025-04-21T17:03:22.511-0400] {processor.py:830} INFO - Processing file /Users/gaurav/Documents/Breast-Cancer-ML-Pipeline/venv/lib/python3.9/site-packages/airflow/example_dags/example_latest_only_with_trigger.py for tasks to queue
[2025-04-21T17:03:22.512-0400] {logging_mixin.py:188} INFO - [2025-04-21T17:03:22.512-0400] {dagbag.py:538} INFO - Filling up the DagBag from /Users/gaurav/Documents/Breast-Cancer-ML-Pipeline/venv/lib/python3.9/site-packages/airflow/example_dags/example_latest_only_with_trigger.py
[2025-04-21T17:03:22.518-0400] {processor.py:840} INFO - DAG(s) 'latest_only_with_trigger' retrieved from /Users/gaurav/Documents/Breast-Cancer-ML-Pipeline/venv/lib/python3.9/site-packages/airflow/example_dags/example_latest_only_with_trigger.py
[2025-04-21T17:03:22.589-0400] {logging_mixin.py:188} INFO - [2025-04-21T17:03:22.589-0400] {dag.py:3036} INFO - Sync 1 DAGs
[2025-04-21T17:03:22.603-0400] {logging_mixin.py:188} INFO - [2025-04-21T17:03:22.603-0400] {dag.py:3823} INFO - Setting next_dagrun for latest_only_with_trigger to 2025-04-21 16:00:00+00:00, run_after=2025-04-21 20:00:00+00:00
[2025-04-21T17:03:22.616-0400] {processor.py:183} INFO - Processing /Users/gaurav/Documents/Breast-Cancer-ML-Pipeline/venv/lib/python3.9/site-packages/airflow/example_dags/example_latest_only_with_trigger.py took 0.107 seconds
[2025-04-21T17:04:35.498-0400] {processor.py:161} INFO - Started process (PID=85291) to work on /Users/gaurav/Documents/Breast-Cancer-ML-Pipeline/venv/lib/python3.9/site-packages/airflow/example_dags/example_latest_only_with_trigger.py
[2025-04-21T17:04:35.500-0400] {processor.py:830} INFO - Processing file /Users/gaurav/Documents/Breast-Cancer-ML-Pipeline/venv/lib/python3.9/site-packages/airflow/example_dags/example_latest_only_with_trigger.py for tasks to queue
[2025-04-21T17:04:35.500-0400] {logging_mixin.py:188} INFO - [2025-04-21T17:04:35.500-0400] {dagbag.py:538} INFO - Filling up the DagBag from /Users/gaurav/Documents/Breast-Cancer-ML-Pipeline/venv/lib/python3.9/site-packages/airflow/example_dags/example_latest_only_with_trigger.py
[2025-04-21T17:04:35.506-0400] {processor.py:840} INFO - DAG(s) 'latest_only_with_trigger' retrieved from /Users/gaurav/Documents/Breast-Cancer-ML-Pipeline/venv/lib/python3.9/site-packages/airflow/example_dags/example_latest_only_with_trigger.py
[2025-04-21T17:04:35.572-0400] {logging_mixin.py:188} INFO - [2025-04-21T17:04:35.572-0400] {dag.py:3036} INFO - Sync 1 DAGs
[2025-04-21T17:04:35.584-0400] {logging_mixin.py:188} INFO - [2025-04-21T17:04:35.584-0400] {dag.py:3823} INFO - Setting next_dagrun for latest_only_with_trigger to 2025-04-21 16:00:00+00:00, run_after=2025-04-21 20:00:00+00:00
[2025-04-21T17:04:35.596-0400] {processor.py:183} INFO - Processing /Users/gaurav/Documents/Breast-Cancer-ML-Pipeline/venv/lib/python3.9/site-packages/airflow/example_dags/example_latest_only_with_trigger.py took 0.099 seconds
[2025-04-21T17:05:45.677-0400] {processor.py:161} INFO - Started process (PID=85369) to work on /Users/gaurav/Documents/Breast-Cancer-ML-Pipeline/venv/lib/python3.9/site-packages/airflow/example_dags/example_latest_only_with_trigger.py
[2025-04-21T17:05:45.679-0400] {processor.py:830} INFO - Processing file /Users/gaurav/Documents/Breast-Cancer-ML-Pipeline/venv/lib/python3.9/site-packages/airflow/example_dags/example_latest_only_with_trigger.py for tasks to queue
[2025-04-21T17:05:45.679-0400] {logging_mixin.py:188} INFO - [2025-04-21T17:05:45.679-0400] {dagbag.py:538} INFO - Filling up the DagBag from /Users/gaurav/Documents/Breast-Cancer-ML-Pipeline/venv/lib/python3.9/site-packages/airflow/example_dags/example_latest_only_with_trigger.py
[2025-04-21T17:05:45.685-0400] {processor.py:840} INFO - DAG(s) 'latest_only_with_trigger' retrieved from /Users/gaurav/Documents/Breast-Cancer-ML-Pipeline/venv/lib/python3.9/site-packages/airflow/example_dags/example_latest_only_with_trigger.py
[2025-04-21T17:05:45.751-0400] {logging_mixin.py:188} INFO - [2025-04-21T17:05:45.751-0400] {dag.py:3036} INFO - Sync 1 DAGs
[2025-04-21T17:05:45.763-0400] {logging_mixin.py:188} INFO - [2025-04-21T17:05:45.763-0400] {dag.py:3823} INFO - Setting next_dagrun for latest_only_with_trigger to 2025-04-21 16:00:00+00:00, run_after=2025-04-21 20:00:00+00:00
[2025-04-21T17:05:45.775-0400] {processor.py:183} INFO - Processing /Users/gaurav/Documents/Breast-Cancer-ML-Pipeline/venv/lib/python3.9/site-packages/airflow/example_dags/example_latest_only_with_trigger.py took 0.099 seconds
[2025-04-21T17:06:57.461-0400] {processor.py:161} INFO - Started process (PID=85461) to work on /Users/gaurav/Documents/Breast-Cancer-ML-Pipeline/venv/lib/python3.9/site-packages/airflow/example_dags/example_latest_only_with_trigger.py
[2025-04-21T17:06:57.462-0400] {processor.py:830} INFO - Processing file /Users/gaurav/Documents/Breast-Cancer-ML-Pipeline/venv/lib/python3.9/site-packages/airflow/example_dags/example_latest_only_with_trigger.py for tasks to queue
[2025-04-21T17:06:57.463-0400] {logging_mixin.py:188} INFO - [2025-04-21T17:06:57.463-0400] {dagbag.py:538} INFO - Filling up the DagBag from /Users/gaurav/Documents/Breast-Cancer-ML-Pipeline/venv/lib/python3.9/site-packages/airflow/example_dags/example_latest_only_with_trigger.py
[2025-04-21T17:06:57.468-0400] {processor.py:840} INFO - DAG(s) 'latest_only_with_trigger' retrieved from /Users/gaurav/Documents/Breast-Cancer-ML-Pipeline/venv/lib/python3.9/site-packages/airflow/example_dags/example_latest_only_with_trigger.py
[2025-04-21T17:06:57.532-0400] {logging_mixin.py:188} INFO - [2025-04-21T17:06:57.532-0400] {dag.py:3036} INFO - Sync 1 DAGs
[2025-04-21T17:06:57.544-0400] {logging_mixin.py:188} INFO - [2025-04-21T17:06:57.544-0400] {dag.py:3823} INFO - Setting next_dagrun for latest_only_with_trigger to 2025-04-21 16:00:00+00:00, run_after=2025-04-21 20:00:00+00:00
[2025-04-21T17:06:57.556-0400] {processor.py:183} INFO - Processing /Users/gaurav/Documents/Breast-Cancer-ML-Pipeline/venv/lib/python3.9/site-packages/airflow/example_dags/example_latest_only_with_trigger.py took 0.096 seconds
[2025-04-21T17:08:10.568-0400] {processor.py:161} INFO - Started process (PID=85539) to work on /Users/gaurav/Documents/Breast-Cancer-ML-Pipeline/venv/lib/python3.9/site-packages/airflow/example_dags/example_latest_only_with_trigger.py
[2025-04-21T17:08:10.570-0400] {processor.py:830} INFO - Processing file /Users/gaurav/Documents/Breast-Cancer-ML-Pipeline/venv/lib/python3.9/site-packages/airflow/example_dags/example_latest_only_with_trigger.py for tasks to queue
[2025-04-21T17:08:10.570-0400] {logging_mixin.py:188} INFO - [2025-04-21T17:08:10.570-0400] {dagbag.py:538} INFO - Filling up the DagBag from /Users/gaurav/Documents/Breast-Cancer-ML-Pipeline/venv/lib/python3.9/site-packages/airflow/example_dags/example_latest_only_with_trigger.py
[2025-04-21T17:08:10.576-0400] {processor.py:840} INFO - DAG(s) 'latest_only_with_trigger' retrieved from /Users/gaurav/Documents/Breast-Cancer-ML-Pipeline/venv/lib/python3.9/site-packages/airflow/example_dags/example_latest_only_with_trigger.py
[2025-04-21T17:08:10.642-0400] {logging_mixin.py:188} INFO - [2025-04-21T17:08:10.642-0400] {dag.py:3036} INFO - Sync 1 DAGs
[2025-04-21T17:08:10.655-0400] {logging_mixin.py:188} INFO - [2025-04-21T17:08:10.655-0400] {dag.py:3823} INFO - Setting next_dagrun for latest_only_with_trigger to 2025-04-21 16:00:00+00:00, run_after=2025-04-21 20:00:00+00:00
[2025-04-21T17:08:10.667-0400] {processor.py:183} INFO - Processing /Users/gaurav/Documents/Breast-Cancer-ML-Pipeline/venv/lib/python3.9/site-packages/airflow/example_dags/example_latest_only_with_trigger.py took 0.100 seconds
[2025-04-21T17:09:24.121-0400] {processor.py:161} INFO - Started process (PID=85620) to work on /Users/gaurav/Documents/Breast-Cancer-ML-Pipeline/venv/lib/python3.9/site-packages/airflow/example_dags/example_latest_only_with_trigger.py
[2025-04-21T17:09:24.123-0400] {processor.py:830} INFO - Processing file /Users/gaurav/Documents/Breast-Cancer-ML-Pipeline/venv/lib/python3.9/site-packages/airflow/example_dags/example_latest_only_with_trigger.py for tasks to queue
[2025-04-21T17:09:24.124-0400] {logging_mixin.py:188} INFO - [2025-04-21T17:09:24.123-0400] {dagbag.py:538} INFO - Filling up the DagBag from /Users/gaurav/Documents/Breast-Cancer-ML-Pipeline/venv/lib/python3.9/site-packages/airflow/example_dags/example_latest_only_with_trigger.py
[2025-04-21T17:09:24.129-0400] {processor.py:840} INFO - DAG(s) 'latest_only_with_trigger' retrieved from /Users/gaurav/Documents/Breast-Cancer-ML-Pipeline/venv/lib/python3.9/site-packages/airflow/example_dags/example_latest_only_with_trigger.py
[2025-04-21T17:09:24.193-0400] {logging_mixin.py:188} INFO - [2025-04-21T17:09:24.193-0400] {dag.py:3036} INFO - Sync 1 DAGs
[2025-04-21T17:09:24.206-0400] {logging_mixin.py:188} INFO - [2025-04-21T17:09:24.206-0400] {dag.py:3823} INFO - Setting next_dagrun for latest_only_with_trigger to 2025-04-21 16:00:00+00:00, run_after=2025-04-21 20:00:00+00:00
[2025-04-21T17:09:24.218-0400] {processor.py:183} INFO - Processing /Users/gaurav/Documents/Breast-Cancer-ML-Pipeline/venv/lib/python3.9/site-packages/airflow/example_dags/example_latest_only_with_trigger.py took 0.098 seconds
[2025-04-21T17:10:37.672-0400] {processor.py:161} INFO - Started process (PID=85699) to work on /Users/gaurav/Documents/Breast-Cancer-ML-Pipeline/venv/lib/python3.9/site-packages/airflow/example_dags/example_latest_only_with_trigger.py
[2025-04-21T17:10:37.674-0400] {processor.py:830} INFO - Processing file /Users/gaurav/Documents/Breast-Cancer-ML-Pipeline/venv/lib/python3.9/site-packages/airflow/example_dags/example_latest_only_with_trigger.py for tasks to queue
[2025-04-21T17:10:37.674-0400] {logging_mixin.py:188} INFO - [2025-04-21T17:10:37.674-0400] {dagbag.py:538} INFO - Filling up the DagBag from /Users/gaurav/Documents/Breast-Cancer-ML-Pipeline/venv/lib/python3.9/site-packages/airflow/example_dags/example_latest_only_with_trigger.py
[2025-04-21T17:10:37.680-0400] {processor.py:840} INFO - DAG(s) 'latest_only_with_trigger' retrieved from /Users/gaurav/Documents/Breast-Cancer-ML-Pipeline/venv/lib/python3.9/site-packages/airflow/example_dags/example_latest_only_with_trigger.py
[2025-04-21T17:10:37.744-0400] {logging_mixin.py:188} INFO - [2025-04-21T17:10:37.744-0400] {dag.py:3036} INFO - Sync 1 DAGs
[2025-04-21T17:10:37.757-0400] {logging_mixin.py:188} INFO - [2025-04-21T17:10:37.757-0400] {dag.py:3823} INFO - Setting next_dagrun for latest_only_with_trigger to 2025-04-21 16:00:00+00:00, run_after=2025-04-21 20:00:00+00:00
[2025-04-21T17:10:37.769-0400] {processor.py:183} INFO - Processing /Users/gaurav/Documents/Breast-Cancer-ML-Pipeline/venv/lib/python3.9/site-packages/airflow/example_dags/example_latest_only_with_trigger.py took 0.098 seconds
[2025-04-21T17:11:51.095-0400] {processor.py:161} INFO - Started process (PID=85791) to work on /Users/gaurav/Documents/Breast-Cancer-ML-Pipeline/venv/lib/python3.9/site-packages/airflow/example_dags/example_latest_only_with_trigger.py
[2025-04-21T17:11:51.096-0400] {processor.py:830} INFO - Processing file /Users/gaurav/Documents/Breast-Cancer-ML-Pipeline/venv/lib/python3.9/site-packages/airflow/example_dags/example_latest_only_with_trigger.py for tasks to queue
[2025-04-21T17:11:51.097-0400] {logging_mixin.py:188} INFO - [2025-04-21T17:11:51.097-0400] {dagbag.py:538} INFO - Filling up the DagBag from /Users/gaurav/Documents/Breast-Cancer-ML-Pipeline/venv/lib/python3.9/site-packages/airflow/example_dags/example_latest_only_with_trigger.py
[2025-04-21T17:11:51.103-0400] {processor.py:840} INFO - DAG(s) 'latest_only_with_trigger' retrieved from /Users/gaurav/Documents/Breast-Cancer-ML-Pipeline/venv/lib/python3.9/site-packages/airflow/example_dags/example_latest_only_with_trigger.py
[2025-04-21T17:11:51.170-0400] {logging_mixin.py:188} INFO - [2025-04-21T17:11:51.169-0400] {dag.py:3036} INFO - Sync 1 DAGs
[2025-04-21T17:11:51.182-0400] {logging_mixin.py:188} INFO - [2025-04-21T17:11:51.182-0400] {dag.py:3823} INFO - Setting next_dagrun for latest_only_with_trigger to 2025-04-21 16:00:00+00:00, run_after=2025-04-21 20:00:00+00:00
[2025-04-21T17:11:51.194-0400] {processor.py:183} INFO - Processing /Users/gaurav/Documents/Breast-Cancer-ML-Pipeline/venv/lib/python3.9/site-packages/airflow/example_dags/example_latest_only_with_trigger.py took 0.100 seconds
[2025-04-21T17:13:04.560-0400] {processor.py:161} INFO - Started process (PID=85874) to work on /Users/gaurav/Documents/Breast-Cancer-ML-Pipeline/venv/lib/python3.9/site-packages/airflow/example_dags/example_latest_only_with_trigger.py
[2025-04-21T17:13:04.561-0400] {processor.py:830} INFO - Processing file /Users/gaurav/Documents/Breast-Cancer-ML-Pipeline/venv/lib/python3.9/site-packages/airflow/example_dags/example_latest_only_with_trigger.py for tasks to queue
[2025-04-21T17:13:04.561-0400] {logging_mixin.py:188} INFO - [2025-04-21T17:13:04.561-0400] {dagbag.py:538} INFO - Filling up the DagBag from /Users/gaurav/Documents/Breast-Cancer-ML-Pipeline/venv/lib/python3.9/site-packages/airflow/example_dags/example_latest_only_with_trigger.py
[2025-04-21T17:13:04.567-0400] {processor.py:840} INFO - DAG(s) 'latest_only_with_trigger' retrieved from /Users/gaurav/Documents/Breast-Cancer-ML-Pipeline/venv/lib/python3.9/site-packages/airflow/example_dags/example_latest_only_with_trigger.py
[2025-04-21T17:13:04.633-0400] {logging_mixin.py:188} INFO - [2025-04-21T17:13:04.632-0400] {dag.py:3036} INFO - Sync 1 DAGs
[2025-04-21T17:13:04.646-0400] {logging_mixin.py:188} INFO - [2025-04-21T17:13:04.646-0400] {dag.py:3823} INFO - Setting next_dagrun for latest_only_with_trigger to 2025-04-21 16:00:00+00:00, run_after=2025-04-21 20:00:00+00:00
[2025-04-21T17:13:04.658-0400] {processor.py:183} INFO - Processing /Users/gaurav/Documents/Breast-Cancer-ML-Pipeline/venv/lib/python3.9/site-packages/airflow/example_dags/example_latest_only_with_trigger.py took 0.099 seconds
[2025-04-21T17:14:19.602-0400] {processor.py:161} INFO - Started process (PID=85970) to work on /Users/gaurav/Documents/Breast-Cancer-ML-Pipeline/venv/lib/python3.9/site-packages/airflow/example_dags/example_latest_only_with_trigger.py
[2025-04-21T17:14:19.604-0400] {processor.py:830} INFO - Processing file /Users/gaurav/Documents/Breast-Cancer-ML-Pipeline/venv/lib/python3.9/site-packages/airflow/example_dags/example_latest_only_with_trigger.py for tasks to queue
[2025-04-21T17:14:19.605-0400] {logging_mixin.py:188} INFO - [2025-04-21T17:14:19.604-0400] {dagbag.py:538} INFO - Filling up the DagBag from /Users/gaurav/Documents/Breast-Cancer-ML-Pipeline/venv/lib/python3.9/site-packages/airflow/example_dags/example_latest_only_with_trigger.py
[2025-04-21T17:14:19.610-0400] {processor.py:840} INFO - DAG(s) 'latest_only_with_trigger' retrieved from /Users/gaurav/Documents/Breast-Cancer-ML-Pipeline/venv/lib/python3.9/site-packages/airflow/example_dags/example_latest_only_with_trigger.py
[2025-04-21T17:14:19.674-0400] {logging_mixin.py:188} INFO - [2025-04-21T17:14:19.674-0400] {dag.py:3036} INFO - Sync 1 DAGs
[2025-04-21T17:14:19.686-0400] {logging_mixin.py:188} INFO - [2025-04-21T17:14:19.686-0400] {dag.py:3823} INFO - Setting next_dagrun for latest_only_with_trigger to 2025-04-21 16:00:00+00:00, run_after=2025-04-21 20:00:00+00:00
[2025-04-21T17:14:19.698-0400] {processor.py:183} INFO - Processing /Users/gaurav/Documents/Breast-Cancer-ML-Pipeline/venv/lib/python3.9/site-packages/airflow/example_dags/example_latest_only_with_trigger.py took 0.096 seconds
[2025-04-21T17:15:31.461-0400] {processor.py:161} INFO - Started process (PID=86055) to work on /Users/gaurav/Documents/Breast-Cancer-ML-Pipeline/venv/lib/python3.9/site-packages/airflow/example_dags/example_latest_only_with_trigger.py
[2025-04-21T17:15:31.463-0400] {processor.py:830} INFO - Processing file /Users/gaurav/Documents/Breast-Cancer-ML-Pipeline/venv/lib/python3.9/site-packages/airflow/example_dags/example_latest_only_with_trigger.py for tasks to queue
[2025-04-21T17:15:31.464-0400] {logging_mixin.py:188} INFO - [2025-04-21T17:15:31.463-0400] {dagbag.py:538} INFO - Filling up the DagBag from /Users/gaurav/Documents/Breast-Cancer-ML-Pipeline/venv/lib/python3.9/site-packages/airflow/example_dags/example_latest_only_with_trigger.py
[2025-04-21T17:15:31.469-0400] {processor.py:840} INFO - DAG(s) 'latest_only_with_trigger' retrieved from /Users/gaurav/Documents/Breast-Cancer-ML-Pipeline/venv/lib/python3.9/site-packages/airflow/example_dags/example_latest_only_with_trigger.py
[2025-04-21T17:15:31.533-0400] {logging_mixin.py:188} INFO - [2025-04-21T17:15:31.533-0400] {dag.py:3036} INFO - Sync 1 DAGs
[2025-04-21T17:15:31.546-0400] {logging_mixin.py:188} INFO - [2025-04-21T17:15:31.546-0400] {dag.py:3823} INFO - Setting next_dagrun for latest_only_with_trigger to 2025-04-21 16:00:00+00:00, run_after=2025-04-21 20:00:00+00:00
[2025-04-21T17:15:31.558-0400] {processor.py:183} INFO - Processing /Users/gaurav/Documents/Breast-Cancer-ML-Pipeline/venv/lib/python3.9/site-packages/airflow/example_dags/example_latest_only_with_trigger.py took 0.098 seconds
[2025-04-21T17:16:44.962-0400] {processor.py:161} INFO - Started process (PID=86143) to work on /Users/gaurav/Documents/Breast-Cancer-ML-Pipeline/venv/lib/python3.9/site-packages/airflow/example_dags/example_latest_only_with_trigger.py
[2025-04-21T17:16:44.963-0400] {processor.py:830} INFO - Processing file /Users/gaurav/Documents/Breast-Cancer-ML-Pipeline/venv/lib/python3.9/site-packages/airflow/example_dags/example_latest_only_with_trigger.py for tasks to queue
[2025-04-21T17:16:44.964-0400] {logging_mixin.py:188} INFO - [2025-04-21T17:16:44.964-0400] {dagbag.py:538} INFO - Filling up the DagBag from /Users/gaurav/Documents/Breast-Cancer-ML-Pipeline/venv/lib/python3.9/site-packages/airflow/example_dags/example_latest_only_with_trigger.py
[2025-04-21T17:16:44.970-0400] {processor.py:840} INFO - DAG(s) 'latest_only_with_trigger' retrieved from /Users/gaurav/Documents/Breast-Cancer-ML-Pipeline/venv/lib/python3.9/site-packages/airflow/example_dags/example_latest_only_with_trigger.py
[2025-04-21T17:16:45.035-0400] {logging_mixin.py:188} INFO - [2025-04-21T17:16:45.035-0400] {dag.py:3036} INFO - Sync 1 DAGs
[2025-04-21T17:16:45.047-0400] {logging_mixin.py:188} INFO - [2025-04-21T17:16:45.047-0400] {dag.py:3823} INFO - Setting next_dagrun for latest_only_with_trigger to 2025-04-21 16:00:00+00:00, run_after=2025-04-21 20:00:00+00:00
[2025-04-21T17:16:45.059-0400] {processor.py:183} INFO - Processing /Users/gaurav/Documents/Breast-Cancer-ML-Pipeline/venv/lib/python3.9/site-packages/airflow/example_dags/example_latest_only_with_trigger.py took 0.097 seconds
[2025-04-21T17:17:59.083-0400] {processor.py:161} INFO - Started process (PID=86244) to work on /Users/gaurav/Documents/Breast-Cancer-ML-Pipeline/venv/lib/python3.9/site-packages/airflow/example_dags/example_latest_only_with_trigger.py
[2025-04-21T17:17:59.084-0400] {processor.py:830} INFO - Processing file /Users/gaurav/Documents/Breast-Cancer-ML-Pipeline/venv/lib/python3.9/site-packages/airflow/example_dags/example_latest_only_with_trigger.py for tasks to queue
[2025-04-21T17:17:59.085-0400] {logging_mixin.py:188} INFO - [2025-04-21T17:17:59.085-0400] {dagbag.py:538} INFO - Filling up the DagBag from /Users/gaurav/Documents/Breast-Cancer-ML-Pipeline/venv/lib/python3.9/site-packages/airflow/example_dags/example_latest_only_with_trigger.py
[2025-04-21T17:17:59.091-0400] {processor.py:840} INFO - DAG(s) 'latest_only_with_trigger' retrieved from /Users/gaurav/Documents/Breast-Cancer-ML-Pipeline/venv/lib/python3.9/site-packages/airflow/example_dags/example_latest_only_with_trigger.py
[2025-04-21T17:17:59.158-0400] {logging_mixin.py:188} INFO - [2025-04-21T17:17:59.158-0400] {dag.py:3036} INFO - Sync 1 DAGs
[2025-04-21T17:17:59.171-0400] {logging_mixin.py:188} INFO - [2025-04-21T17:17:59.171-0400] {dag.py:3823} INFO - Setting next_dagrun for latest_only_with_trigger to 2025-04-21 16:00:00+00:00, run_after=2025-04-21 20:00:00+00:00
[2025-04-21T17:17:59.183-0400] {processor.py:183} INFO - Processing /Users/gaurav/Documents/Breast-Cancer-ML-Pipeline/venv/lib/python3.9/site-packages/airflow/example_dags/example_latest_only_with_trigger.py took 0.100 seconds
[2025-04-21T17:19:15.723-0400] {processor.py:161} INFO - Started process (PID=86344) to work on /Users/gaurav/Documents/Breast-Cancer-ML-Pipeline/venv/lib/python3.9/site-packages/airflow/example_dags/example_latest_only_with_trigger.py
[2025-04-21T17:19:15.724-0400] {processor.py:830} INFO - Processing file /Users/gaurav/Documents/Breast-Cancer-ML-Pipeline/venv/lib/python3.9/site-packages/airflow/example_dags/example_latest_only_with_trigger.py for tasks to queue
[2025-04-21T17:19:15.725-0400] {logging_mixin.py:188} INFO - [2025-04-21T17:19:15.725-0400] {dagbag.py:538} INFO - Filling up the DagBag from /Users/gaurav/Documents/Breast-Cancer-ML-Pipeline/venv/lib/python3.9/site-packages/airflow/example_dags/example_latest_only_with_trigger.py
[2025-04-21T17:19:15.731-0400] {processor.py:840} INFO - DAG(s) 'latest_only_with_trigger' retrieved from /Users/gaurav/Documents/Breast-Cancer-ML-Pipeline/venv/lib/python3.9/site-packages/airflow/example_dags/example_latest_only_with_trigger.py
[2025-04-21T17:19:15.798-0400] {logging_mixin.py:188} INFO - [2025-04-21T17:19:15.797-0400] {dag.py:3036} INFO - Sync 1 DAGs
[2025-04-21T17:19:15.810-0400] {logging_mixin.py:188} INFO - [2025-04-21T17:19:15.809-0400] {dag.py:3823} INFO - Setting next_dagrun for latest_only_with_trigger to 2025-04-21 16:00:00+00:00, run_after=2025-04-21 20:00:00+00:00
[2025-04-21T17:19:15.822-0400] {processor.py:183} INFO - Processing /Users/gaurav/Documents/Breast-Cancer-ML-Pipeline/venv/lib/python3.9/site-packages/airflow/example_dags/example_latest_only_with_trigger.py took 0.100 seconds
[2025-04-21T17:22:19.896-0400] {processor.py:161} INFO - Started process (PID=86534) to work on /Users/gaurav/Documents/Breast-Cancer-ML-Pipeline/venv/lib/python3.9/site-packages/airflow/example_dags/example_latest_only_with_trigger.py
[2025-04-21T17:22:19.898-0400] {processor.py:830} INFO - Processing file /Users/gaurav/Documents/Breast-Cancer-ML-Pipeline/venv/lib/python3.9/site-packages/airflow/example_dags/example_latest_only_with_trigger.py for tasks to queue
[2025-04-21T17:22:19.898-0400] {logging_mixin.py:188} INFO - [2025-04-21T17:22:19.898-0400] {dagbag.py:538} INFO - Filling up the DagBag from /Users/gaurav/Documents/Breast-Cancer-ML-Pipeline/venv/lib/python3.9/site-packages/airflow/example_dags/example_latest_only_with_trigger.py
[2025-04-21T17:22:19.904-0400] {processor.py:840} INFO - DAG(s) 'latest_only_with_trigger' retrieved from /Users/gaurav/Documents/Breast-Cancer-ML-Pipeline/venv/lib/python3.9/site-packages/airflow/example_dags/example_latest_only_with_trigger.py
[2025-04-21T17:22:20.022-0400] {logging_mixin.py:188} INFO - [2025-04-21T17:22:20.022-0400] {dag.py:3036} INFO - Sync 1 DAGs
[2025-04-21T17:22:20.032-0400] {logging_mixin.py:188} INFO - [2025-04-21T17:22:20.032-0400] {dag.py:3823} INFO - Setting next_dagrun for latest_only_with_trigger to 2025-04-21 16:00:00+00:00, run_after=2025-04-21 20:00:00+00:00
[2025-04-21T17:22:20.046-0400] {processor.py:183} INFO - Processing /Users/gaurav/Documents/Breast-Cancer-ML-Pipeline/venv/lib/python3.9/site-packages/airflow/example_dags/example_latest_only_with_trigger.py took 0.151 seconds
[2025-04-21T17:23:51.533-0400] {processor.py:161} INFO - Started process (PID=86644) to work on /Users/gaurav/Documents/Breast-Cancer-ML-Pipeline/venv/lib/python3.9/site-packages/airflow/example_dags/example_latest_only_with_trigger.py
[2025-04-21T17:23:51.535-0400] {processor.py:830} INFO - Processing file /Users/gaurav/Documents/Breast-Cancer-ML-Pipeline/venv/lib/python3.9/site-packages/airflow/example_dags/example_latest_only_with_trigger.py for tasks to queue
[2025-04-21T17:23:51.535-0400] {logging_mixin.py:188} INFO - [2025-04-21T17:23:51.535-0400] {dagbag.py:538} INFO - Filling up the DagBag from /Users/gaurav/Documents/Breast-Cancer-ML-Pipeline/venv/lib/python3.9/site-packages/airflow/example_dags/example_latest_only_with_trigger.py
[2025-04-21T17:23:51.541-0400] {processor.py:840} INFO - DAG(s) 'latest_only_with_trigger' retrieved from /Users/gaurav/Documents/Breast-Cancer-ML-Pipeline/venv/lib/python3.9/site-packages/airflow/example_dags/example_latest_only_with_trigger.py
[2025-04-21T17:23:51.611-0400] {logging_mixin.py:188} INFO - [2025-04-21T17:23:51.611-0400] {dag.py:3036} INFO - Sync 1 DAGs
[2025-04-21T17:23:51.624-0400] {logging_mixin.py:188} INFO - [2025-04-21T17:23:51.624-0400] {dag.py:3823} INFO - Setting next_dagrun for latest_only_with_trigger to 2025-04-21 16:00:00+00:00, run_after=2025-04-21 20:00:00+00:00
[2025-04-21T17:23:51.638-0400] {processor.py:183} INFO - Processing /Users/gaurav/Documents/Breast-Cancer-ML-Pipeline/venv/lib/python3.9/site-packages/airflow/example_dags/example_latest_only_with_trigger.py took 0.106 seconds
[2025-04-21T17:25:08.383-0400] {processor.py:161} INFO - Started process (PID=86727) to work on /Users/gaurav/Documents/Breast-Cancer-ML-Pipeline/venv/lib/python3.9/site-packages/airflow/example_dags/example_latest_only_with_trigger.py
[2025-04-21T17:25:08.385-0400] {processor.py:830} INFO - Processing file /Users/gaurav/Documents/Breast-Cancer-ML-Pipeline/venv/lib/python3.9/site-packages/airflow/example_dags/example_latest_only_with_trigger.py for tasks to queue
[2025-04-21T17:25:08.385-0400] {logging_mixin.py:188} INFO - [2025-04-21T17:25:08.385-0400] {dagbag.py:538} INFO - Filling up the DagBag from /Users/gaurav/Documents/Breast-Cancer-ML-Pipeline/venv/lib/python3.9/site-packages/airflow/example_dags/example_latest_only_with_trigger.py
[2025-04-21T17:25:08.391-0400] {processor.py:840} INFO - DAG(s) 'latest_only_with_trigger' retrieved from /Users/gaurav/Documents/Breast-Cancer-ML-Pipeline/venv/lib/python3.9/site-packages/airflow/example_dags/example_latest_only_with_trigger.py
[2025-04-21T17:25:08.456-0400] {logging_mixin.py:188} INFO - [2025-04-21T17:25:08.456-0400] {dag.py:3036} INFO - Sync 1 DAGs
[2025-04-21T17:25:08.468-0400] {logging_mixin.py:188} INFO - [2025-04-21T17:25:08.468-0400] {dag.py:3823} INFO - Setting next_dagrun for latest_only_with_trigger to 2025-04-21 16:00:00+00:00, run_after=2025-04-21 20:00:00+00:00
[2025-04-21T17:25:08.482-0400] {processor.py:183} INFO - Processing /Users/gaurav/Documents/Breast-Cancer-ML-Pipeline/venv/lib/python3.9/site-packages/airflow/example_dags/example_latest_only_with_trigger.py took 0.100 seconds
[2025-04-21T17:26:24.448-0400] {processor.py:161} INFO - Started process (PID=86843) to work on /Users/gaurav/Documents/Breast-Cancer-ML-Pipeline/venv/lib/python3.9/site-packages/airflow/example_dags/example_latest_only_with_trigger.py
[2025-04-21T17:26:24.450-0400] {processor.py:830} INFO - Processing file /Users/gaurav/Documents/Breast-Cancer-ML-Pipeline/venv/lib/python3.9/site-packages/airflow/example_dags/example_latest_only_with_trigger.py for tasks to queue
[2025-04-21T17:26:24.451-0400] {logging_mixin.py:188} INFO - [2025-04-21T17:26:24.451-0400] {dagbag.py:538} INFO - Filling up the DagBag from /Users/gaurav/Documents/Breast-Cancer-ML-Pipeline/venv/lib/python3.9/site-packages/airflow/example_dags/example_latest_only_with_trigger.py
[2025-04-21T17:26:24.456-0400] {processor.py:840} INFO - DAG(s) 'latest_only_with_trigger' retrieved from /Users/gaurav/Documents/Breast-Cancer-ML-Pipeline/venv/lib/python3.9/site-packages/airflow/example_dags/example_latest_only_with_trigger.py
[2025-04-21T17:26:24.522-0400] {logging_mixin.py:188} INFO - [2025-04-21T17:26:24.522-0400] {dag.py:3036} INFO - Sync 1 DAGs
[2025-04-21T17:26:24.534-0400] {logging_mixin.py:188} INFO - [2025-04-21T17:26:24.533-0400] {dag.py:3823} INFO - Setting next_dagrun for latest_only_with_trigger to 2025-04-21 16:00:00+00:00, run_after=2025-04-21 20:00:00+00:00
[2025-04-21T17:26:24.545-0400] {processor.py:183} INFO - Processing /Users/gaurav/Documents/Breast-Cancer-ML-Pipeline/venv/lib/python3.9/site-packages/airflow/example_dags/example_latest_only_with_trigger.py took 0.098 seconds
[2025-04-21T17:27:43.414-0400] {processor.py:161} INFO - Started process (PID=86959) to work on /Users/gaurav/Documents/Breast-Cancer-ML-Pipeline/venv/lib/python3.9/site-packages/airflow/example_dags/example_latest_only_with_trigger.py
[2025-04-21T17:27:43.416-0400] {processor.py:830} INFO - Processing file /Users/gaurav/Documents/Breast-Cancer-ML-Pipeline/venv/lib/python3.9/site-packages/airflow/example_dags/example_latest_only_with_trigger.py for tasks to queue
[2025-04-21T17:27:43.416-0400] {logging_mixin.py:188} INFO - [2025-04-21T17:27:43.416-0400] {dagbag.py:538} INFO - Filling up the DagBag from /Users/gaurav/Documents/Breast-Cancer-ML-Pipeline/venv/lib/python3.9/site-packages/airflow/example_dags/example_latest_only_with_trigger.py
[2025-04-21T17:27:43.422-0400] {processor.py:840} INFO - DAG(s) 'latest_only_with_trigger' retrieved from /Users/gaurav/Documents/Breast-Cancer-ML-Pipeline/venv/lib/python3.9/site-packages/airflow/example_dags/example_latest_only_with_trigger.py
[2025-04-21T17:27:43.492-0400] {logging_mixin.py:188} INFO - [2025-04-21T17:27:43.491-0400] {dag.py:3036} INFO - Sync 1 DAGs
[2025-04-21T17:27:43.505-0400] {logging_mixin.py:188} INFO - [2025-04-21T17:27:43.504-0400] {dag.py:3823} INFO - Setting next_dagrun for latest_only_with_trigger to 2025-04-21 16:00:00+00:00, run_after=2025-04-21 20:00:00+00:00
[2025-04-21T17:27:43.517-0400] {processor.py:183} INFO - Processing /Users/gaurav/Documents/Breast-Cancer-ML-Pipeline/venv/lib/python3.9/site-packages/airflow/example_dags/example_latest_only_with_trigger.py took 0.105 seconds
[2025-04-21T17:29:45.963-0400] {processor.py:161} INFO - Started process (PID=87135) to work on /Users/gaurav/Documents/Breast-Cancer-ML-Pipeline/venv/lib/python3.9/site-packages/airflow/example_dags/example_latest_only_with_trigger.py
[2025-04-21T17:29:45.964-0400] {processor.py:830} INFO - Processing file /Users/gaurav/Documents/Breast-Cancer-ML-Pipeline/venv/lib/python3.9/site-packages/airflow/example_dags/example_latest_only_with_trigger.py for tasks to queue
[2025-04-21T17:29:45.965-0400] {logging_mixin.py:188} INFO - [2025-04-21T17:29:45.965-0400] {dagbag.py:538} INFO - Filling up the DagBag from /Users/gaurav/Documents/Breast-Cancer-ML-Pipeline/venv/lib/python3.9/site-packages/airflow/example_dags/example_latest_only_with_trigger.py
[2025-04-21T17:29:45.971-0400] {processor.py:840} INFO - DAG(s) 'latest_only_with_trigger' retrieved from /Users/gaurav/Documents/Breast-Cancer-ML-Pipeline/venv/lib/python3.9/site-packages/airflow/example_dags/example_latest_only_with_trigger.py
[2025-04-21T17:29:46.039-0400] {logging_mixin.py:188} INFO - [2025-04-21T17:29:46.038-0400] {dag.py:3036} INFO - Sync 1 DAGs
[2025-04-21T17:29:46.052-0400] {logging_mixin.py:188} INFO - [2025-04-21T17:29:46.051-0400] {dag.py:3823} INFO - Setting next_dagrun for latest_only_with_trigger to 2025-04-21 16:00:00+00:00, run_after=2025-04-21 20:00:00+00:00
[2025-04-21T17:29:46.063-0400] {processor.py:183} INFO - Processing /Users/gaurav/Documents/Breast-Cancer-ML-Pipeline/venv/lib/python3.9/site-packages/airflow/example_dags/example_latest_only_with_trigger.py took 0.102 seconds
[2025-04-21T17:31:02.839-0400] {processor.py:161} INFO - Started process (PID=87221) to work on /Users/gaurav/Documents/Breast-Cancer-ML-Pipeline/venv/lib/python3.9/site-packages/airflow/example_dags/example_latest_only_with_trigger.py
[2025-04-21T17:31:02.841-0400] {processor.py:830} INFO - Processing file /Users/gaurav/Documents/Breast-Cancer-ML-Pipeline/venv/lib/python3.9/site-packages/airflow/example_dags/example_latest_only_with_trigger.py for tasks to queue
[2025-04-21T17:31:02.842-0400] {logging_mixin.py:188} INFO - [2025-04-21T17:31:02.842-0400] {dagbag.py:538} INFO - Filling up the DagBag from /Users/gaurav/Documents/Breast-Cancer-ML-Pipeline/venv/lib/python3.9/site-packages/airflow/example_dags/example_latest_only_with_trigger.py
[2025-04-21T17:31:02.848-0400] {processor.py:840} INFO - DAG(s) 'latest_only_with_trigger' retrieved from /Users/gaurav/Documents/Breast-Cancer-ML-Pipeline/venv/lib/python3.9/site-packages/airflow/example_dags/example_latest_only_with_trigger.py
[2025-04-21T17:31:02.912-0400] {logging_mixin.py:188} INFO - [2025-04-21T17:31:02.912-0400] {dag.py:3036} INFO - Sync 1 DAGs
[2025-04-21T17:31:02.927-0400] {logging_mixin.py:188} INFO - [2025-04-21T17:31:02.926-0400] {dag.py:3823} INFO - Setting next_dagrun for latest_only_with_trigger to 2025-04-21 16:00:00+00:00, run_after=2025-04-21 20:00:00+00:00
[2025-04-21T17:31:02.939-0400] {processor.py:183} INFO - Processing /Users/gaurav/Documents/Breast-Cancer-ML-Pipeline/venv/lib/python3.9/site-packages/airflow/example_dags/example_latest_only_with_trigger.py took 0.100 seconds
[2025-04-21T17:37:29.418-0400] {processor.py:161} INFO - Started process (PID=87711) to work on /Users/gaurav/Documents/Breast-Cancer-ML-Pipeline/venv/lib/python3.9/site-packages/airflow/example_dags/example_latest_only_with_trigger.py
[2025-04-21T17:37:29.420-0400] {processor.py:830} INFO - Processing file /Users/gaurav/Documents/Breast-Cancer-ML-Pipeline/venv/lib/python3.9/site-packages/airflow/example_dags/example_latest_only_with_trigger.py for tasks to queue
[2025-04-21T17:37:29.421-0400] {logging_mixin.py:188} INFO - [2025-04-21T17:37:29.421-0400] {dagbag.py:538} INFO - Filling up the DagBag from /Users/gaurav/Documents/Breast-Cancer-ML-Pipeline/venv/lib/python3.9/site-packages/airflow/example_dags/example_latest_only_with_trigger.py
[2025-04-21T17:37:29.428-0400] {processor.py:840} INFO - DAG(s) 'latest_only_with_trigger' retrieved from /Users/gaurav/Documents/Breast-Cancer-ML-Pipeline/venv/lib/python3.9/site-packages/airflow/example_dags/example_latest_only_with_trigger.py
[2025-04-21T17:37:29.553-0400] {logging_mixin.py:188} INFO - [2025-04-21T17:37:29.553-0400] {dag.py:3036} INFO - Sync 1 DAGs
[2025-04-21T17:37:29.565-0400] {logging_mixin.py:188} INFO - [2025-04-21T17:37:29.565-0400] {dag.py:3823} INFO - Setting next_dagrun for latest_only_with_trigger to 2025-04-21 16:00:00+00:00, run_after=2025-04-21 20:00:00+00:00
[2025-04-21T17:37:29.579-0400] {processor.py:183} INFO - Processing /Users/gaurav/Documents/Breast-Cancer-ML-Pipeline/venv/lib/python3.9/site-packages/airflow/example_dags/example_latest_only_with_trigger.py took 0.162 seconds
[2025-04-21T17:39:17.968-0400] {processor.py:161} INFO - Started process (PID=87900) to work on /Users/gaurav/Documents/Breast-Cancer-ML-Pipeline/venv/lib/python3.9/site-packages/airflow/example_dags/example_latest_only_with_trigger.py
[2025-04-21T17:39:17.971-0400] {processor.py:830} INFO - Processing file /Users/gaurav/Documents/Breast-Cancer-ML-Pipeline/venv/lib/python3.9/site-packages/airflow/example_dags/example_latest_only_with_trigger.py for tasks to queue
[2025-04-21T17:39:17.971-0400] {logging_mixin.py:188} INFO - [2025-04-21T17:39:17.971-0400] {dagbag.py:538} INFO - Filling up the DagBag from /Users/gaurav/Documents/Breast-Cancer-ML-Pipeline/venv/lib/python3.9/site-packages/airflow/example_dags/example_latest_only_with_trigger.py
[2025-04-21T17:39:17.977-0400] {processor.py:840} INFO - DAG(s) 'latest_only_with_trigger' retrieved from /Users/gaurav/Documents/Breast-Cancer-ML-Pipeline/venv/lib/python3.9/site-packages/airflow/example_dags/example_latest_only_with_trigger.py
[2025-04-21T17:39:18.043-0400] {logging_mixin.py:188} INFO - [2025-04-21T17:39:18.043-0400] {dag.py:3036} INFO - Sync 1 DAGs
[2025-04-21T17:39:18.055-0400] {logging_mixin.py:188} INFO - [2025-04-21T17:39:18.055-0400] {dag.py:3823} INFO - Setting next_dagrun for latest_only_with_trigger to 2025-04-21 16:00:00+00:00, run_after=2025-04-21 20:00:00+00:00
[2025-04-21T17:39:18.068-0400] {processor.py:183} INFO - Processing /Users/gaurav/Documents/Breast-Cancer-ML-Pipeline/venv/lib/python3.9/site-packages/airflow/example_dags/example_latest_only_with_trigger.py took 0.101 seconds
[2025-04-21T17:41:46.348-0400] {processor.py:161} INFO - Started process (PID=88120) to work on /Users/gaurav/Documents/Breast-Cancer-ML-Pipeline/venv/lib/python3.9/site-packages/airflow/example_dags/example_latest_only_with_trigger.py
[2025-04-21T17:41:46.350-0400] {processor.py:830} INFO - Processing file /Users/gaurav/Documents/Breast-Cancer-ML-Pipeline/venv/lib/python3.9/site-packages/airflow/example_dags/example_latest_only_with_trigger.py for tasks to queue
[2025-04-21T17:41:46.350-0400] {logging_mixin.py:188} INFO - [2025-04-21T17:41:46.350-0400] {dagbag.py:538} INFO - Filling up the DagBag from /Users/gaurav/Documents/Breast-Cancer-ML-Pipeline/venv/lib/python3.9/site-packages/airflow/example_dags/example_latest_only_with_trigger.py
[2025-04-21T17:41:46.356-0400] {processor.py:840} INFO - DAG(s) 'latest_only_with_trigger' retrieved from /Users/gaurav/Documents/Breast-Cancer-ML-Pipeline/venv/lib/python3.9/site-packages/airflow/example_dags/example_latest_only_with_trigger.py
[2025-04-21T17:41:46.420-0400] {logging_mixin.py:188} INFO - [2025-04-21T17:41:46.419-0400] {dag.py:3036} INFO - Sync 1 DAGs
[2025-04-21T17:41:46.431-0400] {logging_mixin.py:188} INFO - [2025-04-21T17:41:46.431-0400] {dag.py:3823} INFO - Setting next_dagrun for latest_only_with_trigger to 2025-04-21 16:00:00+00:00, run_after=2025-04-21 20:00:00+00:00
[2025-04-21T17:41:46.443-0400] {processor.py:183} INFO - Processing /Users/gaurav/Documents/Breast-Cancer-ML-Pipeline/venv/lib/python3.9/site-packages/airflow/example_dags/example_latest_only_with_trigger.py took 0.096 seconds
[2025-04-21T17:42:59.934-0400] {processor.py:161} INFO - Started process (PID=88204) to work on /Users/gaurav/Documents/Breast-Cancer-ML-Pipeline/venv/lib/python3.9/site-packages/airflow/example_dags/example_latest_only_with_trigger.py
[2025-04-21T17:42:59.935-0400] {processor.py:830} INFO - Processing file /Users/gaurav/Documents/Breast-Cancer-ML-Pipeline/venv/lib/python3.9/site-packages/airflow/example_dags/example_latest_only_with_trigger.py for tasks to queue
[2025-04-21T17:42:59.936-0400] {logging_mixin.py:188} INFO - [2025-04-21T17:42:59.936-0400] {dagbag.py:538} INFO - Filling up the DagBag from /Users/gaurav/Documents/Breast-Cancer-ML-Pipeline/venv/lib/python3.9/site-packages/airflow/example_dags/example_latest_only_with_trigger.py
[2025-04-21T17:42:59.942-0400] {processor.py:840} INFO - DAG(s) 'latest_only_with_trigger' retrieved from /Users/gaurav/Documents/Breast-Cancer-ML-Pipeline/venv/lib/python3.9/site-packages/airflow/example_dags/example_latest_only_with_trigger.py
[2025-04-21T17:43:00.008-0400] {logging_mixin.py:188} INFO - [2025-04-21T17:43:00.007-0400] {dag.py:3036} INFO - Sync 1 DAGs
[2025-04-21T17:43:00.020-0400] {logging_mixin.py:188} INFO - [2025-04-21T17:43:00.020-0400] {dag.py:3823} INFO - Setting next_dagrun for latest_only_with_trigger to 2025-04-21 16:00:00+00:00, run_after=2025-04-21 20:00:00+00:00
[2025-04-21T17:43:00.032-0400] {processor.py:183} INFO - Processing /Users/gaurav/Documents/Breast-Cancer-ML-Pipeline/venv/lib/python3.9/site-packages/airflow/example_dags/example_latest_only_with_trigger.py took 0.099 seconds
[2025-04-21T17:44:11.835-0400] {processor.py:161} INFO - Started process (PID=88291) to work on /Users/gaurav/Documents/Breast-Cancer-ML-Pipeline/venv/lib/python3.9/site-packages/airflow/example_dags/example_latest_only_with_trigger.py
[2025-04-21T17:44:11.837-0400] {processor.py:830} INFO - Processing file /Users/gaurav/Documents/Breast-Cancer-ML-Pipeline/venv/lib/python3.9/site-packages/airflow/example_dags/example_latest_only_with_trigger.py for tasks to queue
[2025-04-21T17:44:11.838-0400] {logging_mixin.py:188} INFO - [2025-04-21T17:44:11.837-0400] {dagbag.py:538} INFO - Filling up the DagBag from /Users/gaurav/Documents/Breast-Cancer-ML-Pipeline/venv/lib/python3.9/site-packages/airflow/example_dags/example_latest_only_with_trigger.py
[2025-04-21T17:44:11.843-0400] {processor.py:840} INFO - DAG(s) 'latest_only_with_trigger' retrieved from /Users/gaurav/Documents/Breast-Cancer-ML-Pipeline/venv/lib/python3.9/site-packages/airflow/example_dags/example_latest_only_with_trigger.py
[2025-04-21T17:44:11.911-0400] {logging_mixin.py:188} INFO - [2025-04-21T17:44:11.910-0400] {dag.py:3036} INFO - Sync 1 DAGs
[2025-04-21T17:44:11.923-0400] {logging_mixin.py:188} INFO - [2025-04-21T17:44:11.923-0400] {dag.py:3823} INFO - Setting next_dagrun for latest_only_with_trigger to 2025-04-21 16:00:00+00:00, run_after=2025-04-21 20:00:00+00:00
[2025-04-21T17:44:11.934-0400] {processor.py:183} INFO - Processing /Users/gaurav/Documents/Breast-Cancer-ML-Pipeline/venv/lib/python3.9/site-packages/airflow/example_dags/example_latest_only_with_trigger.py took 0.100 seconds
[2025-04-21T17:45:18.296-0400] {processor.py:161} INFO - Started process (PID=88385) to work on /Users/gaurav/Documents/Breast-Cancer-ML-Pipeline/venv/lib/python3.9/site-packages/airflow/example_dags/example_latest_only_with_trigger.py
[2025-04-21T17:45:18.297-0400] {processor.py:830} INFO - Processing file /Users/gaurav/Documents/Breast-Cancer-ML-Pipeline/venv/lib/python3.9/site-packages/airflow/example_dags/example_latest_only_with_trigger.py for tasks to queue
[2025-04-21T17:45:18.298-0400] {logging_mixin.py:188} INFO - [2025-04-21T17:45:18.297-0400] {dagbag.py:538} INFO - Filling up the DagBag from /Users/gaurav/Documents/Breast-Cancer-ML-Pipeline/venv/lib/python3.9/site-packages/airflow/example_dags/example_latest_only_with_trigger.py
[2025-04-21T17:45:18.302-0400] {processor.py:840} INFO - DAG(s) 'latest_only_with_trigger' retrieved from /Users/gaurav/Documents/Breast-Cancer-ML-Pipeline/venv/lib/python3.9/site-packages/airflow/example_dags/example_latest_only_with_trigger.py
[2025-04-21T17:45:18.355-0400] {logging_mixin.py:188} INFO - [2025-04-21T17:45:18.355-0400] {dag.py:3036} INFO - Sync 1 DAGs
[2025-04-21T17:45:18.365-0400] {logging_mixin.py:188} INFO - [2025-04-21T17:45:18.365-0400] {dag.py:3823} INFO - Setting next_dagrun for latest_only_with_trigger to 2025-04-21 16:00:00+00:00, run_after=2025-04-21 20:00:00+00:00
[2025-04-21T17:45:18.375-0400] {processor.py:183} INFO - Processing /Users/gaurav/Documents/Breast-Cancer-ML-Pipeline/venv/lib/python3.9/site-packages/airflow/example_dags/example_latest_only_with_trigger.py took 0.080 seconds
[2025-04-21T17:46:22.130-0400] {processor.py:161} INFO - Started process (PID=88529) to work on /Users/gaurav/Documents/Breast-Cancer-ML-Pipeline/venv/lib/python3.9/site-packages/airflow/example_dags/example_latest_only_with_trigger.py
[2025-04-21T17:46:22.131-0400] {processor.py:830} INFO - Processing file /Users/gaurav/Documents/Breast-Cancer-ML-Pipeline/venv/lib/python3.9/site-packages/airflow/example_dags/example_latest_only_with_trigger.py for tasks to queue
[2025-04-21T17:46:22.132-0400] {logging_mixin.py:188} INFO - [2025-04-21T17:46:22.131-0400] {dagbag.py:538} INFO - Filling up the DagBag from /Users/gaurav/Documents/Breast-Cancer-ML-Pipeline/venv/lib/python3.9/site-packages/airflow/example_dags/example_latest_only_with_trigger.py
[2025-04-21T17:46:22.136-0400] {processor.py:840} INFO - DAG(s) 'latest_only_with_trigger' retrieved from /Users/gaurav/Documents/Breast-Cancer-ML-Pipeline/venv/lib/python3.9/site-packages/airflow/example_dags/example_latest_only_with_trigger.py
[2025-04-21T17:46:22.190-0400] {logging_mixin.py:188} INFO - [2025-04-21T17:46:22.189-0400] {dag.py:3036} INFO - Sync 1 DAGs
[2025-04-21T17:46:22.199-0400] {logging_mixin.py:188} INFO - [2025-04-21T17:46:22.199-0400] {dag.py:3823} INFO - Setting next_dagrun for latest_only_with_trigger to 2025-04-21 16:00:00+00:00, run_after=2025-04-21 20:00:00+00:00
[2025-04-21T17:46:22.209-0400] {processor.py:183} INFO - Processing /Users/gaurav/Documents/Breast-Cancer-ML-Pipeline/venv/lib/python3.9/site-packages/airflow/example_dags/example_latest_only_with_trigger.py took 0.079 seconds
[2025-04-21T17:47:20.831-0400] {processor.py:161} INFO - Started process (PID=88602) to work on /Users/gaurav/Documents/Breast-Cancer-ML-Pipeline/venv/lib/python3.9/site-packages/airflow/example_dags/example_latest_only_with_trigger.py
[2025-04-21T17:47:20.832-0400] {processor.py:830} INFO - Processing file /Users/gaurav/Documents/Breast-Cancer-ML-Pipeline/venv/lib/python3.9/site-packages/airflow/example_dags/example_latest_only_with_trigger.py for tasks to queue
[2025-04-21T17:47:20.832-0400] {logging_mixin.py:188} INFO - [2025-04-21T17:47:20.832-0400] {dagbag.py:538} INFO - Filling up the DagBag from /Users/gaurav/Documents/Breast-Cancer-ML-Pipeline/venv/lib/python3.9/site-packages/airflow/example_dags/example_latest_only_with_trigger.py
[2025-04-21T17:47:20.837-0400] {processor.py:840} INFO - DAG(s) 'latest_only_with_trigger' retrieved from /Users/gaurav/Documents/Breast-Cancer-ML-Pipeline/venv/lib/python3.9/site-packages/airflow/example_dags/example_latest_only_with_trigger.py
[2025-04-21T17:47:20.891-0400] {logging_mixin.py:188} INFO - [2025-04-21T17:47:20.891-0400] {dag.py:3036} INFO - Sync 1 DAGs
[2025-04-21T17:47:20.901-0400] {logging_mixin.py:188} INFO - [2025-04-21T17:47:20.901-0400] {dag.py:3823} INFO - Setting next_dagrun for latest_only_with_trigger to 2025-04-21 16:00:00+00:00, run_after=2025-04-21 20:00:00+00:00
[2025-04-21T17:47:20.911-0400] {processor.py:183} INFO - Processing /Users/gaurav/Documents/Breast-Cancer-ML-Pipeline/venv/lib/python3.9/site-packages/airflow/example_dags/example_latest_only_with_trigger.py took 0.081 seconds
[2025-04-21T17:48:10.251-0400] {processor.py:161} INFO - Started process (PID=88665) to work on /Users/gaurav/Documents/Breast-Cancer-ML-Pipeline/venv/lib/python3.9/site-packages/airflow/example_dags/example_latest_only_with_trigger.py
[2025-04-21T17:48:10.252-0400] {processor.py:830} INFO - Processing file /Users/gaurav/Documents/Breast-Cancer-ML-Pipeline/venv/lib/python3.9/site-packages/airflow/example_dags/example_latest_only_with_trigger.py for tasks to queue
[2025-04-21T17:48:10.253-0400] {logging_mixin.py:188} INFO - [2025-04-21T17:48:10.253-0400] {dagbag.py:538} INFO - Filling up the DagBag from /Users/gaurav/Documents/Breast-Cancer-ML-Pipeline/venv/lib/python3.9/site-packages/airflow/example_dags/example_latest_only_with_trigger.py
[2025-04-21T17:48:10.258-0400] {processor.py:840} INFO - DAG(s) 'latest_only_with_trigger' retrieved from /Users/gaurav/Documents/Breast-Cancer-ML-Pipeline/venv/lib/python3.9/site-packages/airflow/example_dags/example_latest_only_with_trigger.py
[2025-04-21T17:48:10.307-0400] {logging_mixin.py:188} INFO - [2025-04-21T17:48:10.307-0400] {dag.py:3036} INFO - Sync 1 DAGs
[2025-04-21T17:48:10.319-0400] {logging_mixin.py:188} INFO - [2025-04-21T17:48:10.319-0400] {dag.py:3823} INFO - Setting next_dagrun for latest_only_with_trigger to 2025-04-21 16:00:00+00:00, run_after=2025-04-21 20:00:00+00:00
[2025-04-21T17:48:10.328-0400] {processor.py:183} INFO - Processing /Users/gaurav/Documents/Breast-Cancer-ML-Pipeline/venv/lib/python3.9/site-packages/airflow/example_dags/example_latest_only_with_trigger.py took 0.078 seconds
[2025-04-21T17:49:15.187-0400] {processor.py:161} INFO - Started process (PID=88761) to work on /Users/gaurav/Documents/Breast-Cancer-ML-Pipeline/venv/lib/python3.9/site-packages/airflow/example_dags/example_latest_only_with_trigger.py
[2025-04-21T17:49:15.188-0400] {processor.py:830} INFO - Processing file /Users/gaurav/Documents/Breast-Cancer-ML-Pipeline/venv/lib/python3.9/site-packages/airflow/example_dags/example_latest_only_with_trigger.py for tasks to queue
[2025-04-21T17:49:15.188-0400] {logging_mixin.py:188} INFO - [2025-04-21T17:49:15.188-0400] {dagbag.py:538} INFO - Filling up the DagBag from /Users/gaurav/Documents/Breast-Cancer-ML-Pipeline/venv/lib/python3.9/site-packages/airflow/example_dags/example_latest_only_with_trigger.py
[2025-04-21T17:49:15.193-0400] {processor.py:840} INFO - DAG(s) 'latest_only_with_trigger' retrieved from /Users/gaurav/Documents/Breast-Cancer-ML-Pipeline/venv/lib/python3.9/site-packages/airflow/example_dags/example_latest_only_with_trigger.py
[2025-04-21T17:49:15.243-0400] {logging_mixin.py:188} INFO - [2025-04-21T17:49:15.243-0400] {dag.py:3036} INFO - Sync 1 DAGs
[2025-04-21T17:49:15.253-0400] {logging_mixin.py:188} INFO - [2025-04-21T17:49:15.252-0400] {dag.py:3823} INFO - Setting next_dagrun for latest_only_with_trigger to 2025-04-21 16:00:00+00:00, run_after=2025-04-21 20:00:00+00:00
[2025-04-21T17:49:15.262-0400] {processor.py:183} INFO - Processing /Users/gaurav/Documents/Breast-Cancer-ML-Pipeline/venv/lib/python3.9/site-packages/airflow/example_dags/example_latest_only_with_trigger.py took 0.076 seconds
[2025-04-21T17:50:25.008-0400] {processor.py:161} INFO - Started process (PID=88857) to work on /Users/gaurav/Documents/Breast-Cancer-ML-Pipeline/venv/lib/python3.9/site-packages/airflow/example_dags/example_latest_only_with_trigger.py
[2025-04-21T17:50:25.010-0400] {processor.py:830} INFO - Processing file /Users/gaurav/Documents/Breast-Cancer-ML-Pipeline/venv/lib/python3.9/site-packages/airflow/example_dags/example_latest_only_with_trigger.py for tasks to queue
[2025-04-21T17:50:25.010-0400] {logging_mixin.py:188} INFO - [2025-04-21T17:50:25.010-0400] {dagbag.py:538} INFO - Filling up the DagBag from /Users/gaurav/Documents/Breast-Cancer-ML-Pipeline/venv/lib/python3.9/site-packages/airflow/example_dags/example_latest_only_with_trigger.py
[2025-04-21T17:50:25.014-0400] {processor.py:840} INFO - DAG(s) 'latest_only_with_trigger' retrieved from /Users/gaurav/Documents/Breast-Cancer-ML-Pipeline/venv/lib/python3.9/site-packages/airflow/example_dags/example_latest_only_with_trigger.py
[2025-04-21T17:50:25.069-0400] {logging_mixin.py:188} INFO - [2025-04-21T17:50:25.068-0400] {dag.py:3036} INFO - Sync 1 DAGs
[2025-04-21T17:50:25.079-0400] {logging_mixin.py:188} INFO - [2025-04-21T17:50:25.079-0400] {dag.py:3823} INFO - Setting next_dagrun for latest_only_with_trigger to 2025-04-21 16:00:00+00:00, run_after=2025-04-21 20:00:00+00:00
[2025-04-21T17:50:25.089-0400] {processor.py:183} INFO - Processing /Users/gaurav/Documents/Breast-Cancer-ML-Pipeline/venv/lib/python3.9/site-packages/airflow/example_dags/example_latest_only_with_trigger.py took 0.082 seconds
[2025-04-21T17:51:19.294-0400] {processor.py:161} INFO - Started process (PID=88931) to work on /Users/gaurav/Documents/Breast-Cancer-ML-Pipeline/venv/lib/python3.9/site-packages/airflow/example_dags/example_latest_only_with_trigger.py
[2025-04-21T17:51:19.296-0400] {processor.py:830} INFO - Processing file /Users/gaurav/Documents/Breast-Cancer-ML-Pipeline/venv/lib/python3.9/site-packages/airflow/example_dags/example_latest_only_with_trigger.py for tasks to queue
[2025-04-21T17:51:19.297-0400] {logging_mixin.py:188} INFO - [2025-04-21T17:51:19.296-0400] {dagbag.py:538} INFO - Filling up the DagBag from /Users/gaurav/Documents/Breast-Cancer-ML-Pipeline/venv/lib/python3.9/site-packages/airflow/example_dags/example_latest_only_with_trigger.py
[2025-04-21T17:51:19.301-0400] {processor.py:840} INFO - DAG(s) 'latest_only_with_trigger' retrieved from /Users/gaurav/Documents/Breast-Cancer-ML-Pipeline/venv/lib/python3.9/site-packages/airflow/example_dags/example_latest_only_with_trigger.py
[2025-04-21T17:51:19.352-0400] {logging_mixin.py:188} INFO - [2025-04-21T17:51:19.352-0400] {dag.py:3036} INFO - Sync 1 DAGs
[2025-04-21T17:51:19.362-0400] {logging_mixin.py:188} INFO - [2025-04-21T17:51:19.362-0400] {dag.py:3823} INFO - Setting next_dagrun for latest_only_with_trigger to 2025-04-21 16:00:00+00:00, run_after=2025-04-21 20:00:00+00:00
[2025-04-21T17:51:19.372-0400] {processor.py:183} INFO - Processing /Users/gaurav/Documents/Breast-Cancer-ML-Pipeline/venv/lib/python3.9/site-packages/airflow/example_dags/example_latest_only_with_trigger.py took 0.079 seconds
[2025-04-21T17:52:11.990-0400] {processor.py:161} INFO - Started process (PID=89004) to work on /Users/gaurav/Documents/Breast-Cancer-ML-Pipeline/venv/lib/python3.9/site-packages/airflow/example_dags/example_latest_only_with_trigger.py
[2025-04-21T17:52:11.991-0400] {processor.py:830} INFO - Processing file /Users/gaurav/Documents/Breast-Cancer-ML-Pipeline/venv/lib/python3.9/site-packages/airflow/example_dags/example_latest_only_with_trigger.py for tasks to queue
[2025-04-21T17:52:11.991-0400] {logging_mixin.py:188} INFO - [2025-04-21T17:52:11.991-0400] {dagbag.py:538} INFO - Filling up the DagBag from /Users/gaurav/Documents/Breast-Cancer-ML-Pipeline/venv/lib/python3.9/site-packages/airflow/example_dags/example_latest_only_with_trigger.py
[2025-04-21T17:52:11.997-0400] {processor.py:840} INFO - DAG(s) 'latest_only_with_trigger' retrieved from /Users/gaurav/Documents/Breast-Cancer-ML-Pipeline/venv/lib/python3.9/site-packages/airflow/example_dags/example_latest_only_with_trigger.py
[2025-04-21T17:52:12.051-0400] {logging_mixin.py:188} INFO - [2025-04-21T17:52:12.050-0400] {dag.py:3036} INFO - Sync 1 DAGs
[2025-04-21T17:52:12.060-0400] {logging_mixin.py:188} INFO - [2025-04-21T17:52:12.060-0400] {dag.py:3823} INFO - Setting next_dagrun for latest_only_with_trigger to 2025-04-21 16:00:00+00:00, run_after=2025-04-21 20:00:00+00:00
[2025-04-21T17:52:12.070-0400] {processor.py:183} INFO - Processing /Users/gaurav/Documents/Breast-Cancer-ML-Pipeline/venv/lib/python3.9/site-packages/airflow/example_dags/example_latest_only_with_trigger.py took 0.081 seconds
[2025-04-21T17:53:04.370-0400] {processor.py:161} INFO - Started process (PID=89078) to work on /Users/gaurav/Documents/Breast-Cancer-ML-Pipeline/venv/lib/python3.9/site-packages/airflow/example_dags/example_latest_only_with_trigger.py
[2025-04-21T17:53:04.372-0400] {processor.py:830} INFO - Processing file /Users/gaurav/Documents/Breast-Cancer-ML-Pipeline/venv/lib/python3.9/site-packages/airflow/example_dags/example_latest_only_with_trigger.py for tasks to queue
[2025-04-21T17:53:04.372-0400] {logging_mixin.py:188} INFO - [2025-04-21T17:53:04.372-0400] {dagbag.py:538} INFO - Filling up the DagBag from /Users/gaurav/Documents/Breast-Cancer-ML-Pipeline/venv/lib/python3.9/site-packages/airflow/example_dags/example_latest_only_with_trigger.py
[2025-04-21T17:53:04.377-0400] {processor.py:840} INFO - DAG(s) 'latest_only_with_trigger' retrieved from /Users/gaurav/Documents/Breast-Cancer-ML-Pipeline/venv/lib/python3.9/site-packages/airflow/example_dags/example_latest_only_with_trigger.py
[2025-04-21T17:53:04.428-0400] {logging_mixin.py:188} INFO - [2025-04-21T17:53:04.427-0400] {dag.py:3036} INFO - Sync 1 DAGs
[2025-04-21T17:53:04.436-0400] {logging_mixin.py:188} INFO - [2025-04-21T17:53:04.436-0400] {dag.py:3823} INFO - Setting next_dagrun for latest_only_with_trigger to 2025-04-21 16:00:00+00:00, run_after=2025-04-21 20:00:00+00:00
[2025-04-21T17:53:04.446-0400] {processor.py:183} INFO - Processing /Users/gaurav/Documents/Breast-Cancer-ML-Pipeline/venv/lib/python3.9/site-packages/airflow/example_dags/example_latest_only_with_trigger.py took 0.076 seconds
[2025-04-21T17:54:19.574-0400] {processor.py:161} INFO - Started process (PID=89183) to work on /Users/gaurav/Documents/Breast-Cancer-ML-Pipeline/venv/lib/python3.9/site-packages/airflow/example_dags/example_latest_only_with_trigger.py
[2025-04-21T17:54:19.575-0400] {processor.py:830} INFO - Processing file /Users/gaurav/Documents/Breast-Cancer-ML-Pipeline/venv/lib/python3.9/site-packages/airflow/example_dags/example_latest_only_with_trigger.py for tasks to queue
[2025-04-21T17:54:19.575-0400] {logging_mixin.py:188} INFO - [2025-04-21T17:54:19.575-0400] {dagbag.py:538} INFO - Filling up the DagBag from /Users/gaurav/Documents/Breast-Cancer-ML-Pipeline/venv/lib/python3.9/site-packages/airflow/example_dags/example_latest_only_with_trigger.py
[2025-04-21T17:54:19.580-0400] {processor.py:840} INFO - DAG(s) 'latest_only_with_trigger' retrieved from /Users/gaurav/Documents/Breast-Cancer-ML-Pipeline/venv/lib/python3.9/site-packages/airflow/example_dags/example_latest_only_with_trigger.py
[2025-04-21T17:54:19.633-0400] {logging_mixin.py:188} INFO - [2025-04-21T17:54:19.632-0400] {dag.py:3036} INFO - Sync 1 DAGs
[2025-04-21T17:54:19.642-0400] {logging_mixin.py:188} INFO - [2025-04-21T17:54:19.642-0400] {dag.py:3823} INFO - Setting next_dagrun for latest_only_with_trigger to 2025-04-21 16:00:00+00:00, run_after=2025-04-21 20:00:00+00:00
[2025-04-21T17:54:19.651-0400] {processor.py:183} INFO - Processing /Users/gaurav/Documents/Breast-Cancer-ML-Pipeline/venv/lib/python3.9/site-packages/airflow/example_dags/example_latest_only_with_trigger.py took 0.078 seconds
[2025-04-21T17:55:14.335-0400] {processor.py:161} INFO - Started process (PID=89325) to work on /Users/gaurav/Documents/Breast-Cancer-ML-Pipeline/venv/lib/python3.9/site-packages/airflow/example_dags/example_latest_only_with_trigger.py
[2025-04-21T17:55:14.336-0400] {processor.py:830} INFO - Processing file /Users/gaurav/Documents/Breast-Cancer-ML-Pipeline/venv/lib/python3.9/site-packages/airflow/example_dags/example_latest_only_with_trigger.py for tasks to queue
[2025-04-21T17:55:14.336-0400] {logging_mixin.py:188} INFO - [2025-04-21T17:55:14.336-0400] {dagbag.py:538} INFO - Filling up the DagBag from /Users/gaurav/Documents/Breast-Cancer-ML-Pipeline/venv/lib/python3.9/site-packages/airflow/example_dags/example_latest_only_with_trigger.py
[2025-04-21T17:55:14.341-0400] {processor.py:840} INFO - DAG(s) 'latest_only_with_trigger' retrieved from /Users/gaurav/Documents/Breast-Cancer-ML-Pipeline/venv/lib/python3.9/site-packages/airflow/example_dags/example_latest_only_with_trigger.py
[2025-04-21T17:55:14.398-0400] {logging_mixin.py:188} INFO - [2025-04-21T17:55:14.397-0400] {dag.py:3036} INFO - Sync 1 DAGs
[2025-04-21T17:55:14.409-0400] {logging_mixin.py:188} INFO - [2025-04-21T17:55:14.409-0400] {dag.py:3823} INFO - Setting next_dagrun for latest_only_with_trigger to 2025-04-21 16:00:00+00:00, run_after=2025-04-21 20:00:00+00:00
[2025-04-21T17:55:14.421-0400] {processor.py:183} INFO - Processing /Users/gaurav/Documents/Breast-Cancer-ML-Pipeline/venv/lib/python3.9/site-packages/airflow/example_dags/example_latest_only_with_trigger.py took 0.088 seconds
