[2025-04-21T16:38:40.045-0400] {processor.py:161} INFO - Started process (PID=83515) to work on /Users/gaurav/Documents/Breast-Cancer-ML-Pipeline/venv/lib/python3.9/site-packages/airflow/example_dags/example_trigger_target_dag.py
[2025-04-21T16:38:40.046-0400] {processor.py:830} INFO - Processing file /Users/gaurav/Documents/Breast-Cancer-ML-Pipeline/venv/lib/python3.9/site-packages/airflow/example_dags/example_trigger_target_dag.py for tasks to queue
[2025-04-21T16:38:40.046-0400] {logging_mixin.py:188} INFO - [2025-04-21T16:38:40.046-0400] {dagbag.py:538} INFO - Filling up the DagBag from /Users/gaurav/Documents/Breast-Cancer-ML-Pipeline/venv/lib/python3.9/site-packages/airflow/example_dags/example_trigger_target_dag.py
[2025-04-21T16:38:40.074-0400] {processor.py:840} INFO - DAG(s) 'example_trigger_target_dag' retrieved from /Users/gaurav/Documents/Breast-Cancer-ML-Pipeline/venv/lib/python3.9/site-packages/airflow/example_dags/example_trigger_target_dag.py
[2025-04-21T16:38:40.193-0400] {logging_mixin.py:188} INFO - [2025-04-21T16:38:40.193-0400] {override.py:1769} INFO - Created Permission View: can read on DAG:example_trigger_target_dag
[2025-04-21T16:38:40.199-0400] {logging_mixin.py:188} INFO - [2025-04-21T16:38:40.199-0400] {override.py:1769} INFO - Created Permission View: can delete on DAG:example_trigger_target_dag
[2025-04-21T16:38:40.202-0400] {logging_mixin.py:188} INFO - [2025-04-21T16:38:40.202-0400] {override.py:1769} INFO - Created Permission View: can edit on DAG:example_trigger_target_dag
[2025-04-21T16:38:40.202-0400] {logging_mixin.py:188} INFO - [2025-04-21T16:38:40.202-0400] {dag.py:3036} INFO - Sync 1 DAGs
[2025-04-21T16:38:40.209-0400] {logging_mixin.py:188} INFO - [2025-04-21T16:38:40.209-0400] {dag.py:3058} INFO - Creating ORM DAG for example_trigger_target_dag
[2025-04-21T16:38:40.209-0400] {logging_mixin.py:188} INFO - [2025-04-21T16:38:40.209-0400] {dag.py:3823} INFO - Setting next_dagrun for example_trigger_target_dag to None, run_after=None
[2025-04-21T16:38:40.220-0400] {processor.py:183} INFO - Processing /Users/gaurav/Documents/Breast-Cancer-ML-Pipeline/venv/lib/python3.9/site-packages/airflow/example_dags/example_trigger_target_dag.py took 0.176 seconds
[2025-04-21T16:40:35.367-0400] {processor.py:161} INFO - Started process (PID=83628) to work on /Users/gaurav/Documents/Breast-Cancer-ML-Pipeline/venv/lib/python3.9/site-packages/airflow/example_dags/example_trigger_target_dag.py
[2025-04-21T16:40:35.368-0400] {processor.py:830} INFO - Processing file /Users/gaurav/Documents/Breast-Cancer-ML-Pipeline/venv/lib/python3.9/site-packages/airflow/example_dags/example_trigger_target_dag.py for tasks to queue
[2025-04-21T16:40:35.369-0400] {logging_mixin.py:188} INFO - [2025-04-21T16:40:35.369-0400] {dagbag.py:538} INFO - Filling up the DagBag from /Users/gaurav/Documents/Breast-Cancer-ML-Pipeline/venv/lib/python3.9/site-packages/airflow/example_dags/example_trigger_target_dag.py
[2025-04-21T16:40:35.396-0400] {processor.py:840} INFO - DAG(s) 'example_trigger_target_dag' retrieved from /Users/gaurav/Documents/Breast-Cancer-ML-Pipeline/venv/lib/python3.9/site-packages/airflow/example_dags/example_trigger_target_dag.py
[2025-04-21T16:40:35.466-0400] {logging_mixin.py:188} INFO - [2025-04-21T16:40:35.466-0400] {dag.py:3036} INFO - Sync 1 DAGs
[2025-04-21T16:40:35.472-0400] {logging_mixin.py:188} INFO - [2025-04-21T16:40:35.472-0400] {dag.py:3823} INFO - Setting next_dagrun for example_trigger_target_dag to None, run_after=None
[2025-04-21T16:40:35.485-0400] {processor.py:183} INFO - Processing /Users/gaurav/Documents/Breast-Cancer-ML-Pipeline/venv/lib/python3.9/site-packages/airflow/example_dags/example_trigger_target_dag.py took 0.119 seconds
[2025-04-21T16:41:55.384-0400] {processor.py:161} INFO - Started process (PID=83691) to work on /Users/gaurav/Documents/Breast-Cancer-ML-Pipeline/venv/lib/python3.9/site-packages/airflow/example_dags/example_trigger_target_dag.py
[2025-04-21T16:41:55.386-0400] {processor.py:830} INFO - Processing file /Users/gaurav/Documents/Breast-Cancer-ML-Pipeline/venv/lib/python3.9/site-packages/airflow/example_dags/example_trigger_target_dag.py for tasks to queue
[2025-04-21T16:41:55.386-0400] {logging_mixin.py:188} INFO - [2025-04-21T16:41:55.386-0400] {dagbag.py:538} INFO - Filling up the DagBag from /Users/gaurav/Documents/Breast-Cancer-ML-Pipeline/venv/lib/python3.9/site-packages/airflow/example_dags/example_trigger_target_dag.py
[2025-04-21T16:41:55.413-0400] {processor.py:840} INFO - DAG(s) 'example_trigger_target_dag' retrieved from /Users/gaurav/Documents/Breast-Cancer-ML-Pipeline/venv/lib/python3.9/site-packages/airflow/example_dags/example_trigger_target_dag.py
[2025-04-21T16:41:55.485-0400] {logging_mixin.py:188} INFO - [2025-04-21T16:41:55.485-0400] {dag.py:3036} INFO - Sync 1 DAGs
[2025-04-21T16:41:55.492-0400] {logging_mixin.py:188} INFO - [2025-04-21T16:41:55.492-0400] {dag.py:3823} INFO - Setting next_dagrun for example_trigger_target_dag to None, run_after=None
[2025-04-21T16:41:55.504-0400] {processor.py:183} INFO - Processing /Users/gaurav/Documents/Breast-Cancer-ML-Pipeline/venv/lib/python3.9/site-packages/airflow/example_dags/example_trigger_target_dag.py took 0.121 seconds
[2025-04-21T16:43:15.880-0400] {processor.py:161} INFO - Started process (PID=83754) to work on /Users/gaurav/Documents/Breast-Cancer-ML-Pipeline/venv/lib/python3.9/site-packages/airflow/example_dags/example_trigger_target_dag.py
[2025-04-21T16:43:15.882-0400] {processor.py:830} INFO - Processing file /Users/gaurav/Documents/Breast-Cancer-ML-Pipeline/venv/lib/python3.9/site-packages/airflow/example_dags/example_trigger_target_dag.py for tasks to queue
[2025-04-21T16:43:15.882-0400] {logging_mixin.py:188} INFO - [2025-04-21T16:43:15.882-0400] {dagbag.py:538} INFO - Filling up the DagBag from /Users/gaurav/Documents/Breast-Cancer-ML-Pipeline/venv/lib/python3.9/site-packages/airflow/example_dags/example_trigger_target_dag.py
[2025-04-21T16:43:15.910-0400] {processor.py:840} INFO - DAG(s) 'example_trigger_target_dag' retrieved from /Users/gaurav/Documents/Breast-Cancer-ML-Pipeline/venv/lib/python3.9/site-packages/airflow/example_dags/example_trigger_target_dag.py
[2025-04-21T16:43:15.979-0400] {logging_mixin.py:188} INFO - [2025-04-21T16:43:15.979-0400] {dag.py:3036} INFO - Sync 1 DAGs
[2025-04-21T16:43:15.986-0400] {logging_mixin.py:188} INFO - [2025-04-21T16:43:15.985-0400] {dag.py:3823} INFO - Setting next_dagrun for example_trigger_target_dag to None, run_after=None
[2025-04-21T16:43:16.000-0400] {processor.py:183} INFO - Processing /Users/gaurav/Documents/Breast-Cancer-ML-Pipeline/venv/lib/python3.9/site-packages/airflow/example_dags/example_trigger_target_dag.py took 0.121 seconds
[2025-04-21T16:44:39.384-0400] {processor.py:161} INFO - Started process (PID=83830) to work on /Users/gaurav/Documents/Breast-Cancer-ML-Pipeline/venv/lib/python3.9/site-packages/airflow/example_dags/example_trigger_target_dag.py
[2025-04-21T16:44:39.387-0400] {processor.py:830} INFO - Processing file /Users/gaurav/Documents/Breast-Cancer-ML-Pipeline/venv/lib/python3.9/site-packages/airflow/example_dags/example_trigger_target_dag.py for tasks to queue
[2025-04-21T16:44:39.387-0400] {logging_mixin.py:188} INFO - [2025-04-21T16:44:39.387-0400] {dagbag.py:538} INFO - Filling up the DagBag from /Users/gaurav/Documents/Breast-Cancer-ML-Pipeline/venv/lib/python3.9/site-packages/airflow/example_dags/example_trigger_target_dag.py
[2025-04-21T16:44:39.415-0400] {processor.py:840} INFO - DAG(s) 'example_trigger_target_dag' retrieved from /Users/gaurav/Documents/Breast-Cancer-ML-Pipeline/venv/lib/python3.9/site-packages/airflow/example_dags/example_trigger_target_dag.py
[2025-04-21T16:44:39.479-0400] {logging_mixin.py:188} INFO - [2025-04-21T16:44:39.479-0400] {dag.py:3036} INFO - Sync 1 DAGs
[2025-04-21T16:44:39.485-0400] {logging_mixin.py:188} INFO - [2025-04-21T16:44:39.485-0400] {dag.py:3823} INFO - Setting next_dagrun for example_trigger_target_dag to None, run_after=None
[2025-04-21T16:44:39.498-0400] {processor.py:183} INFO - Processing /Users/gaurav/Documents/Breast-Cancer-ML-Pipeline/venv/lib/python3.9/site-packages/airflow/example_dags/example_trigger_target_dag.py took 0.115 seconds
[2025-04-21T16:46:42.814-0400] {processor.py:161} INFO - Started process (PID=83998) to work on /Users/gaurav/Documents/Breast-Cancer-ML-Pipeline/venv/lib/python3.9/site-packages/airflow/example_dags/example_trigger_target_dag.py
[2025-04-21T16:46:42.816-0400] {processor.py:830} INFO - Processing file /Users/gaurav/Documents/Breast-Cancer-ML-Pipeline/venv/lib/python3.9/site-packages/airflow/example_dags/example_trigger_target_dag.py for tasks to queue
[2025-04-21T16:46:42.817-0400] {logging_mixin.py:188} INFO - [2025-04-21T16:46:42.816-0400] {dagbag.py:538} INFO - Filling up the DagBag from /Users/gaurav/Documents/Breast-Cancer-ML-Pipeline/venv/lib/python3.9/site-packages/airflow/example_dags/example_trigger_target_dag.py
[2025-04-21T16:46:42.844-0400] {processor.py:840} INFO - DAG(s) 'example_trigger_target_dag' retrieved from /Users/gaurav/Documents/Breast-Cancer-ML-Pipeline/venv/lib/python3.9/site-packages/airflow/example_dags/example_trigger_target_dag.py
[2025-04-21T16:46:42.911-0400] {logging_mixin.py:188} INFO - [2025-04-21T16:46:42.911-0400] {dag.py:3036} INFO - Sync 1 DAGs
[2025-04-21T16:46:42.918-0400] {logging_mixin.py:188} INFO - [2025-04-21T16:46:42.918-0400] {dag.py:3823} INFO - Setting next_dagrun for example_trigger_target_dag to None, run_after=None
[2025-04-21T16:46:42.932-0400] {processor.py:183} INFO - Processing /Users/gaurav/Documents/Breast-Cancer-ML-Pipeline/venv/lib/python3.9/site-packages/airflow/example_dags/example_trigger_target_dag.py took 0.118 seconds
[2025-04-21T16:47:45.206-0400] {processor.py:161} INFO - Started process (PID=84064) to work on /Users/gaurav/Documents/Breast-Cancer-ML-Pipeline/venv/lib/python3.9/site-packages/airflow/example_dags/example_trigger_target_dag.py
[2025-04-21T16:47:45.208-0400] {processor.py:830} INFO - Processing file /Users/gaurav/Documents/Breast-Cancer-ML-Pipeline/venv/lib/python3.9/site-packages/airflow/example_dags/example_trigger_target_dag.py for tasks to queue
[2025-04-21T16:47:45.209-0400] {logging_mixin.py:188} INFO - [2025-04-21T16:47:45.209-0400] {dagbag.py:538} INFO - Filling up the DagBag from /Users/gaurav/Documents/Breast-Cancer-ML-Pipeline/venv/lib/python3.9/site-packages/airflow/example_dags/example_trigger_target_dag.py
[2025-04-21T16:47:45.236-0400] {processor.py:840} INFO - DAG(s) 'example_trigger_target_dag' retrieved from /Users/gaurav/Documents/Breast-Cancer-ML-Pipeline/venv/lib/python3.9/site-packages/airflow/example_dags/example_trigger_target_dag.py
[2025-04-21T16:47:45.298-0400] {logging_mixin.py:188} INFO - [2025-04-21T16:47:45.298-0400] {dag.py:3036} INFO - Sync 1 DAGs
[2025-04-21T16:47:45.304-0400] {logging_mixin.py:188} INFO - [2025-04-21T16:47:45.304-0400] {dag.py:3823} INFO - Setting next_dagrun for example_trigger_target_dag to None, run_after=None
[2025-04-21T16:47:45.316-0400] {processor.py:183} INFO - Processing /Users/gaurav/Documents/Breast-Cancer-ML-Pipeline/venv/lib/python3.9/site-packages/airflow/example_dags/example_trigger_target_dag.py took 0.110 seconds
[2025-04-21T16:48:56.975-0400] {processor.py:161} INFO - Started process (PID=84143) to work on /Users/gaurav/Documents/Breast-Cancer-ML-Pipeline/venv/lib/python3.9/site-packages/airflow/example_dags/example_trigger_target_dag.py
[2025-04-21T16:48:56.978-0400] {processor.py:830} INFO - Processing file /Users/gaurav/Documents/Breast-Cancer-ML-Pipeline/venv/lib/python3.9/site-packages/airflow/example_dags/example_trigger_target_dag.py for tasks to queue
[2025-04-21T16:48:56.978-0400] {logging_mixin.py:188} INFO - [2025-04-21T16:48:56.978-0400] {dagbag.py:538} INFO - Filling up the DagBag from /Users/gaurav/Documents/Breast-Cancer-ML-Pipeline/venv/lib/python3.9/site-packages/airflow/example_dags/example_trigger_target_dag.py
[2025-04-21T16:48:57.005-0400] {processor.py:840} INFO - DAG(s) 'example_trigger_target_dag' retrieved from /Users/gaurav/Documents/Breast-Cancer-ML-Pipeline/venv/lib/python3.9/site-packages/airflow/example_dags/example_trigger_target_dag.py
[2025-04-21T16:48:57.067-0400] {logging_mixin.py:188} INFO - [2025-04-21T16:48:57.067-0400] {dag.py:3036} INFO - Sync 1 DAGs
[2025-04-21T16:48:57.073-0400] {logging_mixin.py:188} INFO - [2025-04-21T16:48:57.073-0400] {dag.py:3823} INFO - Setting next_dagrun for example_trigger_target_dag to None, run_after=None
[2025-04-21T16:48:57.085-0400] {processor.py:183} INFO - Processing /Users/gaurav/Documents/Breast-Cancer-ML-Pipeline/venv/lib/python3.9/site-packages/airflow/example_dags/example_trigger_target_dag.py took 0.111 seconds
[2025-04-21T16:50:08.894-0400] {processor.py:161} INFO - Started process (PID=84228) to work on /Users/gaurav/Documents/Breast-Cancer-ML-Pipeline/venv/lib/python3.9/site-packages/airflow/example_dags/example_trigger_target_dag.py
[2025-04-21T16:50:08.896-0400] {processor.py:830} INFO - Processing file /Users/gaurav/Documents/Breast-Cancer-ML-Pipeline/venv/lib/python3.9/site-packages/airflow/example_dags/example_trigger_target_dag.py for tasks to queue
[2025-04-21T16:50:08.897-0400] {logging_mixin.py:188} INFO - [2025-04-21T16:50:08.896-0400] {dagbag.py:538} INFO - Filling up the DagBag from /Users/gaurav/Documents/Breast-Cancer-ML-Pipeline/venv/lib/python3.9/site-packages/airflow/example_dags/example_trigger_target_dag.py
[2025-04-21T16:50:08.924-0400] {processor.py:840} INFO - DAG(s) 'example_trigger_target_dag' retrieved from /Users/gaurav/Documents/Breast-Cancer-ML-Pipeline/venv/lib/python3.9/site-packages/airflow/example_dags/example_trigger_target_dag.py
[2025-04-21T16:50:08.988-0400] {logging_mixin.py:188} INFO - [2025-04-21T16:50:08.988-0400] {dag.py:3036} INFO - Sync 1 DAGs
[2025-04-21T16:50:08.994-0400] {logging_mixin.py:188} INFO - [2025-04-21T16:50:08.994-0400] {dag.py:3823} INFO - Setting next_dagrun for example_trigger_target_dag to None, run_after=None
[2025-04-21T16:50:09.007-0400] {processor.py:183} INFO - Processing /Users/gaurav/Documents/Breast-Cancer-ML-Pipeline/venv/lib/python3.9/site-packages/airflow/example_dags/example_trigger_target_dag.py took 0.114 seconds
[2025-04-21T16:51:29.642-0400] {processor.py:161} INFO - Started process (PID=84318) to work on /Users/gaurav/Documents/Breast-Cancer-ML-Pipeline/venv/lib/python3.9/site-packages/airflow/example_dags/example_trigger_target_dag.py
[2025-04-21T16:51:29.644-0400] {processor.py:830} INFO - Processing file /Users/gaurav/Documents/Breast-Cancer-ML-Pipeline/venv/lib/python3.9/site-packages/airflow/example_dags/example_trigger_target_dag.py for tasks to queue
[2025-04-21T16:51:29.644-0400] {logging_mixin.py:188} INFO - [2025-04-21T16:51:29.644-0400] {dagbag.py:538} INFO - Filling up the DagBag from /Users/gaurav/Documents/Breast-Cancer-ML-Pipeline/venv/lib/python3.9/site-packages/airflow/example_dags/example_trigger_target_dag.py
[2025-04-21T16:51:29.672-0400] {processor.py:840} INFO - DAG(s) 'example_trigger_target_dag' retrieved from /Users/gaurav/Documents/Breast-Cancer-ML-Pipeline/venv/lib/python3.9/site-packages/airflow/example_dags/example_trigger_target_dag.py
[2025-04-21T16:51:29.735-0400] {logging_mixin.py:188} INFO - [2025-04-21T16:51:29.735-0400] {dag.py:3036} INFO - Sync 1 DAGs
[2025-04-21T16:51:29.741-0400] {logging_mixin.py:188} INFO - [2025-04-21T16:51:29.741-0400] {dag.py:3823} INFO - Setting next_dagrun for example_trigger_target_dag to None, run_after=None
[2025-04-21T16:51:29.754-0400] {processor.py:183} INFO - Processing /Users/gaurav/Documents/Breast-Cancer-ML-Pipeline/venv/lib/python3.9/site-packages/airflow/example_dags/example_trigger_target_dag.py took 0.113 seconds
[2025-04-21T16:52:50.763-0400] {processor.py:161} INFO - Started process (PID=84413) to work on /Users/gaurav/Documents/Breast-Cancer-ML-Pipeline/venv/lib/python3.9/site-packages/airflow/example_dags/example_trigger_target_dag.py
[2025-04-21T16:52:50.764-0400] {processor.py:830} INFO - Processing file /Users/gaurav/Documents/Breast-Cancer-ML-Pipeline/venv/lib/python3.9/site-packages/airflow/example_dags/example_trigger_target_dag.py for tasks to queue
[2025-04-21T16:52:50.765-0400] {logging_mixin.py:188} INFO - [2025-04-21T16:52:50.765-0400] {dagbag.py:538} INFO - Filling up the DagBag from /Users/gaurav/Documents/Breast-Cancer-ML-Pipeline/venv/lib/python3.9/site-packages/airflow/example_dags/example_trigger_target_dag.py
[2025-04-21T16:52:50.793-0400] {processor.py:840} INFO - DAG(s) 'example_trigger_target_dag' retrieved from /Users/gaurav/Documents/Breast-Cancer-ML-Pipeline/venv/lib/python3.9/site-packages/airflow/example_dags/example_trigger_target_dag.py
[2025-04-21T16:52:50.864-0400] {logging_mixin.py:188} INFO - [2025-04-21T16:52:50.863-0400] {dag.py:3036} INFO - Sync 1 DAGs
[2025-04-21T16:52:50.872-0400] {logging_mixin.py:188} INFO - [2025-04-21T16:52:50.872-0400] {dag.py:3823} INFO - Setting next_dagrun for example_trigger_target_dag to None, run_after=None
[2025-04-21T16:52:50.886-0400] {processor.py:183} INFO - Processing /Users/gaurav/Documents/Breast-Cancer-ML-Pipeline/venv/lib/python3.9/site-packages/airflow/example_dags/example_trigger_target_dag.py took 0.124 seconds
[2025-04-21T16:54:09.953-0400] {processor.py:161} INFO - Started process (PID=84522) to work on /Users/gaurav/Documents/Breast-Cancer-ML-Pipeline/venv/lib/python3.9/site-packages/airflow/example_dags/example_trigger_target_dag.py
[2025-04-21T16:54:09.954-0400] {processor.py:830} INFO - Processing file /Users/gaurav/Documents/Breast-Cancer-ML-Pipeline/venv/lib/python3.9/site-packages/airflow/example_dags/example_trigger_target_dag.py for tasks to queue
[2025-04-21T16:54:09.955-0400] {logging_mixin.py:188} INFO - [2025-04-21T16:54:09.955-0400] {dagbag.py:538} INFO - Filling up the DagBag from /Users/gaurav/Documents/Breast-Cancer-ML-Pipeline/venv/lib/python3.9/site-packages/airflow/example_dags/example_trigger_target_dag.py
[2025-04-21T16:54:09.981-0400] {processor.py:840} INFO - DAG(s) 'example_trigger_target_dag' retrieved from /Users/gaurav/Documents/Breast-Cancer-ML-Pipeline/venv/lib/python3.9/site-packages/airflow/example_dags/example_trigger_target_dag.py
[2025-04-21T16:54:10.043-0400] {logging_mixin.py:188} INFO - [2025-04-21T16:54:10.043-0400] {dag.py:3036} INFO - Sync 1 DAGs
[2025-04-21T16:54:10.049-0400] {logging_mixin.py:188} INFO - [2025-04-21T16:54:10.049-0400] {dag.py:3823} INFO - Setting next_dagrun for example_trigger_target_dag to None, run_after=None
[2025-04-21T16:54:10.062-0400] {processor.py:183} INFO - Processing /Users/gaurav/Documents/Breast-Cancer-ML-Pipeline/venv/lib/python3.9/site-packages/airflow/example_dags/example_trigger_target_dag.py took 0.110 seconds
[2025-04-21T16:55:44.039-0400] {processor.py:161} INFO - Started process (PID=84615) to work on /Users/gaurav/Documents/Breast-Cancer-ML-Pipeline/venv/lib/python3.9/site-packages/airflow/example_dags/example_trigger_target_dag.py
[2025-04-21T16:55:44.041-0400] {processor.py:830} INFO - Processing file /Users/gaurav/Documents/Breast-Cancer-ML-Pipeline/venv/lib/python3.9/site-packages/airflow/example_dags/example_trigger_target_dag.py for tasks to queue
[2025-04-21T16:55:44.041-0400] {logging_mixin.py:188} INFO - [2025-04-21T16:55:44.041-0400] {dagbag.py:538} INFO - Filling up the DagBag from /Users/gaurav/Documents/Breast-Cancer-ML-Pipeline/venv/lib/python3.9/site-packages/airflow/example_dags/example_trigger_target_dag.py
[2025-04-21T16:55:44.069-0400] {processor.py:840} INFO - DAG(s) 'example_trigger_target_dag' retrieved from /Users/gaurav/Documents/Breast-Cancer-ML-Pipeline/venv/lib/python3.9/site-packages/airflow/example_dags/example_trigger_target_dag.py
[2025-04-21T16:55:44.194-0400] {logging_mixin.py:188} INFO - [2025-04-21T16:55:44.194-0400] {dag.py:3036} INFO - Sync 1 DAGs
[2025-04-21T16:55:44.200-0400] {logging_mixin.py:188} INFO - [2025-04-21T16:55:44.200-0400] {dag.py:3823} INFO - Setting next_dagrun for example_trigger_target_dag to None, run_after=None
[2025-04-21T16:55:44.213-0400] {processor.py:183} INFO - Processing /Users/gaurav/Documents/Breast-Cancer-ML-Pipeline/venv/lib/python3.9/site-packages/airflow/example_dags/example_trigger_target_dag.py took 0.175 seconds
[2025-04-21T16:57:25.233-0400] {processor.py:161} INFO - Started process (PID=84772) to work on /Users/gaurav/Documents/Breast-Cancer-ML-Pipeline/venv/lib/python3.9/site-packages/airflow/example_dags/example_trigger_target_dag.py
[2025-04-21T16:57:25.235-0400] {processor.py:830} INFO - Processing file /Users/gaurav/Documents/Breast-Cancer-ML-Pipeline/venv/lib/python3.9/site-packages/airflow/example_dags/example_trigger_target_dag.py for tasks to queue
[2025-04-21T16:57:25.235-0400] {logging_mixin.py:188} INFO - [2025-04-21T16:57:25.235-0400] {dagbag.py:538} INFO - Filling up the DagBag from /Users/gaurav/Documents/Breast-Cancer-ML-Pipeline/venv/lib/python3.9/site-packages/airflow/example_dags/example_trigger_target_dag.py
[2025-04-21T16:57:25.262-0400] {processor.py:840} INFO - DAG(s) 'example_trigger_target_dag' retrieved from /Users/gaurav/Documents/Breast-Cancer-ML-Pipeline/venv/lib/python3.9/site-packages/airflow/example_dags/example_trigger_target_dag.py
[2025-04-21T16:57:25.328-0400] {logging_mixin.py:188} INFO - [2025-04-21T16:57:25.328-0400] {dag.py:3036} INFO - Sync 1 DAGs
[2025-04-21T16:57:25.335-0400] {logging_mixin.py:188} INFO - [2025-04-21T16:57:25.335-0400] {dag.py:3823} INFO - Setting next_dagrun for example_trigger_target_dag to None, run_after=None
[2025-04-21T16:57:25.349-0400] {processor.py:183} INFO - Processing /Users/gaurav/Documents/Breast-Cancer-ML-Pipeline/venv/lib/python3.9/site-packages/airflow/example_dags/example_trigger_target_dag.py took 0.117 seconds
[2025-04-21T16:58:45.759-0400] {processor.py:161} INFO - Started process (PID=84868) to work on /Users/gaurav/Documents/Breast-Cancer-ML-Pipeline/venv/lib/python3.9/site-packages/airflow/example_dags/example_trigger_target_dag.py
[2025-04-21T16:58:45.761-0400] {processor.py:830} INFO - Processing file /Users/gaurav/Documents/Breast-Cancer-ML-Pipeline/venv/lib/python3.9/site-packages/airflow/example_dags/example_trigger_target_dag.py for tasks to queue
[2025-04-21T16:58:45.761-0400] {logging_mixin.py:188} INFO - [2025-04-21T16:58:45.761-0400] {dagbag.py:538} INFO - Filling up the DagBag from /Users/gaurav/Documents/Breast-Cancer-ML-Pipeline/venv/lib/python3.9/site-packages/airflow/example_dags/example_trigger_target_dag.py
[2025-04-21T16:58:45.788-0400] {processor.py:840} INFO - DAG(s) 'example_trigger_target_dag' retrieved from /Users/gaurav/Documents/Breast-Cancer-ML-Pipeline/venv/lib/python3.9/site-packages/airflow/example_dags/example_trigger_target_dag.py
[2025-04-21T16:58:45.856-0400] {logging_mixin.py:188} INFO - [2025-04-21T16:58:45.856-0400] {dag.py:3036} INFO - Sync 1 DAGs
[2025-04-21T16:58:45.862-0400] {logging_mixin.py:188} INFO - [2025-04-21T16:58:45.862-0400] {dag.py:3823} INFO - Setting next_dagrun for example_trigger_target_dag to None, run_after=None
[2025-04-21T16:58:45.875-0400] {processor.py:183} INFO - Processing /Users/gaurav/Documents/Breast-Cancer-ML-Pipeline/venv/lib/python3.9/site-packages/airflow/example_dags/example_trigger_target_dag.py took 0.117 seconds
[2025-04-21T17:00:03.763-0400] {processor.py:161} INFO - Started process (PID=84950) to work on /Users/gaurav/Documents/Breast-Cancer-ML-Pipeline/venv/lib/python3.9/site-packages/airflow/example_dags/example_trigger_target_dag.py
[2025-04-21T17:00:03.765-0400] {processor.py:830} INFO - Processing file /Users/gaurav/Documents/Breast-Cancer-ML-Pipeline/venv/lib/python3.9/site-packages/airflow/example_dags/example_trigger_target_dag.py for tasks to queue
[2025-04-21T17:00:03.765-0400] {logging_mixin.py:188} INFO - [2025-04-21T17:00:03.765-0400] {dagbag.py:538} INFO - Filling up the DagBag from /Users/gaurav/Documents/Breast-Cancer-ML-Pipeline/venv/lib/python3.9/site-packages/airflow/example_dags/example_trigger_target_dag.py
[2025-04-21T17:00:03.792-0400] {processor.py:840} INFO - DAG(s) 'example_trigger_target_dag' retrieved from /Users/gaurav/Documents/Breast-Cancer-ML-Pipeline/venv/lib/python3.9/site-packages/airflow/example_dags/example_trigger_target_dag.py
[2025-04-21T17:00:03.854-0400] {logging_mixin.py:188} INFO - [2025-04-21T17:00:03.854-0400] {dag.py:3036} INFO - Sync 1 DAGs
[2025-04-21T17:00:03.860-0400] {logging_mixin.py:188} INFO - [2025-04-21T17:00:03.860-0400] {dag.py:3823} INFO - Setting next_dagrun for example_trigger_target_dag to None, run_after=None
[2025-04-21T17:00:03.872-0400] {processor.py:183} INFO - Processing /Users/gaurav/Documents/Breast-Cancer-ML-Pipeline/venv/lib/python3.9/site-packages/airflow/example_dags/example_trigger_target_dag.py took 0.110 seconds
[2025-04-21T17:01:14.399-0400] {processor.py:161} INFO - Started process (PID=85048) to work on /Users/gaurav/Documents/Breast-Cancer-ML-Pipeline/venv/lib/python3.9/site-packages/airflow/example_dags/example_trigger_target_dag.py
[2025-04-21T17:01:14.401-0400] {processor.py:830} INFO - Processing file /Users/gaurav/Documents/Breast-Cancer-ML-Pipeline/venv/lib/python3.9/site-packages/airflow/example_dags/example_trigger_target_dag.py for tasks to queue
[2025-04-21T17:01:14.402-0400] {logging_mixin.py:188} INFO - [2025-04-21T17:01:14.402-0400] {dagbag.py:538} INFO - Filling up the DagBag from /Users/gaurav/Documents/Breast-Cancer-ML-Pipeline/venv/lib/python3.9/site-packages/airflow/example_dags/example_trigger_target_dag.py
[2025-04-21T17:01:14.429-0400] {processor.py:840} INFO - DAG(s) 'example_trigger_target_dag' retrieved from /Users/gaurav/Documents/Breast-Cancer-ML-Pipeline/venv/lib/python3.9/site-packages/airflow/example_dags/example_trigger_target_dag.py
[2025-04-21T17:01:14.494-0400] {logging_mixin.py:188} INFO - [2025-04-21T17:01:14.494-0400] {dag.py:3036} INFO - Sync 1 DAGs
[2025-04-21T17:01:14.501-0400] {logging_mixin.py:188} INFO - [2025-04-21T17:01:14.501-0400] {dag.py:3823} INFO - Setting next_dagrun for example_trigger_target_dag to None, run_after=None
[2025-04-21T17:01:14.515-0400] {processor.py:183} INFO - Processing /Users/gaurav/Documents/Breast-Cancer-ML-Pipeline/venv/lib/python3.9/site-packages/airflow/example_dags/example_trigger_target_dag.py took 0.117 seconds
[2025-04-21T17:02:41.253-0400] {processor.py:161} INFO - Started process (PID=85145) to work on /Users/gaurav/Documents/Breast-Cancer-ML-Pipeline/venv/lib/python3.9/site-packages/airflow/example_dags/example_trigger_target_dag.py
[2025-04-21T17:02:41.255-0400] {processor.py:830} INFO - Processing file /Users/gaurav/Documents/Breast-Cancer-ML-Pipeline/venv/lib/python3.9/site-packages/airflow/example_dags/example_trigger_target_dag.py for tasks to queue
[2025-04-21T17:02:41.255-0400] {logging_mixin.py:188} INFO - [2025-04-21T17:02:41.255-0400] {dagbag.py:538} INFO - Filling up the DagBag from /Users/gaurav/Documents/Breast-Cancer-ML-Pipeline/venv/lib/python3.9/site-packages/airflow/example_dags/example_trigger_target_dag.py
[2025-04-21T17:02:41.281-0400] {processor.py:840} INFO - DAG(s) 'example_trigger_target_dag' retrieved from /Users/gaurav/Documents/Breast-Cancer-ML-Pipeline/venv/lib/python3.9/site-packages/airflow/example_dags/example_trigger_target_dag.py
[2025-04-21T17:02:41.345-0400] {logging_mixin.py:188} INFO - [2025-04-21T17:02:41.345-0400] {dag.py:3036} INFO - Sync 1 DAGs
[2025-04-21T17:02:41.351-0400] {logging_mixin.py:188} INFO - [2025-04-21T17:02:41.351-0400] {dag.py:3823} INFO - Setting next_dagrun for example_trigger_target_dag to None, run_after=None
[2025-04-21T17:02:41.364-0400] {processor.py:183} INFO - Processing /Users/gaurav/Documents/Breast-Cancer-ML-Pipeline/venv/lib/python3.9/site-packages/airflow/example_dags/example_trigger_target_dag.py took 0.112 seconds
[2025-04-21T17:03:58.744-0400] {processor.py:161} INFO - Started process (PID=85251) to work on /Users/gaurav/Documents/Breast-Cancer-ML-Pipeline/venv/lib/python3.9/site-packages/airflow/example_dags/example_trigger_target_dag.py
[2025-04-21T17:03:58.747-0400] {processor.py:830} INFO - Processing file /Users/gaurav/Documents/Breast-Cancer-ML-Pipeline/venv/lib/python3.9/site-packages/airflow/example_dags/example_trigger_target_dag.py for tasks to queue
[2025-04-21T17:03:58.747-0400] {logging_mixin.py:188} INFO - [2025-04-21T17:03:58.747-0400] {dagbag.py:538} INFO - Filling up the DagBag from /Users/gaurav/Documents/Breast-Cancer-ML-Pipeline/venv/lib/python3.9/site-packages/airflow/example_dags/example_trigger_target_dag.py
[2025-04-21T17:03:58.774-0400] {processor.py:840} INFO - DAG(s) 'example_trigger_target_dag' retrieved from /Users/gaurav/Documents/Breast-Cancer-ML-Pipeline/venv/lib/python3.9/site-packages/airflow/example_dags/example_trigger_target_dag.py
[2025-04-21T17:03:58.838-0400] {logging_mixin.py:188} INFO - [2025-04-21T17:03:58.838-0400] {dag.py:3036} INFO - Sync 1 DAGs
[2025-04-21T17:03:58.844-0400] {logging_mixin.py:188} INFO - [2025-04-21T17:03:58.844-0400] {dag.py:3823} INFO - Setting next_dagrun for example_trigger_target_dag to None, run_after=None
[2025-04-21T17:03:58.857-0400] {processor.py:183} INFO - Processing /Users/gaurav/Documents/Breast-Cancer-ML-Pipeline/venv/lib/python3.9/site-packages/airflow/example_dags/example_trigger_target_dag.py took 0.113 seconds
[2025-04-21T17:05:09.330-0400] {processor.py:161} INFO - Started process (PID=85327) to work on /Users/gaurav/Documents/Breast-Cancer-ML-Pipeline/venv/lib/python3.9/site-packages/airflow/example_dags/example_trigger_target_dag.py
[2025-04-21T17:05:09.331-0400] {processor.py:830} INFO - Processing file /Users/gaurav/Documents/Breast-Cancer-ML-Pipeline/venv/lib/python3.9/site-packages/airflow/example_dags/example_trigger_target_dag.py for tasks to queue
[2025-04-21T17:05:09.331-0400] {logging_mixin.py:188} INFO - [2025-04-21T17:05:09.331-0400] {dagbag.py:538} INFO - Filling up the DagBag from /Users/gaurav/Documents/Breast-Cancer-ML-Pipeline/venv/lib/python3.9/site-packages/airflow/example_dags/example_trigger_target_dag.py
[2025-04-21T17:05:09.356-0400] {processor.py:840} INFO - DAG(s) 'example_trigger_target_dag' retrieved from /Users/gaurav/Documents/Breast-Cancer-ML-Pipeline/venv/lib/python3.9/site-packages/airflow/example_dags/example_trigger_target_dag.py
[2025-04-21T17:05:09.417-0400] {logging_mixin.py:188} INFO - [2025-04-21T17:05:09.417-0400] {dag.py:3036} INFO - Sync 1 DAGs
[2025-04-21T17:05:09.424-0400] {logging_mixin.py:188} INFO - [2025-04-21T17:05:09.424-0400] {dag.py:3823} INFO - Setting next_dagrun for example_trigger_target_dag to None, run_after=None
[2025-04-21T17:05:09.437-0400] {processor.py:183} INFO - Processing /Users/gaurav/Documents/Breast-Cancer-ML-Pipeline/venv/lib/python3.9/site-packages/airflow/example_dags/example_trigger_target_dag.py took 0.108 seconds
[2025-04-21T17:06:20.076-0400] {processor.py:161} INFO - Started process (PID=85420) to work on /Users/gaurav/Documents/Breast-Cancer-ML-Pipeline/venv/lib/python3.9/site-packages/airflow/example_dags/example_trigger_target_dag.py
[2025-04-21T17:06:20.078-0400] {processor.py:830} INFO - Processing file /Users/gaurav/Documents/Breast-Cancer-ML-Pipeline/venv/lib/python3.9/site-packages/airflow/example_dags/example_trigger_target_dag.py for tasks to queue
[2025-04-21T17:06:20.079-0400] {logging_mixin.py:188} INFO - [2025-04-21T17:06:20.079-0400] {dagbag.py:538} INFO - Filling up the DagBag from /Users/gaurav/Documents/Breast-Cancer-ML-Pipeline/venv/lib/python3.9/site-packages/airflow/example_dags/example_trigger_target_dag.py
[2025-04-21T17:06:20.105-0400] {processor.py:840} INFO - DAG(s) 'example_trigger_target_dag' retrieved from /Users/gaurav/Documents/Breast-Cancer-ML-Pipeline/venv/lib/python3.9/site-packages/airflow/example_dags/example_trigger_target_dag.py
[2025-04-21T17:06:20.177-0400] {logging_mixin.py:188} INFO - [2025-04-21T17:06:20.177-0400] {dag.py:3036} INFO - Sync 1 DAGs
[2025-04-21T17:06:20.184-0400] {logging_mixin.py:188} INFO - [2025-04-21T17:06:20.184-0400] {dag.py:3823} INFO - Setting next_dagrun for example_trigger_target_dag to None, run_after=None
[2025-04-21T17:06:20.201-0400] {processor.py:183} INFO - Processing /Users/gaurav/Documents/Breast-Cancer-ML-Pipeline/venv/lib/python3.9/site-packages/airflow/example_dags/example_trigger_target_dag.py took 0.126 seconds
[2025-04-21T17:07:31.926-0400] {processor.py:161} INFO - Started process (PID=85499) to work on /Users/gaurav/Documents/Breast-Cancer-ML-Pipeline/venv/lib/python3.9/site-packages/airflow/example_dags/example_trigger_target_dag.py
[2025-04-21T17:07:31.928-0400] {processor.py:830} INFO - Processing file /Users/gaurav/Documents/Breast-Cancer-ML-Pipeline/venv/lib/python3.9/site-packages/airflow/example_dags/example_trigger_target_dag.py for tasks to queue
[2025-04-21T17:07:31.928-0400] {logging_mixin.py:188} INFO - [2025-04-21T17:07:31.928-0400] {dagbag.py:538} INFO - Filling up the DagBag from /Users/gaurav/Documents/Breast-Cancer-ML-Pipeline/venv/lib/python3.9/site-packages/airflow/example_dags/example_trigger_target_dag.py
[2025-04-21T17:07:31.953-0400] {processor.py:840} INFO - DAG(s) 'example_trigger_target_dag' retrieved from /Users/gaurav/Documents/Breast-Cancer-ML-Pipeline/venv/lib/python3.9/site-packages/airflow/example_dags/example_trigger_target_dag.py
[2025-04-21T17:07:32.014-0400] {logging_mixin.py:188} INFO - [2025-04-21T17:07:32.014-0400] {dag.py:3036} INFO - Sync 1 DAGs
[2025-04-21T17:07:32.020-0400] {logging_mixin.py:188} INFO - [2025-04-21T17:07:32.020-0400] {dag.py:3823} INFO - Setting next_dagrun for example_trigger_target_dag to None, run_after=None
[2025-04-21T17:07:32.032-0400] {processor.py:183} INFO - Processing /Users/gaurav/Documents/Breast-Cancer-ML-Pipeline/venv/lib/python3.9/site-packages/airflow/example_dags/example_trigger_target_dag.py took 0.108 seconds
[2025-04-21T17:08:46.786-0400] {processor.py:161} INFO - Started process (PID=85580) to work on /Users/gaurav/Documents/Breast-Cancer-ML-Pipeline/venv/lib/python3.9/site-packages/airflow/example_dags/example_trigger_target_dag.py
[2025-04-21T17:08:46.789-0400] {processor.py:830} INFO - Processing file /Users/gaurav/Documents/Breast-Cancer-ML-Pipeline/venv/lib/python3.9/site-packages/airflow/example_dags/example_trigger_target_dag.py for tasks to queue
[2025-04-21T17:08:46.789-0400] {logging_mixin.py:188} INFO - [2025-04-21T17:08:46.789-0400] {dagbag.py:538} INFO - Filling up the DagBag from /Users/gaurav/Documents/Breast-Cancer-ML-Pipeline/venv/lib/python3.9/site-packages/airflow/example_dags/example_trigger_target_dag.py
[2025-04-21T17:08:46.815-0400] {processor.py:840} INFO - DAG(s) 'example_trigger_target_dag' retrieved from /Users/gaurav/Documents/Breast-Cancer-ML-Pipeline/venv/lib/python3.9/site-packages/airflow/example_dags/example_trigger_target_dag.py
[2025-04-21T17:08:46.877-0400] {logging_mixin.py:188} INFO - [2025-04-21T17:08:46.877-0400] {dag.py:3036} INFO - Sync 1 DAGs
[2025-04-21T17:08:46.883-0400] {logging_mixin.py:188} INFO - [2025-04-21T17:08:46.883-0400] {dag.py:3823} INFO - Setting next_dagrun for example_trigger_target_dag to None, run_after=None
[2025-04-21T17:08:46.896-0400] {processor.py:183} INFO - Processing /Users/gaurav/Documents/Breast-Cancer-ML-Pipeline/venv/lib/python3.9/site-packages/airflow/example_dags/example_trigger_target_dag.py took 0.110 seconds
[2025-04-21T17:09:58.924-0400] {processor.py:161} INFO - Started process (PID=85657) to work on /Users/gaurav/Documents/Breast-Cancer-ML-Pipeline/venv/lib/python3.9/site-packages/airflow/example_dags/example_trigger_target_dag.py
[2025-04-21T17:09:58.926-0400] {processor.py:830} INFO - Processing file /Users/gaurav/Documents/Breast-Cancer-ML-Pipeline/venv/lib/python3.9/site-packages/airflow/example_dags/example_trigger_target_dag.py for tasks to queue
[2025-04-21T17:09:58.927-0400] {logging_mixin.py:188} INFO - [2025-04-21T17:09:58.926-0400] {dagbag.py:538} INFO - Filling up the DagBag from /Users/gaurav/Documents/Breast-Cancer-ML-Pipeline/venv/lib/python3.9/site-packages/airflow/example_dags/example_trigger_target_dag.py
[2025-04-21T17:09:58.952-0400] {processor.py:840} INFO - DAG(s) 'example_trigger_target_dag' retrieved from /Users/gaurav/Documents/Breast-Cancer-ML-Pipeline/venv/lib/python3.9/site-packages/airflow/example_dags/example_trigger_target_dag.py
[2025-04-21T17:09:59.017-0400] {logging_mixin.py:188} INFO - [2025-04-21T17:09:59.016-0400] {dag.py:3036} INFO - Sync 1 DAGs
[2025-04-21T17:09:59.023-0400] {logging_mixin.py:188} INFO - [2025-04-21T17:09:59.023-0400] {dag.py:3823} INFO - Setting next_dagrun for example_trigger_target_dag to None, run_after=None
[2025-04-21T17:09:59.035-0400] {processor.py:183} INFO - Processing /Users/gaurav/Documents/Breast-Cancer-ML-Pipeline/venv/lib/python3.9/site-packages/airflow/example_dags/example_trigger_target_dag.py took 0.112 seconds
[2025-04-21T17:11:13.729-0400] {processor.py:161} INFO - Started process (PID=85742) to work on /Users/gaurav/Documents/Breast-Cancer-ML-Pipeline/venv/lib/python3.9/site-packages/airflow/example_dags/example_trigger_target_dag.py
[2025-04-21T17:11:13.731-0400] {processor.py:830} INFO - Processing file /Users/gaurav/Documents/Breast-Cancer-ML-Pipeline/venv/lib/python3.9/site-packages/airflow/example_dags/example_trigger_target_dag.py for tasks to queue
[2025-04-21T17:11:13.732-0400] {logging_mixin.py:188} INFO - [2025-04-21T17:11:13.731-0400] {dagbag.py:538} INFO - Filling up the DagBag from /Users/gaurav/Documents/Breast-Cancer-ML-Pipeline/venv/lib/python3.9/site-packages/airflow/example_dags/example_trigger_target_dag.py
[2025-04-21T17:11:13.758-0400] {processor.py:840} INFO - DAG(s) 'example_trigger_target_dag' retrieved from /Users/gaurav/Documents/Breast-Cancer-ML-Pipeline/venv/lib/python3.9/site-packages/airflow/example_dags/example_trigger_target_dag.py
[2025-04-21T17:11:13.820-0400] {logging_mixin.py:188} INFO - [2025-04-21T17:11:13.819-0400] {dag.py:3036} INFO - Sync 1 DAGs
[2025-04-21T17:11:13.826-0400] {logging_mixin.py:188} INFO - [2025-04-21T17:11:13.826-0400] {dag.py:3823} INFO - Setting next_dagrun for example_trigger_target_dag to None, run_after=None
[2025-04-21T17:11:13.838-0400] {processor.py:183} INFO - Processing /Users/gaurav/Documents/Breast-Cancer-ML-Pipeline/venv/lib/python3.9/site-packages/airflow/example_dags/example_trigger_target_dag.py took 0.110 seconds
[2025-04-21T17:12:27.050-0400] {processor.py:161} INFO - Started process (PID=85833) to work on /Users/gaurav/Documents/Breast-Cancer-ML-Pipeline/venv/lib/python3.9/site-packages/airflow/example_dags/example_trigger_target_dag.py
[2025-04-21T17:12:27.053-0400] {processor.py:830} INFO - Processing file /Users/gaurav/Documents/Breast-Cancer-ML-Pipeline/venv/lib/python3.9/site-packages/airflow/example_dags/example_trigger_target_dag.py for tasks to queue
[2025-04-21T17:12:27.053-0400] {logging_mixin.py:188} INFO - [2025-04-21T17:12:27.053-0400] {dagbag.py:538} INFO - Filling up the DagBag from /Users/gaurav/Documents/Breast-Cancer-ML-Pipeline/venv/lib/python3.9/site-packages/airflow/example_dags/example_trigger_target_dag.py
[2025-04-21T17:12:27.079-0400] {processor.py:840} INFO - DAG(s) 'example_trigger_target_dag' retrieved from /Users/gaurav/Documents/Breast-Cancer-ML-Pipeline/venv/lib/python3.9/site-packages/airflow/example_dags/example_trigger_target_dag.py
[2025-04-21T17:12:27.141-0400] {logging_mixin.py:188} INFO - [2025-04-21T17:12:27.141-0400] {dag.py:3036} INFO - Sync 1 DAGs
[2025-04-21T17:12:27.147-0400] {logging_mixin.py:188} INFO - [2025-04-21T17:12:27.147-0400] {dag.py:3823} INFO - Setting next_dagrun for example_trigger_target_dag to None, run_after=None
[2025-04-21T17:12:27.159-0400] {processor.py:183} INFO - Processing /Users/gaurav/Documents/Breast-Cancer-ML-Pipeline/venv/lib/python3.9/site-packages/airflow/example_dags/example_trigger_target_dag.py took 0.109 seconds
[2025-04-21T17:13:40.826-0400] {processor.py:161} INFO - Started process (PID=85923) to work on /Users/gaurav/Documents/Breast-Cancer-ML-Pipeline/venv/lib/python3.9/site-packages/airflow/example_dags/example_trigger_target_dag.py
[2025-04-21T17:13:40.829-0400] {processor.py:830} INFO - Processing file /Users/gaurav/Documents/Breast-Cancer-ML-Pipeline/venv/lib/python3.9/site-packages/airflow/example_dags/example_trigger_target_dag.py for tasks to queue
[2025-04-21T17:13:40.829-0400] {logging_mixin.py:188} INFO - [2025-04-21T17:13:40.829-0400] {dagbag.py:538} INFO - Filling up the DagBag from /Users/gaurav/Documents/Breast-Cancer-ML-Pipeline/venv/lib/python3.9/site-packages/airflow/example_dags/example_trigger_target_dag.py
[2025-04-21T17:13:40.855-0400] {processor.py:840} INFO - DAG(s) 'example_trigger_target_dag' retrieved from /Users/gaurav/Documents/Breast-Cancer-ML-Pipeline/venv/lib/python3.9/site-packages/airflow/example_dags/example_trigger_target_dag.py
[2025-04-21T17:13:40.918-0400] {logging_mixin.py:188} INFO - [2025-04-21T17:13:40.918-0400] {dag.py:3036} INFO - Sync 1 DAGs
[2025-04-21T17:13:40.925-0400] {logging_mixin.py:188} INFO - [2025-04-21T17:13:40.925-0400] {dag.py:3823} INFO - Setting next_dagrun for example_trigger_target_dag to None, run_after=None
[2025-04-21T17:13:40.937-0400] {processor.py:183} INFO - Processing /Users/gaurav/Documents/Breast-Cancer-ML-Pipeline/venv/lib/python3.9/site-packages/airflow/example_dags/example_trigger_target_dag.py took 0.111 seconds
[2025-04-21T17:14:54.177-0400] {processor.py:161} INFO - Started process (PID=86010) to work on /Users/gaurav/Documents/Breast-Cancer-ML-Pipeline/venv/lib/python3.9/site-packages/airflow/example_dags/example_trigger_target_dag.py
[2025-04-21T17:14:54.179-0400] {processor.py:830} INFO - Processing file /Users/gaurav/Documents/Breast-Cancer-ML-Pipeline/venv/lib/python3.9/site-packages/airflow/example_dags/example_trigger_target_dag.py for tasks to queue
[2025-04-21T17:14:54.180-0400] {logging_mixin.py:188} INFO - [2025-04-21T17:14:54.180-0400] {dagbag.py:538} INFO - Filling up the DagBag from /Users/gaurav/Documents/Breast-Cancer-ML-Pipeline/venv/lib/python3.9/site-packages/airflow/example_dags/example_trigger_target_dag.py
[2025-04-21T17:14:54.206-0400] {processor.py:840} INFO - DAG(s) 'example_trigger_target_dag' retrieved from /Users/gaurav/Documents/Breast-Cancer-ML-Pipeline/venv/lib/python3.9/site-packages/airflow/example_dags/example_trigger_target_dag.py
[2025-04-21T17:14:54.268-0400] {logging_mixin.py:188} INFO - [2025-04-21T17:14:54.268-0400] {dag.py:3036} INFO - Sync 1 DAGs
[2025-04-21T17:14:54.275-0400] {logging_mixin.py:188} INFO - [2025-04-21T17:14:54.274-0400] {dag.py:3823} INFO - Setting next_dagrun for example_trigger_target_dag to None, run_after=None
[2025-04-21T17:14:54.287-0400] {processor.py:183} INFO - Processing /Users/gaurav/Documents/Breast-Cancer-ML-Pipeline/venv/lib/python3.9/site-packages/airflow/example_dags/example_trigger_target_dag.py took 0.111 seconds
[2025-04-21T17:16:07.526-0400] {processor.py:161} INFO - Started process (PID=86098) to work on /Users/gaurav/Documents/Breast-Cancer-ML-Pipeline/venv/lib/python3.9/site-packages/airflow/example_dags/example_trigger_target_dag.py
[2025-04-21T17:16:07.529-0400] {processor.py:830} INFO - Processing file /Users/gaurav/Documents/Breast-Cancer-ML-Pipeline/venv/lib/python3.9/site-packages/airflow/example_dags/example_trigger_target_dag.py for tasks to queue
[2025-04-21T17:16:07.529-0400] {logging_mixin.py:188} INFO - [2025-04-21T17:16:07.529-0400] {dagbag.py:538} INFO - Filling up the DagBag from /Users/gaurav/Documents/Breast-Cancer-ML-Pipeline/venv/lib/python3.9/site-packages/airflow/example_dags/example_trigger_target_dag.py
[2025-04-21T17:16:07.554-0400] {processor.py:840} INFO - DAG(s) 'example_trigger_target_dag' retrieved from /Users/gaurav/Documents/Breast-Cancer-ML-Pipeline/venv/lib/python3.9/site-packages/airflow/example_dags/example_trigger_target_dag.py
[2025-04-21T17:16:07.616-0400] {logging_mixin.py:188} INFO - [2025-04-21T17:16:07.616-0400] {dag.py:3036} INFO - Sync 1 DAGs
[2025-04-21T17:16:07.622-0400] {logging_mixin.py:188} INFO - [2025-04-21T17:16:07.622-0400] {dag.py:3823} INFO - Setting next_dagrun for example_trigger_target_dag to None, run_after=None
[2025-04-21T17:16:07.634-0400] {processor.py:183} INFO - Processing /Users/gaurav/Documents/Breast-Cancer-ML-Pipeline/venv/lib/python3.9/site-packages/airflow/example_dags/example_trigger_target_dag.py took 0.109 seconds
[2025-04-21T17:17:21.406-0400] {processor.py:161} INFO - Started process (PID=86194) to work on /Users/gaurav/Documents/Breast-Cancer-ML-Pipeline/venv/lib/python3.9/site-packages/airflow/example_dags/example_trigger_target_dag.py
[2025-04-21T17:17:21.408-0400] {processor.py:830} INFO - Processing file /Users/gaurav/Documents/Breast-Cancer-ML-Pipeline/venv/lib/python3.9/site-packages/airflow/example_dags/example_trigger_target_dag.py for tasks to queue
[2025-04-21T17:17:21.409-0400] {logging_mixin.py:188} INFO - [2025-04-21T17:17:21.408-0400] {dagbag.py:538} INFO - Filling up the DagBag from /Users/gaurav/Documents/Breast-Cancer-ML-Pipeline/venv/lib/python3.9/site-packages/airflow/example_dags/example_trigger_target_dag.py
[2025-04-21T17:17:21.436-0400] {processor.py:840} INFO - DAG(s) 'example_trigger_target_dag' retrieved from /Users/gaurav/Documents/Breast-Cancer-ML-Pipeline/venv/lib/python3.9/site-packages/airflow/example_dags/example_trigger_target_dag.py
[2025-04-21T17:17:21.499-0400] {logging_mixin.py:188} INFO - [2025-04-21T17:17:21.499-0400] {dag.py:3036} INFO - Sync 1 DAGs
[2025-04-21T17:17:21.505-0400] {logging_mixin.py:188} INFO - [2025-04-21T17:17:21.505-0400] {dag.py:3823} INFO - Setting next_dagrun for example_trigger_target_dag to None, run_after=None
[2025-04-21T17:17:21.517-0400] {processor.py:183} INFO - Processing /Users/gaurav/Documents/Breast-Cancer-ML-Pipeline/venv/lib/python3.9/site-packages/airflow/example_dags/example_trigger_target_dag.py took 0.112 seconds
[2025-04-21T17:18:36.870-0400] {processor.py:161} INFO - Started process (PID=86288) to work on /Users/gaurav/Documents/Breast-Cancer-ML-Pipeline/venv/lib/python3.9/site-packages/airflow/example_dags/example_trigger_target_dag.py
[2025-04-21T17:18:36.872-0400] {processor.py:830} INFO - Processing file /Users/gaurav/Documents/Breast-Cancer-ML-Pipeline/venv/lib/python3.9/site-packages/airflow/example_dags/example_trigger_target_dag.py for tasks to queue
[2025-04-21T17:18:36.873-0400] {logging_mixin.py:188} INFO - [2025-04-21T17:18:36.873-0400] {dagbag.py:538} INFO - Filling up the DagBag from /Users/gaurav/Documents/Breast-Cancer-ML-Pipeline/venv/lib/python3.9/site-packages/airflow/example_dags/example_trigger_target_dag.py
[2025-04-21T17:18:36.900-0400] {processor.py:840} INFO - DAG(s) 'example_trigger_target_dag' retrieved from /Users/gaurav/Documents/Breast-Cancer-ML-Pipeline/venv/lib/python3.9/site-packages/airflow/example_dags/example_trigger_target_dag.py
[2025-04-21T17:18:36.973-0400] {logging_mixin.py:188} INFO - [2025-04-21T17:18:36.973-0400] {dag.py:3036} INFO - Sync 1 DAGs
[2025-04-21T17:18:36.979-0400] {logging_mixin.py:188} INFO - [2025-04-21T17:18:36.979-0400] {dag.py:3823} INFO - Setting next_dagrun for example_trigger_target_dag to None, run_after=None
[2025-04-21T17:18:36.993-0400] {processor.py:183} INFO - Processing /Users/gaurav/Documents/Breast-Cancer-ML-Pipeline/venv/lib/python3.9/site-packages/airflow/example_dags/example_trigger_target_dag.py took 0.124 seconds
[2025-04-21T17:19:52.177-0400] {processor.py:161} INFO - Started process (PID=86392) to work on /Users/gaurav/Documents/Breast-Cancer-ML-Pipeline/venv/lib/python3.9/site-packages/airflow/example_dags/example_trigger_target_dag.py
[2025-04-21T17:19:52.179-0400] {processor.py:830} INFO - Processing file /Users/gaurav/Documents/Breast-Cancer-ML-Pipeline/venv/lib/python3.9/site-packages/airflow/example_dags/example_trigger_target_dag.py for tasks to queue
[2025-04-21T17:19:52.179-0400] {logging_mixin.py:188} INFO - [2025-04-21T17:19:52.179-0400] {dagbag.py:538} INFO - Filling up the DagBag from /Users/gaurav/Documents/Breast-Cancer-ML-Pipeline/venv/lib/python3.9/site-packages/airflow/example_dags/example_trigger_target_dag.py
[2025-04-21T17:19:52.205-0400] {processor.py:840} INFO - DAG(s) 'example_trigger_target_dag' retrieved from /Users/gaurav/Documents/Breast-Cancer-ML-Pipeline/venv/lib/python3.9/site-packages/airflow/example_dags/example_trigger_target_dag.py
[2025-04-21T17:19:52.267-0400] {logging_mixin.py:188} INFO - [2025-04-21T17:19:52.267-0400] {dag.py:3036} INFO - Sync 1 DAGs
[2025-04-21T17:19:52.273-0400] {logging_mixin.py:188} INFO - [2025-04-21T17:19:52.273-0400] {dag.py:3823} INFO - Setting next_dagrun for example_trigger_target_dag to None, run_after=None
[2025-04-21T17:19:52.285-0400] {processor.py:183} INFO - Processing /Users/gaurav/Documents/Breast-Cancer-ML-Pipeline/venv/lib/python3.9/site-packages/airflow/example_dags/example_trigger_target_dag.py took 0.109 seconds
[2025-04-21T17:21:34.216-0400] {processor.py:161} INFO - Started process (PID=86493) to work on /Users/gaurav/Documents/Breast-Cancer-ML-Pipeline/venv/lib/python3.9/site-packages/airflow/example_dags/example_trigger_target_dag.py
[2025-04-21T17:21:34.218-0400] {processor.py:830} INFO - Processing file /Users/gaurav/Documents/Breast-Cancer-ML-Pipeline/venv/lib/python3.9/site-packages/airflow/example_dags/example_trigger_target_dag.py for tasks to queue
[2025-04-21T17:21:34.219-0400] {logging_mixin.py:188} INFO - [2025-04-21T17:21:34.219-0400] {dagbag.py:538} INFO - Filling up the DagBag from /Users/gaurav/Documents/Breast-Cancer-ML-Pipeline/venv/lib/python3.9/site-packages/airflow/example_dags/example_trigger_target_dag.py
[2025-04-21T17:21:34.258-0400] {processor.py:840} INFO - DAG(s) 'example_trigger_target_dag' retrieved from /Users/gaurav/Documents/Breast-Cancer-ML-Pipeline/venv/lib/python3.9/site-packages/airflow/example_dags/example_trigger_target_dag.py
[2025-04-21T17:21:34.401-0400] {logging_mixin.py:188} INFO - [2025-04-21T17:21:34.401-0400] {dag.py:3036} INFO - Sync 1 DAGs
[2025-04-21T17:21:34.408-0400] {logging_mixin.py:188} INFO - [2025-04-21T17:21:34.408-0400] {dag.py:3823} INFO - Setting next_dagrun for example_trigger_target_dag to None, run_after=None
[2025-04-21T17:21:34.426-0400] {processor.py:183} INFO - Processing /Users/gaurav/Documents/Breast-Cancer-ML-Pipeline/venv/lib/python3.9/site-packages/airflow/example_dags/example_trigger_target_dag.py took 0.211 seconds
[2025-04-21T17:23:07.626-0400] {processor.py:161} INFO - Started process (PID=86585) to work on /Users/gaurav/Documents/Breast-Cancer-ML-Pipeline/venv/lib/python3.9/site-packages/airflow/example_dags/example_trigger_target_dag.py
[2025-04-21T17:23:07.628-0400] {processor.py:830} INFO - Processing file /Users/gaurav/Documents/Breast-Cancer-ML-Pipeline/venv/lib/python3.9/site-packages/airflow/example_dags/example_trigger_target_dag.py for tasks to queue
[2025-04-21T17:23:07.628-0400] {logging_mixin.py:188} INFO - [2025-04-21T17:23:07.628-0400] {dagbag.py:538} INFO - Filling up the DagBag from /Users/gaurav/Documents/Breast-Cancer-ML-Pipeline/venv/lib/python3.9/site-packages/airflow/example_dags/example_trigger_target_dag.py
[2025-04-21T17:23:07.657-0400] {processor.py:840} INFO - DAG(s) 'example_trigger_target_dag' retrieved from /Users/gaurav/Documents/Breast-Cancer-ML-Pipeline/venv/lib/python3.9/site-packages/airflow/example_dags/example_trigger_target_dag.py
[2025-04-21T17:23:07.727-0400] {logging_mixin.py:188} INFO - [2025-04-21T17:23:07.727-0400] {dag.py:3036} INFO - Sync 1 DAGs
[2025-04-21T17:23:07.734-0400] {logging_mixin.py:188} INFO - [2025-04-21T17:23:07.733-0400] {dag.py:3823} INFO - Setting next_dagrun for example_trigger_target_dag to None, run_after=None
[2025-04-21T17:23:07.747-0400] {processor.py:183} INFO - Processing /Users/gaurav/Documents/Breast-Cancer-ML-Pipeline/venv/lib/python3.9/site-packages/airflow/example_dags/example_trigger_target_dag.py took 0.122 seconds
[2025-04-21T17:24:25.311-0400] {processor.py:161} INFO - Started process (PID=86682) to work on /Users/gaurav/Documents/Breast-Cancer-ML-Pipeline/venv/lib/python3.9/site-packages/airflow/example_dags/example_trigger_target_dag.py
[2025-04-21T17:24:25.313-0400] {processor.py:830} INFO - Processing file /Users/gaurav/Documents/Breast-Cancer-ML-Pipeline/venv/lib/python3.9/site-packages/airflow/example_dags/example_trigger_target_dag.py for tasks to queue
[2025-04-21T17:24:25.314-0400] {logging_mixin.py:188} INFO - [2025-04-21T17:24:25.314-0400] {dagbag.py:538} INFO - Filling up the DagBag from /Users/gaurav/Documents/Breast-Cancer-ML-Pipeline/venv/lib/python3.9/site-packages/airflow/example_dags/example_trigger_target_dag.py
[2025-04-21T17:24:25.339-0400] {processor.py:840} INFO - DAG(s) 'example_trigger_target_dag' retrieved from /Users/gaurav/Documents/Breast-Cancer-ML-Pipeline/venv/lib/python3.9/site-packages/airflow/example_dags/example_trigger_target_dag.py
[2025-04-21T17:24:25.402-0400] {logging_mixin.py:188} INFO - [2025-04-21T17:24:25.402-0400] {dag.py:3036} INFO - Sync 1 DAGs
[2025-04-21T17:24:25.408-0400] {logging_mixin.py:188} INFO - [2025-04-21T17:24:25.408-0400] {dag.py:3823} INFO - Setting next_dagrun for example_trigger_target_dag to None, run_after=None
[2025-04-21T17:24:25.420-0400] {processor.py:183} INFO - Processing /Users/gaurav/Documents/Breast-Cancer-ML-Pipeline/venv/lib/python3.9/site-packages/airflow/example_dags/example_trigger_target_dag.py took 0.110 seconds
[2025-04-21T17:25:42.521-0400] {processor.py:161} INFO - Started process (PID=86780) to work on /Users/gaurav/Documents/Breast-Cancer-ML-Pipeline/venv/lib/python3.9/site-packages/airflow/example_dags/example_trigger_target_dag.py
[2025-04-21T17:25:42.522-0400] {processor.py:830} INFO - Processing file /Users/gaurav/Documents/Breast-Cancer-ML-Pipeline/venv/lib/python3.9/site-packages/airflow/example_dags/example_trigger_target_dag.py for tasks to queue
[2025-04-21T17:25:42.523-0400] {logging_mixin.py:188} INFO - [2025-04-21T17:25:42.523-0400] {dagbag.py:538} INFO - Filling up the DagBag from /Users/gaurav/Documents/Breast-Cancer-ML-Pipeline/venv/lib/python3.9/site-packages/airflow/example_dags/example_trigger_target_dag.py
[2025-04-21T17:25:42.550-0400] {processor.py:840} INFO - DAG(s) 'example_trigger_target_dag' retrieved from /Users/gaurav/Documents/Breast-Cancer-ML-Pipeline/venv/lib/python3.9/site-packages/airflow/example_dags/example_trigger_target_dag.py
[2025-04-21T17:25:42.624-0400] {logging_mixin.py:188} INFO - [2025-04-21T17:25:42.623-0400] {dag.py:3036} INFO - Sync 1 DAGs
[2025-04-21T17:25:42.636-0400] {logging_mixin.py:188} INFO - [2025-04-21T17:25:42.635-0400] {dag.py:3823} INFO - Setting next_dagrun for example_trigger_target_dag to None, run_after=None
[2025-04-21T17:25:42.670-0400] {processor.py:183} INFO - Processing /Users/gaurav/Documents/Breast-Cancer-ML-Pipeline/venv/lib/python3.9/site-packages/airflow/example_dags/example_trigger_target_dag.py took 0.150 seconds
[2025-04-21T17:26:56.643-0400] {processor.py:161} INFO - Started process (PID=86879) to work on /Users/gaurav/Documents/Breast-Cancer-ML-Pipeline/venv/lib/python3.9/site-packages/airflow/example_dags/example_trigger_target_dag.py
[2025-04-21T17:26:56.644-0400] {processor.py:830} INFO - Processing file /Users/gaurav/Documents/Breast-Cancer-ML-Pipeline/venv/lib/python3.9/site-packages/airflow/example_dags/example_trigger_target_dag.py for tasks to queue
[2025-04-21T17:26:56.645-0400] {logging_mixin.py:188} INFO - [2025-04-21T17:26:56.645-0400] {dagbag.py:538} INFO - Filling up the DagBag from /Users/gaurav/Documents/Breast-Cancer-ML-Pipeline/venv/lib/python3.9/site-packages/airflow/example_dags/example_trigger_target_dag.py
[2025-04-21T17:26:56.673-0400] {processor.py:840} INFO - DAG(s) 'example_trigger_target_dag' retrieved from /Users/gaurav/Documents/Breast-Cancer-ML-Pipeline/venv/lib/python3.9/site-packages/airflow/example_dags/example_trigger_target_dag.py
[2025-04-21T17:26:56.736-0400] {logging_mixin.py:188} INFO - [2025-04-21T17:26:56.736-0400] {dag.py:3036} INFO - Sync 1 DAGs
[2025-04-21T17:26:56.742-0400] {logging_mixin.py:188} INFO - [2025-04-21T17:26:56.742-0400] {dag.py:3823} INFO - Setting next_dagrun for example_trigger_target_dag to None, run_after=None
[2025-04-21T17:26:56.757-0400] {processor.py:183} INFO - Processing /Users/gaurav/Documents/Breast-Cancer-ML-Pipeline/venv/lib/python3.9/site-packages/airflow/example_dags/example_trigger_target_dag.py took 0.114 seconds
[2025-04-21T17:29:16.644-0400] {processor.py:161} INFO - Started process (PID=87102) to work on /Users/gaurav/Documents/Breast-Cancer-ML-Pipeline/venv/lib/python3.9/site-packages/airflow/example_dags/example_trigger_target_dag.py
[2025-04-21T17:29:16.646-0400] {processor.py:830} INFO - Processing file /Users/gaurav/Documents/Breast-Cancer-ML-Pipeline/venv/lib/python3.9/site-packages/airflow/example_dags/example_trigger_target_dag.py for tasks to queue
[2025-04-21T17:29:16.647-0400] {logging_mixin.py:188} INFO - [2025-04-21T17:29:16.646-0400] {dagbag.py:538} INFO - Filling up the DagBag from /Users/gaurav/Documents/Breast-Cancer-ML-Pipeline/venv/lib/python3.9/site-packages/airflow/example_dags/example_trigger_target_dag.py
[2025-04-21T17:29:16.673-0400] {processor.py:840} INFO - DAG(s) 'example_trigger_target_dag' retrieved from /Users/gaurav/Documents/Breast-Cancer-ML-Pipeline/venv/lib/python3.9/site-packages/airflow/example_dags/example_trigger_target_dag.py
[2025-04-21T17:29:16.735-0400] {logging_mixin.py:188} INFO - [2025-04-21T17:29:16.735-0400] {dag.py:3036} INFO - Sync 1 DAGs
[2025-04-21T17:29:16.741-0400] {logging_mixin.py:188} INFO - [2025-04-21T17:29:16.741-0400] {dag.py:3823} INFO - Setting next_dagrun for example_trigger_target_dag to None, run_after=None
[2025-04-21T17:29:16.753-0400] {processor.py:183} INFO - Processing /Users/gaurav/Documents/Breast-Cancer-ML-Pipeline/venv/lib/python3.9/site-packages/airflow/example_dags/example_trigger_target_dag.py took 0.110 seconds
[2025-04-21T17:30:07.088-0400] {processor.py:161} INFO - Started process (PID=87157) to work on /Users/gaurav/Documents/Breast-Cancer-ML-Pipeline/venv/lib/python3.9/site-packages/airflow/example_dags/example_trigger_target_dag.py
[2025-04-21T17:30:07.089-0400] {processor.py:830} INFO - Processing file /Users/gaurav/Documents/Breast-Cancer-ML-Pipeline/venv/lib/python3.9/site-packages/airflow/example_dags/example_trigger_target_dag.py for tasks to queue
[2025-04-21T17:30:07.090-0400] {logging_mixin.py:188} INFO - [2025-04-21T17:30:07.090-0400] {dagbag.py:538} INFO - Filling up the DagBag from /Users/gaurav/Documents/Breast-Cancer-ML-Pipeline/venv/lib/python3.9/site-packages/airflow/example_dags/example_trigger_target_dag.py
[2025-04-21T17:30:07.117-0400] {processor.py:840} INFO - DAG(s) 'example_trigger_target_dag' retrieved from /Users/gaurav/Documents/Breast-Cancer-ML-Pipeline/venv/lib/python3.9/site-packages/airflow/example_dags/example_trigger_target_dag.py
[2025-04-21T17:30:07.185-0400] {logging_mixin.py:188} INFO - [2025-04-21T17:30:07.184-0400] {dag.py:3036} INFO - Sync 1 DAGs
[2025-04-21T17:30:07.192-0400] {logging_mixin.py:188} INFO - [2025-04-21T17:30:07.191-0400] {dag.py:3823} INFO - Setting next_dagrun for example_trigger_target_dag to None, run_after=None
[2025-04-21T17:30:07.205-0400] {processor.py:183} INFO - Processing /Users/gaurav/Documents/Breast-Cancer-ML-Pipeline/venv/lib/python3.9/site-packages/airflow/example_dags/example_trigger_target_dag.py took 0.118 seconds
[2025-04-21T17:31:23.520-0400] {processor.py:161} INFO - Started process (PID=87244) to work on /Users/gaurav/Documents/Breast-Cancer-ML-Pipeline/venv/lib/python3.9/site-packages/airflow/example_dags/example_trigger_target_dag.py
[2025-04-21T17:31:23.522-0400] {processor.py:830} INFO - Processing file /Users/gaurav/Documents/Breast-Cancer-ML-Pipeline/venv/lib/python3.9/site-packages/airflow/example_dags/example_trigger_target_dag.py for tasks to queue
[2025-04-21T17:31:23.523-0400] {logging_mixin.py:188} INFO - [2025-04-21T17:31:23.522-0400] {dagbag.py:538} INFO - Filling up the DagBag from /Users/gaurav/Documents/Breast-Cancer-ML-Pipeline/venv/lib/python3.9/site-packages/airflow/example_dags/example_trigger_target_dag.py
[2025-04-21T17:31:23.548-0400] {processor.py:840} INFO - DAG(s) 'example_trigger_target_dag' retrieved from /Users/gaurav/Documents/Breast-Cancer-ML-Pipeline/venv/lib/python3.9/site-packages/airflow/example_dags/example_trigger_target_dag.py
[2025-04-21T17:31:23.610-0400] {logging_mixin.py:188} INFO - [2025-04-21T17:31:23.610-0400] {dag.py:3036} INFO - Sync 1 DAGs
[2025-04-21T17:31:23.616-0400] {logging_mixin.py:188} INFO - [2025-04-21T17:31:23.616-0400] {dag.py:3823} INFO - Setting next_dagrun for example_trigger_target_dag to None, run_after=None
[2025-04-21T17:31:23.628-0400] {processor.py:183} INFO - Processing /Users/gaurav/Documents/Breast-Cancer-ML-Pipeline/venv/lib/python3.9/site-packages/airflow/example_dags/example_trigger_target_dag.py took 0.109 seconds
[2025-04-21T17:35:49.030-0400] {processor.py:161} INFO - Started process (PID=87464) to work on /Users/gaurav/Documents/Breast-Cancer-ML-Pipeline/venv/lib/python3.9/site-packages/airflow/example_dags/example_trigger_target_dag.py
[2025-04-21T17:35:49.032-0400] {processor.py:830} INFO - Processing file /Users/gaurav/Documents/Breast-Cancer-ML-Pipeline/venv/lib/python3.9/site-packages/airflow/example_dags/example_trigger_target_dag.py for tasks to queue
[2025-04-21T17:35:49.032-0400] {logging_mixin.py:188} INFO - [2025-04-21T17:35:49.032-0400] {dagbag.py:538} INFO - Filling up the DagBag from /Users/gaurav/Documents/Breast-Cancer-ML-Pipeline/venv/lib/python3.9/site-packages/airflow/example_dags/example_trigger_target_dag.py
[2025-04-21T17:35:49.063-0400] {processor.py:840} INFO - DAG(s) 'example_trigger_target_dag' retrieved from /Users/gaurav/Documents/Breast-Cancer-ML-Pipeline/venv/lib/python3.9/site-packages/airflow/example_dags/example_trigger_target_dag.py
[2025-04-21T17:35:49.188-0400] {logging_mixin.py:188} INFO - [2025-04-21T17:35:49.188-0400] {dag.py:3036} INFO - Sync 1 DAGs
[2025-04-21T17:35:49.194-0400] {logging_mixin.py:188} INFO - [2025-04-21T17:35:49.194-0400] {dag.py:3823} INFO - Setting next_dagrun for example_trigger_target_dag to None, run_after=None
[2025-04-21T17:35:49.209-0400] {processor.py:183} INFO - Processing /Users/gaurav/Documents/Breast-Cancer-ML-Pipeline/venv/lib/python3.9/site-packages/airflow/example_dags/example_trigger_target_dag.py took 0.180 seconds
[2025-04-21T17:38:33.798-0400] {processor.py:161} INFO - Started process (PID=87855) to work on /Users/gaurav/Documents/Breast-Cancer-ML-Pipeline/venv/lib/python3.9/site-packages/airflow/example_dags/example_trigger_target_dag.py
[2025-04-21T17:38:33.800-0400] {processor.py:830} INFO - Processing file /Users/gaurav/Documents/Breast-Cancer-ML-Pipeline/venv/lib/python3.9/site-packages/airflow/example_dags/example_trigger_target_dag.py for tasks to queue
[2025-04-21T17:38:33.801-0400] {logging_mixin.py:188} INFO - [2025-04-21T17:38:33.801-0400] {dagbag.py:538} INFO - Filling up the DagBag from /Users/gaurav/Documents/Breast-Cancer-ML-Pipeline/venv/lib/python3.9/site-packages/airflow/example_dags/example_trigger_target_dag.py
[2025-04-21T17:38:33.825-0400] {processor.py:840} INFO - DAG(s) 'example_trigger_target_dag' retrieved from /Users/gaurav/Documents/Breast-Cancer-ML-Pipeline/venv/lib/python3.9/site-packages/airflow/example_dags/example_trigger_target_dag.py
[2025-04-21T17:38:33.887-0400] {logging_mixin.py:188} INFO - [2025-04-21T17:38:33.886-0400] {dag.py:3036} INFO - Sync 1 DAGs
[2025-04-21T17:38:33.892-0400] {logging_mixin.py:188} INFO - [2025-04-21T17:38:33.892-0400] {dag.py:3823} INFO - Setting next_dagrun for example_trigger_target_dag to None, run_after=None
[2025-04-21T17:38:33.905-0400] {processor.py:183} INFO - Processing /Users/gaurav/Documents/Breast-Cancer-ML-Pipeline/venv/lib/python3.9/site-packages/airflow/example_dags/example_trigger_target_dag.py took 0.107 seconds
[2025-04-21T17:39:47.345-0400] {processor.py:161} INFO - Started process (PID=87926) to work on /Users/gaurav/Documents/Breast-Cancer-ML-Pipeline/venv/lib/python3.9/site-packages/airflow/example_dags/example_trigger_target_dag.py
[2025-04-21T17:39:47.347-0400] {processor.py:830} INFO - Processing file /Users/gaurav/Documents/Breast-Cancer-ML-Pipeline/venv/lib/python3.9/site-packages/airflow/example_dags/example_trigger_target_dag.py for tasks to queue
[2025-04-21T17:39:47.348-0400] {logging_mixin.py:188} INFO - [2025-04-21T17:39:47.348-0400] {dagbag.py:538} INFO - Filling up the DagBag from /Users/gaurav/Documents/Breast-Cancer-ML-Pipeline/venv/lib/python3.9/site-packages/airflow/example_dags/example_trigger_target_dag.py
[2025-04-21T17:39:47.373-0400] {processor.py:840} INFO - DAG(s) 'example_trigger_target_dag' retrieved from /Users/gaurav/Documents/Breast-Cancer-ML-Pipeline/venv/lib/python3.9/site-packages/airflow/example_dags/example_trigger_target_dag.py
[2025-04-21T17:39:47.436-0400] {logging_mixin.py:188} INFO - [2025-04-21T17:39:47.436-0400] {dag.py:3036} INFO - Sync 1 DAGs
[2025-04-21T17:39:47.443-0400] {logging_mixin.py:188} INFO - [2025-04-21T17:39:47.442-0400] {dag.py:3823} INFO - Setting next_dagrun for example_trigger_target_dag to None, run_after=None
[2025-04-21T17:39:47.454-0400] {processor.py:183} INFO - Processing /Users/gaurav/Documents/Breast-Cancer-ML-Pipeline/venv/lib/python3.9/site-packages/airflow/example_dags/example_trigger_target_dag.py took 0.110 seconds
[2025-04-21T17:41:06.077-0400] {processor.py:161} INFO - Started process (PID=88060) to work on /Users/gaurav/Documents/Breast-Cancer-ML-Pipeline/venv/lib/python3.9/site-packages/airflow/example_dags/example_trigger_target_dag.py
[2025-04-21T17:41:06.078-0400] {processor.py:830} INFO - Processing file /Users/gaurav/Documents/Breast-Cancer-ML-Pipeline/venv/lib/python3.9/site-packages/airflow/example_dags/example_trigger_target_dag.py for tasks to queue
[2025-04-21T17:41:06.079-0400] {logging_mixin.py:188} INFO - [2025-04-21T17:41:06.079-0400] {dagbag.py:538} INFO - Filling up the DagBag from /Users/gaurav/Documents/Breast-Cancer-ML-Pipeline/venv/lib/python3.9/site-packages/airflow/example_dags/example_trigger_target_dag.py
[2025-04-21T17:41:06.105-0400] {processor.py:840} INFO - DAG(s) 'example_trigger_target_dag' retrieved from /Users/gaurav/Documents/Breast-Cancer-ML-Pipeline/venv/lib/python3.9/site-packages/airflow/example_dags/example_trigger_target_dag.py
[2025-04-21T17:41:06.168-0400] {logging_mixin.py:188} INFO - [2025-04-21T17:41:06.168-0400] {dag.py:3036} INFO - Sync 1 DAGs
[2025-04-21T17:41:06.175-0400] {logging_mixin.py:188} INFO - [2025-04-21T17:41:06.175-0400] {dag.py:3823} INFO - Setting next_dagrun for example_trigger_target_dag to None, run_after=None
[2025-04-21T17:41:06.187-0400] {processor.py:183} INFO - Processing /Users/gaurav/Documents/Breast-Cancer-ML-Pipeline/venv/lib/python3.9/site-packages/airflow/example_dags/example_trigger_target_dag.py took 0.111 seconds
[2025-04-21T17:42:04.316-0400] {processor.py:161} INFO - Started process (PID=88142) to work on /Users/gaurav/Documents/Breast-Cancer-ML-Pipeline/venv/lib/python3.9/site-packages/airflow/example_dags/example_trigger_target_dag.py
[2025-04-21T17:42:04.318-0400] {processor.py:830} INFO - Processing file /Users/gaurav/Documents/Breast-Cancer-ML-Pipeline/venv/lib/python3.9/site-packages/airflow/example_dags/example_trigger_target_dag.py for tasks to queue
[2025-04-21T17:42:04.318-0400] {logging_mixin.py:188} INFO - [2025-04-21T17:42:04.318-0400] {dagbag.py:538} INFO - Filling up the DagBag from /Users/gaurav/Documents/Breast-Cancer-ML-Pipeline/venv/lib/python3.9/site-packages/airflow/example_dags/example_trigger_target_dag.py
[2025-04-21T17:42:04.343-0400] {processor.py:840} INFO - DAG(s) 'example_trigger_target_dag' retrieved from /Users/gaurav/Documents/Breast-Cancer-ML-Pipeline/venv/lib/python3.9/site-packages/airflow/example_dags/example_trigger_target_dag.py
[2025-04-21T17:42:04.405-0400] {logging_mixin.py:188} INFO - [2025-04-21T17:42:04.405-0400] {dag.py:3036} INFO - Sync 1 DAGs
[2025-04-21T17:42:04.411-0400] {logging_mixin.py:188} INFO - [2025-04-21T17:42:04.411-0400] {dag.py:3823} INFO - Setting next_dagrun for example_trigger_target_dag to None, run_after=None
[2025-04-21T17:42:04.423-0400] {processor.py:183} INFO - Processing /Users/gaurav/Documents/Breast-Cancer-ML-Pipeline/venv/lib/python3.9/site-packages/airflow/example_dags/example_trigger_target_dag.py took 0.108 seconds
[2025-04-21T17:43:15.560-0400] {processor.py:161} INFO - Started process (PID=88221) to work on /Users/gaurav/Documents/Breast-Cancer-ML-Pipeline/venv/lib/python3.9/site-packages/airflow/example_dags/example_trigger_target_dag.py
[2025-04-21T17:43:15.562-0400] {processor.py:830} INFO - Processing file /Users/gaurav/Documents/Breast-Cancer-ML-Pipeline/venv/lib/python3.9/site-packages/airflow/example_dags/example_trigger_target_dag.py for tasks to queue
[2025-04-21T17:43:15.562-0400] {logging_mixin.py:188} INFO - [2025-04-21T17:43:15.562-0400] {dagbag.py:538} INFO - Filling up the DagBag from /Users/gaurav/Documents/Breast-Cancer-ML-Pipeline/venv/lib/python3.9/site-packages/airflow/example_dags/example_trigger_target_dag.py
[2025-04-21T17:43:15.587-0400] {processor.py:840} INFO - DAG(s) 'example_trigger_target_dag' retrieved from /Users/gaurav/Documents/Breast-Cancer-ML-Pipeline/venv/lib/python3.9/site-packages/airflow/example_dags/example_trigger_target_dag.py
[2025-04-21T17:43:15.649-0400] {logging_mixin.py:188} INFO - [2025-04-21T17:43:15.649-0400] {dag.py:3036} INFO - Sync 1 DAGs
[2025-04-21T17:43:15.655-0400] {logging_mixin.py:188} INFO - [2025-04-21T17:43:15.655-0400] {dag.py:3823} INFO - Setting next_dagrun for example_trigger_target_dag to None, run_after=None
[2025-04-21T17:43:15.667-0400] {processor.py:183} INFO - Processing /Users/gaurav/Documents/Breast-Cancer-ML-Pipeline/venv/lib/python3.9/site-packages/airflow/example_dags/example_trigger_target_dag.py took 0.108 seconds
[2025-04-21T17:44:27.345-0400] {processor.py:161} INFO - Started process (PID=88309) to work on /Users/gaurav/Documents/Breast-Cancer-ML-Pipeline/venv/lib/python3.9/site-packages/airflow/example_dags/example_trigger_target_dag.py
[2025-04-21T17:44:27.347-0400] {processor.py:830} INFO - Processing file /Users/gaurav/Documents/Breast-Cancer-ML-Pipeline/venv/lib/python3.9/site-packages/airflow/example_dags/example_trigger_target_dag.py for tasks to queue
[2025-04-21T17:44:27.348-0400] {logging_mixin.py:188} INFO - [2025-04-21T17:44:27.347-0400] {dagbag.py:538} INFO - Filling up the DagBag from /Users/gaurav/Documents/Breast-Cancer-ML-Pipeline/venv/lib/python3.9/site-packages/airflow/example_dags/example_trigger_target_dag.py
[2025-04-21T17:44:27.373-0400] {processor.py:840} INFO - DAG(s) 'example_trigger_target_dag' retrieved from /Users/gaurav/Documents/Breast-Cancer-ML-Pipeline/venv/lib/python3.9/site-packages/airflow/example_dags/example_trigger_target_dag.py
[2025-04-21T17:44:27.435-0400] {logging_mixin.py:188} INFO - [2025-04-21T17:44:27.435-0400] {dag.py:3036} INFO - Sync 1 DAGs
[2025-04-21T17:44:27.441-0400] {logging_mixin.py:188} INFO - [2025-04-21T17:44:27.441-0400] {dag.py:3823} INFO - Setting next_dagrun for example_trigger_target_dag to None, run_after=None
[2025-04-21T17:44:27.453-0400] {processor.py:183} INFO - Processing /Users/gaurav/Documents/Breast-Cancer-ML-Pipeline/venv/lib/python3.9/site-packages/airflow/example_dags/example_trigger_target_dag.py took 0.109 seconds
[2025-04-21T17:45:25.976-0400] {processor.py:161} INFO - Started process (PID=88396) to work on /Users/gaurav/Documents/Breast-Cancer-ML-Pipeline/venv/lib/python3.9/site-packages/airflow/example_dags/example_trigger_target_dag.py
[2025-04-21T17:45:25.978-0400] {processor.py:830} INFO - Processing file /Users/gaurav/Documents/Breast-Cancer-ML-Pipeline/venv/lib/python3.9/site-packages/airflow/example_dags/example_trigger_target_dag.py for tasks to queue
[2025-04-21T17:45:25.978-0400] {logging_mixin.py:188} INFO - [2025-04-21T17:45:25.978-0400] {dagbag.py:538} INFO - Filling up the DagBag from /Users/gaurav/Documents/Breast-Cancer-ML-Pipeline/venv/lib/python3.9/site-packages/airflow/example_dags/example_trigger_target_dag.py
[2025-04-21T17:45:26.000-0400] {processor.py:840} INFO - DAG(s) 'example_trigger_target_dag' retrieved from /Users/gaurav/Documents/Breast-Cancer-ML-Pipeline/venv/lib/python3.9/site-packages/airflow/example_dags/example_trigger_target_dag.py
[2025-04-21T17:45:26.051-0400] {logging_mixin.py:188} INFO - [2025-04-21T17:45:26.051-0400] {dag.py:3036} INFO - Sync 1 DAGs
[2025-04-21T17:45:26.056-0400] {logging_mixin.py:188} INFO - [2025-04-21T17:45:26.056-0400] {dag.py:3823} INFO - Setting next_dagrun for example_trigger_target_dag to None, run_after=None
[2025-04-21T17:45:26.065-0400] {processor.py:183} INFO - Processing /Users/gaurav/Documents/Breast-Cancer-ML-Pipeline/venv/lib/python3.9/site-packages/airflow/example_dags/example_trigger_target_dag.py took 0.090 seconds
[2025-04-21T17:46:13.451-0400] {processor.py:161} INFO - Started process (PID=88521) to work on /Users/gaurav/Documents/Breast-Cancer-ML-Pipeline/venv/lib/python3.9/site-packages/airflow/example_dags/example_trigger_target_dag.py
[2025-04-21T17:46:13.452-0400] {processor.py:830} INFO - Processing file /Users/gaurav/Documents/Breast-Cancer-ML-Pipeline/venv/lib/python3.9/site-packages/airflow/example_dags/example_trigger_target_dag.py for tasks to queue
[2025-04-21T17:46:13.452-0400] {logging_mixin.py:188} INFO - [2025-04-21T17:46:13.452-0400] {dagbag.py:538} INFO - Filling up the DagBag from /Users/gaurav/Documents/Breast-Cancer-ML-Pipeline/venv/lib/python3.9/site-packages/airflow/example_dags/example_trigger_target_dag.py
[2025-04-21T17:46:13.475-0400] {processor.py:840} INFO - DAG(s) 'example_trigger_target_dag' retrieved from /Users/gaurav/Documents/Breast-Cancer-ML-Pipeline/venv/lib/python3.9/site-packages/airflow/example_dags/example_trigger_target_dag.py
[2025-04-21T17:46:13.530-0400] {logging_mixin.py:188} INFO - [2025-04-21T17:46:13.530-0400] {dag.py:3036} INFO - Sync 1 DAGs
[2025-04-21T17:46:13.535-0400] {logging_mixin.py:188} INFO - [2025-04-21T17:46:13.535-0400] {dag.py:3823} INFO - Setting next_dagrun for example_trigger_target_dag to None, run_after=None
[2025-04-21T17:46:13.545-0400] {processor.py:183} INFO - Processing /Users/gaurav/Documents/Breast-Cancer-ML-Pipeline/venv/lib/python3.9/site-packages/airflow/example_dags/example_trigger_target_dag.py took 0.095 seconds
[2025-04-21T17:47:11.064-0400] {processor.py:161} INFO - Started process (PID=88590) to work on /Users/gaurav/Documents/Breast-Cancer-ML-Pipeline/venv/lib/python3.9/site-packages/airflow/example_dags/example_trigger_target_dag.py
[2025-04-21T17:47:11.065-0400] {processor.py:830} INFO - Processing file /Users/gaurav/Documents/Breast-Cancer-ML-Pipeline/venv/lib/python3.9/site-packages/airflow/example_dags/example_trigger_target_dag.py for tasks to queue
[2025-04-21T17:47:11.065-0400] {logging_mixin.py:188} INFO - [2025-04-21T17:47:11.065-0400] {dagbag.py:538} INFO - Filling up the DagBag from /Users/gaurav/Documents/Breast-Cancer-ML-Pipeline/venv/lib/python3.9/site-packages/airflow/example_dags/example_trigger_target_dag.py
[2025-04-21T17:47:11.086-0400] {processor.py:840} INFO - DAG(s) 'example_trigger_target_dag' retrieved from /Users/gaurav/Documents/Breast-Cancer-ML-Pipeline/venv/lib/python3.9/site-packages/airflow/example_dags/example_trigger_target_dag.py
[2025-04-21T17:47:11.134-0400] {logging_mixin.py:188} INFO - [2025-04-21T17:47:11.134-0400] {dag.py:3036} INFO - Sync 1 DAGs
[2025-04-21T17:47:11.139-0400] {logging_mixin.py:188} INFO - [2025-04-21T17:47:11.139-0400] {dag.py:3823} INFO - Setting next_dagrun for example_trigger_target_dag to None, run_after=None
[2025-04-21T17:47:11.149-0400] {processor.py:183} INFO - Processing /Users/gaurav/Documents/Breast-Cancer-ML-Pipeline/venv/lib/python3.9/site-packages/airflow/example_dags/example_trigger_target_dag.py took 0.086 seconds
[2025-04-21T17:48:00.561-0400] {processor.py:161} INFO - Started process (PID=88653) to work on /Users/gaurav/Documents/Breast-Cancer-ML-Pipeline/venv/lib/python3.9/site-packages/airflow/example_dags/example_trigger_target_dag.py
[2025-04-21T17:48:00.562-0400] {processor.py:830} INFO - Processing file /Users/gaurav/Documents/Breast-Cancer-ML-Pipeline/venv/lib/python3.9/site-packages/airflow/example_dags/example_trigger_target_dag.py for tasks to queue
[2025-04-21T17:48:00.562-0400] {logging_mixin.py:188} INFO - [2025-04-21T17:48:00.562-0400] {dagbag.py:538} INFO - Filling up the DagBag from /Users/gaurav/Documents/Breast-Cancer-ML-Pipeline/venv/lib/python3.9/site-packages/airflow/example_dags/example_trigger_target_dag.py
[2025-04-21T17:48:00.584-0400] {processor.py:840} INFO - DAG(s) 'example_trigger_target_dag' retrieved from /Users/gaurav/Documents/Breast-Cancer-ML-Pipeline/venv/lib/python3.9/site-packages/airflow/example_dags/example_trigger_target_dag.py
[2025-04-21T17:48:00.633-0400] {logging_mixin.py:188} INFO - [2025-04-21T17:48:00.633-0400] {dag.py:3036} INFO - Sync 1 DAGs
[2025-04-21T17:48:00.638-0400] {logging_mixin.py:188} INFO - [2025-04-21T17:48:00.637-0400] {dag.py:3823} INFO - Setting next_dagrun for example_trigger_target_dag to None, run_after=None
[2025-04-21T17:48:00.647-0400] {processor.py:183} INFO - Processing /Users/gaurav/Documents/Breast-Cancer-ML-Pipeline/venv/lib/python3.9/site-packages/airflow/example_dags/example_trigger_target_dag.py took 0.087 seconds
[2025-04-21T17:48:45.327-0400] {processor.py:161} INFO - Started process (PID=88723) to work on /Users/gaurav/Documents/Breast-Cancer-ML-Pipeline/venv/lib/python3.9/site-packages/airflow/example_dags/example_trigger_target_dag.py
[2025-04-21T17:48:45.329-0400] {processor.py:830} INFO - Processing file /Users/gaurav/Documents/Breast-Cancer-ML-Pipeline/venv/lib/python3.9/site-packages/airflow/example_dags/example_trigger_target_dag.py for tasks to queue
[2025-04-21T17:48:45.329-0400] {logging_mixin.py:188} INFO - [2025-04-21T17:48:45.329-0400] {dagbag.py:538} INFO - Filling up the DagBag from /Users/gaurav/Documents/Breast-Cancer-ML-Pipeline/venv/lib/python3.9/site-packages/airflow/example_dags/example_trigger_target_dag.py
[2025-04-21T17:48:45.349-0400] {processor.py:840} INFO - DAG(s) 'example_trigger_target_dag' retrieved from /Users/gaurav/Documents/Breast-Cancer-ML-Pipeline/venv/lib/python3.9/site-packages/airflow/example_dags/example_trigger_target_dag.py
[2025-04-21T17:48:45.396-0400] {logging_mixin.py:188} INFO - [2025-04-21T17:48:45.396-0400] {dag.py:3036} INFO - Sync 1 DAGs
[2025-04-21T17:48:45.401-0400] {logging_mixin.py:188} INFO - [2025-04-21T17:48:45.401-0400] {dag.py:3823} INFO - Setting next_dagrun for example_trigger_target_dag to None, run_after=None
[2025-04-21T17:48:45.411-0400] {processor.py:183} INFO - Processing /Users/gaurav/Documents/Breast-Cancer-ML-Pipeline/venv/lib/python3.9/site-packages/airflow/example_dags/example_trigger_target_dag.py took 0.084 seconds
[2025-04-21T17:49:27.772-0400] {processor.py:161} INFO - Started process (PID=88778) to work on /Users/gaurav/Documents/Breast-Cancer-ML-Pipeline/venv/lib/python3.9/site-packages/airflow/example_dags/example_trigger_target_dag.py
[2025-04-21T17:49:27.774-0400] {processor.py:830} INFO - Processing file /Users/gaurav/Documents/Breast-Cancer-ML-Pipeline/venv/lib/python3.9/site-packages/airflow/example_dags/example_trigger_target_dag.py for tasks to queue
[2025-04-21T17:49:27.774-0400] {logging_mixin.py:188} INFO - [2025-04-21T17:49:27.774-0400] {dagbag.py:538} INFO - Filling up the DagBag from /Users/gaurav/Documents/Breast-Cancer-ML-Pipeline/venv/lib/python3.9/site-packages/airflow/example_dags/example_trigger_target_dag.py
[2025-04-21T17:49:27.795-0400] {processor.py:840} INFO - DAG(s) 'example_trigger_target_dag' retrieved from /Users/gaurav/Documents/Breast-Cancer-ML-Pipeline/venv/lib/python3.9/site-packages/airflow/example_dags/example_trigger_target_dag.py
[2025-04-21T17:49:27.843-0400] {logging_mixin.py:188} INFO - [2025-04-21T17:49:27.842-0400] {dag.py:3036} INFO - Sync 1 DAGs
[2025-04-21T17:49:27.847-0400] {logging_mixin.py:188} INFO - [2025-04-21T17:49:27.847-0400] {dag.py:3823} INFO - Setting next_dagrun for example_trigger_target_dag to None, run_after=None
[2025-04-21T17:49:27.857-0400] {processor.py:183} INFO - Processing /Users/gaurav/Documents/Breast-Cancer-ML-Pipeline/venv/lib/python3.9/site-packages/airflow/example_dags/example_trigger_target_dag.py took 0.086 seconds
[2025-04-21T17:50:12.554-0400] {processor.py:161} INFO - Started process (PID=88838) to work on /Users/gaurav/Documents/Breast-Cancer-ML-Pipeline/venv/lib/python3.9/site-packages/airflow/example_dags/example_trigger_target_dag.py
[2025-04-21T17:50:12.556-0400] {processor.py:830} INFO - Processing file /Users/gaurav/Documents/Breast-Cancer-ML-Pipeline/venv/lib/python3.9/site-packages/airflow/example_dags/example_trigger_target_dag.py for tasks to queue
[2025-04-21T17:50:12.556-0400] {logging_mixin.py:188} INFO - [2025-04-21T17:50:12.556-0400] {dagbag.py:538} INFO - Filling up the DagBag from /Users/gaurav/Documents/Breast-Cancer-ML-Pipeline/venv/lib/python3.9/site-packages/airflow/example_dags/example_trigger_target_dag.py
[2025-04-21T17:50:12.578-0400] {processor.py:840} INFO - DAG(s) 'example_trigger_target_dag' retrieved from /Users/gaurav/Documents/Breast-Cancer-ML-Pipeline/venv/lib/python3.9/site-packages/airflow/example_dags/example_trigger_target_dag.py
[2025-04-21T17:50:12.629-0400] {logging_mixin.py:188} INFO - [2025-04-21T17:50:12.629-0400] {dag.py:3036} INFO - Sync 1 DAGs
[2025-04-21T17:50:12.634-0400] {logging_mixin.py:188} INFO - [2025-04-21T17:50:12.634-0400] {dag.py:3823} INFO - Setting next_dagrun for example_trigger_target_dag to None, run_after=None
[2025-04-21T17:50:12.645-0400] {processor.py:183} INFO - Processing /Users/gaurav/Documents/Breast-Cancer-ML-Pipeline/venv/lib/python3.9/site-packages/airflow/example_dags/example_trigger_target_dag.py took 0.092 seconds
[2025-04-21T17:51:05.751-0400] {processor.py:161} INFO - Started process (PID=88913) to work on /Users/gaurav/Documents/Breast-Cancer-ML-Pipeline/venv/lib/python3.9/site-packages/airflow/example_dags/example_trigger_target_dag.py
[2025-04-21T17:51:05.753-0400] {processor.py:830} INFO - Processing file /Users/gaurav/Documents/Breast-Cancer-ML-Pipeline/venv/lib/python3.9/site-packages/airflow/example_dags/example_trigger_target_dag.py for tasks to queue
[2025-04-21T17:51:05.753-0400] {logging_mixin.py:188} INFO - [2025-04-21T17:51:05.753-0400] {dagbag.py:538} INFO - Filling up the DagBag from /Users/gaurav/Documents/Breast-Cancer-ML-Pipeline/venv/lib/python3.9/site-packages/airflow/example_dags/example_trigger_target_dag.py
[2025-04-21T17:51:05.775-0400] {processor.py:840} INFO - DAG(s) 'example_trigger_target_dag' retrieved from /Users/gaurav/Documents/Breast-Cancer-ML-Pipeline/venv/lib/python3.9/site-packages/airflow/example_dags/example_trigger_target_dag.py
[2025-04-21T17:51:05.825-0400] {logging_mixin.py:188} INFO - [2025-04-21T17:51:05.825-0400] {dag.py:3036} INFO - Sync 1 DAGs
[2025-04-21T17:51:05.830-0400] {logging_mixin.py:188} INFO - [2025-04-21T17:51:05.830-0400] {dag.py:3823} INFO - Setting next_dagrun for example_trigger_target_dag to None, run_after=None
[2025-04-21T17:51:05.843-0400] {processor.py:183} INFO - Processing /Users/gaurav/Documents/Breast-Cancer-ML-Pipeline/venv/lib/python3.9/site-packages/airflow/example_dags/example_trigger_target_dag.py took 0.092 seconds
[2025-04-21T17:51:57.608-0400] {processor.py:161} INFO - Started process (PID=88986) to work on /Users/gaurav/Documents/Breast-Cancer-ML-Pipeline/venv/lib/python3.9/site-packages/airflow/example_dags/example_trigger_target_dag.py
[2025-04-21T17:51:57.611-0400] {processor.py:830} INFO - Processing file /Users/gaurav/Documents/Breast-Cancer-ML-Pipeline/venv/lib/python3.9/site-packages/airflow/example_dags/example_trigger_target_dag.py for tasks to queue
[2025-04-21T17:51:57.612-0400] {logging_mixin.py:188} INFO - [2025-04-21T17:51:57.612-0400] {dagbag.py:538} INFO - Filling up the DagBag from /Users/gaurav/Documents/Breast-Cancer-ML-Pipeline/venv/lib/python3.9/site-packages/airflow/example_dags/example_trigger_target_dag.py
[2025-04-21T17:51:57.634-0400] {processor.py:840} INFO - DAG(s) 'example_trigger_target_dag' retrieved from /Users/gaurav/Documents/Breast-Cancer-ML-Pipeline/venv/lib/python3.9/site-packages/airflow/example_dags/example_trigger_target_dag.py
[2025-04-21T17:51:57.692-0400] {logging_mixin.py:188} INFO - [2025-04-21T17:51:57.692-0400] {dag.py:3036} INFO - Sync 1 DAGs
[2025-04-21T17:51:57.698-0400] {logging_mixin.py:188} INFO - [2025-04-21T17:51:57.698-0400] {dag.py:3823} INFO - Setting next_dagrun for example_trigger_target_dag to None, run_after=None
[2025-04-21T17:51:57.714-0400] {processor.py:183} INFO - Processing /Users/gaurav/Documents/Breast-Cancer-ML-Pipeline/venv/lib/python3.9/site-packages/airflow/example_dags/example_trigger_target_dag.py took 0.106 seconds
[2025-04-21T17:52:51.142-0400] {processor.py:161} INFO - Started process (PID=89059) to work on /Users/gaurav/Documents/Breast-Cancer-ML-Pipeline/venv/lib/python3.9/site-packages/airflow/example_dags/example_trigger_target_dag.py
[2025-04-21T17:52:51.143-0400] {processor.py:830} INFO - Processing file /Users/gaurav/Documents/Breast-Cancer-ML-Pipeline/venv/lib/python3.9/site-packages/airflow/example_dags/example_trigger_target_dag.py for tasks to queue
[2025-04-21T17:52:51.143-0400] {logging_mixin.py:188} INFO - [2025-04-21T17:52:51.143-0400] {dagbag.py:538} INFO - Filling up the DagBag from /Users/gaurav/Documents/Breast-Cancer-ML-Pipeline/venv/lib/python3.9/site-packages/airflow/example_dags/example_trigger_target_dag.py
[2025-04-21T17:52:51.165-0400] {processor.py:840} INFO - DAG(s) 'example_trigger_target_dag' retrieved from /Users/gaurav/Documents/Breast-Cancer-ML-Pipeline/venv/lib/python3.9/site-packages/airflow/example_dags/example_trigger_target_dag.py
[2025-04-21T17:52:51.212-0400] {logging_mixin.py:188} INFO - [2025-04-21T17:52:51.212-0400] {dag.py:3036} INFO - Sync 1 DAGs
[2025-04-21T17:52:51.217-0400] {logging_mixin.py:188} INFO - [2025-04-21T17:52:51.217-0400] {dag.py:3823} INFO - Setting next_dagrun for example_trigger_target_dag to None, run_after=None
[2025-04-21T17:52:51.229-0400] {processor.py:183} INFO - Processing /Users/gaurav/Documents/Breast-Cancer-ML-Pipeline/venv/lib/python3.9/site-packages/airflow/example_dags/example_trigger_target_dag.py took 0.088 seconds
[2025-04-21T17:53:40.009-0400] {processor.py:161} INFO - Started process (PID=89121) to work on /Users/gaurav/Documents/Breast-Cancer-ML-Pipeline/venv/lib/python3.9/site-packages/airflow/example_dags/example_trigger_target_dag.py
[2025-04-21T17:53:40.011-0400] {processor.py:830} INFO - Processing file /Users/gaurav/Documents/Breast-Cancer-ML-Pipeline/venv/lib/python3.9/site-packages/airflow/example_dags/example_trigger_target_dag.py for tasks to queue
[2025-04-21T17:53:40.012-0400] {logging_mixin.py:188} INFO - [2025-04-21T17:53:40.011-0400] {dagbag.py:538} INFO - Filling up the DagBag from /Users/gaurav/Documents/Breast-Cancer-ML-Pipeline/venv/lib/python3.9/site-packages/airflow/example_dags/example_trigger_target_dag.py
[2025-04-21T17:53:40.033-0400] {processor.py:840} INFO - DAG(s) 'example_trigger_target_dag' retrieved from /Users/gaurav/Documents/Breast-Cancer-ML-Pipeline/venv/lib/python3.9/site-packages/airflow/example_dags/example_trigger_target_dag.py
[2025-04-21T17:53:40.085-0400] {logging_mixin.py:188} INFO - [2025-04-21T17:53:40.085-0400] {dag.py:3036} INFO - Sync 1 DAGs
[2025-04-21T17:53:40.090-0400] {logging_mixin.py:188} INFO - [2025-04-21T17:53:40.090-0400] {dag.py:3823} INFO - Setting next_dagrun for example_trigger_target_dag to None, run_after=None
[2025-04-21T17:53:40.101-0400] {processor.py:183} INFO - Processing /Users/gaurav/Documents/Breast-Cancer-ML-Pipeline/venv/lib/python3.9/site-packages/airflow/example_dags/example_trigger_target_dag.py took 0.093 seconds
[2025-04-21T17:54:33.222-0400] {processor.py:161} INFO - Started process (PID=89204) to work on /Users/gaurav/Documents/Breast-Cancer-ML-Pipeline/venv/lib/python3.9/site-packages/airflow/example_dags/example_trigger_target_dag.py
[2025-04-21T17:54:33.224-0400] {processor.py:830} INFO - Processing file /Users/gaurav/Documents/Breast-Cancer-ML-Pipeline/venv/lib/python3.9/site-packages/airflow/example_dags/example_trigger_target_dag.py for tasks to queue
[2025-04-21T17:54:33.224-0400] {logging_mixin.py:188} INFO - [2025-04-21T17:54:33.224-0400] {dagbag.py:538} INFO - Filling up the DagBag from /Users/gaurav/Documents/Breast-Cancer-ML-Pipeline/venv/lib/python3.9/site-packages/airflow/example_dags/example_trigger_target_dag.py
[2025-04-21T17:54:33.247-0400] {processor.py:840} INFO - DAG(s) 'example_trigger_target_dag' retrieved from /Users/gaurav/Documents/Breast-Cancer-ML-Pipeline/venv/lib/python3.9/site-packages/airflow/example_dags/example_trigger_target_dag.py
[2025-04-21T17:54:33.300-0400] {logging_mixin.py:188} INFO - [2025-04-21T17:54:33.300-0400] {dag.py:3036} INFO - Sync 1 DAGs
[2025-04-21T17:54:33.306-0400] {logging_mixin.py:188} INFO - [2025-04-21T17:54:33.306-0400] {dag.py:3823} INFO - Setting next_dagrun for example_trigger_target_dag to None, run_after=None
[2025-04-21T17:54:33.317-0400] {processor.py:183} INFO - Processing /Users/gaurav/Documents/Breast-Cancer-ML-Pipeline/venv/lib/python3.9/site-packages/airflow/example_dags/example_trigger_target_dag.py took 0.096 seconds
[2025-04-21T17:55:27.328-0400] {processor.py:161} INFO - Started process (PID=89351) to work on /Users/gaurav/Documents/Breast-Cancer-ML-Pipeline/venv/lib/python3.9/site-packages/airflow/example_dags/example_trigger_target_dag.py
[2025-04-21T17:55:27.329-0400] {processor.py:830} INFO - Processing file /Users/gaurav/Documents/Breast-Cancer-ML-Pipeline/venv/lib/python3.9/site-packages/airflow/example_dags/example_trigger_target_dag.py for tasks to queue
[2025-04-21T17:55:27.329-0400] {logging_mixin.py:188} INFO - [2025-04-21T17:55:27.329-0400] {dagbag.py:538} INFO - Filling up the DagBag from /Users/gaurav/Documents/Breast-Cancer-ML-Pipeline/venv/lib/python3.9/site-packages/airflow/example_dags/example_trigger_target_dag.py
[2025-04-21T17:55:27.354-0400] {processor.py:840} INFO - DAG(s) 'example_trigger_target_dag' retrieved from /Users/gaurav/Documents/Breast-Cancer-ML-Pipeline/venv/lib/python3.9/site-packages/airflow/example_dags/example_trigger_target_dag.py
[2025-04-21T17:55:27.408-0400] {logging_mixin.py:188} INFO - [2025-04-21T17:55:27.408-0400] {dag.py:3036} INFO - Sync 1 DAGs
[2025-04-21T17:55:27.413-0400] {logging_mixin.py:188} INFO - [2025-04-21T17:55:27.413-0400] {dag.py:3823} INFO - Setting next_dagrun for example_trigger_target_dag to None, run_after=None
[2025-04-21T17:55:27.424-0400] {processor.py:183} INFO - Processing /Users/gaurav/Documents/Breast-Cancer-ML-Pipeline/venv/lib/python3.9/site-packages/airflow/example_dags/example_trigger_target_dag.py took 0.097 seconds
