[2025-04-21T16:38:27.773-0400] {processor.py:161} INFO - Started process (PID=83499) to work on /Users/gaurav/Documents/Breast-Cancer-ML-Pipeline/venv/lib/python3.9/site-packages/airflow/example_dags/tutorial_objectstorage.py
[2025-04-21T16:38:27.774-0400] {processor.py:830} INFO - Processing file /Users/gaurav/Documents/Breast-Cancer-ML-Pipeline/venv/lib/python3.9/site-packages/airflow/example_dags/tutorial_objectstorage.py for tasks to queue
[2025-04-21T16:38:27.774-0400] {logging_mixin.py:188} INFO - [2025-04-21T16:38:27.774-0400] {dagbag.py:538} INFO - Filling up the DagBag from /Users/gaurav/Documents/Breast-Cancer-ML-Pipeline/venv/lib/python3.9/site-packages/airflow/example_dags/tutorial_objectstorage.py
[2025-04-21T16:38:27.825-0400] {processor.py:840} INFO - DAG(s) 'tutorial_objectstorage' retrieved from /Users/gaurav/Documents/Breast-Cancer-ML-Pipeline/venv/lib/python3.9/site-packages/airflow/example_dags/tutorial_objectstorage.py
[2025-04-21T16:38:27.946-0400] {logging_mixin.py:188} INFO - [2025-04-21T16:38:27.946-0400] {override.py:1769} INFO - Created Permission View: can delete on DAG:tutorial_objectstorage
[2025-04-21T16:38:27.951-0400] {logging_mixin.py:188} INFO - [2025-04-21T16:38:27.951-0400] {override.py:1769} INFO - Created Permission View: can edit on DAG:tutorial_objectstorage
[2025-04-21T16:38:27.955-0400] {logging_mixin.py:188} INFO - [2025-04-21T16:38:27.955-0400] {override.py:1769} INFO - Created Permission View: can read on DAG:tutorial_objectstorage
[2025-04-21T16:38:27.955-0400] {logging_mixin.py:188} INFO - [2025-04-21T16:38:27.955-0400] {dag.py:3036} INFO - Sync 1 DAGs
[2025-04-21T16:38:27.962-0400] {logging_mixin.py:188} INFO - [2025-04-21T16:38:27.961-0400] {dag.py:3058} INFO - Creating ORM DAG for tutorial_objectstorage
[2025-04-21T16:38:27.962-0400] {logging_mixin.py:188} INFO - [2025-04-21T16:38:27.962-0400] {dag.py:3823} INFO - Setting next_dagrun for tutorial_objectstorage to None, run_after=None
[2025-04-21T16:38:27.974-0400] {processor.py:183} INFO - Processing /Users/gaurav/Documents/Breast-Cancer-ML-Pipeline/venv/lib/python3.9/site-packages/airflow/example_dags/tutorial_objectstorage.py took 0.201 seconds
[2025-04-21T16:40:24.857-0400] {processor.py:161} INFO - Started process (PID=83618) to work on /Users/gaurav/Documents/Breast-Cancer-ML-Pipeline/venv/lib/python3.9/site-packages/airflow/example_dags/tutorial_objectstorage.py
[2025-04-21T16:40:24.859-0400] {processor.py:830} INFO - Processing file /Users/gaurav/Documents/Breast-Cancer-ML-Pipeline/venv/lib/python3.9/site-packages/airflow/example_dags/tutorial_objectstorage.py for tasks to queue
[2025-04-21T16:40:24.859-0400] {logging_mixin.py:188} INFO - [2025-04-21T16:40:24.859-0400] {dagbag.py:538} INFO - Filling up the DagBag from /Users/gaurav/Documents/Breast-Cancer-ML-Pipeline/venv/lib/python3.9/site-packages/airflow/example_dags/tutorial_objectstorage.py
[2025-04-21T16:40:24.918-0400] {processor.py:840} INFO - DAG(s) 'tutorial_objectstorage' retrieved from /Users/gaurav/Documents/Breast-Cancer-ML-Pipeline/venv/lib/python3.9/site-packages/airflow/example_dags/tutorial_objectstorage.py
[2025-04-21T16:40:24.980-0400] {logging_mixin.py:188} INFO - [2025-04-21T16:40:24.980-0400] {dag.py:3036} INFO - Sync 1 DAGs
[2025-04-21T16:40:24.988-0400] {logging_mixin.py:188} INFO - [2025-04-21T16:40:24.988-0400] {dag.py:3823} INFO - Setting next_dagrun for tutorial_objectstorage to None, run_after=None
[2025-04-21T16:40:24.999-0400] {processor.py:183} INFO - Processing /Users/gaurav/Documents/Breast-Cancer-ML-Pipeline/venv/lib/python3.9/site-packages/airflow/example_dags/tutorial_objectstorage.py took 0.143 seconds
[2025-04-21T16:41:43.416-0400] {processor.py:161} INFO - Started process (PID=83683) to work on /Users/gaurav/Documents/Breast-Cancer-ML-Pipeline/venv/lib/python3.9/site-packages/airflow/example_dags/tutorial_objectstorage.py
[2025-04-21T16:41:43.418-0400] {processor.py:830} INFO - Processing file /Users/gaurav/Documents/Breast-Cancer-ML-Pipeline/venv/lib/python3.9/site-packages/airflow/example_dags/tutorial_objectstorage.py for tasks to queue
[2025-04-21T16:41:43.419-0400] {logging_mixin.py:188} INFO - [2025-04-21T16:41:43.419-0400] {dagbag.py:538} INFO - Filling up the DagBag from /Users/gaurav/Documents/Breast-Cancer-ML-Pipeline/venv/lib/python3.9/site-packages/airflow/example_dags/tutorial_objectstorage.py
[2025-04-21T16:41:43.475-0400] {processor.py:840} INFO - DAG(s) 'tutorial_objectstorage' retrieved from /Users/gaurav/Documents/Breast-Cancer-ML-Pipeline/venv/lib/python3.9/site-packages/airflow/example_dags/tutorial_objectstorage.py
[2025-04-21T16:41:43.544-0400] {logging_mixin.py:188} INFO - [2025-04-21T16:41:43.543-0400] {dag.py:3036} INFO - Sync 1 DAGs
[2025-04-21T16:41:43.551-0400] {logging_mixin.py:188} INFO - [2025-04-21T16:41:43.551-0400] {dag.py:3823} INFO - Setting next_dagrun for tutorial_objectstorage to None, run_after=None
[2025-04-21T16:41:43.566-0400] {processor.py:183} INFO - Processing /Users/gaurav/Documents/Breast-Cancer-ML-Pipeline/venv/lib/python3.9/site-packages/airflow/example_dags/tutorial_objectstorage.py took 0.151 seconds
[2025-04-21T16:43:04.142-0400] {processor.py:161} INFO - Started process (PID=83746) to work on /Users/gaurav/Documents/Breast-Cancer-ML-Pipeline/venv/lib/python3.9/site-packages/airflow/example_dags/tutorial_objectstorage.py
[2025-04-21T16:43:04.144-0400] {processor.py:830} INFO - Processing file /Users/gaurav/Documents/Breast-Cancer-ML-Pipeline/venv/lib/python3.9/site-packages/airflow/example_dags/tutorial_objectstorage.py for tasks to queue
[2025-04-21T16:43:04.145-0400] {logging_mixin.py:188} INFO - [2025-04-21T16:43:04.144-0400] {dagbag.py:538} INFO - Filling up the DagBag from /Users/gaurav/Documents/Breast-Cancer-ML-Pipeline/venv/lib/python3.9/site-packages/airflow/example_dags/tutorial_objectstorage.py
[2025-04-21T16:43:04.199-0400] {processor.py:840} INFO - DAG(s) 'tutorial_objectstorage' retrieved from /Users/gaurav/Documents/Breast-Cancer-ML-Pipeline/venv/lib/python3.9/site-packages/airflow/example_dags/tutorial_objectstorage.py
[2025-04-21T16:43:04.268-0400] {logging_mixin.py:188} INFO - [2025-04-21T16:43:04.268-0400] {dag.py:3036} INFO - Sync 1 DAGs
[2025-04-21T16:43:04.275-0400] {logging_mixin.py:188} INFO - [2025-04-21T16:43:04.275-0400] {dag.py:3823} INFO - Setting next_dagrun for tutorial_objectstorage to None, run_after=None
[2025-04-21T16:43:04.290-0400] {processor.py:183} INFO - Processing /Users/gaurav/Documents/Breast-Cancer-ML-Pipeline/venv/lib/python3.9/site-packages/airflow/example_dags/tutorial_objectstorage.py took 0.148 seconds
[2025-04-21T16:44:28.797-0400] {processor.py:161} INFO - Started process (PID=83820) to work on /Users/gaurav/Documents/Breast-Cancer-ML-Pipeline/venv/lib/python3.9/site-packages/airflow/example_dags/tutorial_objectstorage.py
[2025-04-21T16:44:28.800-0400] {processor.py:830} INFO - Processing file /Users/gaurav/Documents/Breast-Cancer-ML-Pipeline/venv/lib/python3.9/site-packages/airflow/example_dags/tutorial_objectstorage.py for tasks to queue
[2025-04-21T16:44:28.800-0400] {logging_mixin.py:188} INFO - [2025-04-21T16:44:28.800-0400] {dagbag.py:538} INFO - Filling up the DagBag from /Users/gaurav/Documents/Breast-Cancer-ML-Pipeline/venv/lib/python3.9/site-packages/airflow/example_dags/tutorial_objectstorage.py
[2025-04-21T16:44:28.854-0400] {processor.py:840} INFO - DAG(s) 'tutorial_objectstorage' retrieved from /Users/gaurav/Documents/Breast-Cancer-ML-Pipeline/venv/lib/python3.9/site-packages/airflow/example_dags/tutorial_objectstorage.py
[2025-04-21T16:44:28.915-0400] {logging_mixin.py:188} INFO - [2025-04-21T16:44:28.915-0400] {dag.py:3036} INFO - Sync 1 DAGs
[2025-04-21T16:44:28.923-0400] {logging_mixin.py:188} INFO - [2025-04-21T16:44:28.923-0400] {dag.py:3823} INFO - Setting next_dagrun for tutorial_objectstorage to None, run_after=None
[2025-04-21T16:44:28.935-0400] {processor.py:183} INFO - Processing /Users/gaurav/Documents/Breast-Cancer-ML-Pipeline/venv/lib/python3.9/site-packages/airflow/example_dags/tutorial_objectstorage.py took 0.138 seconds
[2025-04-21T16:46:35.493-0400] {processor.py:161} INFO - Started process (PID=83988) to work on /Users/gaurav/Documents/Breast-Cancer-ML-Pipeline/venv/lib/python3.9/site-packages/airflow/example_dags/tutorial_objectstorage.py
[2025-04-21T16:46:35.494-0400] {processor.py:830} INFO - Processing file /Users/gaurav/Documents/Breast-Cancer-ML-Pipeline/venv/lib/python3.9/site-packages/airflow/example_dags/tutorial_objectstorage.py for tasks to queue
[2025-04-21T16:46:35.495-0400] {logging_mixin.py:188} INFO - [2025-04-21T16:46:35.495-0400] {dagbag.py:538} INFO - Filling up the DagBag from /Users/gaurav/Documents/Breast-Cancer-ML-Pipeline/venv/lib/python3.9/site-packages/airflow/example_dags/tutorial_objectstorage.py
[2025-04-21T16:46:35.552-0400] {processor.py:840} INFO - DAG(s) 'tutorial_objectstorage' retrieved from /Users/gaurav/Documents/Breast-Cancer-ML-Pipeline/venv/lib/python3.9/site-packages/airflow/example_dags/tutorial_objectstorage.py
[2025-04-21T16:46:35.619-0400] {logging_mixin.py:188} INFO - [2025-04-21T16:46:35.618-0400] {dag.py:3036} INFO - Sync 1 DAGs
[2025-04-21T16:46:35.626-0400] {logging_mixin.py:188} INFO - [2025-04-21T16:46:35.626-0400] {dag.py:3823} INFO - Setting next_dagrun for tutorial_objectstorage to None, run_after=None
[2025-04-21T16:46:35.640-0400] {processor.py:183} INFO - Processing /Users/gaurav/Documents/Breast-Cancer-ML-Pipeline/venv/lib/python3.9/site-packages/airflow/example_dags/tutorial_objectstorage.py took 0.148 seconds
[2025-04-21T16:47:38.483-0400] {processor.py:161} INFO - Started process (PID=84056) to work on /Users/gaurav/Documents/Breast-Cancer-ML-Pipeline/venv/lib/python3.9/site-packages/airflow/example_dags/tutorial_objectstorage.py
[2025-04-21T16:47:38.485-0400] {processor.py:830} INFO - Processing file /Users/gaurav/Documents/Breast-Cancer-ML-Pipeline/venv/lib/python3.9/site-packages/airflow/example_dags/tutorial_objectstorage.py for tasks to queue
[2025-04-21T16:47:38.486-0400] {logging_mixin.py:188} INFO - [2025-04-21T16:47:38.486-0400] {dagbag.py:538} INFO - Filling up the DagBag from /Users/gaurav/Documents/Breast-Cancer-ML-Pipeline/venv/lib/python3.9/site-packages/airflow/example_dags/tutorial_objectstorage.py
[2025-04-21T16:47:38.538-0400] {processor.py:840} INFO - DAG(s) 'tutorial_objectstorage' retrieved from /Users/gaurav/Documents/Breast-Cancer-ML-Pipeline/venv/lib/python3.9/site-packages/airflow/example_dags/tutorial_objectstorage.py
[2025-04-21T16:47:38.600-0400] {logging_mixin.py:188} INFO - [2025-04-21T16:47:38.600-0400] {dag.py:3036} INFO - Sync 1 DAGs
[2025-04-21T16:47:38.607-0400] {logging_mixin.py:188} INFO - [2025-04-21T16:47:38.607-0400] {dag.py:3823} INFO - Setting next_dagrun for tutorial_objectstorage to None, run_after=None
[2025-04-21T16:47:38.619-0400] {processor.py:183} INFO - Processing /Users/gaurav/Documents/Breast-Cancer-ML-Pipeline/venv/lib/python3.9/site-packages/airflow/example_dags/tutorial_objectstorage.py took 0.136 seconds
[2025-04-21T16:48:50.189-0400] {processor.py:161} INFO - Started process (PID=84135) to work on /Users/gaurav/Documents/Breast-Cancer-ML-Pipeline/venv/lib/python3.9/site-packages/airflow/example_dags/tutorial_objectstorage.py
[2025-04-21T16:48:50.191-0400] {processor.py:830} INFO - Processing file /Users/gaurav/Documents/Breast-Cancer-ML-Pipeline/venv/lib/python3.9/site-packages/airflow/example_dags/tutorial_objectstorage.py for tasks to queue
[2025-04-21T16:48:50.191-0400] {logging_mixin.py:188} INFO - [2025-04-21T16:48:50.191-0400] {dagbag.py:538} INFO - Filling up the DagBag from /Users/gaurav/Documents/Breast-Cancer-ML-Pipeline/venv/lib/python3.9/site-packages/airflow/example_dags/tutorial_objectstorage.py
[2025-04-21T16:48:50.245-0400] {processor.py:840} INFO - DAG(s) 'tutorial_objectstorage' retrieved from /Users/gaurav/Documents/Breast-Cancer-ML-Pipeline/venv/lib/python3.9/site-packages/airflow/example_dags/tutorial_objectstorage.py
[2025-04-21T16:48:50.306-0400] {logging_mixin.py:188} INFO - [2025-04-21T16:48:50.306-0400] {dag.py:3036} INFO - Sync 1 DAGs
[2025-04-21T16:48:50.313-0400] {logging_mixin.py:188} INFO - [2025-04-21T16:48:50.313-0400] {dag.py:3823} INFO - Setting next_dagrun for tutorial_objectstorage to None, run_after=None
[2025-04-21T16:48:50.325-0400] {processor.py:183} INFO - Processing /Users/gaurav/Documents/Breast-Cancer-ML-Pipeline/venv/lib/python3.9/site-packages/airflow/example_dags/tutorial_objectstorage.py took 0.137 seconds
[2025-04-21T16:50:01.981-0400] {processor.py:161} INFO - Started process (PID=84223) to work on /Users/gaurav/Documents/Breast-Cancer-ML-Pipeline/venv/lib/python3.9/site-packages/airflow/example_dags/tutorial_objectstorage.py
[2025-04-21T16:50:01.983-0400] {processor.py:830} INFO - Processing file /Users/gaurav/Documents/Breast-Cancer-ML-Pipeline/venv/lib/python3.9/site-packages/airflow/example_dags/tutorial_objectstorage.py for tasks to queue
[2025-04-21T16:50:01.983-0400] {logging_mixin.py:188} INFO - [2025-04-21T16:50:01.983-0400] {dagbag.py:538} INFO - Filling up the DagBag from /Users/gaurav/Documents/Breast-Cancer-ML-Pipeline/venv/lib/python3.9/site-packages/airflow/example_dags/tutorial_objectstorage.py
[2025-04-21T16:50:02.037-0400] {processor.py:840} INFO - DAG(s) 'tutorial_objectstorage' retrieved from /Users/gaurav/Documents/Breast-Cancer-ML-Pipeline/venv/lib/python3.9/site-packages/airflow/example_dags/tutorial_objectstorage.py
[2025-04-21T16:50:02.099-0400] {logging_mixin.py:188} INFO - [2025-04-21T16:50:02.098-0400] {dag.py:3036} INFO - Sync 1 DAGs
[2025-04-21T16:50:02.106-0400] {logging_mixin.py:188} INFO - [2025-04-21T16:50:02.105-0400] {dag.py:3823} INFO - Setting next_dagrun for tutorial_objectstorage to None, run_after=None
[2025-04-21T16:50:02.118-0400] {processor.py:183} INFO - Processing /Users/gaurav/Documents/Breast-Cancer-ML-Pipeline/venv/lib/python3.9/site-packages/airflow/example_dags/tutorial_objectstorage.py took 0.138 seconds
[2025-04-21T16:51:19.773-0400] {processor.py:161} INFO - Started process (PID=84307) to work on /Users/gaurav/Documents/Breast-Cancer-ML-Pipeline/venv/lib/python3.9/site-packages/airflow/example_dags/tutorial_objectstorage.py
[2025-04-21T16:51:19.775-0400] {processor.py:830} INFO - Processing file /Users/gaurav/Documents/Breast-Cancer-ML-Pipeline/venv/lib/python3.9/site-packages/airflow/example_dags/tutorial_objectstorage.py for tasks to queue
[2025-04-21T16:51:19.775-0400] {logging_mixin.py:188} INFO - [2025-04-21T16:51:19.775-0400] {dagbag.py:538} INFO - Filling up the DagBag from /Users/gaurav/Documents/Breast-Cancer-ML-Pipeline/venv/lib/python3.9/site-packages/airflow/example_dags/tutorial_objectstorage.py
[2025-04-21T16:51:19.844-0400] {processor.py:840} INFO - DAG(s) 'tutorial_objectstorage' retrieved from /Users/gaurav/Documents/Breast-Cancer-ML-Pipeline/venv/lib/python3.9/site-packages/airflow/example_dags/tutorial_objectstorage.py
[2025-04-21T16:51:19.913-0400] {logging_mixin.py:188} INFO - [2025-04-21T16:51:19.913-0400] {dag.py:3036} INFO - Sync 1 DAGs
[2025-04-21T16:51:19.921-0400] {logging_mixin.py:188} INFO - [2025-04-21T16:51:19.921-0400] {dag.py:3823} INFO - Setting next_dagrun for tutorial_objectstorage to None, run_after=None
[2025-04-21T16:51:19.933-0400] {processor.py:183} INFO - Processing /Users/gaurav/Documents/Breast-Cancer-ML-Pipeline/venv/lib/python3.9/site-packages/airflow/example_dags/tutorial_objectstorage.py took 0.160 seconds
[2025-04-21T16:52:00.899-0400] {processor.py:161} INFO - Started process (PID=84352) to work on /Users/gaurav/Documents/Breast-Cancer-ML-Pipeline/venv/lib/python3.9/site-packages/airflow/example_dags/tutorial_objectstorage.py
[2025-04-21T16:52:00.901-0400] {processor.py:830} INFO - Processing file /Users/gaurav/Documents/Breast-Cancer-ML-Pipeline/venv/lib/python3.9/site-packages/airflow/example_dags/tutorial_objectstorage.py for tasks to queue
[2025-04-21T16:52:00.901-0400] {logging_mixin.py:188} INFO - [2025-04-21T16:52:00.901-0400] {dagbag.py:538} INFO - Filling up the DagBag from /Users/gaurav/Documents/Breast-Cancer-ML-Pipeline/venv/lib/python3.9/site-packages/airflow/example_dags/tutorial_objectstorage.py
[2025-04-21T16:52:00.955-0400] {processor.py:840} INFO - DAG(s) 'tutorial_objectstorage' retrieved from /Users/gaurav/Documents/Breast-Cancer-ML-Pipeline/venv/lib/python3.9/site-packages/airflow/example_dags/tutorial_objectstorage.py
[2025-04-21T16:52:01.017-0400] {logging_mixin.py:188} INFO - [2025-04-21T16:52:01.016-0400] {dag.py:3036} INFO - Sync 1 DAGs
[2025-04-21T16:52:01.023-0400] {logging_mixin.py:188} INFO - [2025-04-21T16:52:01.023-0400] {dag.py:3823} INFO - Setting next_dagrun for tutorial_objectstorage to None, run_after=None
[2025-04-21T16:52:01.035-0400] {processor.py:183} INFO - Processing /Users/gaurav/Documents/Breast-Cancer-ML-Pipeline/venv/lib/python3.9/site-packages/airflow/example_dags/tutorial_objectstorage.py took 0.137 seconds
[2025-04-21T16:52:43.447-0400] {processor.py:161} INFO - Started process (PID=84401) to work on /Users/gaurav/Documents/Breast-Cancer-ML-Pipeline/venv/lib/python3.9/site-packages/airflow/example_dags/tutorial_objectstorage.py
[2025-04-21T16:52:43.448-0400] {processor.py:830} INFO - Processing file /Users/gaurav/Documents/Breast-Cancer-ML-Pipeline/venv/lib/python3.9/site-packages/airflow/example_dags/tutorial_objectstorage.py for tasks to queue
[2025-04-21T16:52:43.449-0400] {logging_mixin.py:188} INFO - [2025-04-21T16:52:43.449-0400] {dagbag.py:538} INFO - Filling up the DagBag from /Users/gaurav/Documents/Breast-Cancer-ML-Pipeline/venv/lib/python3.9/site-packages/airflow/example_dags/tutorial_objectstorage.py
[2025-04-21T16:52:43.507-0400] {processor.py:840} INFO - DAG(s) 'tutorial_objectstorage' retrieved from /Users/gaurav/Documents/Breast-Cancer-ML-Pipeline/venv/lib/python3.9/site-packages/airflow/example_dags/tutorial_objectstorage.py
[2025-04-21T16:52:43.572-0400] {logging_mixin.py:188} INFO - [2025-04-21T16:52:43.572-0400] {dag.py:3036} INFO - Sync 1 DAGs
[2025-04-21T16:52:43.580-0400] {logging_mixin.py:188} INFO - [2025-04-21T16:52:43.580-0400] {dag.py:3823} INFO - Setting next_dagrun for tutorial_objectstorage to None, run_after=None
[2025-04-21T16:52:43.592-0400] {processor.py:183} INFO - Processing /Users/gaurav/Documents/Breast-Cancer-ML-Pipeline/venv/lib/python3.9/site-packages/airflow/example_dags/tutorial_objectstorage.py took 0.146 seconds
[2025-04-21T16:54:02.723-0400] {processor.py:161} INFO - Started process (PID=84511) to work on /Users/gaurav/Documents/Breast-Cancer-ML-Pipeline/venv/lib/python3.9/site-packages/airflow/example_dags/tutorial_objectstorage.py
[2025-04-21T16:54:02.724-0400] {processor.py:830} INFO - Processing file /Users/gaurav/Documents/Breast-Cancer-ML-Pipeline/venv/lib/python3.9/site-packages/airflow/example_dags/tutorial_objectstorage.py for tasks to queue
[2025-04-21T16:54:02.725-0400] {logging_mixin.py:188} INFO - [2025-04-21T16:54:02.725-0400] {dagbag.py:538} INFO - Filling up the DagBag from /Users/gaurav/Documents/Breast-Cancer-ML-Pipeline/venv/lib/python3.9/site-packages/airflow/example_dags/tutorial_objectstorage.py
[2025-04-21T16:54:02.779-0400] {processor.py:840} INFO - DAG(s) 'tutorial_objectstorage' retrieved from /Users/gaurav/Documents/Breast-Cancer-ML-Pipeline/venv/lib/python3.9/site-packages/airflow/example_dags/tutorial_objectstorage.py
[2025-04-21T16:54:02.841-0400] {logging_mixin.py:188} INFO - [2025-04-21T16:54:02.841-0400] {dag.py:3036} INFO - Sync 1 DAGs
[2025-04-21T16:54:02.848-0400] {logging_mixin.py:188} INFO - [2025-04-21T16:54:02.848-0400] {dag.py:3823} INFO - Setting next_dagrun for tutorial_objectstorage to None, run_after=None
[2025-04-21T16:54:02.860-0400] {processor.py:183} INFO - Processing /Users/gaurav/Documents/Breast-Cancer-ML-Pipeline/venv/lib/python3.9/site-packages/airflow/example_dags/tutorial_objectstorage.py took 0.138 seconds
[2025-04-21T16:55:33.650-0400] {processor.py:161} INFO - Started process (PID=84605) to work on /Users/gaurav/Documents/Breast-Cancer-ML-Pipeline/venv/lib/python3.9/site-packages/airflow/example_dags/tutorial_objectstorage.py
[2025-04-21T16:55:33.652-0400] {processor.py:830} INFO - Processing file /Users/gaurav/Documents/Breast-Cancer-ML-Pipeline/venv/lib/python3.9/site-packages/airflow/example_dags/tutorial_objectstorage.py for tasks to queue
[2025-04-21T16:55:33.653-0400] {logging_mixin.py:188} INFO - [2025-04-21T16:55:33.653-0400] {dagbag.py:538} INFO - Filling up the DagBag from /Users/gaurav/Documents/Breast-Cancer-ML-Pipeline/venv/lib/python3.9/site-packages/airflow/example_dags/tutorial_objectstorage.py
[2025-04-21T16:55:33.703-0400] {processor.py:840} INFO - DAG(s) 'tutorial_objectstorage' retrieved from /Users/gaurav/Documents/Breast-Cancer-ML-Pipeline/venv/lib/python3.9/site-packages/airflow/example_dags/tutorial_objectstorage.py
[2025-04-21T16:55:33.712-0400] {logging_mixin.py:188} INFO - [2025-04-21T16:55:33.712-0400] {dag.py:3036} INFO - Sync 1 DAGs
[2025-04-21T16:55:33.769-0400] {logging_mixin.py:188} INFO - [2025-04-21T16:55:33.769-0400] {dag.py:3823} INFO - Setting next_dagrun for tutorial_objectstorage to None, run_after=None
[2025-04-21T16:55:33.784-0400] {processor.py:183} INFO - Processing /Users/gaurav/Documents/Breast-Cancer-ML-Pipeline/venv/lib/python3.9/site-packages/airflow/example_dags/tutorial_objectstorage.py took 0.134 seconds
[2025-04-21T16:57:17.133-0400] {processor.py:161} INFO - Started process (PID=84762) to work on /Users/gaurav/Documents/Breast-Cancer-ML-Pipeline/venv/lib/python3.9/site-packages/airflow/example_dags/tutorial_objectstorage.py
[2025-04-21T16:57:17.134-0400] {processor.py:830} INFO - Processing file /Users/gaurav/Documents/Breast-Cancer-ML-Pipeline/venv/lib/python3.9/site-packages/airflow/example_dags/tutorial_objectstorage.py for tasks to queue
[2025-04-21T16:57:17.135-0400] {logging_mixin.py:188} INFO - [2025-04-21T16:57:17.135-0400] {dagbag.py:538} INFO - Filling up the DagBag from /Users/gaurav/Documents/Breast-Cancer-ML-Pipeline/venv/lib/python3.9/site-packages/airflow/example_dags/tutorial_objectstorage.py
[2025-04-21T16:57:17.354-0400] {processor.py:840} INFO - DAG(s) 'tutorial_objectstorage' retrieved from /Users/gaurav/Documents/Breast-Cancer-ML-Pipeline/venv/lib/python3.9/site-packages/airflow/example_dags/tutorial_objectstorage.py
[2025-04-21T16:57:17.529-0400] {logging_mixin.py:188} INFO - [2025-04-21T16:57:17.529-0400] {dag.py:3036} INFO - Sync 1 DAGs
[2025-04-21T16:57:17.537-0400] {logging_mixin.py:188} INFO - [2025-04-21T16:57:17.537-0400] {dag.py:3823} INFO - Setting next_dagrun for tutorial_objectstorage to None, run_after=None
[2025-04-21T16:57:17.550-0400] {processor.py:183} INFO - Processing /Users/gaurav/Documents/Breast-Cancer-ML-Pipeline/venv/lib/python3.9/site-packages/airflow/example_dags/tutorial_objectstorage.py took 0.419 seconds
[2025-04-21T16:57:59.486-0400] {processor.py:161} INFO - Started process (PID=84811) to work on /Users/gaurav/Documents/Breast-Cancer-ML-Pipeline/venv/lib/python3.9/site-packages/airflow/example_dags/tutorial_objectstorage.py
[2025-04-21T16:57:59.488-0400] {processor.py:830} INFO - Processing file /Users/gaurav/Documents/Breast-Cancer-ML-Pipeline/venv/lib/python3.9/site-packages/airflow/example_dags/tutorial_objectstorage.py for tasks to queue
[2025-04-21T16:57:59.489-0400] {logging_mixin.py:188} INFO - [2025-04-21T16:57:59.489-0400] {dagbag.py:538} INFO - Filling up the DagBag from /Users/gaurav/Documents/Breast-Cancer-ML-Pipeline/venv/lib/python3.9/site-packages/airflow/example_dags/tutorial_objectstorage.py
[2025-04-21T16:57:59.548-0400] {processor.py:840} INFO - DAG(s) 'tutorial_objectstorage' retrieved from /Users/gaurav/Documents/Breast-Cancer-ML-Pipeline/venv/lib/python3.9/site-packages/airflow/example_dags/tutorial_objectstorage.py
[2025-04-21T16:57:59.614-0400] {logging_mixin.py:188} INFO - [2025-04-21T16:57:59.614-0400] {dag.py:3036} INFO - Sync 1 DAGs
[2025-04-21T16:57:59.621-0400] {logging_mixin.py:188} INFO - [2025-04-21T16:57:59.621-0400] {dag.py:3823} INFO - Setting next_dagrun for tutorial_objectstorage to None, run_after=None
[2025-04-21T16:57:59.634-0400] {processor.py:183} INFO - Processing /Users/gaurav/Documents/Breast-Cancer-ML-Pipeline/venv/lib/python3.9/site-packages/airflow/example_dags/tutorial_objectstorage.py took 0.149 seconds
[2025-04-21T16:59:20.810-0400] {processor.py:161} INFO - Started process (PID=84902) to work on /Users/gaurav/Documents/Breast-Cancer-ML-Pipeline/venv/lib/python3.9/site-packages/airflow/example_dags/tutorial_objectstorage.py
[2025-04-21T16:59:20.811-0400] {processor.py:830} INFO - Processing file /Users/gaurav/Documents/Breast-Cancer-ML-Pipeline/venv/lib/python3.9/site-packages/airflow/example_dags/tutorial_objectstorage.py for tasks to queue
[2025-04-21T16:59:20.812-0400] {logging_mixin.py:188} INFO - [2025-04-21T16:59:20.812-0400] {dagbag.py:538} INFO - Filling up the DagBag from /Users/gaurav/Documents/Breast-Cancer-ML-Pipeline/venv/lib/python3.9/site-packages/airflow/example_dags/tutorial_objectstorage.py
[2025-04-21T16:59:20.874-0400] {processor.py:840} INFO - DAG(s) 'tutorial_objectstorage' retrieved from /Users/gaurav/Documents/Breast-Cancer-ML-Pipeline/venv/lib/python3.9/site-packages/airflow/example_dags/tutorial_objectstorage.py
[2025-04-21T16:59:20.944-0400] {logging_mixin.py:188} INFO - [2025-04-21T16:59:20.944-0400] {dag.py:3036} INFO - Sync 1 DAGs
[2025-04-21T16:59:20.952-0400] {logging_mixin.py:188} INFO - [2025-04-21T16:59:20.952-0400] {dag.py:3823} INFO - Setting next_dagrun for tutorial_objectstorage to None, run_after=None
[2025-04-21T16:59:20.967-0400] {processor.py:183} INFO - Processing /Users/gaurav/Documents/Breast-Cancer-ML-Pipeline/venv/lib/python3.9/site-packages/airflow/example_dags/tutorial_objectstorage.py took 0.158 seconds
[2025-04-21T17:00:33.861-0400] {processor.py:161} INFO - Started process (PID=84993) to work on /Users/gaurav/Documents/Breast-Cancer-ML-Pipeline/venv/lib/python3.9/site-packages/airflow/example_dags/tutorial_objectstorage.py
[2025-04-21T17:00:33.862-0400] {processor.py:830} INFO - Processing file /Users/gaurav/Documents/Breast-Cancer-ML-Pipeline/venv/lib/python3.9/site-packages/airflow/example_dags/tutorial_objectstorage.py for tasks to queue
[2025-04-21T17:00:33.863-0400] {logging_mixin.py:188} INFO - [2025-04-21T17:00:33.862-0400] {dagbag.py:538} INFO - Filling up the DagBag from /Users/gaurav/Documents/Breast-Cancer-ML-Pipeline/venv/lib/python3.9/site-packages/airflow/example_dags/tutorial_objectstorage.py
[2025-04-21T17:00:33.917-0400] {processor.py:840} INFO - DAG(s) 'tutorial_objectstorage' retrieved from /Users/gaurav/Documents/Breast-Cancer-ML-Pipeline/venv/lib/python3.9/site-packages/airflow/example_dags/tutorial_objectstorage.py
[2025-04-21T17:00:33.978-0400] {logging_mixin.py:188} INFO - [2025-04-21T17:00:33.978-0400] {dag.py:3036} INFO - Sync 1 DAGs
[2025-04-21T17:00:33.985-0400] {logging_mixin.py:188} INFO - [2025-04-21T17:00:33.984-0400] {dag.py:3823} INFO - Setting next_dagrun for tutorial_objectstorage to None, run_after=None
[2025-04-21T17:00:33.997-0400] {processor.py:183} INFO - Processing /Users/gaurav/Documents/Breast-Cancer-ML-Pipeline/venv/lib/python3.9/site-packages/airflow/example_dags/tutorial_objectstorage.py took 0.137 seconds
[2025-04-21T17:01:52.709-0400] {processor.py:161} INFO - Started process (PID=85093) to work on /Users/gaurav/Documents/Breast-Cancer-ML-Pipeline/venv/lib/python3.9/site-packages/airflow/example_dags/tutorial_objectstorage.py
[2025-04-21T17:01:52.710-0400] {processor.py:830} INFO - Processing file /Users/gaurav/Documents/Breast-Cancer-ML-Pipeline/venv/lib/python3.9/site-packages/airflow/example_dags/tutorial_objectstorage.py for tasks to queue
[2025-04-21T17:01:52.711-0400] {logging_mixin.py:188} INFO - [2025-04-21T17:01:52.711-0400] {dagbag.py:538} INFO - Filling up the DagBag from /Users/gaurav/Documents/Breast-Cancer-ML-Pipeline/venv/lib/python3.9/site-packages/airflow/example_dags/tutorial_objectstorage.py
[2025-04-21T17:01:52.767-0400] {processor.py:840} INFO - DAG(s) 'tutorial_objectstorage' retrieved from /Users/gaurav/Documents/Breast-Cancer-ML-Pipeline/venv/lib/python3.9/site-packages/airflow/example_dags/tutorial_objectstorage.py
[2025-04-21T17:01:52.831-0400] {logging_mixin.py:188} INFO - [2025-04-21T17:01:52.831-0400] {dag.py:3036} INFO - Sync 1 DAGs
[2025-04-21T17:01:52.838-0400] {logging_mixin.py:188} INFO - [2025-04-21T17:01:52.838-0400] {dag.py:3823} INFO - Setting next_dagrun for tutorial_objectstorage to None, run_after=None
[2025-04-21T17:01:52.850-0400] {processor.py:183} INFO - Processing /Users/gaurav/Documents/Breast-Cancer-ML-Pipeline/venv/lib/python3.9/site-packages/airflow/example_dags/tutorial_objectstorage.py took 0.142 seconds
[2025-04-21T17:02:36.964-0400] {processor.py:161} INFO - Started process (PID=85137) to work on /Users/gaurav/Documents/Breast-Cancer-ML-Pipeline/venv/lib/python3.9/site-packages/airflow/example_dags/tutorial_objectstorage.py
[2025-04-21T17:02:36.966-0400] {processor.py:830} INFO - Processing file /Users/gaurav/Documents/Breast-Cancer-ML-Pipeline/venv/lib/python3.9/site-packages/airflow/example_dags/tutorial_objectstorage.py for tasks to queue
[2025-04-21T17:02:36.966-0400] {logging_mixin.py:188} INFO - [2025-04-21T17:02:36.966-0400] {dagbag.py:538} INFO - Filling up the DagBag from /Users/gaurav/Documents/Breast-Cancer-ML-Pipeline/venv/lib/python3.9/site-packages/airflow/example_dags/tutorial_objectstorage.py
[2025-04-21T17:02:37.028-0400] {processor.py:840} INFO - DAG(s) 'tutorial_objectstorage' retrieved from /Users/gaurav/Documents/Breast-Cancer-ML-Pipeline/venv/lib/python3.9/site-packages/airflow/example_dags/tutorial_objectstorage.py
[2025-04-21T17:02:37.093-0400] {logging_mixin.py:188} INFO - [2025-04-21T17:02:37.093-0400] {dag.py:3036} INFO - Sync 1 DAGs
[2025-04-21T17:02:37.102-0400] {logging_mixin.py:188} INFO - [2025-04-21T17:02:37.102-0400] {dag.py:3823} INFO - Setting next_dagrun for tutorial_objectstorage to None, run_after=None
[2025-04-21T17:02:37.114-0400] {processor.py:183} INFO - Processing /Users/gaurav/Documents/Breast-Cancer-ML-Pipeline/venv/lib/python3.9/site-packages/airflow/example_dags/tutorial_objectstorage.py took 0.151 seconds
[2025-04-21T17:03:54.726-0400] {processor.py:161} INFO - Started process (PID=85248) to work on /Users/gaurav/Documents/Breast-Cancer-ML-Pipeline/venv/lib/python3.9/site-packages/airflow/example_dags/tutorial_objectstorage.py
[2025-04-21T17:03:54.728-0400] {processor.py:830} INFO - Processing file /Users/gaurav/Documents/Breast-Cancer-ML-Pipeline/venv/lib/python3.9/site-packages/airflow/example_dags/tutorial_objectstorage.py for tasks to queue
[2025-04-21T17:03:54.729-0400] {logging_mixin.py:188} INFO - [2025-04-21T17:03:54.728-0400] {dagbag.py:538} INFO - Filling up the DagBag from /Users/gaurav/Documents/Breast-Cancer-ML-Pipeline/venv/lib/python3.9/site-packages/airflow/example_dags/tutorial_objectstorage.py
[2025-04-21T17:03:54.784-0400] {processor.py:840} INFO - DAG(s) 'tutorial_objectstorage' retrieved from /Users/gaurav/Documents/Breast-Cancer-ML-Pipeline/venv/lib/python3.9/site-packages/airflow/example_dags/tutorial_objectstorage.py
[2025-04-21T17:03:54.852-0400] {logging_mixin.py:188} INFO - [2025-04-21T17:03:54.852-0400] {dag.py:3036} INFO - Sync 1 DAGs
[2025-04-21T17:03:54.860-0400] {logging_mixin.py:188} INFO - [2025-04-21T17:03:54.860-0400] {dag.py:3823} INFO - Setting next_dagrun for tutorial_objectstorage to None, run_after=None
[2025-04-21T17:03:54.872-0400] {processor.py:183} INFO - Processing /Users/gaurav/Documents/Breast-Cancer-ML-Pipeline/venv/lib/python3.9/site-packages/airflow/example_dags/tutorial_objectstorage.py took 0.146 seconds
[2025-04-21T17:05:05.416-0400] {processor.py:161} INFO - Started process (PID=85324) to work on /Users/gaurav/Documents/Breast-Cancer-ML-Pipeline/venv/lib/python3.9/site-packages/airflow/example_dags/tutorial_objectstorage.py
[2025-04-21T17:05:05.418-0400] {processor.py:830} INFO - Processing file /Users/gaurav/Documents/Breast-Cancer-ML-Pipeline/venv/lib/python3.9/site-packages/airflow/example_dags/tutorial_objectstorage.py for tasks to queue
[2025-04-21T17:05:05.419-0400] {logging_mixin.py:188} INFO - [2025-04-21T17:05:05.419-0400] {dagbag.py:538} INFO - Filling up the DagBag from /Users/gaurav/Documents/Breast-Cancer-ML-Pipeline/venv/lib/python3.9/site-packages/airflow/example_dags/tutorial_objectstorage.py
[2025-04-21T17:05:05.473-0400] {processor.py:840} INFO - DAG(s) 'tutorial_objectstorage' retrieved from /Users/gaurav/Documents/Breast-Cancer-ML-Pipeline/venv/lib/python3.9/site-packages/airflow/example_dags/tutorial_objectstorage.py
[2025-04-21T17:05:05.535-0400] {logging_mixin.py:188} INFO - [2025-04-21T17:05:05.535-0400] {dag.py:3036} INFO - Sync 1 DAGs
[2025-04-21T17:05:05.542-0400] {logging_mixin.py:188} INFO - [2025-04-21T17:05:05.541-0400] {dag.py:3823} INFO - Setting next_dagrun for tutorial_objectstorage to None, run_after=None
[2025-04-21T17:05:05.554-0400] {processor.py:183} INFO - Processing /Users/gaurav/Documents/Breast-Cancer-ML-Pipeline/venv/lib/python3.9/site-packages/airflow/example_dags/tutorial_objectstorage.py took 0.138 seconds
[2025-04-21T17:06:16.034-0400] {processor.py:161} INFO - Started process (PID=85414) to work on /Users/gaurav/Documents/Breast-Cancer-ML-Pipeline/venv/lib/python3.9/site-packages/airflow/example_dags/tutorial_objectstorage.py
[2025-04-21T17:06:16.035-0400] {processor.py:830} INFO - Processing file /Users/gaurav/Documents/Breast-Cancer-ML-Pipeline/venv/lib/python3.9/site-packages/airflow/example_dags/tutorial_objectstorage.py for tasks to queue
[2025-04-21T17:06:16.036-0400] {logging_mixin.py:188} INFO - [2025-04-21T17:06:16.036-0400] {dagbag.py:538} INFO - Filling up the DagBag from /Users/gaurav/Documents/Breast-Cancer-ML-Pipeline/venv/lib/python3.9/site-packages/airflow/example_dags/tutorial_objectstorage.py
[2025-04-21T17:06:16.089-0400] {processor.py:840} INFO - DAG(s) 'tutorial_objectstorage' retrieved from /Users/gaurav/Documents/Breast-Cancer-ML-Pipeline/venv/lib/python3.9/site-packages/airflow/example_dags/tutorial_objectstorage.py
[2025-04-21T17:06:16.150-0400] {logging_mixin.py:188} INFO - [2025-04-21T17:06:16.150-0400] {dag.py:3036} INFO - Sync 1 DAGs
[2025-04-21T17:06:16.157-0400] {logging_mixin.py:188} INFO - [2025-04-21T17:06:16.156-0400] {dag.py:3823} INFO - Setting next_dagrun for tutorial_objectstorage to None, run_after=None
[2025-04-21T17:06:16.168-0400] {processor.py:183} INFO - Processing /Users/gaurav/Documents/Breast-Cancer-ML-Pipeline/venv/lib/python3.9/site-packages/airflow/example_dags/tutorial_objectstorage.py took 0.135 seconds
[2025-04-21T17:07:27.809-0400] {processor.py:161} INFO - Started process (PID=85493) to work on /Users/gaurav/Documents/Breast-Cancer-ML-Pipeline/venv/lib/python3.9/site-packages/airflow/example_dags/tutorial_objectstorage.py
[2025-04-21T17:07:27.811-0400] {processor.py:830} INFO - Processing file /Users/gaurav/Documents/Breast-Cancer-ML-Pipeline/venv/lib/python3.9/site-packages/airflow/example_dags/tutorial_objectstorage.py for tasks to queue
[2025-04-21T17:07:27.811-0400] {logging_mixin.py:188} INFO - [2025-04-21T17:07:27.811-0400] {dagbag.py:538} INFO - Filling up the DagBag from /Users/gaurav/Documents/Breast-Cancer-ML-Pipeline/venv/lib/python3.9/site-packages/airflow/example_dags/tutorial_objectstorage.py
[2025-04-21T17:07:27.866-0400] {processor.py:840} INFO - DAG(s) 'tutorial_objectstorage' retrieved from /Users/gaurav/Documents/Breast-Cancer-ML-Pipeline/venv/lib/python3.9/site-packages/airflow/example_dags/tutorial_objectstorage.py
[2025-04-21T17:07:27.927-0400] {logging_mixin.py:188} INFO - [2025-04-21T17:07:27.927-0400] {dag.py:3036} INFO - Sync 1 DAGs
[2025-04-21T17:07:27.935-0400] {logging_mixin.py:188} INFO - [2025-04-21T17:07:27.935-0400] {dag.py:3823} INFO - Setting next_dagrun for tutorial_objectstorage to None, run_after=None
[2025-04-21T17:07:27.947-0400] {processor.py:183} INFO - Processing /Users/gaurav/Documents/Breast-Cancer-ML-Pipeline/venv/lib/python3.9/site-packages/airflow/example_dags/tutorial_objectstorage.py took 0.139 seconds
[2025-04-21T17:08:42.677-0400] {processor.py:161} INFO - Started process (PID=85577) to work on /Users/gaurav/Documents/Breast-Cancer-ML-Pipeline/venv/lib/python3.9/site-packages/airflow/example_dags/tutorial_objectstorage.py
[2025-04-21T17:08:42.679-0400] {processor.py:830} INFO - Processing file /Users/gaurav/Documents/Breast-Cancer-ML-Pipeline/venv/lib/python3.9/site-packages/airflow/example_dags/tutorial_objectstorage.py for tasks to queue
[2025-04-21T17:08:42.679-0400] {logging_mixin.py:188} INFO - [2025-04-21T17:08:42.679-0400] {dagbag.py:538} INFO - Filling up the DagBag from /Users/gaurav/Documents/Breast-Cancer-ML-Pipeline/venv/lib/python3.9/site-packages/airflow/example_dags/tutorial_objectstorage.py
[2025-04-21T17:08:42.731-0400] {processor.py:840} INFO - DAG(s) 'tutorial_objectstorage' retrieved from /Users/gaurav/Documents/Breast-Cancer-ML-Pipeline/venv/lib/python3.9/site-packages/airflow/example_dags/tutorial_objectstorage.py
[2025-04-21T17:08:42.793-0400] {logging_mixin.py:188} INFO - [2025-04-21T17:08:42.793-0400] {dag.py:3036} INFO - Sync 1 DAGs
[2025-04-21T17:08:42.800-0400] {logging_mixin.py:188} INFO - [2025-04-21T17:08:42.799-0400] {dag.py:3823} INFO - Setting next_dagrun for tutorial_objectstorage to None, run_after=None
[2025-04-21T17:08:42.811-0400] {processor.py:183} INFO - Processing /Users/gaurav/Documents/Breast-Cancer-ML-Pipeline/venv/lib/python3.9/site-packages/airflow/example_dags/tutorial_objectstorage.py took 0.135 seconds
[2025-04-21T17:09:54.556-0400] {processor.py:161} INFO - Started process (PID=85654) to work on /Users/gaurav/Documents/Breast-Cancer-ML-Pipeline/venv/lib/python3.9/site-packages/airflow/example_dags/tutorial_objectstorage.py
[2025-04-21T17:09:54.558-0400] {processor.py:830} INFO - Processing file /Users/gaurav/Documents/Breast-Cancer-ML-Pipeline/venv/lib/python3.9/site-packages/airflow/example_dags/tutorial_objectstorage.py for tasks to queue
[2025-04-21T17:09:54.558-0400] {logging_mixin.py:188} INFO - [2025-04-21T17:09:54.558-0400] {dagbag.py:538} INFO - Filling up the DagBag from /Users/gaurav/Documents/Breast-Cancer-ML-Pipeline/venv/lib/python3.9/site-packages/airflow/example_dags/tutorial_objectstorage.py
[2025-04-21T17:09:54.612-0400] {processor.py:840} INFO - DAG(s) 'tutorial_objectstorage' retrieved from /Users/gaurav/Documents/Breast-Cancer-ML-Pipeline/venv/lib/python3.9/site-packages/airflow/example_dags/tutorial_objectstorage.py
[2025-04-21T17:09:54.674-0400] {logging_mixin.py:188} INFO - [2025-04-21T17:09:54.674-0400] {dag.py:3036} INFO - Sync 1 DAGs
[2025-04-21T17:09:54.681-0400] {logging_mixin.py:188} INFO - [2025-04-21T17:09:54.681-0400] {dag.py:3823} INFO - Setting next_dagrun for tutorial_objectstorage to None, run_after=None
[2025-04-21T17:09:54.693-0400] {processor.py:183} INFO - Processing /Users/gaurav/Documents/Breast-Cancer-ML-Pipeline/venv/lib/python3.9/site-packages/airflow/example_dags/tutorial_objectstorage.py took 0.137 seconds
[2025-04-21T17:11:09.584-0400] {processor.py:161} INFO - Started process (PID=85736) to work on /Users/gaurav/Documents/Breast-Cancer-ML-Pipeline/venv/lib/python3.9/site-packages/airflow/example_dags/tutorial_objectstorage.py
[2025-04-21T17:11:09.585-0400] {processor.py:830} INFO - Processing file /Users/gaurav/Documents/Breast-Cancer-ML-Pipeline/venv/lib/python3.9/site-packages/airflow/example_dags/tutorial_objectstorage.py for tasks to queue
[2025-04-21T17:11:09.586-0400] {logging_mixin.py:188} INFO - [2025-04-21T17:11:09.585-0400] {dagbag.py:538} INFO - Filling up the DagBag from /Users/gaurav/Documents/Breast-Cancer-ML-Pipeline/venv/lib/python3.9/site-packages/airflow/example_dags/tutorial_objectstorage.py
[2025-04-21T17:11:09.638-0400] {processor.py:840} INFO - DAG(s) 'tutorial_objectstorage' retrieved from /Users/gaurav/Documents/Breast-Cancer-ML-Pipeline/venv/lib/python3.9/site-packages/airflow/example_dags/tutorial_objectstorage.py
[2025-04-21T17:11:09.699-0400] {logging_mixin.py:188} INFO - [2025-04-21T17:11:09.699-0400] {dag.py:3036} INFO - Sync 1 DAGs
[2025-04-21T17:11:09.706-0400] {logging_mixin.py:188} INFO - [2025-04-21T17:11:09.706-0400] {dag.py:3823} INFO - Setting next_dagrun for tutorial_objectstorage to None, run_after=None
[2025-04-21T17:11:09.718-0400] {processor.py:183} INFO - Processing /Users/gaurav/Documents/Breast-Cancer-ML-Pipeline/venv/lib/python3.9/site-packages/airflow/example_dags/tutorial_objectstorage.py took 0.135 seconds
[2025-04-21T17:12:22.947-0400] {processor.py:161} INFO - Started process (PID=85830) to work on /Users/gaurav/Documents/Breast-Cancer-ML-Pipeline/venv/lib/python3.9/site-packages/airflow/example_dags/tutorial_objectstorage.py
[2025-04-21T17:12:22.949-0400] {processor.py:830} INFO - Processing file /Users/gaurav/Documents/Breast-Cancer-ML-Pipeline/venv/lib/python3.9/site-packages/airflow/example_dags/tutorial_objectstorage.py for tasks to queue
[2025-04-21T17:12:22.950-0400] {logging_mixin.py:188} INFO - [2025-04-21T17:12:22.950-0400] {dagbag.py:538} INFO - Filling up the DagBag from /Users/gaurav/Documents/Breast-Cancer-ML-Pipeline/venv/lib/python3.9/site-packages/airflow/example_dags/tutorial_objectstorage.py
[2025-04-21T17:12:23.028-0400] {processor.py:840} INFO - DAG(s) 'tutorial_objectstorage' retrieved from /Users/gaurav/Documents/Breast-Cancer-ML-Pipeline/venv/lib/python3.9/site-packages/airflow/example_dags/tutorial_objectstorage.py
[2025-04-21T17:12:23.093-0400] {logging_mixin.py:188} INFO - [2025-04-21T17:12:23.092-0400] {dag.py:3036} INFO - Sync 1 DAGs
[2025-04-21T17:12:23.100-0400] {logging_mixin.py:188} INFO - [2025-04-21T17:12:23.100-0400] {dag.py:3823} INFO - Setting next_dagrun for tutorial_objectstorage to None, run_after=None
[2025-04-21T17:12:23.113-0400] {processor.py:183} INFO - Processing /Users/gaurav/Documents/Breast-Cancer-ML-Pipeline/venv/lib/python3.9/site-packages/airflow/example_dags/tutorial_objectstorage.py took 0.166 seconds
[2025-04-21T17:13:36.717-0400] {processor.py:161} INFO - Started process (PID=85915) to work on /Users/gaurav/Documents/Breast-Cancer-ML-Pipeline/venv/lib/python3.9/site-packages/airflow/example_dags/tutorial_objectstorage.py
[2025-04-21T17:13:36.718-0400] {processor.py:830} INFO - Processing file /Users/gaurav/Documents/Breast-Cancer-ML-Pipeline/venv/lib/python3.9/site-packages/airflow/example_dags/tutorial_objectstorage.py for tasks to queue
[2025-04-21T17:13:36.719-0400] {logging_mixin.py:188} INFO - [2025-04-21T17:13:36.718-0400] {dagbag.py:538} INFO - Filling up the DagBag from /Users/gaurav/Documents/Breast-Cancer-ML-Pipeline/venv/lib/python3.9/site-packages/airflow/example_dags/tutorial_objectstorage.py
[2025-04-21T17:13:36.774-0400] {processor.py:840} INFO - DAG(s) 'tutorial_objectstorage' retrieved from /Users/gaurav/Documents/Breast-Cancer-ML-Pipeline/venv/lib/python3.9/site-packages/airflow/example_dags/tutorial_objectstorage.py
[2025-04-21T17:13:36.836-0400] {logging_mixin.py:188} INFO - [2025-04-21T17:13:36.836-0400] {dag.py:3036} INFO - Sync 1 DAGs
[2025-04-21T17:13:36.843-0400] {logging_mixin.py:188} INFO - [2025-04-21T17:13:36.843-0400] {dag.py:3823} INFO - Setting next_dagrun for tutorial_objectstorage to None, run_after=None
[2025-04-21T17:13:36.856-0400] {processor.py:183} INFO - Processing /Users/gaurav/Documents/Breast-Cancer-ML-Pipeline/venv/lib/python3.9/site-packages/airflow/example_dags/tutorial_objectstorage.py took 0.140 seconds
[2025-04-21T17:14:50.000-0400] {processor.py:161} INFO - Started process (PID=86004) to work on /Users/gaurav/Documents/Breast-Cancer-ML-Pipeline/venv/lib/python3.9/site-packages/airflow/example_dags/tutorial_objectstorage.py
[2025-04-21T17:14:50.002-0400] {processor.py:830} INFO - Processing file /Users/gaurav/Documents/Breast-Cancer-ML-Pipeline/venv/lib/python3.9/site-packages/airflow/example_dags/tutorial_objectstorage.py for tasks to queue
[2025-04-21T17:14:50.003-0400] {logging_mixin.py:188} INFO - [2025-04-21T17:14:50.003-0400] {dagbag.py:538} INFO - Filling up the DagBag from /Users/gaurav/Documents/Breast-Cancer-ML-Pipeline/venv/lib/python3.9/site-packages/airflow/example_dags/tutorial_objectstorage.py
[2025-04-21T17:14:50.056-0400] {processor.py:840} INFO - DAG(s) 'tutorial_objectstorage' retrieved from /Users/gaurav/Documents/Breast-Cancer-ML-Pipeline/venv/lib/python3.9/site-packages/airflow/example_dags/tutorial_objectstorage.py
[2025-04-21T17:14:50.119-0400] {logging_mixin.py:188} INFO - [2025-04-21T17:14:50.119-0400] {dag.py:3036} INFO - Sync 1 DAGs
[2025-04-21T17:14:50.126-0400] {logging_mixin.py:188} INFO - [2025-04-21T17:14:50.126-0400] {dag.py:3823} INFO - Setting next_dagrun for tutorial_objectstorage to None, run_after=None
[2025-04-21T17:14:50.138-0400] {processor.py:183} INFO - Processing /Users/gaurav/Documents/Breast-Cancer-ML-Pipeline/venv/lib/python3.9/site-packages/airflow/example_dags/tutorial_objectstorage.py took 0.139 seconds
[2025-04-21T17:16:03.433-0400] {processor.py:161} INFO - Started process (PID=86095) to work on /Users/gaurav/Documents/Breast-Cancer-ML-Pipeline/venv/lib/python3.9/site-packages/airflow/example_dags/tutorial_objectstorage.py
[2025-04-21T17:16:03.436-0400] {processor.py:830} INFO - Processing file /Users/gaurav/Documents/Breast-Cancer-ML-Pipeline/venv/lib/python3.9/site-packages/airflow/example_dags/tutorial_objectstorage.py for tasks to queue
[2025-04-21T17:16:03.436-0400] {logging_mixin.py:188} INFO - [2025-04-21T17:16:03.436-0400] {dagbag.py:538} INFO - Filling up the DagBag from /Users/gaurav/Documents/Breast-Cancer-ML-Pipeline/venv/lib/python3.9/site-packages/airflow/example_dags/tutorial_objectstorage.py
[2025-04-21T17:16:03.490-0400] {processor.py:840} INFO - DAG(s) 'tutorial_objectstorage' retrieved from /Users/gaurav/Documents/Breast-Cancer-ML-Pipeline/venv/lib/python3.9/site-packages/airflow/example_dags/tutorial_objectstorage.py
[2025-04-21T17:16:03.554-0400] {logging_mixin.py:188} INFO - [2025-04-21T17:16:03.554-0400] {dag.py:3036} INFO - Sync 1 DAGs
[2025-04-21T17:16:03.562-0400] {logging_mixin.py:188} INFO - [2025-04-21T17:16:03.561-0400] {dag.py:3823} INFO - Setting next_dagrun for tutorial_objectstorage to None, run_after=None
[2025-04-21T17:16:03.575-0400] {processor.py:183} INFO - Processing /Users/gaurav/Documents/Breast-Cancer-ML-Pipeline/venv/lib/python3.9/site-packages/airflow/example_dags/tutorial_objectstorage.py took 0.143 seconds
[2025-04-21T17:17:17.275-0400] {processor.py:161} INFO - Started process (PID=86190) to work on /Users/gaurav/Documents/Breast-Cancer-ML-Pipeline/venv/lib/python3.9/site-packages/airflow/example_dags/tutorial_objectstorage.py
[2025-04-21T17:17:17.276-0400] {processor.py:830} INFO - Processing file /Users/gaurav/Documents/Breast-Cancer-ML-Pipeline/venv/lib/python3.9/site-packages/airflow/example_dags/tutorial_objectstorage.py for tasks to queue
[2025-04-21T17:17:17.277-0400] {logging_mixin.py:188} INFO - [2025-04-21T17:17:17.277-0400] {dagbag.py:538} INFO - Filling up the DagBag from /Users/gaurav/Documents/Breast-Cancer-ML-Pipeline/venv/lib/python3.9/site-packages/airflow/example_dags/tutorial_objectstorage.py
[2025-04-21T17:17:17.332-0400] {processor.py:840} INFO - DAG(s) 'tutorial_objectstorage' retrieved from /Users/gaurav/Documents/Breast-Cancer-ML-Pipeline/venv/lib/python3.9/site-packages/airflow/example_dags/tutorial_objectstorage.py
[2025-04-21T17:17:17.396-0400] {logging_mixin.py:188} INFO - [2025-04-21T17:17:17.395-0400] {dag.py:3036} INFO - Sync 1 DAGs
[2025-04-21T17:17:17.403-0400] {logging_mixin.py:188} INFO - [2025-04-21T17:17:17.403-0400] {dag.py:3823} INFO - Setting next_dagrun for tutorial_objectstorage to None, run_after=None
[2025-04-21T17:17:17.415-0400] {processor.py:183} INFO - Processing /Users/gaurav/Documents/Breast-Cancer-ML-Pipeline/venv/lib/python3.9/site-packages/airflow/example_dags/tutorial_objectstorage.py took 0.141 seconds
[2025-04-21T17:18:32.453-0400] {processor.py:161} INFO - Started process (PID=86282) to work on /Users/gaurav/Documents/Breast-Cancer-ML-Pipeline/venv/lib/python3.9/site-packages/airflow/example_dags/tutorial_objectstorage.py
[2025-04-21T17:18:32.456-0400] {processor.py:830} INFO - Processing file /Users/gaurav/Documents/Breast-Cancer-ML-Pipeline/venv/lib/python3.9/site-packages/airflow/example_dags/tutorial_objectstorage.py for tasks to queue
[2025-04-21T17:18:32.456-0400] {logging_mixin.py:188} INFO - [2025-04-21T17:18:32.456-0400] {dagbag.py:538} INFO - Filling up the DagBag from /Users/gaurav/Documents/Breast-Cancer-ML-Pipeline/venv/lib/python3.9/site-packages/airflow/example_dags/tutorial_objectstorage.py
[2025-04-21T17:18:32.512-0400] {processor.py:840} INFO - DAG(s) 'tutorial_objectstorage' retrieved from /Users/gaurav/Documents/Breast-Cancer-ML-Pipeline/venv/lib/python3.9/site-packages/airflow/example_dags/tutorial_objectstorage.py
[2025-04-21T17:18:32.576-0400] {logging_mixin.py:188} INFO - [2025-04-21T17:18:32.576-0400] {dag.py:3036} INFO - Sync 1 DAGs
[2025-04-21T17:18:32.583-0400] {logging_mixin.py:188} INFO - [2025-04-21T17:18:32.583-0400] {dag.py:3823} INFO - Setting next_dagrun for tutorial_objectstorage to None, run_after=None
[2025-04-21T17:18:32.596-0400] {processor.py:183} INFO - Processing /Users/gaurav/Documents/Breast-Cancer-ML-Pipeline/venv/lib/python3.9/site-packages/airflow/example_dags/tutorial_objectstorage.py took 0.144 seconds
[2025-04-21T17:19:47.936-0400] {processor.py:161} INFO - Started process (PID=86384) to work on /Users/gaurav/Documents/Breast-Cancer-ML-Pipeline/venv/lib/python3.9/site-packages/airflow/example_dags/tutorial_objectstorage.py
[2025-04-21T17:19:47.938-0400] {processor.py:830} INFO - Processing file /Users/gaurav/Documents/Breast-Cancer-ML-Pipeline/venv/lib/python3.9/site-packages/airflow/example_dags/tutorial_objectstorage.py for tasks to queue
[2025-04-21T17:19:47.938-0400] {logging_mixin.py:188} INFO - [2025-04-21T17:19:47.938-0400] {dagbag.py:538} INFO - Filling up the DagBag from /Users/gaurav/Documents/Breast-Cancer-ML-Pipeline/venv/lib/python3.9/site-packages/airflow/example_dags/tutorial_objectstorage.py
[2025-04-21T17:19:48.000-0400] {processor.py:840} INFO - DAG(s) 'tutorial_objectstorage' retrieved from /Users/gaurav/Documents/Breast-Cancer-ML-Pipeline/venv/lib/python3.9/site-packages/airflow/example_dags/tutorial_objectstorage.py
[2025-04-21T17:19:48.066-0400] {logging_mixin.py:188} INFO - [2025-04-21T17:19:48.066-0400] {dag.py:3036} INFO - Sync 1 DAGs
[2025-04-21T17:19:48.074-0400] {logging_mixin.py:188} INFO - [2025-04-21T17:19:48.074-0400] {dag.py:3823} INFO - Setting next_dagrun for tutorial_objectstorage to None, run_after=None
[2025-04-21T17:19:48.087-0400] {processor.py:183} INFO - Processing /Users/gaurav/Documents/Breast-Cancer-ML-Pipeline/venv/lib/python3.9/site-packages/airflow/example_dags/tutorial_objectstorage.py took 0.152 seconds
[2025-04-21T17:21:22.523-0400] {processor.py:161} INFO - Started process (PID=86485) to work on /Users/gaurav/Documents/Breast-Cancer-ML-Pipeline/venv/lib/python3.9/site-packages/airflow/example_dags/tutorial_objectstorage.py
[2025-04-21T17:21:22.525-0400] {processor.py:830} INFO - Processing file /Users/gaurav/Documents/Breast-Cancer-ML-Pipeline/venv/lib/python3.9/site-packages/airflow/example_dags/tutorial_objectstorage.py for tasks to queue
[2025-04-21T17:21:22.526-0400] {logging_mixin.py:188} INFO - [2025-04-21T17:21:22.526-0400] {dagbag.py:538} INFO - Filling up the DagBag from /Users/gaurav/Documents/Breast-Cancer-ML-Pipeline/venv/lib/python3.9/site-packages/airflow/example_dags/tutorial_objectstorage.py
[2025-04-21T17:21:22.578-0400] {processor.py:840} INFO - DAG(s) 'tutorial_objectstorage' retrieved from /Users/gaurav/Documents/Breast-Cancer-ML-Pipeline/venv/lib/python3.9/site-packages/airflow/example_dags/tutorial_objectstorage.py
[2025-04-21T17:21:22.586-0400] {logging_mixin.py:188} INFO - [2025-04-21T17:21:22.586-0400] {dag.py:3036} INFO - Sync 1 DAGs
[2025-04-21T17:21:22.646-0400] {logging_mixin.py:188} INFO - [2025-04-21T17:21:22.645-0400] {dag.py:3823} INFO - Setting next_dagrun for tutorial_objectstorage to None, run_after=None
[2025-04-21T17:21:22.660-0400] {processor.py:183} INFO - Processing /Users/gaurav/Documents/Breast-Cancer-ML-Pipeline/venv/lib/python3.9/site-packages/airflow/example_dags/tutorial_objectstorage.py took 0.139 seconds
[2025-04-21T17:23:00.111-0400] {processor.py:161} INFO - Started process (PID=86577) to work on /Users/gaurav/Documents/Breast-Cancer-ML-Pipeline/venv/lib/python3.9/site-packages/airflow/example_dags/tutorial_objectstorage.py
[2025-04-21T17:23:00.112-0400] {processor.py:830} INFO - Processing file /Users/gaurav/Documents/Breast-Cancer-ML-Pipeline/venv/lib/python3.9/site-packages/airflow/example_dags/tutorial_objectstorage.py for tasks to queue
[2025-04-21T17:23:00.113-0400] {logging_mixin.py:188} INFO - [2025-04-21T17:23:00.112-0400] {dagbag.py:538} INFO - Filling up the DagBag from /Users/gaurav/Documents/Breast-Cancer-ML-Pipeline/venv/lib/python3.9/site-packages/airflow/example_dags/tutorial_objectstorage.py
[2025-04-21T17:23:00.164-0400] {processor.py:840} INFO - DAG(s) 'tutorial_objectstorage' retrieved from /Users/gaurav/Documents/Breast-Cancer-ML-Pipeline/venv/lib/python3.9/site-packages/airflow/example_dags/tutorial_objectstorage.py
[2025-04-21T17:23:00.278-0400] {logging_mixin.py:188} INFO - [2025-04-21T17:23:00.278-0400] {dag.py:3036} INFO - Sync 1 DAGs
[2025-04-21T17:23:00.284-0400] {logging_mixin.py:188} INFO - [2025-04-21T17:23:00.284-0400] {dag.py:3823} INFO - Setting next_dagrun for tutorial_objectstorage to None, run_after=None
[2025-04-21T17:23:00.297-0400] {processor.py:183} INFO - Processing /Users/gaurav/Documents/Breast-Cancer-ML-Pipeline/venv/lib/python3.9/site-packages/airflow/example_dags/tutorial_objectstorage.py took 0.187 seconds
[2025-04-21T17:23:44.776-0400] {processor.py:161} INFO - Started process (PID=86637) to work on /Users/gaurav/Documents/Breast-Cancer-ML-Pipeline/venv/lib/python3.9/site-packages/airflow/example_dags/tutorial_objectstorage.py
[2025-04-21T17:23:44.777-0400] {processor.py:830} INFO - Processing file /Users/gaurav/Documents/Breast-Cancer-ML-Pipeline/venv/lib/python3.9/site-packages/airflow/example_dags/tutorial_objectstorage.py for tasks to queue
[2025-04-21T17:23:44.778-0400] {logging_mixin.py:188} INFO - [2025-04-21T17:23:44.777-0400] {dagbag.py:538} INFO - Filling up the DagBag from /Users/gaurav/Documents/Breast-Cancer-ML-Pipeline/venv/lib/python3.9/site-packages/airflow/example_dags/tutorial_objectstorage.py
[2025-04-21T17:23:44.833-0400] {processor.py:840} INFO - DAG(s) 'tutorial_objectstorage' retrieved from /Users/gaurav/Documents/Breast-Cancer-ML-Pipeline/venv/lib/python3.9/site-packages/airflow/example_dags/tutorial_objectstorage.py
[2025-04-21T17:23:44.895-0400] {logging_mixin.py:188} INFO - [2025-04-21T17:23:44.894-0400] {dag.py:3036} INFO - Sync 1 DAGs
[2025-04-21T17:23:44.902-0400] {logging_mixin.py:188} INFO - [2025-04-21T17:23:44.901-0400] {dag.py:3823} INFO - Setting next_dagrun for tutorial_objectstorage to None, run_after=None
[2025-04-21T17:23:44.913-0400] {processor.py:183} INFO - Processing /Users/gaurav/Documents/Breast-Cancer-ML-Pipeline/venv/lib/python3.9/site-packages/airflow/example_dags/tutorial_objectstorage.py took 0.138 seconds
[2025-04-21T17:25:01.527-0400] {processor.py:161} INFO - Started process (PID=86719) to work on /Users/gaurav/Documents/Breast-Cancer-ML-Pipeline/venv/lib/python3.9/site-packages/airflow/example_dags/tutorial_objectstorage.py
[2025-04-21T17:25:01.528-0400] {processor.py:830} INFO - Processing file /Users/gaurav/Documents/Breast-Cancer-ML-Pipeline/venv/lib/python3.9/site-packages/airflow/example_dags/tutorial_objectstorage.py for tasks to queue
[2025-04-21T17:25:01.529-0400] {logging_mixin.py:188} INFO - [2025-04-21T17:25:01.529-0400] {dagbag.py:538} INFO - Filling up the DagBag from /Users/gaurav/Documents/Breast-Cancer-ML-Pipeline/venv/lib/python3.9/site-packages/airflow/example_dags/tutorial_objectstorage.py
[2025-04-21T17:25:01.587-0400] {processor.py:840} INFO - DAG(s) 'tutorial_objectstorage' retrieved from /Users/gaurav/Documents/Breast-Cancer-ML-Pipeline/venv/lib/python3.9/site-packages/airflow/example_dags/tutorial_objectstorage.py
[2025-04-21T17:25:01.655-0400] {logging_mixin.py:188} INFO - [2025-04-21T17:25:01.655-0400] {dag.py:3036} INFO - Sync 1 DAGs
[2025-04-21T17:25:01.663-0400] {logging_mixin.py:188} INFO - [2025-04-21T17:25:01.663-0400] {dag.py:3823} INFO - Setting next_dagrun for tutorial_objectstorage to None, run_after=None
[2025-04-21T17:25:01.676-0400] {processor.py:183} INFO - Processing /Users/gaurav/Documents/Breast-Cancer-ML-Pipeline/venv/lib/python3.9/site-packages/airflow/example_dags/tutorial_objectstorage.py took 0.150 seconds
[2025-04-21T17:26:17.800-0400] {processor.py:161} INFO - Started process (PID=86834) to work on /Users/gaurav/Documents/Breast-Cancer-ML-Pipeline/venv/lib/python3.9/site-packages/airflow/example_dags/tutorial_objectstorage.py
[2025-04-21T17:26:17.802-0400] {processor.py:830} INFO - Processing file /Users/gaurav/Documents/Breast-Cancer-ML-Pipeline/venv/lib/python3.9/site-packages/airflow/example_dags/tutorial_objectstorage.py for tasks to queue
[2025-04-21T17:26:17.803-0400] {logging_mixin.py:188} INFO - [2025-04-21T17:26:17.802-0400] {dagbag.py:538} INFO - Filling up the DagBag from /Users/gaurav/Documents/Breast-Cancer-ML-Pipeline/venv/lib/python3.9/site-packages/airflow/example_dags/tutorial_objectstorage.py
[2025-04-21T17:26:17.858-0400] {processor.py:840} INFO - DAG(s) 'tutorial_objectstorage' retrieved from /Users/gaurav/Documents/Breast-Cancer-ML-Pipeline/venv/lib/python3.9/site-packages/airflow/example_dags/tutorial_objectstorage.py
[2025-04-21T17:26:17.921-0400] {logging_mixin.py:188} INFO - [2025-04-21T17:26:17.921-0400] {dag.py:3036} INFO - Sync 1 DAGs
[2025-04-21T17:26:17.928-0400] {logging_mixin.py:188} INFO - [2025-04-21T17:26:17.928-0400] {dag.py:3823} INFO - Setting next_dagrun for tutorial_objectstorage to None, run_after=None
[2025-04-21T17:26:17.940-0400] {processor.py:183} INFO - Processing /Users/gaurav/Documents/Breast-Cancer-ML-Pipeline/venv/lib/python3.9/site-packages/airflow/example_dags/tutorial_objectstorage.py took 0.141 seconds
[2025-04-21T17:27:34.855-0400] {processor.py:161} INFO - Started process (PID=86948) to work on /Users/gaurav/Documents/Breast-Cancer-ML-Pipeline/venv/lib/python3.9/site-packages/airflow/example_dags/tutorial_objectstorage.py
[2025-04-21T17:27:34.858-0400] {processor.py:830} INFO - Processing file /Users/gaurav/Documents/Breast-Cancer-ML-Pipeline/venv/lib/python3.9/site-packages/airflow/example_dags/tutorial_objectstorage.py for tasks to queue
[2025-04-21T17:27:34.858-0400] {logging_mixin.py:188} INFO - [2025-04-21T17:27:34.858-0400] {dagbag.py:538} INFO - Filling up the DagBag from /Users/gaurav/Documents/Breast-Cancer-ML-Pipeline/venv/lib/python3.9/site-packages/airflow/example_dags/tutorial_objectstorage.py
[2025-04-21T17:27:34.920-0400] {processor.py:840} INFO - DAG(s) 'tutorial_objectstorage' retrieved from /Users/gaurav/Documents/Breast-Cancer-ML-Pipeline/venv/lib/python3.9/site-packages/airflow/example_dags/tutorial_objectstorage.py
[2025-04-21T17:27:34.986-0400] {logging_mixin.py:188} INFO - [2025-04-21T17:27:34.985-0400] {dag.py:3036} INFO - Sync 1 DAGs
[2025-04-21T17:27:34.993-0400] {logging_mixin.py:188} INFO - [2025-04-21T17:27:34.993-0400] {dag.py:3823} INFO - Setting next_dagrun for tutorial_objectstorage to None, run_after=None
[2025-04-21T17:27:35.006-0400] {processor.py:183} INFO - Processing /Users/gaurav/Documents/Breast-Cancer-ML-Pipeline/venv/lib/python3.9/site-packages/airflow/example_dags/tutorial_objectstorage.py took 0.152 seconds
[2025-04-21T17:29:09.508-0400] {processor.py:161} INFO - Started process (PID=87094) to work on /Users/gaurav/Documents/Breast-Cancer-ML-Pipeline/venv/lib/python3.9/site-packages/airflow/example_dags/tutorial_objectstorage.py
[2025-04-21T17:29:09.510-0400] {processor.py:830} INFO - Processing file /Users/gaurav/Documents/Breast-Cancer-ML-Pipeline/venv/lib/python3.9/site-packages/airflow/example_dags/tutorial_objectstorage.py for tasks to queue
[2025-04-21T17:29:09.510-0400] {logging_mixin.py:188} INFO - [2025-04-21T17:29:09.510-0400] {dagbag.py:538} INFO - Filling up the DagBag from /Users/gaurav/Documents/Breast-Cancer-ML-Pipeline/venv/lib/python3.9/site-packages/airflow/example_dags/tutorial_objectstorage.py
[2025-04-21T17:29:09.567-0400] {processor.py:840} INFO - DAG(s) 'tutorial_objectstorage' retrieved from /Users/gaurav/Documents/Breast-Cancer-ML-Pipeline/venv/lib/python3.9/site-packages/airflow/example_dags/tutorial_objectstorage.py
[2025-04-21T17:29:09.631-0400] {logging_mixin.py:188} INFO - [2025-04-21T17:29:09.631-0400] {dag.py:3036} INFO - Sync 1 DAGs
[2025-04-21T17:29:09.638-0400] {logging_mixin.py:188} INFO - [2025-04-21T17:29:09.638-0400] {dag.py:3823} INFO - Setting next_dagrun for tutorial_objectstorage to None, run_after=None
[2025-04-21T17:29:09.652-0400] {processor.py:183} INFO - Processing /Users/gaurav/Documents/Breast-Cancer-ML-Pipeline/venv/lib/python3.9/site-packages/airflow/example_dags/tutorial_objectstorage.py took 0.144 seconds
[2025-04-21T17:30:00.053-0400] {processor.py:161} INFO - Started process (PID=87148) to work on /Users/gaurav/Documents/Breast-Cancer-ML-Pipeline/venv/lib/python3.9/site-packages/airflow/example_dags/tutorial_objectstorage.py
[2025-04-21T17:30:00.054-0400] {processor.py:830} INFO - Processing file /Users/gaurav/Documents/Breast-Cancer-ML-Pipeline/venv/lib/python3.9/site-packages/airflow/example_dags/tutorial_objectstorage.py for tasks to queue
[2025-04-21T17:30:00.055-0400] {logging_mixin.py:188} INFO - [2025-04-21T17:30:00.055-0400] {dagbag.py:538} INFO - Filling up the DagBag from /Users/gaurav/Documents/Breast-Cancer-ML-Pipeline/venv/lib/python3.9/site-packages/airflow/example_dags/tutorial_objectstorage.py
[2025-04-21T17:30:00.110-0400] {processor.py:840} INFO - DAG(s) 'tutorial_objectstorage' retrieved from /Users/gaurav/Documents/Breast-Cancer-ML-Pipeline/venv/lib/python3.9/site-packages/airflow/example_dags/tutorial_objectstorage.py
[2025-04-21T17:30:00.175-0400] {logging_mixin.py:188} INFO - [2025-04-21T17:30:00.175-0400] {dag.py:3036} INFO - Sync 1 DAGs
[2025-04-21T17:30:00.185-0400] {logging_mixin.py:188} INFO - [2025-04-21T17:30:00.185-0400] {dag.py:3823} INFO - Setting next_dagrun for tutorial_objectstorage to None, run_after=None
[2025-04-21T17:30:00.197-0400] {processor.py:183} INFO - Processing /Users/gaurav/Documents/Breast-Cancer-ML-Pipeline/venv/lib/python3.9/site-packages/airflow/example_dags/tutorial_objectstorage.py took 0.145 seconds
[2025-04-21T17:31:16.816-0400] {processor.py:161} INFO - Started process (PID=87235) to work on /Users/gaurav/Documents/Breast-Cancer-ML-Pipeline/venv/lib/python3.9/site-packages/airflow/example_dags/tutorial_objectstorage.py
[2025-04-21T17:31:16.818-0400] {processor.py:830} INFO - Processing file /Users/gaurav/Documents/Breast-Cancer-ML-Pipeline/venv/lib/python3.9/site-packages/airflow/example_dags/tutorial_objectstorage.py for tasks to queue
[2025-04-21T17:31:16.819-0400] {logging_mixin.py:188} INFO - [2025-04-21T17:31:16.818-0400] {dagbag.py:538} INFO - Filling up the DagBag from /Users/gaurav/Documents/Breast-Cancer-ML-Pipeline/venv/lib/python3.9/site-packages/airflow/example_dags/tutorial_objectstorage.py
[2025-04-21T17:31:16.871-0400] {processor.py:840} INFO - DAG(s) 'tutorial_objectstorage' retrieved from /Users/gaurav/Documents/Breast-Cancer-ML-Pipeline/venv/lib/python3.9/site-packages/airflow/example_dags/tutorial_objectstorage.py
[2025-04-21T17:31:16.934-0400] {logging_mixin.py:188} INFO - [2025-04-21T17:31:16.933-0400] {dag.py:3036} INFO - Sync 1 DAGs
[2025-04-21T17:31:16.940-0400] {logging_mixin.py:188} INFO - [2025-04-21T17:31:16.940-0400] {dag.py:3823} INFO - Setting next_dagrun for tutorial_objectstorage to None, run_after=None
[2025-04-21T17:31:16.953-0400] {processor.py:183} INFO - Processing /Users/gaurav/Documents/Breast-Cancer-ML-Pipeline/venv/lib/python3.9/site-packages/airflow/example_dags/tutorial_objectstorage.py took 0.138 seconds
[2025-04-21T17:35:36.596-0400] {processor.py:161} INFO - Started process (PID=87453) to work on /Users/gaurav/Documents/Breast-Cancer-ML-Pipeline/venv/lib/python3.9/site-packages/airflow/example_dags/tutorial_objectstorage.py
[2025-04-21T17:35:36.598-0400] {processor.py:830} INFO - Processing file /Users/gaurav/Documents/Breast-Cancer-ML-Pipeline/venv/lib/python3.9/site-packages/airflow/example_dags/tutorial_objectstorage.py for tasks to queue
[2025-04-21T17:35:36.598-0400] {logging_mixin.py:188} INFO - [2025-04-21T17:35:36.598-0400] {dagbag.py:538} INFO - Filling up the DagBag from /Users/gaurav/Documents/Breast-Cancer-ML-Pipeline/venv/lib/python3.9/site-packages/airflow/example_dags/tutorial_objectstorage.py
[2025-04-21T17:35:36.647-0400] {processor.py:840} INFO - DAG(s) 'tutorial_objectstorage' retrieved from /Users/gaurav/Documents/Breast-Cancer-ML-Pipeline/venv/lib/python3.9/site-packages/airflow/example_dags/tutorial_objectstorage.py
[2025-04-21T17:35:36.655-0400] {logging_mixin.py:188} INFO - [2025-04-21T17:35:36.654-0400] {dag.py:3036} INFO - Sync 1 DAGs
[2025-04-21T17:35:36.707-0400] {logging_mixin.py:188} INFO - [2025-04-21T17:35:36.707-0400] {dag.py:3823} INFO - Setting next_dagrun for tutorial_objectstorage to None, run_after=None
[2025-04-21T17:35:36.721-0400] {processor.py:183} INFO - Processing /Users/gaurav/Documents/Breast-Cancer-ML-Pipeline/venv/lib/python3.9/site-packages/airflow/example_dags/tutorial_objectstorage.py took 0.125 seconds
[2025-04-21T17:38:22.342-0400] {processor.py:161} INFO - Started process (PID=87846) to work on /Users/gaurav/Documents/Breast-Cancer-ML-Pipeline/venv/lib/python3.9/site-packages/airflow/example_dags/tutorial_objectstorage.py
[2025-04-21T17:38:22.343-0400] {processor.py:830} INFO - Processing file /Users/gaurav/Documents/Breast-Cancer-ML-Pipeline/venv/lib/python3.9/site-packages/airflow/example_dags/tutorial_objectstorage.py for tasks to queue
[2025-04-21T17:38:22.344-0400] {logging_mixin.py:188} INFO - [2025-04-21T17:38:22.343-0400] {dagbag.py:538} INFO - Filling up the DagBag from /Users/gaurav/Documents/Breast-Cancer-ML-Pipeline/venv/lib/python3.9/site-packages/airflow/example_dags/tutorial_objectstorage.py
[2025-04-21T17:38:22.400-0400] {processor.py:840} INFO - DAG(s) 'tutorial_objectstorage' retrieved from /Users/gaurav/Documents/Breast-Cancer-ML-Pipeline/venv/lib/python3.9/site-packages/airflow/example_dags/tutorial_objectstorage.py
[2025-04-21T17:38:22.522-0400] {logging_mixin.py:188} INFO - [2025-04-21T17:38:22.521-0400] {dag.py:3036} INFO - Sync 1 DAGs
[2025-04-21T17:38:22.529-0400] {logging_mixin.py:188} INFO - [2025-04-21T17:38:22.528-0400] {dag.py:3823} INFO - Setting next_dagrun for tutorial_objectstorage to None, run_after=None
[2025-04-21T17:38:22.542-0400] {processor.py:183} INFO - Processing /Users/gaurav/Documents/Breast-Cancer-ML-Pipeline/venv/lib/python3.9/site-packages/airflow/example_dags/tutorial_objectstorage.py took 0.201 seconds
[2025-04-21T17:39:37.877-0400] {processor.py:161} INFO - Started process (PID=87916) to work on /Users/gaurav/Documents/Breast-Cancer-ML-Pipeline/venv/lib/python3.9/site-packages/airflow/example_dags/tutorial_objectstorage.py
[2025-04-21T17:39:37.879-0400] {processor.py:830} INFO - Processing file /Users/gaurav/Documents/Breast-Cancer-ML-Pipeline/venv/lib/python3.9/site-packages/airflow/example_dags/tutorial_objectstorage.py for tasks to queue
[2025-04-21T17:39:37.879-0400] {logging_mixin.py:188} INFO - [2025-04-21T17:39:37.879-0400] {dagbag.py:538} INFO - Filling up the DagBag from /Users/gaurav/Documents/Breast-Cancer-ML-Pipeline/venv/lib/python3.9/site-packages/airflow/example_dags/tutorial_objectstorage.py
[2025-04-21T17:39:37.930-0400] {processor.py:840} INFO - DAG(s) 'tutorial_objectstorage' retrieved from /Users/gaurav/Documents/Breast-Cancer-ML-Pipeline/venv/lib/python3.9/site-packages/airflow/example_dags/tutorial_objectstorage.py
[2025-04-21T17:39:37.991-0400] {logging_mixin.py:188} INFO - [2025-04-21T17:39:37.991-0400] {dag.py:3036} INFO - Sync 1 DAGs
[2025-04-21T17:39:37.998-0400] {logging_mixin.py:188} INFO - [2025-04-21T17:39:37.998-0400] {dag.py:3823} INFO - Setting next_dagrun for tutorial_objectstorage to None, run_after=None
[2025-04-21T17:39:38.010-0400] {processor.py:183} INFO - Processing /Users/gaurav/Documents/Breast-Cancer-ML-Pipeline/venv/lib/python3.9/site-packages/airflow/example_dags/tutorial_objectstorage.py took 0.134 seconds
[2025-04-21T17:40:55.523-0400] {processor.py:161} INFO - Started process (PID=88050) to work on /Users/gaurav/Documents/Breast-Cancer-ML-Pipeline/venv/lib/python3.9/site-packages/airflow/example_dags/tutorial_objectstorage.py
[2025-04-21T17:40:55.525-0400] {processor.py:830} INFO - Processing file /Users/gaurav/Documents/Breast-Cancer-ML-Pipeline/venv/lib/python3.9/site-packages/airflow/example_dags/tutorial_objectstorage.py for tasks to queue
[2025-04-21T17:40:55.525-0400] {logging_mixin.py:188} INFO - [2025-04-21T17:40:55.525-0400] {dagbag.py:538} INFO - Filling up the DagBag from /Users/gaurav/Documents/Breast-Cancer-ML-Pipeline/venv/lib/python3.9/site-packages/airflow/example_dags/tutorial_objectstorage.py
[2025-04-21T17:40:55.577-0400] {processor.py:840} INFO - DAG(s) 'tutorial_objectstorage' retrieved from /Users/gaurav/Documents/Breast-Cancer-ML-Pipeline/venv/lib/python3.9/site-packages/airflow/example_dags/tutorial_objectstorage.py
[2025-04-21T17:40:55.640-0400] {logging_mixin.py:188} INFO - [2025-04-21T17:40:55.640-0400] {dag.py:3036} INFO - Sync 1 DAGs
[2025-04-21T17:40:55.647-0400] {logging_mixin.py:188} INFO - [2025-04-21T17:40:55.647-0400] {dag.py:3823} INFO - Setting next_dagrun for tutorial_objectstorage to None, run_after=None
[2025-04-21T17:40:55.659-0400] {processor.py:183} INFO - Processing /Users/gaurav/Documents/Breast-Cancer-ML-Pipeline/venv/lib/python3.9/site-packages/airflow/example_dags/tutorial_objectstorage.py took 0.138 seconds
[2025-04-21T17:41:57.607-0400] {processor.py:161} INFO - Started process (PID=88134) to work on /Users/gaurav/Documents/Breast-Cancer-ML-Pipeline/venv/lib/python3.9/site-packages/airflow/example_dags/tutorial_objectstorage.py
[2025-04-21T17:41:57.608-0400] {processor.py:830} INFO - Processing file /Users/gaurav/Documents/Breast-Cancer-ML-Pipeline/venv/lib/python3.9/site-packages/airflow/example_dags/tutorial_objectstorage.py for tasks to queue
[2025-04-21T17:41:57.609-0400] {logging_mixin.py:188} INFO - [2025-04-21T17:41:57.608-0400] {dagbag.py:538} INFO - Filling up the DagBag from /Users/gaurav/Documents/Breast-Cancer-ML-Pipeline/venv/lib/python3.9/site-packages/airflow/example_dags/tutorial_objectstorage.py
[2025-04-21T17:41:57.662-0400] {processor.py:840} INFO - DAG(s) 'tutorial_objectstorage' retrieved from /Users/gaurav/Documents/Breast-Cancer-ML-Pipeline/venv/lib/python3.9/site-packages/airflow/example_dags/tutorial_objectstorage.py
[2025-04-21T17:41:57.725-0400] {logging_mixin.py:188} INFO - [2025-04-21T17:41:57.725-0400] {dag.py:3036} INFO - Sync 1 DAGs
[2025-04-21T17:41:57.732-0400] {logging_mixin.py:188} INFO - [2025-04-21T17:41:57.732-0400] {dag.py:3823} INFO - Setting next_dagrun for tutorial_objectstorage to None, run_after=None
[2025-04-21T17:41:57.744-0400] {processor.py:183} INFO - Processing /Users/gaurav/Documents/Breast-Cancer-ML-Pipeline/venv/lib/python3.9/site-packages/airflow/example_dags/tutorial_objectstorage.py took 0.138 seconds
[2025-04-21T17:43:08.715-0400] {processor.py:161} INFO - Started process (PID=88213) to work on /Users/gaurav/Documents/Breast-Cancer-ML-Pipeline/venv/lib/python3.9/site-packages/airflow/example_dags/tutorial_objectstorage.py
[2025-04-21T17:43:08.717-0400] {processor.py:830} INFO - Processing file /Users/gaurav/Documents/Breast-Cancer-ML-Pipeline/venv/lib/python3.9/site-packages/airflow/example_dags/tutorial_objectstorage.py for tasks to queue
[2025-04-21T17:43:08.718-0400] {logging_mixin.py:188} INFO - [2025-04-21T17:43:08.717-0400] {dagbag.py:538} INFO - Filling up the DagBag from /Users/gaurav/Documents/Breast-Cancer-ML-Pipeline/venv/lib/python3.9/site-packages/airflow/example_dags/tutorial_objectstorage.py
[2025-04-21T17:43:08.771-0400] {processor.py:840} INFO - DAG(s) 'tutorial_objectstorage' retrieved from /Users/gaurav/Documents/Breast-Cancer-ML-Pipeline/venv/lib/python3.9/site-packages/airflow/example_dags/tutorial_objectstorage.py
[2025-04-21T17:43:08.833-0400] {logging_mixin.py:188} INFO - [2025-04-21T17:43:08.832-0400] {dag.py:3036} INFO - Sync 1 DAGs
[2025-04-21T17:43:08.840-0400] {logging_mixin.py:188} INFO - [2025-04-21T17:43:08.840-0400] {dag.py:3823} INFO - Setting next_dagrun for tutorial_objectstorage to None, run_after=None
[2025-04-21T17:43:08.852-0400] {processor.py:183} INFO - Processing /Users/gaurav/Documents/Breast-Cancer-ML-Pipeline/venv/lib/python3.9/site-packages/airflow/example_dags/tutorial_objectstorage.py took 0.138 seconds
[2025-04-21T17:44:20.529-0400] {processor.py:161} INFO - Started process (PID=88300) to work on /Users/gaurav/Documents/Breast-Cancer-ML-Pipeline/venv/lib/python3.9/site-packages/airflow/example_dags/tutorial_objectstorage.py
[2025-04-21T17:44:20.531-0400] {processor.py:830} INFO - Processing file /Users/gaurav/Documents/Breast-Cancer-ML-Pipeline/venv/lib/python3.9/site-packages/airflow/example_dags/tutorial_objectstorage.py for tasks to queue
[2025-04-21T17:44:20.532-0400] {logging_mixin.py:188} INFO - [2025-04-21T17:44:20.531-0400] {dagbag.py:538} INFO - Filling up the DagBag from /Users/gaurav/Documents/Breast-Cancer-ML-Pipeline/venv/lib/python3.9/site-packages/airflow/example_dags/tutorial_objectstorage.py
[2025-04-21T17:44:20.585-0400] {processor.py:840} INFO - DAG(s) 'tutorial_objectstorage' retrieved from /Users/gaurav/Documents/Breast-Cancer-ML-Pipeline/venv/lib/python3.9/site-packages/airflow/example_dags/tutorial_objectstorage.py
[2025-04-21T17:44:20.647-0400] {logging_mixin.py:188} INFO - [2025-04-21T17:44:20.646-0400] {dag.py:3036} INFO - Sync 1 DAGs
[2025-04-21T17:44:20.654-0400] {logging_mixin.py:188} INFO - [2025-04-21T17:44:20.653-0400] {dag.py:3823} INFO - Setting next_dagrun for tutorial_objectstorage to None, run_after=None
[2025-04-21T17:44:20.666-0400] {processor.py:183} INFO - Processing /Users/gaurav/Documents/Breast-Cancer-ML-Pipeline/venv/lib/python3.9/site-packages/airflow/example_dags/tutorial_objectstorage.py took 0.138 seconds
[2025-04-21T17:45:20.390-0400] {processor.py:161} INFO - Started process (PID=88387) to work on /Users/gaurav/Documents/Breast-Cancer-ML-Pipeline/venv/lib/python3.9/site-packages/airflow/example_dags/tutorial_objectstorage.py
[2025-04-21T17:45:20.391-0400] {processor.py:830} INFO - Processing file /Users/gaurav/Documents/Breast-Cancer-ML-Pipeline/venv/lib/python3.9/site-packages/airflow/example_dags/tutorial_objectstorage.py for tasks to queue
[2025-04-21T17:45:20.392-0400] {logging_mixin.py:188} INFO - [2025-04-21T17:45:20.392-0400] {dagbag.py:538} INFO - Filling up the DagBag from /Users/gaurav/Documents/Breast-Cancer-ML-Pipeline/venv/lib/python3.9/site-packages/airflow/example_dags/tutorial_objectstorage.py
[2025-04-21T17:45:20.438-0400] {processor.py:840} INFO - DAG(s) 'tutorial_objectstorage' retrieved from /Users/gaurav/Documents/Breast-Cancer-ML-Pipeline/venv/lib/python3.9/site-packages/airflow/example_dags/tutorial_objectstorage.py
[2025-04-21T17:45:20.486-0400] {logging_mixin.py:188} INFO - [2025-04-21T17:45:20.486-0400] {dag.py:3036} INFO - Sync 1 DAGs
[2025-04-21T17:45:20.493-0400] {logging_mixin.py:188} INFO - [2025-04-21T17:45:20.493-0400] {dag.py:3823} INFO - Setting next_dagrun for tutorial_objectstorage to None, run_after=None
[2025-04-21T17:45:20.505-0400] {processor.py:183} INFO - Processing /Users/gaurav/Documents/Breast-Cancer-ML-Pipeline/venv/lib/python3.9/site-packages/airflow/example_dags/tutorial_objectstorage.py took 0.116 seconds
[2025-04-21T17:46:07.785-0400] {processor.py:161} INFO - Started process (PID=88508) to work on /Users/gaurav/Documents/Breast-Cancer-ML-Pipeline/venv/lib/python3.9/site-packages/airflow/example_dags/tutorial_objectstorage.py
[2025-04-21T17:46:07.786-0400] {processor.py:830} INFO - Processing file /Users/gaurav/Documents/Breast-Cancer-ML-Pipeline/venv/lib/python3.9/site-packages/airflow/example_dags/tutorial_objectstorage.py for tasks to queue
[2025-04-21T17:46:07.787-0400] {logging_mixin.py:188} INFO - [2025-04-21T17:46:07.787-0400] {dagbag.py:538} INFO - Filling up the DagBag from /Users/gaurav/Documents/Breast-Cancer-ML-Pipeline/venv/lib/python3.9/site-packages/airflow/example_dags/tutorial_objectstorage.py
[2025-04-21T17:46:07.833-0400] {processor.py:840} INFO - DAG(s) 'tutorial_objectstorage' retrieved from /Users/gaurav/Documents/Breast-Cancer-ML-Pipeline/venv/lib/python3.9/site-packages/airflow/example_dags/tutorial_objectstorage.py
[2025-04-21T17:46:07.883-0400] {logging_mixin.py:188} INFO - [2025-04-21T17:46:07.883-0400] {dag.py:3036} INFO - Sync 1 DAGs
[2025-04-21T17:46:07.889-0400] {logging_mixin.py:188} INFO - [2025-04-21T17:46:07.888-0400] {dag.py:3823} INFO - Setting next_dagrun for tutorial_objectstorage to None, run_after=None
[2025-04-21T17:46:07.898-0400] {processor.py:183} INFO - Processing /Users/gaurav/Documents/Breast-Cancer-ML-Pipeline/venv/lib/python3.9/site-packages/airflow/example_dags/tutorial_objectstorage.py took 0.114 seconds
[2025-04-21T17:47:05.579-0400] {processor.py:161} INFO - Started process (PID=88585) to work on /Users/gaurav/Documents/Breast-Cancer-ML-Pipeline/venv/lib/python3.9/site-packages/airflow/example_dags/tutorial_objectstorage.py
[2025-04-21T17:47:05.580-0400] {processor.py:830} INFO - Processing file /Users/gaurav/Documents/Breast-Cancer-ML-Pipeline/venv/lib/python3.9/site-packages/airflow/example_dags/tutorial_objectstorage.py for tasks to queue
[2025-04-21T17:47:05.580-0400] {logging_mixin.py:188} INFO - [2025-04-21T17:47:05.580-0400] {dagbag.py:538} INFO - Filling up the DagBag from /Users/gaurav/Documents/Breast-Cancer-ML-Pipeline/venv/lib/python3.9/site-packages/airflow/example_dags/tutorial_objectstorage.py
[2025-04-21T17:47:05.625-0400] {processor.py:840} INFO - DAG(s) 'tutorial_objectstorage' retrieved from /Users/gaurav/Documents/Breast-Cancer-ML-Pipeline/venv/lib/python3.9/site-packages/airflow/example_dags/tutorial_objectstorage.py
[2025-04-21T17:47:05.673-0400] {logging_mixin.py:188} INFO - [2025-04-21T17:47:05.673-0400] {dag.py:3036} INFO - Sync 1 DAGs
[2025-04-21T17:47:05.679-0400] {logging_mixin.py:188} INFO - [2025-04-21T17:47:05.679-0400] {dag.py:3823} INFO - Setting next_dagrun for tutorial_objectstorage to None, run_after=None
[2025-04-21T17:47:05.688-0400] {processor.py:183} INFO - Processing /Users/gaurav/Documents/Breast-Cancer-ML-Pipeline/venv/lib/python3.9/site-packages/airflow/example_dags/tutorial_objectstorage.py took 0.110 seconds
[2025-04-21T17:47:55.156-0400] {processor.py:161} INFO - Started process (PID=88648) to work on /Users/gaurav/Documents/Breast-Cancer-ML-Pipeline/venv/lib/python3.9/site-packages/airflow/example_dags/tutorial_objectstorage.py
[2025-04-21T17:47:55.158-0400] {processor.py:830} INFO - Processing file /Users/gaurav/Documents/Breast-Cancer-ML-Pipeline/venv/lib/python3.9/site-packages/airflow/example_dags/tutorial_objectstorage.py for tasks to queue
[2025-04-21T17:47:55.158-0400] {logging_mixin.py:188} INFO - [2025-04-21T17:47:55.158-0400] {dagbag.py:538} INFO - Filling up the DagBag from /Users/gaurav/Documents/Breast-Cancer-ML-Pipeline/venv/lib/python3.9/site-packages/airflow/example_dags/tutorial_objectstorage.py
[2025-04-21T17:47:55.204-0400] {processor.py:840} INFO - DAG(s) 'tutorial_objectstorage' retrieved from /Users/gaurav/Documents/Breast-Cancer-ML-Pipeline/venv/lib/python3.9/site-packages/airflow/example_dags/tutorial_objectstorage.py
[2025-04-21T17:47:55.253-0400] {logging_mixin.py:188} INFO - [2025-04-21T17:47:55.253-0400] {dag.py:3036} INFO - Sync 1 DAGs
[2025-04-21T17:47:55.258-0400] {logging_mixin.py:188} INFO - [2025-04-21T17:47:55.258-0400] {dag.py:3823} INFO - Setting next_dagrun for tutorial_objectstorage to None, run_after=None
[2025-04-21T17:47:55.268-0400] {processor.py:183} INFO - Processing /Users/gaurav/Documents/Breast-Cancer-ML-Pipeline/venv/lib/python3.9/site-packages/airflow/example_dags/tutorial_objectstorage.py took 0.112 seconds
[2025-04-21T17:48:40.037-0400] {processor.py:161} INFO - Started process (PID=88709) to work on /Users/gaurav/Documents/Breast-Cancer-ML-Pipeline/venv/lib/python3.9/site-packages/airflow/example_dags/tutorial_objectstorage.py
[2025-04-21T17:48:40.038-0400] {processor.py:830} INFO - Processing file /Users/gaurav/Documents/Breast-Cancer-ML-Pipeline/venv/lib/python3.9/site-packages/airflow/example_dags/tutorial_objectstorage.py for tasks to queue
[2025-04-21T17:48:40.039-0400] {logging_mixin.py:188} INFO - [2025-04-21T17:48:40.039-0400] {dagbag.py:538} INFO - Filling up the DagBag from /Users/gaurav/Documents/Breast-Cancer-ML-Pipeline/venv/lib/python3.9/site-packages/airflow/example_dags/tutorial_objectstorage.py
[2025-04-21T17:48:40.082-0400] {processor.py:840} INFO - DAG(s) 'tutorial_objectstorage' retrieved from /Users/gaurav/Documents/Breast-Cancer-ML-Pipeline/venv/lib/python3.9/site-packages/airflow/example_dags/tutorial_objectstorage.py
[2025-04-21T17:48:40.129-0400] {logging_mixin.py:188} INFO - [2025-04-21T17:48:40.129-0400] {dag.py:3036} INFO - Sync 1 DAGs
[2025-04-21T17:48:40.134-0400] {logging_mixin.py:188} INFO - [2025-04-21T17:48:40.134-0400] {dag.py:3823} INFO - Setting next_dagrun for tutorial_objectstorage to None, run_after=None
[2025-04-21T17:48:40.144-0400] {processor.py:183} INFO - Processing /Users/gaurav/Documents/Breast-Cancer-ML-Pipeline/venv/lib/python3.9/site-packages/airflow/example_dags/tutorial_objectstorage.py took 0.108 seconds
[2025-04-21T17:49:22.465-0400] {processor.py:161} INFO - Started process (PID=88771) to work on /Users/gaurav/Documents/Breast-Cancer-ML-Pipeline/venv/lib/python3.9/site-packages/airflow/example_dags/tutorial_objectstorage.py
[2025-04-21T17:49:22.467-0400] {processor.py:830} INFO - Processing file /Users/gaurav/Documents/Breast-Cancer-ML-Pipeline/venv/lib/python3.9/site-packages/airflow/example_dags/tutorial_objectstorage.py for tasks to queue
[2025-04-21T17:49:22.467-0400] {logging_mixin.py:188} INFO - [2025-04-21T17:49:22.467-0400] {dagbag.py:538} INFO - Filling up the DagBag from /Users/gaurav/Documents/Breast-Cancer-ML-Pipeline/venv/lib/python3.9/site-packages/airflow/example_dags/tutorial_objectstorage.py
[2025-04-21T17:49:22.510-0400] {processor.py:840} INFO - DAG(s) 'tutorial_objectstorage' retrieved from /Users/gaurav/Documents/Breast-Cancer-ML-Pipeline/venv/lib/python3.9/site-packages/airflow/example_dags/tutorial_objectstorage.py
[2025-04-21T17:49:22.560-0400] {logging_mixin.py:188} INFO - [2025-04-21T17:49:22.559-0400] {dag.py:3036} INFO - Sync 1 DAGs
[2025-04-21T17:49:22.565-0400] {logging_mixin.py:188} INFO - [2025-04-21T17:49:22.565-0400] {dag.py:3823} INFO - Setting next_dagrun for tutorial_objectstorage to None, run_after=None
[2025-04-21T17:49:22.575-0400] {processor.py:183} INFO - Processing /Users/gaurav/Documents/Breast-Cancer-ML-Pipeline/venv/lib/python3.9/site-packages/airflow/example_dags/tutorial_objectstorage.py took 0.110 seconds
[2025-04-21T17:50:06.906-0400] {processor.py:161} INFO - Started process (PID=88830) to work on /Users/gaurav/Documents/Breast-Cancer-ML-Pipeline/venv/lib/python3.9/site-packages/airflow/example_dags/tutorial_objectstorage.py
[2025-04-21T17:50:06.908-0400] {processor.py:830} INFO - Processing file /Users/gaurav/Documents/Breast-Cancer-ML-Pipeline/venv/lib/python3.9/site-packages/airflow/example_dags/tutorial_objectstorage.py for tasks to queue
[2025-04-21T17:50:06.909-0400] {logging_mixin.py:188} INFO - [2025-04-21T17:50:06.909-0400] {dagbag.py:538} INFO - Filling up the DagBag from /Users/gaurav/Documents/Breast-Cancer-ML-Pipeline/venv/lib/python3.9/site-packages/airflow/example_dags/tutorial_objectstorage.py
[2025-04-21T17:50:06.956-0400] {processor.py:840} INFO - DAG(s) 'tutorial_objectstorage' retrieved from /Users/gaurav/Documents/Breast-Cancer-ML-Pipeline/venv/lib/python3.9/site-packages/airflow/example_dags/tutorial_objectstorage.py
[2025-04-21T17:50:07.007-0400] {logging_mixin.py:188} INFO - [2025-04-21T17:50:07.007-0400] {dag.py:3036} INFO - Sync 1 DAGs
[2025-04-21T17:50:07.012-0400] {logging_mixin.py:188} INFO - [2025-04-21T17:50:07.012-0400] {dag.py:3823} INFO - Setting next_dagrun for tutorial_objectstorage to None, run_after=None
[2025-04-21T17:50:07.022-0400] {processor.py:183} INFO - Processing /Users/gaurav/Documents/Breast-Cancer-ML-Pipeline/venv/lib/python3.9/site-packages/airflow/example_dags/tutorial_objectstorage.py took 0.116 seconds
[2025-04-21T17:51:00.178-0400] {processor.py:161} INFO - Started process (PID=88904) to work on /Users/gaurav/Documents/Breast-Cancer-ML-Pipeline/venv/lib/python3.9/site-packages/airflow/example_dags/tutorial_objectstorage.py
[2025-04-21T17:51:00.180-0400] {processor.py:830} INFO - Processing file /Users/gaurav/Documents/Breast-Cancer-ML-Pipeline/venv/lib/python3.9/site-packages/airflow/example_dags/tutorial_objectstorage.py for tasks to queue
[2025-04-21T17:51:00.180-0400] {logging_mixin.py:188} INFO - [2025-04-21T17:51:00.180-0400] {dagbag.py:538} INFO - Filling up the DagBag from /Users/gaurav/Documents/Breast-Cancer-ML-Pipeline/venv/lib/python3.9/site-packages/airflow/example_dags/tutorial_objectstorage.py
[2025-04-21T17:51:00.223-0400] {processor.py:840} INFO - DAG(s) 'tutorial_objectstorage' retrieved from /Users/gaurav/Documents/Breast-Cancer-ML-Pipeline/venv/lib/python3.9/site-packages/airflow/example_dags/tutorial_objectstorage.py
[2025-04-21T17:51:00.272-0400] {logging_mixin.py:188} INFO - [2025-04-21T17:51:00.272-0400] {dag.py:3036} INFO - Sync 1 DAGs
[2025-04-21T17:51:00.278-0400] {logging_mixin.py:188} INFO - [2025-04-21T17:51:00.277-0400] {dag.py:3823} INFO - Setting next_dagrun for tutorial_objectstorage to None, run_after=None
[2025-04-21T17:51:00.287-0400] {processor.py:183} INFO - Processing /Users/gaurav/Documents/Breast-Cancer-ML-Pipeline/venv/lib/python3.9/site-packages/airflow/example_dags/tutorial_objectstorage.py took 0.109 seconds
[2025-04-21T17:51:51.060-0400] {processor.py:161} INFO - Started process (PID=88978) to work on /Users/gaurav/Documents/Breast-Cancer-ML-Pipeline/venv/lib/python3.9/site-packages/airflow/example_dags/tutorial_objectstorage.py
[2025-04-21T17:51:51.062-0400] {processor.py:830} INFO - Processing file /Users/gaurav/Documents/Breast-Cancer-ML-Pipeline/venv/lib/python3.9/site-packages/airflow/example_dags/tutorial_objectstorage.py for tasks to queue
[2025-04-21T17:51:51.062-0400] {logging_mixin.py:188} INFO - [2025-04-21T17:51:51.062-0400] {dagbag.py:538} INFO - Filling up the DagBag from /Users/gaurav/Documents/Breast-Cancer-ML-Pipeline/venv/lib/python3.9/site-packages/airflow/example_dags/tutorial_objectstorage.py
[2025-04-21T17:51:51.108-0400] {processor.py:840} INFO - DAG(s) 'tutorial_objectstorage' retrieved from /Users/gaurav/Documents/Breast-Cancer-ML-Pipeline/venv/lib/python3.9/site-packages/airflow/example_dags/tutorial_objectstorage.py
[2025-04-21T17:51:51.158-0400] {logging_mixin.py:188} INFO - [2025-04-21T17:51:51.158-0400] {dag.py:3036} INFO - Sync 1 DAGs
[2025-04-21T17:51:51.164-0400] {logging_mixin.py:188} INFO - [2025-04-21T17:51:51.164-0400] {dag.py:3823} INFO - Setting next_dagrun for tutorial_objectstorage to None, run_after=None
[2025-04-21T17:51:51.175-0400] {processor.py:183} INFO - Processing /Users/gaurav/Documents/Breast-Cancer-ML-Pipeline/venv/lib/python3.9/site-packages/airflow/example_dags/tutorial_objectstorage.py took 0.116 seconds
[2025-04-21T17:52:45.381-0400] {processor.py:161} INFO - Started process (PID=89054) to work on /Users/gaurav/Documents/Breast-Cancer-ML-Pipeline/venv/lib/python3.9/site-packages/airflow/example_dags/tutorial_objectstorage.py
[2025-04-21T17:52:45.383-0400] {processor.py:830} INFO - Processing file /Users/gaurav/Documents/Breast-Cancer-ML-Pipeline/venv/lib/python3.9/site-packages/airflow/example_dags/tutorial_objectstorage.py for tasks to queue
[2025-04-21T17:52:45.384-0400] {logging_mixin.py:188} INFO - [2025-04-21T17:52:45.384-0400] {dagbag.py:538} INFO - Filling up the DagBag from /Users/gaurav/Documents/Breast-Cancer-ML-Pipeline/venv/lib/python3.9/site-packages/airflow/example_dags/tutorial_objectstorage.py
[2025-04-21T17:52:45.433-0400] {processor.py:840} INFO - DAG(s) 'tutorial_objectstorage' retrieved from /Users/gaurav/Documents/Breast-Cancer-ML-Pipeline/venv/lib/python3.9/site-packages/airflow/example_dags/tutorial_objectstorage.py
[2025-04-21T17:52:45.484-0400] {logging_mixin.py:188} INFO - [2025-04-21T17:52:45.484-0400] {dag.py:3036} INFO - Sync 1 DAGs
[2025-04-21T17:52:45.489-0400] {logging_mixin.py:188} INFO - [2025-04-21T17:52:45.489-0400] {dag.py:3823} INFO - Setting next_dagrun for tutorial_objectstorage to None, run_after=None
[2025-04-21T17:52:45.501-0400] {processor.py:183} INFO - Processing /Users/gaurav/Documents/Breast-Cancer-ML-Pipeline/venv/lib/python3.9/site-packages/airflow/example_dags/tutorial_objectstorage.py took 0.121 seconds
[2025-04-21T17:53:34.479-0400] {processor.py:161} INFO - Started process (PID=89116) to work on /Users/gaurav/Documents/Breast-Cancer-ML-Pipeline/venv/lib/python3.9/site-packages/airflow/example_dags/tutorial_objectstorage.py
[2025-04-21T17:53:34.481-0400] {processor.py:830} INFO - Processing file /Users/gaurav/Documents/Breast-Cancer-ML-Pipeline/venv/lib/python3.9/site-packages/airflow/example_dags/tutorial_objectstorage.py for tasks to queue
[2025-04-21T17:53:34.481-0400] {logging_mixin.py:188} INFO - [2025-04-21T17:53:34.481-0400] {dagbag.py:538} INFO - Filling up the DagBag from /Users/gaurav/Documents/Breast-Cancer-ML-Pipeline/venv/lib/python3.9/site-packages/airflow/example_dags/tutorial_objectstorage.py
[2025-04-21T17:53:34.526-0400] {processor.py:840} INFO - DAG(s) 'tutorial_objectstorage' retrieved from /Users/gaurav/Documents/Breast-Cancer-ML-Pipeline/venv/lib/python3.9/site-packages/airflow/example_dags/tutorial_objectstorage.py
[2025-04-21T17:53:34.573-0400] {logging_mixin.py:188} INFO - [2025-04-21T17:53:34.573-0400] {dag.py:3036} INFO - Sync 1 DAGs
[2025-04-21T17:53:34.578-0400] {logging_mixin.py:188} INFO - [2025-04-21T17:53:34.578-0400] {dag.py:3823} INFO - Setting next_dagrun for tutorial_objectstorage to None, run_after=None
[2025-04-21T17:53:34.588-0400] {processor.py:183} INFO - Processing /Users/gaurav/Documents/Breast-Cancer-ML-Pipeline/venv/lib/python3.9/site-packages/airflow/example_dags/tutorial_objectstorage.py took 0.110 seconds
[2025-04-21T17:54:27.386-0400] {processor.py:161} INFO - Started process (PID=89196) to work on /Users/gaurav/Documents/Breast-Cancer-ML-Pipeline/venv/lib/python3.9/site-packages/airflow/example_dags/tutorial_objectstorage.py
[2025-04-21T17:54:27.388-0400] {processor.py:830} INFO - Processing file /Users/gaurav/Documents/Breast-Cancer-ML-Pipeline/venv/lib/python3.9/site-packages/airflow/example_dags/tutorial_objectstorage.py for tasks to queue
[2025-04-21T17:54:27.388-0400] {logging_mixin.py:188} INFO - [2025-04-21T17:54:27.388-0400] {dagbag.py:538} INFO - Filling up the DagBag from /Users/gaurav/Documents/Breast-Cancer-ML-Pipeline/venv/lib/python3.9/site-packages/airflow/example_dags/tutorial_objectstorage.py
[2025-04-21T17:54:27.431-0400] {processor.py:840} INFO - DAG(s) 'tutorial_objectstorage' retrieved from /Users/gaurav/Documents/Breast-Cancer-ML-Pipeline/venv/lib/python3.9/site-packages/airflow/example_dags/tutorial_objectstorage.py
[2025-04-21T17:54:27.478-0400] {logging_mixin.py:188} INFO - [2025-04-21T17:54:27.478-0400] {dag.py:3036} INFO - Sync 1 DAGs
[2025-04-21T17:54:27.483-0400] {logging_mixin.py:188} INFO - [2025-04-21T17:54:27.483-0400] {dag.py:3823} INFO - Setting next_dagrun for tutorial_objectstorage to None, run_after=None
[2025-04-21T17:54:27.492-0400] {processor.py:183} INFO - Processing /Users/gaurav/Documents/Breast-Cancer-ML-Pipeline/venv/lib/python3.9/site-packages/airflow/example_dags/tutorial_objectstorage.py took 0.107 seconds
[2025-04-21T17:55:21.303-0400] {processor.py:161} INFO - Started process (PID=89342) to work on /Users/gaurav/Documents/Breast-Cancer-ML-Pipeline/venv/lib/python3.9/site-packages/airflow/example_dags/tutorial_objectstorage.py
[2025-04-21T17:55:21.304-0400] {processor.py:830} INFO - Processing file /Users/gaurav/Documents/Breast-Cancer-ML-Pipeline/venv/lib/python3.9/site-packages/airflow/example_dags/tutorial_objectstorage.py for tasks to queue
[2025-04-21T17:55:21.305-0400] {logging_mixin.py:188} INFO - [2025-04-21T17:55:21.305-0400] {dagbag.py:538} INFO - Filling up the DagBag from /Users/gaurav/Documents/Breast-Cancer-ML-Pipeline/venv/lib/python3.9/site-packages/airflow/example_dags/tutorial_objectstorage.py
[2025-04-21T17:55:21.350-0400] {processor.py:840} INFO - DAG(s) 'tutorial_objectstorage' retrieved from /Users/gaurav/Documents/Breast-Cancer-ML-Pipeline/venv/lib/python3.9/site-packages/airflow/example_dags/tutorial_objectstorage.py
[2025-04-21T17:55:21.398-0400] {logging_mixin.py:188} INFO - [2025-04-21T17:55:21.398-0400] {dag.py:3036} INFO - Sync 1 DAGs
[2025-04-21T17:55:21.403-0400] {logging_mixin.py:188} INFO - [2025-04-21T17:55:21.403-0400] {dag.py:3823} INFO - Setting next_dagrun for tutorial_objectstorage to None, run_after=None
[2025-04-21T17:55:21.413-0400] {processor.py:183} INFO - Processing /Users/gaurav/Documents/Breast-Cancer-ML-Pipeline/venv/lib/python3.9/site-packages/airflow/example_dags/tutorial_objectstorage.py took 0.110 seconds
