[2025-04-21T16:38:30.216-0400] {processor.py:161} INFO - Started process (PID=83500) to work on /Users/gaurav/Documents/Breast-Cancer-ML-Pipeline/venv/lib/python3.9/site-packages/airflow/example_dags/tutorial_dag.py
[2025-04-21T16:38:30.218-0400] {processor.py:830} INFO - Processing file /Users/gaurav/Documents/Breast-Cancer-ML-Pipeline/venv/lib/python3.9/site-packages/airflow/example_dags/tutorial_dag.py for tasks to queue
[2025-04-21T16:38:30.218-0400] {logging_mixin.py:188} INFO - [2025-04-21T16:38:30.218-0400] {dagbag.py:538} INFO - Filling up the DagBag from /Users/gaurav/Documents/Breast-Cancer-ML-Pipeline/venv/lib/python3.9/site-packages/airflow/example_dags/tutorial_dag.py
[2025-04-21T16:38:30.239-0400] {processor.py:840} INFO - DAG(s) 'tutorial_dag' retrieved from /Users/gaurav/Documents/Breast-Cancer-ML-Pipeline/venv/lib/python3.9/site-packages/airflow/example_dags/tutorial_dag.py
[2025-04-21T16:38:30.362-0400] {logging_mixin.py:188} INFO - [2025-04-21T16:38:30.362-0400] {override.py:1769} INFO - Created Permission View: can delete on DAG:tutorial_dag
[2025-04-21T16:38:30.368-0400] {logging_mixin.py:188} INFO - [2025-04-21T16:38:30.368-0400] {override.py:1769} INFO - Created Permission View: can read on DAG:tutorial_dag
[2025-04-21T16:38:30.372-0400] {logging_mixin.py:188} INFO - [2025-04-21T16:38:30.372-0400] {override.py:1769} INFO - Created Permission View: can edit on DAG:tutorial_dag
[2025-04-21T16:38:30.373-0400] {logging_mixin.py:188} INFO - [2025-04-21T16:38:30.372-0400] {dag.py:3036} INFO - Sync 1 DAGs
[2025-04-21T16:38:30.380-0400] {logging_mixin.py:188} INFO - [2025-04-21T16:38:30.380-0400] {dag.py:3058} INFO - Creating ORM DAG for tutorial_dag
[2025-04-21T16:38:30.380-0400] {logging_mixin.py:188} INFO - [2025-04-21T16:38:30.380-0400] {dag.py:3823} INFO - Setting next_dagrun for tutorial_dag to None, run_after=None
[2025-04-21T16:38:30.391-0400] {processor.py:183} INFO - Processing /Users/gaurav/Documents/Breast-Cancer-ML-Pipeline/venv/lib/python3.9/site-packages/airflow/example_dags/tutorial_dag.py took 0.176 seconds
[2025-04-21T16:40:26.416-0400] {processor.py:161} INFO - Started process (PID=83619) to work on /Users/gaurav/Documents/Breast-Cancer-ML-Pipeline/venv/lib/python3.9/site-packages/airflow/example_dags/tutorial_dag.py
[2025-04-21T16:40:26.418-0400] {processor.py:830} INFO - Processing file /Users/gaurav/Documents/Breast-Cancer-ML-Pipeline/venv/lib/python3.9/site-packages/airflow/example_dags/tutorial_dag.py for tasks to queue
[2025-04-21T16:40:26.418-0400] {logging_mixin.py:188} INFO - [2025-04-21T16:40:26.418-0400] {dagbag.py:538} INFO - Filling up the DagBag from /Users/gaurav/Documents/Breast-Cancer-ML-Pipeline/venv/lib/python3.9/site-packages/airflow/example_dags/tutorial_dag.py
[2025-04-21T16:40:26.438-0400] {processor.py:840} INFO - DAG(s) 'tutorial_dag' retrieved from /Users/gaurav/Documents/Breast-Cancer-ML-Pipeline/venv/lib/python3.9/site-packages/airflow/example_dags/tutorial_dag.py
[2025-04-21T16:40:26.502-0400] {logging_mixin.py:188} INFO - [2025-04-21T16:40:26.502-0400] {dag.py:3036} INFO - Sync 1 DAGs
[2025-04-21T16:40:26.508-0400] {logging_mixin.py:188} INFO - [2025-04-21T16:40:26.508-0400] {dag.py:3823} INFO - Setting next_dagrun for tutorial_dag to None, run_after=None
[2025-04-21T16:40:26.520-0400] {processor.py:183} INFO - Processing /Users/gaurav/Documents/Breast-Cancer-ML-Pipeline/venv/lib/python3.9/site-packages/airflow/example_dags/tutorial_dag.py took 0.105 seconds
[2025-04-21T16:41:45.946-0400] {processor.py:161} INFO - Started process (PID=83684) to work on /Users/gaurav/Documents/Breast-Cancer-ML-Pipeline/venv/lib/python3.9/site-packages/airflow/example_dags/tutorial_dag.py
[2025-04-21T16:41:45.947-0400] {processor.py:830} INFO - Processing file /Users/gaurav/Documents/Breast-Cancer-ML-Pipeline/venv/lib/python3.9/site-packages/airflow/example_dags/tutorial_dag.py for tasks to queue
[2025-04-21T16:41:45.948-0400] {logging_mixin.py:188} INFO - [2025-04-21T16:41:45.948-0400] {dagbag.py:538} INFO - Filling up the DagBag from /Users/gaurav/Documents/Breast-Cancer-ML-Pipeline/venv/lib/python3.9/site-packages/airflow/example_dags/tutorial_dag.py
[2025-04-21T16:41:45.968-0400] {processor.py:840} INFO - DAG(s) 'tutorial_dag' retrieved from /Users/gaurav/Documents/Breast-Cancer-ML-Pipeline/venv/lib/python3.9/site-packages/airflow/example_dags/tutorial_dag.py
[2025-04-21T16:41:46.038-0400] {logging_mixin.py:188} INFO - [2025-04-21T16:41:46.038-0400] {dag.py:3036} INFO - Sync 1 DAGs
[2025-04-21T16:41:46.046-0400] {logging_mixin.py:188} INFO - [2025-04-21T16:41:46.046-0400] {dag.py:3823} INFO - Setting next_dagrun for tutorial_dag to None, run_after=None
[2025-04-21T16:41:46.058-0400] {processor.py:183} INFO - Processing /Users/gaurav/Documents/Breast-Cancer-ML-Pipeline/venv/lib/python3.9/site-packages/airflow/example_dags/tutorial_dag.py took 0.114 seconds
[2025-04-21T16:43:06.761-0400] {processor.py:161} INFO - Started process (PID=83747) to work on /Users/gaurav/Documents/Breast-Cancer-ML-Pipeline/venv/lib/python3.9/site-packages/airflow/example_dags/tutorial_dag.py
[2025-04-21T16:43:06.762-0400] {processor.py:830} INFO - Processing file /Users/gaurav/Documents/Breast-Cancer-ML-Pipeline/venv/lib/python3.9/site-packages/airflow/example_dags/tutorial_dag.py for tasks to queue
[2025-04-21T16:43:06.762-0400] {logging_mixin.py:188} INFO - [2025-04-21T16:43:06.762-0400] {dagbag.py:538} INFO - Filling up the DagBag from /Users/gaurav/Documents/Breast-Cancer-ML-Pipeline/venv/lib/python3.9/site-packages/airflow/example_dags/tutorial_dag.py
[2025-04-21T16:43:06.782-0400] {processor.py:840} INFO - DAG(s) 'tutorial_dag' retrieved from /Users/gaurav/Documents/Breast-Cancer-ML-Pipeline/venv/lib/python3.9/site-packages/airflow/example_dags/tutorial_dag.py
[2025-04-21T16:43:06.851-0400] {logging_mixin.py:188} INFO - [2025-04-21T16:43:06.851-0400] {dag.py:3036} INFO - Sync 1 DAGs
[2025-04-21T16:43:06.859-0400] {logging_mixin.py:188} INFO - [2025-04-21T16:43:06.859-0400] {dag.py:3823} INFO - Setting next_dagrun for tutorial_dag to None, run_after=None
[2025-04-21T16:43:06.872-0400] {processor.py:183} INFO - Processing /Users/gaurav/Documents/Breast-Cancer-ML-Pipeline/venv/lib/python3.9/site-packages/airflow/example_dags/tutorial_dag.py took 0.113 seconds
[2025-04-21T16:44:30.502-0400] {processor.py:161} INFO - Started process (PID=83821) to work on /Users/gaurav/Documents/Breast-Cancer-ML-Pipeline/venv/lib/python3.9/site-packages/airflow/example_dags/tutorial_dag.py
[2025-04-21T16:44:30.504-0400] {processor.py:830} INFO - Processing file /Users/gaurav/Documents/Breast-Cancer-ML-Pipeline/venv/lib/python3.9/site-packages/airflow/example_dags/tutorial_dag.py for tasks to queue
[2025-04-21T16:44:30.504-0400] {logging_mixin.py:188} INFO - [2025-04-21T16:44:30.504-0400] {dagbag.py:538} INFO - Filling up the DagBag from /Users/gaurav/Documents/Breast-Cancer-ML-Pipeline/venv/lib/python3.9/site-packages/airflow/example_dags/tutorial_dag.py
[2025-04-21T16:44:30.525-0400] {processor.py:840} INFO - DAG(s) 'tutorial_dag' retrieved from /Users/gaurav/Documents/Breast-Cancer-ML-Pipeline/venv/lib/python3.9/site-packages/airflow/example_dags/tutorial_dag.py
[2025-04-21T16:44:30.589-0400] {logging_mixin.py:188} INFO - [2025-04-21T16:44:30.588-0400] {dag.py:3036} INFO - Sync 1 DAGs
[2025-04-21T16:44:30.595-0400] {logging_mixin.py:188} INFO - [2025-04-21T16:44:30.595-0400] {dag.py:3823} INFO - Setting next_dagrun for tutorial_dag to None, run_after=None
[2025-04-21T16:44:30.606-0400] {processor.py:183} INFO - Processing /Users/gaurav/Documents/Breast-Cancer-ML-Pipeline/venv/lib/python3.9/site-packages/airflow/example_dags/tutorial_dag.py took 0.105 seconds
[2025-04-21T16:46:37.011-0400] {processor.py:161} INFO - Started process (PID=83991) to work on /Users/gaurav/Documents/Breast-Cancer-ML-Pipeline/venv/lib/python3.9/site-packages/airflow/example_dags/tutorial_dag.py
[2025-04-21T16:46:37.012-0400] {processor.py:830} INFO - Processing file /Users/gaurav/Documents/Breast-Cancer-ML-Pipeline/venv/lib/python3.9/site-packages/airflow/example_dags/tutorial_dag.py for tasks to queue
[2025-04-21T16:46:37.012-0400] {logging_mixin.py:188} INFO - [2025-04-21T16:46:37.012-0400] {dagbag.py:538} INFO - Filling up the DagBag from /Users/gaurav/Documents/Breast-Cancer-ML-Pipeline/venv/lib/python3.9/site-packages/airflow/example_dags/tutorial_dag.py
[2025-04-21T16:46:37.033-0400] {processor.py:840} INFO - DAG(s) 'tutorial_dag' retrieved from /Users/gaurav/Documents/Breast-Cancer-ML-Pipeline/venv/lib/python3.9/site-packages/airflow/example_dags/tutorial_dag.py
[2025-04-21T16:46:37.101-0400] {logging_mixin.py:188} INFO - [2025-04-21T16:46:37.101-0400] {dag.py:3036} INFO - Sync 1 DAGs
[2025-04-21T16:46:37.108-0400] {logging_mixin.py:188} INFO - [2025-04-21T16:46:37.107-0400] {dag.py:3823} INFO - Setting next_dagrun for tutorial_dag to None, run_after=None
[2025-04-21T16:46:37.121-0400] {processor.py:183} INFO - Processing /Users/gaurav/Documents/Breast-Cancer-ML-Pipeline/venv/lib/python3.9/site-packages/airflow/example_dags/tutorial_dag.py took 0.111 seconds
[2025-04-21T16:47:39.846-0400] {processor.py:161} INFO - Started process (PID=84057) to work on /Users/gaurav/Documents/Breast-Cancer-ML-Pipeline/venv/lib/python3.9/site-packages/airflow/example_dags/tutorial_dag.py
[2025-04-21T16:47:39.847-0400] {processor.py:830} INFO - Processing file /Users/gaurav/Documents/Breast-Cancer-ML-Pipeline/venv/lib/python3.9/site-packages/airflow/example_dags/tutorial_dag.py for tasks to queue
[2025-04-21T16:47:39.848-0400] {logging_mixin.py:188} INFO - [2025-04-21T16:47:39.848-0400] {dagbag.py:538} INFO - Filling up the DagBag from /Users/gaurav/Documents/Breast-Cancer-ML-Pipeline/venv/lib/python3.9/site-packages/airflow/example_dags/tutorial_dag.py
[2025-04-21T16:47:39.869-0400] {processor.py:840} INFO - DAG(s) 'tutorial_dag' retrieved from /Users/gaurav/Documents/Breast-Cancer-ML-Pipeline/venv/lib/python3.9/site-packages/airflow/example_dags/tutorial_dag.py
[2025-04-21T16:47:39.932-0400] {logging_mixin.py:188} INFO - [2025-04-21T16:47:39.932-0400] {dag.py:3036} INFO - Sync 1 DAGs
[2025-04-21T16:47:39.939-0400] {logging_mixin.py:188} INFO - [2025-04-21T16:47:39.939-0400] {dag.py:3823} INFO - Setting next_dagrun for tutorial_dag to None, run_after=None
[2025-04-21T16:47:39.952-0400] {processor.py:183} INFO - Processing /Users/gaurav/Documents/Breast-Cancer-ML-Pipeline/venv/lib/python3.9/site-packages/airflow/example_dags/tutorial_dag.py took 0.107 seconds
[2025-04-21T16:48:51.573-0400] {processor.py:161} INFO - Started process (PID=84139) to work on /Users/gaurav/Documents/Breast-Cancer-ML-Pipeline/venv/lib/python3.9/site-packages/airflow/example_dags/tutorial_dag.py
[2025-04-21T16:48:51.575-0400] {processor.py:830} INFO - Processing file /Users/gaurav/Documents/Breast-Cancer-ML-Pipeline/venv/lib/python3.9/site-packages/airflow/example_dags/tutorial_dag.py for tasks to queue
[2025-04-21T16:48:51.575-0400] {logging_mixin.py:188} INFO - [2025-04-21T16:48:51.575-0400] {dagbag.py:538} INFO - Filling up the DagBag from /Users/gaurav/Documents/Breast-Cancer-ML-Pipeline/venv/lib/python3.9/site-packages/airflow/example_dags/tutorial_dag.py
[2025-04-21T16:48:51.595-0400] {processor.py:840} INFO - DAG(s) 'tutorial_dag' retrieved from /Users/gaurav/Documents/Breast-Cancer-ML-Pipeline/venv/lib/python3.9/site-packages/airflow/example_dags/tutorial_dag.py
[2025-04-21T16:48:51.657-0400] {logging_mixin.py:188} INFO - [2025-04-21T16:48:51.657-0400] {dag.py:3036} INFO - Sync 1 DAGs
[2025-04-21T16:48:51.663-0400] {logging_mixin.py:188} INFO - [2025-04-21T16:48:51.663-0400] {dag.py:3823} INFO - Setting next_dagrun for tutorial_dag to None, run_after=None
[2025-04-21T16:48:51.677-0400] {processor.py:183} INFO - Processing /Users/gaurav/Documents/Breast-Cancer-ML-Pipeline/venv/lib/python3.9/site-packages/airflow/example_dags/tutorial_dag.py took 0.105 seconds
[2025-04-21T16:50:03.322-0400] {processor.py:161} INFO - Started process (PID=84224) to work on /Users/gaurav/Documents/Breast-Cancer-ML-Pipeline/venv/lib/python3.9/site-packages/airflow/example_dags/tutorial_dag.py
[2025-04-21T16:50:03.323-0400] {processor.py:830} INFO - Processing file /Users/gaurav/Documents/Breast-Cancer-ML-Pipeline/venv/lib/python3.9/site-packages/airflow/example_dags/tutorial_dag.py for tasks to queue
[2025-04-21T16:50:03.324-0400] {logging_mixin.py:188} INFO - [2025-04-21T16:50:03.323-0400] {dagbag.py:538} INFO - Filling up the DagBag from /Users/gaurav/Documents/Breast-Cancer-ML-Pipeline/venv/lib/python3.9/site-packages/airflow/example_dags/tutorial_dag.py
[2025-04-21T16:50:03.342-0400] {processor.py:840} INFO - DAG(s) 'tutorial_dag' retrieved from /Users/gaurav/Documents/Breast-Cancer-ML-Pipeline/venv/lib/python3.9/site-packages/airflow/example_dags/tutorial_dag.py
[2025-04-21T16:50:03.404-0400] {logging_mixin.py:188} INFO - [2025-04-21T16:50:03.403-0400] {dag.py:3036} INFO - Sync 1 DAGs
[2025-04-21T16:50:03.410-0400] {logging_mixin.py:188} INFO - [2025-04-21T16:50:03.410-0400] {dag.py:3823} INFO - Setting next_dagrun for tutorial_dag to None, run_after=None
[2025-04-21T16:50:03.422-0400] {processor.py:183} INFO - Processing /Users/gaurav/Documents/Breast-Cancer-ML-Pipeline/venv/lib/python3.9/site-packages/airflow/example_dags/tutorial_dag.py took 0.101 seconds
[2025-04-21T16:51:21.165-0400] {processor.py:161} INFO - Started process (PID=84311) to work on /Users/gaurav/Documents/Breast-Cancer-ML-Pipeline/venv/lib/python3.9/site-packages/airflow/example_dags/tutorial_dag.py
[2025-04-21T16:51:21.166-0400] {processor.py:830} INFO - Processing file /Users/gaurav/Documents/Breast-Cancer-ML-Pipeline/venv/lib/python3.9/site-packages/airflow/example_dags/tutorial_dag.py for tasks to queue
[2025-04-21T16:51:21.167-0400] {logging_mixin.py:188} INFO - [2025-04-21T16:51:21.167-0400] {dagbag.py:538} INFO - Filling up the DagBag from /Users/gaurav/Documents/Breast-Cancer-ML-Pipeline/venv/lib/python3.9/site-packages/airflow/example_dags/tutorial_dag.py
[2025-04-21T16:51:21.187-0400] {processor.py:840} INFO - DAG(s) 'tutorial_dag' retrieved from /Users/gaurav/Documents/Breast-Cancer-ML-Pipeline/venv/lib/python3.9/site-packages/airflow/example_dags/tutorial_dag.py
[2025-04-21T16:51:21.250-0400] {logging_mixin.py:188} INFO - [2025-04-21T16:51:21.250-0400] {dag.py:3036} INFO - Sync 1 DAGs
[2025-04-21T16:51:21.256-0400] {logging_mixin.py:188} INFO - [2025-04-21T16:51:21.256-0400] {dag.py:3823} INFO - Setting next_dagrun for tutorial_dag to None, run_after=None
[2025-04-21T16:51:21.268-0400] {processor.py:183} INFO - Processing /Users/gaurav/Documents/Breast-Cancer-ML-Pipeline/venv/lib/python3.9/site-packages/airflow/example_dags/tutorial_dag.py took 0.104 seconds
[2025-04-21T16:52:44.850-0400] {processor.py:161} INFO - Started process (PID=84403) to work on /Users/gaurav/Documents/Breast-Cancer-ML-Pipeline/venv/lib/python3.9/site-packages/airflow/example_dags/tutorial_dag.py
[2025-04-21T16:52:44.852-0400] {processor.py:830} INFO - Processing file /Users/gaurav/Documents/Breast-Cancer-ML-Pipeline/venv/lib/python3.9/site-packages/airflow/example_dags/tutorial_dag.py for tasks to queue
[2025-04-21T16:52:44.852-0400] {logging_mixin.py:188} INFO - [2025-04-21T16:52:44.852-0400] {dagbag.py:538} INFO - Filling up the DagBag from /Users/gaurav/Documents/Breast-Cancer-ML-Pipeline/venv/lib/python3.9/site-packages/airflow/example_dags/tutorial_dag.py
[2025-04-21T16:52:44.872-0400] {processor.py:840} INFO - DAG(s) 'tutorial_dag' retrieved from /Users/gaurav/Documents/Breast-Cancer-ML-Pipeline/venv/lib/python3.9/site-packages/airflow/example_dags/tutorial_dag.py
[2025-04-21T16:52:44.934-0400] {logging_mixin.py:188} INFO - [2025-04-21T16:52:44.934-0400] {dag.py:3036} INFO - Sync 1 DAGs
[2025-04-21T16:52:44.940-0400] {logging_mixin.py:188} INFO - [2025-04-21T16:52:44.940-0400] {dag.py:3823} INFO - Setting next_dagrun for tutorial_dag to None, run_after=None
[2025-04-21T16:52:44.952-0400] {processor.py:183} INFO - Processing /Users/gaurav/Documents/Breast-Cancer-ML-Pipeline/venv/lib/python3.9/site-packages/airflow/example_dags/tutorial_dag.py took 0.103 seconds
[2025-04-21T16:54:04.130-0400] {processor.py:161} INFO - Started process (PID=84517) to work on /Users/gaurav/Documents/Breast-Cancer-ML-Pipeline/venv/lib/python3.9/site-packages/airflow/example_dags/tutorial_dag.py
[2025-04-21T16:54:04.134-0400] {processor.py:830} INFO - Processing file /Users/gaurav/Documents/Breast-Cancer-ML-Pipeline/venv/lib/python3.9/site-packages/airflow/example_dags/tutorial_dag.py for tasks to queue
[2025-04-21T16:54:04.134-0400] {logging_mixin.py:188} INFO - [2025-04-21T16:54:04.134-0400] {dagbag.py:538} INFO - Filling up the DagBag from /Users/gaurav/Documents/Breast-Cancer-ML-Pipeline/venv/lib/python3.9/site-packages/airflow/example_dags/tutorial_dag.py
[2025-04-21T16:54:04.154-0400] {processor.py:840} INFO - DAG(s) 'tutorial_dag' retrieved from /Users/gaurav/Documents/Breast-Cancer-ML-Pipeline/venv/lib/python3.9/site-packages/airflow/example_dags/tutorial_dag.py
[2025-04-21T16:54:04.217-0400] {logging_mixin.py:188} INFO - [2025-04-21T16:54:04.216-0400] {dag.py:3036} INFO - Sync 1 DAGs
[2025-04-21T16:54:04.223-0400] {logging_mixin.py:188} INFO - [2025-04-21T16:54:04.223-0400] {dag.py:3823} INFO - Setting next_dagrun for tutorial_dag to None, run_after=None
[2025-04-21T16:54:04.234-0400] {processor.py:183} INFO - Processing /Users/gaurav/Documents/Breast-Cancer-ML-Pipeline/venv/lib/python3.9/site-packages/airflow/example_dags/tutorial_dag.py took 0.105 seconds
[2025-04-21T16:55:36.133-0400] {processor.py:161} INFO - Started process (PID=84606) to work on /Users/gaurav/Documents/Breast-Cancer-ML-Pipeline/venv/lib/python3.9/site-packages/airflow/example_dags/tutorial_dag.py
[2025-04-21T16:55:36.135-0400] {processor.py:830} INFO - Processing file /Users/gaurav/Documents/Breast-Cancer-ML-Pipeline/venv/lib/python3.9/site-packages/airflow/example_dags/tutorial_dag.py for tasks to queue
[2025-04-21T16:55:36.135-0400] {logging_mixin.py:188} INFO - [2025-04-21T16:55:36.135-0400] {dagbag.py:538} INFO - Filling up the DagBag from /Users/gaurav/Documents/Breast-Cancer-ML-Pipeline/venv/lib/python3.9/site-packages/airflow/example_dags/tutorial_dag.py
[2025-04-21T16:55:36.155-0400] {processor.py:840} INFO - DAG(s) 'tutorial_dag' retrieved from /Users/gaurav/Documents/Breast-Cancer-ML-Pipeline/venv/lib/python3.9/site-packages/airflow/example_dags/tutorial_dag.py
[2025-04-21T16:55:36.163-0400] {logging_mixin.py:188} INFO - [2025-04-21T16:55:36.162-0400] {dag.py:3036} INFO - Sync 1 DAGs
[2025-04-21T16:55:36.216-0400] {logging_mixin.py:188} INFO - [2025-04-21T16:55:36.216-0400] {dag.py:3823} INFO - Setting next_dagrun for tutorial_dag to None, run_after=None
[2025-04-21T16:55:36.229-0400] {processor.py:183} INFO - Processing /Users/gaurav/Documents/Breast-Cancer-ML-Pipeline/venv/lib/python3.9/site-packages/airflow/example_dags/tutorial_dag.py took 0.097 seconds
[2025-04-21T16:57:19.136-0400] {processor.py:161} INFO - Started process (PID=84764) to work on /Users/gaurav/Documents/Breast-Cancer-ML-Pipeline/venv/lib/python3.9/site-packages/airflow/example_dags/tutorial_dag.py
[2025-04-21T16:57:19.138-0400] {processor.py:830} INFO - Processing file /Users/gaurav/Documents/Breast-Cancer-ML-Pipeline/venv/lib/python3.9/site-packages/airflow/example_dags/tutorial_dag.py for tasks to queue
[2025-04-21T16:57:19.139-0400] {logging_mixin.py:188} INFO - [2025-04-21T16:57:19.138-0400] {dagbag.py:538} INFO - Filling up the DagBag from /Users/gaurav/Documents/Breast-Cancer-ML-Pipeline/venv/lib/python3.9/site-packages/airflow/example_dags/tutorial_dag.py
[2025-04-21T16:57:19.159-0400] {processor.py:840} INFO - DAG(s) 'tutorial_dag' retrieved from /Users/gaurav/Documents/Breast-Cancer-ML-Pipeline/venv/lib/python3.9/site-packages/airflow/example_dags/tutorial_dag.py
[2025-04-21T16:57:19.286-0400] {logging_mixin.py:188} INFO - [2025-04-21T16:57:19.286-0400] {dag.py:3036} INFO - Sync 1 DAGs
[2025-04-21T16:57:19.294-0400] {logging_mixin.py:188} INFO - [2025-04-21T16:57:19.294-0400] {dag.py:3823} INFO - Setting next_dagrun for tutorial_dag to None, run_after=None
[2025-04-21T16:57:19.308-0400] {processor.py:183} INFO - Processing /Users/gaurav/Documents/Breast-Cancer-ML-Pipeline/venv/lib/python3.9/site-packages/airflow/example_dags/tutorial_dag.py took 0.173 seconds
[2025-04-21T16:58:40.294-0400] {processor.py:161} INFO - Started process (PID=84861) to work on /Users/gaurav/Documents/Breast-Cancer-ML-Pipeline/venv/lib/python3.9/site-packages/airflow/example_dags/tutorial_dag.py
[2025-04-21T16:58:40.296-0400] {processor.py:830} INFO - Processing file /Users/gaurav/Documents/Breast-Cancer-ML-Pipeline/venv/lib/python3.9/site-packages/airflow/example_dags/tutorial_dag.py for tasks to queue
[2025-04-21T16:58:40.297-0400] {logging_mixin.py:188} INFO - [2025-04-21T16:58:40.297-0400] {dagbag.py:538} INFO - Filling up the DagBag from /Users/gaurav/Documents/Breast-Cancer-ML-Pipeline/venv/lib/python3.9/site-packages/airflow/example_dags/tutorial_dag.py
[2025-04-21T16:58:40.317-0400] {processor.py:840} INFO - DAG(s) 'tutorial_dag' retrieved from /Users/gaurav/Documents/Breast-Cancer-ML-Pipeline/venv/lib/python3.9/site-packages/airflow/example_dags/tutorial_dag.py
[2025-04-21T16:58:40.380-0400] {logging_mixin.py:188} INFO - [2025-04-21T16:58:40.380-0400] {dag.py:3036} INFO - Sync 1 DAGs
[2025-04-21T16:58:40.386-0400] {logging_mixin.py:188} INFO - [2025-04-21T16:58:40.386-0400] {dag.py:3823} INFO - Setting next_dagrun for tutorial_dag to None, run_after=None
[2025-04-21T16:58:40.399-0400] {processor.py:183} INFO - Processing /Users/gaurav/Documents/Breast-Cancer-ML-Pipeline/venv/lib/python3.9/site-packages/airflow/example_dags/tutorial_dag.py took 0.105 seconds
[2025-04-21T16:59:58.402-0400] {processor.py:161} INFO - Started process (PID=84943) to work on /Users/gaurav/Documents/Breast-Cancer-ML-Pipeline/venv/lib/python3.9/site-packages/airflow/example_dags/tutorial_dag.py
[2025-04-21T16:59:58.404-0400] {processor.py:830} INFO - Processing file /Users/gaurav/Documents/Breast-Cancer-ML-Pipeline/venv/lib/python3.9/site-packages/airflow/example_dags/tutorial_dag.py for tasks to queue
[2025-04-21T16:59:58.404-0400] {logging_mixin.py:188} INFO - [2025-04-21T16:59:58.404-0400] {dagbag.py:538} INFO - Filling up the DagBag from /Users/gaurav/Documents/Breast-Cancer-ML-Pipeline/venv/lib/python3.9/site-packages/airflow/example_dags/tutorial_dag.py
[2025-04-21T16:59:58.424-0400] {processor.py:840} INFO - DAG(s) 'tutorial_dag' retrieved from /Users/gaurav/Documents/Breast-Cancer-ML-Pipeline/venv/lib/python3.9/site-packages/airflow/example_dags/tutorial_dag.py
[2025-04-21T16:59:58.487-0400] {logging_mixin.py:188} INFO - [2025-04-21T16:59:58.487-0400] {dag.py:3036} INFO - Sync 1 DAGs
[2025-04-21T16:59:58.493-0400] {logging_mixin.py:188} INFO - [2025-04-21T16:59:58.493-0400] {dag.py:3823} INFO - Setting next_dagrun for tutorial_dag to None, run_after=None
[2025-04-21T16:59:58.505-0400] {processor.py:183} INFO - Processing /Users/gaurav/Documents/Breast-Cancer-ML-Pipeline/venv/lib/python3.9/site-packages/airflow/example_dags/tutorial_dag.py took 0.104 seconds
[2025-04-21T17:01:09.031-0400] {processor.py:161} INFO - Started process (PID=85032) to work on /Users/gaurav/Documents/Breast-Cancer-ML-Pipeline/venv/lib/python3.9/site-packages/airflow/example_dags/tutorial_dag.py
[2025-04-21T17:01:09.033-0400] {processor.py:830} INFO - Processing file /Users/gaurav/Documents/Breast-Cancer-ML-Pipeline/venv/lib/python3.9/site-packages/airflow/example_dags/tutorial_dag.py for tasks to queue
[2025-04-21T17:01:09.034-0400] {logging_mixin.py:188} INFO - [2025-04-21T17:01:09.034-0400] {dagbag.py:538} INFO - Filling up the DagBag from /Users/gaurav/Documents/Breast-Cancer-ML-Pipeline/venv/lib/python3.9/site-packages/airflow/example_dags/tutorial_dag.py
[2025-04-21T17:01:09.052-0400] {processor.py:840} INFO - DAG(s) 'tutorial_dag' retrieved from /Users/gaurav/Documents/Breast-Cancer-ML-Pipeline/venv/lib/python3.9/site-packages/airflow/example_dags/tutorial_dag.py
[2025-04-21T17:01:09.117-0400] {logging_mixin.py:188} INFO - [2025-04-21T17:01:09.117-0400] {dag.py:3036} INFO - Sync 1 DAGs
[2025-04-21T17:01:09.123-0400] {logging_mixin.py:188} INFO - [2025-04-21T17:01:09.123-0400] {dag.py:3823} INFO - Setting next_dagrun for tutorial_dag to None, run_after=None
[2025-04-21T17:01:09.135-0400] {processor.py:183} INFO - Processing /Users/gaurav/Documents/Breast-Cancer-ML-Pipeline/venv/lib/python3.9/site-packages/airflow/example_dags/tutorial_dag.py took 0.104 seconds
[2025-04-21T17:01:54.130-0400] {processor.py:161} INFO - Started process (PID=85094) to work on /Users/gaurav/Documents/Breast-Cancer-ML-Pipeline/venv/lib/python3.9/site-packages/airflow/example_dags/tutorial_dag.py
[2025-04-21T17:01:54.132-0400] {processor.py:830} INFO - Processing file /Users/gaurav/Documents/Breast-Cancer-ML-Pipeline/venv/lib/python3.9/site-packages/airflow/example_dags/tutorial_dag.py for tasks to queue
[2025-04-21T17:01:54.132-0400] {logging_mixin.py:188} INFO - [2025-04-21T17:01:54.132-0400] {dagbag.py:538} INFO - Filling up the DagBag from /Users/gaurav/Documents/Breast-Cancer-ML-Pipeline/venv/lib/python3.9/site-packages/airflow/example_dags/tutorial_dag.py
[2025-04-21T17:01:54.152-0400] {processor.py:840} INFO - DAG(s) 'tutorial_dag' retrieved from /Users/gaurav/Documents/Breast-Cancer-ML-Pipeline/venv/lib/python3.9/site-packages/airflow/example_dags/tutorial_dag.py
[2025-04-21T17:01:54.230-0400] {logging_mixin.py:188} INFO - [2025-04-21T17:01:54.229-0400] {dag.py:3036} INFO - Sync 1 DAGs
[2025-04-21T17:01:54.237-0400] {logging_mixin.py:188} INFO - [2025-04-21T17:01:54.237-0400] {dag.py:3823} INFO - Setting next_dagrun for tutorial_dag to None, run_after=None
[2025-04-21T17:01:54.250-0400] {processor.py:183} INFO - Processing /Users/gaurav/Documents/Breast-Cancer-ML-Pipeline/venv/lib/python3.9/site-packages/airflow/example_dags/tutorial_dag.py took 0.121 seconds
[2025-04-21T17:02:38.412-0400] {processor.py:161} INFO - Started process (PID=85140) to work on /Users/gaurav/Documents/Breast-Cancer-ML-Pipeline/venv/lib/python3.9/site-packages/airflow/example_dags/tutorial_dag.py
[2025-04-21T17:02:38.414-0400] {processor.py:830} INFO - Processing file /Users/gaurav/Documents/Breast-Cancer-ML-Pipeline/venv/lib/python3.9/site-packages/airflow/example_dags/tutorial_dag.py for tasks to queue
[2025-04-21T17:02:38.414-0400] {logging_mixin.py:188} INFO - [2025-04-21T17:02:38.414-0400] {dagbag.py:538} INFO - Filling up the DagBag from /Users/gaurav/Documents/Breast-Cancer-ML-Pipeline/venv/lib/python3.9/site-packages/airflow/example_dags/tutorial_dag.py
[2025-04-21T17:02:38.434-0400] {processor.py:840} INFO - DAG(s) 'tutorial_dag' retrieved from /Users/gaurav/Documents/Breast-Cancer-ML-Pipeline/venv/lib/python3.9/site-packages/airflow/example_dags/tutorial_dag.py
[2025-04-21T17:02:38.501-0400] {logging_mixin.py:188} INFO - [2025-04-21T17:02:38.500-0400] {dag.py:3036} INFO - Sync 1 DAGs
[2025-04-21T17:02:38.507-0400] {logging_mixin.py:188} INFO - [2025-04-21T17:02:38.507-0400] {dag.py:3823} INFO - Setting next_dagrun for tutorial_dag to None, run_after=None
[2025-04-21T17:02:38.520-0400] {processor.py:183} INFO - Processing /Users/gaurav/Documents/Breast-Cancer-ML-Pipeline/venv/lib/python3.9/site-packages/airflow/example_dags/tutorial_dag.py took 0.110 seconds
[2025-04-21T17:03:56.089-0400] {processor.py:161} INFO - Started process (PID=85249) to work on /Users/gaurav/Documents/Breast-Cancer-ML-Pipeline/venv/lib/python3.9/site-packages/airflow/example_dags/tutorial_dag.py
[2025-04-21T17:03:56.091-0400] {processor.py:830} INFO - Processing file /Users/gaurav/Documents/Breast-Cancer-ML-Pipeline/venv/lib/python3.9/site-packages/airflow/example_dags/tutorial_dag.py for tasks to queue
[2025-04-21T17:03:56.091-0400] {logging_mixin.py:188} INFO - [2025-04-21T17:03:56.091-0400] {dagbag.py:538} INFO - Filling up the DagBag from /Users/gaurav/Documents/Breast-Cancer-ML-Pipeline/venv/lib/python3.9/site-packages/airflow/example_dags/tutorial_dag.py
[2025-04-21T17:03:56.110-0400] {processor.py:840} INFO - DAG(s) 'tutorial_dag' retrieved from /Users/gaurav/Documents/Breast-Cancer-ML-Pipeline/venv/lib/python3.9/site-packages/airflow/example_dags/tutorial_dag.py
[2025-04-21T17:03:56.172-0400] {logging_mixin.py:188} INFO - [2025-04-21T17:03:56.172-0400] {dag.py:3036} INFO - Sync 1 DAGs
[2025-04-21T17:03:56.178-0400] {logging_mixin.py:188} INFO - [2025-04-21T17:03:56.178-0400] {dag.py:3823} INFO - Setting next_dagrun for tutorial_dag to None, run_after=None
[2025-04-21T17:03:56.195-0400] {processor.py:183} INFO - Processing /Users/gaurav/Documents/Breast-Cancer-ML-Pipeline/venv/lib/python3.9/site-packages/airflow/example_dags/tutorial_dag.py took 0.107 seconds
[2025-04-21T17:05:06.743-0400] {processor.py:161} INFO - Started process (PID=85325) to work on /Users/gaurav/Documents/Breast-Cancer-ML-Pipeline/venv/lib/python3.9/site-packages/airflow/example_dags/tutorial_dag.py
[2025-04-21T17:05:06.745-0400] {processor.py:830} INFO - Processing file /Users/gaurav/Documents/Breast-Cancer-ML-Pipeline/venv/lib/python3.9/site-packages/airflow/example_dags/tutorial_dag.py for tasks to queue
[2025-04-21T17:05:06.746-0400] {logging_mixin.py:188} INFO - [2025-04-21T17:05:06.745-0400] {dagbag.py:538} INFO - Filling up the DagBag from /Users/gaurav/Documents/Breast-Cancer-ML-Pipeline/venv/lib/python3.9/site-packages/airflow/example_dags/tutorial_dag.py
[2025-04-21T17:05:06.765-0400] {processor.py:840} INFO - DAG(s) 'tutorial_dag' retrieved from /Users/gaurav/Documents/Breast-Cancer-ML-Pipeline/venv/lib/python3.9/site-packages/airflow/example_dags/tutorial_dag.py
[2025-04-21T17:05:06.827-0400] {logging_mixin.py:188} INFO - [2025-04-21T17:05:06.827-0400] {dag.py:3036} INFO - Sync 1 DAGs
[2025-04-21T17:05:06.833-0400] {logging_mixin.py:188} INFO - [2025-04-21T17:05:06.833-0400] {dag.py:3823} INFO - Setting next_dagrun for tutorial_dag to None, run_after=None
[2025-04-21T17:05:06.845-0400] {processor.py:183} INFO - Processing /Users/gaurav/Documents/Breast-Cancer-ML-Pipeline/venv/lib/python3.9/site-packages/airflow/example_dags/tutorial_dag.py took 0.102 seconds
[2025-04-21T17:06:17.367-0400] {processor.py:161} INFO - Started process (PID=85415) to work on /Users/gaurav/Documents/Breast-Cancer-ML-Pipeline/venv/lib/python3.9/site-packages/airflow/example_dags/tutorial_dag.py
[2025-04-21T17:06:17.369-0400] {processor.py:830} INFO - Processing file /Users/gaurav/Documents/Breast-Cancer-ML-Pipeline/venv/lib/python3.9/site-packages/airflow/example_dags/tutorial_dag.py for tasks to queue
[2025-04-21T17:06:17.369-0400] {logging_mixin.py:188} INFO - [2025-04-21T17:06:17.369-0400] {dagbag.py:538} INFO - Filling up the DagBag from /Users/gaurav/Documents/Breast-Cancer-ML-Pipeline/venv/lib/python3.9/site-packages/airflow/example_dags/tutorial_dag.py
[2025-04-21T17:06:17.388-0400] {processor.py:840} INFO - DAG(s) 'tutorial_dag' retrieved from /Users/gaurav/Documents/Breast-Cancer-ML-Pipeline/venv/lib/python3.9/site-packages/airflow/example_dags/tutorial_dag.py
[2025-04-21T17:06:17.454-0400] {logging_mixin.py:188} INFO - [2025-04-21T17:06:17.454-0400] {dag.py:3036} INFO - Sync 1 DAGs
[2025-04-21T17:06:17.461-0400] {logging_mixin.py:188} INFO - [2025-04-21T17:06:17.461-0400] {dag.py:3823} INFO - Setting next_dagrun for tutorial_dag to None, run_after=None
[2025-04-21T17:06:17.473-0400] {processor.py:183} INFO - Processing /Users/gaurav/Documents/Breast-Cancer-ML-Pipeline/venv/lib/python3.9/site-packages/airflow/example_dags/tutorial_dag.py took 0.106 seconds
[2025-04-21T17:07:29.180-0400] {processor.py:161} INFO - Started process (PID=85494) to work on /Users/gaurav/Documents/Breast-Cancer-ML-Pipeline/venv/lib/python3.9/site-packages/airflow/example_dags/tutorial_dag.py
[2025-04-21T17:07:29.182-0400] {processor.py:830} INFO - Processing file /Users/gaurav/Documents/Breast-Cancer-ML-Pipeline/venv/lib/python3.9/site-packages/airflow/example_dags/tutorial_dag.py for tasks to queue
[2025-04-21T17:07:29.183-0400] {logging_mixin.py:188} INFO - [2025-04-21T17:07:29.183-0400] {dagbag.py:538} INFO - Filling up the DagBag from /Users/gaurav/Documents/Breast-Cancer-ML-Pipeline/venv/lib/python3.9/site-packages/airflow/example_dags/tutorial_dag.py
[2025-04-21T17:07:29.201-0400] {processor.py:840} INFO - DAG(s) 'tutorial_dag' retrieved from /Users/gaurav/Documents/Breast-Cancer-ML-Pipeline/venv/lib/python3.9/site-packages/airflow/example_dags/tutorial_dag.py
[2025-04-21T17:07:29.265-0400] {logging_mixin.py:188} INFO - [2025-04-21T17:07:29.264-0400] {dag.py:3036} INFO - Sync 1 DAGs
[2025-04-21T17:07:29.271-0400] {logging_mixin.py:188} INFO - [2025-04-21T17:07:29.271-0400] {dag.py:3823} INFO - Setting next_dagrun for tutorial_dag to None, run_after=None
[2025-04-21T17:07:29.283-0400] {processor.py:183} INFO - Processing /Users/gaurav/Documents/Breast-Cancer-ML-Pipeline/venv/lib/python3.9/site-packages/airflow/example_dags/tutorial_dag.py took 0.104 seconds
[2025-04-21T17:08:44.075-0400] {processor.py:161} INFO - Started process (PID=85578) to work on /Users/gaurav/Documents/Breast-Cancer-ML-Pipeline/venv/lib/python3.9/site-packages/airflow/example_dags/tutorial_dag.py
[2025-04-21T17:08:44.077-0400] {processor.py:830} INFO - Processing file /Users/gaurav/Documents/Breast-Cancer-ML-Pipeline/venv/lib/python3.9/site-packages/airflow/example_dags/tutorial_dag.py for tasks to queue
[2025-04-21T17:08:44.078-0400] {logging_mixin.py:188} INFO - [2025-04-21T17:08:44.077-0400] {dagbag.py:538} INFO - Filling up the DagBag from /Users/gaurav/Documents/Breast-Cancer-ML-Pipeline/venv/lib/python3.9/site-packages/airflow/example_dags/tutorial_dag.py
[2025-04-21T17:08:44.097-0400] {processor.py:840} INFO - DAG(s) 'tutorial_dag' retrieved from /Users/gaurav/Documents/Breast-Cancer-ML-Pipeline/venv/lib/python3.9/site-packages/airflow/example_dags/tutorial_dag.py
[2025-04-21T17:08:44.160-0400] {logging_mixin.py:188} INFO - [2025-04-21T17:08:44.160-0400] {dag.py:3036} INFO - Sync 1 DAGs
[2025-04-21T17:08:44.166-0400] {logging_mixin.py:188} INFO - [2025-04-21T17:08:44.166-0400] {dag.py:3823} INFO - Setting next_dagrun for tutorial_dag to None, run_after=None
[2025-04-21T17:08:44.179-0400] {processor.py:183} INFO - Processing /Users/gaurav/Documents/Breast-Cancer-ML-Pipeline/venv/lib/python3.9/site-packages/airflow/example_dags/tutorial_dag.py took 0.104 seconds
[2025-04-21T17:09:55.935-0400] {processor.py:161} INFO - Started process (PID=85655) to work on /Users/gaurav/Documents/Breast-Cancer-ML-Pipeline/venv/lib/python3.9/site-packages/airflow/example_dags/tutorial_dag.py
[2025-04-21T17:09:55.937-0400] {processor.py:830} INFO - Processing file /Users/gaurav/Documents/Breast-Cancer-ML-Pipeline/venv/lib/python3.9/site-packages/airflow/example_dags/tutorial_dag.py for tasks to queue
[2025-04-21T17:09:55.937-0400] {logging_mixin.py:188} INFO - [2025-04-21T17:09:55.937-0400] {dagbag.py:538} INFO - Filling up the DagBag from /Users/gaurav/Documents/Breast-Cancer-ML-Pipeline/venv/lib/python3.9/site-packages/airflow/example_dags/tutorial_dag.py
[2025-04-21T17:09:55.956-0400] {processor.py:840} INFO - DAG(s) 'tutorial_dag' retrieved from /Users/gaurav/Documents/Breast-Cancer-ML-Pipeline/venv/lib/python3.9/site-packages/airflow/example_dags/tutorial_dag.py
[2025-04-21T17:09:56.018-0400] {logging_mixin.py:188} INFO - [2025-04-21T17:09:56.018-0400] {dag.py:3036} INFO - Sync 1 DAGs
[2025-04-21T17:09:56.024-0400] {logging_mixin.py:188} INFO - [2025-04-21T17:09:56.024-0400] {dag.py:3823} INFO - Setting next_dagrun for tutorial_dag to None, run_after=None
[2025-04-21T17:09:56.036-0400] {processor.py:183} INFO - Processing /Users/gaurav/Documents/Breast-Cancer-ML-Pipeline/venv/lib/python3.9/site-packages/airflow/example_dags/tutorial_dag.py took 0.102 seconds
[2025-04-21T17:11:10.986-0400] {processor.py:161} INFO - Started process (PID=85737) to work on /Users/gaurav/Documents/Breast-Cancer-ML-Pipeline/venv/lib/python3.9/site-packages/airflow/example_dags/tutorial_dag.py
[2025-04-21T17:11:10.988-0400] {processor.py:830} INFO - Processing file /Users/gaurav/Documents/Breast-Cancer-ML-Pipeline/venv/lib/python3.9/site-packages/airflow/example_dags/tutorial_dag.py for tasks to queue
[2025-04-21T17:11:10.988-0400] {logging_mixin.py:188} INFO - [2025-04-21T17:11:10.988-0400] {dagbag.py:538} INFO - Filling up the DagBag from /Users/gaurav/Documents/Breast-Cancer-ML-Pipeline/venv/lib/python3.9/site-packages/airflow/example_dags/tutorial_dag.py
[2025-04-21T17:11:11.008-0400] {processor.py:840} INFO - DAG(s) 'tutorial_dag' retrieved from /Users/gaurav/Documents/Breast-Cancer-ML-Pipeline/venv/lib/python3.9/site-packages/airflow/example_dags/tutorial_dag.py
[2025-04-21T17:11:11.072-0400] {logging_mixin.py:188} INFO - [2025-04-21T17:11:11.071-0400] {dag.py:3036} INFO - Sync 1 DAGs
[2025-04-21T17:11:11.078-0400] {logging_mixin.py:188} INFO - [2025-04-21T17:11:11.078-0400] {dag.py:3823} INFO - Setting next_dagrun for tutorial_dag to None, run_after=None
[2025-04-21T17:11:11.090-0400] {processor.py:183} INFO - Processing /Users/gaurav/Documents/Breast-Cancer-ML-Pipeline/venv/lib/python3.9/site-packages/airflow/example_dags/tutorial_dag.py took 0.105 seconds
[2025-04-21T17:12:24.360-0400] {processor.py:161} INFO - Started process (PID=85831) to work on /Users/gaurav/Documents/Breast-Cancer-ML-Pipeline/venv/lib/python3.9/site-packages/airflow/example_dags/tutorial_dag.py
[2025-04-21T17:12:24.362-0400] {processor.py:830} INFO - Processing file /Users/gaurav/Documents/Breast-Cancer-ML-Pipeline/venv/lib/python3.9/site-packages/airflow/example_dags/tutorial_dag.py for tasks to queue
[2025-04-21T17:12:24.362-0400] {logging_mixin.py:188} INFO - [2025-04-21T17:12:24.362-0400] {dagbag.py:538} INFO - Filling up the DagBag from /Users/gaurav/Documents/Breast-Cancer-ML-Pipeline/venv/lib/python3.9/site-packages/airflow/example_dags/tutorial_dag.py
[2025-04-21T17:12:24.381-0400] {processor.py:840} INFO - DAG(s) 'tutorial_dag' retrieved from /Users/gaurav/Documents/Breast-Cancer-ML-Pipeline/venv/lib/python3.9/site-packages/airflow/example_dags/tutorial_dag.py
[2025-04-21T17:12:24.446-0400] {logging_mixin.py:188} INFO - [2025-04-21T17:12:24.445-0400] {dag.py:3036} INFO - Sync 1 DAGs
[2025-04-21T17:12:24.452-0400] {logging_mixin.py:188} INFO - [2025-04-21T17:12:24.452-0400] {dag.py:3823} INFO - Setting next_dagrun for tutorial_dag to None, run_after=None
[2025-04-21T17:12:24.465-0400] {processor.py:183} INFO - Processing /Users/gaurav/Documents/Breast-Cancer-ML-Pipeline/venv/lib/python3.9/site-packages/airflow/example_dags/tutorial_dag.py took 0.106 seconds
[2025-04-21T17:13:38.097-0400] {processor.py:161} INFO - Started process (PID=85919) to work on /Users/gaurav/Documents/Breast-Cancer-ML-Pipeline/venv/lib/python3.9/site-packages/airflow/example_dags/tutorial_dag.py
[2025-04-21T17:13:38.098-0400] {processor.py:830} INFO - Processing file /Users/gaurav/Documents/Breast-Cancer-ML-Pipeline/venv/lib/python3.9/site-packages/airflow/example_dags/tutorial_dag.py for tasks to queue
[2025-04-21T17:13:38.099-0400] {logging_mixin.py:188} INFO - [2025-04-21T17:13:38.098-0400] {dagbag.py:538} INFO - Filling up the DagBag from /Users/gaurav/Documents/Breast-Cancer-ML-Pipeline/venv/lib/python3.9/site-packages/airflow/example_dags/tutorial_dag.py
[2025-04-21T17:13:38.118-0400] {processor.py:840} INFO - DAG(s) 'tutorial_dag' retrieved from /Users/gaurav/Documents/Breast-Cancer-ML-Pipeline/venv/lib/python3.9/site-packages/airflow/example_dags/tutorial_dag.py
[2025-04-21T17:13:38.180-0400] {logging_mixin.py:188} INFO - [2025-04-21T17:13:38.179-0400] {dag.py:3036} INFO - Sync 1 DAGs
[2025-04-21T17:13:38.186-0400] {logging_mixin.py:188} INFO - [2025-04-21T17:13:38.186-0400] {dag.py:3823} INFO - Setting next_dagrun for tutorial_dag to None, run_after=None
[2025-04-21T17:13:38.198-0400] {processor.py:183} INFO - Processing /Users/gaurav/Documents/Breast-Cancer-ML-Pipeline/venv/lib/python3.9/site-packages/airflow/example_dags/tutorial_dag.py took 0.102 seconds
[2025-04-21T17:14:51.405-0400] {processor.py:161} INFO - Started process (PID=86005) to work on /Users/gaurav/Documents/Breast-Cancer-ML-Pipeline/venv/lib/python3.9/site-packages/airflow/example_dags/tutorial_dag.py
[2025-04-21T17:14:51.406-0400] {processor.py:830} INFO - Processing file /Users/gaurav/Documents/Breast-Cancer-ML-Pipeline/venv/lib/python3.9/site-packages/airflow/example_dags/tutorial_dag.py for tasks to queue
[2025-04-21T17:14:51.407-0400] {logging_mixin.py:188} INFO - [2025-04-21T17:14:51.406-0400] {dagbag.py:538} INFO - Filling up the DagBag from /Users/gaurav/Documents/Breast-Cancer-ML-Pipeline/venv/lib/python3.9/site-packages/airflow/example_dags/tutorial_dag.py
[2025-04-21T17:14:51.426-0400] {processor.py:840} INFO - DAG(s) 'tutorial_dag' retrieved from /Users/gaurav/Documents/Breast-Cancer-ML-Pipeline/venv/lib/python3.9/site-packages/airflow/example_dags/tutorial_dag.py
[2025-04-21T17:14:51.488-0400] {logging_mixin.py:188} INFO - [2025-04-21T17:14:51.488-0400] {dag.py:3036} INFO - Sync 1 DAGs
[2025-04-21T17:14:51.495-0400] {logging_mixin.py:188} INFO - [2025-04-21T17:14:51.494-0400] {dag.py:3823} INFO - Setting next_dagrun for tutorial_dag to None, run_after=None
[2025-04-21T17:14:51.506-0400] {processor.py:183} INFO - Processing /Users/gaurav/Documents/Breast-Cancer-ML-Pipeline/venv/lib/python3.9/site-packages/airflow/example_dags/tutorial_dag.py took 0.102 seconds
[2025-04-21T17:16:04.822-0400] {processor.py:161} INFO - Started process (PID=86096) to work on /Users/gaurav/Documents/Breast-Cancer-ML-Pipeline/venv/lib/python3.9/site-packages/airflow/example_dags/tutorial_dag.py
[2025-04-21T17:16:04.823-0400] {processor.py:830} INFO - Processing file /Users/gaurav/Documents/Breast-Cancer-ML-Pipeline/venv/lib/python3.9/site-packages/airflow/example_dags/tutorial_dag.py for tasks to queue
[2025-04-21T17:16:04.824-0400] {logging_mixin.py:188} INFO - [2025-04-21T17:16:04.824-0400] {dagbag.py:538} INFO - Filling up the DagBag from /Users/gaurav/Documents/Breast-Cancer-ML-Pipeline/venv/lib/python3.9/site-packages/airflow/example_dags/tutorial_dag.py
[2025-04-21T17:16:04.843-0400] {processor.py:840} INFO - DAG(s) 'tutorial_dag' retrieved from /Users/gaurav/Documents/Breast-Cancer-ML-Pipeline/venv/lib/python3.9/site-packages/airflow/example_dags/tutorial_dag.py
[2025-04-21T17:16:04.905-0400] {logging_mixin.py:188} INFO - [2025-04-21T17:16:04.905-0400] {dag.py:3036} INFO - Sync 1 DAGs
[2025-04-21T17:16:04.913-0400] {logging_mixin.py:188} INFO - [2025-04-21T17:16:04.913-0400] {dag.py:3823} INFO - Setting next_dagrun for tutorial_dag to None, run_after=None
[2025-04-21T17:16:04.927-0400] {processor.py:183} INFO - Processing /Users/gaurav/Documents/Breast-Cancer-ML-Pipeline/venv/lib/python3.9/site-packages/airflow/example_dags/tutorial_dag.py took 0.106 seconds
[2025-04-21T17:17:18.650-0400] {processor.py:161} INFO - Started process (PID=86191) to work on /Users/gaurav/Documents/Breast-Cancer-ML-Pipeline/venv/lib/python3.9/site-packages/airflow/example_dags/tutorial_dag.py
[2025-04-21T17:17:18.652-0400] {processor.py:830} INFO - Processing file /Users/gaurav/Documents/Breast-Cancer-ML-Pipeline/venv/lib/python3.9/site-packages/airflow/example_dags/tutorial_dag.py for tasks to queue
[2025-04-21T17:17:18.652-0400] {logging_mixin.py:188} INFO - [2025-04-21T17:17:18.652-0400] {dagbag.py:538} INFO - Filling up the DagBag from /Users/gaurav/Documents/Breast-Cancer-ML-Pipeline/venv/lib/python3.9/site-packages/airflow/example_dags/tutorial_dag.py
[2025-04-21T17:17:18.672-0400] {processor.py:840} INFO - DAG(s) 'tutorial_dag' retrieved from /Users/gaurav/Documents/Breast-Cancer-ML-Pipeline/venv/lib/python3.9/site-packages/airflow/example_dags/tutorial_dag.py
[2025-04-21T17:17:18.735-0400] {logging_mixin.py:188} INFO - [2025-04-21T17:17:18.735-0400] {dag.py:3036} INFO - Sync 1 DAGs
[2025-04-21T17:17:18.742-0400] {logging_mixin.py:188} INFO - [2025-04-21T17:17:18.742-0400] {dag.py:3823} INFO - Setting next_dagrun for tutorial_dag to None, run_after=None
[2025-04-21T17:17:18.756-0400] {processor.py:183} INFO - Processing /Users/gaurav/Documents/Breast-Cancer-ML-Pipeline/venv/lib/python3.9/site-packages/airflow/example_dags/tutorial_dag.py took 0.107 seconds
[2025-04-21T17:18:33.913-0400] {processor.py:161} INFO - Started process (PID=86283) to work on /Users/gaurav/Documents/Breast-Cancer-ML-Pipeline/venv/lib/python3.9/site-packages/airflow/example_dags/tutorial_dag.py
[2025-04-21T17:18:33.918-0400] {processor.py:830} INFO - Processing file /Users/gaurav/Documents/Breast-Cancer-ML-Pipeline/venv/lib/python3.9/site-packages/airflow/example_dags/tutorial_dag.py for tasks to queue
[2025-04-21T17:18:33.918-0400] {logging_mixin.py:188} INFO - [2025-04-21T17:18:33.918-0400] {dagbag.py:538} INFO - Filling up the DagBag from /Users/gaurav/Documents/Breast-Cancer-ML-Pipeline/venv/lib/python3.9/site-packages/airflow/example_dags/tutorial_dag.py
[2025-04-21T17:18:33.941-0400] {processor.py:840} INFO - DAG(s) 'tutorial_dag' retrieved from /Users/gaurav/Documents/Breast-Cancer-ML-Pipeline/venv/lib/python3.9/site-packages/airflow/example_dags/tutorial_dag.py
[2025-04-21T17:18:34.008-0400] {logging_mixin.py:188} INFO - [2025-04-21T17:18:34.007-0400] {dag.py:3036} INFO - Sync 1 DAGs
[2025-04-21T17:18:34.015-0400] {logging_mixin.py:188} INFO - [2025-04-21T17:18:34.015-0400] {dag.py:3823} INFO - Setting next_dagrun for tutorial_dag to None, run_after=None
[2025-04-21T17:18:34.028-0400] {processor.py:183} INFO - Processing /Users/gaurav/Documents/Breast-Cancer-ML-Pipeline/venv/lib/python3.9/site-packages/airflow/example_dags/tutorial_dag.py took 0.116 seconds
[2025-04-21T17:19:49.473-0400] {processor.py:161} INFO - Started process (PID=86387) to work on /Users/gaurav/Documents/Breast-Cancer-ML-Pipeline/venv/lib/python3.9/site-packages/airflow/example_dags/tutorial_dag.py
[2025-04-21T17:19:49.475-0400] {processor.py:830} INFO - Processing file /Users/gaurav/Documents/Breast-Cancer-ML-Pipeline/venv/lib/python3.9/site-packages/airflow/example_dags/tutorial_dag.py for tasks to queue
[2025-04-21T17:19:49.476-0400] {logging_mixin.py:188} INFO - [2025-04-21T17:19:49.475-0400] {dagbag.py:538} INFO - Filling up the DagBag from /Users/gaurav/Documents/Breast-Cancer-ML-Pipeline/venv/lib/python3.9/site-packages/airflow/example_dags/tutorial_dag.py
[2025-04-21T17:19:49.495-0400] {processor.py:840} INFO - DAG(s) 'tutorial_dag' retrieved from /Users/gaurav/Documents/Breast-Cancer-ML-Pipeline/venv/lib/python3.9/site-packages/airflow/example_dags/tutorial_dag.py
[2025-04-21T17:19:49.559-0400] {logging_mixin.py:188} INFO - [2025-04-21T17:19:49.559-0400] {dag.py:3036} INFO - Sync 1 DAGs
[2025-04-21T17:19:49.565-0400] {logging_mixin.py:188} INFO - [2025-04-21T17:19:49.565-0400] {dag.py:3823} INFO - Setting next_dagrun for tutorial_dag to None, run_after=None
[2025-04-21T17:19:49.577-0400] {processor.py:183} INFO - Processing /Users/gaurav/Documents/Breast-Cancer-ML-Pipeline/venv/lib/python3.9/site-packages/airflow/example_dags/tutorial_dag.py took 0.105 seconds
[2025-04-21T17:21:24.952-0400] {processor.py:161} INFO - Started process (PID=86486) to work on /Users/gaurav/Documents/Breast-Cancer-ML-Pipeline/venv/lib/python3.9/site-packages/airflow/example_dags/tutorial_dag.py
[2025-04-21T17:21:24.954-0400] {processor.py:830} INFO - Processing file /Users/gaurav/Documents/Breast-Cancer-ML-Pipeline/venv/lib/python3.9/site-packages/airflow/example_dags/tutorial_dag.py for tasks to queue
[2025-04-21T17:21:24.955-0400] {logging_mixin.py:188} INFO - [2025-04-21T17:21:24.955-0400] {dagbag.py:538} INFO - Filling up the DagBag from /Users/gaurav/Documents/Breast-Cancer-ML-Pipeline/venv/lib/python3.9/site-packages/airflow/example_dags/tutorial_dag.py
[2025-04-21T17:21:24.976-0400] {processor.py:840} INFO - DAG(s) 'tutorial_dag' retrieved from /Users/gaurav/Documents/Breast-Cancer-ML-Pipeline/venv/lib/python3.9/site-packages/airflow/example_dags/tutorial_dag.py
[2025-04-21T17:21:24.984-0400] {logging_mixin.py:188} INFO - [2025-04-21T17:21:24.984-0400] {dag.py:3036} INFO - Sync 1 DAGs
[2025-04-21T17:21:25.044-0400] {logging_mixin.py:188} INFO - [2025-04-21T17:21:25.044-0400] {dag.py:3823} INFO - Setting next_dagrun for tutorial_dag to None, run_after=None
[2025-04-21T17:21:25.057-0400] {processor.py:183} INFO - Processing /Users/gaurav/Documents/Breast-Cancer-ML-Pipeline/venv/lib/python3.9/site-packages/airflow/example_dags/tutorial_dag.py took 0.106 seconds
[2025-04-21T17:23:01.603-0400] {processor.py:161} INFO - Started process (PID=86578) to work on /Users/gaurav/Documents/Breast-Cancer-ML-Pipeline/venv/lib/python3.9/site-packages/airflow/example_dags/tutorial_dag.py
[2025-04-21T17:23:01.606-0400] {processor.py:830} INFO - Processing file /Users/gaurav/Documents/Breast-Cancer-ML-Pipeline/venv/lib/python3.9/site-packages/airflow/example_dags/tutorial_dag.py for tasks to queue
[2025-04-21T17:23:01.606-0400] {logging_mixin.py:188} INFO - [2025-04-21T17:23:01.606-0400] {dagbag.py:538} INFO - Filling up the DagBag from /Users/gaurav/Documents/Breast-Cancer-ML-Pipeline/venv/lib/python3.9/site-packages/airflow/example_dags/tutorial_dag.py
[2025-04-21T17:23:01.626-0400] {processor.py:840} INFO - DAG(s) 'tutorial_dag' retrieved from /Users/gaurav/Documents/Breast-Cancer-ML-Pipeline/venv/lib/python3.9/site-packages/airflow/example_dags/tutorial_dag.py
[2025-04-21T17:23:01.751-0400] {logging_mixin.py:188} INFO - [2025-04-21T17:23:01.751-0400] {dag.py:3036} INFO - Sync 1 DAGs
[2025-04-21T17:23:01.758-0400] {logging_mixin.py:188} INFO - [2025-04-21T17:23:01.758-0400] {dag.py:3823} INFO - Setting next_dagrun for tutorial_dag to None, run_after=None
[2025-04-21T17:23:01.772-0400] {processor.py:183} INFO - Processing /Users/gaurav/Documents/Breast-Cancer-ML-Pipeline/venv/lib/python3.9/site-packages/airflow/example_dags/tutorial_dag.py took 0.170 seconds
[2025-04-21T17:23:46.246-0400] {processor.py:161} INFO - Started process (PID=86640) to work on /Users/gaurav/Documents/Breast-Cancer-ML-Pipeline/venv/lib/python3.9/site-packages/airflow/example_dags/tutorial_dag.py
[2025-04-21T17:23:46.248-0400] {processor.py:830} INFO - Processing file /Users/gaurav/Documents/Breast-Cancer-ML-Pipeline/venv/lib/python3.9/site-packages/airflow/example_dags/tutorial_dag.py for tasks to queue
[2025-04-21T17:23:46.248-0400] {logging_mixin.py:188} INFO - [2025-04-21T17:23:46.248-0400] {dagbag.py:538} INFO - Filling up the DagBag from /Users/gaurav/Documents/Breast-Cancer-ML-Pipeline/venv/lib/python3.9/site-packages/airflow/example_dags/tutorial_dag.py
[2025-04-21T17:23:46.267-0400] {processor.py:840} INFO - DAG(s) 'tutorial_dag' retrieved from /Users/gaurav/Documents/Breast-Cancer-ML-Pipeline/venv/lib/python3.9/site-packages/airflow/example_dags/tutorial_dag.py
[2025-04-21T17:23:46.328-0400] {logging_mixin.py:188} INFO - [2025-04-21T17:23:46.328-0400] {dag.py:3036} INFO - Sync 1 DAGs
[2025-04-21T17:23:46.335-0400] {logging_mixin.py:188} INFO - [2025-04-21T17:23:46.334-0400] {dag.py:3823} INFO - Setting next_dagrun for tutorial_dag to None, run_after=None
[2025-04-21T17:23:46.347-0400] {processor.py:183} INFO - Processing /Users/gaurav/Documents/Breast-Cancer-ML-Pipeline/venv/lib/python3.9/site-packages/airflow/example_dags/tutorial_dag.py took 0.102 seconds
[2025-04-21T17:25:03.032-0400] {processor.py:161} INFO - Started process (PID=86723) to work on /Users/gaurav/Documents/Breast-Cancer-ML-Pipeline/venv/lib/python3.9/site-packages/airflow/example_dags/tutorial_dag.py
[2025-04-21T17:25:03.034-0400] {processor.py:830} INFO - Processing file /Users/gaurav/Documents/Breast-Cancer-ML-Pipeline/venv/lib/python3.9/site-packages/airflow/example_dags/tutorial_dag.py for tasks to queue
[2025-04-21T17:25:03.035-0400] {logging_mixin.py:188} INFO - [2025-04-21T17:25:03.035-0400] {dagbag.py:538} INFO - Filling up the DagBag from /Users/gaurav/Documents/Breast-Cancer-ML-Pipeline/venv/lib/python3.9/site-packages/airflow/example_dags/tutorial_dag.py
[2025-04-21T17:25:03.055-0400] {processor.py:840} INFO - DAG(s) 'tutorial_dag' retrieved from /Users/gaurav/Documents/Breast-Cancer-ML-Pipeline/venv/lib/python3.9/site-packages/airflow/example_dags/tutorial_dag.py
[2025-04-21T17:25:03.122-0400] {logging_mixin.py:188} INFO - [2025-04-21T17:25:03.121-0400] {dag.py:3036} INFO - Sync 1 DAGs
[2025-04-21T17:25:03.128-0400] {logging_mixin.py:188} INFO - [2025-04-21T17:25:03.128-0400] {dag.py:3823} INFO - Setting next_dagrun for tutorial_dag to None, run_after=None
[2025-04-21T17:25:03.140-0400] {processor.py:183} INFO - Processing /Users/gaurav/Documents/Breast-Cancer-ML-Pipeline/venv/lib/python3.9/site-packages/airflow/example_dags/tutorial_dag.py took 0.108 seconds
[2025-04-21T17:26:19.149-0400] {processor.py:161} INFO - Started process (PID=86835) to work on /Users/gaurav/Documents/Breast-Cancer-ML-Pipeline/venv/lib/python3.9/site-packages/airflow/example_dags/tutorial_dag.py
[2025-04-21T17:26:19.151-0400] {processor.py:830} INFO - Processing file /Users/gaurav/Documents/Breast-Cancer-ML-Pipeline/venv/lib/python3.9/site-packages/airflow/example_dags/tutorial_dag.py for tasks to queue
[2025-04-21T17:26:19.152-0400] {logging_mixin.py:188} INFO - [2025-04-21T17:26:19.152-0400] {dagbag.py:538} INFO - Filling up the DagBag from /Users/gaurav/Documents/Breast-Cancer-ML-Pipeline/venv/lib/python3.9/site-packages/airflow/example_dags/tutorial_dag.py
[2025-04-21T17:26:19.171-0400] {processor.py:840} INFO - DAG(s) 'tutorial_dag' retrieved from /Users/gaurav/Documents/Breast-Cancer-ML-Pipeline/venv/lib/python3.9/site-packages/airflow/example_dags/tutorial_dag.py
[2025-04-21T17:26:19.233-0400] {logging_mixin.py:188} INFO - [2025-04-21T17:26:19.233-0400] {dag.py:3036} INFO - Sync 1 DAGs
[2025-04-21T17:26:19.239-0400] {logging_mixin.py:188} INFO - [2025-04-21T17:26:19.239-0400] {dag.py:3823} INFO - Setting next_dagrun for tutorial_dag to None, run_after=None
[2025-04-21T17:26:19.251-0400] {processor.py:183} INFO - Processing /Users/gaurav/Documents/Breast-Cancer-ML-Pipeline/venv/lib/python3.9/site-packages/airflow/example_dags/tutorial_dag.py took 0.102 seconds
[2025-04-21T17:27:36.241-0400] {processor.py:161} INFO - Started process (PID=86949) to work on /Users/gaurav/Documents/Breast-Cancer-ML-Pipeline/venv/lib/python3.9/site-packages/airflow/example_dags/tutorial_dag.py
[2025-04-21T17:27:36.242-0400] {processor.py:830} INFO - Processing file /Users/gaurav/Documents/Breast-Cancer-ML-Pipeline/venv/lib/python3.9/site-packages/airflow/example_dags/tutorial_dag.py for tasks to queue
[2025-04-21T17:27:36.243-0400] {logging_mixin.py:188} INFO - [2025-04-21T17:27:36.243-0400] {dagbag.py:538} INFO - Filling up the DagBag from /Users/gaurav/Documents/Breast-Cancer-ML-Pipeline/venv/lib/python3.9/site-packages/airflow/example_dags/tutorial_dag.py
[2025-04-21T17:27:36.262-0400] {processor.py:840} INFO - DAG(s) 'tutorial_dag' retrieved from /Users/gaurav/Documents/Breast-Cancer-ML-Pipeline/venv/lib/python3.9/site-packages/airflow/example_dags/tutorial_dag.py
[2025-04-21T17:27:36.325-0400] {logging_mixin.py:188} INFO - [2025-04-21T17:27:36.324-0400] {dag.py:3036} INFO - Sync 1 DAGs
[2025-04-21T17:27:36.331-0400] {logging_mixin.py:188} INFO - [2025-04-21T17:27:36.331-0400] {dag.py:3823} INFO - Setting next_dagrun for tutorial_dag to None, run_after=None
[2025-04-21T17:27:36.343-0400] {processor.py:183} INFO - Processing /Users/gaurav/Documents/Breast-Cancer-ML-Pipeline/venv/lib/python3.9/site-packages/airflow/example_dags/tutorial_dag.py took 0.103 seconds
[2025-04-21T17:29:11.061-0400] {processor.py:161} INFO - Started process (PID=87095) to work on /Users/gaurav/Documents/Breast-Cancer-ML-Pipeline/venv/lib/python3.9/site-packages/airflow/example_dags/tutorial_dag.py
[2025-04-21T17:29:11.063-0400] {processor.py:830} INFO - Processing file /Users/gaurav/Documents/Breast-Cancer-ML-Pipeline/venv/lib/python3.9/site-packages/airflow/example_dags/tutorial_dag.py for tasks to queue
[2025-04-21T17:29:11.063-0400] {logging_mixin.py:188} INFO - [2025-04-21T17:29:11.063-0400] {dagbag.py:538} INFO - Filling up the DagBag from /Users/gaurav/Documents/Breast-Cancer-ML-Pipeline/venv/lib/python3.9/site-packages/airflow/example_dags/tutorial_dag.py
[2025-04-21T17:29:11.085-0400] {processor.py:840} INFO - DAG(s) 'tutorial_dag' retrieved from /Users/gaurav/Documents/Breast-Cancer-ML-Pipeline/venv/lib/python3.9/site-packages/airflow/example_dags/tutorial_dag.py
[2025-04-21T17:29:11.155-0400] {logging_mixin.py:188} INFO - [2025-04-21T17:29:11.154-0400] {dag.py:3036} INFO - Sync 1 DAGs
[2025-04-21T17:29:11.162-0400] {logging_mixin.py:188} INFO - [2025-04-21T17:29:11.161-0400] {dag.py:3823} INFO - Setting next_dagrun for tutorial_dag to None, run_after=None
[2025-04-21T17:29:11.176-0400] {processor.py:183} INFO - Processing /Users/gaurav/Documents/Breast-Cancer-ML-Pipeline/venv/lib/python3.9/site-packages/airflow/example_dags/tutorial_dag.py took 0.116 seconds
[2025-04-21T17:30:01.444-0400] {processor.py:161} INFO - Started process (PID=87149) to work on /Users/gaurav/Documents/Breast-Cancer-ML-Pipeline/venv/lib/python3.9/site-packages/airflow/example_dags/tutorial_dag.py
[2025-04-21T17:30:01.445-0400] {processor.py:830} INFO - Processing file /Users/gaurav/Documents/Breast-Cancer-ML-Pipeline/venv/lib/python3.9/site-packages/airflow/example_dags/tutorial_dag.py for tasks to queue
[2025-04-21T17:30:01.446-0400] {logging_mixin.py:188} INFO - [2025-04-21T17:30:01.445-0400] {dagbag.py:538} INFO - Filling up the DagBag from /Users/gaurav/Documents/Breast-Cancer-ML-Pipeline/venv/lib/python3.9/site-packages/airflow/example_dags/tutorial_dag.py
[2025-04-21T17:30:01.464-0400] {processor.py:840} INFO - DAG(s) 'tutorial_dag' retrieved from /Users/gaurav/Documents/Breast-Cancer-ML-Pipeline/venv/lib/python3.9/site-packages/airflow/example_dags/tutorial_dag.py
[2025-04-21T17:30:01.528-0400] {logging_mixin.py:188} INFO - [2025-04-21T17:30:01.528-0400] {dag.py:3036} INFO - Sync 1 DAGs
[2025-04-21T17:30:01.534-0400] {logging_mixin.py:188} INFO - [2025-04-21T17:30:01.534-0400] {dag.py:3823} INFO - Setting next_dagrun for tutorial_dag to None, run_after=None
[2025-04-21T17:30:01.546-0400] {processor.py:183} INFO - Processing /Users/gaurav/Documents/Breast-Cancer-ML-Pipeline/venv/lib/python3.9/site-packages/airflow/example_dags/tutorial_dag.py took 0.103 seconds
[2025-04-21T17:31:18.153-0400] {processor.py:161} INFO - Started process (PID=87236) to work on /Users/gaurav/Documents/Breast-Cancer-ML-Pipeline/venv/lib/python3.9/site-packages/airflow/example_dags/tutorial_dag.py
[2025-04-21T17:31:18.155-0400] {processor.py:830} INFO - Processing file /Users/gaurav/Documents/Breast-Cancer-ML-Pipeline/venv/lib/python3.9/site-packages/airflow/example_dags/tutorial_dag.py for tasks to queue
[2025-04-21T17:31:18.156-0400] {logging_mixin.py:188} INFO - [2025-04-21T17:31:18.156-0400] {dagbag.py:538} INFO - Filling up the DagBag from /Users/gaurav/Documents/Breast-Cancer-ML-Pipeline/venv/lib/python3.9/site-packages/airflow/example_dags/tutorial_dag.py
[2025-04-21T17:31:18.174-0400] {processor.py:840} INFO - DAG(s) 'tutorial_dag' retrieved from /Users/gaurav/Documents/Breast-Cancer-ML-Pipeline/venv/lib/python3.9/site-packages/airflow/example_dags/tutorial_dag.py
[2025-04-21T17:31:18.236-0400] {logging_mixin.py:188} INFO - [2025-04-21T17:31:18.236-0400] {dag.py:3036} INFO - Sync 1 DAGs
[2025-04-21T17:31:18.242-0400] {logging_mixin.py:188} INFO - [2025-04-21T17:31:18.242-0400] {dag.py:3823} INFO - Setting next_dagrun for tutorial_dag to None, run_after=None
[2025-04-21T17:31:18.253-0400] {processor.py:183} INFO - Processing /Users/gaurav/Documents/Breast-Cancer-ML-Pipeline/venv/lib/python3.9/site-packages/airflow/example_dags/tutorial_dag.py took 0.101 seconds
[2025-04-21T17:35:39.218-0400] {processor.py:161} INFO - Started process (PID=87454) to work on /Users/gaurav/Documents/Breast-Cancer-ML-Pipeline/venv/lib/python3.9/site-packages/airflow/example_dags/tutorial_dag.py
[2025-04-21T17:35:39.219-0400] {processor.py:830} INFO - Processing file /Users/gaurav/Documents/Breast-Cancer-ML-Pipeline/venv/lib/python3.9/site-packages/airflow/example_dags/tutorial_dag.py for tasks to queue
[2025-04-21T17:35:39.220-0400] {logging_mixin.py:188} INFO - [2025-04-21T17:35:39.220-0400] {dagbag.py:538} INFO - Filling up the DagBag from /Users/gaurav/Documents/Breast-Cancer-ML-Pipeline/venv/lib/python3.9/site-packages/airflow/example_dags/tutorial_dag.py
[2025-04-21T17:35:39.240-0400] {processor.py:840} INFO - DAG(s) 'tutorial_dag' retrieved from /Users/gaurav/Documents/Breast-Cancer-ML-Pipeline/venv/lib/python3.9/site-packages/airflow/example_dags/tutorial_dag.py
[2025-04-21T17:35:39.248-0400] {logging_mixin.py:188} INFO - [2025-04-21T17:35:39.248-0400] {dag.py:3036} INFO - Sync 1 DAGs
[2025-04-21T17:35:39.307-0400] {logging_mixin.py:188} INFO - [2025-04-21T17:35:39.306-0400] {dag.py:3823} INFO - Setting next_dagrun for tutorial_dag to None, run_after=None
[2025-04-21T17:35:39.320-0400] {processor.py:183} INFO - Processing /Users/gaurav/Documents/Breast-Cancer-ML-Pipeline/venv/lib/python3.9/site-packages/airflow/example_dags/tutorial_dag.py took 0.103 seconds
[2025-04-21T17:38:24.691-0400] {processor.py:161} INFO - Started process (PID=87848) to work on /Users/gaurav/Documents/Breast-Cancer-ML-Pipeline/venv/lib/python3.9/site-packages/airflow/example_dags/tutorial_dag.py
[2025-04-21T17:38:24.693-0400] {processor.py:830} INFO - Processing file /Users/gaurav/Documents/Breast-Cancer-ML-Pipeline/venv/lib/python3.9/site-packages/airflow/example_dags/tutorial_dag.py for tasks to queue
[2025-04-21T17:38:24.694-0400] {logging_mixin.py:188} INFO - [2025-04-21T17:38:24.693-0400] {dagbag.py:538} INFO - Filling up the DagBag from /Users/gaurav/Documents/Breast-Cancer-ML-Pipeline/venv/lib/python3.9/site-packages/airflow/example_dags/tutorial_dag.py
[2025-04-21T17:38:24.711-0400] {processor.py:840} INFO - DAG(s) 'tutorial_dag' retrieved from /Users/gaurav/Documents/Breast-Cancer-ML-Pipeline/venv/lib/python3.9/site-packages/airflow/example_dags/tutorial_dag.py
[2025-04-21T17:38:24.825-0400] {logging_mixin.py:188} INFO - [2025-04-21T17:38:24.824-0400] {dag.py:3036} INFO - Sync 1 DAGs
[2025-04-21T17:38:24.831-0400] {logging_mixin.py:188} INFO - [2025-04-21T17:38:24.831-0400] {dag.py:3823} INFO - Setting next_dagrun for tutorial_dag to None, run_after=None
[2025-04-21T17:38:24.844-0400] {processor.py:183} INFO - Processing /Users/gaurav/Documents/Breast-Cancer-ML-Pipeline/venv/lib/python3.9/site-packages/airflow/example_dags/tutorial_dag.py took 0.153 seconds
[2025-04-21T17:39:39.427-0400] {processor.py:161} INFO - Started process (PID=87917) to work on /Users/gaurav/Documents/Breast-Cancer-ML-Pipeline/venv/lib/python3.9/site-packages/airflow/example_dags/tutorial_dag.py
[2025-04-21T17:39:39.428-0400] {processor.py:830} INFO - Processing file /Users/gaurav/Documents/Breast-Cancer-ML-Pipeline/venv/lib/python3.9/site-packages/airflow/example_dags/tutorial_dag.py for tasks to queue
[2025-04-21T17:39:39.429-0400] {logging_mixin.py:188} INFO - [2025-04-21T17:39:39.429-0400] {dagbag.py:538} INFO - Filling up the DagBag from /Users/gaurav/Documents/Breast-Cancer-ML-Pipeline/venv/lib/python3.9/site-packages/airflow/example_dags/tutorial_dag.py
[2025-04-21T17:39:39.448-0400] {processor.py:840} INFO - DAG(s) 'tutorial_dag' retrieved from /Users/gaurav/Documents/Breast-Cancer-ML-Pipeline/venv/lib/python3.9/site-packages/airflow/example_dags/tutorial_dag.py
[2025-04-21T17:39:39.513-0400] {logging_mixin.py:188} INFO - [2025-04-21T17:39:39.513-0400] {dag.py:3036} INFO - Sync 1 DAGs
[2025-04-21T17:39:39.519-0400] {logging_mixin.py:188} INFO - [2025-04-21T17:39:39.519-0400] {dag.py:3823} INFO - Setting next_dagrun for tutorial_dag to None, run_after=None
[2025-04-21T17:39:39.531-0400] {processor.py:183} INFO - Processing /Users/gaurav/Documents/Breast-Cancer-ML-Pipeline/venv/lib/python3.9/site-packages/airflow/example_dags/tutorial_dag.py took 0.105 seconds
[2025-04-21T17:40:57.945-0400] {processor.py:161} INFO - Started process (PID=88051) to work on /Users/gaurav/Documents/Breast-Cancer-ML-Pipeline/venv/lib/python3.9/site-packages/airflow/example_dags/tutorial_dag.py
[2025-04-21T17:40:57.947-0400] {processor.py:830} INFO - Processing file /Users/gaurav/Documents/Breast-Cancer-ML-Pipeline/venv/lib/python3.9/site-packages/airflow/example_dags/tutorial_dag.py for tasks to queue
[2025-04-21T17:40:57.947-0400] {logging_mixin.py:188} INFO - [2025-04-21T17:40:57.947-0400] {dagbag.py:538} INFO - Filling up the DagBag from /Users/gaurav/Documents/Breast-Cancer-ML-Pipeline/venv/lib/python3.9/site-packages/airflow/example_dags/tutorial_dag.py
[2025-04-21T17:40:57.965-0400] {processor.py:840} INFO - DAG(s) 'tutorial_dag' retrieved from /Users/gaurav/Documents/Breast-Cancer-ML-Pipeline/venv/lib/python3.9/site-packages/airflow/example_dags/tutorial_dag.py
[2025-04-21T17:40:58.027-0400] {logging_mixin.py:188} INFO - [2025-04-21T17:40:58.027-0400] {dag.py:3036} INFO - Sync 1 DAGs
[2025-04-21T17:40:58.033-0400] {logging_mixin.py:188} INFO - [2025-04-21T17:40:58.033-0400] {dag.py:3823} INFO - Setting next_dagrun for tutorial_dag to None, run_after=None
[2025-04-21T17:40:58.045-0400] {processor.py:183} INFO - Processing /Users/gaurav/Documents/Breast-Cancer-ML-Pipeline/venv/lib/python3.9/site-packages/airflow/example_dags/tutorial_dag.py took 0.101 seconds
[2025-04-21T17:41:58.954-0400] {processor.py:161} INFO - Started process (PID=88135) to work on /Users/gaurav/Documents/Breast-Cancer-ML-Pipeline/venv/lib/python3.9/site-packages/airflow/example_dags/tutorial_dag.py
[2025-04-21T17:41:58.956-0400] {processor.py:830} INFO - Processing file /Users/gaurav/Documents/Breast-Cancer-ML-Pipeline/venv/lib/python3.9/site-packages/airflow/example_dags/tutorial_dag.py for tasks to queue
[2025-04-21T17:41:58.956-0400] {logging_mixin.py:188} INFO - [2025-04-21T17:41:58.956-0400] {dagbag.py:538} INFO - Filling up the DagBag from /Users/gaurav/Documents/Breast-Cancer-ML-Pipeline/venv/lib/python3.9/site-packages/airflow/example_dags/tutorial_dag.py
[2025-04-21T17:41:58.975-0400] {processor.py:840} INFO - DAG(s) 'tutorial_dag' retrieved from /Users/gaurav/Documents/Breast-Cancer-ML-Pipeline/venv/lib/python3.9/site-packages/airflow/example_dags/tutorial_dag.py
[2025-04-21T17:41:59.036-0400] {logging_mixin.py:188} INFO - [2025-04-21T17:41:59.036-0400] {dag.py:3036} INFO - Sync 1 DAGs
[2025-04-21T17:41:59.042-0400] {logging_mixin.py:188} INFO - [2025-04-21T17:41:59.042-0400] {dag.py:3823} INFO - Setting next_dagrun for tutorial_dag to None, run_after=None
[2025-04-21T17:41:59.055-0400] {processor.py:183} INFO - Processing /Users/gaurav/Documents/Breast-Cancer-ML-Pipeline/venv/lib/python3.9/site-packages/airflow/example_dags/tutorial_dag.py took 0.101 seconds
[2025-04-21T17:43:10.102-0400] {processor.py:161} INFO - Started process (PID=88214) to work on /Users/gaurav/Documents/Breast-Cancer-ML-Pipeline/venv/lib/python3.9/site-packages/airflow/example_dags/tutorial_dag.py
[2025-04-21T17:43:10.104-0400] {processor.py:830} INFO - Processing file /Users/gaurav/Documents/Breast-Cancer-ML-Pipeline/venv/lib/python3.9/site-packages/airflow/example_dags/tutorial_dag.py for tasks to queue
[2025-04-21T17:43:10.105-0400] {logging_mixin.py:188} INFO - [2025-04-21T17:43:10.104-0400] {dagbag.py:538} INFO - Filling up the DagBag from /Users/gaurav/Documents/Breast-Cancer-ML-Pipeline/venv/lib/python3.9/site-packages/airflow/example_dags/tutorial_dag.py
[2025-04-21T17:43:10.123-0400] {processor.py:840} INFO - DAG(s) 'tutorial_dag' retrieved from /Users/gaurav/Documents/Breast-Cancer-ML-Pipeline/venv/lib/python3.9/site-packages/airflow/example_dags/tutorial_dag.py
[2025-04-21T17:43:10.186-0400] {logging_mixin.py:188} INFO - [2025-04-21T17:43:10.186-0400] {dag.py:3036} INFO - Sync 1 DAGs
[2025-04-21T17:43:10.192-0400] {logging_mixin.py:188} INFO - [2025-04-21T17:43:10.192-0400] {dag.py:3823} INFO - Setting next_dagrun for tutorial_dag to None, run_after=None
[2025-04-21T17:43:10.205-0400] {processor.py:183} INFO - Processing /Users/gaurav/Documents/Breast-Cancer-ML-Pipeline/venv/lib/python3.9/site-packages/airflow/example_dags/tutorial_dag.py took 0.104 seconds
[2025-04-21T17:44:21.909-0400] {processor.py:161} INFO - Started process (PID=88301) to work on /Users/gaurav/Documents/Breast-Cancer-ML-Pipeline/venv/lib/python3.9/site-packages/airflow/example_dags/tutorial_dag.py
[2025-04-21T17:44:21.910-0400] {processor.py:830} INFO - Processing file /Users/gaurav/Documents/Breast-Cancer-ML-Pipeline/venv/lib/python3.9/site-packages/airflow/example_dags/tutorial_dag.py for tasks to queue
[2025-04-21T17:44:21.911-0400] {logging_mixin.py:188} INFO - [2025-04-21T17:44:21.911-0400] {dagbag.py:538} INFO - Filling up the DagBag from /Users/gaurav/Documents/Breast-Cancer-ML-Pipeline/venv/lib/python3.9/site-packages/airflow/example_dags/tutorial_dag.py
[2025-04-21T17:44:21.930-0400] {processor.py:840} INFO - DAG(s) 'tutorial_dag' retrieved from /Users/gaurav/Documents/Breast-Cancer-ML-Pipeline/venv/lib/python3.9/site-packages/airflow/example_dags/tutorial_dag.py
[2025-04-21T17:44:21.993-0400] {logging_mixin.py:188} INFO - [2025-04-21T17:44:21.993-0400] {dag.py:3036} INFO - Sync 1 DAGs
[2025-04-21T17:44:22.000-0400] {logging_mixin.py:188} INFO - [2025-04-21T17:44:22.000-0400] {dag.py:3823} INFO - Setting next_dagrun for tutorial_dag to None, run_after=None
[2025-04-21T17:44:22.012-0400] {processor.py:183} INFO - Processing /Users/gaurav/Documents/Breast-Cancer-ML-Pipeline/venv/lib/python3.9/site-packages/airflow/example_dags/tutorial_dag.py took 0.103 seconds
[2025-04-21T17:45:21.594-0400] {processor.py:161} INFO - Started process (PID=88388) to work on /Users/gaurav/Documents/Breast-Cancer-ML-Pipeline/venv/lib/python3.9/site-packages/airflow/example_dags/tutorial_dag.py
[2025-04-21T17:45:21.596-0400] {processor.py:830} INFO - Processing file /Users/gaurav/Documents/Breast-Cancer-ML-Pipeline/venv/lib/python3.9/site-packages/airflow/example_dags/tutorial_dag.py for tasks to queue
[2025-04-21T17:45:21.596-0400] {logging_mixin.py:188} INFO - [2025-04-21T17:45:21.596-0400] {dagbag.py:538} INFO - Filling up the DagBag from /Users/gaurav/Documents/Breast-Cancer-ML-Pipeline/venv/lib/python3.9/site-packages/airflow/example_dags/tutorial_dag.py
[2025-04-21T17:45:21.611-0400] {processor.py:840} INFO - DAG(s) 'tutorial_dag' retrieved from /Users/gaurav/Documents/Breast-Cancer-ML-Pipeline/venv/lib/python3.9/site-packages/airflow/example_dags/tutorial_dag.py
[2025-04-21T17:45:21.659-0400] {logging_mixin.py:188} INFO - [2025-04-21T17:45:21.659-0400] {dag.py:3036} INFO - Sync 1 DAGs
[2025-04-21T17:45:21.664-0400] {logging_mixin.py:188} INFO - [2025-04-21T17:45:21.664-0400] {dag.py:3823} INFO - Setting next_dagrun for tutorial_dag to None, run_after=None
[2025-04-21T17:45:21.673-0400] {processor.py:183} INFO - Processing /Users/gaurav/Documents/Breast-Cancer-ML-Pipeline/venv/lib/python3.9/site-packages/airflow/example_dags/tutorial_dag.py took 0.080 seconds
[2025-04-21T17:46:08.899-0400] {processor.py:161} INFO - Started process (PID=88509) to work on /Users/gaurav/Documents/Breast-Cancer-ML-Pipeline/venv/lib/python3.9/site-packages/airflow/example_dags/tutorial_dag.py
[2025-04-21T17:46:08.900-0400] {processor.py:830} INFO - Processing file /Users/gaurav/Documents/Breast-Cancer-ML-Pipeline/venv/lib/python3.9/site-packages/airflow/example_dags/tutorial_dag.py for tasks to queue
[2025-04-21T17:46:08.900-0400] {logging_mixin.py:188} INFO - [2025-04-21T17:46:08.900-0400] {dagbag.py:538} INFO - Filling up the DagBag from /Users/gaurav/Documents/Breast-Cancer-ML-Pipeline/venv/lib/python3.9/site-packages/airflow/example_dags/tutorial_dag.py
[2025-04-21T17:46:08.916-0400] {processor.py:840} INFO - DAG(s) 'tutorial_dag' retrieved from /Users/gaurav/Documents/Breast-Cancer-ML-Pipeline/venv/lib/python3.9/site-packages/airflow/example_dags/tutorial_dag.py
[2025-04-21T17:46:08.968-0400] {logging_mixin.py:188} INFO - [2025-04-21T17:46:08.968-0400] {dag.py:3036} INFO - Sync 1 DAGs
[2025-04-21T17:46:08.974-0400] {logging_mixin.py:188} INFO - [2025-04-21T17:46:08.974-0400] {dag.py:3823} INFO - Setting next_dagrun for tutorial_dag to None, run_after=None
[2025-04-21T17:46:08.984-0400] {processor.py:183} INFO - Processing /Users/gaurav/Documents/Breast-Cancer-ML-Pipeline/venv/lib/python3.9/site-packages/airflow/example_dags/tutorial_dag.py took 0.086 seconds
[2025-04-21T17:47:06.716-0400] {processor.py:161} INFO - Started process (PID=88586) to work on /Users/gaurav/Documents/Breast-Cancer-ML-Pipeline/venv/lib/python3.9/site-packages/airflow/example_dags/tutorial_dag.py
[2025-04-21T17:47:06.718-0400] {processor.py:830} INFO - Processing file /Users/gaurav/Documents/Breast-Cancer-ML-Pipeline/venv/lib/python3.9/site-packages/airflow/example_dags/tutorial_dag.py for tasks to queue
[2025-04-21T17:47:06.718-0400] {logging_mixin.py:188} INFO - [2025-04-21T17:47:06.718-0400] {dagbag.py:538} INFO - Filling up the DagBag from /Users/gaurav/Documents/Breast-Cancer-ML-Pipeline/venv/lib/python3.9/site-packages/airflow/example_dags/tutorial_dag.py
[2025-04-21T17:47:06.734-0400] {processor.py:840} INFO - DAG(s) 'tutorial_dag' retrieved from /Users/gaurav/Documents/Breast-Cancer-ML-Pipeline/venv/lib/python3.9/site-packages/airflow/example_dags/tutorial_dag.py
[2025-04-21T17:47:06.783-0400] {logging_mixin.py:188} INFO - [2025-04-21T17:47:06.783-0400] {dag.py:3036} INFO - Sync 1 DAGs
[2025-04-21T17:47:06.788-0400] {logging_mixin.py:188} INFO - [2025-04-21T17:47:06.788-0400] {dag.py:3823} INFO - Setting next_dagrun for tutorial_dag to None, run_after=None
[2025-04-21T17:47:06.798-0400] {processor.py:183} INFO - Processing /Users/gaurav/Documents/Breast-Cancer-ML-Pipeline/venv/lib/python3.9/site-packages/airflow/example_dags/tutorial_dag.py took 0.082 seconds
[2025-04-21T17:47:56.258-0400] {processor.py:161} INFO - Started process (PID=88649) to work on /Users/gaurav/Documents/Breast-Cancer-ML-Pipeline/venv/lib/python3.9/site-packages/airflow/example_dags/tutorial_dag.py
[2025-04-21T17:47:56.260-0400] {processor.py:830} INFO - Processing file /Users/gaurav/Documents/Breast-Cancer-ML-Pipeline/venv/lib/python3.9/site-packages/airflow/example_dags/tutorial_dag.py for tasks to queue
[2025-04-21T17:47:56.260-0400] {logging_mixin.py:188} INFO - [2025-04-21T17:47:56.260-0400] {dagbag.py:538} INFO - Filling up the DagBag from /Users/gaurav/Documents/Breast-Cancer-ML-Pipeline/venv/lib/python3.9/site-packages/airflow/example_dags/tutorial_dag.py
[2025-04-21T17:47:56.275-0400] {processor.py:840} INFO - DAG(s) 'tutorial_dag' retrieved from /Users/gaurav/Documents/Breast-Cancer-ML-Pipeline/venv/lib/python3.9/site-packages/airflow/example_dags/tutorial_dag.py
[2025-04-21T17:47:56.324-0400] {logging_mixin.py:188} INFO - [2025-04-21T17:47:56.324-0400] {dag.py:3036} INFO - Sync 1 DAGs
[2025-04-21T17:47:56.329-0400] {logging_mixin.py:188} INFO - [2025-04-21T17:47:56.329-0400] {dag.py:3823} INFO - Setting next_dagrun for tutorial_dag to None, run_after=None
[2025-04-21T17:47:56.339-0400] {processor.py:183} INFO - Processing /Users/gaurav/Documents/Breast-Cancer-ML-Pipeline/venv/lib/python3.9/site-packages/airflow/example_dags/tutorial_dag.py took 0.081 seconds
[2025-04-21T17:48:41.120-0400] {processor.py:161} INFO - Started process (PID=88716) to work on /Users/gaurav/Documents/Breast-Cancer-ML-Pipeline/venv/lib/python3.9/site-packages/airflow/example_dags/tutorial_dag.py
[2025-04-21T17:48:41.121-0400] {processor.py:830} INFO - Processing file /Users/gaurav/Documents/Breast-Cancer-ML-Pipeline/venv/lib/python3.9/site-packages/airflow/example_dags/tutorial_dag.py for tasks to queue
[2025-04-21T17:48:41.122-0400] {logging_mixin.py:188} INFO - [2025-04-21T17:48:41.122-0400] {dagbag.py:538} INFO - Filling up the DagBag from /Users/gaurav/Documents/Breast-Cancer-ML-Pipeline/venv/lib/python3.9/site-packages/airflow/example_dags/tutorial_dag.py
[2025-04-21T17:48:41.137-0400] {processor.py:840} INFO - DAG(s) 'tutorial_dag' retrieved from /Users/gaurav/Documents/Breast-Cancer-ML-Pipeline/venv/lib/python3.9/site-packages/airflow/example_dags/tutorial_dag.py
[2025-04-21T17:48:41.184-0400] {logging_mixin.py:188} INFO - [2025-04-21T17:48:41.184-0400] {dag.py:3036} INFO - Sync 1 DAGs
[2025-04-21T17:48:41.189-0400] {logging_mixin.py:188} INFO - [2025-04-21T17:48:41.189-0400] {dag.py:3823} INFO - Setting next_dagrun for tutorial_dag to None, run_after=None
[2025-04-21T17:48:41.199-0400] {processor.py:183} INFO - Processing /Users/gaurav/Documents/Breast-Cancer-ML-Pipeline/venv/lib/python3.9/site-packages/airflow/example_dags/tutorial_dag.py took 0.080 seconds
[2025-04-21T17:49:23.563-0400] {processor.py:161} INFO - Started process (PID=88772) to work on /Users/gaurav/Documents/Breast-Cancer-ML-Pipeline/venv/lib/python3.9/site-packages/airflow/example_dags/tutorial_dag.py
[2025-04-21T17:49:23.564-0400] {processor.py:830} INFO - Processing file /Users/gaurav/Documents/Breast-Cancer-ML-Pipeline/venv/lib/python3.9/site-packages/airflow/example_dags/tutorial_dag.py for tasks to queue
[2025-04-21T17:49:23.565-0400] {logging_mixin.py:188} INFO - [2025-04-21T17:49:23.565-0400] {dagbag.py:538} INFO - Filling up the DagBag from /Users/gaurav/Documents/Breast-Cancer-ML-Pipeline/venv/lib/python3.9/site-packages/airflow/example_dags/tutorial_dag.py
[2025-04-21T17:49:23.580-0400] {processor.py:840} INFO - DAG(s) 'tutorial_dag' retrieved from /Users/gaurav/Documents/Breast-Cancer-ML-Pipeline/venv/lib/python3.9/site-packages/airflow/example_dags/tutorial_dag.py
[2025-04-21T17:49:23.628-0400] {logging_mixin.py:188} INFO - [2025-04-21T17:49:23.628-0400] {dag.py:3036} INFO - Sync 1 DAGs
[2025-04-21T17:49:23.633-0400] {logging_mixin.py:188} INFO - [2025-04-21T17:49:23.632-0400] {dag.py:3823} INFO - Setting next_dagrun for tutorial_dag to None, run_after=None
[2025-04-21T17:49:23.642-0400] {processor.py:183} INFO - Processing /Users/gaurav/Documents/Breast-Cancer-ML-Pipeline/venv/lib/python3.9/site-packages/airflow/example_dags/tutorial_dag.py took 0.080 seconds
[2025-04-21T17:50:08.084-0400] {processor.py:161} INFO - Started process (PID=88831) to work on /Users/gaurav/Documents/Breast-Cancer-ML-Pipeline/venv/lib/python3.9/site-packages/airflow/example_dags/tutorial_dag.py
[2025-04-21T17:50:08.086-0400] {processor.py:830} INFO - Processing file /Users/gaurav/Documents/Breast-Cancer-ML-Pipeline/venv/lib/python3.9/site-packages/airflow/example_dags/tutorial_dag.py for tasks to queue
[2025-04-21T17:50:08.086-0400] {logging_mixin.py:188} INFO - [2025-04-21T17:50:08.086-0400] {dagbag.py:538} INFO - Filling up the DagBag from /Users/gaurav/Documents/Breast-Cancer-ML-Pipeline/venv/lib/python3.9/site-packages/airflow/example_dags/tutorial_dag.py
[2025-04-21T17:50:08.101-0400] {processor.py:840} INFO - DAG(s) 'tutorial_dag' retrieved from /Users/gaurav/Documents/Breast-Cancer-ML-Pipeline/venv/lib/python3.9/site-packages/airflow/example_dags/tutorial_dag.py
[2025-04-21T17:50:08.151-0400] {logging_mixin.py:188} INFO - [2025-04-21T17:50:08.151-0400] {dag.py:3036} INFO - Sync 1 DAGs
[2025-04-21T17:50:08.156-0400] {logging_mixin.py:188} INFO - [2025-04-21T17:50:08.156-0400] {dag.py:3823} INFO - Setting next_dagrun for tutorial_dag to None, run_after=None
[2025-04-21T17:50:08.167-0400] {processor.py:183} INFO - Processing /Users/gaurav/Documents/Breast-Cancer-ML-Pipeline/venv/lib/python3.9/site-packages/airflow/example_dags/tutorial_dag.py took 0.084 seconds
[2025-04-21T17:51:01.243-0400] {processor.py:161} INFO - Started process (PID=88905) to work on /Users/gaurav/Documents/Breast-Cancer-ML-Pipeline/venv/lib/python3.9/site-packages/airflow/example_dags/tutorial_dag.py
[2025-04-21T17:51:01.244-0400] {processor.py:830} INFO - Processing file /Users/gaurav/Documents/Breast-Cancer-ML-Pipeline/venv/lib/python3.9/site-packages/airflow/example_dags/tutorial_dag.py for tasks to queue
[2025-04-21T17:51:01.245-0400] {logging_mixin.py:188} INFO - [2025-04-21T17:51:01.245-0400] {dagbag.py:538} INFO - Filling up the DagBag from /Users/gaurav/Documents/Breast-Cancer-ML-Pipeline/venv/lib/python3.9/site-packages/airflow/example_dags/tutorial_dag.py
[2025-04-21T17:51:01.261-0400] {processor.py:840} INFO - DAG(s) 'tutorial_dag' retrieved from /Users/gaurav/Documents/Breast-Cancer-ML-Pipeline/venv/lib/python3.9/site-packages/airflow/example_dags/tutorial_dag.py
[2025-04-21T17:51:01.309-0400] {logging_mixin.py:188} INFO - [2025-04-21T17:51:01.309-0400] {dag.py:3036} INFO - Sync 1 DAGs
[2025-04-21T17:51:01.314-0400] {logging_mixin.py:188} INFO - [2025-04-21T17:51:01.314-0400] {dag.py:3823} INFO - Setting next_dagrun for tutorial_dag to None, run_after=None
[2025-04-21T17:51:01.323-0400] {processor.py:183} INFO - Processing /Users/gaurav/Documents/Breast-Cancer-ML-Pipeline/venv/lib/python3.9/site-packages/airflow/example_dags/tutorial_dag.py took 0.081 seconds
[2025-04-21T17:51:52.259-0400] {processor.py:161} INFO - Started process (PID=88979) to work on /Users/gaurav/Documents/Breast-Cancer-ML-Pipeline/venv/lib/python3.9/site-packages/airflow/example_dags/tutorial_dag.py
[2025-04-21T17:51:52.261-0400] {processor.py:830} INFO - Processing file /Users/gaurav/Documents/Breast-Cancer-ML-Pipeline/venv/lib/python3.9/site-packages/airflow/example_dags/tutorial_dag.py for tasks to queue
[2025-04-21T17:51:52.261-0400] {logging_mixin.py:188} INFO - [2025-04-21T17:51:52.261-0400] {dagbag.py:538} INFO - Filling up the DagBag from /Users/gaurav/Documents/Breast-Cancer-ML-Pipeline/venv/lib/python3.9/site-packages/airflow/example_dags/tutorial_dag.py
[2025-04-21T17:51:52.278-0400] {processor.py:840} INFO - DAG(s) 'tutorial_dag' retrieved from /Users/gaurav/Documents/Breast-Cancer-ML-Pipeline/venv/lib/python3.9/site-packages/airflow/example_dags/tutorial_dag.py
[2025-04-21T17:51:52.329-0400] {logging_mixin.py:188} INFO - [2025-04-21T17:51:52.329-0400] {dag.py:3036} INFO - Sync 1 DAGs
[2025-04-21T17:51:52.335-0400] {logging_mixin.py:188} INFO - [2025-04-21T17:51:52.335-0400] {dag.py:3823} INFO - Setting next_dagrun for tutorial_dag to None, run_after=None
[2025-04-21T17:51:52.345-0400] {processor.py:183} INFO - Processing /Users/gaurav/Documents/Breast-Cancer-ML-Pipeline/venv/lib/python3.9/site-packages/airflow/example_dags/tutorial_dag.py took 0.087 seconds
[2025-04-21T17:52:46.538-0400] {processor.py:161} INFO - Started process (PID=89055) to work on /Users/gaurav/Documents/Breast-Cancer-ML-Pipeline/venv/lib/python3.9/site-packages/airflow/example_dags/tutorial_dag.py
[2025-04-21T17:52:46.539-0400] {processor.py:830} INFO - Processing file /Users/gaurav/Documents/Breast-Cancer-ML-Pipeline/venv/lib/python3.9/site-packages/airflow/example_dags/tutorial_dag.py for tasks to queue
[2025-04-21T17:52:46.539-0400] {logging_mixin.py:188} INFO - [2025-04-21T17:52:46.539-0400] {dagbag.py:538} INFO - Filling up the DagBag from /Users/gaurav/Documents/Breast-Cancer-ML-Pipeline/venv/lib/python3.9/site-packages/airflow/example_dags/tutorial_dag.py
[2025-04-21T17:52:46.555-0400] {processor.py:840} INFO - DAG(s) 'tutorial_dag' retrieved from /Users/gaurav/Documents/Breast-Cancer-ML-Pipeline/venv/lib/python3.9/site-packages/airflow/example_dags/tutorial_dag.py
[2025-04-21T17:52:46.609-0400] {logging_mixin.py:188} INFO - [2025-04-21T17:52:46.609-0400] {dag.py:3036} INFO - Sync 1 DAGs
[2025-04-21T17:52:46.614-0400] {logging_mixin.py:188} INFO - [2025-04-21T17:52:46.614-0400] {dag.py:3823} INFO - Setting next_dagrun for tutorial_dag to None, run_after=None
[2025-04-21T17:52:46.626-0400] {processor.py:183} INFO - Processing /Users/gaurav/Documents/Breast-Cancer-ML-Pipeline/venv/lib/python3.9/site-packages/airflow/example_dags/tutorial_dag.py took 0.089 seconds
[2025-04-21T17:53:35.580-0400] {processor.py:161} INFO - Started process (PID=89117) to work on /Users/gaurav/Documents/Breast-Cancer-ML-Pipeline/venv/lib/python3.9/site-packages/airflow/example_dags/tutorial_dag.py
[2025-04-21T17:53:35.581-0400] {processor.py:830} INFO - Processing file /Users/gaurav/Documents/Breast-Cancer-ML-Pipeline/venv/lib/python3.9/site-packages/airflow/example_dags/tutorial_dag.py for tasks to queue
[2025-04-21T17:53:35.582-0400] {logging_mixin.py:188} INFO - [2025-04-21T17:53:35.582-0400] {dagbag.py:538} INFO - Filling up the DagBag from /Users/gaurav/Documents/Breast-Cancer-ML-Pipeline/venv/lib/python3.9/site-packages/airflow/example_dags/tutorial_dag.py
[2025-04-21T17:53:35.598-0400] {processor.py:840} INFO - DAG(s) 'tutorial_dag' retrieved from /Users/gaurav/Documents/Breast-Cancer-ML-Pipeline/venv/lib/python3.9/site-packages/airflow/example_dags/tutorial_dag.py
[2025-04-21T17:53:35.648-0400] {logging_mixin.py:188} INFO - [2025-04-21T17:53:35.647-0400] {dag.py:3036} INFO - Sync 1 DAGs
[2025-04-21T17:53:35.652-0400] {logging_mixin.py:188} INFO - [2025-04-21T17:53:35.652-0400] {dag.py:3823} INFO - Setting next_dagrun for tutorial_dag to None, run_after=None
[2025-04-21T17:53:35.662-0400] {processor.py:183} INFO - Processing /Users/gaurav/Documents/Breast-Cancer-ML-Pipeline/venv/lib/python3.9/site-packages/airflow/example_dags/tutorial_dag.py took 0.084 seconds
[2025-04-21T17:54:28.534-0400] {processor.py:161} INFO - Started process (PID=89197) to work on /Users/gaurav/Documents/Breast-Cancer-ML-Pipeline/venv/lib/python3.9/site-packages/airflow/example_dags/tutorial_dag.py
[2025-04-21T17:54:28.535-0400] {processor.py:830} INFO - Processing file /Users/gaurav/Documents/Breast-Cancer-ML-Pipeline/venv/lib/python3.9/site-packages/airflow/example_dags/tutorial_dag.py for tasks to queue
[2025-04-21T17:54:28.536-0400] {logging_mixin.py:188} INFO - [2025-04-21T17:54:28.536-0400] {dagbag.py:538} INFO - Filling up the DagBag from /Users/gaurav/Documents/Breast-Cancer-ML-Pipeline/venv/lib/python3.9/site-packages/airflow/example_dags/tutorial_dag.py
[2025-04-21T17:54:28.552-0400] {processor.py:840} INFO - DAG(s) 'tutorial_dag' retrieved from /Users/gaurav/Documents/Breast-Cancer-ML-Pipeline/venv/lib/python3.9/site-packages/airflow/example_dags/tutorial_dag.py
[2025-04-21T17:54:28.600-0400] {logging_mixin.py:188} INFO - [2025-04-21T17:54:28.600-0400] {dag.py:3036} INFO - Sync 1 DAGs
[2025-04-21T17:54:28.605-0400] {logging_mixin.py:188} INFO - [2025-04-21T17:54:28.605-0400] {dag.py:3823} INFO - Setting next_dagrun for tutorial_dag to None, run_after=None
[2025-04-21T17:54:28.615-0400] {processor.py:183} INFO - Processing /Users/gaurav/Documents/Breast-Cancer-ML-Pipeline/venv/lib/python3.9/site-packages/airflow/example_dags/tutorial_dag.py took 0.081 seconds
[2025-04-21T17:55:22.520-0400] {processor.py:161} INFO - Started process (PID=89343) to work on /Users/gaurav/Documents/Breast-Cancer-ML-Pipeline/venv/lib/python3.9/site-packages/airflow/example_dags/tutorial_dag.py
[2025-04-21T17:55:22.522-0400] {processor.py:830} INFO - Processing file /Users/gaurav/Documents/Breast-Cancer-ML-Pipeline/venv/lib/python3.9/site-packages/airflow/example_dags/tutorial_dag.py for tasks to queue
[2025-04-21T17:55:22.522-0400] {logging_mixin.py:188} INFO - [2025-04-21T17:55:22.522-0400] {dagbag.py:538} INFO - Filling up the DagBag from /Users/gaurav/Documents/Breast-Cancer-ML-Pipeline/venv/lib/python3.9/site-packages/airflow/example_dags/tutorial_dag.py
[2025-04-21T17:55:22.540-0400] {processor.py:840} INFO - DAG(s) 'tutorial_dag' retrieved from /Users/gaurav/Documents/Breast-Cancer-ML-Pipeline/venv/lib/python3.9/site-packages/airflow/example_dags/tutorial_dag.py
[2025-04-21T17:55:22.596-0400] {logging_mixin.py:188} INFO - [2025-04-21T17:55:22.596-0400] {dag.py:3036} INFO - Sync 1 DAGs
[2025-04-21T17:55:22.602-0400] {logging_mixin.py:188} INFO - [2025-04-21T17:55:22.602-0400] {dag.py:3823} INFO - Setting next_dagrun for tutorial_dag to None, run_after=None
[2025-04-21T17:55:22.614-0400] {processor.py:183} INFO - Processing /Users/gaurav/Documents/Breast-Cancer-ML-Pipeline/venv/lib/python3.9/site-packages/airflow/example_dags/tutorial_dag.py took 0.094 seconds
