[2025-04-21T16:38:25.220-0400] {processor.py:161} INFO - Started process (PID=83496) to work on /Users/gaurav/Documents/Breast-Cancer-ML-Pipeline/venv/lib/python3.9/site-packages/airflow/example_dags/tutorial_taskflow_api.py
[2025-04-21T16:38:25.221-0400] {processor.py:830} INFO - Processing file /Users/gaurav/Documents/Breast-Cancer-ML-Pipeline/venv/lib/python3.9/site-packages/airflow/example_dags/tutorial_taskflow_api.py for tasks to queue
[2025-04-21T16:38:25.222-0400] {logging_mixin.py:188} INFO - [2025-04-21T16:38:25.222-0400] {dagbag.py:538} INFO - Filling up the DagBag from /Users/gaurav/Documents/Breast-Cancer-ML-Pipeline/venv/lib/python3.9/site-packages/airflow/example_dags/tutorial_taskflow_api.py
[2025-04-21T16:38:25.250-0400] {processor.py:840} INFO - DAG(s) 'tutorial_taskflow_api' retrieved from /Users/gaurav/Documents/Breast-Cancer-ML-Pipeline/venv/lib/python3.9/site-packages/airflow/example_dags/tutorial_taskflow_api.py
[2025-04-21T16:38:25.386-0400] {logging_mixin.py:188} INFO - [2025-04-21T16:38:25.386-0400] {override.py:1769} INFO - Created Permission View: can read on DAG:tutorial_taskflow_api
[2025-04-21T16:38:25.391-0400] {logging_mixin.py:188} INFO - [2025-04-21T16:38:25.391-0400] {override.py:1769} INFO - Created Permission View: can edit on DAG:tutorial_taskflow_api
[2025-04-21T16:38:25.395-0400] {logging_mixin.py:188} INFO - [2025-04-21T16:38:25.395-0400] {override.py:1769} INFO - Created Permission View: can delete on DAG:tutorial_taskflow_api
[2025-04-21T16:38:25.395-0400] {logging_mixin.py:188} INFO - [2025-04-21T16:38:25.395-0400] {dag.py:3036} INFO - Sync 1 DAGs
[2025-04-21T16:38:25.401-0400] {logging_mixin.py:188} INFO - [2025-04-21T16:38:25.401-0400] {dag.py:3058} INFO - Creating ORM DAG for tutorial_taskflow_api
[2025-04-21T16:38:25.402-0400] {logging_mixin.py:188} INFO - [2025-04-21T16:38:25.402-0400] {dag.py:3823} INFO - Setting next_dagrun for tutorial_taskflow_api to None, run_after=None
[2025-04-21T16:38:25.413-0400] {processor.py:183} INFO - Processing /Users/gaurav/Documents/Breast-Cancer-ML-Pipeline/venv/lib/python3.9/site-packages/airflow/example_dags/tutorial_taskflow_api.py took 0.194 seconds
[2025-04-21T16:40:22.443-0400] {processor.py:161} INFO - Started process (PID=83617) to work on /Users/gaurav/Documents/Breast-Cancer-ML-Pipeline/venv/lib/python3.9/site-packages/airflow/example_dags/tutorial_taskflow_api.py
[2025-04-21T16:40:22.445-0400] {processor.py:830} INFO - Processing file /Users/gaurav/Documents/Breast-Cancer-ML-Pipeline/venv/lib/python3.9/site-packages/airflow/example_dags/tutorial_taskflow_api.py for tasks to queue
[2025-04-21T16:40:22.445-0400] {logging_mixin.py:188} INFO - [2025-04-21T16:40:22.445-0400] {dagbag.py:538} INFO - Filling up the DagBag from /Users/gaurav/Documents/Breast-Cancer-ML-Pipeline/venv/lib/python3.9/site-packages/airflow/example_dags/tutorial_taskflow_api.py
[2025-04-21T16:40:22.473-0400] {processor.py:840} INFO - DAG(s) 'tutorial_taskflow_api' retrieved from /Users/gaurav/Documents/Breast-Cancer-ML-Pipeline/venv/lib/python3.9/site-packages/airflow/example_dags/tutorial_taskflow_api.py
[2025-04-21T16:40:22.539-0400] {logging_mixin.py:188} INFO - [2025-04-21T16:40:22.539-0400] {dag.py:3036} INFO - Sync 1 DAGs
[2025-04-21T16:40:22.545-0400] {logging_mixin.py:188} INFO - [2025-04-21T16:40:22.545-0400] {dag.py:3823} INFO - Setting next_dagrun for tutorial_taskflow_api to None, run_after=None
[2025-04-21T16:40:22.557-0400] {processor.py:183} INFO - Processing /Users/gaurav/Documents/Breast-Cancer-ML-Pipeline/venv/lib/python3.9/site-packages/airflow/example_dags/tutorial_taskflow_api.py took 0.114 seconds
[2025-04-21T16:41:40.893-0400] {processor.py:161} INFO - Started process (PID=83682) to work on /Users/gaurav/Documents/Breast-Cancer-ML-Pipeline/venv/lib/python3.9/site-packages/airflow/example_dags/tutorial_taskflow_api.py
[2025-04-21T16:41:40.894-0400] {processor.py:830} INFO - Processing file /Users/gaurav/Documents/Breast-Cancer-ML-Pipeline/venv/lib/python3.9/site-packages/airflow/example_dags/tutorial_taskflow_api.py for tasks to queue
[2025-04-21T16:41:40.895-0400] {logging_mixin.py:188} INFO - [2025-04-21T16:41:40.895-0400] {dagbag.py:538} INFO - Filling up the DagBag from /Users/gaurav/Documents/Breast-Cancer-ML-Pipeline/venv/lib/python3.9/site-packages/airflow/example_dags/tutorial_taskflow_api.py
[2025-04-21T16:41:40.922-0400] {processor.py:840} INFO - DAG(s) 'tutorial_taskflow_api' retrieved from /Users/gaurav/Documents/Breast-Cancer-ML-Pipeline/venv/lib/python3.9/site-packages/airflow/example_dags/tutorial_taskflow_api.py
[2025-04-21T16:41:40.995-0400] {logging_mixin.py:188} INFO - [2025-04-21T16:41:40.995-0400] {dag.py:3036} INFO - Sync 1 DAGs
[2025-04-21T16:41:41.002-0400] {logging_mixin.py:188} INFO - [2025-04-21T16:41:41.001-0400] {dag.py:3823} INFO - Setting next_dagrun for tutorial_taskflow_api to None, run_after=None
[2025-04-21T16:41:41.014-0400] {processor.py:183} INFO - Processing /Users/gaurav/Documents/Breast-Cancer-ML-Pipeline/venv/lib/python3.9/site-packages/airflow/example_dags/tutorial_taskflow_api.py took 0.122 seconds
[2025-04-21T16:43:01.995-0400] {processor.py:161} INFO - Started process (PID=83745) to work on /Users/gaurav/Documents/Breast-Cancer-ML-Pipeline/venv/lib/python3.9/site-packages/airflow/example_dags/tutorial_taskflow_api.py
[2025-04-21T16:43:01.997-0400] {processor.py:830} INFO - Processing file /Users/gaurav/Documents/Breast-Cancer-ML-Pipeline/venv/lib/python3.9/site-packages/airflow/example_dags/tutorial_taskflow_api.py for tasks to queue
[2025-04-21T16:43:01.997-0400] {logging_mixin.py:188} INFO - [2025-04-21T16:43:01.997-0400] {dagbag.py:538} INFO - Filling up the DagBag from /Users/gaurav/Documents/Breast-Cancer-ML-Pipeline/venv/lib/python3.9/site-packages/airflow/example_dags/tutorial_taskflow_api.py
[2025-04-21T16:43:02.027-0400] {processor.py:840} INFO - DAG(s) 'tutorial_taskflow_api' retrieved from /Users/gaurav/Documents/Breast-Cancer-ML-Pipeline/venv/lib/python3.9/site-packages/airflow/example_dags/tutorial_taskflow_api.py
[2025-04-21T16:43:02.102-0400] {logging_mixin.py:188} INFO - [2025-04-21T16:43:02.102-0400] {dag.py:3036} INFO - Sync 1 DAGs
[2025-04-21T16:43:02.109-0400] {logging_mixin.py:188} INFO - [2025-04-21T16:43:02.109-0400] {dag.py:3823} INFO - Setting next_dagrun for tutorial_taskflow_api to None, run_after=None
[2025-04-21T16:43:02.123-0400] {processor.py:183} INFO - Processing /Users/gaurav/Documents/Breast-Cancer-ML-Pipeline/venv/lib/python3.9/site-packages/airflow/example_dags/tutorial_taskflow_api.py took 0.129 seconds
[2025-04-21T16:44:26.419-0400] {processor.py:161} INFO - Started process (PID=83819) to work on /Users/gaurav/Documents/Breast-Cancer-ML-Pipeline/venv/lib/python3.9/site-packages/airflow/example_dags/tutorial_taskflow_api.py
[2025-04-21T16:44:26.421-0400] {processor.py:830} INFO - Processing file /Users/gaurav/Documents/Breast-Cancer-ML-Pipeline/venv/lib/python3.9/site-packages/airflow/example_dags/tutorial_taskflow_api.py for tasks to queue
[2025-04-21T16:44:26.421-0400] {logging_mixin.py:188} INFO - [2025-04-21T16:44:26.421-0400] {dagbag.py:538} INFO - Filling up the DagBag from /Users/gaurav/Documents/Breast-Cancer-ML-Pipeline/venv/lib/python3.9/site-packages/airflow/example_dags/tutorial_taskflow_api.py
[2025-04-21T16:44:26.449-0400] {processor.py:840} INFO - DAG(s) 'tutorial_taskflow_api' retrieved from /Users/gaurav/Documents/Breast-Cancer-ML-Pipeline/venv/lib/python3.9/site-packages/airflow/example_dags/tutorial_taskflow_api.py
[2025-04-21T16:44:26.514-0400] {logging_mixin.py:188} INFO - [2025-04-21T16:44:26.514-0400] {dag.py:3036} INFO - Sync 1 DAGs
[2025-04-21T16:44:26.520-0400] {logging_mixin.py:188} INFO - [2025-04-21T16:44:26.520-0400] {dag.py:3823} INFO - Setting next_dagrun for tutorial_taskflow_api to None, run_after=None
[2025-04-21T16:44:26.531-0400] {processor.py:183} INFO - Processing /Users/gaurav/Documents/Breast-Cancer-ML-Pipeline/venv/lib/python3.9/site-packages/airflow/example_dags/tutorial_taskflow_api.py took 0.113 seconds
[2025-04-21T16:46:33.924-0400] {processor.py:161} INFO - Started process (PID=83987) to work on /Users/gaurav/Documents/Breast-Cancer-ML-Pipeline/venv/lib/python3.9/site-packages/airflow/example_dags/tutorial_taskflow_api.py
[2025-04-21T16:46:33.929-0400] {processor.py:830} INFO - Processing file /Users/gaurav/Documents/Breast-Cancer-ML-Pipeline/venv/lib/python3.9/site-packages/airflow/example_dags/tutorial_taskflow_api.py for tasks to queue
[2025-04-21T16:46:33.929-0400] {logging_mixin.py:188} INFO - [2025-04-21T16:46:33.929-0400] {dagbag.py:538} INFO - Filling up the DagBag from /Users/gaurav/Documents/Breast-Cancer-ML-Pipeline/venv/lib/python3.9/site-packages/airflow/example_dags/tutorial_taskflow_api.py
[2025-04-21T16:46:34.032-0400] {processor.py:840} INFO - DAG(s) 'tutorial_taskflow_api' retrieved from /Users/gaurav/Documents/Breast-Cancer-ML-Pipeline/venv/lib/python3.9/site-packages/airflow/example_dags/tutorial_taskflow_api.py
[2025-04-21T16:46:34.104-0400] {logging_mixin.py:188} INFO - [2025-04-21T16:46:34.104-0400] {dag.py:3036} INFO - Sync 1 DAGs
[2025-04-21T16:46:34.111-0400] {logging_mixin.py:188} INFO - [2025-04-21T16:46:34.111-0400] {dag.py:3823} INFO - Setting next_dagrun for tutorial_taskflow_api to None, run_after=None
[2025-04-21T16:46:34.124-0400] {processor.py:183} INFO - Processing /Users/gaurav/Documents/Breast-Cancer-ML-Pipeline/venv/lib/python3.9/site-packages/airflow/example_dags/tutorial_taskflow_api.py took 0.201 seconds
[2025-04-21T16:47:37.155-0400] {processor.py:161} INFO - Started process (PID=84055) to work on /Users/gaurav/Documents/Breast-Cancer-ML-Pipeline/venv/lib/python3.9/site-packages/airflow/example_dags/tutorial_taskflow_api.py
[2025-04-21T16:47:37.156-0400] {processor.py:830} INFO - Processing file /Users/gaurav/Documents/Breast-Cancer-ML-Pipeline/venv/lib/python3.9/site-packages/airflow/example_dags/tutorial_taskflow_api.py for tasks to queue
[2025-04-21T16:47:37.157-0400] {logging_mixin.py:188} INFO - [2025-04-21T16:47:37.157-0400] {dagbag.py:538} INFO - Filling up the DagBag from /Users/gaurav/Documents/Breast-Cancer-ML-Pipeline/venv/lib/python3.9/site-packages/airflow/example_dags/tutorial_taskflow_api.py
[2025-04-21T16:47:37.184-0400] {processor.py:840} INFO - DAG(s) 'tutorial_taskflow_api' retrieved from /Users/gaurav/Documents/Breast-Cancer-ML-Pipeline/venv/lib/python3.9/site-packages/airflow/example_dags/tutorial_taskflow_api.py
[2025-04-21T16:47:37.249-0400] {logging_mixin.py:188} INFO - [2025-04-21T16:47:37.248-0400] {dag.py:3036} INFO - Sync 1 DAGs
[2025-04-21T16:47:37.255-0400] {logging_mixin.py:188} INFO - [2025-04-21T16:47:37.255-0400] {dag.py:3823} INFO - Setting next_dagrun for tutorial_taskflow_api to None, run_after=None
[2025-04-21T16:47:37.266-0400] {processor.py:183} INFO - Processing /Users/gaurav/Documents/Breast-Cancer-ML-Pipeline/venv/lib/python3.9/site-packages/airflow/example_dags/tutorial_taskflow_api.py took 0.112 seconds
[2025-04-21T16:48:48.859-0400] {processor.py:161} INFO - Started process (PID=84134) to work on /Users/gaurav/Documents/Breast-Cancer-ML-Pipeline/venv/lib/python3.9/site-packages/airflow/example_dags/tutorial_taskflow_api.py
[2025-04-21T16:48:48.861-0400] {processor.py:830} INFO - Processing file /Users/gaurav/Documents/Breast-Cancer-ML-Pipeline/venv/lib/python3.9/site-packages/airflow/example_dags/tutorial_taskflow_api.py for tasks to queue
[2025-04-21T16:48:48.862-0400] {logging_mixin.py:188} INFO - [2025-04-21T16:48:48.861-0400] {dagbag.py:538} INFO - Filling up the DagBag from /Users/gaurav/Documents/Breast-Cancer-ML-Pipeline/venv/lib/python3.9/site-packages/airflow/example_dags/tutorial_taskflow_api.py
[2025-04-21T16:48:48.889-0400] {processor.py:840} INFO - DAG(s) 'tutorial_taskflow_api' retrieved from /Users/gaurav/Documents/Breast-Cancer-ML-Pipeline/venv/lib/python3.9/site-packages/airflow/example_dags/tutorial_taskflow_api.py
[2025-04-21T16:48:48.950-0400] {logging_mixin.py:188} INFO - [2025-04-21T16:48:48.950-0400] {dag.py:3036} INFO - Sync 1 DAGs
[2025-04-21T16:48:48.956-0400] {logging_mixin.py:188} INFO - [2025-04-21T16:48:48.956-0400] {dag.py:3823} INFO - Setting next_dagrun for tutorial_taskflow_api to None, run_after=None
[2025-04-21T16:48:48.968-0400] {processor.py:183} INFO - Processing /Users/gaurav/Documents/Breast-Cancer-ML-Pipeline/venv/lib/python3.9/site-packages/airflow/example_dags/tutorial_taskflow_api.py took 0.110 seconds
[2025-04-21T16:50:00.547-0400] {processor.py:161} INFO - Started process (PID=84219) to work on /Users/gaurav/Documents/Breast-Cancer-ML-Pipeline/venv/lib/python3.9/site-packages/airflow/example_dags/tutorial_taskflow_api.py
[2025-04-21T16:50:00.548-0400] {processor.py:830} INFO - Processing file /Users/gaurav/Documents/Breast-Cancer-ML-Pipeline/venv/lib/python3.9/site-packages/airflow/example_dags/tutorial_taskflow_api.py for tasks to queue
[2025-04-21T16:50:00.549-0400] {logging_mixin.py:188} INFO - [2025-04-21T16:50:00.549-0400] {dagbag.py:538} INFO - Filling up the DagBag from /Users/gaurav/Documents/Breast-Cancer-ML-Pipeline/venv/lib/python3.9/site-packages/airflow/example_dags/tutorial_taskflow_api.py
[2025-04-21T16:50:00.575-0400] {processor.py:840} INFO - DAG(s) 'tutorial_taskflow_api' retrieved from /Users/gaurav/Documents/Breast-Cancer-ML-Pipeline/venv/lib/python3.9/site-packages/airflow/example_dags/tutorial_taskflow_api.py
[2025-04-21T16:50:00.638-0400] {logging_mixin.py:188} INFO - [2025-04-21T16:50:00.638-0400] {dag.py:3036} INFO - Sync 1 DAGs
[2025-04-21T16:50:00.645-0400] {logging_mixin.py:188} INFO - [2025-04-21T16:50:00.645-0400] {dag.py:3823} INFO - Setting next_dagrun for tutorial_taskflow_api to None, run_after=None
[2025-04-21T16:50:00.657-0400] {processor.py:183} INFO - Processing /Users/gaurav/Documents/Breast-Cancer-ML-Pipeline/venv/lib/python3.9/site-packages/airflow/example_dags/tutorial_taskflow_api.py took 0.111 seconds
[2025-04-21T16:51:18.435-0400] {processor.py:161} INFO - Started process (PID=84304) to work on /Users/gaurav/Documents/Breast-Cancer-ML-Pipeline/venv/lib/python3.9/site-packages/airflow/example_dags/tutorial_taskflow_api.py
[2025-04-21T16:51:18.437-0400] {processor.py:830} INFO - Processing file /Users/gaurav/Documents/Breast-Cancer-ML-Pipeline/venv/lib/python3.9/site-packages/airflow/example_dags/tutorial_taskflow_api.py for tasks to queue
[2025-04-21T16:51:18.437-0400] {logging_mixin.py:188} INFO - [2025-04-21T16:51:18.437-0400] {dagbag.py:538} INFO - Filling up the DagBag from /Users/gaurav/Documents/Breast-Cancer-ML-Pipeline/venv/lib/python3.9/site-packages/airflow/example_dags/tutorial_taskflow_api.py
[2025-04-21T16:51:18.464-0400] {processor.py:840} INFO - DAG(s) 'tutorial_taskflow_api' retrieved from /Users/gaurav/Documents/Breast-Cancer-ML-Pipeline/venv/lib/python3.9/site-packages/airflow/example_dags/tutorial_taskflow_api.py
[2025-04-21T16:51:18.529-0400] {logging_mixin.py:188} INFO - [2025-04-21T16:51:18.528-0400] {dag.py:3036} INFO - Sync 1 DAGs
[2025-04-21T16:51:18.535-0400] {logging_mixin.py:188} INFO - [2025-04-21T16:51:18.535-0400] {dag.py:3823} INFO - Setting next_dagrun for tutorial_taskflow_api to None, run_after=None
[2025-04-21T16:51:18.547-0400] {processor.py:183} INFO - Processing /Users/gaurav/Documents/Breast-Cancer-ML-Pipeline/venv/lib/python3.9/site-packages/airflow/example_dags/tutorial_taskflow_api.py took 0.113 seconds
[2025-04-21T16:51:59.453-0400] {processor.py:161} INFO - Started process (PID=84351) to work on /Users/gaurav/Documents/Breast-Cancer-ML-Pipeline/venv/lib/python3.9/site-packages/airflow/example_dags/tutorial_taskflow_api.py
[2025-04-21T16:51:59.455-0400] {processor.py:830} INFO - Processing file /Users/gaurav/Documents/Breast-Cancer-ML-Pipeline/venv/lib/python3.9/site-packages/airflow/example_dags/tutorial_taskflow_api.py for tasks to queue
[2025-04-21T16:51:59.455-0400] {logging_mixin.py:188} INFO - [2025-04-21T16:51:59.455-0400] {dagbag.py:538} INFO - Filling up the DagBag from /Users/gaurav/Documents/Breast-Cancer-ML-Pipeline/venv/lib/python3.9/site-packages/airflow/example_dags/tutorial_taskflow_api.py
[2025-04-21T16:51:59.485-0400] {processor.py:840} INFO - DAG(s) 'tutorial_taskflow_api' retrieved from /Users/gaurav/Documents/Breast-Cancer-ML-Pipeline/venv/lib/python3.9/site-packages/airflow/example_dags/tutorial_taskflow_api.py
[2025-04-21T16:51:59.557-0400] {logging_mixin.py:188} INFO - [2025-04-21T16:51:59.557-0400] {dag.py:3036} INFO - Sync 1 DAGs
[2025-04-21T16:51:59.564-0400] {logging_mixin.py:188} INFO - [2025-04-21T16:51:59.564-0400] {dag.py:3823} INFO - Setting next_dagrun for tutorial_taskflow_api to None, run_after=None
[2025-04-21T16:51:59.578-0400] {processor.py:183} INFO - Processing /Users/gaurav/Documents/Breast-Cancer-ML-Pipeline/venv/lib/python3.9/site-packages/airflow/example_dags/tutorial_taskflow_api.py took 0.127 seconds
[2025-04-21T16:52:41.693-0400] {processor.py:161} INFO - Started process (PID=84399) to work on /Users/gaurav/Documents/Breast-Cancer-ML-Pipeline/venv/lib/python3.9/site-packages/airflow/example_dags/tutorial_taskflow_api.py
[2025-04-21T16:52:41.694-0400] {processor.py:830} INFO - Processing file /Users/gaurav/Documents/Breast-Cancer-ML-Pipeline/venv/lib/python3.9/site-packages/airflow/example_dags/tutorial_taskflow_api.py for tasks to queue
[2025-04-21T16:52:41.694-0400] {logging_mixin.py:188} INFO - [2025-04-21T16:52:41.694-0400] {dagbag.py:538} INFO - Filling up the DagBag from /Users/gaurav/Documents/Breast-Cancer-ML-Pipeline/venv/lib/python3.9/site-packages/airflow/example_dags/tutorial_taskflow_api.py
[2025-04-21T16:52:41.721-0400] {processor.py:840} INFO - DAG(s) 'tutorial_taskflow_api' retrieved from /Users/gaurav/Documents/Breast-Cancer-ML-Pipeline/venv/lib/python3.9/site-packages/airflow/example_dags/tutorial_taskflow_api.py
[2025-04-21T16:52:41.789-0400] {logging_mixin.py:188} INFO - [2025-04-21T16:52:41.789-0400] {dag.py:3036} INFO - Sync 1 DAGs
[2025-04-21T16:52:41.796-0400] {logging_mixin.py:188} INFO - [2025-04-21T16:52:41.796-0400] {dag.py:3823} INFO - Setting next_dagrun for tutorial_taskflow_api to None, run_after=None
[2025-04-21T16:52:41.810-0400] {processor.py:183} INFO - Processing /Users/gaurav/Documents/Breast-Cancer-ML-Pipeline/venv/lib/python3.9/site-packages/airflow/example_dags/tutorial_taskflow_api.py took 0.118 seconds
[2025-04-21T16:53:22.656-0400] {processor.py:161} INFO - Started process (PID=84455) to work on /Users/gaurav/Documents/Breast-Cancer-ML-Pipeline/venv/lib/python3.9/site-packages/airflow/example_dags/tutorial_taskflow_api.py
[2025-04-21T16:53:22.658-0400] {processor.py:830} INFO - Processing file /Users/gaurav/Documents/Breast-Cancer-ML-Pipeline/venv/lib/python3.9/site-packages/airflow/example_dags/tutorial_taskflow_api.py for tasks to queue
[2025-04-21T16:53:22.659-0400] {logging_mixin.py:188} INFO - [2025-04-21T16:53:22.659-0400] {dagbag.py:538} INFO - Filling up the DagBag from /Users/gaurav/Documents/Breast-Cancer-ML-Pipeline/venv/lib/python3.9/site-packages/airflow/example_dags/tutorial_taskflow_api.py
[2025-04-21T16:53:22.683-0400] {processor.py:840} INFO - DAG(s) 'tutorial_taskflow_api' retrieved from /Users/gaurav/Documents/Breast-Cancer-ML-Pipeline/venv/lib/python3.9/site-packages/airflow/example_dags/tutorial_taskflow_api.py
[2025-04-21T16:53:22.750-0400] {logging_mixin.py:188} INFO - [2025-04-21T16:53:22.749-0400] {dag.py:3036} INFO - Sync 1 DAGs
[2025-04-21T16:53:22.756-0400] {logging_mixin.py:188} INFO - [2025-04-21T16:53:22.756-0400] {dag.py:3823} INFO - Setting next_dagrun for tutorial_taskflow_api to None, run_after=None
[2025-04-21T16:53:22.768-0400] {processor.py:183} INFO - Processing /Users/gaurav/Documents/Breast-Cancer-ML-Pipeline/venv/lib/python3.9/site-packages/airflow/example_dags/tutorial_taskflow_api.py took 0.113 seconds
[2025-04-21T16:54:39.963-0400] {processor.py:161} INFO - Started process (PID=84556) to work on /Users/gaurav/Documents/Breast-Cancer-ML-Pipeline/venv/lib/python3.9/site-packages/airflow/example_dags/tutorial_taskflow_api.py
[2025-04-21T16:54:39.965-0400] {processor.py:830} INFO - Processing file /Users/gaurav/Documents/Breast-Cancer-ML-Pipeline/venv/lib/python3.9/site-packages/airflow/example_dags/tutorial_taskflow_api.py for tasks to queue
[2025-04-21T16:54:39.966-0400] {logging_mixin.py:188} INFO - [2025-04-21T16:54:39.966-0400] {dagbag.py:538} INFO - Filling up the DagBag from /Users/gaurav/Documents/Breast-Cancer-ML-Pipeline/venv/lib/python3.9/site-packages/airflow/example_dags/tutorial_taskflow_api.py
[2025-04-21T16:54:40.072-0400] {processor.py:840} INFO - DAG(s) 'tutorial_taskflow_api' retrieved from /Users/gaurav/Documents/Breast-Cancer-ML-Pipeline/venv/lib/python3.9/site-packages/airflow/example_dags/tutorial_taskflow_api.py
[2025-04-21T16:54:40.150-0400] {logging_mixin.py:188} INFO - [2025-04-21T16:54:40.149-0400] {dag.py:3036} INFO - Sync 1 DAGs
[2025-04-21T16:54:40.173-0400] {logging_mixin.py:188} INFO - [2025-04-21T16:54:40.173-0400] {dag.py:3823} INFO - Setting next_dagrun for tutorial_taskflow_api to None, run_after=None
[2025-04-21T16:54:40.187-0400] {processor.py:183} INFO - Processing /Users/gaurav/Documents/Breast-Cancer-ML-Pipeline/venv/lib/python3.9/site-packages/airflow/example_dags/tutorial_taskflow_api.py took 0.225 seconds
[2025-04-21T16:55:31.148-0400] {processor.py:161} INFO - Started process (PID=84604) to work on /Users/gaurav/Documents/Breast-Cancer-ML-Pipeline/venv/lib/python3.9/site-packages/airflow/example_dags/tutorial_taskflow_api.py
[2025-04-21T16:55:31.149-0400] {processor.py:830} INFO - Processing file /Users/gaurav/Documents/Breast-Cancer-ML-Pipeline/venv/lib/python3.9/site-packages/airflow/example_dags/tutorial_taskflow_api.py for tasks to queue
[2025-04-21T16:55:31.149-0400] {logging_mixin.py:188} INFO - [2025-04-21T16:55:31.149-0400] {dagbag.py:538} INFO - Filling up the DagBag from /Users/gaurav/Documents/Breast-Cancer-ML-Pipeline/venv/lib/python3.9/site-packages/airflow/example_dags/tutorial_taskflow_api.py
[2025-04-21T16:55:31.177-0400] {processor.py:840} INFO - DAG(s) 'tutorial_taskflow_api' retrieved from /Users/gaurav/Documents/Breast-Cancer-ML-Pipeline/venv/lib/python3.9/site-packages/airflow/example_dags/tutorial_taskflow_api.py
[2025-04-21T16:55:31.187-0400] {logging_mixin.py:188} INFO - [2025-04-21T16:55:31.186-0400] {dag.py:3036} INFO - Sync 1 DAGs
[2025-04-21T16:55:31.241-0400] {logging_mixin.py:188} INFO - [2025-04-21T16:55:31.241-0400] {dag.py:3823} INFO - Setting next_dagrun for tutorial_taskflow_api to None, run_after=None
[2025-04-21T16:55:31.253-0400] {processor.py:183} INFO - Processing /Users/gaurav/Documents/Breast-Cancer-ML-Pipeline/venv/lib/python3.9/site-packages/airflow/example_dags/tutorial_taskflow_api.py took 0.106 seconds
[2025-04-21T16:57:15.711-0400] {processor.py:161} INFO - Started process (PID=84759) to work on /Users/gaurav/Documents/Breast-Cancer-ML-Pipeline/venv/lib/python3.9/site-packages/airflow/example_dags/tutorial_taskflow_api.py
[2025-04-21T16:57:15.713-0400] {processor.py:830} INFO - Processing file /Users/gaurav/Documents/Breast-Cancer-ML-Pipeline/venv/lib/python3.9/site-packages/airflow/example_dags/tutorial_taskflow_api.py for tasks to queue
[2025-04-21T16:57:15.713-0400] {logging_mixin.py:188} INFO - [2025-04-21T16:57:15.713-0400] {dagbag.py:538} INFO - Filling up the DagBag from /Users/gaurav/Documents/Breast-Cancer-ML-Pipeline/venv/lib/python3.9/site-packages/airflow/example_dags/tutorial_taskflow_api.py
[2025-04-21T16:57:15.740-0400] {processor.py:840} INFO - DAG(s) 'tutorial_taskflow_api' retrieved from /Users/gaurav/Documents/Breast-Cancer-ML-Pipeline/venv/lib/python3.9/site-packages/airflow/example_dags/tutorial_taskflow_api.py
[2025-04-21T16:57:15.872-0400] {logging_mixin.py:188} INFO - [2025-04-21T16:57:15.871-0400] {dag.py:3036} INFO - Sync 1 DAGs
[2025-04-21T16:57:15.878-0400] {logging_mixin.py:188} INFO - [2025-04-21T16:57:15.878-0400] {dag.py:3823} INFO - Setting next_dagrun for tutorial_taskflow_api to None, run_after=None
[2025-04-21T16:57:15.892-0400] {processor.py:183} INFO - Processing /Users/gaurav/Documents/Breast-Cancer-ML-Pipeline/venv/lib/python3.9/site-packages/airflow/example_dags/tutorial_taskflow_api.py took 0.182 seconds
[2025-04-21T16:57:58.133-0400] {processor.py:161} INFO - Started process (PID=84809) to work on /Users/gaurav/Documents/Breast-Cancer-ML-Pipeline/venv/lib/python3.9/site-packages/airflow/example_dags/tutorial_taskflow_api.py
[2025-04-21T16:57:58.135-0400] {processor.py:830} INFO - Processing file /Users/gaurav/Documents/Breast-Cancer-ML-Pipeline/venv/lib/python3.9/site-packages/airflow/example_dags/tutorial_taskflow_api.py for tasks to queue
[2025-04-21T16:57:58.135-0400] {logging_mixin.py:188} INFO - [2025-04-21T16:57:58.135-0400] {dagbag.py:538} INFO - Filling up the DagBag from /Users/gaurav/Documents/Breast-Cancer-ML-Pipeline/venv/lib/python3.9/site-packages/airflow/example_dags/tutorial_taskflow_api.py
[2025-04-21T16:57:58.161-0400] {processor.py:840} INFO - DAG(s) 'tutorial_taskflow_api' retrieved from /Users/gaurav/Documents/Breast-Cancer-ML-Pipeline/venv/lib/python3.9/site-packages/airflow/example_dags/tutorial_taskflow_api.py
[2025-04-21T16:57:58.223-0400] {logging_mixin.py:188} INFO - [2025-04-21T16:57:58.223-0400] {dag.py:3036} INFO - Sync 1 DAGs
[2025-04-21T16:57:58.229-0400] {logging_mixin.py:188} INFO - [2025-04-21T16:57:58.229-0400] {dag.py:3823} INFO - Setting next_dagrun for tutorial_taskflow_api to None, run_after=None
[2025-04-21T16:57:58.241-0400] {processor.py:183} INFO - Processing /Users/gaurav/Documents/Breast-Cancer-ML-Pipeline/venv/lib/python3.9/site-packages/airflow/example_dags/tutorial_taskflow_api.py took 0.109 seconds
[2025-04-21T16:58:38.938-0400] {processor.py:161} INFO - Started process (PID=84860) to work on /Users/gaurav/Documents/Breast-Cancer-ML-Pipeline/venv/lib/python3.9/site-packages/airflow/example_dags/tutorial_taskflow_api.py
[2025-04-21T16:58:38.941-0400] {processor.py:830} INFO - Processing file /Users/gaurav/Documents/Breast-Cancer-ML-Pipeline/venv/lib/python3.9/site-packages/airflow/example_dags/tutorial_taskflow_api.py for tasks to queue
[2025-04-21T16:58:38.941-0400] {logging_mixin.py:188} INFO - [2025-04-21T16:58:38.941-0400] {dagbag.py:538} INFO - Filling up the DagBag from /Users/gaurav/Documents/Breast-Cancer-ML-Pipeline/venv/lib/python3.9/site-packages/airflow/example_dags/tutorial_taskflow_api.py
[2025-04-21T16:58:38.968-0400] {processor.py:840} INFO - DAG(s) 'tutorial_taskflow_api' retrieved from /Users/gaurav/Documents/Breast-Cancer-ML-Pipeline/venv/lib/python3.9/site-packages/airflow/example_dags/tutorial_taskflow_api.py
[2025-04-21T16:58:39.029-0400] {logging_mixin.py:188} INFO - [2025-04-21T16:58:39.029-0400] {dag.py:3036} INFO - Sync 1 DAGs
[2025-04-21T16:58:39.035-0400] {logging_mixin.py:188} INFO - [2025-04-21T16:58:39.035-0400] {dag.py:3823} INFO - Setting next_dagrun for tutorial_taskflow_api to None, run_after=None
[2025-04-21T16:58:39.047-0400] {processor.py:183} INFO - Processing /Users/gaurav/Documents/Breast-Cancer-ML-Pipeline/venv/lib/python3.9/site-packages/airflow/example_dags/tutorial_taskflow_api.py took 0.109 seconds
[2025-04-21T16:59:19.323-0400] {processor.py:161} INFO - Started process (PID=84901) to work on /Users/gaurav/Documents/Breast-Cancer-ML-Pipeline/venv/lib/python3.9/site-packages/airflow/example_dags/tutorial_taskflow_api.py
[2025-04-21T16:59:19.325-0400] {processor.py:830} INFO - Processing file /Users/gaurav/Documents/Breast-Cancer-ML-Pipeline/venv/lib/python3.9/site-packages/airflow/example_dags/tutorial_taskflow_api.py for tasks to queue
[2025-04-21T16:59:19.325-0400] {logging_mixin.py:188} INFO - [2025-04-21T16:59:19.325-0400] {dagbag.py:538} INFO - Filling up the DagBag from /Users/gaurav/Documents/Breast-Cancer-ML-Pipeline/venv/lib/python3.9/site-packages/airflow/example_dags/tutorial_taskflow_api.py
[2025-04-21T16:59:19.353-0400] {processor.py:840} INFO - DAG(s) 'tutorial_taskflow_api' retrieved from /Users/gaurav/Documents/Breast-Cancer-ML-Pipeline/venv/lib/python3.9/site-packages/airflow/example_dags/tutorial_taskflow_api.py
[2025-04-21T16:59:19.427-0400] {logging_mixin.py:188} INFO - [2025-04-21T16:59:19.426-0400] {dag.py:3036} INFO - Sync 1 DAGs
[2025-04-21T16:59:19.433-0400] {logging_mixin.py:188} INFO - [2025-04-21T16:59:19.433-0400] {dag.py:3823} INFO - Setting next_dagrun for tutorial_taskflow_api to None, run_after=None
[2025-04-21T16:59:19.447-0400] {processor.py:183} INFO - Processing /Users/gaurav/Documents/Breast-Cancer-ML-Pipeline/venv/lib/python3.9/site-packages/airflow/example_dags/tutorial_taskflow_api.py took 0.125 seconds
[2025-04-21T17:00:32.519-0400] {processor.py:161} INFO - Started process (PID=84992) to work on /Users/gaurav/Documents/Breast-Cancer-ML-Pipeline/venv/lib/python3.9/site-packages/airflow/example_dags/tutorial_taskflow_api.py
[2025-04-21T17:00:32.521-0400] {processor.py:830} INFO - Processing file /Users/gaurav/Documents/Breast-Cancer-ML-Pipeline/venv/lib/python3.9/site-packages/airflow/example_dags/tutorial_taskflow_api.py for tasks to queue
[2025-04-21T17:00:32.521-0400] {logging_mixin.py:188} INFO - [2025-04-21T17:00:32.521-0400] {dagbag.py:538} INFO - Filling up the DagBag from /Users/gaurav/Documents/Breast-Cancer-ML-Pipeline/venv/lib/python3.9/site-packages/airflow/example_dags/tutorial_taskflow_api.py
[2025-04-21T17:00:32.548-0400] {processor.py:840} INFO - DAG(s) 'tutorial_taskflow_api' retrieved from /Users/gaurav/Documents/Breast-Cancer-ML-Pipeline/venv/lib/python3.9/site-packages/airflow/example_dags/tutorial_taskflow_api.py
[2025-04-21T17:00:32.633-0400] {logging_mixin.py:188} INFO - [2025-04-21T17:00:32.632-0400] {dag.py:3036} INFO - Sync 1 DAGs
[2025-04-21T17:00:32.640-0400] {logging_mixin.py:188} INFO - [2025-04-21T17:00:32.640-0400] {dag.py:3823} INFO - Setting next_dagrun for tutorial_taskflow_api to None, run_after=None
[2025-04-21T17:00:32.654-0400] {processor.py:183} INFO - Processing /Users/gaurav/Documents/Breast-Cancer-ML-Pipeline/venv/lib/python3.9/site-packages/airflow/example_dags/tutorial_taskflow_api.py took 0.136 seconds
[2025-04-21T17:01:51.256-0400] {processor.py:161} INFO - Started process (PID=85092) to work on /Users/gaurav/Documents/Breast-Cancer-ML-Pipeline/venv/lib/python3.9/site-packages/airflow/example_dags/tutorial_taskflow_api.py
[2025-04-21T17:01:51.258-0400] {processor.py:830} INFO - Processing file /Users/gaurav/Documents/Breast-Cancer-ML-Pipeline/venv/lib/python3.9/site-packages/airflow/example_dags/tutorial_taskflow_api.py for tasks to queue
[2025-04-21T17:01:51.259-0400] {logging_mixin.py:188} INFO - [2025-04-21T17:01:51.259-0400] {dagbag.py:538} INFO - Filling up the DagBag from /Users/gaurav/Documents/Breast-Cancer-ML-Pipeline/venv/lib/python3.9/site-packages/airflow/example_dags/tutorial_taskflow_api.py
[2025-04-21T17:01:51.284-0400] {processor.py:840} INFO - DAG(s) 'tutorial_taskflow_api' retrieved from /Users/gaurav/Documents/Breast-Cancer-ML-Pipeline/venv/lib/python3.9/site-packages/airflow/example_dags/tutorial_taskflow_api.py
[2025-04-21T17:01:51.345-0400] {logging_mixin.py:188} INFO - [2025-04-21T17:01:51.345-0400] {dag.py:3036} INFO - Sync 1 DAGs
[2025-04-21T17:01:51.351-0400] {logging_mixin.py:188} INFO - [2025-04-21T17:01:51.351-0400] {dag.py:3823} INFO - Setting next_dagrun for tutorial_taskflow_api to None, run_after=None
[2025-04-21T17:01:51.363-0400] {processor.py:183} INFO - Processing /Users/gaurav/Documents/Breast-Cancer-ML-Pipeline/venv/lib/python3.9/site-packages/airflow/example_dags/tutorial_taskflow_api.py took 0.108 seconds
[2025-04-21T17:02:35.573-0400] {processor.py:161} INFO - Started process (PID=85136) to work on /Users/gaurav/Documents/Breast-Cancer-ML-Pipeline/venv/lib/python3.9/site-packages/airflow/example_dags/tutorial_taskflow_api.py
[2025-04-21T17:02:35.574-0400] {processor.py:830} INFO - Processing file /Users/gaurav/Documents/Breast-Cancer-ML-Pipeline/venv/lib/python3.9/site-packages/airflow/example_dags/tutorial_taskflow_api.py for tasks to queue
[2025-04-21T17:02:35.574-0400] {logging_mixin.py:188} INFO - [2025-04-21T17:02:35.574-0400] {dagbag.py:538} INFO - Filling up the DagBag from /Users/gaurav/Documents/Breast-Cancer-ML-Pipeline/venv/lib/python3.9/site-packages/airflow/example_dags/tutorial_taskflow_api.py
[2025-04-21T17:02:35.601-0400] {processor.py:840} INFO - DAG(s) 'tutorial_taskflow_api' retrieved from /Users/gaurav/Documents/Breast-Cancer-ML-Pipeline/venv/lib/python3.9/site-packages/airflow/example_dags/tutorial_taskflow_api.py
[2025-04-21T17:02:35.665-0400] {logging_mixin.py:188} INFO - [2025-04-21T17:02:35.665-0400] {dag.py:3036} INFO - Sync 1 DAGs
[2025-04-21T17:02:35.672-0400] {logging_mixin.py:188} INFO - [2025-04-21T17:02:35.672-0400] {dag.py:3823} INFO - Setting next_dagrun for tutorial_taskflow_api to None, run_after=None
[2025-04-21T17:02:35.684-0400] {processor.py:183} INFO - Processing /Users/gaurav/Documents/Breast-Cancer-ML-Pipeline/venv/lib/python3.9/site-packages/airflow/example_dags/tutorial_taskflow_api.py took 0.113 seconds
[2025-04-21T17:03:53.409-0400] {processor.py:161} INFO - Started process (PID=85247) to work on /Users/gaurav/Documents/Breast-Cancer-ML-Pipeline/venv/lib/python3.9/site-packages/airflow/example_dags/tutorial_taskflow_api.py
[2025-04-21T17:03:53.411-0400] {processor.py:830} INFO - Processing file /Users/gaurav/Documents/Breast-Cancer-ML-Pipeline/venv/lib/python3.9/site-packages/airflow/example_dags/tutorial_taskflow_api.py for tasks to queue
[2025-04-21T17:03:53.412-0400] {logging_mixin.py:188} INFO - [2025-04-21T17:03:53.412-0400] {dagbag.py:538} INFO - Filling up the DagBag from /Users/gaurav/Documents/Breast-Cancer-ML-Pipeline/venv/lib/python3.9/site-packages/airflow/example_dags/tutorial_taskflow_api.py
[2025-04-21T17:03:53.441-0400] {processor.py:840} INFO - DAG(s) 'tutorial_taskflow_api' retrieved from /Users/gaurav/Documents/Breast-Cancer-ML-Pipeline/venv/lib/python3.9/site-packages/airflow/example_dags/tutorial_taskflow_api.py
[2025-04-21T17:03:53.505-0400] {logging_mixin.py:188} INFO - [2025-04-21T17:03:53.505-0400] {dag.py:3036} INFO - Sync 1 DAGs
[2025-04-21T17:03:53.511-0400] {logging_mixin.py:188} INFO - [2025-04-21T17:03:53.511-0400] {dag.py:3823} INFO - Setting next_dagrun for tutorial_taskflow_api to None, run_after=None
[2025-04-21T17:03:53.523-0400] {processor.py:183} INFO - Processing /Users/gaurav/Documents/Breast-Cancer-ML-Pipeline/venv/lib/python3.9/site-packages/airflow/example_dags/tutorial_taskflow_api.py took 0.114 seconds
[2025-04-21T17:05:04.107-0400] {processor.py:161} INFO - Started process (PID=85323) to work on /Users/gaurav/Documents/Breast-Cancer-ML-Pipeline/venv/lib/python3.9/site-packages/airflow/example_dags/tutorial_taskflow_api.py
[2025-04-21T17:05:04.108-0400] {processor.py:830} INFO - Processing file /Users/gaurav/Documents/Breast-Cancer-ML-Pipeline/venv/lib/python3.9/site-packages/airflow/example_dags/tutorial_taskflow_api.py for tasks to queue
[2025-04-21T17:05:04.109-0400] {logging_mixin.py:188} INFO - [2025-04-21T17:05:04.109-0400] {dagbag.py:538} INFO - Filling up the DagBag from /Users/gaurav/Documents/Breast-Cancer-ML-Pipeline/venv/lib/python3.9/site-packages/airflow/example_dags/tutorial_taskflow_api.py
[2025-04-21T17:05:04.135-0400] {processor.py:840} INFO - DAG(s) 'tutorial_taskflow_api' retrieved from /Users/gaurav/Documents/Breast-Cancer-ML-Pipeline/venv/lib/python3.9/site-packages/airflow/example_dags/tutorial_taskflow_api.py
[2025-04-21T17:05:04.197-0400] {logging_mixin.py:188} INFO - [2025-04-21T17:05:04.197-0400] {dag.py:3036} INFO - Sync 1 DAGs
[2025-04-21T17:05:04.203-0400] {logging_mixin.py:188} INFO - [2025-04-21T17:05:04.203-0400] {dag.py:3823} INFO - Setting next_dagrun for tutorial_taskflow_api to None, run_after=None
[2025-04-21T17:05:04.215-0400] {processor.py:183} INFO - Processing /Users/gaurav/Documents/Breast-Cancer-ML-Pipeline/venv/lib/python3.9/site-packages/airflow/example_dags/tutorial_taskflow_api.py took 0.109 seconds
[2025-04-21T17:06:14.737-0400] {processor.py:161} INFO - Started process (PID=85413) to work on /Users/gaurav/Documents/Breast-Cancer-ML-Pipeline/venv/lib/python3.9/site-packages/airflow/example_dags/tutorial_taskflow_api.py
[2025-04-21T17:06:14.738-0400] {processor.py:830} INFO - Processing file /Users/gaurav/Documents/Breast-Cancer-ML-Pipeline/venv/lib/python3.9/site-packages/airflow/example_dags/tutorial_taskflow_api.py for tasks to queue
[2025-04-21T17:06:14.738-0400] {logging_mixin.py:188} INFO - [2025-04-21T17:06:14.738-0400] {dagbag.py:538} INFO - Filling up the DagBag from /Users/gaurav/Documents/Breast-Cancer-ML-Pipeline/venv/lib/python3.9/site-packages/airflow/example_dags/tutorial_taskflow_api.py
[2025-04-21T17:06:14.764-0400] {processor.py:840} INFO - DAG(s) 'tutorial_taskflow_api' retrieved from /Users/gaurav/Documents/Breast-Cancer-ML-Pipeline/venv/lib/python3.9/site-packages/airflow/example_dags/tutorial_taskflow_api.py
[2025-04-21T17:06:14.829-0400] {logging_mixin.py:188} INFO - [2025-04-21T17:06:14.829-0400] {dag.py:3036} INFO - Sync 1 DAGs
[2025-04-21T17:06:14.836-0400] {logging_mixin.py:188} INFO - [2025-04-21T17:06:14.835-0400] {dag.py:3823} INFO - Setting next_dagrun for tutorial_taskflow_api to None, run_after=None
[2025-04-21T17:06:14.847-0400] {processor.py:183} INFO - Processing /Users/gaurav/Documents/Breast-Cancer-ML-Pipeline/venv/lib/python3.9/site-packages/airflow/example_dags/tutorial_taskflow_api.py took 0.111 seconds
[2025-04-21T17:07:26.441-0400] {processor.py:161} INFO - Started process (PID=85492) to work on /Users/gaurav/Documents/Breast-Cancer-ML-Pipeline/venv/lib/python3.9/site-packages/airflow/example_dags/tutorial_taskflow_api.py
[2025-04-21T17:07:26.443-0400] {processor.py:830} INFO - Processing file /Users/gaurav/Documents/Breast-Cancer-ML-Pipeline/venv/lib/python3.9/site-packages/airflow/example_dags/tutorial_taskflow_api.py for tasks to queue
[2025-04-21T17:07:26.443-0400] {logging_mixin.py:188} INFO - [2025-04-21T17:07:26.443-0400] {dagbag.py:538} INFO - Filling up the DagBag from /Users/gaurav/Documents/Breast-Cancer-ML-Pipeline/venv/lib/python3.9/site-packages/airflow/example_dags/tutorial_taskflow_api.py
[2025-04-21T17:07:26.469-0400] {processor.py:840} INFO - DAG(s) 'tutorial_taskflow_api' retrieved from /Users/gaurav/Documents/Breast-Cancer-ML-Pipeline/venv/lib/python3.9/site-packages/airflow/example_dags/tutorial_taskflow_api.py
[2025-04-21T17:07:26.532-0400] {logging_mixin.py:188} INFO - [2025-04-21T17:07:26.532-0400] {dag.py:3036} INFO - Sync 1 DAGs
[2025-04-21T17:07:26.538-0400] {logging_mixin.py:188} INFO - [2025-04-21T17:07:26.538-0400] {dag.py:3823} INFO - Setting next_dagrun for tutorial_taskflow_api to None, run_after=None
[2025-04-21T17:07:26.549-0400] {processor.py:183} INFO - Processing /Users/gaurav/Documents/Breast-Cancer-ML-Pipeline/venv/lib/python3.9/site-packages/airflow/example_dags/tutorial_taskflow_api.py took 0.110 seconds
[2025-04-21T17:08:41.296-0400] {processor.py:161} INFO - Started process (PID=85573) to work on /Users/gaurav/Documents/Breast-Cancer-ML-Pipeline/venv/lib/python3.9/site-packages/airflow/example_dags/tutorial_taskflow_api.py
[2025-04-21T17:08:41.298-0400] {processor.py:830} INFO - Processing file /Users/gaurav/Documents/Breast-Cancer-ML-Pipeline/venv/lib/python3.9/site-packages/airflow/example_dags/tutorial_taskflow_api.py for tasks to queue
[2025-04-21T17:08:41.299-0400] {logging_mixin.py:188} INFO - [2025-04-21T17:08:41.299-0400] {dagbag.py:538} INFO - Filling up the DagBag from /Users/gaurav/Documents/Breast-Cancer-ML-Pipeline/venv/lib/python3.9/site-packages/airflow/example_dags/tutorial_taskflow_api.py
[2025-04-21T17:08:41.327-0400] {processor.py:840} INFO - DAG(s) 'tutorial_taskflow_api' retrieved from /Users/gaurav/Documents/Breast-Cancer-ML-Pipeline/venv/lib/python3.9/site-packages/airflow/example_dags/tutorial_taskflow_api.py
[2025-04-21T17:08:41.390-0400] {logging_mixin.py:188} INFO - [2025-04-21T17:08:41.390-0400] {dag.py:3036} INFO - Sync 1 DAGs
[2025-04-21T17:08:41.396-0400] {logging_mixin.py:188} INFO - [2025-04-21T17:08:41.396-0400] {dag.py:3823} INFO - Setting next_dagrun for tutorial_taskflow_api to None, run_after=None
[2025-04-21T17:08:41.408-0400] {processor.py:183} INFO - Processing /Users/gaurav/Documents/Breast-Cancer-ML-Pipeline/venv/lib/python3.9/site-packages/airflow/example_dags/tutorial_taskflow_api.py took 0.112 seconds
[2025-04-21T17:09:53.193-0400] {processor.py:161} INFO - Started process (PID=85653) to work on /Users/gaurav/Documents/Breast-Cancer-ML-Pipeline/venv/lib/python3.9/site-packages/airflow/example_dags/tutorial_taskflow_api.py
[2025-04-21T17:09:53.194-0400] {processor.py:830} INFO - Processing file /Users/gaurav/Documents/Breast-Cancer-ML-Pipeline/venv/lib/python3.9/site-packages/airflow/example_dags/tutorial_taskflow_api.py for tasks to queue
[2025-04-21T17:09:53.195-0400] {logging_mixin.py:188} INFO - [2025-04-21T17:09:53.194-0400] {dagbag.py:538} INFO - Filling up the DagBag from /Users/gaurav/Documents/Breast-Cancer-ML-Pipeline/venv/lib/python3.9/site-packages/airflow/example_dags/tutorial_taskflow_api.py
[2025-04-21T17:09:53.221-0400] {processor.py:840} INFO - DAG(s) 'tutorial_taskflow_api' retrieved from /Users/gaurav/Documents/Breast-Cancer-ML-Pipeline/venv/lib/python3.9/site-packages/airflow/example_dags/tutorial_taskflow_api.py
[2025-04-21T17:09:53.286-0400] {logging_mixin.py:188} INFO - [2025-04-21T17:09:53.286-0400] {dag.py:3036} INFO - Sync 1 DAGs
[2025-04-21T17:09:53.292-0400] {logging_mixin.py:188} INFO - [2025-04-21T17:09:53.292-0400] {dag.py:3823} INFO - Setting next_dagrun for tutorial_taskflow_api to None, run_after=None
[2025-04-21T17:09:53.304-0400] {processor.py:183} INFO - Processing /Users/gaurav/Documents/Breast-Cancer-ML-Pipeline/venv/lib/python3.9/site-packages/airflow/example_dags/tutorial_taskflow_api.py took 0.112 seconds
[2025-04-21T17:11:08.239-0400] {processor.py:161} INFO - Started process (PID=85735) to work on /Users/gaurav/Documents/Breast-Cancer-ML-Pipeline/venv/lib/python3.9/site-packages/airflow/example_dags/tutorial_taskflow_api.py
[2025-04-21T17:11:08.241-0400] {processor.py:830} INFO - Processing file /Users/gaurav/Documents/Breast-Cancer-ML-Pipeline/venv/lib/python3.9/site-packages/airflow/example_dags/tutorial_taskflow_api.py for tasks to queue
[2025-04-21T17:11:08.241-0400] {logging_mixin.py:188} INFO - [2025-04-21T17:11:08.241-0400] {dagbag.py:538} INFO - Filling up the DagBag from /Users/gaurav/Documents/Breast-Cancer-ML-Pipeline/venv/lib/python3.9/site-packages/airflow/example_dags/tutorial_taskflow_api.py
[2025-04-21T17:11:08.267-0400] {processor.py:840} INFO - DAG(s) 'tutorial_taskflow_api' retrieved from /Users/gaurav/Documents/Breast-Cancer-ML-Pipeline/venv/lib/python3.9/site-packages/airflow/example_dags/tutorial_taskflow_api.py
[2025-04-21T17:11:08.329-0400] {logging_mixin.py:188} INFO - [2025-04-21T17:11:08.329-0400] {dag.py:3036} INFO - Sync 1 DAGs
[2025-04-21T17:11:08.335-0400] {logging_mixin.py:188} INFO - [2025-04-21T17:11:08.335-0400] {dag.py:3823} INFO - Setting next_dagrun for tutorial_taskflow_api to None, run_after=None
[2025-04-21T17:11:08.347-0400] {processor.py:183} INFO - Processing /Users/gaurav/Documents/Breast-Cancer-ML-Pipeline/venv/lib/python3.9/site-packages/airflow/example_dags/tutorial_taskflow_api.py took 0.109 seconds
[2025-04-21T17:12:21.596-0400] {processor.py:161} INFO - Started process (PID=85829) to work on /Users/gaurav/Documents/Breast-Cancer-ML-Pipeline/venv/lib/python3.9/site-packages/airflow/example_dags/tutorial_taskflow_api.py
[2025-04-21T17:12:21.598-0400] {processor.py:830} INFO - Processing file /Users/gaurav/Documents/Breast-Cancer-ML-Pipeline/venv/lib/python3.9/site-packages/airflow/example_dags/tutorial_taskflow_api.py for tasks to queue
[2025-04-21T17:12:21.599-0400] {logging_mixin.py:188} INFO - [2025-04-21T17:12:21.599-0400] {dagbag.py:538} INFO - Filling up the DagBag from /Users/gaurav/Documents/Breast-Cancer-ML-Pipeline/venv/lib/python3.9/site-packages/airflow/example_dags/tutorial_taskflow_api.py
[2025-04-21T17:12:21.625-0400] {processor.py:840} INFO - DAG(s) 'tutorial_taskflow_api' retrieved from /Users/gaurav/Documents/Breast-Cancer-ML-Pipeline/venv/lib/python3.9/site-packages/airflow/example_dags/tutorial_taskflow_api.py
[2025-04-21T17:12:21.688-0400] {logging_mixin.py:188} INFO - [2025-04-21T17:12:21.688-0400] {dag.py:3036} INFO - Sync 1 DAGs
[2025-04-21T17:12:21.694-0400] {logging_mixin.py:188} INFO - [2025-04-21T17:12:21.694-0400] {dag.py:3823} INFO - Setting next_dagrun for tutorial_taskflow_api to None, run_after=None
[2025-04-21T17:12:21.706-0400] {processor.py:183} INFO - Processing /Users/gaurav/Documents/Breast-Cancer-ML-Pipeline/venv/lib/python3.9/site-packages/airflow/example_dags/tutorial_taskflow_api.py took 0.110 seconds
[2025-04-21T17:13:35.371-0400] {processor.py:161} INFO - Started process (PID=85914) to work on /Users/gaurav/Documents/Breast-Cancer-ML-Pipeline/venv/lib/python3.9/site-packages/airflow/example_dags/tutorial_taskflow_api.py
[2025-04-21T17:13:35.373-0400] {processor.py:830} INFO - Processing file /Users/gaurav/Documents/Breast-Cancer-ML-Pipeline/venv/lib/python3.9/site-packages/airflow/example_dags/tutorial_taskflow_api.py for tasks to queue
[2025-04-21T17:13:35.374-0400] {logging_mixin.py:188} INFO - [2025-04-21T17:13:35.373-0400] {dagbag.py:538} INFO - Filling up the DagBag from /Users/gaurav/Documents/Breast-Cancer-ML-Pipeline/venv/lib/python3.9/site-packages/airflow/example_dags/tutorial_taskflow_api.py
[2025-04-21T17:13:35.399-0400] {processor.py:840} INFO - DAG(s) 'tutorial_taskflow_api' retrieved from /Users/gaurav/Documents/Breast-Cancer-ML-Pipeline/venv/lib/python3.9/site-packages/airflow/example_dags/tutorial_taskflow_api.py
[2025-04-21T17:13:35.463-0400] {logging_mixin.py:188} INFO - [2025-04-21T17:13:35.462-0400] {dag.py:3036} INFO - Sync 1 DAGs
[2025-04-21T17:13:35.469-0400] {logging_mixin.py:188} INFO - [2025-04-21T17:13:35.468-0400] {dag.py:3823} INFO - Setting next_dagrun for tutorial_taskflow_api to None, run_after=None
[2025-04-21T17:13:35.480-0400] {processor.py:183} INFO - Processing /Users/gaurav/Documents/Breast-Cancer-ML-Pipeline/venv/lib/python3.9/site-packages/airflow/example_dags/tutorial_taskflow_api.py took 0.110 seconds
[2025-04-21T17:14:48.635-0400] {processor.py:161} INFO - Started process (PID=86003) to work on /Users/gaurav/Documents/Breast-Cancer-ML-Pipeline/venv/lib/python3.9/site-packages/airflow/example_dags/tutorial_taskflow_api.py
[2025-04-21T17:14:48.637-0400] {processor.py:830} INFO - Processing file /Users/gaurav/Documents/Breast-Cancer-ML-Pipeline/venv/lib/python3.9/site-packages/airflow/example_dags/tutorial_taskflow_api.py for tasks to queue
[2025-04-21T17:14:48.637-0400] {logging_mixin.py:188} INFO - [2025-04-21T17:14:48.637-0400] {dagbag.py:538} INFO - Filling up the DagBag from /Users/gaurav/Documents/Breast-Cancer-ML-Pipeline/venv/lib/python3.9/site-packages/airflow/example_dags/tutorial_taskflow_api.py
[2025-04-21T17:14:48.663-0400] {processor.py:840} INFO - DAG(s) 'tutorial_taskflow_api' retrieved from /Users/gaurav/Documents/Breast-Cancer-ML-Pipeline/venv/lib/python3.9/site-packages/airflow/example_dags/tutorial_taskflow_api.py
[2025-04-21T17:14:48.727-0400] {logging_mixin.py:188} INFO - [2025-04-21T17:14:48.727-0400] {dag.py:3036} INFO - Sync 1 DAGs
[2025-04-21T17:14:48.733-0400] {logging_mixin.py:188} INFO - [2025-04-21T17:14:48.733-0400] {dag.py:3823} INFO - Setting next_dagrun for tutorial_taskflow_api to None, run_after=None
[2025-04-21T17:14:48.745-0400] {processor.py:183} INFO - Processing /Users/gaurav/Documents/Breast-Cancer-ML-Pipeline/venv/lib/python3.9/site-packages/airflow/example_dags/tutorial_taskflow_api.py took 0.111 seconds
[2025-04-21T17:16:02.056-0400] {processor.py:161} INFO - Started process (PID=86094) to work on /Users/gaurav/Documents/Breast-Cancer-ML-Pipeline/venv/lib/python3.9/site-packages/airflow/example_dags/tutorial_taskflow_api.py
[2025-04-21T17:16:02.058-0400] {processor.py:830} INFO - Processing file /Users/gaurav/Documents/Breast-Cancer-ML-Pipeline/venv/lib/python3.9/site-packages/airflow/example_dags/tutorial_taskflow_api.py for tasks to queue
[2025-04-21T17:16:02.059-0400] {logging_mixin.py:188} INFO - [2025-04-21T17:16:02.058-0400] {dagbag.py:538} INFO - Filling up the DagBag from /Users/gaurav/Documents/Breast-Cancer-ML-Pipeline/venv/lib/python3.9/site-packages/airflow/example_dags/tutorial_taskflow_api.py
[2025-04-21T17:16:02.085-0400] {processor.py:840} INFO - DAG(s) 'tutorial_taskflow_api' retrieved from /Users/gaurav/Documents/Breast-Cancer-ML-Pipeline/venv/lib/python3.9/site-packages/airflow/example_dags/tutorial_taskflow_api.py
[2025-04-21T17:16:02.148-0400] {logging_mixin.py:188} INFO - [2025-04-21T17:16:02.148-0400] {dag.py:3036} INFO - Sync 1 DAGs
[2025-04-21T17:16:02.155-0400] {logging_mixin.py:188} INFO - [2025-04-21T17:16:02.154-0400] {dag.py:3823} INFO - Setting next_dagrun for tutorial_taskflow_api to None, run_after=None
[2025-04-21T17:16:02.167-0400] {processor.py:183} INFO - Processing /Users/gaurav/Documents/Breast-Cancer-ML-Pipeline/venv/lib/python3.9/site-packages/airflow/example_dags/tutorial_taskflow_api.py took 0.111 seconds
[2025-04-21T17:17:15.936-0400] {processor.py:161} INFO - Started process (PID=86189) to work on /Users/gaurav/Documents/Breast-Cancer-ML-Pipeline/venv/lib/python3.9/site-packages/airflow/example_dags/tutorial_taskflow_api.py
[2025-04-21T17:17:15.938-0400] {processor.py:830} INFO - Processing file /Users/gaurav/Documents/Breast-Cancer-ML-Pipeline/venv/lib/python3.9/site-packages/airflow/example_dags/tutorial_taskflow_api.py for tasks to queue
[2025-04-21T17:17:15.939-0400] {logging_mixin.py:188} INFO - [2025-04-21T17:17:15.939-0400] {dagbag.py:538} INFO - Filling up the DagBag from /Users/gaurav/Documents/Breast-Cancer-ML-Pipeline/venv/lib/python3.9/site-packages/airflow/example_dags/tutorial_taskflow_api.py
[2025-04-21T17:17:15.966-0400] {processor.py:840} INFO - DAG(s) 'tutorial_taskflow_api' retrieved from /Users/gaurav/Documents/Breast-Cancer-ML-Pipeline/venv/lib/python3.9/site-packages/airflow/example_dags/tutorial_taskflow_api.py
[2025-04-21T17:17:16.030-0400] {logging_mixin.py:188} INFO - [2025-04-21T17:17:16.030-0400] {dag.py:3036} INFO - Sync 1 DAGs
[2025-04-21T17:17:16.036-0400] {logging_mixin.py:188} INFO - [2025-04-21T17:17:16.036-0400] {dag.py:3823} INFO - Setting next_dagrun for tutorial_taskflow_api to None, run_after=None
[2025-04-21T17:17:16.048-0400] {processor.py:183} INFO - Processing /Users/gaurav/Documents/Breast-Cancer-ML-Pipeline/venv/lib/python3.9/site-packages/airflow/example_dags/tutorial_taskflow_api.py took 0.113 seconds
[2025-04-21T17:18:30.995-0400] {processor.py:161} INFO - Started process (PID=86277) to work on /Users/gaurav/Documents/Breast-Cancer-ML-Pipeline/venv/lib/python3.9/site-packages/airflow/example_dags/tutorial_taskflow_api.py
[2025-04-21T17:18:30.997-0400] {processor.py:830} INFO - Processing file /Users/gaurav/Documents/Breast-Cancer-ML-Pipeline/venv/lib/python3.9/site-packages/airflow/example_dags/tutorial_taskflow_api.py for tasks to queue
[2025-04-21T17:18:30.997-0400] {logging_mixin.py:188} INFO - [2025-04-21T17:18:30.997-0400] {dagbag.py:538} INFO - Filling up the DagBag from /Users/gaurav/Documents/Breast-Cancer-ML-Pipeline/venv/lib/python3.9/site-packages/airflow/example_dags/tutorial_taskflow_api.py
[2025-04-21T17:18:31.025-0400] {processor.py:840} INFO - DAG(s) 'tutorial_taskflow_api' retrieved from /Users/gaurav/Documents/Breast-Cancer-ML-Pipeline/venv/lib/python3.9/site-packages/airflow/example_dags/tutorial_taskflow_api.py
[2025-04-21T17:18:31.093-0400] {logging_mixin.py:188} INFO - [2025-04-21T17:18:31.093-0400] {dag.py:3036} INFO - Sync 1 DAGs
[2025-04-21T17:18:31.099-0400] {logging_mixin.py:188} INFO - [2025-04-21T17:18:31.099-0400] {dag.py:3823} INFO - Setting next_dagrun for tutorial_taskflow_api to None, run_after=None
[2025-04-21T17:18:31.112-0400] {processor.py:183} INFO - Processing /Users/gaurav/Documents/Breast-Cancer-ML-Pipeline/venv/lib/python3.9/site-packages/airflow/example_dags/tutorial_taskflow_api.py took 0.119 seconds
[2025-04-21T17:19:46.518-0400] {processor.py:161} INFO - Started process (PID=86383) to work on /Users/gaurav/Documents/Breast-Cancer-ML-Pipeline/venv/lib/python3.9/site-packages/airflow/example_dags/tutorial_taskflow_api.py
[2025-04-21T17:19:46.520-0400] {processor.py:830} INFO - Processing file /Users/gaurav/Documents/Breast-Cancer-ML-Pipeline/venv/lib/python3.9/site-packages/airflow/example_dags/tutorial_taskflow_api.py for tasks to queue
[2025-04-21T17:19:46.520-0400] {logging_mixin.py:188} INFO - [2025-04-21T17:19:46.520-0400] {dagbag.py:538} INFO - Filling up the DagBag from /Users/gaurav/Documents/Breast-Cancer-ML-Pipeline/venv/lib/python3.9/site-packages/airflow/example_dags/tutorial_taskflow_api.py
[2025-04-21T17:19:46.548-0400] {processor.py:840} INFO - DAG(s) 'tutorial_taskflow_api' retrieved from /Users/gaurav/Documents/Breast-Cancer-ML-Pipeline/venv/lib/python3.9/site-packages/airflow/example_dags/tutorial_taskflow_api.py
[2025-04-21T17:19:46.618-0400] {logging_mixin.py:188} INFO - [2025-04-21T17:19:46.617-0400] {dag.py:3036} INFO - Sync 1 DAGs
[2025-04-21T17:19:46.624-0400] {logging_mixin.py:188} INFO - [2025-04-21T17:19:46.624-0400] {dag.py:3823} INFO - Setting next_dagrun for tutorial_taskflow_api to None, run_after=None
[2025-04-21T17:19:46.637-0400] {processor.py:183} INFO - Processing /Users/gaurav/Documents/Breast-Cancer-ML-Pipeline/venv/lib/python3.9/site-packages/airflow/example_dags/tutorial_taskflow_api.py took 0.120 seconds
[2025-04-21T17:21:19.902-0400] {processor.py:161} INFO - Started process (PID=86480) to work on /Users/gaurav/Documents/Breast-Cancer-ML-Pipeline/venv/lib/python3.9/site-packages/airflow/example_dags/tutorial_taskflow_api.py
[2025-04-21T17:21:19.904-0400] {processor.py:830} INFO - Processing file /Users/gaurav/Documents/Breast-Cancer-ML-Pipeline/venv/lib/python3.9/site-packages/airflow/example_dags/tutorial_taskflow_api.py for tasks to queue
[2025-04-21T17:21:19.905-0400] {logging_mixin.py:188} INFO - [2025-04-21T17:21:19.904-0400] {dagbag.py:538} INFO - Filling up the DagBag from /Users/gaurav/Documents/Breast-Cancer-ML-Pipeline/venv/lib/python3.9/site-packages/airflow/example_dags/tutorial_taskflow_api.py
[2025-04-21T17:21:19.933-0400] {processor.py:840} INFO - DAG(s) 'tutorial_taskflow_api' retrieved from /Users/gaurav/Documents/Breast-Cancer-ML-Pipeline/venv/lib/python3.9/site-packages/airflow/example_dags/tutorial_taskflow_api.py
[2025-04-21T17:21:19.942-0400] {logging_mixin.py:188} INFO - [2025-04-21T17:21:19.942-0400] {dag.py:3036} INFO - Sync 1 DAGs
[2025-04-21T17:21:20.003-0400] {logging_mixin.py:188} INFO - [2025-04-21T17:21:20.003-0400] {dag.py:3823} INFO - Setting next_dagrun for tutorial_taskflow_api to None, run_after=None
[2025-04-21T17:21:20.017-0400] {processor.py:183} INFO - Processing /Users/gaurav/Documents/Breast-Cancer-ML-Pipeline/venv/lib/python3.9/site-packages/airflow/example_dags/tutorial_taskflow_api.py took 0.116 seconds
[2025-04-21T17:22:58.596-0400] {processor.py:161} INFO - Started process (PID=86576) to work on /Users/gaurav/Documents/Breast-Cancer-ML-Pipeline/venv/lib/python3.9/site-packages/airflow/example_dags/tutorial_taskflow_api.py
[2025-04-21T17:22:58.598-0400] {processor.py:830} INFO - Processing file /Users/gaurav/Documents/Breast-Cancer-ML-Pipeline/venv/lib/python3.9/site-packages/airflow/example_dags/tutorial_taskflow_api.py for tasks to queue
[2025-04-21T17:22:58.599-0400] {logging_mixin.py:188} INFO - [2025-04-21T17:22:58.598-0400] {dagbag.py:538} INFO - Filling up the DagBag from /Users/gaurav/Documents/Breast-Cancer-ML-Pipeline/venv/lib/python3.9/site-packages/airflow/example_dags/tutorial_taskflow_api.py
[2025-04-21T17:22:58.627-0400] {processor.py:840} INFO - DAG(s) 'tutorial_taskflow_api' retrieved from /Users/gaurav/Documents/Breast-Cancer-ML-Pipeline/venv/lib/python3.9/site-packages/airflow/example_dags/tutorial_taskflow_api.py
[2025-04-21T17:22:58.773-0400] {logging_mixin.py:188} INFO - [2025-04-21T17:22:58.772-0400] {dag.py:3036} INFO - Sync 1 DAGs
[2025-04-21T17:22:58.780-0400] {logging_mixin.py:188} INFO - [2025-04-21T17:22:58.779-0400] {dag.py:3823} INFO - Setting next_dagrun for tutorial_taskflow_api to None, run_after=None
[2025-04-21T17:22:58.794-0400] {processor.py:183} INFO - Processing /Users/gaurav/Documents/Breast-Cancer-ML-Pipeline/venv/lib/python3.9/site-packages/airflow/example_dags/tutorial_taskflow_api.py took 0.199 seconds
[2025-04-21T17:23:43.393-0400] {processor.py:161} INFO - Started process (PID=86628) to work on /Users/gaurav/Documents/Breast-Cancer-ML-Pipeline/venv/lib/python3.9/site-packages/airflow/example_dags/tutorial_taskflow_api.py
[2025-04-21T17:23:43.394-0400] {processor.py:830} INFO - Processing file /Users/gaurav/Documents/Breast-Cancer-ML-Pipeline/venv/lib/python3.9/site-packages/airflow/example_dags/tutorial_taskflow_api.py for tasks to queue
[2025-04-21T17:23:43.395-0400] {logging_mixin.py:188} INFO - [2025-04-21T17:23:43.395-0400] {dagbag.py:538} INFO - Filling up the DagBag from /Users/gaurav/Documents/Breast-Cancer-ML-Pipeline/venv/lib/python3.9/site-packages/airflow/example_dags/tutorial_taskflow_api.py
[2025-04-21T17:23:43.422-0400] {processor.py:840} INFO - DAG(s) 'tutorial_taskflow_api' retrieved from /Users/gaurav/Documents/Breast-Cancer-ML-Pipeline/venv/lib/python3.9/site-packages/airflow/example_dags/tutorial_taskflow_api.py
[2025-04-21T17:23:43.491-0400] {logging_mixin.py:188} INFO - [2025-04-21T17:23:43.491-0400] {dag.py:3036} INFO - Sync 1 DAGs
[2025-04-21T17:23:43.498-0400] {logging_mixin.py:188} INFO - [2025-04-21T17:23:43.498-0400] {dag.py:3823} INFO - Setting next_dagrun for tutorial_taskflow_api to None, run_after=None
[2025-04-21T17:23:43.511-0400] {processor.py:183} INFO - Processing /Users/gaurav/Documents/Breast-Cancer-ML-Pipeline/venv/lib/python3.9/site-packages/airflow/example_dags/tutorial_taskflow_api.py took 0.118 seconds
[2025-04-21T17:24:59.931-0400] {processor.py:161} INFO - Started process (PID=86718) to work on /Users/gaurav/Documents/Breast-Cancer-ML-Pipeline/venv/lib/python3.9/site-packages/airflow/example_dags/tutorial_taskflow_api.py
[2025-04-21T17:24:59.933-0400] {processor.py:830} INFO - Processing file /Users/gaurav/Documents/Breast-Cancer-ML-Pipeline/venv/lib/python3.9/site-packages/airflow/example_dags/tutorial_taskflow_api.py for tasks to queue
[2025-04-21T17:24:59.934-0400] {logging_mixin.py:188} INFO - [2025-04-21T17:24:59.933-0400] {dagbag.py:538} INFO - Filling up the DagBag from /Users/gaurav/Documents/Breast-Cancer-ML-Pipeline/venv/lib/python3.9/site-packages/airflow/example_dags/tutorial_taskflow_api.py
[2025-04-21T17:25:00.047-0400] {processor.py:840} INFO - DAG(s) 'tutorial_taskflow_api' retrieved from /Users/gaurav/Documents/Breast-Cancer-ML-Pipeline/venv/lib/python3.9/site-packages/airflow/example_dags/tutorial_taskflow_api.py
[2025-04-21T17:25:00.124-0400] {logging_mixin.py:188} INFO - [2025-04-21T17:25:00.124-0400] {dag.py:3036} INFO - Sync 1 DAGs
[2025-04-21T17:25:00.131-0400] {logging_mixin.py:188} INFO - [2025-04-21T17:25:00.131-0400] {dag.py:3823} INFO - Setting next_dagrun for tutorial_taskflow_api to None, run_after=None
[2025-04-21T17:25:00.144-0400] {processor.py:183} INFO - Processing /Users/gaurav/Documents/Breast-Cancer-ML-Pipeline/venv/lib/python3.9/site-packages/airflow/example_dags/tutorial_taskflow_api.py took 0.214 seconds
[2025-04-21T17:26:16.437-0400] {processor.py:161} INFO - Started process (PID=86833) to work on /Users/gaurav/Documents/Breast-Cancer-ML-Pipeline/venv/lib/python3.9/site-packages/airflow/example_dags/tutorial_taskflow_api.py
[2025-04-21T17:26:16.440-0400] {processor.py:830} INFO - Processing file /Users/gaurav/Documents/Breast-Cancer-ML-Pipeline/venv/lib/python3.9/site-packages/airflow/example_dags/tutorial_taskflow_api.py for tasks to queue
[2025-04-21T17:26:16.440-0400] {logging_mixin.py:188} INFO - [2025-04-21T17:26:16.440-0400] {dagbag.py:538} INFO - Filling up the DagBag from /Users/gaurav/Documents/Breast-Cancer-ML-Pipeline/venv/lib/python3.9/site-packages/airflow/example_dags/tutorial_taskflow_api.py
[2025-04-21T17:26:16.467-0400] {processor.py:840} INFO - DAG(s) 'tutorial_taskflow_api' retrieved from /Users/gaurav/Documents/Breast-Cancer-ML-Pipeline/venv/lib/python3.9/site-packages/airflow/example_dags/tutorial_taskflow_api.py
[2025-04-21T17:26:16.531-0400] {logging_mixin.py:188} INFO - [2025-04-21T17:26:16.531-0400] {dag.py:3036} INFO - Sync 1 DAGs
[2025-04-21T17:26:16.537-0400] {logging_mixin.py:188} INFO - [2025-04-21T17:26:16.537-0400] {dag.py:3823} INFO - Setting next_dagrun for tutorial_taskflow_api to None, run_after=None
[2025-04-21T17:26:16.549-0400] {processor.py:183} INFO - Processing /Users/gaurav/Documents/Breast-Cancer-ML-Pipeline/venv/lib/python3.9/site-packages/airflow/example_dags/tutorial_taskflow_api.py took 0.113 seconds
[2025-04-21T17:27:33.460-0400] {processor.py:161} INFO - Started process (PID=86947) to work on /Users/gaurav/Documents/Breast-Cancer-ML-Pipeline/venv/lib/python3.9/site-packages/airflow/example_dags/tutorial_taskflow_api.py
[2025-04-21T17:27:33.463-0400] {processor.py:830} INFO - Processing file /Users/gaurav/Documents/Breast-Cancer-ML-Pipeline/venv/lib/python3.9/site-packages/airflow/example_dags/tutorial_taskflow_api.py for tasks to queue
[2025-04-21T17:27:33.463-0400] {logging_mixin.py:188} INFO - [2025-04-21T17:27:33.463-0400] {dagbag.py:538} INFO - Filling up the DagBag from /Users/gaurav/Documents/Breast-Cancer-ML-Pipeline/venv/lib/python3.9/site-packages/airflow/example_dags/tutorial_taskflow_api.py
[2025-04-21T17:27:33.490-0400] {processor.py:840} INFO - DAG(s) 'tutorial_taskflow_api' retrieved from /Users/gaurav/Documents/Breast-Cancer-ML-Pipeline/venv/lib/python3.9/site-packages/airflow/example_dags/tutorial_taskflow_api.py
[2025-04-21T17:27:33.557-0400] {logging_mixin.py:188} INFO - [2025-04-21T17:27:33.557-0400] {dag.py:3036} INFO - Sync 1 DAGs
[2025-04-21T17:27:33.563-0400] {logging_mixin.py:188} INFO - [2025-04-21T17:27:33.563-0400] {dag.py:3823} INFO - Setting next_dagrun for tutorial_taskflow_api to None, run_after=None
[2025-04-21T17:27:33.577-0400] {processor.py:183} INFO - Processing /Users/gaurav/Documents/Breast-Cancer-ML-Pipeline/venv/lib/python3.9/site-packages/airflow/example_dags/tutorial_taskflow_api.py took 0.118 seconds
[2025-04-21T17:29:08.037-0400] {processor.py:161} INFO - Started process (PID=87093) to work on /Users/gaurav/Documents/Breast-Cancer-ML-Pipeline/venv/lib/python3.9/site-packages/airflow/example_dags/tutorial_taskflow_api.py
[2025-04-21T17:29:08.038-0400] {processor.py:830} INFO - Processing file /Users/gaurav/Documents/Breast-Cancer-ML-Pipeline/venv/lib/python3.9/site-packages/airflow/example_dags/tutorial_taskflow_api.py for tasks to queue
[2025-04-21T17:29:08.039-0400] {logging_mixin.py:188} INFO - [2025-04-21T17:29:08.038-0400] {dagbag.py:538} INFO - Filling up the DagBag from /Users/gaurav/Documents/Breast-Cancer-ML-Pipeline/venv/lib/python3.9/site-packages/airflow/example_dags/tutorial_taskflow_api.py
[2025-04-21T17:29:08.066-0400] {processor.py:840} INFO - DAG(s) 'tutorial_taskflow_api' retrieved from /Users/gaurav/Documents/Breast-Cancer-ML-Pipeline/venv/lib/python3.9/site-packages/airflow/example_dags/tutorial_taskflow_api.py
[2025-04-21T17:29:08.137-0400] {logging_mixin.py:188} INFO - [2025-04-21T17:29:08.137-0400] {dag.py:3036} INFO - Sync 1 DAGs
[2025-04-21T17:29:08.144-0400] {logging_mixin.py:188} INFO - [2025-04-21T17:29:08.144-0400] {dag.py:3823} INFO - Setting next_dagrun for tutorial_taskflow_api to None, run_after=None
[2025-04-21T17:29:08.157-0400] {processor.py:183} INFO - Processing /Users/gaurav/Documents/Breast-Cancer-ML-Pipeline/venv/lib/python3.9/site-packages/airflow/example_dags/tutorial_taskflow_api.py took 0.121 seconds
[2025-04-21T17:29:58.720-0400] {processor.py:161} INFO - Started process (PID=87147) to work on /Users/gaurav/Documents/Breast-Cancer-ML-Pipeline/venv/lib/python3.9/site-packages/airflow/example_dags/tutorial_taskflow_api.py
[2025-04-21T17:29:58.722-0400] {processor.py:830} INFO - Processing file /Users/gaurav/Documents/Breast-Cancer-ML-Pipeline/venv/lib/python3.9/site-packages/airflow/example_dags/tutorial_taskflow_api.py for tasks to queue
[2025-04-21T17:29:58.723-0400] {logging_mixin.py:188} INFO - [2025-04-21T17:29:58.722-0400] {dagbag.py:538} INFO - Filling up the DagBag from /Users/gaurav/Documents/Breast-Cancer-ML-Pipeline/venv/lib/python3.9/site-packages/airflow/example_dags/tutorial_taskflow_api.py
[2025-04-21T17:29:58.749-0400] {processor.py:840} INFO - DAG(s) 'tutorial_taskflow_api' retrieved from /Users/gaurav/Documents/Breast-Cancer-ML-Pipeline/venv/lib/python3.9/site-packages/airflow/example_dags/tutorial_taskflow_api.py
[2025-04-21T17:29:58.812-0400] {logging_mixin.py:188} INFO - [2025-04-21T17:29:58.812-0400] {dag.py:3036} INFO - Sync 1 DAGs
[2025-04-21T17:29:58.818-0400] {logging_mixin.py:188} INFO - [2025-04-21T17:29:58.818-0400] {dag.py:3823} INFO - Setting next_dagrun for tutorial_taskflow_api to None, run_after=None
[2025-04-21T17:29:58.829-0400] {processor.py:183} INFO - Processing /Users/gaurav/Documents/Breast-Cancer-ML-Pipeline/venv/lib/python3.9/site-packages/airflow/example_dags/tutorial_taskflow_api.py took 0.110 seconds
[2025-04-21T17:31:15.520-0400] {processor.py:161} INFO - Started process (PID=87234) to work on /Users/gaurav/Documents/Breast-Cancer-ML-Pipeline/venv/lib/python3.9/site-packages/airflow/example_dags/tutorial_taskflow_api.py
[2025-04-21T17:31:15.522-0400] {processor.py:830} INFO - Processing file /Users/gaurav/Documents/Breast-Cancer-ML-Pipeline/venv/lib/python3.9/site-packages/airflow/example_dags/tutorial_taskflow_api.py for tasks to queue
[2025-04-21T17:31:15.523-0400] {logging_mixin.py:188} INFO - [2025-04-21T17:31:15.523-0400] {dagbag.py:538} INFO - Filling up the DagBag from /Users/gaurav/Documents/Breast-Cancer-ML-Pipeline/venv/lib/python3.9/site-packages/airflow/example_dags/tutorial_taskflow_api.py
[2025-04-21T17:31:15.548-0400] {processor.py:840} INFO - DAG(s) 'tutorial_taskflow_api' retrieved from /Users/gaurav/Documents/Breast-Cancer-ML-Pipeline/venv/lib/python3.9/site-packages/airflow/example_dags/tutorial_taskflow_api.py
[2025-04-21T17:31:15.612-0400] {logging_mixin.py:188} INFO - [2025-04-21T17:31:15.612-0400] {dag.py:3036} INFO - Sync 1 DAGs
[2025-04-21T17:31:15.618-0400] {logging_mixin.py:188} INFO - [2025-04-21T17:31:15.618-0400] {dag.py:3823} INFO - Setting next_dagrun for tutorial_taskflow_api to None, run_after=None
[2025-04-21T17:31:15.630-0400] {processor.py:183} INFO - Processing /Users/gaurav/Documents/Breast-Cancer-ML-Pipeline/venv/lib/python3.9/site-packages/airflow/example_dags/tutorial_taskflow_api.py took 0.110 seconds
[2025-04-21T17:35:34.170-0400] {processor.py:161} INFO - Started process (PID=87452) to work on /Users/gaurav/Documents/Breast-Cancer-ML-Pipeline/venv/lib/python3.9/site-packages/airflow/example_dags/tutorial_taskflow_api.py
[2025-04-21T17:35:34.171-0400] {processor.py:830} INFO - Processing file /Users/gaurav/Documents/Breast-Cancer-ML-Pipeline/venv/lib/python3.9/site-packages/airflow/example_dags/tutorial_taskflow_api.py for tasks to queue
[2025-04-21T17:35:34.172-0400] {logging_mixin.py:188} INFO - [2025-04-21T17:35:34.172-0400] {dagbag.py:538} INFO - Filling up the DagBag from /Users/gaurav/Documents/Breast-Cancer-ML-Pipeline/venv/lib/python3.9/site-packages/airflow/example_dags/tutorial_taskflow_api.py
[2025-04-21T17:35:34.199-0400] {processor.py:840} INFO - DAG(s) 'tutorial_taskflow_api' retrieved from /Users/gaurav/Documents/Breast-Cancer-ML-Pipeline/venv/lib/python3.9/site-packages/airflow/example_dags/tutorial_taskflow_api.py
[2025-04-21T17:35:34.208-0400] {logging_mixin.py:188} INFO - [2025-04-21T17:35:34.208-0400] {dag.py:3036} INFO - Sync 1 DAGs
[2025-04-21T17:35:34.262-0400] {logging_mixin.py:188} INFO - [2025-04-21T17:35:34.262-0400] {dag.py:3823} INFO - Setting next_dagrun for tutorial_taskflow_api to None, run_after=None
[2025-04-21T17:35:34.275-0400] {processor.py:183} INFO - Processing /Users/gaurav/Documents/Breast-Cancer-ML-Pipeline/venv/lib/python3.9/site-packages/airflow/example_dags/tutorial_taskflow_api.py took 0.106 seconds
[2025-04-21T17:38:19.861-0400] {processor.py:161} INFO - Started process (PID=87842) to work on /Users/gaurav/Documents/Breast-Cancer-ML-Pipeline/venv/lib/python3.9/site-packages/airflow/example_dags/tutorial_taskflow_api.py
[2025-04-21T17:38:19.862-0400] {processor.py:830} INFO - Processing file /Users/gaurav/Documents/Breast-Cancer-ML-Pipeline/venv/lib/python3.9/site-packages/airflow/example_dags/tutorial_taskflow_api.py for tasks to queue
[2025-04-21T17:38:19.863-0400] {logging_mixin.py:188} INFO - [2025-04-21T17:38:19.862-0400] {dagbag.py:538} INFO - Filling up the DagBag from /Users/gaurav/Documents/Breast-Cancer-ML-Pipeline/venv/lib/python3.9/site-packages/airflow/example_dags/tutorial_taskflow_api.py
[2025-04-21T17:38:19.889-0400] {processor.py:840} INFO - DAG(s) 'tutorial_taskflow_api' retrieved from /Users/gaurav/Documents/Breast-Cancer-ML-Pipeline/venv/lib/python3.9/site-packages/airflow/example_dags/tutorial_taskflow_api.py
[2025-04-21T17:38:20.020-0400] {logging_mixin.py:188} INFO - [2025-04-21T17:38:20.019-0400] {dag.py:3036} INFO - Sync 1 DAGs
[2025-04-21T17:38:20.025-0400] {logging_mixin.py:188} INFO - [2025-04-21T17:38:20.025-0400] {dag.py:3823} INFO - Setting next_dagrun for tutorial_taskflow_api to None, run_after=None
[2025-04-21T17:38:20.038-0400] {processor.py:183} INFO - Processing /Users/gaurav/Documents/Breast-Cancer-ML-Pipeline/venv/lib/python3.9/site-packages/airflow/example_dags/tutorial_taskflow_api.py took 0.178 seconds
[2025-04-21T17:39:35.463-0400] {processor.py:161} INFO - Started process (PID=87915) to work on /Users/gaurav/Documents/Breast-Cancer-ML-Pipeline/venv/lib/python3.9/site-packages/airflow/example_dags/tutorial_taskflow_api.py
[2025-04-21T17:39:35.464-0400] {processor.py:830} INFO - Processing file /Users/gaurav/Documents/Breast-Cancer-ML-Pipeline/venv/lib/python3.9/site-packages/airflow/example_dags/tutorial_taskflow_api.py for tasks to queue
[2025-04-21T17:39:35.465-0400] {logging_mixin.py:188} INFO - [2025-04-21T17:39:35.465-0400] {dagbag.py:538} INFO - Filling up the DagBag from /Users/gaurav/Documents/Breast-Cancer-ML-Pipeline/venv/lib/python3.9/site-packages/airflow/example_dags/tutorial_taskflow_api.py
[2025-04-21T17:39:35.491-0400] {processor.py:840} INFO - DAG(s) 'tutorial_taskflow_api' retrieved from /Users/gaurav/Documents/Breast-Cancer-ML-Pipeline/venv/lib/python3.9/site-packages/airflow/example_dags/tutorial_taskflow_api.py
[2025-04-21T17:39:35.557-0400] {logging_mixin.py:188} INFO - [2025-04-21T17:39:35.557-0400] {dag.py:3036} INFO - Sync 1 DAGs
[2025-04-21T17:39:35.564-0400] {logging_mixin.py:188} INFO - [2025-04-21T17:39:35.564-0400] {dag.py:3823} INFO - Setting next_dagrun for tutorial_taskflow_api to None, run_after=None
[2025-04-21T17:39:35.575-0400] {processor.py:183} INFO - Processing /Users/gaurav/Documents/Breast-Cancer-ML-Pipeline/venv/lib/python3.9/site-packages/airflow/example_dags/tutorial_taskflow_api.py took 0.113 seconds
[2025-04-21T17:40:53.111-0400] {processor.py:161} INFO - Started process (PID=88049) to work on /Users/gaurav/Documents/Breast-Cancer-ML-Pipeline/venv/lib/python3.9/site-packages/airflow/example_dags/tutorial_taskflow_api.py
[2025-04-21T17:40:53.112-0400] {processor.py:830} INFO - Processing file /Users/gaurav/Documents/Breast-Cancer-ML-Pipeline/venv/lib/python3.9/site-packages/airflow/example_dags/tutorial_taskflow_api.py for tasks to queue
[2025-04-21T17:40:53.113-0400] {logging_mixin.py:188} INFO - [2025-04-21T17:40:53.112-0400] {dagbag.py:538} INFO - Filling up the DagBag from /Users/gaurav/Documents/Breast-Cancer-ML-Pipeline/venv/lib/python3.9/site-packages/airflow/example_dags/tutorial_taskflow_api.py
[2025-04-21T17:40:53.139-0400] {processor.py:840} INFO - DAG(s) 'tutorial_taskflow_api' retrieved from /Users/gaurav/Documents/Breast-Cancer-ML-Pipeline/venv/lib/python3.9/site-packages/airflow/example_dags/tutorial_taskflow_api.py
[2025-04-21T17:40:53.204-0400] {logging_mixin.py:188} INFO - [2025-04-21T17:40:53.204-0400] {dag.py:3036} INFO - Sync 1 DAGs
[2025-04-21T17:40:53.211-0400] {logging_mixin.py:188} INFO - [2025-04-21T17:40:53.211-0400] {dag.py:3823} INFO - Setting next_dagrun for tutorial_taskflow_api to None, run_after=None
[2025-04-21T17:40:53.224-0400] {processor.py:183} INFO - Processing /Users/gaurav/Documents/Breast-Cancer-ML-Pipeline/venv/lib/python3.9/site-packages/airflow/example_dags/tutorial_taskflow_api.py took 0.113 seconds
[2025-04-21T17:41:56.244-0400] {processor.py:161} INFO - Started process (PID=88132) to work on /Users/gaurav/Documents/Breast-Cancer-ML-Pipeline/venv/lib/python3.9/site-packages/airflow/example_dags/tutorial_taskflow_api.py
[2025-04-21T17:41:56.246-0400] {processor.py:830} INFO - Processing file /Users/gaurav/Documents/Breast-Cancer-ML-Pipeline/venv/lib/python3.9/site-packages/airflow/example_dags/tutorial_taskflow_api.py for tasks to queue
[2025-04-21T17:41:56.246-0400] {logging_mixin.py:188} INFO - [2025-04-21T17:41:56.246-0400] {dagbag.py:538} INFO - Filling up the DagBag from /Users/gaurav/Documents/Breast-Cancer-ML-Pipeline/venv/lib/python3.9/site-packages/airflow/example_dags/tutorial_taskflow_api.py
[2025-04-21T17:41:56.272-0400] {processor.py:840} INFO - DAG(s) 'tutorial_taskflow_api' retrieved from /Users/gaurav/Documents/Breast-Cancer-ML-Pipeline/venv/lib/python3.9/site-packages/airflow/example_dags/tutorial_taskflow_api.py
[2025-04-21T17:41:56.335-0400] {logging_mixin.py:188} INFO - [2025-04-21T17:41:56.335-0400] {dag.py:3036} INFO - Sync 1 DAGs
[2025-04-21T17:41:56.341-0400] {logging_mixin.py:188} INFO - [2025-04-21T17:41:56.341-0400] {dag.py:3823} INFO - Setting next_dagrun for tutorial_taskflow_api to None, run_after=None
[2025-04-21T17:41:56.354-0400] {processor.py:183} INFO - Processing /Users/gaurav/Documents/Breast-Cancer-ML-Pipeline/venv/lib/python3.9/site-packages/airflow/example_dags/tutorial_taskflow_api.py took 0.111 seconds
[2025-04-21T17:43:07.330-0400] {processor.py:161} INFO - Started process (PID=88212) to work on /Users/gaurav/Documents/Breast-Cancer-ML-Pipeline/venv/lib/python3.9/site-packages/airflow/example_dags/tutorial_taskflow_api.py
[2025-04-21T17:43:07.332-0400] {processor.py:830} INFO - Processing file /Users/gaurav/Documents/Breast-Cancer-ML-Pipeline/venv/lib/python3.9/site-packages/airflow/example_dags/tutorial_taskflow_api.py for tasks to queue
[2025-04-21T17:43:07.333-0400] {logging_mixin.py:188} INFO - [2025-04-21T17:43:07.333-0400] {dagbag.py:538} INFO - Filling up the DagBag from /Users/gaurav/Documents/Breast-Cancer-ML-Pipeline/venv/lib/python3.9/site-packages/airflow/example_dags/tutorial_taskflow_api.py
[2025-04-21T17:43:07.358-0400] {processor.py:840} INFO - DAG(s) 'tutorial_taskflow_api' retrieved from /Users/gaurav/Documents/Breast-Cancer-ML-Pipeline/venv/lib/python3.9/site-packages/airflow/example_dags/tutorial_taskflow_api.py
[2025-04-21T17:43:07.420-0400] {logging_mixin.py:188} INFO - [2025-04-21T17:43:07.420-0400] {dag.py:3036} INFO - Sync 1 DAGs
[2025-04-21T17:43:07.426-0400] {logging_mixin.py:188} INFO - [2025-04-21T17:43:07.426-0400] {dag.py:3823} INFO - Setting next_dagrun for tutorial_taskflow_api to None, run_after=None
[2025-04-21T17:43:07.439-0400] {processor.py:183} INFO - Processing /Users/gaurav/Documents/Breast-Cancer-ML-Pipeline/venv/lib/python3.9/site-packages/airflow/example_dags/tutorial_taskflow_api.py took 0.109 seconds
[2025-04-21T17:44:19.183-0400] {processor.py:161} INFO - Started process (PID=88299) to work on /Users/gaurav/Documents/Breast-Cancer-ML-Pipeline/venv/lib/python3.9/site-packages/airflow/example_dags/tutorial_taskflow_api.py
[2025-04-21T17:44:19.185-0400] {processor.py:830} INFO - Processing file /Users/gaurav/Documents/Breast-Cancer-ML-Pipeline/venv/lib/python3.9/site-packages/airflow/example_dags/tutorial_taskflow_api.py for tasks to queue
[2025-04-21T17:44:19.185-0400] {logging_mixin.py:188} INFO - [2025-04-21T17:44:19.185-0400] {dagbag.py:538} INFO - Filling up the DagBag from /Users/gaurav/Documents/Breast-Cancer-ML-Pipeline/venv/lib/python3.9/site-packages/airflow/example_dags/tutorial_taskflow_api.py
[2025-04-21T17:44:19.211-0400] {processor.py:840} INFO - DAG(s) 'tutorial_taskflow_api' retrieved from /Users/gaurav/Documents/Breast-Cancer-ML-Pipeline/venv/lib/python3.9/site-packages/airflow/example_dags/tutorial_taskflow_api.py
[2025-04-21T17:44:19.276-0400] {logging_mixin.py:188} INFO - [2025-04-21T17:44:19.276-0400] {dag.py:3036} INFO - Sync 1 DAGs
[2025-04-21T17:44:19.282-0400] {logging_mixin.py:188} INFO - [2025-04-21T17:44:19.282-0400] {dag.py:3823} INFO - Setting next_dagrun for tutorial_taskflow_api to None, run_after=None
[2025-04-21T17:44:19.294-0400] {processor.py:183} INFO - Processing /Users/gaurav/Documents/Breast-Cancer-ML-Pipeline/venv/lib/python3.9/site-packages/airflow/example_dags/tutorial_taskflow_api.py took 0.113 seconds
[2025-04-21T17:44:57.753-0400] {processor.py:161} INFO - Started process (PID=88360) to work on /Users/gaurav/Documents/Breast-Cancer-ML-Pipeline/venv/lib/python3.9/site-packages/airflow/example_dags/tutorial_taskflow_api.py
[2025-04-21T17:44:57.755-0400] {processor.py:830} INFO - Processing file /Users/gaurav/Documents/Breast-Cancer-ML-Pipeline/venv/lib/python3.9/site-packages/airflow/example_dags/tutorial_taskflow_api.py for tasks to queue
[2025-04-21T17:44:57.755-0400] {logging_mixin.py:188} INFO - [2025-04-21T17:44:57.755-0400] {dagbag.py:538} INFO - Filling up the DagBag from /Users/gaurav/Documents/Breast-Cancer-ML-Pipeline/venv/lib/python3.9/site-packages/airflow/example_dags/tutorial_taskflow_api.py
[2025-04-21T17:44:57.776-0400] {processor.py:840} INFO - DAG(s) 'tutorial_taskflow_api' retrieved from /Users/gaurav/Documents/Breast-Cancer-ML-Pipeline/venv/lib/python3.9/site-packages/airflow/example_dags/tutorial_taskflow_api.py
[2025-04-21T17:44:57.825-0400] {logging_mixin.py:188} INFO - [2025-04-21T17:44:57.825-0400] {dag.py:3036} INFO - Sync 1 DAGs
[2025-04-21T17:44:57.831-0400] {logging_mixin.py:188} INFO - [2025-04-21T17:44:57.831-0400] {dag.py:3823} INFO - Setting next_dagrun for tutorial_taskflow_api to None, run_after=None
[2025-04-21T17:44:57.842-0400] {processor.py:183} INFO - Processing /Users/gaurav/Documents/Breast-Cancer-ML-Pipeline/venv/lib/python3.9/site-packages/airflow/example_dags/tutorial_taskflow_api.py took 0.089 seconds
[2025-04-21T17:45:50.249-0400] {processor.py:161} INFO - Started process (PID=88426) to work on /Users/gaurav/Documents/Breast-Cancer-ML-Pipeline/venv/lib/python3.9/site-packages/airflow/example_dags/tutorial_taskflow_api.py
[2025-04-21T17:45:50.251-0400] {processor.py:830} INFO - Processing file /Users/gaurav/Documents/Breast-Cancer-ML-Pipeline/venv/lib/python3.9/site-packages/airflow/example_dags/tutorial_taskflow_api.py for tasks to queue
[2025-04-21T17:45:50.251-0400] {logging_mixin.py:188} INFO - [2025-04-21T17:45:50.251-0400] {dagbag.py:538} INFO - Filling up the DagBag from /Users/gaurav/Documents/Breast-Cancer-ML-Pipeline/venv/lib/python3.9/site-packages/airflow/example_dags/tutorial_taskflow_api.py
[2025-04-21T17:45:50.273-0400] {processor.py:840} INFO - DAG(s) 'tutorial_taskflow_api' retrieved from /Users/gaurav/Documents/Breast-Cancer-ML-Pipeline/venv/lib/python3.9/site-packages/airflow/example_dags/tutorial_taskflow_api.py
[2025-04-21T17:45:50.325-0400] {logging_mixin.py:188} INFO - [2025-04-21T17:45:50.325-0400] {dag.py:3036} INFO - Sync 1 DAGs
[2025-04-21T17:45:50.330-0400] {logging_mixin.py:188} INFO - [2025-04-21T17:45:50.330-0400] {dag.py:3823} INFO - Setting next_dagrun for tutorial_taskflow_api to None, run_after=None
[2025-04-21T17:45:50.339-0400] {processor.py:183} INFO - Processing /Users/gaurav/Documents/Breast-Cancer-ML-Pipeline/venv/lib/python3.9/site-packages/airflow/example_dags/tutorial_taskflow_api.py took 0.091 seconds
[2025-04-21T17:46:44.604-0400] {processor.py:161} INFO - Started process (PID=88559) to work on /Users/gaurav/Documents/Breast-Cancer-ML-Pipeline/venv/lib/python3.9/site-packages/airflow/example_dags/tutorial_taskflow_api.py
[2025-04-21T17:46:44.605-0400] {processor.py:830} INFO - Processing file /Users/gaurav/Documents/Breast-Cancer-ML-Pipeline/venv/lib/python3.9/site-packages/airflow/example_dags/tutorial_taskflow_api.py for tasks to queue
[2025-04-21T17:46:44.606-0400] {logging_mixin.py:188} INFO - [2025-04-21T17:46:44.606-0400] {dagbag.py:538} INFO - Filling up the DagBag from /Users/gaurav/Documents/Breast-Cancer-ML-Pipeline/venv/lib/python3.9/site-packages/airflow/example_dags/tutorial_taskflow_api.py
[2025-04-21T17:46:44.627-0400] {processor.py:840} INFO - DAG(s) 'tutorial_taskflow_api' retrieved from /Users/gaurav/Documents/Breast-Cancer-ML-Pipeline/venv/lib/python3.9/site-packages/airflow/example_dags/tutorial_taskflow_api.py
[2025-04-21T17:46:44.675-0400] {logging_mixin.py:188} INFO - [2025-04-21T17:46:44.675-0400] {dag.py:3036} INFO - Sync 1 DAGs
[2025-04-21T17:46:44.680-0400] {logging_mixin.py:188} INFO - [2025-04-21T17:46:44.680-0400] {dag.py:3823} INFO - Setting next_dagrun for tutorial_taskflow_api to None, run_after=None
[2025-04-21T17:46:44.689-0400] {processor.py:183} INFO - Processing /Users/gaurav/Documents/Breast-Cancer-ML-Pipeline/venv/lib/python3.9/site-packages/airflow/example_dags/tutorial_taskflow_api.py took 0.085 seconds
[2025-04-21T17:47:38.748-0400] {processor.py:161} INFO - Started process (PID=88625) to work on /Users/gaurav/Documents/Breast-Cancer-ML-Pipeline/venv/lib/python3.9/site-packages/airflow/example_dags/tutorial_taskflow_api.py
[2025-04-21T17:47:38.748-0400] {processor.py:830} INFO - Processing file /Users/gaurav/Documents/Breast-Cancer-ML-Pipeline/venv/lib/python3.9/site-packages/airflow/example_dags/tutorial_taskflow_api.py for tasks to queue
[2025-04-21T17:47:38.749-0400] {logging_mixin.py:188} INFO - [2025-04-21T17:47:38.749-0400] {dagbag.py:538} INFO - Filling up the DagBag from /Users/gaurav/Documents/Breast-Cancer-ML-Pipeline/venv/lib/python3.9/site-packages/airflow/example_dags/tutorial_taskflow_api.py
[2025-04-21T17:47:38.769-0400] {processor.py:840} INFO - DAG(s) 'tutorial_taskflow_api' retrieved from /Users/gaurav/Documents/Breast-Cancer-ML-Pipeline/venv/lib/python3.9/site-packages/airflow/example_dags/tutorial_taskflow_api.py
[2025-04-21T17:47:38.819-0400] {logging_mixin.py:188} INFO - [2025-04-21T17:47:38.819-0400] {dag.py:3036} INFO - Sync 1 DAGs
[2025-04-21T17:47:38.824-0400] {logging_mixin.py:188} INFO - [2025-04-21T17:47:38.824-0400] {dag.py:3823} INFO - Setting next_dagrun for tutorial_taskflow_api to None, run_after=None
[2025-04-21T17:47:38.833-0400] {processor.py:183} INFO - Processing /Users/gaurav/Documents/Breast-Cancer-ML-Pipeline/venv/lib/python3.9/site-packages/airflow/example_dags/tutorial_taskflow_api.py took 0.087 seconds
[2025-04-21T17:48:24.182-0400] {processor.py:161} INFO - Started process (PID=88685) to work on /Users/gaurav/Documents/Breast-Cancer-ML-Pipeline/venv/lib/python3.9/site-packages/airflow/example_dags/tutorial_taskflow_api.py
[2025-04-21T17:48:24.183-0400] {processor.py:830} INFO - Processing file /Users/gaurav/Documents/Breast-Cancer-ML-Pipeline/venv/lib/python3.9/site-packages/airflow/example_dags/tutorial_taskflow_api.py for tasks to queue
[2025-04-21T17:48:24.184-0400] {logging_mixin.py:188} INFO - [2025-04-21T17:48:24.184-0400] {dagbag.py:538} INFO - Filling up the DagBag from /Users/gaurav/Documents/Breast-Cancer-ML-Pipeline/venv/lib/python3.9/site-packages/airflow/example_dags/tutorial_taskflow_api.py
[2025-04-21T17:48:24.203-0400] {processor.py:840} INFO - DAG(s) 'tutorial_taskflow_api' retrieved from /Users/gaurav/Documents/Breast-Cancer-ML-Pipeline/venv/lib/python3.9/site-packages/airflow/example_dags/tutorial_taskflow_api.py
[2025-04-21T17:48:24.251-0400] {logging_mixin.py:188} INFO - [2025-04-21T17:48:24.251-0400] {dag.py:3036} INFO - Sync 1 DAGs
[2025-04-21T17:48:24.256-0400] {logging_mixin.py:188} INFO - [2025-04-21T17:48:24.255-0400] {dag.py:3823} INFO - Setting next_dagrun for tutorial_taskflow_api to None, run_after=None
[2025-04-21T17:48:24.265-0400] {processor.py:183} INFO - Processing /Users/gaurav/Documents/Breast-Cancer-ML-Pipeline/venv/lib/python3.9/site-packages/airflow/example_dags/tutorial_taskflow_api.py took 0.084 seconds
[2025-04-21T17:49:07.853-0400] {processor.py:161} INFO - Started process (PID=88751) to work on /Users/gaurav/Documents/Breast-Cancer-ML-Pipeline/venv/lib/python3.9/site-packages/airflow/example_dags/tutorial_taskflow_api.py
[2025-04-21T17:49:07.855-0400] {processor.py:830} INFO - Processing file /Users/gaurav/Documents/Breast-Cancer-ML-Pipeline/venv/lib/python3.9/site-packages/airflow/example_dags/tutorial_taskflow_api.py for tasks to queue
[2025-04-21T17:49:07.855-0400] {logging_mixin.py:188} INFO - [2025-04-21T17:49:07.855-0400] {dagbag.py:538} INFO - Filling up the DagBag from /Users/gaurav/Documents/Breast-Cancer-ML-Pipeline/venv/lib/python3.9/site-packages/airflow/example_dags/tutorial_taskflow_api.py
[2025-04-21T17:49:07.876-0400] {processor.py:840} INFO - DAG(s) 'tutorial_taskflow_api' retrieved from /Users/gaurav/Documents/Breast-Cancer-ML-Pipeline/venv/lib/python3.9/site-packages/airflow/example_dags/tutorial_taskflow_api.py
[2025-04-21T17:49:07.926-0400] {logging_mixin.py:188} INFO - [2025-04-21T17:49:07.926-0400] {dag.py:3036} INFO - Sync 1 DAGs
[2025-04-21T17:49:07.933-0400] {logging_mixin.py:188} INFO - [2025-04-21T17:49:07.932-0400] {dag.py:3823} INFO - Setting next_dagrun for tutorial_taskflow_api to None, run_after=None
[2025-04-21T17:49:07.944-0400] {processor.py:183} INFO - Processing /Users/gaurav/Documents/Breast-Cancer-ML-Pipeline/venv/lib/python3.9/site-packages/airflow/example_dags/tutorial_taskflow_api.py took 0.091 seconds
[2025-04-21T17:49:51.003-0400] {processor.py:161} INFO - Started process (PID=88808) to work on /Users/gaurav/Documents/Breast-Cancer-ML-Pipeline/venv/lib/python3.9/site-packages/airflow/example_dags/tutorial_taskflow_api.py
[2025-04-21T17:49:51.005-0400] {processor.py:830} INFO - Processing file /Users/gaurav/Documents/Breast-Cancer-ML-Pipeline/venv/lib/python3.9/site-packages/airflow/example_dags/tutorial_taskflow_api.py for tasks to queue
[2025-04-21T17:49:51.005-0400] {logging_mixin.py:188} INFO - [2025-04-21T17:49:51.005-0400] {dagbag.py:538} INFO - Filling up the DagBag from /Users/gaurav/Documents/Breast-Cancer-ML-Pipeline/venv/lib/python3.9/site-packages/airflow/example_dags/tutorial_taskflow_api.py
[2025-04-21T17:49:51.025-0400] {processor.py:840} INFO - DAG(s) 'tutorial_taskflow_api' retrieved from /Users/gaurav/Documents/Breast-Cancer-ML-Pipeline/venv/lib/python3.9/site-packages/airflow/example_dags/tutorial_taskflow_api.py
[2025-04-21T17:49:51.073-0400] {logging_mixin.py:188} INFO - [2025-04-21T17:49:51.073-0400] {dag.py:3036} INFO - Sync 1 DAGs
[2025-04-21T17:49:51.078-0400] {logging_mixin.py:188} INFO - [2025-04-21T17:49:51.078-0400] {dag.py:3823} INFO - Setting next_dagrun for tutorial_taskflow_api to None, run_after=None
[2025-04-21T17:49:51.088-0400] {processor.py:183} INFO - Processing /Users/gaurav/Documents/Breast-Cancer-ML-Pipeline/venv/lib/python3.9/site-packages/airflow/example_dags/tutorial_taskflow_api.py took 0.085 seconds
[2025-04-21T17:50:40.517-0400] {processor.py:161} INFO - Started process (PID=88879) to work on /Users/gaurav/Documents/Breast-Cancer-ML-Pipeline/venv/lib/python3.9/site-packages/airflow/example_dags/tutorial_taskflow_api.py
[2025-04-21T17:50:40.518-0400] {processor.py:830} INFO - Processing file /Users/gaurav/Documents/Breast-Cancer-ML-Pipeline/venv/lib/python3.9/site-packages/airflow/example_dags/tutorial_taskflow_api.py for tasks to queue
[2025-04-21T17:50:40.519-0400] {logging_mixin.py:188} INFO - [2025-04-21T17:50:40.519-0400] {dagbag.py:538} INFO - Filling up the DagBag from /Users/gaurav/Documents/Breast-Cancer-ML-Pipeline/venv/lib/python3.9/site-packages/airflow/example_dags/tutorial_taskflow_api.py
[2025-04-21T17:50:40.542-0400] {processor.py:840} INFO - DAG(s) 'tutorial_taskflow_api' retrieved from /Users/gaurav/Documents/Breast-Cancer-ML-Pipeline/venv/lib/python3.9/site-packages/airflow/example_dags/tutorial_taskflow_api.py
[2025-04-21T17:50:40.597-0400] {logging_mixin.py:188} INFO - [2025-04-21T17:50:40.597-0400] {dag.py:3036} INFO - Sync 1 DAGs
[2025-04-21T17:50:40.603-0400] {logging_mixin.py:188} INFO - [2025-04-21T17:50:40.603-0400] {dag.py:3823} INFO - Setting next_dagrun for tutorial_taskflow_api to None, run_after=None
[2025-04-21T17:50:40.615-0400] {processor.py:183} INFO - Processing /Users/gaurav/Documents/Breast-Cancer-ML-Pipeline/venv/lib/python3.9/site-packages/airflow/example_dags/tutorial_taskflow_api.py took 0.099 seconds
[2025-04-21T17:51:32.728-0400] {processor.py:161} INFO - Started process (PID=88957) to work on /Users/gaurav/Documents/Breast-Cancer-ML-Pipeline/venv/lib/python3.9/site-packages/airflow/example_dags/tutorial_taskflow_api.py
[2025-04-21T17:51:32.730-0400] {processor.py:830} INFO - Processing file /Users/gaurav/Documents/Breast-Cancer-ML-Pipeline/venv/lib/python3.9/site-packages/airflow/example_dags/tutorial_taskflow_api.py for tasks to queue
[2025-04-21T17:51:32.731-0400] {logging_mixin.py:188} INFO - [2025-04-21T17:51:32.730-0400] {dagbag.py:538} INFO - Filling up the DagBag from /Users/gaurav/Documents/Breast-Cancer-ML-Pipeline/venv/lib/python3.9/site-packages/airflow/example_dags/tutorial_taskflow_api.py
[2025-04-21T17:51:32.752-0400] {processor.py:840} INFO - DAG(s) 'tutorial_taskflow_api' retrieved from /Users/gaurav/Documents/Breast-Cancer-ML-Pipeline/venv/lib/python3.9/site-packages/airflow/example_dags/tutorial_taskflow_api.py
[2025-04-21T17:51:32.801-0400] {logging_mixin.py:188} INFO - [2025-04-21T17:51:32.801-0400] {dag.py:3036} INFO - Sync 1 DAGs
[2025-04-21T17:51:32.806-0400] {logging_mixin.py:188} INFO - [2025-04-21T17:51:32.806-0400] {dag.py:3823} INFO - Setting next_dagrun for tutorial_taskflow_api to None, run_after=None
[2025-04-21T17:51:32.816-0400] {processor.py:183} INFO - Processing /Users/gaurav/Documents/Breast-Cancer-ML-Pipeline/venv/lib/python3.9/site-packages/airflow/example_dags/tutorial_taskflow_api.py took 0.088 seconds
[2025-04-21T17:52:24.582-0400] {processor.py:161} INFO - Started process (PID=89022) to work on /Users/gaurav/Documents/Breast-Cancer-ML-Pipeline/venv/lib/python3.9/site-packages/airflow/example_dags/tutorial_taskflow_api.py
[2025-04-21T17:52:24.584-0400] {processor.py:830} INFO - Processing file /Users/gaurav/Documents/Breast-Cancer-ML-Pipeline/venv/lib/python3.9/site-packages/airflow/example_dags/tutorial_taskflow_api.py for tasks to queue
[2025-04-21T17:52:24.584-0400] {logging_mixin.py:188} INFO - [2025-04-21T17:52:24.584-0400] {dagbag.py:538} INFO - Filling up the DagBag from /Users/gaurav/Documents/Breast-Cancer-ML-Pipeline/venv/lib/python3.9/site-packages/airflow/example_dags/tutorial_taskflow_api.py
[2025-04-21T17:52:24.609-0400] {processor.py:840} INFO - DAG(s) 'tutorial_taskflow_api' retrieved from /Users/gaurav/Documents/Breast-Cancer-ML-Pipeline/venv/lib/python3.9/site-packages/airflow/example_dags/tutorial_taskflow_api.py
[2025-04-21T17:52:24.659-0400] {logging_mixin.py:188} INFO - [2025-04-21T17:52:24.659-0400] {dag.py:3036} INFO - Sync 1 DAGs
[2025-04-21T17:52:24.664-0400] {logging_mixin.py:188} INFO - [2025-04-21T17:52:24.664-0400] {dag.py:3823} INFO - Setting next_dagrun for tutorial_taskflow_api to None, run_after=None
[2025-04-21T17:52:24.676-0400] {processor.py:183} INFO - Processing /Users/gaurav/Documents/Breast-Cancer-ML-Pipeline/venv/lib/python3.9/site-packages/airflow/example_dags/tutorial_taskflow_api.py took 0.094 seconds
[2025-04-21T17:53:16.840-0400] {processor.py:161} INFO - Started process (PID=89093) to work on /Users/gaurav/Documents/Breast-Cancer-ML-Pipeline/venv/lib/python3.9/site-packages/airflow/example_dags/tutorial_taskflow_api.py
[2025-04-21T17:53:16.842-0400] {processor.py:830} INFO - Processing file /Users/gaurav/Documents/Breast-Cancer-ML-Pipeline/venv/lib/python3.9/site-packages/airflow/example_dags/tutorial_taskflow_api.py for tasks to queue
[2025-04-21T17:53:16.842-0400] {logging_mixin.py:188} INFO - [2025-04-21T17:53:16.842-0400] {dagbag.py:538} INFO - Filling up the DagBag from /Users/gaurav/Documents/Breast-Cancer-ML-Pipeline/venv/lib/python3.9/site-packages/airflow/example_dags/tutorial_taskflow_api.py
[2025-04-21T17:53:16.864-0400] {processor.py:840} INFO - DAG(s) 'tutorial_taskflow_api' retrieved from /Users/gaurav/Documents/Breast-Cancer-ML-Pipeline/venv/lib/python3.9/site-packages/airflow/example_dags/tutorial_taskflow_api.py
[2025-04-21T17:53:16.914-0400] {logging_mixin.py:188} INFO - [2025-04-21T17:53:16.914-0400] {dag.py:3036} INFO - Sync 1 DAGs
[2025-04-21T17:53:16.919-0400] {logging_mixin.py:188} INFO - [2025-04-21T17:53:16.919-0400] {dag.py:3823} INFO - Setting next_dagrun for tutorial_taskflow_api to None, run_after=None
[2025-04-21T17:53:16.930-0400] {processor.py:183} INFO - Processing /Users/gaurav/Documents/Breast-Cancer-ML-Pipeline/venv/lib/python3.9/site-packages/airflow/example_dags/tutorial_taskflow_api.py took 0.090 seconds
[2025-04-21T17:54:07.852-0400] {processor.py:161} INFO - Started process (PID=89163) to work on /Users/gaurav/Documents/Breast-Cancer-ML-Pipeline/venv/lib/python3.9/site-packages/airflow/example_dags/tutorial_taskflow_api.py
[2025-04-21T17:54:07.854-0400] {processor.py:830} INFO - Processing file /Users/gaurav/Documents/Breast-Cancer-ML-Pipeline/venv/lib/python3.9/site-packages/airflow/example_dags/tutorial_taskflow_api.py for tasks to queue
[2025-04-21T17:54:07.855-0400] {logging_mixin.py:188} INFO - [2025-04-21T17:54:07.855-0400] {dagbag.py:538} INFO - Filling up the DagBag from /Users/gaurav/Documents/Breast-Cancer-ML-Pipeline/venv/lib/python3.9/site-packages/airflow/example_dags/tutorial_taskflow_api.py
[2025-04-21T17:54:07.878-0400] {processor.py:840} INFO - DAG(s) 'tutorial_taskflow_api' retrieved from /Users/gaurav/Documents/Breast-Cancer-ML-Pipeline/venv/lib/python3.9/site-packages/airflow/example_dags/tutorial_taskflow_api.py
[2025-04-21T17:54:07.931-0400] {logging_mixin.py:188} INFO - [2025-04-21T17:54:07.931-0400] {dag.py:3036} INFO - Sync 1 DAGs
[2025-04-21T17:54:07.936-0400] {logging_mixin.py:188} INFO - [2025-04-21T17:54:07.936-0400] {dag.py:3823} INFO - Setting next_dagrun for tutorial_taskflow_api to None, run_after=None
[2025-04-21T17:54:07.946-0400] {processor.py:183} INFO - Processing /Users/gaurav/Documents/Breast-Cancer-ML-Pipeline/venv/lib/python3.9/site-packages/airflow/example_dags/tutorial_taskflow_api.py took 0.095 seconds
[2025-04-21T17:55:02.062-0400] {processor.py:161} INFO - Started process (PID=89274) to work on /Users/gaurav/Documents/Breast-Cancer-ML-Pipeline/venv/lib/python3.9/site-packages/airflow/example_dags/tutorial_taskflow_api.py
[2025-04-21T17:55:02.063-0400] {processor.py:830} INFO - Processing file /Users/gaurav/Documents/Breast-Cancer-ML-Pipeline/venv/lib/python3.9/site-packages/airflow/example_dags/tutorial_taskflow_api.py for tasks to queue
[2025-04-21T17:55:02.063-0400] {logging_mixin.py:188} INFO - [2025-04-21T17:55:02.063-0400] {dagbag.py:538} INFO - Filling up the DagBag from /Users/gaurav/Documents/Breast-Cancer-ML-Pipeline/venv/lib/python3.9/site-packages/airflow/example_dags/tutorial_taskflow_api.py
[2025-04-21T17:55:02.089-0400] {processor.py:840} INFO - DAG(s) 'tutorial_taskflow_api' retrieved from /Users/gaurav/Documents/Breast-Cancer-ML-Pipeline/venv/lib/python3.9/site-packages/airflow/example_dags/tutorial_taskflow_api.py
[2025-04-21T17:55:02.145-0400] {logging_mixin.py:188} INFO - [2025-04-21T17:55:02.144-0400] {dag.py:3036} INFO - Sync 1 DAGs
[2025-04-21T17:55:02.150-0400] {logging_mixin.py:188} INFO - [2025-04-21T17:55:02.149-0400] {dag.py:3823} INFO - Setting next_dagrun for tutorial_taskflow_api to None, run_after=None
[2025-04-21T17:55:02.161-0400] {processor.py:183} INFO - Processing /Users/gaurav/Documents/Breast-Cancer-ML-Pipeline/venv/lib/python3.9/site-packages/airflow/example_dags/tutorial_taskflow_api.py took 0.100 seconds
