[2025-04-21T16:38:31.795-0400] {processor.py:161} INFO - Started process (PID=83504) to work on /Users/gaurav/Documents/Breast-Cancer-ML-Pipeline/venv/lib/python3.9/site-packages/airflow/example_dags/tutorial.py
[2025-04-21T16:38:31.796-0400] {processor.py:830} INFO - Processing file /Users/gaurav/Documents/Breast-Cancer-ML-Pipeline/venv/lib/python3.9/site-packages/airflow/example_dags/tutorial.py for tasks to queue
[2025-04-21T16:38:31.797-0400] {logging_mixin.py:188} INFO - [2025-04-21T16:38:31.797-0400] {dagbag.py:538} INFO - Filling up the DagBag from /Users/gaurav/Documents/Breast-Cancer-ML-Pipeline/venv/lib/python3.9/site-packages/airflow/example_dags/tutorial.py
[2025-04-21T16:38:31.802-0400] {processor.py:840} INFO - DAG(s) 'tutorial' retrieved from /Users/gaurav/Documents/Breast-Cancer-ML-Pipeline/venv/lib/python3.9/site-packages/airflow/example_dags/tutorial.py
[2025-04-21T16:38:31.924-0400] {logging_mixin.py:188} INFO - [2025-04-21T16:38:31.924-0400] {override.py:1769} INFO - Created Permission View: can delete on DAG:tutorial
[2025-04-21T16:38:31.930-0400] {logging_mixin.py:188} INFO - [2025-04-21T16:38:31.930-0400] {override.py:1769} INFO - Created Permission View: can read on DAG:tutorial
[2025-04-21T16:38:31.934-0400] {logging_mixin.py:188} INFO - [2025-04-21T16:38:31.933-0400] {override.py:1769} INFO - Created Permission View: can edit on DAG:tutorial
[2025-04-21T16:38:31.934-0400] {logging_mixin.py:188} INFO - [2025-04-21T16:38:31.934-0400] {dag.py:3036} INFO - Sync 1 DAGs
[2025-04-21T16:38:31.940-0400] {logging_mixin.py:188} INFO - [2025-04-21T16:38:31.940-0400] {dag.py:3058} INFO - Creating ORM DAG for tutorial
[2025-04-21T16:38:31.946-0400] {logging_mixin.py:188} INFO - [2025-04-21T16:38:31.946-0400] {dag.py:3823} INFO - Setting next_dagrun for tutorial to 2025-04-20 00:00:00+00:00, run_after=2025-04-21 00:00:00+00:00
[2025-04-21T16:38:31.959-0400] {processor.py:183} INFO - Processing /Users/gaurav/Documents/Breast-Cancer-ML-Pipeline/venv/lib/python3.9/site-packages/airflow/example_dags/tutorial.py took 0.164 seconds
[2025-04-21T16:40:28.845-0400] {processor.py:161} INFO - Started process (PID=83620) to work on /Users/gaurav/Documents/Breast-Cancer-ML-Pipeline/venv/lib/python3.9/site-packages/airflow/example_dags/tutorial.py
[2025-04-21T16:40:28.846-0400] {processor.py:830} INFO - Processing file /Users/gaurav/Documents/Breast-Cancer-ML-Pipeline/venv/lib/python3.9/site-packages/airflow/example_dags/tutorial.py for tasks to queue
[2025-04-21T16:40:28.847-0400] {logging_mixin.py:188} INFO - [2025-04-21T16:40:28.847-0400] {dagbag.py:538} INFO - Filling up the DagBag from /Users/gaurav/Documents/Breast-Cancer-ML-Pipeline/venv/lib/python3.9/site-packages/airflow/example_dags/tutorial.py
[2025-04-21T16:40:28.853-0400] {processor.py:840} INFO - DAG(s) 'tutorial' retrieved from /Users/gaurav/Documents/Breast-Cancer-ML-Pipeline/venv/lib/python3.9/site-packages/airflow/example_dags/tutorial.py
[2025-04-21T16:40:28.918-0400] {logging_mixin.py:188} INFO - [2025-04-21T16:40:28.918-0400] {dag.py:3036} INFO - Sync 1 DAGs
[2025-04-21T16:40:28.930-0400] {logging_mixin.py:188} INFO - [2025-04-21T16:40:28.930-0400] {dag.py:3823} INFO - Setting next_dagrun for tutorial to 2025-04-20 00:00:00+00:00, run_after=2025-04-21 00:00:00+00:00
[2025-04-21T16:40:28.942-0400] {processor.py:183} INFO - Processing /Users/gaurav/Documents/Breast-Cancer-ML-Pipeline/venv/lib/python3.9/site-packages/airflow/example_dags/tutorial.py took 0.098 seconds
[2025-04-21T16:41:48.415-0400] {processor.py:161} INFO - Started process (PID=83685) to work on /Users/gaurav/Documents/Breast-Cancer-ML-Pipeline/venv/lib/python3.9/site-packages/airflow/example_dags/tutorial.py
[2025-04-21T16:41:48.417-0400] {processor.py:830} INFO - Processing file /Users/gaurav/Documents/Breast-Cancer-ML-Pipeline/venv/lib/python3.9/site-packages/airflow/example_dags/tutorial.py for tasks to queue
[2025-04-21T16:41:48.417-0400] {logging_mixin.py:188} INFO - [2025-04-21T16:41:48.417-0400] {dagbag.py:538} INFO - Filling up the DagBag from /Users/gaurav/Documents/Breast-Cancer-ML-Pipeline/venv/lib/python3.9/site-packages/airflow/example_dags/tutorial.py
[2025-04-21T16:41:48.423-0400] {processor.py:840} INFO - DAG(s) 'tutorial' retrieved from /Users/gaurav/Documents/Breast-Cancer-ML-Pipeline/venv/lib/python3.9/site-packages/airflow/example_dags/tutorial.py
[2025-04-21T16:41:48.497-0400] {logging_mixin.py:188} INFO - [2025-04-21T16:41:48.497-0400] {dag.py:3036} INFO - Sync 1 DAGs
[2025-04-21T16:41:48.511-0400] {logging_mixin.py:188} INFO - [2025-04-21T16:41:48.511-0400] {dag.py:3823} INFO - Setting next_dagrun for tutorial to 2025-04-20 00:00:00+00:00, run_after=2025-04-21 00:00:00+00:00
[2025-04-21T16:41:48.524-0400] {processor.py:183} INFO - Processing /Users/gaurav/Documents/Breast-Cancer-ML-Pipeline/venv/lib/python3.9/site-packages/airflow/example_dags/tutorial.py took 0.110 seconds
[2025-04-21T16:43:08.506-0400] {processor.py:161} INFO - Started process (PID=83748) to work on /Users/gaurav/Documents/Breast-Cancer-ML-Pipeline/venv/lib/python3.9/site-packages/airflow/example_dags/tutorial.py
[2025-04-21T16:43:08.508-0400] {processor.py:830} INFO - Processing file /Users/gaurav/Documents/Breast-Cancer-ML-Pipeline/venv/lib/python3.9/site-packages/airflow/example_dags/tutorial.py for tasks to queue
[2025-04-21T16:43:08.508-0400] {logging_mixin.py:188} INFO - [2025-04-21T16:43:08.508-0400] {dagbag.py:538} INFO - Filling up the DagBag from /Users/gaurav/Documents/Breast-Cancer-ML-Pipeline/venv/lib/python3.9/site-packages/airflow/example_dags/tutorial.py
[2025-04-21T16:43:08.514-0400] {processor.py:840} INFO - DAG(s) 'tutorial' retrieved from /Users/gaurav/Documents/Breast-Cancer-ML-Pipeline/venv/lib/python3.9/site-packages/airflow/example_dags/tutorial.py
[2025-04-21T16:43:08.584-0400] {logging_mixin.py:188} INFO - [2025-04-21T16:43:08.583-0400] {dag.py:3036} INFO - Sync 1 DAGs
[2025-04-21T16:43:08.598-0400] {logging_mixin.py:188} INFO - [2025-04-21T16:43:08.598-0400] {dag.py:3823} INFO - Setting next_dagrun for tutorial to 2025-04-20 00:00:00+00:00, run_after=2025-04-21 00:00:00+00:00
[2025-04-21T16:43:08.612-0400] {processor.py:183} INFO - Processing /Users/gaurav/Documents/Breast-Cancer-ML-Pipeline/venv/lib/python3.9/site-packages/airflow/example_dags/tutorial.py took 0.108 seconds
[2025-04-21T16:44:32.908-0400] {processor.py:161} INFO - Started process (PID=83825) to work on /Users/gaurav/Documents/Breast-Cancer-ML-Pipeline/venv/lib/python3.9/site-packages/airflow/example_dags/tutorial.py
[2025-04-21T16:44:32.910-0400] {processor.py:830} INFO - Processing file /Users/gaurav/Documents/Breast-Cancer-ML-Pipeline/venv/lib/python3.9/site-packages/airflow/example_dags/tutorial.py for tasks to queue
[2025-04-21T16:44:32.911-0400] {logging_mixin.py:188} INFO - [2025-04-21T16:44:32.911-0400] {dagbag.py:538} INFO - Filling up the DagBag from /Users/gaurav/Documents/Breast-Cancer-ML-Pipeline/venv/lib/python3.9/site-packages/airflow/example_dags/tutorial.py
[2025-04-21T16:44:32.916-0400] {processor.py:840} INFO - DAG(s) 'tutorial' retrieved from /Users/gaurav/Documents/Breast-Cancer-ML-Pipeline/venv/lib/python3.9/site-packages/airflow/example_dags/tutorial.py
[2025-04-21T16:44:32.984-0400] {logging_mixin.py:188} INFO - [2025-04-21T16:44:32.984-0400] {dag.py:3036} INFO - Sync 1 DAGs
[2025-04-21T16:44:32.997-0400] {logging_mixin.py:188} INFO - [2025-04-21T16:44:32.997-0400] {dag.py:3823} INFO - Setting next_dagrun for tutorial to 2025-04-20 00:00:00+00:00, run_after=2025-04-21 00:00:00+00:00
[2025-04-21T16:44:33.009-0400] {processor.py:183} INFO - Processing /Users/gaurav/Documents/Breast-Cancer-ML-Pipeline/venv/lib/python3.9/site-packages/airflow/example_dags/tutorial.py took 0.101 seconds
[2025-04-21T16:46:38.460-0400] {processor.py:161} INFO - Started process (PID=83992) to work on /Users/gaurav/Documents/Breast-Cancer-ML-Pipeline/venv/lib/python3.9/site-packages/airflow/example_dags/tutorial.py
[2025-04-21T16:46:38.461-0400] {processor.py:830} INFO - Processing file /Users/gaurav/Documents/Breast-Cancer-ML-Pipeline/venv/lib/python3.9/site-packages/airflow/example_dags/tutorial.py for tasks to queue
[2025-04-21T16:46:38.462-0400] {logging_mixin.py:188} INFO - [2025-04-21T16:46:38.462-0400] {dagbag.py:538} INFO - Filling up the DagBag from /Users/gaurav/Documents/Breast-Cancer-ML-Pipeline/venv/lib/python3.9/site-packages/airflow/example_dags/tutorial.py
[2025-04-21T16:46:38.467-0400] {processor.py:840} INFO - DAG(s) 'tutorial' retrieved from /Users/gaurav/Documents/Breast-Cancer-ML-Pipeline/venv/lib/python3.9/site-packages/airflow/example_dags/tutorial.py
[2025-04-21T16:46:38.536-0400] {logging_mixin.py:188} INFO - [2025-04-21T16:46:38.536-0400] {dag.py:3036} INFO - Sync 1 DAGs
[2025-04-21T16:46:38.550-0400] {logging_mixin.py:188} INFO - [2025-04-21T16:46:38.550-0400] {dag.py:3823} INFO - Setting next_dagrun for tutorial to 2025-04-20 00:00:00+00:00, run_after=2025-04-21 00:00:00+00:00
[2025-04-21T16:46:38.562-0400] {processor.py:183} INFO - Processing /Users/gaurav/Documents/Breast-Cancer-ML-Pipeline/venv/lib/python3.9/site-packages/airflow/example_dags/tutorial.py took 0.103 seconds
[2025-04-21T16:47:41.169-0400] {processor.py:161} INFO - Started process (PID=84061) to work on /Users/gaurav/Documents/Breast-Cancer-ML-Pipeline/venv/lib/python3.9/site-packages/airflow/example_dags/tutorial.py
[2025-04-21T16:47:41.171-0400] {processor.py:830} INFO - Processing file /Users/gaurav/Documents/Breast-Cancer-ML-Pipeline/venv/lib/python3.9/site-packages/airflow/example_dags/tutorial.py for tasks to queue
[2025-04-21T16:47:41.172-0400] {logging_mixin.py:188} INFO - [2025-04-21T16:47:41.172-0400] {dagbag.py:538} INFO - Filling up the DagBag from /Users/gaurav/Documents/Breast-Cancer-ML-Pipeline/venv/lib/python3.9/site-packages/airflow/example_dags/tutorial.py
[2025-04-21T16:47:41.178-0400] {processor.py:840} INFO - DAG(s) 'tutorial' retrieved from /Users/gaurav/Documents/Breast-Cancer-ML-Pipeline/venv/lib/python3.9/site-packages/airflow/example_dags/tutorial.py
[2025-04-21T16:47:41.243-0400] {logging_mixin.py:188} INFO - [2025-04-21T16:47:41.243-0400] {dag.py:3036} INFO - Sync 1 DAGs
[2025-04-21T16:47:41.255-0400] {logging_mixin.py:188} INFO - [2025-04-21T16:47:41.255-0400] {dag.py:3823} INFO - Setting next_dagrun for tutorial to 2025-04-20 00:00:00+00:00, run_after=2025-04-21 00:00:00+00:00
[2025-04-21T16:47:41.268-0400] {processor.py:183} INFO - Processing /Users/gaurav/Documents/Breast-Cancer-ML-Pipeline/venv/lib/python3.9/site-packages/airflow/example_dags/tutorial.py took 0.100 seconds
[2025-04-21T16:48:52.953-0400] {processor.py:161} INFO - Started process (PID=84140) to work on /Users/gaurav/Documents/Breast-Cancer-ML-Pipeline/venv/lib/python3.9/site-packages/airflow/example_dags/tutorial.py
[2025-04-21T16:48:52.955-0400] {processor.py:830} INFO - Processing file /Users/gaurav/Documents/Breast-Cancer-ML-Pipeline/venv/lib/python3.9/site-packages/airflow/example_dags/tutorial.py for tasks to queue
[2025-04-21T16:48:52.955-0400] {logging_mixin.py:188} INFO - [2025-04-21T16:48:52.955-0400] {dagbag.py:538} INFO - Filling up the DagBag from /Users/gaurav/Documents/Breast-Cancer-ML-Pipeline/venv/lib/python3.9/site-packages/airflow/example_dags/tutorial.py
[2025-04-21T16:48:52.961-0400] {processor.py:840} INFO - DAG(s) 'tutorial' retrieved from /Users/gaurav/Documents/Breast-Cancer-ML-Pipeline/venv/lib/python3.9/site-packages/airflow/example_dags/tutorial.py
[2025-04-21T16:48:53.026-0400] {logging_mixin.py:188} INFO - [2025-04-21T16:48:53.026-0400] {dag.py:3036} INFO - Sync 1 DAGs
[2025-04-21T16:48:53.038-0400] {logging_mixin.py:188} INFO - [2025-04-21T16:48:53.038-0400] {dag.py:3823} INFO - Setting next_dagrun for tutorial to 2025-04-20 00:00:00+00:00, run_after=2025-04-21 00:00:00+00:00
[2025-04-21T16:48:53.050-0400] {processor.py:183} INFO - Processing /Users/gaurav/Documents/Breast-Cancer-ML-Pipeline/venv/lib/python3.9/site-packages/airflow/example_dags/tutorial.py took 0.098 seconds
[2025-04-21T16:50:04.749-0400] {processor.py:161} INFO - Started process (PID=84225) to work on /Users/gaurav/Documents/Breast-Cancer-ML-Pipeline/venv/lib/python3.9/site-packages/airflow/example_dags/tutorial.py
[2025-04-21T16:50:04.751-0400] {processor.py:830} INFO - Processing file /Users/gaurav/Documents/Breast-Cancer-ML-Pipeline/venv/lib/python3.9/site-packages/airflow/example_dags/tutorial.py for tasks to queue
[2025-04-21T16:50:04.751-0400] {logging_mixin.py:188} INFO - [2025-04-21T16:50:04.751-0400] {dagbag.py:538} INFO - Filling up the DagBag from /Users/gaurav/Documents/Breast-Cancer-ML-Pipeline/venv/lib/python3.9/site-packages/airflow/example_dags/tutorial.py
[2025-04-21T16:50:04.757-0400] {processor.py:840} INFO - DAG(s) 'tutorial' retrieved from /Users/gaurav/Documents/Breast-Cancer-ML-Pipeline/venv/lib/python3.9/site-packages/airflow/example_dags/tutorial.py
[2025-04-21T16:50:04.824-0400] {logging_mixin.py:188} INFO - [2025-04-21T16:50:04.823-0400] {dag.py:3036} INFO - Sync 1 DAGs
[2025-04-21T16:50:04.835-0400] {logging_mixin.py:188} INFO - [2025-04-21T16:50:04.835-0400] {dag.py:3823} INFO - Setting next_dagrun for tutorial to 2025-04-20 00:00:00+00:00, run_after=2025-04-21 00:00:00+00:00
[2025-04-21T16:50:04.847-0400] {processor.py:183} INFO - Processing /Users/gaurav/Documents/Breast-Cancer-ML-Pipeline/venv/lib/python3.9/site-packages/airflow/example_dags/tutorial.py took 0.099 seconds
[2025-04-21T16:51:22.528-0400] {processor.py:161} INFO - Started process (PID=84312) to work on /Users/gaurav/Documents/Breast-Cancer-ML-Pipeline/venv/lib/python3.9/site-packages/airflow/example_dags/tutorial.py
[2025-04-21T16:51:22.529-0400] {processor.py:830} INFO - Processing file /Users/gaurav/Documents/Breast-Cancer-ML-Pipeline/venv/lib/python3.9/site-packages/airflow/example_dags/tutorial.py for tasks to queue
[2025-04-21T16:51:22.530-0400] {logging_mixin.py:188} INFO - [2025-04-21T16:51:22.530-0400] {dagbag.py:538} INFO - Filling up the DagBag from /Users/gaurav/Documents/Breast-Cancer-ML-Pipeline/venv/lib/python3.9/site-packages/airflow/example_dags/tutorial.py
[2025-04-21T16:51:22.535-0400] {processor.py:840} INFO - DAG(s) 'tutorial' retrieved from /Users/gaurav/Documents/Breast-Cancer-ML-Pipeline/venv/lib/python3.9/site-packages/airflow/example_dags/tutorial.py
[2025-04-21T16:51:22.603-0400] {logging_mixin.py:188} INFO - [2025-04-21T16:51:22.603-0400] {dag.py:3036} INFO - Sync 1 DAGs
[2025-04-21T16:51:22.616-0400] {logging_mixin.py:188} INFO - [2025-04-21T16:51:22.616-0400] {dag.py:3823} INFO - Setting next_dagrun for tutorial to 2025-04-20 00:00:00+00:00, run_after=2025-04-21 00:00:00+00:00
[2025-04-21T16:51:22.628-0400] {processor.py:183} INFO - Processing /Users/gaurav/Documents/Breast-Cancer-ML-Pipeline/venv/lib/python3.9/site-packages/airflow/example_dags/tutorial.py took 0.101 seconds
[2025-04-21T16:52:46.277-0400] {processor.py:161} INFO - Started process (PID=84405) to work on /Users/gaurav/Documents/Breast-Cancer-ML-Pipeline/venv/lib/python3.9/site-packages/airflow/example_dags/tutorial.py
[2025-04-21T16:52:46.278-0400] {processor.py:830} INFO - Processing file /Users/gaurav/Documents/Breast-Cancer-ML-Pipeline/venv/lib/python3.9/site-packages/airflow/example_dags/tutorial.py for tasks to queue
[2025-04-21T16:52:46.278-0400] {logging_mixin.py:188} INFO - [2025-04-21T16:52:46.278-0400] {dagbag.py:538} INFO - Filling up the DagBag from /Users/gaurav/Documents/Breast-Cancer-ML-Pipeline/venv/lib/python3.9/site-packages/airflow/example_dags/tutorial.py
[2025-04-21T16:52:46.284-0400] {processor.py:840} INFO - DAG(s) 'tutorial' retrieved from /Users/gaurav/Documents/Breast-Cancer-ML-Pipeline/venv/lib/python3.9/site-packages/airflow/example_dags/tutorial.py
[2025-04-21T16:52:46.349-0400] {logging_mixin.py:188} INFO - [2025-04-21T16:52:46.349-0400] {dag.py:3036} INFO - Sync 1 DAGs
[2025-04-21T16:52:46.362-0400] {logging_mixin.py:188} INFO - [2025-04-21T16:52:46.361-0400] {dag.py:3823} INFO - Setting next_dagrun for tutorial to 2025-04-20 00:00:00+00:00, run_after=2025-04-21 00:00:00+00:00
[2025-04-21T16:52:46.374-0400] {processor.py:183} INFO - Processing /Users/gaurav/Documents/Breast-Cancer-ML-Pipeline/venv/lib/python3.9/site-packages/airflow/example_dags/tutorial.py took 0.099 seconds
[2025-04-21T16:54:05.489-0400] {processor.py:161} INFO - Started process (PID=84518) to work on /Users/gaurav/Documents/Breast-Cancer-ML-Pipeline/venv/lib/python3.9/site-packages/airflow/example_dags/tutorial.py
[2025-04-21T16:54:05.491-0400] {processor.py:830} INFO - Processing file /Users/gaurav/Documents/Breast-Cancer-ML-Pipeline/venv/lib/python3.9/site-packages/airflow/example_dags/tutorial.py for tasks to queue
[2025-04-21T16:54:05.492-0400] {logging_mixin.py:188} INFO - [2025-04-21T16:54:05.491-0400] {dagbag.py:538} INFO - Filling up the DagBag from /Users/gaurav/Documents/Breast-Cancer-ML-Pipeline/venv/lib/python3.9/site-packages/airflow/example_dags/tutorial.py
[2025-04-21T16:54:05.497-0400] {processor.py:840} INFO - DAG(s) 'tutorial' retrieved from /Users/gaurav/Documents/Breast-Cancer-ML-Pipeline/venv/lib/python3.9/site-packages/airflow/example_dags/tutorial.py
[2025-04-21T16:54:05.562-0400] {logging_mixin.py:188} INFO - [2025-04-21T16:54:05.561-0400] {dag.py:3036} INFO - Sync 1 DAGs
[2025-04-21T16:54:05.574-0400] {logging_mixin.py:188} INFO - [2025-04-21T16:54:05.574-0400] {dag.py:3823} INFO - Setting next_dagrun for tutorial to 2025-04-20 00:00:00+00:00, run_after=2025-04-21 00:00:00+00:00
[2025-04-21T16:54:05.586-0400] {processor.py:183} INFO - Processing /Users/gaurav/Documents/Breast-Cancer-ML-Pipeline/venv/lib/python3.9/site-packages/airflow/example_dags/tutorial.py took 0.098 seconds
[2025-04-21T16:55:37.617-0400] {processor.py:161} INFO - Started process (PID=84609) to work on /Users/gaurav/Documents/Breast-Cancer-ML-Pipeline/venv/lib/python3.9/site-packages/airflow/example_dags/tutorial.py
[2025-04-21T16:55:37.619-0400] {processor.py:830} INFO - Processing file /Users/gaurav/Documents/Breast-Cancer-ML-Pipeline/venv/lib/python3.9/site-packages/airflow/example_dags/tutorial.py for tasks to queue
[2025-04-21T16:55:37.619-0400] {logging_mixin.py:188} INFO - [2025-04-21T16:55:37.619-0400] {dagbag.py:538} INFO - Filling up the DagBag from /Users/gaurav/Documents/Breast-Cancer-ML-Pipeline/venv/lib/python3.9/site-packages/airflow/example_dags/tutorial.py
[2025-04-21T16:55:37.625-0400] {processor.py:840} INFO - DAG(s) 'tutorial' retrieved from /Users/gaurav/Documents/Breast-Cancer-ML-Pipeline/venv/lib/python3.9/site-packages/airflow/example_dags/tutorial.py
[2025-04-21T16:55:37.634-0400] {logging_mixin.py:188} INFO - [2025-04-21T16:55:37.634-0400] {dag.py:3036} INFO - Sync 1 DAGs
[2025-04-21T16:55:37.696-0400] {logging_mixin.py:188} INFO - [2025-04-21T16:55:37.696-0400] {dag.py:3823} INFO - Setting next_dagrun for tutorial to 2025-04-20 00:00:00+00:00, run_after=2025-04-21 00:00:00+00:00
[2025-04-21T16:55:37.709-0400] {processor.py:183} INFO - Processing /Users/gaurav/Documents/Breast-Cancer-ML-Pipeline/venv/lib/python3.9/site-packages/airflow/example_dags/tutorial.py took 0.093 seconds
[2025-04-21T16:57:20.727-0400] {processor.py:161} INFO - Started process (PID=84765) to work on /Users/gaurav/Documents/Breast-Cancer-ML-Pipeline/venv/lib/python3.9/site-packages/airflow/example_dags/tutorial.py
[2025-04-21T16:57:20.729-0400] {processor.py:830} INFO - Processing file /Users/gaurav/Documents/Breast-Cancer-ML-Pipeline/venv/lib/python3.9/site-packages/airflow/example_dags/tutorial.py for tasks to queue
[2025-04-21T16:57:20.730-0400] {logging_mixin.py:188} INFO - [2025-04-21T16:57:20.730-0400] {dagbag.py:538} INFO - Filling up the DagBag from /Users/gaurav/Documents/Breast-Cancer-ML-Pipeline/venv/lib/python3.9/site-packages/airflow/example_dags/tutorial.py
[2025-04-21T16:57:20.736-0400] {processor.py:840} INFO - DAG(s) 'tutorial' retrieved from /Users/gaurav/Documents/Breast-Cancer-ML-Pipeline/venv/lib/python3.9/site-packages/airflow/example_dags/tutorial.py
[2025-04-21T16:57:20.862-0400] {logging_mixin.py:188} INFO - [2025-04-21T16:57:20.862-0400] {dag.py:3036} INFO - Sync 1 DAGs
[2025-04-21T16:57:20.875-0400] {logging_mixin.py:188} INFO - [2025-04-21T16:57:20.874-0400] {dag.py:3823} INFO - Setting next_dagrun for tutorial to 2025-04-20 00:00:00+00:00, run_after=2025-04-21 00:00:00+00:00
[2025-04-21T16:57:20.889-0400] {processor.py:183} INFO - Processing /Users/gaurav/Documents/Breast-Cancer-ML-Pipeline/venv/lib/python3.9/site-packages/airflow/example_dags/tutorial.py took 0.162 seconds
[2025-04-21T16:58:41.638-0400] {processor.py:161} INFO - Started process (PID=84865) to work on /Users/gaurav/Documents/Breast-Cancer-ML-Pipeline/venv/lib/python3.9/site-packages/airflow/example_dags/tutorial.py
[2025-04-21T16:58:41.639-0400] {processor.py:830} INFO - Processing file /Users/gaurav/Documents/Breast-Cancer-ML-Pipeline/venv/lib/python3.9/site-packages/airflow/example_dags/tutorial.py for tasks to queue
[2025-04-21T16:58:41.640-0400] {logging_mixin.py:188} INFO - [2025-04-21T16:58:41.640-0400] {dagbag.py:538} INFO - Filling up the DagBag from /Users/gaurav/Documents/Breast-Cancer-ML-Pipeline/venv/lib/python3.9/site-packages/airflow/example_dags/tutorial.py
[2025-04-21T16:58:41.645-0400] {processor.py:840} INFO - DAG(s) 'tutorial' retrieved from /Users/gaurav/Documents/Breast-Cancer-ML-Pipeline/venv/lib/python3.9/site-packages/airflow/example_dags/tutorial.py
[2025-04-21T16:58:41.711-0400] {logging_mixin.py:188} INFO - [2025-04-21T16:58:41.711-0400] {dag.py:3036} INFO - Sync 1 DAGs
[2025-04-21T16:58:41.724-0400] {logging_mixin.py:188} INFO - [2025-04-21T16:58:41.724-0400] {dag.py:3823} INFO - Setting next_dagrun for tutorial to 2025-04-20 00:00:00+00:00, run_after=2025-04-21 00:00:00+00:00
[2025-04-21T16:58:41.736-0400] {processor.py:183} INFO - Processing /Users/gaurav/Documents/Breast-Cancer-ML-Pipeline/venv/lib/python3.9/site-packages/airflow/example_dags/tutorial.py took 0.099 seconds
[2025-04-21T16:59:59.702-0400] {processor.py:161} INFO - Started process (PID=84944) to work on /Users/gaurav/Documents/Breast-Cancer-ML-Pipeline/venv/lib/python3.9/site-packages/airflow/example_dags/tutorial.py
[2025-04-21T16:59:59.704-0400] {processor.py:830} INFO - Processing file /Users/gaurav/Documents/Breast-Cancer-ML-Pipeline/venv/lib/python3.9/site-packages/airflow/example_dags/tutorial.py for tasks to queue
[2025-04-21T16:59:59.705-0400] {logging_mixin.py:188} INFO - [2025-04-21T16:59:59.705-0400] {dagbag.py:538} INFO - Filling up the DagBag from /Users/gaurav/Documents/Breast-Cancer-ML-Pipeline/venv/lib/python3.9/site-packages/airflow/example_dags/tutorial.py
[2025-04-21T16:59:59.710-0400] {processor.py:840} INFO - DAG(s) 'tutorial' retrieved from /Users/gaurav/Documents/Breast-Cancer-ML-Pipeline/venv/lib/python3.9/site-packages/airflow/example_dags/tutorial.py
[2025-04-21T16:59:59.774-0400] {logging_mixin.py:188} INFO - [2025-04-21T16:59:59.774-0400] {dag.py:3036} INFO - Sync 1 DAGs
[2025-04-21T16:59:59.786-0400] {logging_mixin.py:188} INFO - [2025-04-21T16:59:59.786-0400] {dag.py:3823} INFO - Setting next_dagrun for tutorial to 2025-04-20 00:00:00+00:00, run_after=2025-04-21 00:00:00+00:00
[2025-04-21T16:59:59.798-0400] {processor.py:183} INFO - Processing /Users/gaurav/Documents/Breast-Cancer-ML-Pipeline/venv/lib/python3.9/site-packages/airflow/example_dags/tutorial.py took 0.096 seconds
[2025-04-21T17:01:10.368-0400] {processor.py:161} INFO - Started process (PID=85033) to work on /Users/gaurav/Documents/Breast-Cancer-ML-Pipeline/venv/lib/python3.9/site-packages/airflow/example_dags/tutorial.py
[2025-04-21T17:01:10.370-0400] {processor.py:830} INFO - Processing file /Users/gaurav/Documents/Breast-Cancer-ML-Pipeline/venv/lib/python3.9/site-packages/airflow/example_dags/tutorial.py for tasks to queue
[2025-04-21T17:01:10.370-0400] {logging_mixin.py:188} INFO - [2025-04-21T17:01:10.370-0400] {dagbag.py:538} INFO - Filling up the DagBag from /Users/gaurav/Documents/Breast-Cancer-ML-Pipeline/venv/lib/python3.9/site-packages/airflow/example_dags/tutorial.py
[2025-04-21T17:01:10.375-0400] {processor.py:840} INFO - DAG(s) 'tutorial' retrieved from /Users/gaurav/Documents/Breast-Cancer-ML-Pipeline/venv/lib/python3.9/site-packages/airflow/example_dags/tutorial.py
[2025-04-21T17:01:10.439-0400] {logging_mixin.py:188} INFO - [2025-04-21T17:01:10.439-0400] {dag.py:3036} INFO - Sync 1 DAGs
[2025-04-21T17:01:10.452-0400] {logging_mixin.py:188} INFO - [2025-04-21T17:01:10.452-0400] {dag.py:3823} INFO - Setting next_dagrun for tutorial to 2025-04-20 00:00:00+00:00, run_after=2025-04-21 00:00:00+00:00
[2025-04-21T17:01:10.464-0400] {processor.py:183} INFO - Processing /Users/gaurav/Documents/Breast-Cancer-ML-Pipeline/venv/lib/python3.9/site-packages/airflow/example_dags/tutorial.py took 0.097 seconds
[2025-04-21T17:01:55.606-0400] {processor.py:161} INFO - Started process (PID=85095) to work on /Users/gaurav/Documents/Breast-Cancer-ML-Pipeline/venv/lib/python3.9/site-packages/airflow/example_dags/tutorial.py
[2025-04-21T17:01:55.608-0400] {processor.py:830} INFO - Processing file /Users/gaurav/Documents/Breast-Cancer-ML-Pipeline/venv/lib/python3.9/site-packages/airflow/example_dags/tutorial.py for tasks to queue
[2025-04-21T17:01:55.608-0400] {logging_mixin.py:188} INFO - [2025-04-21T17:01:55.608-0400] {dagbag.py:538} INFO - Filling up the DagBag from /Users/gaurav/Documents/Breast-Cancer-ML-Pipeline/venv/lib/python3.9/site-packages/airflow/example_dags/tutorial.py
[2025-04-21T17:01:55.614-0400] {processor.py:840} INFO - DAG(s) 'tutorial' retrieved from /Users/gaurav/Documents/Breast-Cancer-ML-Pipeline/venv/lib/python3.9/site-packages/airflow/example_dags/tutorial.py
[2025-04-21T17:01:55.689-0400] {logging_mixin.py:188} INFO - [2025-04-21T17:01:55.689-0400] {dag.py:3036} INFO - Sync 1 DAGs
[2025-04-21T17:01:55.704-0400] {logging_mixin.py:188} INFO - [2025-04-21T17:01:55.703-0400] {dag.py:3823} INFO - Setting next_dagrun for tutorial to 2025-04-20 00:00:00+00:00, run_after=2025-04-21 00:00:00+00:00
[2025-04-21T17:01:55.718-0400] {processor.py:183} INFO - Processing /Users/gaurav/Documents/Breast-Cancer-ML-Pipeline/venv/lib/python3.9/site-packages/airflow/example_dags/tutorial.py took 0.113 seconds
[2025-04-21T17:03:14.314-0400] {processor.py:161} INFO - Started process (PID=85183) to work on /Users/gaurav/Documents/Breast-Cancer-ML-Pipeline/venv/lib/python3.9/site-packages/airflow/example_dags/tutorial.py
[2025-04-21T17:03:14.316-0400] {processor.py:830} INFO - Processing file /Users/gaurav/Documents/Breast-Cancer-ML-Pipeline/venv/lib/python3.9/site-packages/airflow/example_dags/tutorial.py for tasks to queue
[2025-04-21T17:03:14.316-0400] {logging_mixin.py:188} INFO - [2025-04-21T17:03:14.316-0400] {dagbag.py:538} INFO - Filling up the DagBag from /Users/gaurav/Documents/Breast-Cancer-ML-Pipeline/venv/lib/python3.9/site-packages/airflow/example_dags/tutorial.py
[2025-04-21T17:03:14.321-0400] {processor.py:840} INFO - DAG(s) 'tutorial' retrieved from /Users/gaurav/Documents/Breast-Cancer-ML-Pipeline/venv/lib/python3.9/site-packages/airflow/example_dags/tutorial.py
[2025-04-21T17:03:14.390-0400] {logging_mixin.py:188} INFO - [2025-04-21T17:03:14.390-0400] {dag.py:3036} INFO - Sync 1 DAGs
[2025-04-21T17:03:14.403-0400] {logging_mixin.py:188} INFO - [2025-04-21T17:03:14.403-0400] {dag.py:3823} INFO - Setting next_dagrun for tutorial to 2025-04-20 00:00:00+00:00, run_after=2025-04-21 00:00:00+00:00
[2025-04-21T17:03:14.415-0400] {processor.py:183} INFO - Processing /Users/gaurav/Documents/Breast-Cancer-ML-Pipeline/venv/lib/python3.9/site-packages/airflow/example_dags/tutorial.py took 0.102 seconds
[2025-04-21T17:04:27.451-0400] {processor.py:161} INFO - Started process (PID=85282) to work on /Users/gaurav/Documents/Breast-Cancer-ML-Pipeline/venv/lib/python3.9/site-packages/airflow/example_dags/tutorial.py
[2025-04-21T17:04:27.453-0400] {processor.py:830} INFO - Processing file /Users/gaurav/Documents/Breast-Cancer-ML-Pipeline/venv/lib/python3.9/site-packages/airflow/example_dags/tutorial.py for tasks to queue
[2025-04-21T17:04:27.453-0400] {logging_mixin.py:188} INFO - [2025-04-21T17:04:27.453-0400] {dagbag.py:538} INFO - Filling up the DagBag from /Users/gaurav/Documents/Breast-Cancer-ML-Pipeline/venv/lib/python3.9/site-packages/airflow/example_dags/tutorial.py
[2025-04-21T17:04:27.461-0400] {processor.py:840} INFO - DAG(s) 'tutorial' retrieved from /Users/gaurav/Documents/Breast-Cancer-ML-Pipeline/venv/lib/python3.9/site-packages/airflow/example_dags/tutorial.py
[2025-04-21T17:04:27.542-0400] {logging_mixin.py:188} INFO - [2025-04-21T17:04:27.542-0400] {dag.py:3036} INFO - Sync 1 DAGs
[2025-04-21T17:04:27.555-0400] {logging_mixin.py:188} INFO - [2025-04-21T17:04:27.555-0400] {dag.py:3823} INFO - Setting next_dagrun for tutorial to 2025-04-20 00:00:00+00:00, run_after=2025-04-21 00:00:00+00:00
[2025-04-21T17:04:27.569-0400] {processor.py:183} INFO - Processing /Users/gaurav/Documents/Breast-Cancer-ML-Pipeline/venv/lib/python3.9/site-packages/airflow/example_dags/tutorial.py took 0.119 seconds
[2025-04-21T17:05:37.763-0400] {processor.py:161} INFO - Started process (PID=85360) to work on /Users/gaurav/Documents/Breast-Cancer-ML-Pipeline/venv/lib/python3.9/site-packages/airflow/example_dags/tutorial.py
[2025-04-21T17:05:37.765-0400] {processor.py:830} INFO - Processing file /Users/gaurav/Documents/Breast-Cancer-ML-Pipeline/venv/lib/python3.9/site-packages/airflow/example_dags/tutorial.py for tasks to queue
[2025-04-21T17:05:37.765-0400] {logging_mixin.py:188} INFO - [2025-04-21T17:05:37.765-0400] {dagbag.py:538} INFO - Filling up the DagBag from /Users/gaurav/Documents/Breast-Cancer-ML-Pipeline/venv/lib/python3.9/site-packages/airflow/example_dags/tutorial.py
[2025-04-21T17:05:37.770-0400] {processor.py:840} INFO - DAG(s) 'tutorial' retrieved from /Users/gaurav/Documents/Breast-Cancer-ML-Pipeline/venv/lib/python3.9/site-packages/airflow/example_dags/tutorial.py
[2025-04-21T17:05:37.835-0400] {logging_mixin.py:188} INFO - [2025-04-21T17:05:37.835-0400] {dag.py:3036} INFO - Sync 1 DAGs
[2025-04-21T17:05:37.847-0400] {logging_mixin.py:188} INFO - [2025-04-21T17:05:37.847-0400] {dag.py:3823} INFO - Setting next_dagrun for tutorial to 2025-04-20 00:00:00+00:00, run_after=2025-04-21 00:00:00+00:00
[2025-04-21T17:05:37.858-0400] {processor.py:183} INFO - Processing /Users/gaurav/Documents/Breast-Cancer-ML-Pipeline/venv/lib/python3.9/site-packages/airflow/example_dags/tutorial.py took 0.097 seconds
[2025-04-21T17:06:49.213-0400] {processor.py:161} INFO - Started process (PID=85452) to work on /Users/gaurav/Documents/Breast-Cancer-ML-Pipeline/venv/lib/python3.9/site-packages/airflow/example_dags/tutorial.py
[2025-04-21T17:06:49.215-0400] {processor.py:830} INFO - Processing file /Users/gaurav/Documents/Breast-Cancer-ML-Pipeline/venv/lib/python3.9/site-packages/airflow/example_dags/tutorial.py for tasks to queue
[2025-04-21T17:06:49.216-0400] {logging_mixin.py:188} INFO - [2025-04-21T17:06:49.216-0400] {dagbag.py:538} INFO - Filling up the DagBag from /Users/gaurav/Documents/Breast-Cancer-ML-Pipeline/venv/lib/python3.9/site-packages/airflow/example_dags/tutorial.py
[2025-04-21T17:06:49.221-0400] {processor.py:840} INFO - DAG(s) 'tutorial' retrieved from /Users/gaurav/Documents/Breast-Cancer-ML-Pipeline/venv/lib/python3.9/site-packages/airflow/example_dags/tutorial.py
[2025-04-21T17:06:49.285-0400] {logging_mixin.py:188} INFO - [2025-04-21T17:06:49.285-0400] {dag.py:3036} INFO - Sync 1 DAGs
[2025-04-21T17:06:49.298-0400] {logging_mixin.py:188} INFO - [2025-04-21T17:06:49.298-0400] {dag.py:3823} INFO - Setting next_dagrun for tutorial to 2025-04-20 00:00:00+00:00, run_after=2025-04-21 00:00:00+00:00
[2025-04-21T17:06:49.309-0400] {processor.py:183} INFO - Processing /Users/gaurav/Documents/Breast-Cancer-ML-Pipeline/venv/lib/python3.9/site-packages/airflow/example_dags/tutorial.py took 0.097 seconds
[2025-04-21T17:08:02.419-0400] {processor.py:161} INFO - Started process (PID=85533) to work on /Users/gaurav/Documents/Breast-Cancer-ML-Pipeline/venv/lib/python3.9/site-packages/airflow/example_dags/tutorial.py
[2025-04-21T17:08:02.420-0400] {processor.py:830} INFO - Processing file /Users/gaurav/Documents/Breast-Cancer-ML-Pipeline/venv/lib/python3.9/site-packages/airflow/example_dags/tutorial.py for tasks to queue
[2025-04-21T17:08:02.420-0400] {logging_mixin.py:188} INFO - [2025-04-21T17:08:02.420-0400] {dagbag.py:538} INFO - Filling up the DagBag from /Users/gaurav/Documents/Breast-Cancer-ML-Pipeline/venv/lib/python3.9/site-packages/airflow/example_dags/tutorial.py
[2025-04-21T17:08:02.427-0400] {processor.py:840} INFO - DAG(s) 'tutorial' retrieved from /Users/gaurav/Documents/Breast-Cancer-ML-Pipeline/venv/lib/python3.9/site-packages/airflow/example_dags/tutorial.py
[2025-04-21T17:08:02.493-0400] {logging_mixin.py:188} INFO - [2025-04-21T17:08:02.493-0400] {dag.py:3036} INFO - Sync 1 DAGs
[2025-04-21T17:08:02.505-0400] {logging_mixin.py:188} INFO - [2025-04-21T17:08:02.505-0400] {dag.py:3823} INFO - Setting next_dagrun for tutorial to 2025-04-20 00:00:00+00:00, run_after=2025-04-21 00:00:00+00:00
[2025-04-21T17:08:02.517-0400] {processor.py:183} INFO - Processing /Users/gaurav/Documents/Breast-Cancer-ML-Pipeline/venv/lib/python3.9/site-packages/airflow/example_dags/tutorial.py took 0.099 seconds
[2025-04-21T17:09:15.893-0400] {processor.py:161} INFO - Started process (PID=85610) to work on /Users/gaurav/Documents/Breast-Cancer-ML-Pipeline/venv/lib/python3.9/site-packages/airflow/example_dags/tutorial.py
[2025-04-21T17:09:15.895-0400] {processor.py:830} INFO - Processing file /Users/gaurav/Documents/Breast-Cancer-ML-Pipeline/venv/lib/python3.9/site-packages/airflow/example_dags/tutorial.py for tasks to queue
[2025-04-21T17:09:15.896-0400] {logging_mixin.py:188} INFO - [2025-04-21T17:09:15.895-0400] {dagbag.py:538} INFO - Filling up the DagBag from /Users/gaurav/Documents/Breast-Cancer-ML-Pipeline/venv/lib/python3.9/site-packages/airflow/example_dags/tutorial.py
[2025-04-21T17:09:15.901-0400] {processor.py:840} INFO - DAG(s) 'tutorial' retrieved from /Users/gaurav/Documents/Breast-Cancer-ML-Pipeline/venv/lib/python3.9/site-packages/airflow/example_dags/tutorial.py
[2025-04-21T17:09:15.967-0400] {logging_mixin.py:188} INFO - [2025-04-21T17:09:15.966-0400] {dag.py:3036} INFO - Sync 1 DAGs
[2025-04-21T17:09:15.980-0400] {logging_mixin.py:188} INFO - [2025-04-21T17:09:15.979-0400] {dag.py:3823} INFO - Setting next_dagrun for tutorial to 2025-04-20 00:00:00+00:00, run_after=2025-04-21 00:00:00+00:00
[2025-04-21T17:09:15.991-0400] {processor.py:183} INFO - Processing /Users/gaurav/Documents/Breast-Cancer-ML-Pipeline/venv/lib/python3.9/site-packages/airflow/example_dags/tutorial.py took 0.099 seconds
[2025-04-21T17:10:29.453-0400] {processor.py:161} INFO - Started process (PID=85690) to work on /Users/gaurav/Documents/Breast-Cancer-ML-Pipeline/venv/lib/python3.9/site-packages/airflow/example_dags/tutorial.py
[2025-04-21T17:10:29.455-0400] {processor.py:830} INFO - Processing file /Users/gaurav/Documents/Breast-Cancer-ML-Pipeline/venv/lib/python3.9/site-packages/airflow/example_dags/tutorial.py for tasks to queue
[2025-04-21T17:10:29.456-0400] {logging_mixin.py:188} INFO - [2025-04-21T17:10:29.455-0400] {dagbag.py:538} INFO - Filling up the DagBag from /Users/gaurav/Documents/Breast-Cancer-ML-Pipeline/venv/lib/python3.9/site-packages/airflow/example_dags/tutorial.py
[2025-04-21T17:10:29.462-0400] {processor.py:840} INFO - DAG(s) 'tutorial' retrieved from /Users/gaurav/Documents/Breast-Cancer-ML-Pipeline/venv/lib/python3.9/site-packages/airflow/example_dags/tutorial.py
[2025-04-21T17:10:29.529-0400] {logging_mixin.py:188} INFO - [2025-04-21T17:10:29.529-0400] {dag.py:3036} INFO - Sync 1 DAGs
[2025-04-21T17:10:29.542-0400] {logging_mixin.py:188} INFO - [2025-04-21T17:10:29.541-0400] {dag.py:3823} INFO - Setting next_dagrun for tutorial to 2025-04-20 00:00:00+00:00, run_after=2025-04-21 00:00:00+00:00
[2025-04-21T17:10:29.553-0400] {processor.py:183} INFO - Processing /Users/gaurav/Documents/Breast-Cancer-ML-Pipeline/venv/lib/python3.9/site-packages/airflow/example_dags/tutorial.py took 0.101 seconds
[2025-04-21T17:11:42.838-0400] {processor.py:161} INFO - Started process (PID=85780) to work on /Users/gaurav/Documents/Breast-Cancer-ML-Pipeline/venv/lib/python3.9/site-packages/airflow/example_dags/tutorial.py
[2025-04-21T17:11:42.840-0400] {processor.py:830} INFO - Processing file /Users/gaurav/Documents/Breast-Cancer-ML-Pipeline/venv/lib/python3.9/site-packages/airflow/example_dags/tutorial.py for tasks to queue
[2025-04-21T17:11:42.840-0400] {logging_mixin.py:188} INFO - [2025-04-21T17:11:42.840-0400] {dagbag.py:538} INFO - Filling up the DagBag from /Users/gaurav/Documents/Breast-Cancer-ML-Pipeline/venv/lib/python3.9/site-packages/airflow/example_dags/tutorial.py
[2025-04-21T17:11:42.847-0400] {processor.py:840} INFO - DAG(s) 'tutorial' retrieved from /Users/gaurav/Documents/Breast-Cancer-ML-Pipeline/venv/lib/python3.9/site-packages/airflow/example_dags/tutorial.py
[2025-04-21T17:11:42.912-0400] {logging_mixin.py:188} INFO - [2025-04-21T17:11:42.912-0400] {dag.py:3036} INFO - Sync 1 DAGs
[2025-04-21T17:11:42.924-0400] {logging_mixin.py:188} INFO - [2025-04-21T17:11:42.924-0400] {dag.py:3823} INFO - Setting next_dagrun for tutorial to 2025-04-20 00:00:00+00:00, run_after=2025-04-21 00:00:00+00:00
[2025-04-21T17:11:42.936-0400] {processor.py:183} INFO - Processing /Users/gaurav/Documents/Breast-Cancer-ML-Pipeline/venv/lib/python3.9/site-packages/airflow/example_dags/tutorial.py took 0.099 seconds
[2025-04-21T17:12:56.298-0400] {processor.py:161} INFO - Started process (PID=85865) to work on /Users/gaurav/Documents/Breast-Cancer-ML-Pipeline/venv/lib/python3.9/site-packages/airflow/example_dags/tutorial.py
[2025-04-21T17:12:56.300-0400] {processor.py:830} INFO - Processing file /Users/gaurav/Documents/Breast-Cancer-ML-Pipeline/venv/lib/python3.9/site-packages/airflow/example_dags/tutorial.py for tasks to queue
[2025-04-21T17:12:56.300-0400] {logging_mixin.py:188} INFO - [2025-04-21T17:12:56.300-0400] {dagbag.py:538} INFO - Filling up the DagBag from /Users/gaurav/Documents/Breast-Cancer-ML-Pipeline/venv/lib/python3.9/site-packages/airflow/example_dags/tutorial.py
[2025-04-21T17:12:56.306-0400] {processor.py:840} INFO - DAG(s) 'tutorial' retrieved from /Users/gaurav/Documents/Breast-Cancer-ML-Pipeline/venv/lib/python3.9/site-packages/airflow/example_dags/tutorial.py
[2025-04-21T17:12:56.371-0400] {logging_mixin.py:188} INFO - [2025-04-21T17:12:56.371-0400] {dag.py:3036} INFO - Sync 1 DAGs
[2025-04-21T17:12:56.383-0400] {logging_mixin.py:188} INFO - [2025-04-21T17:12:56.383-0400] {dag.py:3823} INFO - Setting next_dagrun for tutorial to 2025-04-20 00:00:00+00:00, run_after=2025-04-21 00:00:00+00:00
[2025-04-21T17:12:56.394-0400] {processor.py:183} INFO - Processing /Users/gaurav/Documents/Breast-Cancer-ML-Pipeline/venv/lib/python3.9/site-packages/airflow/example_dags/tutorial.py took 0.097 seconds
[2025-04-21T17:14:11.467-0400] {processor.py:161} INFO - Started process (PID=85961) to work on /Users/gaurav/Documents/Breast-Cancer-ML-Pipeline/venv/lib/python3.9/site-packages/airflow/example_dags/tutorial.py
[2025-04-21T17:14:11.469-0400] {processor.py:830} INFO - Processing file /Users/gaurav/Documents/Breast-Cancer-ML-Pipeline/venv/lib/python3.9/site-packages/airflow/example_dags/tutorial.py for tasks to queue
[2025-04-21T17:14:11.470-0400] {logging_mixin.py:188} INFO - [2025-04-21T17:14:11.470-0400] {dagbag.py:538} INFO - Filling up the DagBag from /Users/gaurav/Documents/Breast-Cancer-ML-Pipeline/venv/lib/python3.9/site-packages/airflow/example_dags/tutorial.py
[2025-04-21T17:14:11.476-0400] {processor.py:840} INFO - DAG(s) 'tutorial' retrieved from /Users/gaurav/Documents/Breast-Cancer-ML-Pipeline/venv/lib/python3.9/site-packages/airflow/example_dags/tutorial.py
[2025-04-21T17:14:11.540-0400] {logging_mixin.py:188} INFO - [2025-04-21T17:14:11.540-0400] {dag.py:3036} INFO - Sync 1 DAGs
[2025-04-21T17:14:11.552-0400] {logging_mixin.py:188} INFO - [2025-04-21T17:14:11.552-0400] {dag.py:3823} INFO - Setting next_dagrun for tutorial to 2025-04-20 00:00:00+00:00, run_after=2025-04-21 00:00:00+00:00
[2025-04-21T17:14:11.564-0400] {processor.py:183} INFO - Processing /Users/gaurav/Documents/Breast-Cancer-ML-Pipeline/venv/lib/python3.9/site-packages/airflow/example_dags/tutorial.py took 0.097 seconds
[2025-04-21T17:15:23.266-0400] {processor.py:161} INFO - Started process (PID=86041) to work on /Users/gaurav/Documents/Breast-Cancer-ML-Pipeline/venv/lib/python3.9/site-packages/airflow/example_dags/tutorial.py
[2025-04-21T17:15:23.268-0400] {processor.py:830} INFO - Processing file /Users/gaurav/Documents/Breast-Cancer-ML-Pipeline/venv/lib/python3.9/site-packages/airflow/example_dags/tutorial.py for tasks to queue
[2025-04-21T17:15:23.268-0400] {logging_mixin.py:188} INFO - [2025-04-21T17:15:23.268-0400] {dagbag.py:538} INFO - Filling up the DagBag from /Users/gaurav/Documents/Breast-Cancer-ML-Pipeline/venv/lib/python3.9/site-packages/airflow/example_dags/tutorial.py
[2025-04-21T17:15:23.274-0400] {processor.py:840} INFO - DAG(s) 'tutorial' retrieved from /Users/gaurav/Documents/Breast-Cancer-ML-Pipeline/venv/lib/python3.9/site-packages/airflow/example_dags/tutorial.py
[2025-04-21T17:15:23.339-0400] {logging_mixin.py:188} INFO - [2025-04-21T17:15:23.338-0400] {dag.py:3036} INFO - Sync 1 DAGs
[2025-04-21T17:15:23.350-0400] {logging_mixin.py:188} INFO - [2025-04-21T17:15:23.350-0400] {dag.py:3823} INFO - Setting next_dagrun for tutorial to 2025-04-20 00:00:00+00:00, run_after=2025-04-21 00:00:00+00:00
[2025-04-21T17:15:23.362-0400] {processor.py:183} INFO - Processing /Users/gaurav/Documents/Breast-Cancer-ML-Pipeline/venv/lib/python3.9/site-packages/airflow/example_dags/tutorial.py took 0.097 seconds
[2025-04-21T17:16:36.679-0400] {processor.py:161} INFO - Started process (PID=86129) to work on /Users/gaurav/Documents/Breast-Cancer-ML-Pipeline/venv/lib/python3.9/site-packages/airflow/example_dags/tutorial.py
[2025-04-21T17:16:36.681-0400] {processor.py:830} INFO - Processing file /Users/gaurav/Documents/Breast-Cancer-ML-Pipeline/venv/lib/python3.9/site-packages/airflow/example_dags/tutorial.py for tasks to queue
[2025-04-21T17:16:36.681-0400] {logging_mixin.py:188} INFO - [2025-04-21T17:16:36.681-0400] {dagbag.py:538} INFO - Filling up the DagBag from /Users/gaurav/Documents/Breast-Cancer-ML-Pipeline/venv/lib/python3.9/site-packages/airflow/example_dags/tutorial.py
[2025-04-21T17:16:36.687-0400] {processor.py:840} INFO - DAG(s) 'tutorial' retrieved from /Users/gaurav/Documents/Breast-Cancer-ML-Pipeline/venv/lib/python3.9/site-packages/airflow/example_dags/tutorial.py
[2025-04-21T17:16:36.752-0400] {logging_mixin.py:188} INFO - [2025-04-21T17:16:36.752-0400] {dag.py:3036} INFO - Sync 1 DAGs
[2025-04-21T17:16:36.764-0400] {logging_mixin.py:188} INFO - [2025-04-21T17:16:36.764-0400] {dag.py:3823} INFO - Setting next_dagrun for tutorial to 2025-04-20 00:00:00+00:00, run_after=2025-04-21 00:00:00+00:00
[2025-04-21T17:16:36.775-0400] {processor.py:183} INFO - Processing /Users/gaurav/Documents/Breast-Cancer-ML-Pipeline/venv/lib/python3.9/site-packages/airflow/example_dags/tutorial.py took 0.097 seconds
[2025-04-21T17:17:50.389-0400] {processor.py:161} INFO - Started process (PID=86235) to work on /Users/gaurav/Documents/Breast-Cancer-ML-Pipeline/venv/lib/python3.9/site-packages/airflow/example_dags/tutorial.py
[2025-04-21T17:17:50.391-0400] {processor.py:830} INFO - Processing file /Users/gaurav/Documents/Breast-Cancer-ML-Pipeline/venv/lib/python3.9/site-packages/airflow/example_dags/tutorial.py for tasks to queue
[2025-04-21T17:17:50.391-0400] {logging_mixin.py:188} INFO - [2025-04-21T17:17:50.391-0400] {dagbag.py:538} INFO - Filling up the DagBag from /Users/gaurav/Documents/Breast-Cancer-ML-Pipeline/venv/lib/python3.9/site-packages/airflow/example_dags/tutorial.py
[2025-04-21T17:17:50.397-0400] {processor.py:840} INFO - DAG(s) 'tutorial' retrieved from /Users/gaurav/Documents/Breast-Cancer-ML-Pipeline/venv/lib/python3.9/site-packages/airflow/example_dags/tutorial.py
[2025-04-21T17:17:50.466-0400] {logging_mixin.py:188} INFO - [2025-04-21T17:17:50.465-0400] {dag.py:3036} INFO - Sync 1 DAGs
[2025-04-21T17:17:50.479-0400] {logging_mixin.py:188} INFO - [2025-04-21T17:17:50.478-0400] {dag.py:3823} INFO - Setting next_dagrun for tutorial to 2025-04-20 00:00:00+00:00, run_after=2025-04-21 00:00:00+00:00
[2025-04-21T17:17:50.491-0400] {processor.py:183} INFO - Processing /Users/gaurav/Documents/Breast-Cancer-ML-Pipeline/venv/lib/python3.9/site-packages/airflow/example_dags/tutorial.py took 0.103 seconds
[2025-04-21T17:19:07.569-0400] {processor.py:161} INFO - Started process (PID=86329) to work on /Users/gaurav/Documents/Breast-Cancer-ML-Pipeline/venv/lib/python3.9/site-packages/airflow/example_dags/tutorial.py
[2025-04-21T17:19:07.571-0400] {processor.py:830} INFO - Processing file /Users/gaurav/Documents/Breast-Cancer-ML-Pipeline/venv/lib/python3.9/site-packages/airflow/example_dags/tutorial.py for tasks to queue
[2025-04-21T17:19:07.571-0400] {logging_mixin.py:188} INFO - [2025-04-21T17:19:07.571-0400] {dagbag.py:538} INFO - Filling up the DagBag from /Users/gaurav/Documents/Breast-Cancer-ML-Pipeline/venv/lib/python3.9/site-packages/airflow/example_dags/tutorial.py
[2025-04-21T17:19:07.577-0400] {processor.py:840} INFO - DAG(s) 'tutorial' retrieved from /Users/gaurav/Documents/Breast-Cancer-ML-Pipeline/venv/lib/python3.9/site-packages/airflow/example_dags/tutorial.py
[2025-04-21T17:19:07.646-0400] {logging_mixin.py:188} INFO - [2025-04-21T17:19:07.646-0400] {dag.py:3036} INFO - Sync 1 DAGs
[2025-04-21T17:19:07.658-0400] {logging_mixin.py:188} INFO - [2025-04-21T17:19:07.658-0400] {dag.py:3823} INFO - Setting next_dagrun for tutorial to 2025-04-20 00:00:00+00:00, run_after=2025-04-21 00:00:00+00:00
[2025-04-21T17:19:07.672-0400] {processor.py:183} INFO - Processing /Users/gaurav/Documents/Breast-Cancer-ML-Pipeline/venv/lib/python3.9/site-packages/airflow/example_dags/tutorial.py took 0.103 seconds
[2025-04-21T17:20:23.268-0400] {processor.py:161} INFO - Started process (PID=86426) to work on /Users/gaurav/Documents/Breast-Cancer-ML-Pipeline/venv/lib/python3.9/site-packages/airflow/example_dags/tutorial.py
[2025-04-21T17:20:23.270-0400] {processor.py:830} INFO - Processing file /Users/gaurav/Documents/Breast-Cancer-ML-Pipeline/venv/lib/python3.9/site-packages/airflow/example_dags/tutorial.py for tasks to queue
[2025-04-21T17:20:23.271-0400] {logging_mixin.py:188} INFO - [2025-04-21T17:20:23.271-0400] {dagbag.py:538} INFO - Filling up the DagBag from /Users/gaurav/Documents/Breast-Cancer-ML-Pipeline/venv/lib/python3.9/site-packages/airflow/example_dags/tutorial.py
[2025-04-21T17:20:23.276-0400] {processor.py:840} INFO - DAG(s) 'tutorial' retrieved from /Users/gaurav/Documents/Breast-Cancer-ML-Pipeline/venv/lib/python3.9/site-packages/airflow/example_dags/tutorial.py
[2025-04-21T17:20:23.342-0400] {logging_mixin.py:188} INFO - [2025-04-21T17:20:23.342-0400] {dag.py:3036} INFO - Sync 1 DAGs
[2025-04-21T17:20:23.354-0400] {logging_mixin.py:188} INFO - [2025-04-21T17:20:23.353-0400] {dag.py:3823} INFO - Setting next_dagrun for tutorial to 2025-04-20 00:00:00+00:00, run_after=2025-04-21 00:00:00+00:00
[2025-04-21T17:20:23.366-0400] {processor.py:183} INFO - Processing /Users/gaurav/Documents/Breast-Cancer-ML-Pipeline/venv/lib/python3.9/site-packages/airflow/example_dags/tutorial.py took 0.098 seconds
[2025-04-21T17:21:27.461-0400] {processor.py:161} INFO - Started process (PID=86487) to work on /Users/gaurav/Documents/Breast-Cancer-ML-Pipeline/venv/lib/python3.9/site-packages/airflow/example_dags/tutorial.py
[2025-04-21T17:21:27.462-0400] {processor.py:830} INFO - Processing file /Users/gaurav/Documents/Breast-Cancer-ML-Pipeline/venv/lib/python3.9/site-packages/airflow/example_dags/tutorial.py for tasks to queue
[2025-04-21T17:21:27.462-0400] {logging_mixin.py:188} INFO - [2025-04-21T17:21:27.462-0400] {dagbag.py:538} INFO - Filling up the DagBag from /Users/gaurav/Documents/Breast-Cancer-ML-Pipeline/venv/lib/python3.9/site-packages/airflow/example_dags/tutorial.py
[2025-04-21T17:21:27.468-0400] {processor.py:840} INFO - DAG(s) 'tutorial' retrieved from /Users/gaurav/Documents/Breast-Cancer-ML-Pipeline/venv/lib/python3.9/site-packages/airflow/example_dags/tutorial.py
[2025-04-21T17:21:27.476-0400] {logging_mixin.py:188} INFO - [2025-04-21T17:21:27.476-0400] {dag.py:3036} INFO - Sync 1 DAGs
[2025-04-21T17:21:27.541-0400] {logging_mixin.py:188} INFO - [2025-04-21T17:21:27.541-0400] {dag.py:3823} INFO - Setting next_dagrun for tutorial to 2025-04-20 00:00:00+00:00, run_after=2025-04-21 00:00:00+00:00
[2025-04-21T17:21:27.554-0400] {processor.py:183} INFO - Processing /Users/gaurav/Documents/Breast-Cancer-ML-Pipeline/venv/lib/python3.9/site-packages/airflow/example_dags/tutorial.py took 0.095 seconds
[2025-04-21T17:23:03.133-0400] {processor.py:161} INFO - Started process (PID=86582) to work on /Users/gaurav/Documents/Breast-Cancer-ML-Pipeline/venv/lib/python3.9/site-packages/airflow/example_dags/tutorial.py
[2025-04-21T17:23:03.135-0400] {processor.py:830} INFO - Processing file /Users/gaurav/Documents/Breast-Cancer-ML-Pipeline/venv/lib/python3.9/site-packages/airflow/example_dags/tutorial.py for tasks to queue
[2025-04-21T17:23:03.135-0400] {logging_mixin.py:188} INFO - [2025-04-21T17:23:03.135-0400] {dagbag.py:538} INFO - Filling up the DagBag from /Users/gaurav/Documents/Breast-Cancer-ML-Pipeline/venv/lib/python3.9/site-packages/airflow/example_dags/tutorial.py
[2025-04-21T17:23:03.143-0400] {processor.py:840} INFO - DAG(s) 'tutorial' retrieved from /Users/gaurav/Documents/Breast-Cancer-ML-Pipeline/venv/lib/python3.9/site-packages/airflow/example_dags/tutorial.py
[2025-04-21T17:23:03.278-0400] {logging_mixin.py:188} INFO - [2025-04-21T17:23:03.278-0400] {dag.py:3036} INFO - Sync 1 DAGs
[2025-04-21T17:23:03.290-0400] {logging_mixin.py:188} INFO - [2025-04-21T17:23:03.290-0400] {dag.py:3823} INFO - Setting next_dagrun for tutorial to 2025-04-20 00:00:00+00:00, run_after=2025-04-21 00:00:00+00:00
[2025-04-21T17:23:03.305-0400] {processor.py:183} INFO - Processing /Users/gaurav/Documents/Breast-Cancer-ML-Pipeline/venv/lib/python3.9/site-packages/airflow/example_dags/tutorial.py took 0.173 seconds
[2025-04-21T17:23:47.557-0400] {processor.py:161} INFO - Started process (PID=86641) to work on /Users/gaurav/Documents/Breast-Cancer-ML-Pipeline/venv/lib/python3.9/site-packages/airflow/example_dags/tutorial.py
[2025-04-21T17:23:47.559-0400] {processor.py:830} INFO - Processing file /Users/gaurav/Documents/Breast-Cancer-ML-Pipeline/venv/lib/python3.9/site-packages/airflow/example_dags/tutorial.py for tasks to queue
[2025-04-21T17:23:47.559-0400] {logging_mixin.py:188} INFO - [2025-04-21T17:23:47.559-0400] {dagbag.py:538} INFO - Filling up the DagBag from /Users/gaurav/Documents/Breast-Cancer-ML-Pipeline/venv/lib/python3.9/site-packages/airflow/example_dags/tutorial.py
[2025-04-21T17:23:47.565-0400] {processor.py:840} INFO - DAG(s) 'tutorial' retrieved from /Users/gaurav/Documents/Breast-Cancer-ML-Pipeline/venv/lib/python3.9/site-packages/airflow/example_dags/tutorial.py
[2025-04-21T17:23:47.632-0400] {logging_mixin.py:188} INFO - [2025-04-21T17:23:47.632-0400] {dag.py:3036} INFO - Sync 1 DAGs
[2025-04-21T17:23:47.645-0400] {logging_mixin.py:188} INFO - [2025-04-21T17:23:47.645-0400] {dag.py:3823} INFO - Setting next_dagrun for tutorial to 2025-04-20 00:00:00+00:00, run_after=2025-04-21 00:00:00+00:00
[2025-04-21T17:23:47.656-0400] {processor.py:183} INFO - Processing /Users/gaurav/Documents/Breast-Cancer-ML-Pipeline/venv/lib/python3.9/site-packages/airflow/example_dags/tutorial.py took 0.100 seconds
[2025-04-21T17:25:04.409-0400] {processor.py:161} INFO - Started process (PID=86724) to work on /Users/gaurav/Documents/Breast-Cancer-ML-Pipeline/venv/lib/python3.9/site-packages/airflow/example_dags/tutorial.py
[2025-04-21T17:25:04.411-0400] {processor.py:830} INFO - Processing file /Users/gaurav/Documents/Breast-Cancer-ML-Pipeline/venv/lib/python3.9/site-packages/airflow/example_dags/tutorial.py for tasks to queue
[2025-04-21T17:25:04.411-0400] {logging_mixin.py:188} INFO - [2025-04-21T17:25:04.411-0400] {dagbag.py:538} INFO - Filling up the DagBag from /Users/gaurav/Documents/Breast-Cancer-ML-Pipeline/venv/lib/python3.9/site-packages/airflow/example_dags/tutorial.py
[2025-04-21T17:25:04.417-0400] {processor.py:840} INFO - DAG(s) 'tutorial' retrieved from /Users/gaurav/Documents/Breast-Cancer-ML-Pipeline/venv/lib/python3.9/site-packages/airflow/example_dags/tutorial.py
[2025-04-21T17:25:04.488-0400] {logging_mixin.py:188} INFO - [2025-04-21T17:25:04.487-0400] {dag.py:3036} INFO - Sync 1 DAGs
[2025-04-21T17:25:04.501-0400] {logging_mixin.py:188} INFO - [2025-04-21T17:25:04.501-0400] {dag.py:3823} INFO - Setting next_dagrun for tutorial to 2025-04-20 00:00:00+00:00, run_after=2025-04-21 00:00:00+00:00
[2025-04-21T17:25:04.514-0400] {processor.py:183} INFO - Processing /Users/gaurav/Documents/Breast-Cancer-ML-Pipeline/venv/lib/python3.9/site-packages/airflow/example_dags/tutorial.py took 0.106 seconds
[2025-04-21T17:26:20.471-0400] {processor.py:161} INFO - Started process (PID=86836) to work on /Users/gaurav/Documents/Breast-Cancer-ML-Pipeline/venv/lib/python3.9/site-packages/airflow/example_dags/tutorial.py
[2025-04-21T17:26:20.472-0400] {processor.py:830} INFO - Processing file /Users/gaurav/Documents/Breast-Cancer-ML-Pipeline/venv/lib/python3.9/site-packages/airflow/example_dags/tutorial.py for tasks to queue
[2025-04-21T17:26:20.473-0400] {logging_mixin.py:188} INFO - [2025-04-21T17:26:20.473-0400] {dagbag.py:538} INFO - Filling up the DagBag from /Users/gaurav/Documents/Breast-Cancer-ML-Pipeline/venv/lib/python3.9/site-packages/airflow/example_dags/tutorial.py
[2025-04-21T17:26:20.478-0400] {processor.py:840} INFO - DAG(s) 'tutorial' retrieved from /Users/gaurav/Documents/Breast-Cancer-ML-Pipeline/venv/lib/python3.9/site-packages/airflow/example_dags/tutorial.py
[2025-04-21T17:26:20.544-0400] {logging_mixin.py:188} INFO - [2025-04-21T17:26:20.544-0400] {dag.py:3036} INFO - Sync 1 DAGs
[2025-04-21T17:26:20.557-0400] {logging_mixin.py:188} INFO - [2025-04-21T17:26:20.557-0400] {dag.py:3823} INFO - Setting next_dagrun for tutorial to 2025-04-20 00:00:00+00:00, run_after=2025-04-21 00:00:00+00:00
[2025-04-21T17:26:20.568-0400] {processor.py:183} INFO - Processing /Users/gaurav/Documents/Breast-Cancer-ML-Pipeline/venv/lib/python3.9/site-packages/airflow/example_dags/tutorial.py took 0.098 seconds
[2025-04-21T17:27:37.641-0400] {processor.py:161} INFO - Started process (PID=86950) to work on /Users/gaurav/Documents/Breast-Cancer-ML-Pipeline/venv/lib/python3.9/site-packages/airflow/example_dags/tutorial.py
[2025-04-21T17:27:37.643-0400] {processor.py:830} INFO - Processing file /Users/gaurav/Documents/Breast-Cancer-ML-Pipeline/venv/lib/python3.9/site-packages/airflow/example_dags/tutorial.py for tasks to queue
[2025-04-21T17:27:37.644-0400] {logging_mixin.py:188} INFO - [2025-04-21T17:27:37.644-0400] {dagbag.py:538} INFO - Filling up the DagBag from /Users/gaurav/Documents/Breast-Cancer-ML-Pipeline/venv/lib/python3.9/site-packages/airflow/example_dags/tutorial.py
[2025-04-21T17:27:37.649-0400] {processor.py:840} INFO - DAG(s) 'tutorial' retrieved from /Users/gaurav/Documents/Breast-Cancer-ML-Pipeline/venv/lib/python3.9/site-packages/airflow/example_dags/tutorial.py
[2025-04-21T17:27:37.719-0400] {logging_mixin.py:188} INFO - [2025-04-21T17:27:37.719-0400] {dag.py:3036} INFO - Sync 1 DAGs
[2025-04-21T17:27:37.732-0400] {logging_mixin.py:188} INFO - [2025-04-21T17:27:37.732-0400] {dag.py:3823} INFO - Setting next_dagrun for tutorial to 2025-04-20 00:00:00+00:00, run_after=2025-04-21 00:00:00+00:00
[2025-04-21T17:27:37.745-0400] {processor.py:183} INFO - Processing /Users/gaurav/Documents/Breast-Cancer-ML-Pipeline/venv/lib/python3.9/site-packages/airflow/example_dags/tutorial.py took 0.104 seconds
[2025-04-21T17:29:12.451-0400] {processor.py:161} INFO - Started process (PID=87099) to work on /Users/gaurav/Documents/Breast-Cancer-ML-Pipeline/venv/lib/python3.9/site-packages/airflow/example_dags/tutorial.py
[2025-04-21T17:29:12.453-0400] {processor.py:830} INFO - Processing file /Users/gaurav/Documents/Breast-Cancer-ML-Pipeline/venv/lib/python3.9/site-packages/airflow/example_dags/tutorial.py for tasks to queue
[2025-04-21T17:29:12.454-0400] {logging_mixin.py:188} INFO - [2025-04-21T17:29:12.453-0400] {dagbag.py:538} INFO - Filling up the DagBag from /Users/gaurav/Documents/Breast-Cancer-ML-Pipeline/venv/lib/python3.9/site-packages/airflow/example_dags/tutorial.py
[2025-04-21T17:29:12.459-0400] {processor.py:840} INFO - DAG(s) 'tutorial' retrieved from /Users/gaurav/Documents/Breast-Cancer-ML-Pipeline/venv/lib/python3.9/site-packages/airflow/example_dags/tutorial.py
[2025-04-21T17:29:12.528-0400] {logging_mixin.py:188} INFO - [2025-04-21T17:29:12.528-0400] {dag.py:3036} INFO - Sync 1 DAGs
[2025-04-21T17:29:12.540-0400] {logging_mixin.py:188} INFO - [2025-04-21T17:29:12.540-0400] {dag.py:3823} INFO - Setting next_dagrun for tutorial to 2025-04-20 00:00:00+00:00, run_after=2025-04-21 00:00:00+00:00
[2025-04-21T17:29:12.553-0400] {processor.py:183} INFO - Processing /Users/gaurav/Documents/Breast-Cancer-ML-Pipeline/venv/lib/python3.9/site-packages/airflow/example_dags/tutorial.py took 0.102 seconds
[2025-04-21T17:30:02.853-0400] {processor.py:161} INFO - Started process (PID=87153) to work on /Users/gaurav/Documents/Breast-Cancer-ML-Pipeline/venv/lib/python3.9/site-packages/airflow/example_dags/tutorial.py
[2025-04-21T17:30:02.855-0400] {processor.py:830} INFO - Processing file /Users/gaurav/Documents/Breast-Cancer-ML-Pipeline/venv/lib/python3.9/site-packages/airflow/example_dags/tutorial.py for tasks to queue
[2025-04-21T17:30:02.856-0400] {logging_mixin.py:188} INFO - [2025-04-21T17:30:02.855-0400] {dagbag.py:538} INFO - Filling up the DagBag from /Users/gaurav/Documents/Breast-Cancer-ML-Pipeline/venv/lib/python3.9/site-packages/airflow/example_dags/tutorial.py
[2025-04-21T17:30:02.862-0400] {processor.py:840} INFO - DAG(s) 'tutorial' retrieved from /Users/gaurav/Documents/Breast-Cancer-ML-Pipeline/venv/lib/python3.9/site-packages/airflow/example_dags/tutorial.py
[2025-04-21T17:30:02.929-0400] {logging_mixin.py:188} INFO - [2025-04-21T17:30:02.929-0400] {dag.py:3036} INFO - Sync 1 DAGs
[2025-04-21T17:30:02.943-0400] {logging_mixin.py:188} INFO - [2025-04-21T17:30:02.943-0400] {dag.py:3823} INFO - Setting next_dagrun for tutorial to 2025-04-20 00:00:00+00:00, run_after=2025-04-21 00:00:00+00:00
[2025-04-21T17:30:02.956-0400] {processor.py:183} INFO - Processing /Users/gaurav/Documents/Breast-Cancer-ML-Pipeline/venv/lib/python3.9/site-packages/airflow/example_dags/tutorial.py took 0.104 seconds
[2025-04-21T17:31:19.440-0400] {processor.py:161} INFO - Started process (PID=87237) to work on /Users/gaurav/Documents/Breast-Cancer-ML-Pipeline/venv/lib/python3.9/site-packages/airflow/example_dags/tutorial.py
[2025-04-21T17:31:19.442-0400] {processor.py:830} INFO - Processing file /Users/gaurav/Documents/Breast-Cancer-ML-Pipeline/venv/lib/python3.9/site-packages/airflow/example_dags/tutorial.py for tasks to queue
[2025-04-21T17:31:19.443-0400] {logging_mixin.py:188} INFO - [2025-04-21T17:31:19.443-0400] {dagbag.py:538} INFO - Filling up the DagBag from /Users/gaurav/Documents/Breast-Cancer-ML-Pipeline/venv/lib/python3.9/site-packages/airflow/example_dags/tutorial.py
[2025-04-21T17:31:19.448-0400] {processor.py:840} INFO - DAG(s) 'tutorial' retrieved from /Users/gaurav/Documents/Breast-Cancer-ML-Pipeline/venv/lib/python3.9/site-packages/airflow/example_dags/tutorial.py
[2025-04-21T17:31:19.512-0400] {logging_mixin.py:188} INFO - [2025-04-21T17:31:19.511-0400] {dag.py:3036} INFO - Sync 1 DAGs
[2025-04-21T17:31:19.523-0400] {logging_mixin.py:188} INFO - [2025-04-21T17:31:19.523-0400] {dag.py:3823} INFO - Setting next_dagrun for tutorial to 2025-04-20 00:00:00+00:00, run_after=2025-04-21 00:00:00+00:00
[2025-04-21T17:31:19.535-0400] {processor.py:183} INFO - Processing /Users/gaurav/Documents/Breast-Cancer-ML-Pipeline/venv/lib/python3.9/site-packages/airflow/example_dags/tutorial.py took 0.096 seconds
[2025-04-21T17:35:41.854-0400] {processor.py:161} INFO - Started process (PID=87458) to work on /Users/gaurav/Documents/Breast-Cancer-ML-Pipeline/venv/lib/python3.9/site-packages/airflow/example_dags/tutorial.py
[2025-04-21T17:35:41.855-0400] {processor.py:830} INFO - Processing file /Users/gaurav/Documents/Breast-Cancer-ML-Pipeline/venv/lib/python3.9/site-packages/airflow/example_dags/tutorial.py for tasks to queue
[2025-04-21T17:35:41.856-0400] {logging_mixin.py:188} INFO - [2025-04-21T17:35:41.856-0400] {dagbag.py:538} INFO - Filling up the DagBag from /Users/gaurav/Documents/Breast-Cancer-ML-Pipeline/venv/lib/python3.9/site-packages/airflow/example_dags/tutorial.py
[2025-04-21T17:35:41.862-0400] {processor.py:840} INFO - DAG(s) 'tutorial' retrieved from /Users/gaurav/Documents/Breast-Cancer-ML-Pipeline/venv/lib/python3.9/site-packages/airflow/example_dags/tutorial.py
[2025-04-21T17:35:41.873-0400] {logging_mixin.py:188} INFO - [2025-04-21T17:35:41.873-0400] {dag.py:3036} INFO - Sync 1 DAGs
[2025-04-21T17:35:41.939-0400] {logging_mixin.py:188} INFO - [2025-04-21T17:35:41.939-0400] {dag.py:3823} INFO - Setting next_dagrun for tutorial to 2025-04-20 00:00:00+00:00, run_after=2025-04-21 00:00:00+00:00
[2025-04-21T17:35:41.953-0400] {processor.py:183} INFO - Processing /Users/gaurav/Documents/Breast-Cancer-ML-Pipeline/venv/lib/python3.9/site-packages/airflow/example_dags/tutorial.py took 0.100 seconds
[2025-04-21T17:38:27.178-0400] {processor.py:161} INFO - Started process (PID=87849) to work on /Users/gaurav/Documents/Breast-Cancer-ML-Pipeline/venv/lib/python3.9/site-packages/airflow/example_dags/tutorial.py
[2025-04-21T17:38:27.179-0400] {processor.py:830} INFO - Processing file /Users/gaurav/Documents/Breast-Cancer-ML-Pipeline/venv/lib/python3.9/site-packages/airflow/example_dags/tutorial.py for tasks to queue
[2025-04-21T17:38:27.180-0400] {logging_mixin.py:188} INFO - [2025-04-21T17:38:27.180-0400] {dagbag.py:538} INFO - Filling up the DagBag from /Users/gaurav/Documents/Breast-Cancer-ML-Pipeline/venv/lib/python3.9/site-packages/airflow/example_dags/tutorial.py
[2025-04-21T17:38:27.185-0400] {processor.py:840} INFO - DAG(s) 'tutorial' retrieved from /Users/gaurav/Documents/Breast-Cancer-ML-Pipeline/venv/lib/python3.9/site-packages/airflow/example_dags/tutorial.py
[2025-04-21T17:38:27.302-0400] {logging_mixin.py:188} INFO - [2025-04-21T17:38:27.302-0400] {dag.py:3036} INFO - Sync 1 DAGs
[2025-04-21T17:38:27.314-0400] {logging_mixin.py:188} INFO - [2025-04-21T17:38:27.314-0400] {dag.py:3823} INFO - Setting next_dagrun for tutorial to 2025-04-20 00:00:00+00:00, run_after=2025-04-21 00:00:00+00:00
[2025-04-21T17:38:27.328-0400] {processor.py:183} INFO - Processing /Users/gaurav/Documents/Breast-Cancer-ML-Pipeline/venv/lib/python3.9/site-packages/airflow/example_dags/tutorial.py took 0.151 seconds
[2025-04-21T17:39:41.862-0400] {processor.py:161} INFO - Started process (PID=87920) to work on /Users/gaurav/Documents/Breast-Cancer-ML-Pipeline/venv/lib/python3.9/site-packages/airflow/example_dags/tutorial.py
[2025-04-21T17:39:41.864-0400] {processor.py:830} INFO - Processing file /Users/gaurav/Documents/Breast-Cancer-ML-Pipeline/venv/lib/python3.9/site-packages/airflow/example_dags/tutorial.py for tasks to queue
[2025-04-21T17:39:41.864-0400] {logging_mixin.py:188} INFO - [2025-04-21T17:39:41.864-0400] {dagbag.py:538} INFO - Filling up the DagBag from /Users/gaurav/Documents/Breast-Cancer-ML-Pipeline/venv/lib/python3.9/site-packages/airflow/example_dags/tutorial.py
[2025-04-21T17:39:41.870-0400] {processor.py:840} INFO - DAG(s) 'tutorial' retrieved from /Users/gaurav/Documents/Breast-Cancer-ML-Pipeline/venv/lib/python3.9/site-packages/airflow/example_dags/tutorial.py
[2025-04-21T17:39:41.934-0400] {logging_mixin.py:188} INFO - [2025-04-21T17:39:41.934-0400] {dag.py:3036} INFO - Sync 1 DAGs
[2025-04-21T17:39:41.947-0400] {logging_mixin.py:188} INFO - [2025-04-21T17:39:41.947-0400] {dag.py:3823} INFO - Setting next_dagrun for tutorial to 2025-04-20 00:00:00+00:00, run_after=2025-04-21 00:00:00+00:00
[2025-04-21T17:39:41.959-0400] {processor.py:183} INFO - Processing /Users/gaurav/Documents/Breast-Cancer-ML-Pipeline/venv/lib/python3.9/site-packages/airflow/example_dags/tutorial.py took 0.098 seconds
[2025-04-21T17:40:59.697-0400] {processor.py:161} INFO - Started process (PID=88052) to work on /Users/gaurav/Documents/Breast-Cancer-ML-Pipeline/venv/lib/python3.9/site-packages/airflow/example_dags/tutorial.py
[2025-04-21T17:40:59.700-0400] {processor.py:830} INFO - Processing file /Users/gaurav/Documents/Breast-Cancer-ML-Pipeline/venv/lib/python3.9/site-packages/airflow/example_dags/tutorial.py for tasks to queue
[2025-04-21T17:40:59.700-0400] {logging_mixin.py:188} INFO - [2025-04-21T17:40:59.700-0400] {dagbag.py:538} INFO - Filling up the DagBag from /Users/gaurav/Documents/Breast-Cancer-ML-Pipeline/venv/lib/python3.9/site-packages/airflow/example_dags/tutorial.py
[2025-04-21T17:40:59.706-0400] {processor.py:840} INFO - DAG(s) 'tutorial' retrieved from /Users/gaurav/Documents/Breast-Cancer-ML-Pipeline/venv/lib/python3.9/site-packages/airflow/example_dags/tutorial.py
[2025-04-21T17:40:59.773-0400] {logging_mixin.py:188} INFO - [2025-04-21T17:40:59.773-0400] {dag.py:3036} INFO - Sync 1 DAGs
[2025-04-21T17:40:59.787-0400] {logging_mixin.py:188} INFO - [2025-04-21T17:40:59.787-0400] {dag.py:3823} INFO - Setting next_dagrun for tutorial to 2025-04-20 00:00:00+00:00, run_after=2025-04-21 00:00:00+00:00
[2025-04-21T17:40:59.801-0400] {processor.py:183} INFO - Processing /Users/gaurav/Documents/Breast-Cancer-ML-Pipeline/venv/lib/python3.9/site-packages/airflow/example_dags/tutorial.py took 0.105 seconds
[2025-04-21T17:42:00.266-0400] {processor.py:161} INFO - Started process (PID=88136) to work on /Users/gaurav/Documents/Breast-Cancer-ML-Pipeline/venv/lib/python3.9/site-packages/airflow/example_dags/tutorial.py
[2025-04-21T17:42:00.267-0400] {processor.py:830} INFO - Processing file /Users/gaurav/Documents/Breast-Cancer-ML-Pipeline/venv/lib/python3.9/site-packages/airflow/example_dags/tutorial.py for tasks to queue
[2025-04-21T17:42:00.268-0400] {logging_mixin.py:188} INFO - [2025-04-21T17:42:00.268-0400] {dagbag.py:538} INFO - Filling up the DagBag from /Users/gaurav/Documents/Breast-Cancer-ML-Pipeline/venv/lib/python3.9/site-packages/airflow/example_dags/tutorial.py
[2025-04-21T17:42:00.273-0400] {processor.py:840} INFO - DAG(s) 'tutorial' retrieved from /Users/gaurav/Documents/Breast-Cancer-ML-Pipeline/venv/lib/python3.9/site-packages/airflow/example_dags/tutorial.py
[2025-04-21T17:42:00.336-0400] {logging_mixin.py:188} INFO - [2025-04-21T17:42:00.336-0400] {dag.py:3036} INFO - Sync 1 DAGs
[2025-04-21T17:42:00.348-0400] {logging_mixin.py:188} INFO - [2025-04-21T17:42:00.347-0400] {dag.py:3823} INFO - Setting next_dagrun for tutorial to 2025-04-20 00:00:00+00:00, run_after=2025-04-21 00:00:00+00:00
[2025-04-21T17:42:00.360-0400] {processor.py:183} INFO - Processing /Users/gaurav/Documents/Breast-Cancer-ML-Pipeline/venv/lib/python3.9/site-packages/airflow/example_dags/tutorial.py took 0.094 seconds
[2025-04-21T17:43:11.451-0400] {processor.py:161} INFO - Started process (PID=88215) to work on /Users/gaurav/Documents/Breast-Cancer-ML-Pipeline/venv/lib/python3.9/site-packages/airflow/example_dags/tutorial.py
[2025-04-21T17:43:11.452-0400] {processor.py:830} INFO - Processing file /Users/gaurav/Documents/Breast-Cancer-ML-Pipeline/venv/lib/python3.9/site-packages/airflow/example_dags/tutorial.py for tasks to queue
[2025-04-21T17:43:11.453-0400] {logging_mixin.py:188} INFO - [2025-04-21T17:43:11.453-0400] {dagbag.py:538} INFO - Filling up the DagBag from /Users/gaurav/Documents/Breast-Cancer-ML-Pipeline/venv/lib/python3.9/site-packages/airflow/example_dags/tutorial.py
[2025-04-21T17:43:11.458-0400] {processor.py:840} INFO - DAG(s) 'tutorial' retrieved from /Users/gaurav/Documents/Breast-Cancer-ML-Pipeline/venv/lib/python3.9/site-packages/airflow/example_dags/tutorial.py
[2025-04-21T17:43:11.524-0400] {logging_mixin.py:188} INFO - [2025-04-21T17:43:11.523-0400] {dag.py:3036} INFO - Sync 1 DAGs
[2025-04-21T17:43:11.537-0400] {logging_mixin.py:188} INFO - [2025-04-21T17:43:11.537-0400] {dag.py:3823} INFO - Setting next_dagrun for tutorial to 2025-04-20 00:00:00+00:00, run_after=2025-04-21 00:00:00+00:00
[2025-04-21T17:43:11.548-0400] {processor.py:183} INFO - Processing /Users/gaurav/Documents/Breast-Cancer-ML-Pipeline/venv/lib/python3.9/site-packages/airflow/example_dags/tutorial.py took 0.099 seconds
[2025-04-21T17:44:23.266-0400] {processor.py:161} INFO - Started process (PID=88305) to work on /Users/gaurav/Documents/Breast-Cancer-ML-Pipeline/venv/lib/python3.9/site-packages/airflow/example_dags/tutorial.py
[2025-04-21T17:44:23.269-0400] {processor.py:830} INFO - Processing file /Users/gaurav/Documents/Breast-Cancer-ML-Pipeline/venv/lib/python3.9/site-packages/airflow/example_dags/tutorial.py for tasks to queue
[2025-04-21T17:44:23.269-0400] {logging_mixin.py:188} INFO - [2025-04-21T17:44:23.269-0400] {dagbag.py:538} INFO - Filling up the DagBag from /Users/gaurav/Documents/Breast-Cancer-ML-Pipeline/venv/lib/python3.9/site-packages/airflow/example_dags/tutorial.py
[2025-04-21T17:44:23.274-0400] {processor.py:840} INFO - DAG(s) 'tutorial' retrieved from /Users/gaurav/Documents/Breast-Cancer-ML-Pipeline/venv/lib/python3.9/site-packages/airflow/example_dags/tutorial.py
[2025-04-21T17:44:23.339-0400] {logging_mixin.py:188} INFO - [2025-04-21T17:44:23.339-0400] {dag.py:3036} INFO - Sync 1 DAGs
[2025-04-21T17:44:23.351-0400] {logging_mixin.py:188} INFO - [2025-04-21T17:44:23.351-0400] {dag.py:3823} INFO - Setting next_dagrun for tutorial to 2025-04-20 00:00:00+00:00, run_after=2025-04-21 00:00:00+00:00
[2025-04-21T17:44:23.362-0400] {processor.py:183} INFO - Processing /Users/gaurav/Documents/Breast-Cancer-ML-Pipeline/venv/lib/python3.9/site-packages/airflow/example_dags/tutorial.py took 0.097 seconds
[2025-04-21T17:45:22.666-0400] {processor.py:161} INFO - Started process (PID=88392) to work on /Users/gaurav/Documents/Breast-Cancer-ML-Pipeline/venv/lib/python3.9/site-packages/airflow/example_dags/tutorial.py
[2025-04-21T17:45:22.668-0400] {processor.py:830} INFO - Processing file /Users/gaurav/Documents/Breast-Cancer-ML-Pipeline/venv/lib/python3.9/site-packages/airflow/example_dags/tutorial.py for tasks to queue
[2025-04-21T17:45:22.668-0400] {logging_mixin.py:188} INFO - [2025-04-21T17:45:22.668-0400] {dagbag.py:538} INFO - Filling up the DagBag from /Users/gaurav/Documents/Breast-Cancer-ML-Pipeline/venv/lib/python3.9/site-packages/airflow/example_dags/tutorial.py
[2025-04-21T17:45:22.672-0400] {processor.py:840} INFO - DAG(s) 'tutorial' retrieved from /Users/gaurav/Documents/Breast-Cancer-ML-Pipeline/venv/lib/python3.9/site-packages/airflow/example_dags/tutorial.py
[2025-04-21T17:45:22.725-0400] {logging_mixin.py:188} INFO - [2025-04-21T17:45:22.724-0400] {dag.py:3036} INFO - Sync 1 DAGs
[2025-04-21T17:45:22.734-0400] {logging_mixin.py:188} INFO - [2025-04-21T17:45:22.733-0400] {dag.py:3823} INFO - Setting next_dagrun for tutorial to 2025-04-20 00:00:00+00:00, run_after=2025-04-21 00:00:00+00:00
[2025-04-21T17:45:22.743-0400] {processor.py:183} INFO - Processing /Users/gaurav/Documents/Breast-Cancer-ML-Pipeline/venv/lib/python3.9/site-packages/airflow/example_dags/tutorial.py took 0.077 seconds
[2025-04-21T17:46:10.106-0400] {processor.py:161} INFO - Started process (PID=88514) to work on /Users/gaurav/Documents/Breast-Cancer-ML-Pipeline/venv/lib/python3.9/site-packages/airflow/example_dags/tutorial.py
[2025-04-21T17:46:10.108-0400] {processor.py:830} INFO - Processing file /Users/gaurav/Documents/Breast-Cancer-ML-Pipeline/venv/lib/python3.9/site-packages/airflow/example_dags/tutorial.py for tasks to queue
[2025-04-21T17:46:10.108-0400] {logging_mixin.py:188} INFO - [2025-04-21T17:46:10.108-0400] {dagbag.py:538} INFO - Filling up the DagBag from /Users/gaurav/Documents/Breast-Cancer-ML-Pipeline/venv/lib/python3.9/site-packages/airflow/example_dags/tutorial.py
[2025-04-21T17:46:10.112-0400] {processor.py:840} INFO - DAG(s) 'tutorial' retrieved from /Users/gaurav/Documents/Breast-Cancer-ML-Pipeline/venv/lib/python3.9/site-packages/airflow/example_dags/tutorial.py
[2025-04-21T17:46:10.165-0400] {logging_mixin.py:188} INFO - [2025-04-21T17:46:10.165-0400] {dag.py:3036} INFO - Sync 1 DAGs
[2025-04-21T17:46:10.174-0400] {logging_mixin.py:188} INFO - [2025-04-21T17:46:10.174-0400] {dag.py:3823} INFO - Setting next_dagrun for tutorial to 2025-04-20 00:00:00+00:00, run_after=2025-04-21 00:00:00+00:00
[2025-04-21T17:46:10.185-0400] {processor.py:183} INFO - Processing /Users/gaurav/Documents/Breast-Cancer-ML-Pipeline/venv/lib/python3.9/site-packages/airflow/example_dags/tutorial.py took 0.079 seconds
[2025-04-21T17:47:07.818-0400] {processor.py:161} INFO - Started process (PID=88587) to work on /Users/gaurav/Documents/Breast-Cancer-ML-Pipeline/venv/lib/python3.9/site-packages/airflow/example_dags/tutorial.py
[2025-04-21T17:47:07.819-0400] {processor.py:830} INFO - Processing file /Users/gaurav/Documents/Breast-Cancer-ML-Pipeline/venv/lib/python3.9/site-packages/airflow/example_dags/tutorial.py for tasks to queue
[2025-04-21T17:47:07.819-0400] {logging_mixin.py:188} INFO - [2025-04-21T17:47:07.819-0400] {dagbag.py:538} INFO - Filling up the DagBag from /Users/gaurav/Documents/Breast-Cancer-ML-Pipeline/venv/lib/python3.9/site-packages/airflow/example_dags/tutorial.py
[2025-04-21T17:47:07.823-0400] {processor.py:840} INFO - DAG(s) 'tutorial' retrieved from /Users/gaurav/Documents/Breast-Cancer-ML-Pipeline/venv/lib/python3.9/site-packages/airflow/example_dags/tutorial.py
[2025-04-21T17:47:07.877-0400] {logging_mixin.py:188} INFO - [2025-04-21T17:47:07.877-0400] {dag.py:3036} INFO - Sync 1 DAGs
[2025-04-21T17:47:07.887-0400] {logging_mixin.py:188} INFO - [2025-04-21T17:47:07.887-0400] {dag.py:3823} INFO - Setting next_dagrun for tutorial to 2025-04-20 00:00:00+00:00, run_after=2025-04-21 00:00:00+00:00
[2025-04-21T17:47:07.896-0400] {processor.py:183} INFO - Processing /Users/gaurav/Documents/Breast-Cancer-ML-Pipeline/venv/lib/python3.9/site-packages/airflow/example_dags/tutorial.py took 0.080 seconds
[2025-04-21T17:47:57.324-0400] {processor.py:161} INFO - Started process (PID=88650) to work on /Users/gaurav/Documents/Breast-Cancer-ML-Pipeline/venv/lib/python3.9/site-packages/airflow/example_dags/tutorial.py
[2025-04-21T17:47:57.325-0400] {processor.py:830} INFO - Processing file /Users/gaurav/Documents/Breast-Cancer-ML-Pipeline/venv/lib/python3.9/site-packages/airflow/example_dags/tutorial.py for tasks to queue
[2025-04-21T17:47:57.326-0400] {logging_mixin.py:188} INFO - [2025-04-21T17:47:57.326-0400] {dagbag.py:538} INFO - Filling up the DagBag from /Users/gaurav/Documents/Breast-Cancer-ML-Pipeline/venv/lib/python3.9/site-packages/airflow/example_dags/tutorial.py
[2025-04-21T17:47:57.331-0400] {processor.py:840} INFO - DAG(s) 'tutorial' retrieved from /Users/gaurav/Documents/Breast-Cancer-ML-Pipeline/venv/lib/python3.9/site-packages/airflow/example_dags/tutorial.py
[2025-04-21T17:47:57.383-0400] {logging_mixin.py:188} INFO - [2025-04-21T17:47:57.383-0400] {dag.py:3036} INFO - Sync 1 DAGs
[2025-04-21T17:47:57.392-0400] {logging_mixin.py:188} INFO - [2025-04-21T17:47:57.392-0400] {dag.py:3823} INFO - Setting next_dagrun for tutorial to 2025-04-20 00:00:00+00:00, run_after=2025-04-21 00:00:00+00:00
[2025-04-21T17:47:57.401-0400] {processor.py:183} INFO - Processing /Users/gaurav/Documents/Breast-Cancer-ML-Pipeline/venv/lib/python3.9/site-packages/airflow/example_dags/tutorial.py took 0.078 seconds
[2025-04-21T17:48:42.185-0400] {processor.py:161} INFO - Started process (PID=88717) to work on /Users/gaurav/Documents/Breast-Cancer-ML-Pipeline/venv/lib/python3.9/site-packages/airflow/example_dags/tutorial.py
[2025-04-21T17:48:42.187-0400] {processor.py:830} INFO - Processing file /Users/gaurav/Documents/Breast-Cancer-ML-Pipeline/venv/lib/python3.9/site-packages/airflow/example_dags/tutorial.py for tasks to queue
[2025-04-21T17:48:42.187-0400] {logging_mixin.py:188} INFO - [2025-04-21T17:48:42.187-0400] {dagbag.py:538} INFO - Filling up the DagBag from /Users/gaurav/Documents/Breast-Cancer-ML-Pipeline/venv/lib/python3.9/site-packages/airflow/example_dags/tutorial.py
[2025-04-21T17:48:42.191-0400] {processor.py:840} INFO - DAG(s) 'tutorial' retrieved from /Users/gaurav/Documents/Breast-Cancer-ML-Pipeline/venv/lib/python3.9/site-packages/airflow/example_dags/tutorial.py
[2025-04-21T17:48:42.240-0400] {logging_mixin.py:188} INFO - [2025-04-21T17:48:42.240-0400] {dag.py:3036} INFO - Sync 1 DAGs
[2025-04-21T17:48:42.249-0400] {logging_mixin.py:188} INFO - [2025-04-21T17:48:42.249-0400] {dag.py:3823} INFO - Setting next_dagrun for tutorial to 2025-04-20 00:00:00+00:00, run_after=2025-04-21 00:00:00+00:00
[2025-04-21T17:48:42.258-0400] {processor.py:183} INFO - Processing /Users/gaurav/Documents/Breast-Cancer-ML-Pipeline/venv/lib/python3.9/site-packages/airflow/example_dags/tutorial.py took 0.074 seconds
[2025-04-21T17:49:24.627-0400] {processor.py:161} INFO - Started process (PID=88774) to work on /Users/gaurav/Documents/Breast-Cancer-ML-Pipeline/venv/lib/python3.9/site-packages/airflow/example_dags/tutorial.py
[2025-04-21T17:49:24.628-0400] {processor.py:830} INFO - Processing file /Users/gaurav/Documents/Breast-Cancer-ML-Pipeline/venv/lib/python3.9/site-packages/airflow/example_dags/tutorial.py for tasks to queue
[2025-04-21T17:49:24.629-0400] {logging_mixin.py:188} INFO - [2025-04-21T17:49:24.629-0400] {dagbag.py:538} INFO - Filling up the DagBag from /Users/gaurav/Documents/Breast-Cancer-ML-Pipeline/venv/lib/python3.9/site-packages/airflow/example_dags/tutorial.py
[2025-04-21T17:49:24.633-0400] {processor.py:840} INFO - DAG(s) 'tutorial' retrieved from /Users/gaurav/Documents/Breast-Cancer-ML-Pipeline/venv/lib/python3.9/site-packages/airflow/example_dags/tutorial.py
[2025-04-21T17:49:24.682-0400] {logging_mixin.py:188} INFO - [2025-04-21T17:49:24.682-0400] {dag.py:3036} INFO - Sync 1 DAGs
[2025-04-21T17:49:24.691-0400] {logging_mixin.py:188} INFO - [2025-04-21T17:49:24.691-0400] {dag.py:3823} INFO - Setting next_dagrun for tutorial to 2025-04-20 00:00:00+00:00, run_after=2025-04-21 00:00:00+00:00
[2025-04-21T17:49:24.701-0400] {processor.py:183} INFO - Processing /Users/gaurav/Documents/Breast-Cancer-ML-Pipeline/venv/lib/python3.9/site-packages/airflow/example_dags/tutorial.py took 0.075 seconds
[2025-04-21T17:50:09.172-0400] {processor.py:161} INFO - Started process (PID=88832) to work on /Users/gaurav/Documents/Breast-Cancer-ML-Pipeline/venv/lib/python3.9/site-packages/airflow/example_dags/tutorial.py
[2025-04-21T17:50:09.173-0400] {processor.py:830} INFO - Processing file /Users/gaurav/Documents/Breast-Cancer-ML-Pipeline/venv/lib/python3.9/site-packages/airflow/example_dags/tutorial.py for tasks to queue
[2025-04-21T17:50:09.174-0400] {logging_mixin.py:188} INFO - [2025-04-21T17:50:09.174-0400] {dagbag.py:538} INFO - Filling up the DagBag from /Users/gaurav/Documents/Breast-Cancer-ML-Pipeline/venv/lib/python3.9/site-packages/airflow/example_dags/tutorial.py
[2025-04-21T17:50:09.179-0400] {processor.py:840} INFO - DAG(s) 'tutorial' retrieved from /Users/gaurav/Documents/Breast-Cancer-ML-Pipeline/venv/lib/python3.9/site-packages/airflow/example_dags/tutorial.py
[2025-04-21T17:50:09.234-0400] {logging_mixin.py:188} INFO - [2025-04-21T17:50:09.234-0400] {dag.py:3036} INFO - Sync 1 DAGs
[2025-04-21T17:50:09.245-0400] {logging_mixin.py:188} INFO - [2025-04-21T17:50:09.245-0400] {dag.py:3823} INFO - Setting next_dagrun for tutorial to 2025-04-20 00:00:00+00:00, run_after=2025-04-21 00:00:00+00:00
[2025-04-21T17:50:09.256-0400] {processor.py:183} INFO - Processing /Users/gaurav/Documents/Breast-Cancer-ML-Pipeline/venv/lib/python3.9/site-packages/airflow/example_dags/tutorial.py took 0.084 seconds
[2025-04-21T17:51:02.319-0400] {processor.py:161} INFO - Started process (PID=88906) to work on /Users/gaurav/Documents/Breast-Cancer-ML-Pipeline/venv/lib/python3.9/site-packages/airflow/example_dags/tutorial.py
[2025-04-21T17:51:02.321-0400] {processor.py:830} INFO - Processing file /Users/gaurav/Documents/Breast-Cancer-ML-Pipeline/venv/lib/python3.9/site-packages/airflow/example_dags/tutorial.py for tasks to queue
[2025-04-21T17:51:02.321-0400] {logging_mixin.py:188} INFO - [2025-04-21T17:51:02.321-0400] {dagbag.py:538} INFO - Filling up the DagBag from /Users/gaurav/Documents/Breast-Cancer-ML-Pipeline/venv/lib/python3.9/site-packages/airflow/example_dags/tutorial.py
[2025-04-21T17:51:02.326-0400] {processor.py:840} INFO - DAG(s) 'tutorial' retrieved from /Users/gaurav/Documents/Breast-Cancer-ML-Pipeline/venv/lib/python3.9/site-packages/airflow/example_dags/tutorial.py
[2025-04-21T17:51:02.377-0400] {logging_mixin.py:188} INFO - [2025-04-21T17:51:02.376-0400] {dag.py:3036} INFO - Sync 1 DAGs
[2025-04-21T17:51:02.387-0400] {logging_mixin.py:188} INFO - [2025-04-21T17:51:02.387-0400] {dag.py:3823} INFO - Setting next_dagrun for tutorial to 2025-04-20 00:00:00+00:00, run_after=2025-04-21 00:00:00+00:00
[2025-04-21T17:51:02.398-0400] {processor.py:183} INFO - Processing /Users/gaurav/Documents/Breast-Cancer-ML-Pipeline/venv/lib/python3.9/site-packages/airflow/example_dags/tutorial.py took 0.079 seconds
[2025-04-21T17:51:53.817-0400] {processor.py:161} INFO - Started process (PID=88983) to work on /Users/gaurav/Documents/Breast-Cancer-ML-Pipeline/venv/lib/python3.9/site-packages/airflow/example_dags/tutorial.py
[2025-04-21T17:51:53.819-0400] {processor.py:830} INFO - Processing file /Users/gaurav/Documents/Breast-Cancer-ML-Pipeline/venv/lib/python3.9/site-packages/airflow/example_dags/tutorial.py for tasks to queue
[2025-04-21T17:51:53.819-0400] {logging_mixin.py:188} INFO - [2025-04-21T17:51:53.819-0400] {dagbag.py:538} INFO - Filling up the DagBag from /Users/gaurav/Documents/Breast-Cancer-ML-Pipeline/venv/lib/python3.9/site-packages/airflow/example_dags/tutorial.py
[2025-04-21T17:51:53.824-0400] {processor.py:840} INFO - DAG(s) 'tutorial' retrieved from /Users/gaurav/Documents/Breast-Cancer-ML-Pipeline/venv/lib/python3.9/site-packages/airflow/example_dags/tutorial.py
[2025-04-21T17:51:53.879-0400] {logging_mixin.py:188} INFO - [2025-04-21T17:51:53.879-0400] {dag.py:3036} INFO - Sync 1 DAGs
[2025-04-21T17:51:53.890-0400] {logging_mixin.py:188} INFO - [2025-04-21T17:51:53.889-0400] {dag.py:3823} INFO - Setting next_dagrun for tutorial to 2025-04-20 00:00:00+00:00, run_after=2025-04-21 00:00:00+00:00
[2025-04-21T17:51:53.901-0400] {processor.py:183} INFO - Processing /Users/gaurav/Documents/Breast-Cancer-ML-Pipeline/venv/lib/python3.9/site-packages/airflow/example_dags/tutorial.py took 0.085 seconds
[2025-04-21T17:52:47.686-0400] {processor.py:161} INFO - Started process (PID=89056) to work on /Users/gaurav/Documents/Breast-Cancer-ML-Pipeline/venv/lib/python3.9/site-packages/airflow/example_dags/tutorial.py
[2025-04-21T17:52:47.687-0400] {processor.py:830} INFO - Processing file /Users/gaurav/Documents/Breast-Cancer-ML-Pipeline/venv/lib/python3.9/site-packages/airflow/example_dags/tutorial.py for tasks to queue
[2025-04-21T17:52:47.688-0400] {logging_mixin.py:188} INFO - [2025-04-21T17:52:47.687-0400] {dagbag.py:538} INFO - Filling up the DagBag from /Users/gaurav/Documents/Breast-Cancer-ML-Pipeline/venv/lib/python3.9/site-packages/airflow/example_dags/tutorial.py
[2025-04-21T17:52:47.692-0400] {processor.py:840} INFO - DAG(s) 'tutorial' retrieved from /Users/gaurav/Documents/Breast-Cancer-ML-Pipeline/venv/lib/python3.9/site-packages/airflow/example_dags/tutorial.py
[2025-04-21T17:52:47.746-0400] {logging_mixin.py:188} INFO - [2025-04-21T17:52:47.746-0400] {dag.py:3036} INFO - Sync 1 DAGs
[2025-04-21T17:52:47.756-0400] {logging_mixin.py:188} INFO - [2025-04-21T17:52:47.756-0400] {dag.py:3823} INFO - Setting next_dagrun for tutorial to 2025-04-20 00:00:00+00:00, run_after=2025-04-21 00:00:00+00:00
[2025-04-21T17:52:47.767-0400] {processor.py:183} INFO - Processing /Users/gaurav/Documents/Breast-Cancer-ML-Pipeline/venv/lib/python3.9/site-packages/airflow/example_dags/tutorial.py took 0.082 seconds
[2025-04-21T17:53:36.646-0400] {processor.py:161} INFO - Started process (PID=89118) to work on /Users/gaurav/Documents/Breast-Cancer-ML-Pipeline/venv/lib/python3.9/site-packages/airflow/example_dags/tutorial.py
[2025-04-21T17:53:36.648-0400] {processor.py:830} INFO - Processing file /Users/gaurav/Documents/Breast-Cancer-ML-Pipeline/venv/lib/python3.9/site-packages/airflow/example_dags/tutorial.py for tasks to queue
[2025-04-21T17:53:36.648-0400] {logging_mixin.py:188} INFO - [2025-04-21T17:53:36.648-0400] {dagbag.py:538} INFO - Filling up the DagBag from /Users/gaurav/Documents/Breast-Cancer-ML-Pipeline/venv/lib/python3.9/site-packages/airflow/example_dags/tutorial.py
[2025-04-21T17:53:36.652-0400] {processor.py:840} INFO - DAG(s) 'tutorial' retrieved from /Users/gaurav/Documents/Breast-Cancer-ML-Pipeline/venv/lib/python3.9/site-packages/airflow/example_dags/tutorial.py
[2025-04-21T17:53:36.703-0400] {logging_mixin.py:188} INFO - [2025-04-21T17:53:36.703-0400] {dag.py:3036} INFO - Sync 1 DAGs
[2025-04-21T17:53:36.712-0400] {logging_mixin.py:188} INFO - [2025-04-21T17:53:36.712-0400] {dag.py:3823} INFO - Setting next_dagrun for tutorial to 2025-04-20 00:00:00+00:00, run_after=2025-04-21 00:00:00+00:00
[2025-04-21T17:53:36.721-0400] {processor.py:183} INFO - Processing /Users/gaurav/Documents/Breast-Cancer-ML-Pipeline/venv/lib/python3.9/site-packages/airflow/example_dags/tutorial.py took 0.076 seconds
[2025-04-21T17:54:29.641-0400] {processor.py:161} INFO - Started process (PID=89198) to work on /Users/gaurav/Documents/Breast-Cancer-ML-Pipeline/venv/lib/python3.9/site-packages/airflow/example_dags/tutorial.py
[2025-04-21T17:54:29.642-0400] {processor.py:830} INFO - Processing file /Users/gaurav/Documents/Breast-Cancer-ML-Pipeline/venv/lib/python3.9/site-packages/airflow/example_dags/tutorial.py for tasks to queue
[2025-04-21T17:54:29.643-0400] {logging_mixin.py:188} INFO - [2025-04-21T17:54:29.643-0400] {dagbag.py:538} INFO - Filling up the DagBag from /Users/gaurav/Documents/Breast-Cancer-ML-Pipeline/venv/lib/python3.9/site-packages/airflow/example_dags/tutorial.py
[2025-04-21T17:54:29.647-0400] {processor.py:840} INFO - DAG(s) 'tutorial' retrieved from /Users/gaurav/Documents/Breast-Cancer-ML-Pipeline/venv/lib/python3.9/site-packages/airflow/example_dags/tutorial.py
[2025-04-21T17:54:29.698-0400] {logging_mixin.py:188} INFO - [2025-04-21T17:54:29.698-0400] {dag.py:3036} INFO - Sync 1 DAGs
[2025-04-21T17:54:29.707-0400] {logging_mixin.py:188} INFO - [2025-04-21T17:54:29.707-0400] {dag.py:3823} INFO - Setting next_dagrun for tutorial to 2025-04-20 00:00:00+00:00, run_after=2025-04-21 00:00:00+00:00
[2025-04-21T17:54:29.717-0400] {processor.py:183} INFO - Processing /Users/gaurav/Documents/Breast-Cancer-ML-Pipeline/venv/lib/python3.9/site-packages/airflow/example_dags/tutorial.py took 0.077 seconds
[2025-04-21T17:55:23.744-0400] {processor.py:161} INFO - Started process (PID=89347) to work on /Users/gaurav/Documents/Breast-Cancer-ML-Pipeline/venv/lib/python3.9/site-packages/airflow/example_dags/tutorial.py
[2025-04-21T17:55:23.745-0400] {processor.py:830} INFO - Processing file /Users/gaurav/Documents/Breast-Cancer-ML-Pipeline/venv/lib/python3.9/site-packages/airflow/example_dags/tutorial.py for tasks to queue
[2025-04-21T17:55:23.745-0400] {logging_mixin.py:188} INFO - [2025-04-21T17:55:23.745-0400] {dagbag.py:538} INFO - Filling up the DagBag from /Users/gaurav/Documents/Breast-Cancer-ML-Pipeline/venv/lib/python3.9/site-packages/airflow/example_dags/tutorial.py
[2025-04-21T17:55:23.750-0400] {processor.py:840} INFO - DAG(s) 'tutorial' retrieved from /Users/gaurav/Documents/Breast-Cancer-ML-Pipeline/venv/lib/python3.9/site-packages/airflow/example_dags/tutorial.py
[2025-04-21T17:55:23.804-0400] {logging_mixin.py:188} INFO - [2025-04-21T17:55:23.804-0400] {dag.py:3036} INFO - Sync 1 DAGs
[2025-04-21T17:55:23.813-0400] {logging_mixin.py:188} INFO - [2025-04-21T17:55:23.813-0400] {dag.py:3823} INFO - Setting next_dagrun for tutorial to 2025-04-20 00:00:00+00:00, run_after=2025-04-21 00:00:00+00:00
[2025-04-21T17:55:23.823-0400] {processor.py:183} INFO - Processing /Users/gaurav/Documents/Breast-Cancer-ML-Pipeline/venv/lib/python3.9/site-packages/airflow/example_dags/tutorial.py took 0.080 seconds
