[2025-04-21T16:56:07.991-0400] {taskinstance.py:1956} INFO - Dependencies all met for dep_context=non-requeueable deps ti=<TaskInstance: breast_cancer_weekly_retrain.ingest_data scheduled__2025-04-13T00:00:00+00:00 [queued]>
[2025-04-21T16:56:07.994-0400] {taskinstance.py:1956} INFO - Dependencies all met for dep_context=requeueable deps ti=<TaskInstance: breast_cancer_weekly_retrain.ingest_data scheduled__2025-04-13T00:00:00+00:00 [queued]>
[2025-04-21T16:56:07.995-0400] {taskinstance.py:2170} INFO - Starting attempt 2 of 3
[2025-04-21T16:56:08.004-0400] {taskinstance.py:2191} INFO - Executing <Task(BashOperator): ingest_data> on 2025-04-13 00:00:00+00:00
[2025-04-21T16:56:08.022-0400] {standard_task_runner.py:60} INFO - Started process 84660 to run task
[2025-04-21T16:56:08.028-0400] {standard_task_runner.py:87} INFO - Running: ['airflow', 'tasks', 'run', 'breast_cancer_weekly_retrain', 'ingest_data', 'scheduled__2025-04-13T00:00:00+00:00', '--job-id', '11', '--raw', '--subdir', 'DAGS_FOLDER/breast_cancer_retrain_dag.py', '--cfg-path', '/var/folders/xh/nzdhwdsn5tl09sb1dpsfz0r40000gn/T/tmpnmoa_ybu']
[2025-04-21T16:56:08.031-0400] {standard_task_runner.py:88} INFO - Job 11: Subtask ingest_data
[2025-04-21T16:56:08.064-0400] {task_command.py:423} INFO - Running <TaskInstance: breast_cancer_weekly_retrain.ingest_data scheduled__2025-04-13T00:00:00+00:00 [running]> on host gauravs-macbook-pro.local
[2025-04-21T16:56:08.103-0400] {taskinstance.py:2480} INFO - Exporting env vars: AIRFLOW_CTX_DAG_OWNER='gaurav' AIRFLOW_CTX_DAG_ID='breast_cancer_weekly_retrain' AIRFLOW_CTX_TASK_ID='ingest_data' AIRFLOW_CTX_EXECUTION_DATE='2025-04-13T00:00:00+00:00' AIRFLOW_CTX_TRY_NUMBER='2' AIRFLOW_CTX_DAG_RUN_ID='scheduled__2025-04-13T00:00:00+00:00'
[2025-04-21T16:56:08.104-0400] {subprocess.py:63} INFO - Tmp dir root location: /var/folders/xh/nzdhwdsn5tl09sb1dpsfz0r40000gn/T
[2025-04-21T16:56:08.105-0400] {subprocess.py:75} INFO - Running command: ['/bin/bash', '-c', 'ls -l /Users/gaurav/Documents/Breast-Cancer-ML-Pipeline']
[2025-04-21T16:56:08.126-0400] {subprocess.py:86} INFO - Output:
[2025-04-21T16:56:08.157-0400] {subprocess.py:93} INFO - total 36424
[2025-04-21T16:56:08.157-0400] {subprocess.py:93} INFO - -rw-r--r--@  1 gaurav  staff  18468828 Apr 20 19:46 ProjectCS6140Gaurav(Group18).ipynb
[2025-04-21T16:56:08.158-0400] {subprocess.py:93} INFO - drwxr-xr-x   5 gaurav  staff       160 Apr 21 13:15 __pycache__
[2025-04-21T16:56:08.158-0400] {subprocess.py:93} INFO - drwxr-xr-x  10 gaurav  staff       320 Apr 21 16:56 airflow
[2025-04-21T16:56:08.158-0400] {subprocess.py:93} INFO - drwxr-xr-x   4 gaurav  staff       128 Apr 21 12:39 api
[2025-04-21T16:56:08.158-0400] {subprocess.py:93} INFO - -rw-r--r--@  1 gaurav  staff       683 Apr 21 13:15 app.py
[2025-04-21T16:56:08.159-0400] {subprocess.py:93} INFO - drwxr-xr-x   9 gaurav  staff       288 Apr 21 00:12 artifacts
[2025-04-21T16:56:08.159-0400] {subprocess.py:93} INFO - -rw-r--r--@  1 gaurav  staff      3038 Apr 21 15:01 breastcancer_fastapi_dashboard_fixed.json
[2025-04-21T16:56:08.159-0400] {subprocess.py:93} INFO - -rw-r--r--@  1 gaurav  staff      3017 Apr 21 15:13 breastcancer_fastapi_dashboard_prometheus_fixed.json
[2025-04-21T16:56:08.160-0400] {subprocess.py:93} INFO - drwxr-xr-x   6 gaurav  staff       192 Apr 21 15:22 data
[2025-04-21T16:56:08.160-0400] {subprocess.py:93} INFO - -rw-r--r--@  1 gaurav  staff      1244 Apr 20 23:56 data_preprocessing.py
[2025-04-21T16:56:08.160-0400] {subprocess.py:93} INFO - -rw-r--r--@  1 gaurav  staff      1576 Apr 21 00:51 explainability.py
[2025-04-21T16:56:08.160-0400] {subprocess.py:93} INFO - -rw-r--r--@  1 gaurav  staff      1673 Apr 21 12:38 fastapi_ml_monitoring_dashboard.json
[2025-04-21T16:56:08.161-0400] {subprocess.py:93} INFO - -rw-r--r--@  1 gaurav  staff      1508 Apr 21 00:11 mlflow_utils.py
[2025-04-21T16:56:08.161-0400] {subprocess.py:93} INFO - drwxr-xr-x   5 gaurav  staff       160 Apr 20 23:48 mlruns
[2025-04-21T16:56:08.161-0400] {subprocess.py:93} INFO - -rw-r--r--   1 gaurav  staff       658 Apr 21 16:45 model_results.csv
[2025-04-21T16:56:08.161-0400] {subprocess.py:93} INFO - drwxr-xr-x   9 gaurav  staff       288 Apr 20 21:42 models
[2025-04-21T16:56:08.162-0400] {subprocess.py:93} INFO - drwxr-xr-x   6 gaurav  staff       192 Apr 21 01:06 plots
[2025-04-21T16:56:08.162-0400] {subprocess.py:93} INFO - -rw-r--r--@  1 gaurav  staff       160 Apr 21 13:31 prometheus.yml
[2025-04-21T16:56:08.162-0400] {subprocess.py:93} INFO - -rw-r--r--   1 gaurav  staff       114 Apr 20 21:00 requirements.txt
[2025-04-21T16:56:08.162-0400] {subprocess.py:93} INFO - -rw-r--r--@  1 gaurav  staff       804 Apr 21 01:21 sample_input.json
[2025-04-21T16:56:08.163-0400] {subprocess.py:93} INFO - -rw-r--r--@  1 gaurav  staff      2278 Apr 21 01:06 shap_explain_logreg_svm.py
[2025-04-21T16:56:08.163-0400] {subprocess.py:93} INFO - -rw-r--r--@  1 gaurav  staff      3993 Apr 21 00:11 train.py
[2025-04-21T16:56:08.163-0400] {subprocess.py:93} INFO - drwxr-xr-x   7 gaurav  staff       224 Apr 20 21:39 venv
[2025-04-21T16:56:08.164-0400] {subprocess.py:93} INFO - -rw-r--r--@  1 gaurav  staff    124103 Apr 20 20:16 wdbc.csv
[2025-04-21T16:56:08.164-0400] {subprocess.py:97} INFO - Command exited with return code 0
[2025-04-21T16:56:08.179-0400] {taskinstance.py:1138} INFO - Marking task as SUCCESS. dag_id=breast_cancer_weekly_retrain, task_id=ingest_data, execution_date=20250413T000000, start_date=20250421T205607, end_date=20250421T205608
[2025-04-21T16:56:08.220-0400] {local_task_job_runner.py:234} INFO - Task exited with return code 0
[2025-04-21T16:56:08.234-0400] {taskinstance.py:3280} INFO - 1 downstream tasks scheduled from follow-on schedule check
